[2025-10-29T17:18:06.097+0000] {local_task_job_runner.py:120} INFO - ::group::Pre task execution logs
[2025-10-29T17:18:06.105+0000] {taskinstance.py:2076} INFO - Dependencies all met for dep_context=non-requeueable deps ti=<TaskInstance: openphish_ingest.openphish_fetch_normalize_bronze scheduled__2025-10-22T00:00:00+00:00 [queued]>
[2025-10-29T17:18:06.106+0000] {taskinstance.py:2076} INFO - Dependencies all met for dep_context=requeueable deps ti=<TaskInstance: openphish_ingest.openphish_fetch_normalize_bronze scheduled__2025-10-22T00:00:00+00:00 [queued]>
[2025-10-29T17:18:06.107+0000] {taskinstance.py:2306} INFO - Starting attempt 1 of 2
[2025-10-29T17:18:06.110+0000] {taskinstance.py:2330} INFO - Executing <Task(PythonOperator): openphish_fetch_normalize_bronze> on 2025-10-22 00:00:00+00:00
[2025-10-29T17:18:06.113+0000] {warnings.py:112} WARNING - /home/airflow/.local/lib/python3.12/site-packages/airflow/task/task_runner/standard_task_runner.py:62: DeprecationWarning: This process (pid=2861) is multi-threaded, use of fork() may lead to deadlocks in the child.
  pid = os.fork()

[2025-10-29T17:18:06.113+0000] {standard_task_runner.py:64} INFO - Started process 2882 to run task
[2025-10-29T17:18:06.114+0000] {standard_task_runner.py:90} INFO - Running: ['airflow', 'tasks', 'run', 'openphish_ingest', 'openphish_fetch_normalize_bronze', 'scheduled__2025-10-22T00:00:00+00:00', '--job-id', '102', '--raw', '--subdir', 'DAGS_FOLDER/openphish_ingest.py', '--cfg-path', '/tmp/tmpqpm97m6n']
[2025-10-29T17:18:06.114+0000] {standard_task_runner.py:91} INFO - Job 102: Subtask openphish_fetch_normalize_bronze
[2025-10-29T17:18:06.126+0000] {task_command.py:426} INFO - Running <TaskInstance: openphish_ingest.openphish_fetch_normalize_bronze scheduled__2025-10-22T00:00:00+00:00 [running]> on host 109bbc934e0f
[2025-10-29T17:18:06.146+0000] {taskinstance.py:2648} INFO - Exporting env vars: AIRFLOW_CTX_DAG_OWNER='you' AIRFLOW_CTX_DAG_ID='openphish_ingest' AIRFLOW_CTX_TASK_ID='openphish_fetch_normalize_bronze' AIRFLOW_CTX_EXECUTION_DATE='2025-10-22T00:00:00+00:00' AIRFLOW_CTX_TRY_NUMBER='1' AIRFLOW_CTX_DAG_RUN_ID='scheduled__2025-10-22T00:00:00+00:00'
[2025-10-29T17:18:06.146+0000] {taskinstance.py:430} INFO - ::endgroup::
[2025-10-29T17:18:06.813+0000] {logging_mixin.py:188} INFO - [openphish_ingest] rows after normalize: 300
[2025-10-29T17:18:06.819+0000] {logging_mixin.py:188} INFO - [openphish] rows after normalize: 300
[2025-10-29T17:18:06.836+0000] {python.py:237} INFO - Done. Returned value was: None
[2025-10-29T17:18:06.836+0000] {taskinstance.py:441} INFO - ::group::Post task execution logs
[2025-10-29T17:18:06.839+0000] {taskinstance.py:1206} INFO - Marking task as SUCCESS. dag_id=openphish_ingest, task_id=openphish_fetch_normalize_bronze, run_id=scheduled__2025-10-22T00:00:00+00:00, execution_date=20251022T000000, start_date=20251029T171806, end_date=20251029T171806
[2025-10-29T17:18:06.862+0000] {local_task_job_runner.py:243} INFO - Task exited with return code 0
[2025-10-29T17:18:06.868+0000] {taskinstance.py:3503} INFO - 0 downstream tasks scheduled from follow-on schedule check
[2025-10-29T17:18:06.868+0000] {local_task_job_runner.py:222} INFO - ::endgroup::
[2025-10-29T18:16:42.585+0000] {local_task_job_runner.py:120} INFO - ::group::Pre task execution logs
[2025-10-29T18:16:42.594+0000] {taskinstance.py:2076} INFO - Dependencies all met for dep_context=non-requeueable deps ti=<TaskInstance: openphish_ingest.openphish_fetch_normalize_bronze scheduled__2025-10-22T00:00:00+00:00 [queued]>
[2025-10-29T18:16:42.596+0000] {taskinstance.py:2076} INFO - Dependencies all met for dep_context=requeueable deps ti=<TaskInstance: openphish_ingest.openphish_fetch_normalize_bronze scheduled__2025-10-22T00:00:00+00:00 [queued]>
[2025-10-29T18:16:42.596+0000] {taskinstance.py:2306} INFO - Starting attempt 1 of 2
[2025-10-29T18:16:42.601+0000] {taskinstance.py:2330} INFO - Executing <Task(PythonOperator): openphish_fetch_normalize_bronze> on 2025-10-22 00:00:00+00:00
[2025-10-29T18:16:42.605+0000] {warnings.py:112} WARNING - /home/airflow/.local/lib/python3.12/site-packages/airflow/task/task_runner/standard_task_runner.py:62: DeprecationWarning: This process (pid=6441) is multi-threaded, use of fork() may lead to deadlocks in the child.
  pid = os.fork()

[2025-10-29T18:16:42.606+0000] {standard_task_runner.py:64} INFO - Started process 6462 to run task
[2025-10-29T18:16:42.606+0000] {standard_task_runner.py:90} INFO - Running: ['airflow', 'tasks', 'run', 'openphish_ingest', 'openphish_fetch_normalize_bronze', 'scheduled__2025-10-22T00:00:00+00:00', '--job-id', '254', '--raw', '--subdir', 'DAGS_FOLDER/openphish_ingest.py', '--cfg-path', '/tmp/tmprgr6chmm']
[2025-10-29T18:16:42.607+0000] {standard_task_runner.py:91} INFO - Job 254: Subtask openphish_fetch_normalize_bronze
[2025-10-29T18:16:42.622+0000] {task_command.py:426} INFO - Running <TaskInstance: openphish_ingest.openphish_fetch_normalize_bronze scheduled__2025-10-22T00:00:00+00:00 [running]> on host 9a4b1d75930e
[2025-10-29T18:16:42.648+0000] {taskinstance.py:2648} INFO - Exporting env vars: AIRFLOW_CTX_DAG_OWNER='you' AIRFLOW_CTX_DAG_ID='openphish_ingest' AIRFLOW_CTX_TASK_ID='openphish_fetch_normalize_bronze' AIRFLOW_CTX_EXECUTION_DATE='2025-10-22T00:00:00+00:00' AIRFLOW_CTX_TRY_NUMBER='1' AIRFLOW_CTX_DAG_RUN_ID='scheduled__2025-10-22T00:00:00+00:00'
[2025-10-29T18:16:42.649+0000] {taskinstance.py:430} INFO - ::endgroup::
[2025-10-29T18:16:43.306+0000] {logging_mixin.py:188} INFO - [openphish_ingest] rows after normalize: 300
[2025-10-29T18:16:43.310+0000] {logging_mixin.py:188} INFO - [openphish] rows after normalize: 300
[2025-10-29T18:16:43.324+0000] {python.py:237} INFO - Done. Returned value was: None
[2025-10-29T18:16:43.324+0000] {taskinstance.py:441} INFO - ::group::Post task execution logs
[2025-10-29T18:16:43.326+0000] {taskinstance.py:1206} INFO - Marking task as SUCCESS. dag_id=openphish_ingest, task_id=openphish_fetch_normalize_bronze, run_id=scheduled__2025-10-22T00:00:00+00:00, execution_date=20251022T000000, start_date=20251029T181642, end_date=20251029T181643
[2025-10-29T18:16:43.352+0000] {local_task_job_runner.py:243} INFO - Task exited with return code 0
[2025-10-29T18:16:43.358+0000] {taskinstance.py:3503} INFO - 0 downstream tasks scheduled from follow-on schedule check
[2025-10-29T18:16:43.358+0000] {local_task_job_runner.py:222} INFO - ::endgroup::
