[2025-11-12T19:50:56.657+0000] {local_task_job_runner.py:120} INFO - ::group::Pre task execution logs
[2025-11-12T19:50:56.666+0000] {taskinstance.py:2076} INFO - Dependencies all met for dep_context=non-requeueable deps ti=<TaskInstance: misp_osint_ingest.misp_osint_fetch manual__2025-11-12T19:50:48.199578+00:00 [queued]>
[2025-11-12T19:50:56.667+0000] {taskinstance.py:2076} INFO - Dependencies all met for dep_context=requeueable deps ti=<TaskInstance: misp_osint_ingest.misp_osint_fetch manual__2025-11-12T19:50:48.199578+00:00 [queued]>
[2025-11-12T19:50:56.667+0000] {taskinstance.py:2306} INFO - Starting attempt 1 of 1
[2025-11-12T19:50:56.672+0000] {taskinstance.py:2330} INFO - Executing <Task(PythonOperator): misp_osint_fetch> on 2025-11-12 19:50:48.199578+00:00
[2025-11-12T19:50:56.675+0000] {standard_task_runner.py:90} INFO - Running: ['airflow', 'tasks', 'run', 'misp_osint_ingest', 'misp_osint_fetch', 'manual__2025-11-12T19:50:48.199578+00:00', '--job-id', '21', '--raw', '--subdir', 'DAGS_FOLDER/misp_osint_ingest.py', '--cfg-path', '/tmp/tmpg9xz9ptz']
[2025-11-12T19:50:56.676+0000] {standard_task_runner.py:91} INFO - Job 21: Subtask misp_osint_fetch
[2025-11-12T19:50:56.676+0000] {logging_mixin.py:188} WARNING - /home/airflow/.local/lib/python3.12/site-packages/airflow/task/task_runner/standard_task_runner.py:62 DeprecationWarning: This process (pid=9668) is multi-threaded, use of fork() may lead to deadlocks in the child.
[2025-11-12T19:50:56.678+0000] {standard_task_runner.py:64} INFO - Started process 9679 to run task
[2025-11-12T19:50:56.688+0000] {task_command.py:426} INFO - Running <TaskInstance: misp_osint_ingest.misp_osint_fetch manual__2025-11-12T19:50:48.199578+00:00 [running]> on host 1fd82182dcce
[2025-11-12T19:50:56.708+0000] {taskinstance.py:2648} INFO - Exporting env vars: AIRFLOW_CTX_DAG_OWNER='you' AIRFLOW_CTX_DAG_ID='misp_osint_ingest' AIRFLOW_CTX_TASK_ID='misp_osint_fetch' AIRFLOW_CTX_EXECUTION_DATE='2025-11-12T19:50:48.199578+00:00' AIRFLOW_CTX_TRY_NUMBER='1' AIRFLOW_CTX_DAG_RUN_ID='manual__2025-11-12T19:50:48.199578+00:00'
[2025-11-12T19:50:56.708+0000] {taskinstance.py:430} INFO - ::endgroup::
[2025-11-12T20:21:01.264+0000] {logging_mixin.py:188} INFO - [misp_osint] error on https://www.circl.lu/doc/misp/feed-osint/68690840-5104-4c1a-9223-6d0a35c52704.json: HTTPSConnectionPool(host='www.circl.lu', port=443): Read timed out.
[2025-11-12T20:28:43.479+0000] {logging_mixin.py:188} INFO - [misp_osint] error on https://www.circl.lu/doc/misp/feed-osint/c8a8758f-aa63-41c9-8119-804434dab957.json: HTTPSConnectionPool(host='www.circl.lu', port=443): Read timed out.
[2025-11-12T20:30:32.056+0000] {logging_mixin.py:188} INFO - [misp_osint] ds=2025-11-12 index_rows=1580 matched_today=100 rows_extracted=4486 file_errors=2
[2025-11-12T20:30:32.098+0000] {logging_mixin.py:188} INFO - [misp_osint] wrote 4486 rows -> /opt/airflow/silver/misp_osint/ingest_date=2025-11-12/misp_osint.parquet
[2025-11-12T20:30:32.101+0000] {python.py:237} INFO - Done. Returned value was: None
[2025-11-12T20:30:32.101+0000] {taskinstance.py:441} INFO - ::group::Post task execution logs
[2025-11-12T20:30:32.106+0000] {taskinstance.py:1206} INFO - Marking task as SUCCESS. dag_id=misp_osint_ingest, task_id=misp_osint_fetch, run_id=manual__2025-11-12T19:50:48.199578+00:00, execution_date=20251112T195048, start_date=20251112T195056, end_date=20251112T203032
[2025-11-12T20:30:32.164+0000] {local_task_job_runner.py:243} INFO - Task exited with return code 0
[2025-11-12T20:30:32.172+0000] {taskinstance.py:3503} INFO - 0 downstream tasks scheduled from follow-on schedule check
[2025-11-12T20:30:32.173+0000] {local_task_job_runner.py:222} INFO - ::endgroup::
