[2025-10-07T00:51:04.200+0000] {processor.py:161} INFO - Started process (PID=18205) to work on /opt/airflow/dags/openphish_silver.py
[2025-10-07T00:51:04.200+0000] {processor.py:830} INFO - Processing file /opt/airflow/dags/openphish_silver.py for tasks to queue
[2025-10-07T00:51:04.201+0000] {logging_mixin.py:188} INFO - [2025-10-07T00:51:04.201+0000] {dagbag.py:545} INFO - Filling up the DagBag from /opt/airflow/dags/openphish_silver.py
[2025-10-07T00:51:04.404+0000] {processor.py:840} INFO - DAG(s) 'openphish_silver' retrieved from /opt/airflow/dags/openphish_silver.py
[2025-10-07T00:51:04.416+0000] {logging_mixin.py:188} INFO - [2025-10-07T00:51:04.416+0000] {dag.py:3089} INFO - Sync 1 DAGs
[2025-10-07T00:51:04.424+0000] {logging_mixin.py:188} INFO - [2025-10-07T00:51:04.424+0000] {dag.py:3947} INFO - Setting next_dagrun for openphish_silver to 2025-10-07 00:00:00+00:00, run_after=2025-10-08 00:00:00+00:00
[2025-10-07T00:51:04.431+0000] {processor.py:183} INFO - Processing /opt/airflow/dags/openphish_silver.py took 0.238 seconds
[2025-10-07T00:51:35.211+0000] {processor.py:161} INFO - Started process (PID=18236) to work on /opt/airflow/dags/openphish_silver.py
[2025-10-07T00:51:35.212+0000] {processor.py:830} INFO - Processing file /opt/airflow/dags/openphish_silver.py for tasks to queue
[2025-10-07T00:51:35.213+0000] {logging_mixin.py:188} INFO - [2025-10-07T00:51:35.213+0000] {dagbag.py:545} INFO - Filling up the DagBag from /opt/airflow/dags/openphish_silver.py
[2025-10-07T00:51:35.413+0000] {processor.py:840} INFO - DAG(s) 'openphish_silver' retrieved from /opt/airflow/dags/openphish_silver.py
[2025-10-07T00:51:35.427+0000] {logging_mixin.py:188} INFO - [2025-10-07T00:51:35.426+0000] {dag.py:3089} INFO - Sync 1 DAGs
[2025-10-07T00:51:35.435+0000] {logging_mixin.py:188} INFO - [2025-10-07T00:51:35.435+0000] {dag.py:3947} INFO - Setting next_dagrun for openphish_silver to 2025-10-07 00:00:00+00:00, run_after=2025-10-08 00:00:00+00:00
[2025-10-07T00:51:35.445+0000] {processor.py:183} INFO - Processing /opt/airflow/dags/openphish_silver.py took 0.239 seconds
[2025-10-07T00:52:06.410+0000] {processor.py:161} INFO - Started process (PID=18267) to work on /opt/airflow/dags/openphish_silver.py
[2025-10-07T00:52:06.412+0000] {processor.py:830} INFO - Processing file /opt/airflow/dags/openphish_silver.py for tasks to queue
[2025-10-07T00:52:06.413+0000] {logging_mixin.py:188} INFO - [2025-10-07T00:52:06.412+0000] {dagbag.py:545} INFO - Filling up the DagBag from /opt/airflow/dags/openphish_silver.py
[2025-10-07T00:52:06.690+0000] {processor.py:840} INFO - DAG(s) 'openphish_silver' retrieved from /opt/airflow/dags/openphish_silver.py
[2025-10-07T00:52:06.701+0000] {logging_mixin.py:188} INFO - [2025-10-07T00:52:06.701+0000] {dag.py:3089} INFO - Sync 1 DAGs
[2025-10-07T00:52:06.712+0000] {logging_mixin.py:188} INFO - [2025-10-07T00:52:06.711+0000] {dag.py:3947} INFO - Setting next_dagrun for openphish_silver to 2025-10-07 00:00:00+00:00, run_after=2025-10-08 00:00:00+00:00
[2025-10-07T00:52:06.721+0000] {processor.py:183} INFO - Processing /opt/airflow/dags/openphish_silver.py took 0.317 seconds
[2025-10-07T00:52:36.995+0000] {processor.py:161} INFO - Started process (PID=18298) to work on /opt/airflow/dags/openphish_silver.py
[2025-10-07T00:52:36.996+0000] {processor.py:830} INFO - Processing file /opt/airflow/dags/openphish_silver.py for tasks to queue
[2025-10-07T00:52:36.997+0000] {logging_mixin.py:188} INFO - [2025-10-07T00:52:36.997+0000] {dagbag.py:545} INFO - Filling up the DagBag from /opt/airflow/dags/openphish_silver.py
[2025-10-07T00:52:37.223+0000] {processor.py:840} INFO - DAG(s) 'openphish_silver' retrieved from /opt/airflow/dags/openphish_silver.py
[2025-10-07T00:52:37.243+0000] {logging_mixin.py:188} INFO - [2025-10-07T00:52:37.242+0000] {dag.py:3089} INFO - Sync 1 DAGs
[2025-10-07T00:52:37.264+0000] {logging_mixin.py:188} INFO - [2025-10-07T00:52:37.263+0000] {dag.py:3947} INFO - Setting next_dagrun for openphish_silver to 2025-10-07 00:00:00+00:00, run_after=2025-10-08 00:00:00+00:00
[2025-10-07T00:52:37.318+0000] {processor.py:183} INFO - Processing /opt/airflow/dags/openphish_silver.py took 0.327 seconds
[2025-10-07T00:53:08.286+0000] {processor.py:161} INFO - Started process (PID=18329) to work on /opt/airflow/dags/openphish_silver.py
[2025-10-07T00:53:08.288+0000] {processor.py:830} INFO - Processing file /opt/airflow/dags/openphish_silver.py for tasks to queue
[2025-10-07T00:53:08.289+0000] {logging_mixin.py:188} INFO - [2025-10-07T00:53:08.288+0000] {dagbag.py:545} INFO - Filling up the DagBag from /opt/airflow/dags/openphish_silver.py
[2025-10-07T00:53:08.534+0000] {processor.py:840} INFO - DAG(s) 'openphish_silver' retrieved from /opt/airflow/dags/openphish_silver.py
[2025-10-07T00:53:08.546+0000] {logging_mixin.py:188} INFO - [2025-10-07T00:53:08.546+0000] {dag.py:3089} INFO - Sync 1 DAGs
[2025-10-07T00:53:08.555+0000] {logging_mixin.py:188} INFO - [2025-10-07T00:53:08.555+0000] {dag.py:3947} INFO - Setting next_dagrun for openphish_silver to 2025-10-07 00:00:00+00:00, run_after=2025-10-08 00:00:00+00:00
[2025-10-07T00:53:08.565+0000] {processor.py:183} INFO - Processing /opt/airflow/dags/openphish_silver.py took 0.284 seconds
[2025-10-07T00:53:39.474+0000] {processor.py:161} INFO - Started process (PID=18360) to work on /opt/airflow/dags/openphish_silver.py
[2025-10-07T00:53:39.475+0000] {processor.py:830} INFO - Processing file /opt/airflow/dags/openphish_silver.py for tasks to queue
[2025-10-07T00:53:39.476+0000] {logging_mixin.py:188} INFO - [2025-10-07T00:53:39.475+0000] {dagbag.py:545} INFO - Filling up the DagBag from /opt/airflow/dags/openphish_silver.py
[2025-10-07T00:53:39.635+0000] {processor.py:840} INFO - DAG(s) 'openphish_silver' retrieved from /opt/airflow/dags/openphish_silver.py
[2025-10-07T00:53:39.666+0000] {logging_mixin.py:188} INFO - [2025-10-07T00:53:39.664+0000] {dag.py:3089} INFO - Sync 1 DAGs
[2025-10-07T00:53:39.694+0000] {logging_mixin.py:188} INFO - [2025-10-07T00:53:39.694+0000] {dag.py:3947} INFO - Setting next_dagrun for openphish_silver to 2025-10-07 00:00:00+00:00, run_after=2025-10-08 00:00:00+00:00
[2025-10-07T00:53:39.713+0000] {processor.py:183} INFO - Processing /opt/airflow/dags/openphish_silver.py took 0.243 seconds
[2025-10-07T00:54:10.139+0000] {processor.py:161} INFO - Started process (PID=18391) to work on /opt/airflow/dags/openphish_silver.py
[2025-10-07T00:54:10.140+0000] {processor.py:830} INFO - Processing file /opt/airflow/dags/openphish_silver.py for tasks to queue
[2025-10-07T00:54:10.141+0000] {logging_mixin.py:188} INFO - [2025-10-07T00:54:10.140+0000] {dagbag.py:545} INFO - Filling up the DagBag from /opt/airflow/dags/openphish_silver.py
[2025-10-07T00:54:10.314+0000] {processor.py:840} INFO - DAG(s) 'openphish_silver' retrieved from /opt/airflow/dags/openphish_silver.py
[2025-10-07T00:54:10.325+0000] {logging_mixin.py:188} INFO - [2025-10-07T00:54:10.325+0000] {dag.py:3089} INFO - Sync 1 DAGs
[2025-10-07T00:54:10.336+0000] {logging_mixin.py:188} INFO - [2025-10-07T00:54:10.336+0000] {dag.py:3947} INFO - Setting next_dagrun for openphish_silver to 2025-10-07 00:00:00+00:00, run_after=2025-10-08 00:00:00+00:00
[2025-10-07T00:54:10.344+0000] {processor.py:183} INFO - Processing /opt/airflow/dags/openphish_silver.py took 0.210 seconds
[2025-10-07T00:54:40.666+0000] {processor.py:161} INFO - Started process (PID=18422) to work on /opt/airflow/dags/openphish_silver.py
[2025-10-07T00:54:40.667+0000] {processor.py:830} INFO - Processing file /opt/airflow/dags/openphish_silver.py for tasks to queue
[2025-10-07T00:54:40.668+0000] {logging_mixin.py:188} INFO - [2025-10-07T00:54:40.668+0000] {dagbag.py:545} INFO - Filling up the DagBag from /opt/airflow/dags/openphish_silver.py
[2025-10-07T00:54:40.831+0000] {processor.py:840} INFO - DAG(s) 'openphish_silver' retrieved from /opt/airflow/dags/openphish_silver.py
[2025-10-07T00:54:40.841+0000] {logging_mixin.py:188} INFO - [2025-10-07T00:54:40.841+0000] {dag.py:3089} INFO - Sync 1 DAGs
[2025-10-07T00:54:40.850+0000] {logging_mixin.py:188} INFO - [2025-10-07T00:54:40.850+0000] {dag.py:3947} INFO - Setting next_dagrun for openphish_silver to 2025-10-07 00:00:00+00:00, run_after=2025-10-08 00:00:00+00:00
[2025-10-07T00:54:40.858+0000] {processor.py:183} INFO - Processing /opt/airflow/dags/openphish_silver.py took 0.196 seconds
[2025-10-07T00:55:11.873+0000] {processor.py:161} INFO - Started process (PID=18453) to work on /opt/airflow/dags/openphish_silver.py
[2025-10-07T00:55:11.875+0000] {processor.py:830} INFO - Processing file /opt/airflow/dags/openphish_silver.py for tasks to queue
[2025-10-07T00:55:11.876+0000] {logging_mixin.py:188} INFO - [2025-10-07T00:55:11.875+0000] {dagbag.py:545} INFO - Filling up the DagBag from /opt/airflow/dags/openphish_silver.py
[2025-10-07T00:55:12.057+0000] {processor.py:840} INFO - DAG(s) 'openphish_silver' retrieved from /opt/airflow/dags/openphish_silver.py
[2025-10-07T00:55:12.066+0000] {logging_mixin.py:188} INFO - [2025-10-07T00:55:12.065+0000] {dag.py:3089} INFO - Sync 1 DAGs
[2025-10-07T00:55:12.073+0000] {logging_mixin.py:188} INFO - [2025-10-07T00:55:12.073+0000] {dag.py:3947} INFO - Setting next_dagrun for openphish_silver to 2025-10-07 00:00:00+00:00, run_after=2025-10-08 00:00:00+00:00
[2025-10-07T00:55:12.080+0000] {processor.py:183} INFO - Processing /opt/airflow/dags/openphish_silver.py took 0.212 seconds
[2025-10-07T00:55:42.839+0000] {processor.py:161} INFO - Started process (PID=18484) to work on /opt/airflow/dags/openphish_silver.py
[2025-10-07T00:55:42.841+0000] {processor.py:830} INFO - Processing file /opt/airflow/dags/openphish_silver.py for tasks to queue
[2025-10-07T00:55:42.843+0000] {logging_mixin.py:188} INFO - [2025-10-07T00:55:42.841+0000] {dagbag.py:545} INFO - Filling up the DagBag from /opt/airflow/dags/openphish_silver.py
[2025-10-07T00:55:43.094+0000] {processor.py:840} INFO - DAG(s) 'openphish_silver' retrieved from /opt/airflow/dags/openphish_silver.py
[2025-10-07T00:55:43.120+0000] {logging_mixin.py:188} INFO - [2025-10-07T00:55:43.119+0000] {dag.py:3089} INFO - Sync 1 DAGs
[2025-10-07T00:55:43.131+0000] {logging_mixin.py:188} INFO - [2025-10-07T00:55:43.131+0000] {dag.py:3947} INFO - Setting next_dagrun for openphish_silver to 2025-10-07 00:00:00+00:00, run_after=2025-10-08 00:00:00+00:00
[2025-10-07T00:55:43.144+0000] {processor.py:183} INFO - Processing /opt/airflow/dags/openphish_silver.py took 0.311 seconds
[2025-10-07T00:56:14.120+0000] {processor.py:161} INFO - Started process (PID=18515) to work on /opt/airflow/dags/openphish_silver.py
[2025-10-07T00:56:14.122+0000] {processor.py:830} INFO - Processing file /opt/airflow/dags/openphish_silver.py for tasks to queue
[2025-10-07T00:56:14.122+0000] {logging_mixin.py:188} INFO - [2025-10-07T00:56:14.122+0000] {dagbag.py:545} INFO - Filling up the DagBag from /opt/airflow/dags/openphish_silver.py
[2025-10-07T00:56:14.367+0000] {processor.py:840} INFO - DAG(s) 'openphish_silver' retrieved from /opt/airflow/dags/openphish_silver.py
[2025-10-07T00:56:14.379+0000] {logging_mixin.py:188} INFO - [2025-10-07T00:56:14.378+0000] {dag.py:3089} INFO - Sync 1 DAGs
[2025-10-07T00:56:14.397+0000] {logging_mixin.py:188} INFO - [2025-10-07T00:56:14.397+0000] {dag.py:3947} INFO - Setting next_dagrun for openphish_silver to 2025-10-07 00:00:00+00:00, run_after=2025-10-08 00:00:00+00:00
[2025-10-07T00:56:14.409+0000] {processor.py:183} INFO - Processing /opt/airflow/dags/openphish_silver.py took 0.294 seconds
[2025-10-07T00:56:45.106+0000] {processor.py:161} INFO - Started process (PID=18546) to work on /opt/airflow/dags/openphish_silver.py
[2025-10-07T00:56:45.108+0000] {processor.py:830} INFO - Processing file /opt/airflow/dags/openphish_silver.py for tasks to queue
[2025-10-07T00:56:45.109+0000] {logging_mixin.py:188} INFO - [2025-10-07T00:56:45.109+0000] {dagbag.py:545} INFO - Filling up the DagBag from /opt/airflow/dags/openphish_silver.py
[2025-10-07T00:56:45.384+0000] {processor.py:840} INFO - DAG(s) 'openphish_silver' retrieved from /opt/airflow/dags/openphish_silver.py
[2025-10-07T00:56:45.398+0000] {logging_mixin.py:188} INFO - [2025-10-07T00:56:45.398+0000] {dag.py:3089} INFO - Sync 1 DAGs
[2025-10-07T00:56:45.411+0000] {logging_mixin.py:188} INFO - [2025-10-07T00:56:45.411+0000] {dag.py:3947} INFO - Setting next_dagrun for openphish_silver to 2025-10-07 00:00:00+00:00, run_after=2025-10-08 00:00:00+00:00
[2025-10-07T00:56:45.429+0000] {processor.py:183} INFO - Processing /opt/airflow/dags/openphish_silver.py took 0.328 seconds
[2025-10-07T00:57:16.387+0000] {processor.py:161} INFO - Started process (PID=18577) to work on /opt/airflow/dags/openphish_silver.py
[2025-10-07T00:57:16.390+0000] {processor.py:830} INFO - Processing file /opt/airflow/dags/openphish_silver.py for tasks to queue
[2025-10-07T00:57:16.392+0000] {logging_mixin.py:188} INFO - [2025-10-07T00:57:16.391+0000] {dagbag.py:545} INFO - Filling up the DagBag from /opt/airflow/dags/openphish_silver.py
[2025-10-07T00:57:16.729+0000] {processor.py:840} INFO - DAG(s) 'openphish_silver' retrieved from /opt/airflow/dags/openphish_silver.py
[2025-10-07T00:57:16.747+0000] {logging_mixin.py:188} INFO - [2025-10-07T00:57:16.747+0000] {dag.py:3089} INFO - Sync 1 DAGs
[2025-10-07T00:57:16.757+0000] {logging_mixin.py:188} INFO - [2025-10-07T00:57:16.757+0000] {dag.py:3947} INFO - Setting next_dagrun for openphish_silver to 2025-10-07 00:00:00+00:00, run_after=2025-10-08 00:00:00+00:00
[2025-10-07T00:57:16.769+0000] {processor.py:183} INFO - Processing /opt/airflow/dags/openphish_silver.py took 0.389 seconds
