[2025-11-13T01:25:28.335+0000] {local_task_job_runner.py:120} INFO - ::group::Pre task execution logs
[2025-11-13T01:25:28.343+0000] {taskinstance.py:2076} INFO - Dependencies all met for dep_context=non-requeueable deps ti=<TaskInstance: pipeline_orchestrator.lookups.dns_ip_geo manual__2025-11-12T00:00:00+00:00 [queued]>
[2025-11-13T01:25:28.344+0000] {taskinstance.py:2076} INFO - Dependencies all met for dep_context=requeueable deps ti=<TaskInstance: pipeline_orchestrator.lookups.dns_ip_geo manual__2025-11-12T00:00:00+00:00 [queued]>
[2025-11-13T01:25:28.344+0000] {taskinstance.py:2306} INFO - Starting attempt 1 of 1
[2025-11-13T01:25:28.348+0000] {taskinstance.py:2330} INFO - Executing <Task(TriggerDagRunOperator): lookups.dns_ip_geo> on 2025-11-12 00:00:00+00:00
[2025-11-13T01:25:28.350+0000] {standard_task_runner.py:64} INFO - Started process 11570 to run task
[2025-11-13T01:25:28.351+0000] {standard_task_runner.py:90} INFO - Running: ['airflow', 'tasks', 'run', 'pipeline_orchestrator', 'lookups.dns_ip_geo', 'manual__2025-11-12T00:00:00+00:00', '--job-id', '45', '--raw', '--subdir', 'DAGS_FOLDER/pipeline_orchestrator.py', '--cfg-path', '/tmp/tmpgvexikb_']
[2025-11-13T01:25:28.352+0000] {standard_task_runner.py:91} INFO - Job 45: Subtask lookups.dns_ip_geo
[2025-11-13T01:25:28.363+0000] {task_command.py:426} INFO - Running <TaskInstance: pipeline_orchestrator.lookups.dns_ip_geo manual__2025-11-12T00:00:00+00:00 [running]> on host 1fd82182dcce
[2025-11-13T01:25:28.433+0000] {taskinstance.py:2648} INFO - Exporting env vars: AIRFLOW_CTX_DAG_OWNER='airflow' AIRFLOW_CTX_DAG_ID='pipeline_orchestrator' AIRFLOW_CTX_TASK_ID='lookups.dns_ip_geo' AIRFLOW_CTX_EXECUTION_DATE='2025-11-12T00:00:00+00:00' AIRFLOW_CTX_TRY_NUMBER='1' AIRFLOW_CTX_DAG_RUN_ID='manual__2025-11-12T00:00:00+00:00'
[2025-11-13T01:25:28.433+0000] {taskinstance.py:430} INFO - ::endgroup::
[2025-11-13T01:25:28.451+0000] {taskinstance.py:441} INFO - ::group::Post task execution logs
[2025-11-13T01:25:28.451+0000] {crypto.py:82} WARNING - empty cryptography key - values will not be stored encrypted.
[2025-11-13T01:25:28.452+0000] {taskinstance.py:2489} INFO - Pausing task as DEFERRED. dag_id=pipeline_orchestrator, task_id=lookups.dns_ip_geo, run_id=manual__2025-11-12T00:00:00+00:00, execution_date=20251112T000000, start_date=20251113T012528
[2025-11-13T01:25:28.457+0000] {local_task_job_runner.py:237} INFO - Task exited with return code 100 (task deferral)
[2025-11-13T01:25:28.457+0000] {local_task_job_runner.py:222} INFO - ::endgroup::
[2025-11-13T01:38:31.337+0000] {local_task_job_runner.py:120} INFO - ::group::Pre task execution logs
[2025-11-13T01:38:31.348+0000] {taskinstance.py:2076} INFO - Dependencies all met for dep_context=non-requeueable deps ti=<TaskInstance: pipeline_orchestrator.lookups.dns_ip_geo manual__2025-11-12T00:00:00+00:00 [queued]>
[2025-11-13T01:38:31.350+0000] {taskinstance.py:2076} INFO - Dependencies all met for dep_context=requeueable deps ti=<TaskInstance: pipeline_orchestrator.lookups.dns_ip_geo manual__2025-11-12T00:00:00+00:00 [queued]>
[2025-11-13T01:38:31.350+0000] {taskinstance.py:2304} INFO - Resuming after deferral
[2025-11-13T01:38:31.355+0000] {taskinstance.py:2330} INFO - Executing <Task(TriggerDagRunOperator): lookups.dns_ip_geo> on 2025-11-12 00:00:00+00:00
[2025-11-13T01:38:31.358+0000] {standard_task_runner.py:64} INFO - Started process 12261 to run task
[2025-11-13T01:38:31.359+0000] {standard_task_runner.py:90} INFO - Running: ['airflow', 'tasks', 'run', 'pipeline_orchestrator', 'lookups.dns_ip_geo', 'manual__2025-11-12T00:00:00+00:00', '--job-id', '52', '--raw', '--subdir', 'DAGS_FOLDER/pipeline_orchestrator.py', '--cfg-path', '/tmp/tmpov6n19c5']
[2025-11-13T01:38:31.360+0000] {standard_task_runner.py:91} INFO - Job 52: Subtask lookups.dns_ip_geo
[2025-11-13T01:38:31.372+0000] {task_command.py:426} INFO - Running <TaskInstance: pipeline_orchestrator.lookups.dns_ip_geo manual__2025-11-12T00:00:00+00:00 [running]> on host 1fd82182dcce
[2025-11-13T01:38:31.447+0000] {taskinstance.py:430} INFO - ::endgroup::
[2025-11-13T01:38:31.448+0000] {taskinstance.py:441} INFO - ::group::Post task execution logs
[2025-11-13T01:38:31.449+0000] {taskinstance.py:2905} ERROR - Task failed with exception
Traceback (most recent call last):
  File "/home/airflow/.local/lib/python3.12/site-packages/airflow/models/taskinstance.py", line 465, in _execute_task
    result = _execute_callable(context=context, **execute_callable_kwargs)
             ^^^^^^^^^^^^^^^^^^^^^^^^^^^^^^^^^^^^^^^^^^^^^^^^^^^^^^^^^^^^^
  File "/home/airflow/.local/lib/python3.12/site-packages/airflow/models/taskinstance.py", line 432, in _execute_callable
    return execute_callable(context=context, **execute_callable_kwargs)
           ^^^^^^^^^^^^^^^^^^^^^^^^^^^^^^^^^^^^^^^^^^^^^^^^^^^^^^^^^^^^
  File "/home/airflow/.local/lib/python3.12/site-packages/airflow/models/baseoperator.py", line 1701, in resume_execution
    return execute_callable(context)
           ^^^^^^^^^^^^^^^^^^^^^^^^^
  File "/home/airflow/.local/lib/python3.12/site-packages/airflow/utils/session.py", line 79, in wrapper
    return func(*args, session=session, **kwargs)
           ^^^^^^^^^^^^^^^^^^^^^^^^^^^^^^^^^^^^^^
  File "/home/airflow/.local/lib/python3.12/site-packages/airflow/operators/trigger_dagrun.py", line 260, in execute_complete
    raise AirflowException(f"{self.trigger_dag_id} failed with failed state {state}")
airflow.exceptions.AirflowException: dns_ip_geo_ingest failed with failed state failed
[2025-11-13T01:38:31.450+0000] {taskinstance.py:1206} INFO - Marking task as FAILED. dag_id=pipeline_orchestrator, task_id=lookups.dns_ip_geo, run_id=manual__2025-11-12T00:00:00+00:00, execution_date=20251112T000000, start_date=20251113T012528, end_date=20251113T013831
[2025-11-13T01:38:31.454+0000] {standard_task_runner.py:110} ERROR - Failed to execute job 52 for task lookups.dns_ip_geo (dns_ip_geo_ingest failed with failed state failed; 12261)
[2025-11-13T01:38:31.460+0000] {local_task_job_runner.py:243} INFO - Task exited with return code 1
[2025-11-13T01:38:31.464+0000] {taskinstance.py:3503} INFO - 0 downstream tasks scheduled from follow-on schedule check
[2025-11-13T01:38:31.464+0000] {local_task_job_runner.py:222} INFO - ::endgroup::
