[2025-10-29T17:13:21.300+0000] {local_task_job_runner.py:120} INFO - ::group::Pre task execution logs
[2025-10-29T17:13:21.308+0000] {taskinstance.py:2076} INFO - Dependencies all met for dep_context=non-requeueable deps ti=<TaskInstance: openphish_ingest.openphish_fetch_normalize_bronze scheduled__2025-09-14T00:00:00+00:00 [queued]>
[2025-10-29T17:13:21.309+0000] {taskinstance.py:2076} INFO - Dependencies all met for dep_context=requeueable deps ti=<TaskInstance: openphish_ingest.openphish_fetch_normalize_bronze scheduled__2025-09-14T00:00:00+00:00 [queued]>
[2025-10-29T17:13:21.309+0000] {taskinstance.py:2306} INFO - Starting attempt 1 of 2
[2025-10-29T17:13:21.313+0000] {taskinstance.py:2330} INFO - Executing <Task(PythonOperator): openphish_fetch_normalize_bronze> on 2025-09-14 00:00:00+00:00
[2025-10-29T17:13:21.315+0000] {warnings.py:112} WARNING - /home/airflow/.local/lib/python3.12/site-packages/airflow/task/task_runner/standard_task_runner.py:62: DeprecationWarning: This process (pid=769) is multi-threaded, use of fork() may lead to deadlocks in the child.
  pid = os.fork()

[2025-10-29T17:13:21.316+0000] {standard_task_runner.py:64} INFO - Started process 790 to run task
[2025-10-29T17:13:21.316+0000] {standard_task_runner.py:90} INFO - Running: ['airflow', 'tasks', 'run', 'openphish_ingest', 'openphish_fetch_normalize_bronze', 'scheduled__2025-09-14T00:00:00+00:00', '--job-id', '26', '--raw', '--subdir', 'DAGS_FOLDER/openphish_ingest.py', '--cfg-path', '/tmp/tmp4rl82g8t']
[2025-10-29T17:13:21.317+0000] {standard_task_runner.py:91} INFO - Job 26: Subtask openphish_fetch_normalize_bronze
[2025-10-29T17:13:21.328+0000] {task_command.py:426} INFO - Running <TaskInstance: openphish_ingest.openphish_fetch_normalize_bronze scheduled__2025-09-14T00:00:00+00:00 [running]> on host 109bbc934e0f
[2025-10-29T17:13:21.347+0000] {taskinstance.py:2648} INFO - Exporting env vars: AIRFLOW_CTX_DAG_OWNER='you' AIRFLOW_CTX_DAG_ID='openphish_ingest' AIRFLOW_CTX_TASK_ID='openphish_fetch_normalize_bronze' AIRFLOW_CTX_EXECUTION_DATE='2025-09-14T00:00:00+00:00' AIRFLOW_CTX_TRY_NUMBER='1' AIRFLOW_CTX_DAG_RUN_ID='scheduled__2025-09-14T00:00:00+00:00'
[2025-10-29T17:13:21.347+0000] {taskinstance.py:430} INFO - ::endgroup::
[2025-10-29T17:13:22.007+0000] {logging_mixin.py:188} INFO - [openphish_ingest] rows after normalize: 300
[2025-10-29T17:13:22.012+0000] {logging_mixin.py:188} INFO - [openphish] rows after normalize: 300
[2025-10-29T17:13:22.029+0000] {python.py:237} INFO - Done. Returned value was: None
[2025-10-29T17:13:22.029+0000] {taskinstance.py:441} INFO - ::group::Post task execution logs
[2025-10-29T17:13:22.032+0000] {taskinstance.py:1206} INFO - Marking task as SUCCESS. dag_id=openphish_ingest, task_id=openphish_fetch_normalize_bronze, run_id=scheduled__2025-09-14T00:00:00+00:00, execution_date=20250914T000000, start_date=20251029T171321, end_date=20251029T171322
[2025-10-29T17:13:22.065+0000] {local_task_job_runner.py:243} INFO - Task exited with return code 0
[2025-10-29T17:13:22.073+0000] {taskinstance.py:3503} INFO - 0 downstream tasks scheduled from follow-on schedule check
[2025-10-29T17:13:22.073+0000] {local_task_job_runner.py:222} INFO - ::endgroup::
[2025-10-29T18:09:10.452+0000] {local_task_job_runner.py:120} INFO - ::group::Pre task execution logs
[2025-10-29T18:09:10.460+0000] {taskinstance.py:2076} INFO - Dependencies all met for dep_context=non-requeueable deps ti=<TaskInstance: openphish_ingest.openphish_fetch_normalize_bronze scheduled__2025-09-14T00:00:00+00:00 [queued]>
[2025-10-29T18:09:10.461+0000] {taskinstance.py:2076} INFO - Dependencies all met for dep_context=requeueable deps ti=<TaskInstance: openphish_ingest.openphish_fetch_normalize_bronze scheduled__2025-09-14T00:00:00+00:00 [queued]>
[2025-10-29T18:09:10.462+0000] {taskinstance.py:2306} INFO - Starting attempt 1 of 2
[2025-10-29T18:09:10.465+0000] {taskinstance.py:2330} INFO - Executing <Task(PythonOperator): openphish_fetch_normalize_bronze> on 2025-09-14 00:00:00+00:00
[2025-10-29T18:09:10.468+0000] {warnings.py:112} WARNING - /home/airflow/.local/lib/python3.12/site-packages/airflow/task/task_runner/standard_task_runner.py:62: DeprecationWarning: This process (pid=1755) is multi-threaded, use of fork() may lead to deadlocks in the child.
  pid = os.fork()

[2025-10-29T18:09:10.468+0000] {standard_task_runner.py:64} INFO - Started process 1776 to run task
[2025-10-29T18:09:10.469+0000] {standard_task_runner.py:90} INFO - Running: ['airflow', 'tasks', 'run', 'openphish_ingest', 'openphish_fetch_normalize_bronze', 'scheduled__2025-09-14T00:00:00+00:00', '--job-id', '64', '--raw', '--subdir', 'DAGS_FOLDER/openphish_ingest.py', '--cfg-path', '/tmp/tmp8gv_d4dw']
[2025-10-29T18:09:10.469+0000] {standard_task_runner.py:91} INFO - Job 64: Subtask openphish_fetch_normalize_bronze
[2025-10-29T18:09:10.481+0000] {task_command.py:426} INFO - Running <TaskInstance: openphish_ingest.openphish_fetch_normalize_bronze scheduled__2025-09-14T00:00:00+00:00 [running]> on host 9a4b1d75930e
[2025-10-29T18:09:10.501+0000] {taskinstance.py:2648} INFO - Exporting env vars: AIRFLOW_CTX_DAG_OWNER='you' AIRFLOW_CTX_DAG_ID='openphish_ingest' AIRFLOW_CTX_TASK_ID='openphish_fetch_normalize_bronze' AIRFLOW_CTX_EXECUTION_DATE='2025-09-14T00:00:00+00:00' AIRFLOW_CTX_TRY_NUMBER='1' AIRFLOW_CTX_DAG_RUN_ID='scheduled__2025-09-14T00:00:00+00:00'
[2025-10-29T18:09:10.501+0000] {taskinstance.py:430} INFO - ::endgroup::
[2025-10-29T18:09:11.161+0000] {logging_mixin.py:188} INFO - [openphish_ingest] rows after normalize: 300
[2025-10-29T18:09:11.165+0000] {logging_mixin.py:188} INFO - [openphish] rows after normalize: 300
[2025-10-29T18:09:11.175+0000] {python.py:237} INFO - Done. Returned value was: None
[2025-10-29T18:09:11.175+0000] {taskinstance.py:441} INFO - ::group::Post task execution logs
[2025-10-29T18:09:11.177+0000] {taskinstance.py:1206} INFO - Marking task as SUCCESS. dag_id=openphish_ingest, task_id=openphish_fetch_normalize_bronze, run_id=scheduled__2025-09-14T00:00:00+00:00, execution_date=20250914T000000, start_date=20251029T180910, end_date=20251029T180911
[2025-10-29T18:09:11.208+0000] {local_task_job_runner.py:243} INFO - Task exited with return code 0
[2025-10-29T18:09:11.213+0000] {taskinstance.py:3503} INFO - 0 downstream tasks scheduled from follow-on schedule check
[2025-10-29T18:09:11.214+0000] {local_task_job_runner.py:222} INFO - ::endgroup::
