[2025-11-13T01:23:18.343+0000] {local_task_job_runner.py:120} INFO - ::group::Pre task execution logs
[2025-11-13T01:23:18.350+0000] {taskinstance.py:2076} INFO - Dependencies all met for dep_context=non-requeueable deps ti=<TaskInstance: openphish_silver.openphish_bronze_to_silver manual__2025-11-13T01:23:15.391950+00:00 [queued]>
[2025-11-13T01:23:18.352+0000] {taskinstance.py:2076} INFO - Dependencies all met for dep_context=requeueable deps ti=<TaskInstance: openphish_silver.openphish_bronze_to_silver manual__2025-11-13T01:23:15.391950+00:00 [queued]>
[2025-11-13T01:23:18.352+0000] {taskinstance.py:2306} INFO - Starting attempt 1 of 1
[2025-11-13T01:23:18.356+0000] {taskinstance.py:2330} INFO - Executing <Task(PythonOperator): openphish_bronze_to_silver> on 2025-11-13 01:23:15.391950+00:00
[2025-11-13T01:23:18.360+0000] {logging_mixin.py:188} WARNING - /home/airflow/.local/lib/python3.12/site-packages/airflow/task/task_runner/standard_task_runner.py:62 DeprecationWarning: This process (pid=11259) is multi-threaded, use of fork() may lead to deadlocks in the child.
[2025-11-13T01:23:18.360+0000] {standard_task_runner.py:90} INFO - Running: ['airflow', 'tasks', 'run', 'openphish_silver', 'openphish_bronze_to_silver', 'manual__2025-11-13T01:23:15.391950+00:00', '--job-id', '37', '--raw', '--subdir', 'DAGS_FOLDER/openphish_silver.py', '--cfg-path', '/tmp/tmpfcu5pmvb']
[2025-11-13T01:23:18.361+0000] {standard_task_runner.py:91} INFO - Job 37: Subtask openphish_bronze_to_silver
[2025-11-13T01:23:18.360+0000] {standard_task_runner.py:64} INFO - Started process 11271 to run task
[2025-11-13T01:23:18.371+0000] {task_command.py:426} INFO - Running <TaskInstance: openphish_silver.openphish_bronze_to_silver manual__2025-11-13T01:23:15.391950+00:00 [running]> on host 1fd82182dcce
[2025-11-13T01:23:18.390+0000] {taskinstance.py:2648} INFO - Exporting env vars: AIRFLOW_CTX_DAG_OWNER='you' AIRFLOW_CTX_DAG_ID='openphish_silver' AIRFLOW_CTX_TASK_ID='openphish_bronze_to_silver' AIRFLOW_CTX_EXECUTION_DATE='2025-11-13T01:23:15.391950+00:00' AIRFLOW_CTX_TRY_NUMBER='1' AIRFLOW_CTX_DAG_RUN_ID='manual__2025-11-13T01:23:15.391950+00:00'
[2025-11-13T01:23:18.390+0000] {taskinstance.py:430} INFO - ::endgroup::
[2025-11-13T01:23:18.394+0000] {openphish_silver.py:23} INFO - Overriding ds/ts from dag_run.conf: 2025-11-13,2025-11-13T01:23:15.391950+00:00 -> 2025-11-12,2025-11-12T00:00:00+00:00
[2025-11-13T01:23:18.445+0000] {openphish_silver.py:76} INFO - [openphish_silver] 2025-11-12: wrote 166 rows -> /opt/airflow/silver/openphish/ingest_date=2025-11-12
[2025-11-13T01:23:18.445+0000] {python.py:237} INFO - Done. Returned value was: None
[2025-11-13T01:23:18.445+0000] {taskinstance.py:441} INFO - ::group::Post task execution logs
[2025-11-13T01:23:18.447+0000] {taskinstance.py:1206} INFO - Marking task as SUCCESS. dag_id=openphish_silver, task_id=openphish_bronze_to_silver, run_id=manual__2025-11-13T01:23:15.391950+00:00, execution_date=20251113T012315, start_date=20251113T012318, end_date=20251113T012318
[2025-11-13T01:23:18.465+0000] {local_task_job_runner.py:243} INFO - Task exited with return code 0
[2025-11-13T01:23:18.470+0000] {taskinstance.py:3503} INFO - 0 downstream tasks scheduled from follow-on schedule check
[2025-11-13T01:23:18.470+0000] {local_task_job_runner.py:222} INFO - ::endgroup::
