[2025-10-29T17:17:11.731+0000] {local_task_job_runner.py:120} INFO - ::group::Pre task execution logs
[2025-10-29T17:17:11.739+0000] {taskinstance.py:2076} INFO - Dependencies all met for dep_context=non-requeueable deps ti=<TaskInstance: openphish_ingest.openphish_fetch_normalize_bronze scheduled__2025-10-14T00:00:00+00:00 [queued]>
[2025-10-29T17:17:11.740+0000] {taskinstance.py:2076} INFO - Dependencies all met for dep_context=requeueable deps ti=<TaskInstance: openphish_ingest.openphish_fetch_normalize_bronze scheduled__2025-10-14T00:00:00+00:00 [queued]>
[2025-10-29T17:17:11.740+0000] {taskinstance.py:2306} INFO - Starting attempt 1 of 2
[2025-10-29T17:17:11.744+0000] {taskinstance.py:2330} INFO - Executing <Task(PythonOperator): openphish_fetch_normalize_bronze> on 2025-10-14 00:00:00+00:00
[2025-10-29T17:17:11.747+0000] {warnings.py:112} WARNING - /home/airflow/.local/lib/python3.12/site-packages/airflow/task/task_runner/standard_task_runner.py:62: DeprecationWarning: This process (pid=2427) is multi-threaded, use of fork() may lead to deadlocks in the child.
  pid = os.fork()

[2025-10-29T17:17:11.747+0000] {standard_task_runner.py:64} INFO - Started process 2448 to run task
[2025-10-29T17:17:11.748+0000] {standard_task_runner.py:90} INFO - Running: ['airflow', 'tasks', 'run', 'openphish_ingest', 'openphish_fetch_normalize_bronze', 'scheduled__2025-10-14T00:00:00+00:00', '--job-id', '86', '--raw', '--subdir', 'DAGS_FOLDER/openphish_ingest.py', '--cfg-path', '/tmp/tmpwa571bda']
[2025-10-29T17:17:11.748+0000] {standard_task_runner.py:91} INFO - Job 86: Subtask openphish_fetch_normalize_bronze
[2025-10-29T17:17:11.760+0000] {task_command.py:426} INFO - Running <TaskInstance: openphish_ingest.openphish_fetch_normalize_bronze scheduled__2025-10-14T00:00:00+00:00 [running]> on host 109bbc934e0f
[2025-10-29T17:17:11.781+0000] {taskinstance.py:2648} INFO - Exporting env vars: AIRFLOW_CTX_DAG_OWNER='you' AIRFLOW_CTX_DAG_ID='openphish_ingest' AIRFLOW_CTX_TASK_ID='openphish_fetch_normalize_bronze' AIRFLOW_CTX_EXECUTION_DATE='2025-10-14T00:00:00+00:00' AIRFLOW_CTX_TRY_NUMBER='1' AIRFLOW_CTX_DAG_RUN_ID='scheduled__2025-10-14T00:00:00+00:00'
[2025-10-29T17:17:11.781+0000] {taskinstance.py:430} INFO - ::endgroup::
[2025-10-29T17:17:12.448+0000] {logging_mixin.py:188} INFO - [openphish_ingest] rows after normalize: 300
[2025-10-29T17:17:12.453+0000] {logging_mixin.py:188} INFO - [openphish] rows after normalize: 300
[2025-10-29T17:17:12.470+0000] {python.py:237} INFO - Done. Returned value was: None
[2025-10-29T17:17:12.470+0000] {taskinstance.py:441} INFO - ::group::Post task execution logs
[2025-10-29T17:17:12.473+0000] {taskinstance.py:1206} INFO - Marking task as SUCCESS. dag_id=openphish_ingest, task_id=openphish_fetch_normalize_bronze, run_id=scheduled__2025-10-14T00:00:00+00:00, execution_date=20251014T000000, start_date=20251029T171711, end_date=20251029T171712
[2025-10-29T17:17:12.509+0000] {local_task_job_runner.py:243} INFO - Task exited with return code 0
[2025-10-29T17:17:12.515+0000] {taskinstance.py:3503} INFO - 0 downstream tasks scheduled from follow-on schedule check
[2025-10-29T17:17:12.516+0000] {local_task_job_runner.py:222} INFO - ::endgroup::
[2025-10-29T18:15:06.253+0000] {local_task_job_runner.py:120} INFO - ::group::Pre task execution logs
[2025-10-29T18:15:06.261+0000] {taskinstance.py:2076} INFO - Dependencies all met for dep_context=non-requeueable deps ti=<TaskInstance: openphish_ingest.openphish_fetch_normalize_bronze scheduled__2025-10-14T00:00:00+00:00 [queued]>
[2025-10-29T18:15:06.262+0000] {taskinstance.py:2076} INFO - Dependencies all met for dep_context=requeueable deps ti=<TaskInstance: openphish_ingest.openphish_fetch_normalize_bronze scheduled__2025-10-14T00:00:00+00:00 [queued]>
[2025-10-29T18:15:06.262+0000] {taskinstance.py:2306} INFO - Starting attempt 1 of 2
[2025-10-29T18:15:06.266+0000] {taskinstance.py:2330} INFO - Executing <Task(PythonOperator): openphish_fetch_normalize_bronze> on 2025-10-14 00:00:00+00:00
[2025-10-29T18:15:06.269+0000] {warnings.py:112} WARNING - /home/airflow/.local/lib/python3.12/site-packages/airflow/task/task_runner/standard_task_runner.py:62: DeprecationWarning: This process (pid=5465) is multi-threaded, use of fork() may lead to deadlocks in the child.
  pid = os.fork()

[2025-10-29T18:15:06.269+0000] {standard_task_runner.py:64} INFO - Started process 5486 to run task
[2025-10-29T18:15:06.270+0000] {standard_task_runner.py:90} INFO - Running: ['airflow', 'tasks', 'run', 'openphish_ingest', 'openphish_fetch_normalize_bronze', 'scheduled__2025-10-14T00:00:00+00:00', '--job-id', '214', '--raw', '--subdir', 'DAGS_FOLDER/openphish_ingest.py', '--cfg-path', '/tmp/tmpqr6pf1xe']
[2025-10-29T18:15:06.270+0000] {standard_task_runner.py:91} INFO - Job 214: Subtask openphish_fetch_normalize_bronze
[2025-10-29T18:15:06.283+0000] {task_command.py:426} INFO - Running <TaskInstance: openphish_ingest.openphish_fetch_normalize_bronze scheduled__2025-10-14T00:00:00+00:00 [running]> on host 9a4b1d75930e
[2025-10-29T18:15:06.304+0000] {taskinstance.py:2648} INFO - Exporting env vars: AIRFLOW_CTX_DAG_OWNER='you' AIRFLOW_CTX_DAG_ID='openphish_ingest' AIRFLOW_CTX_TASK_ID='openphish_fetch_normalize_bronze' AIRFLOW_CTX_EXECUTION_DATE='2025-10-14T00:00:00+00:00' AIRFLOW_CTX_TRY_NUMBER='1' AIRFLOW_CTX_DAG_RUN_ID='scheduled__2025-10-14T00:00:00+00:00'
[2025-10-29T18:15:06.304+0000] {taskinstance.py:430} INFO - ::endgroup::
[2025-10-29T18:15:06.969+0000] {logging_mixin.py:188} INFO - [openphish_ingest] rows after normalize: 300
[2025-10-29T18:15:06.975+0000] {logging_mixin.py:188} INFO - [openphish] rows after normalize: 300
[2025-10-29T18:15:06.993+0000] {python.py:237} INFO - Done. Returned value was: None
[2025-10-29T18:15:06.993+0000] {taskinstance.py:441} INFO - ::group::Post task execution logs
[2025-10-29T18:15:06.996+0000] {taskinstance.py:1206} INFO - Marking task as SUCCESS. dag_id=openphish_ingest, task_id=openphish_fetch_normalize_bronze, run_id=scheduled__2025-10-14T00:00:00+00:00, execution_date=20251014T000000, start_date=20251029T181506, end_date=20251029T181506
[2025-10-29T18:15:07.030+0000] {local_task_job_runner.py:243} INFO - Task exited with return code 0
[2025-10-29T18:15:07.036+0000] {taskinstance.py:3503} INFO - 0 downstream tasks scheduled from follow-on schedule check
[2025-10-29T18:15:07.036+0000] {local_task_job_runner.py:222} INFO - ::endgroup::
