[2025-10-29T17:13:07.691+0000] {local_task_job_runner.py:120} INFO - ::group::Pre task execution logs
[2025-10-29T17:13:07.699+0000] {taskinstance.py:2076} INFO - Dependencies all met for dep_context=non-requeueable deps ti=<TaskInstance: openphish_ingest.openphish_fetch_normalize_bronze scheduled__2025-09-12T00:00:00+00:00 [queued]>
[2025-10-29T17:13:07.700+0000] {taskinstance.py:2076} INFO - Dependencies all met for dep_context=requeueable deps ti=<TaskInstance: openphish_ingest.openphish_fetch_normalize_bronze scheduled__2025-09-12T00:00:00+00:00 [queued]>
[2025-10-29T17:13:07.700+0000] {taskinstance.py:2306} INFO - Starting attempt 1 of 2
[2025-10-29T17:13:07.704+0000] {taskinstance.py:2330} INFO - Executing <Task(PythonOperator): openphish_fetch_normalize_bronze> on 2025-09-12 00:00:00+00:00
[2025-10-29T17:13:07.706+0000] {warnings.py:112} WARNING - /home/airflow/.local/lib/python3.12/site-packages/airflow/task/task_runner/standard_task_runner.py:62: DeprecationWarning: This process (pid=661) is multi-threaded, use of fork() may lead to deadlocks in the child.
  pid = os.fork()

[2025-10-29T17:13:07.707+0000] {standard_task_runner.py:64} INFO - Started process 682 to run task
[2025-10-29T17:13:07.707+0000] {standard_task_runner.py:90} INFO - Running: ['airflow', 'tasks', 'run', 'openphish_ingest', 'openphish_fetch_normalize_bronze', 'scheduled__2025-09-12T00:00:00+00:00', '--job-id', '22', '--raw', '--subdir', 'DAGS_FOLDER/openphish_ingest.py', '--cfg-path', '/tmp/tmp2b1_qjs5']
[2025-10-29T17:13:07.707+0000] {standard_task_runner.py:91} INFO - Job 22: Subtask openphish_fetch_normalize_bronze
[2025-10-29T17:13:07.718+0000] {task_command.py:426} INFO - Running <TaskInstance: openphish_ingest.openphish_fetch_normalize_bronze scheduled__2025-09-12T00:00:00+00:00 [running]> on host 109bbc934e0f
[2025-10-29T17:13:07.738+0000] {taskinstance.py:2648} INFO - Exporting env vars: AIRFLOW_CTX_DAG_OWNER='you' AIRFLOW_CTX_DAG_ID='openphish_ingest' AIRFLOW_CTX_TASK_ID='openphish_fetch_normalize_bronze' AIRFLOW_CTX_EXECUTION_DATE='2025-09-12T00:00:00+00:00' AIRFLOW_CTX_TRY_NUMBER='1' AIRFLOW_CTX_DAG_RUN_ID='scheduled__2025-09-12T00:00:00+00:00'
[2025-10-29T17:13:07.738+0000] {taskinstance.py:430} INFO - ::endgroup::
[2025-10-29T17:13:08.391+0000] {logging_mixin.py:188} INFO - [openphish_ingest] rows after normalize: 300
[2025-10-29T17:13:08.393+0000] {logging_mixin.py:188} INFO - [openphish] rows after normalize: 300
[2025-10-29T17:13:08.402+0000] {python.py:237} INFO - Done. Returned value was: None
[2025-10-29T17:13:08.402+0000] {taskinstance.py:441} INFO - ::group::Post task execution logs
[2025-10-29T17:13:08.403+0000] {taskinstance.py:1206} INFO - Marking task as SUCCESS. dag_id=openphish_ingest, task_id=openphish_fetch_normalize_bronze, run_id=scheduled__2025-09-12T00:00:00+00:00, execution_date=20250912T000000, start_date=20251029T171307, end_date=20251029T171308
[2025-10-29T17:13:08.417+0000] {local_task_job_runner.py:243} INFO - Task exited with return code 0
[2025-10-29T17:13:08.421+0000] {taskinstance.py:3503} INFO - 0 downstream tasks scheduled from follow-on schedule check
[2025-10-29T17:13:08.421+0000] {local_task_job_runner.py:222} INFO - ::endgroup::
[2025-10-29T18:08:45.271+0000] {local_task_job_runner.py:120} INFO - ::group::Pre task execution logs
[2025-10-29T18:08:45.278+0000] {taskinstance.py:2076} INFO - Dependencies all met for dep_context=non-requeueable deps ti=<TaskInstance: openphish_ingest.openphish_fetch_normalize_bronze scheduled__2025-09-12T00:00:00+00:00 [queued]>
[2025-10-29T18:08:45.280+0000] {taskinstance.py:2076} INFO - Dependencies all met for dep_context=requeueable deps ti=<TaskInstance: openphish_ingest.openphish_fetch_normalize_bronze scheduled__2025-09-12T00:00:00+00:00 [queued]>
[2025-10-29T18:08:45.280+0000] {taskinstance.py:2306} INFO - Starting attempt 1 of 2
[2025-10-29T18:08:45.284+0000] {taskinstance.py:2330} INFO - Executing <Task(PythonOperator): openphish_fetch_normalize_bronze> on 2025-09-12 00:00:00+00:00
[2025-10-29T18:08:45.286+0000] {warnings.py:112} WARNING - /home/airflow/.local/lib/python3.12/site-packages/airflow/task/task_runner/standard_task_runner.py:62: DeprecationWarning: This process (pid=1501) is multi-threaded, use of fork() may lead to deadlocks in the child.
  pid = os.fork()

[2025-10-29T18:08:45.287+0000] {standard_task_runner.py:64} INFO - Started process 1522 to run task
[2025-10-29T18:08:45.287+0000] {standard_task_runner.py:90} INFO - Running: ['airflow', 'tasks', 'run', 'openphish_ingest', 'openphish_fetch_normalize_bronze', 'scheduled__2025-09-12T00:00:00+00:00', '--job-id', '54', '--raw', '--subdir', 'DAGS_FOLDER/openphish_ingest.py', '--cfg-path', '/tmp/tmp028iodwa']
[2025-10-29T18:08:45.287+0000] {standard_task_runner.py:91} INFO - Job 54: Subtask openphish_fetch_normalize_bronze
[2025-10-29T18:08:45.301+0000] {task_command.py:426} INFO - Running <TaskInstance: openphish_ingest.openphish_fetch_normalize_bronze scheduled__2025-09-12T00:00:00+00:00 [running]> on host 9a4b1d75930e
[2025-10-29T18:08:45.321+0000] {taskinstance.py:2648} INFO - Exporting env vars: AIRFLOW_CTX_DAG_OWNER='you' AIRFLOW_CTX_DAG_ID='openphish_ingest' AIRFLOW_CTX_TASK_ID='openphish_fetch_normalize_bronze' AIRFLOW_CTX_EXECUTION_DATE='2025-09-12T00:00:00+00:00' AIRFLOW_CTX_TRY_NUMBER='1' AIRFLOW_CTX_DAG_RUN_ID='scheduled__2025-09-12T00:00:00+00:00'
[2025-10-29T18:08:45.321+0000] {taskinstance.py:430} INFO - ::endgroup::
[2025-10-29T18:08:45.982+0000] {logging_mixin.py:188} INFO - [openphish_ingest] rows after normalize: 300
[2025-10-29T18:08:45.985+0000] {logging_mixin.py:188} INFO - [openphish] rows after normalize: 300
[2025-10-29T18:08:45.996+0000] {python.py:237} INFO - Done. Returned value was: None
[2025-10-29T18:08:45.996+0000] {taskinstance.py:441} INFO - ::group::Post task execution logs
[2025-10-29T18:08:45.998+0000] {taskinstance.py:1206} INFO - Marking task as SUCCESS. dag_id=openphish_ingest, task_id=openphish_fetch_normalize_bronze, run_id=scheduled__2025-09-12T00:00:00+00:00, execution_date=20250912T000000, start_date=20251029T180845, end_date=20251029T180845
[2025-10-29T18:08:46.036+0000] {local_task_job_runner.py:243} INFO - Task exited with return code 0
[2025-10-29T18:08:46.040+0000] {taskinstance.py:3503} INFO - 0 downstream tasks scheduled from follow-on schedule check
[2025-10-29T18:08:46.041+0000] {local_task_job_runner.py:222} INFO - ::endgroup::
