[2025-09-18T00:35:22.107+0000] {local_task_job_runner.py:120} INFO - ::group::Pre task execution logs
[2025-09-18T00:35:22.120+0000] {taskinstance.py:2076} INFO - Dependencies all met for dep_context=non-requeueable deps ti=<TaskInstance: openphish_ingest.openphish_fetch_normalize_bronze scheduled__2025-09-17T00:00:00+00:00 [queued]>
[2025-09-18T00:35:22.122+0000] {taskinstance.py:2076} INFO - Dependencies all met for dep_context=requeueable deps ti=<TaskInstance: openphish_ingest.openphish_fetch_normalize_bronze scheduled__2025-09-17T00:00:00+00:00 [queued]>
[2025-09-18T00:35:22.122+0000] {taskinstance.py:2306} INFO - Starting attempt 1 of 2
[2025-09-18T00:35:22.126+0000] {taskinstance.py:2330} INFO - Executing <Task(PythonOperator): openphish_fetch_normalize_bronze> on 2025-09-17 00:00:00+00:00
[2025-09-18T00:35:22.129+0000] {warnings.py:112} WARNING - /home/airflow/.local/lib/python3.12/site-packages/airflow/task/task_runner/standard_task_runner.py:62: DeprecationWarning: This process (pid=138) is multi-threaded, use of fork() may lead to deadlocks in the child.
  pid = os.fork()

[2025-09-18T00:35:22.130+0000] {standard_task_runner.py:64} INFO - Started process 159 to run task
[2025-09-18T00:35:22.131+0000] {standard_task_runner.py:90} INFO - Running: ['airflow', 'tasks', 'run', 'openphish_ingest', 'openphish_fetch_normalize_bronze', 'scheduled__2025-09-17T00:00:00+00:00', '--job-id', '10', '--raw', '--subdir', 'DAGS_FOLDER/openphish_ingest.py', '--cfg-path', '/tmp/tmp6iw1dg57']
[2025-09-18T00:35:22.131+0000] {standard_task_runner.py:91} INFO - Job 10: Subtask openphish_fetch_normalize_bronze
[2025-09-18T00:35:22.147+0000] {task_command.py:426} INFO - Running <TaskInstance: openphish_ingest.openphish_fetch_normalize_bronze scheduled__2025-09-17T00:00:00+00:00 [running]> on host 367d1d51de70
[2025-09-18T00:35:22.167+0000] {taskinstance.py:2648} INFO - Exporting env vars: AIRFLOW_CTX_DAG_OWNER='you' AIRFLOW_CTX_DAG_ID='openphish_ingest' AIRFLOW_CTX_TASK_ID='openphish_fetch_normalize_bronze' AIRFLOW_CTX_EXECUTION_DATE='2025-09-17T00:00:00+00:00' AIRFLOW_CTX_TRY_NUMBER='1' AIRFLOW_CTX_DAG_RUN_ID='scheduled__2025-09-17T00:00:00+00:00'
[2025-09-18T00:35:22.167+0000] {taskinstance.py:430} INFO - ::endgroup::
[2025-09-18T00:35:22.879+0000] {logging_mixin.py:188} INFO - [openphish] rows after normalize: 300
[2025-09-18T00:35:22.919+0000] {python.py:237} INFO - Done. Returned value was: None
[2025-09-18T00:35:22.919+0000] {taskinstance.py:441} INFO - ::group::Post task execution logs
[2025-09-18T00:35:22.923+0000] {taskinstance.py:1206} INFO - Marking task as SUCCESS. dag_id=openphish_ingest, task_id=openphish_fetch_normalize_bronze, run_id=scheduled__2025-09-17T00:00:00+00:00, execution_date=20250917T000000, start_date=20250918T003522, end_date=20250918T003522
[2025-09-18T00:35:22.933+0000] {local_task_job_runner.py:243} INFO - Task exited with return code 0
[2025-09-18T00:35:22.937+0000] {taskinstance.py:3503} INFO - 0 downstream tasks scheduled from follow-on schedule check
[2025-09-18T00:35:22.938+0000] {local_task_job_runner.py:222} INFO - ::endgroup::
[2025-10-29T17:13:43.039+0000] {local_task_job_runner.py:120} INFO - ::group::Pre task execution logs
[2025-10-29T17:13:43.048+0000] {taskinstance.py:2076} INFO - Dependencies all met for dep_context=non-requeueable deps ti=<TaskInstance: openphish_ingest.openphish_fetch_normalize_bronze scheduled__2025-09-17T00:00:00+00:00 [queued]>
[2025-10-29T17:13:43.050+0000] {taskinstance.py:2076} INFO - Dependencies all met for dep_context=requeueable deps ti=<TaskInstance: openphish_ingest.openphish_fetch_normalize_bronze scheduled__2025-09-17T00:00:00+00:00 [queued]>
[2025-10-29T17:13:43.050+0000] {taskinstance.py:2306} INFO - Starting attempt 1 of 2
[2025-10-29T17:13:43.055+0000] {taskinstance.py:2330} INFO - Executing <Task(PythonOperator): openphish_fetch_normalize_bronze> on 2025-09-17 00:00:00+00:00
[2025-10-29T17:13:43.058+0000] {warnings.py:112} WARNING - /home/airflow/.local/lib/python3.12/site-packages/airflow/task/task_runner/standard_task_runner.py:62: DeprecationWarning: This process (pid=932) is multi-threaded, use of fork() may lead to deadlocks in the child.
  pid = os.fork()

[2025-10-29T17:13:43.059+0000] {standard_task_runner.py:64} INFO - Started process 953 to run task
[2025-10-29T17:13:43.059+0000] {standard_task_runner.py:90} INFO - Running: ['airflow', 'tasks', 'run', 'openphish_ingest', 'openphish_fetch_normalize_bronze', 'scheduled__2025-09-17T00:00:00+00:00', '--job-id', '32', '--raw', '--subdir', 'DAGS_FOLDER/openphish_ingest.py', '--cfg-path', '/tmp/tmpk8ud0ibo']
[2025-10-29T17:13:43.060+0000] {standard_task_runner.py:91} INFO - Job 32: Subtask openphish_fetch_normalize_bronze
[2025-10-29T17:13:43.072+0000] {task_command.py:426} INFO - Running <TaskInstance: openphish_ingest.openphish_fetch_normalize_bronze scheduled__2025-09-17T00:00:00+00:00 [running]> on host 109bbc934e0f
[2025-10-29T17:13:43.095+0000] {taskinstance.py:2648} INFO - Exporting env vars: AIRFLOW_CTX_DAG_OWNER='you' AIRFLOW_CTX_DAG_ID='openphish_ingest' AIRFLOW_CTX_TASK_ID='openphish_fetch_normalize_bronze' AIRFLOW_CTX_EXECUTION_DATE='2025-09-17T00:00:00+00:00' AIRFLOW_CTX_TRY_NUMBER='1' AIRFLOW_CTX_DAG_RUN_ID='scheduled__2025-09-17T00:00:00+00:00'
[2025-10-29T17:13:43.095+0000] {taskinstance.py:430} INFO - ::endgroup::
[2025-10-29T17:13:43.745+0000] {logging_mixin.py:188} INFO - [openphish_ingest] rows after normalize: 300
[2025-10-29T17:13:43.749+0000] {logging_mixin.py:188} INFO - [openphish] rows after normalize: 300
[2025-10-29T17:13:43.760+0000] {python.py:237} INFO - Done. Returned value was: None
[2025-10-29T17:13:43.760+0000] {taskinstance.py:441} INFO - ::group::Post task execution logs
[2025-10-29T17:13:43.762+0000] {taskinstance.py:1206} INFO - Marking task as SUCCESS. dag_id=openphish_ingest, task_id=openphish_fetch_normalize_bronze, run_id=scheduled__2025-09-17T00:00:00+00:00, execution_date=20250917T000000, start_date=20251029T171343, end_date=20251029T171343
[2025-10-29T17:13:43.799+0000] {local_task_job_runner.py:243} INFO - Task exited with return code 0
[2025-10-29T17:13:43.804+0000] {taskinstance.py:3503} INFO - 0 downstream tasks scheduled from follow-on schedule check
[2025-10-29T17:13:43.804+0000] {local_task_job_runner.py:222} INFO - ::endgroup::
[2025-10-29T18:09:47.162+0000] {local_task_job_runner.py:120} INFO - ::group::Pre task execution logs
[2025-10-29T18:09:47.170+0000] {taskinstance.py:2076} INFO - Dependencies all met for dep_context=non-requeueable deps ti=<TaskInstance: openphish_ingest.openphish_fetch_normalize_bronze scheduled__2025-09-17T00:00:00+00:00 [queued]>
[2025-10-29T18:09:47.172+0000] {taskinstance.py:2076} INFO - Dependencies all met for dep_context=requeueable deps ti=<TaskInstance: openphish_ingest.openphish_fetch_normalize_bronze scheduled__2025-09-17T00:00:00+00:00 [queued]>
[2025-10-29T18:09:47.172+0000] {taskinstance.py:2306} INFO - Starting attempt 1 of 2
[2025-10-29T18:09:47.176+0000] {taskinstance.py:2330} INFO - Executing <Task(PythonOperator): openphish_fetch_normalize_bronze> on 2025-09-17 00:00:00+00:00
[2025-10-29T18:09:47.179+0000] {warnings.py:112} WARNING - /home/airflow/.local/lib/python3.12/site-packages/airflow/task/task_runner/standard_task_runner.py:62: DeprecationWarning: This process (pid=2128) is multi-threaded, use of fork() may lead to deadlocks in the child.
  pid = os.fork()

[2025-10-29T18:09:47.180+0000] {standard_task_runner.py:64} INFO - Started process 2149 to run task
[2025-10-29T18:09:47.180+0000] {standard_task_runner.py:90} INFO - Running: ['airflow', 'tasks', 'run', 'openphish_ingest', 'openphish_fetch_normalize_bronze', 'scheduled__2025-09-17T00:00:00+00:00', '--job-id', '79', '--raw', '--subdir', 'DAGS_FOLDER/openphish_ingest.py', '--cfg-path', '/tmp/tmpm50dhgh9']
[2025-10-29T18:09:47.180+0000] {standard_task_runner.py:91} INFO - Job 79: Subtask openphish_fetch_normalize_bronze
[2025-10-29T18:09:47.193+0000] {task_command.py:426} INFO - Running <TaskInstance: openphish_ingest.openphish_fetch_normalize_bronze scheduled__2025-09-17T00:00:00+00:00 [running]> on host 9a4b1d75930e
[2025-10-29T18:09:47.218+0000] {taskinstance.py:2648} INFO - Exporting env vars: AIRFLOW_CTX_DAG_OWNER='you' AIRFLOW_CTX_DAG_ID='openphish_ingest' AIRFLOW_CTX_TASK_ID='openphish_fetch_normalize_bronze' AIRFLOW_CTX_EXECUTION_DATE='2025-09-17T00:00:00+00:00' AIRFLOW_CTX_TRY_NUMBER='1' AIRFLOW_CTX_DAG_RUN_ID='scheduled__2025-09-17T00:00:00+00:00'
[2025-10-29T18:09:47.218+0000] {taskinstance.py:430} INFO - ::endgroup::
[2025-10-29T18:09:47.871+0000] {logging_mixin.py:188} INFO - [openphish_ingest] rows after normalize: 300
[2025-10-29T18:09:47.875+0000] {logging_mixin.py:188} INFO - [openphish] rows after normalize: 300
[2025-10-29T18:09:47.886+0000] {python.py:237} INFO - Done. Returned value was: None
[2025-10-29T18:09:47.886+0000] {taskinstance.py:441} INFO - ::group::Post task execution logs
[2025-10-29T18:09:47.888+0000] {taskinstance.py:1206} INFO - Marking task as SUCCESS. dag_id=openphish_ingest, task_id=openphish_fetch_normalize_bronze, run_id=scheduled__2025-09-17T00:00:00+00:00, execution_date=20250917T000000, start_date=20251029T180947, end_date=20251029T180947
[2025-10-29T18:09:47.901+0000] {local_task_job_runner.py:243} INFO - Task exited with return code 0
[2025-10-29T18:09:47.906+0000] {taskinstance.py:3503} INFO - 0 downstream tasks scheduled from follow-on schedule check
[2025-10-29T18:09:47.906+0000] {local_task_job_runner.py:222} INFO - ::endgroup::
