[2025-10-29T17:12:17.762+0000] {local_task_job_runner.py:120} INFO - ::group::Pre task execution logs
[2025-10-29T17:12:17.772+0000] {taskinstance.py:2076} INFO - Dependencies all met for dep_context=non-requeueable deps ti=<TaskInstance: openphish_ingest.openphish_fetch_normalize_bronze scheduled__2025-09-03T00:00:00+00:00 [queued]>
[2025-10-29T17:12:17.774+0000] {taskinstance.py:2076} INFO - Dependencies all met for dep_context=requeueable deps ti=<TaskInstance: openphish_ingest.openphish_fetch_normalize_bronze scheduled__2025-09-03T00:00:00+00:00 [queued]>
[2025-10-29T17:12:17.774+0000] {taskinstance.py:2306} INFO - Starting attempt 1 of 2
[2025-10-29T17:12:17.779+0000] {taskinstance.py:2330} INFO - Executing <Task(PythonOperator): openphish_fetch_normalize_bronze> on 2025-09-03 00:00:00+00:00
[2025-10-29T17:12:17.781+0000] {warnings.py:112} WARNING - /home/airflow/.local/lib/python3.12/site-packages/airflow/task/task_runner/standard_task_runner.py:62: DeprecationWarning: This process (pid=321) is multi-threaded, use of fork() may lead to deadlocks in the child.
  pid = os.fork()

[2025-10-29T17:12:17.782+0000] {standard_task_runner.py:64} INFO - Started process 342 to run task
[2025-10-29T17:12:17.782+0000] {standard_task_runner.py:90} INFO - Running: ['airflow', 'tasks', 'run', 'openphish_ingest', 'openphish_fetch_normalize_bronze', 'scheduled__2025-09-03T00:00:00+00:00', '--job-id', '9', '--raw', '--subdir', 'DAGS_FOLDER/openphish_ingest.py', '--cfg-path', '/tmp/tmpqu0m6c95']
[2025-10-29T17:12:17.783+0000] {standard_task_runner.py:91} INFO - Job 9: Subtask openphish_fetch_normalize_bronze
[2025-10-29T17:12:17.797+0000] {task_command.py:426} INFO - Running <TaskInstance: openphish_ingest.openphish_fetch_normalize_bronze scheduled__2025-09-03T00:00:00+00:00 [running]> on host 109bbc934e0f
[2025-10-29T17:12:17.825+0000] {taskinstance.py:2648} INFO - Exporting env vars: AIRFLOW_CTX_DAG_OWNER='you' AIRFLOW_CTX_DAG_ID='openphish_ingest' AIRFLOW_CTX_TASK_ID='openphish_fetch_normalize_bronze' AIRFLOW_CTX_EXECUTION_DATE='2025-09-03T00:00:00+00:00' AIRFLOW_CTX_TRY_NUMBER='1' AIRFLOW_CTX_DAG_RUN_ID='scheduled__2025-09-03T00:00:00+00:00'
[2025-10-29T17:12:17.826+0000] {taskinstance.py:430} INFO - ::endgroup::
[2025-10-29T17:12:19.227+0000] {logging_mixin.py:188} INFO - [openphish_ingest] rows after normalize: 300
[2025-10-29T17:12:19.238+0000] {logging_mixin.py:188} INFO - [openphish] rows after normalize: 300
[2025-10-29T17:12:19.287+0000] {python.py:237} INFO - Done. Returned value was: None
[2025-10-29T17:12:19.288+0000] {taskinstance.py:441} INFO - ::group::Post task execution logs
[2025-10-29T17:12:19.294+0000] {taskinstance.py:1206} INFO - Marking task as SUCCESS. dag_id=openphish_ingest, task_id=openphish_fetch_normalize_bronze, run_id=scheduled__2025-09-03T00:00:00+00:00, execution_date=20250903T000000, start_date=20251029T171217, end_date=20251029T171219
[2025-10-29T17:12:19.403+0000] {local_task_job_runner.py:243} INFO - Task exited with return code 0
[2025-10-29T17:12:19.414+0000] {taskinstance.py:3503} INFO - 0 downstream tasks scheduled from follow-on schedule check
[2025-10-29T17:12:19.414+0000] {local_task_job_runner.py:222} INFO - ::endgroup::
[2025-10-29T18:07:01.021+0000] {local_task_job_runner.py:120} INFO - ::group::Pre task execution logs
[2025-10-29T18:07:01.028+0000] {taskinstance.py:2076} INFO - Dependencies all met for dep_context=non-requeueable deps ti=<TaskInstance: openphish_ingest.openphish_fetch_normalize_bronze scheduled__2025-09-03T00:00:00+00:00 [queued]>
[2025-10-29T18:07:01.030+0000] {taskinstance.py:2076} INFO - Dependencies all met for dep_context=requeueable deps ti=<TaskInstance: openphish_ingest.openphish_fetch_normalize_bronze scheduled__2025-09-03T00:00:00+00:00 [queued]>
[2025-10-29T18:07:01.030+0000] {taskinstance.py:2306} INFO - Starting attempt 1 of 2
[2025-10-29T18:07:01.034+0000] {taskinstance.py:2330} INFO - Executing <Task(PythonOperator): openphish_fetch_normalize_bronze> on 2025-09-03 00:00:00+00:00
[2025-10-29T18:07:01.036+0000] {warnings.py:112} WARNING - /home/airflow/.local/lib/python3.12/site-packages/airflow/task/task_runner/standard_task_runner.py:62: DeprecationWarning: This process (pid=387) is multi-threaded, use of fork() may lead to deadlocks in the child.
  pid = os.fork()

[2025-10-29T18:07:01.036+0000] {standard_task_runner.py:64} INFO - Started process 408 to run task
[2025-10-29T18:07:01.037+0000] {standard_task_runner.py:90} INFO - Running: ['airflow', 'tasks', 'run', 'openphish_ingest', 'openphish_fetch_normalize_bronze', 'scheduled__2025-09-03T00:00:00+00:00', '--job-id', '9', '--raw', '--subdir', 'DAGS_FOLDER/openphish_ingest.py', '--cfg-path', '/tmp/tmpbbx1ajcz']
[2025-10-29T18:07:01.037+0000] {standard_task_runner.py:91} INFO - Job 9: Subtask openphish_fetch_normalize_bronze
[2025-10-29T18:07:01.047+0000] {task_command.py:426} INFO - Running <TaskInstance: openphish_ingest.openphish_fetch_normalize_bronze scheduled__2025-09-03T00:00:00+00:00 [running]> on host 9a4b1d75930e
[2025-10-29T18:07:01.066+0000] {taskinstance.py:2648} INFO - Exporting env vars: AIRFLOW_CTX_DAG_OWNER='you' AIRFLOW_CTX_DAG_ID='openphish_ingest' AIRFLOW_CTX_TASK_ID='openphish_fetch_normalize_bronze' AIRFLOW_CTX_EXECUTION_DATE='2025-09-03T00:00:00+00:00' AIRFLOW_CTX_TRY_NUMBER='1' AIRFLOW_CTX_DAG_RUN_ID='scheduled__2025-09-03T00:00:00+00:00'
[2025-10-29T18:07:01.066+0000] {taskinstance.py:430} INFO - ::endgroup::
[2025-10-29T18:07:01.739+0000] {logging_mixin.py:188} INFO - [openphish_ingest] rows after normalize: 300
[2025-10-29T18:07:01.743+0000] {logging_mixin.py:188} INFO - [openphish] rows after normalize: 300
[2025-10-29T18:07:01.760+0000] {python.py:237} INFO - Done. Returned value was: None
[2025-10-29T18:07:01.760+0000] {taskinstance.py:441} INFO - ::group::Post task execution logs
[2025-10-29T18:07:01.763+0000] {taskinstance.py:1206} INFO - Marking task as SUCCESS. dag_id=openphish_ingest, task_id=openphish_fetch_normalize_bronze, run_id=scheduled__2025-09-03T00:00:00+00:00, execution_date=20250903T000000, start_date=20251029T180701, end_date=20251029T180701
[2025-10-29T18:07:01.786+0000] {local_task_job_runner.py:243} INFO - Task exited with return code 0
[2025-10-29T18:07:01.791+0000] {taskinstance.py:3503} INFO - 0 downstream tasks scheduled from follow-on schedule check
[2025-10-29T18:07:01.792+0000] {local_task_job_runner.py:222} INFO - ::endgroup::
