[2025-11-13T01:38:33.504+0000] {local_task_job_runner.py:120} INFO - ::group::Pre task execution logs
[2025-11-13T01:38:33.512+0000] {taskinstance.py:2076} INFO - Dependencies all met for dep_context=non-requeueable deps ti=<TaskInstance: pipeline_orchestrator.bronze.openphish_bronze manual__2025-11-13T00:00:00+00:00 [queued]>
[2025-11-13T01:38:33.514+0000] {taskinstance.py:2076} INFO - Dependencies all met for dep_context=requeueable deps ti=<TaskInstance: pipeline_orchestrator.bronze.openphish_bronze manual__2025-11-13T00:00:00+00:00 [queued]>
[2025-11-13T01:38:33.514+0000] {taskinstance.py:2306} INFO - Starting attempt 1 of 1
[2025-11-13T01:38:33.519+0000] {taskinstance.py:2330} INFO - Executing <Task(TriggerDagRunOperator): bronze.openphish_bronze> on 2025-11-13 00:00:00+00:00
[2025-11-13T01:38:33.521+0000] {standard_task_runner.py:64} INFO - Started process 12276 to run task
[2025-11-13T01:38:33.522+0000] {standard_task_runner.py:90} INFO - Running: ['airflow', 'tasks', 'run', 'pipeline_orchestrator', 'bronze.openphish_bronze', 'manual__2025-11-13T00:00:00+00:00', '--job-id', '53', '--raw', '--subdir', 'DAGS_FOLDER/pipeline_orchestrator.py', '--cfg-path', '/tmp/tmp6vfmeqyn']
[2025-11-13T01:38:33.523+0000] {standard_task_runner.py:91} INFO - Job 53: Subtask bronze.openphish_bronze
[2025-11-13T01:38:33.535+0000] {task_command.py:426} INFO - Running <TaskInstance: pipeline_orchestrator.bronze.openphish_bronze manual__2025-11-13T00:00:00+00:00 [running]> on host 1fd82182dcce
[2025-11-13T01:38:33.610+0000] {taskinstance.py:2648} INFO - Exporting env vars: AIRFLOW_CTX_DAG_OWNER='airflow' AIRFLOW_CTX_DAG_ID='pipeline_orchestrator' AIRFLOW_CTX_TASK_ID='bronze.openphish_bronze' AIRFLOW_CTX_EXECUTION_DATE='2025-11-13T00:00:00+00:00' AIRFLOW_CTX_TRY_NUMBER='1' AIRFLOW_CTX_DAG_RUN_ID='manual__2025-11-13T00:00:00+00:00'
[2025-11-13T01:38:33.610+0000] {taskinstance.py:430} INFO - ::endgroup::
[2025-11-13T01:38:33.629+0000] {taskinstance.py:441} INFO - ::group::Post task execution logs
[2025-11-13T01:38:33.629+0000] {crypto.py:82} WARNING - empty cryptography key - values will not be stored encrypted.
[2025-11-13T01:38:33.630+0000] {taskinstance.py:2489} INFO - Pausing task as DEFERRED. dag_id=pipeline_orchestrator, task_id=bronze.openphish_bronze, run_id=manual__2025-11-13T00:00:00+00:00, execution_date=20251113T000000, start_date=20251113T013833
[2025-11-13T01:38:33.664+0000] {local_task_job_runner.py:237} INFO - Task exited with return code 100 (task deferral)
[2025-11-13T01:38:33.664+0000] {local_task_job_runner.py:222} INFO - ::endgroup::
[2025-11-13T01:39:36.165+0000] {local_task_job_runner.py:120} INFO - ::group::Pre task execution logs
[2025-11-13T01:39:36.174+0000] {taskinstance.py:2076} INFO - Dependencies all met for dep_context=non-requeueable deps ti=<TaskInstance: pipeline_orchestrator.bronze.openphish_bronze manual__2025-11-13T00:00:00+00:00 [queued]>
[2025-11-13T01:39:36.176+0000] {taskinstance.py:2076} INFO - Dependencies all met for dep_context=requeueable deps ti=<TaskInstance: pipeline_orchestrator.bronze.openphish_bronze manual__2025-11-13T00:00:00+00:00 [queued]>
[2025-11-13T01:39:36.176+0000] {taskinstance.py:2304} INFO - Resuming after deferral
[2025-11-13T01:39:36.180+0000] {taskinstance.py:2330} INFO - Executing <Task(TriggerDagRunOperator): bronze.openphish_bronze> on 2025-11-13 00:00:00+00:00
[2025-11-13T01:39:36.181+0000] {standard_task_runner.py:64} INFO - Started process 12525 to run task
[2025-11-13T01:39:36.182+0000] {standard_task_runner.py:90} INFO - Running: ['airflow', 'tasks', 'run', 'pipeline_orchestrator', 'bronze.openphish_bronze', 'manual__2025-11-13T00:00:00+00:00', '--job-id', '59', '--raw', '--subdir', 'DAGS_FOLDER/pipeline_orchestrator.py', '--cfg-path', '/tmp/tmpkh5ncce7']
[2025-11-13T01:39:36.183+0000] {standard_task_runner.py:91} INFO - Job 59: Subtask bronze.openphish_bronze
[2025-11-13T01:39:36.196+0000] {task_command.py:426} INFO - Running <TaskInstance: pipeline_orchestrator.bronze.openphish_bronze manual__2025-11-13T00:00:00+00:00 [running]> on host 1fd82182dcce
[2025-11-13T01:39:36.263+0000] {taskinstance.py:430} INFO - ::endgroup::
[2025-11-13T01:39:36.264+0000] {trigger_dagrun.py:262} INFO - openphish_ingest finished with allowed state success
[2025-11-13T01:39:36.265+0000] {taskinstance.py:441} INFO - ::group::Post task execution logs
[2025-11-13T01:39:36.266+0000] {taskinstance.py:1206} INFO - Marking task as SUCCESS. dag_id=pipeline_orchestrator, task_id=bronze.openphish_bronze, run_id=manual__2025-11-13T00:00:00+00:00, execution_date=20251113T000000, start_date=20251113T013833, end_date=20251113T013936
[2025-11-13T01:39:36.282+0000] {local_task_job_runner.py:243} INFO - Task exited with return code 0
[2025-11-13T01:39:36.289+0000] {taskinstance.py:3503} INFO - 0 downstream tasks scheduled from follow-on schedule check
[2025-11-13T01:39:36.289+0000] {local_task_job_runner.py:222} INFO - ::endgroup::
