[2025-10-04T01:01:13.752+0000] {local_task_job_runner.py:120} INFO - ::group::Pre task execution logs
[2025-10-04T01:01:13.772+0000] {taskinstance.py:2076} INFO - Dependencies all met for dep_context=non-requeueable deps ti=<TaskInstance: labels_union.build_union scheduled__2025-10-03T00:00:00+00:00 [queued]>
[2025-10-04T01:01:13.775+0000] {taskinstance.py:2076} INFO - Dependencies all met for dep_context=requeueable deps ti=<TaskInstance: labels_union.build_union scheduled__2025-10-03T00:00:00+00:00 [queued]>
[2025-10-04T01:01:13.775+0000] {taskinstance.py:2306} INFO - Starting attempt 1 of 1
[2025-10-04T01:01:13.787+0000] {taskinstance.py:2330} INFO - Executing <Task(PythonOperator): build_union> on 2025-10-03 00:00:00+00:00
[2025-10-04T01:01:13.796+0000] {standard_task_runner.py:90} INFO - Running: ['airflow', 'tasks', 'run', 'labels_union', 'build_union', 'scheduled__2025-10-03T00:00:00+00:00', '--job-id', '90', '--raw', '--subdir', 'DAGS_FOLDER/labels_union.py', '--cfg-path', '/tmp/tmpek4617xr']
[2025-10-04T01:01:13.798+0000] {standard_task_runner.py:91} INFO - Job 90: Subtask build_union
[2025-10-04T01:01:13.801+0000] {logging_mixin.py:188} WARNING - /home/airflow/.local/lib/python3.12/site-packages/airflow/task/task_runner/standard_task_runner.py:62 DeprecationWarning: This process (pid=57630) is multi-threaded, use of fork() may lead to deadlocks in the child.
[2025-10-04T01:01:13.803+0000] {standard_task_runner.py:64} INFO - Started process 57641 to run task
[2025-10-04T01:01:13.898+0000] {task_command.py:426} INFO - Running <TaskInstance: labels_union.build_union scheduled__2025-10-03T00:00:00+00:00 [running]> on host 539ffd8f219e
[2025-10-04T01:01:14.046+0000] {taskinstance.py:2648} INFO - Exporting env vars: AIRFLOW_CTX_DAG_OWNER='you' AIRFLOW_CTX_DAG_ID='labels_union' AIRFLOW_CTX_TASK_ID='build_union' AIRFLOW_CTX_EXECUTION_DATE='2025-10-03T00:00:00+00:00' AIRFLOW_CTX_TRY_NUMBER='1' AIRFLOW_CTX_DAG_RUN_ID='scheduled__2025-10-03T00:00:00+00:00'
[2025-10-04T01:01:14.047+0000] {taskinstance.py:430} INFO - ::endgroup::
[2025-10-04T01:01:14.200+0000] {logging_mixin.py:188} INFO - [labels_union] wrote 6152 rows -> /opt/airflow/silver/labels_union/ingest_date=2025-10-03
[2025-10-04T01:01:14.201+0000] {python.py:237} INFO - Done. Returned value was: None
[2025-10-04T01:01:14.202+0000] {taskinstance.py:441} INFO - ::group::Post task execution logs
[2025-10-04T01:01:14.204+0000] {taskinstance.py:1206} INFO - Marking task as SUCCESS. dag_id=labels_union, task_id=build_union, run_id=scheduled__2025-10-03T00:00:00+00:00, execution_date=20251003T000000, start_date=20251004T010113, end_date=20251004T010114
[2025-10-04T01:01:14.243+0000] {local_task_job_runner.py:243} INFO - Task exited with return code 0
[2025-10-04T01:01:14.254+0000] {taskinstance.py:3503} INFO - 0 downstream tasks scheduled from follow-on schedule check
[2025-10-04T01:01:14.255+0000] {local_task_job_runner.py:222} INFO - ::endgroup::
[2025-10-29T18:13:28.715+0000] {local_task_job_runner.py:120} INFO - ::group::Pre task execution logs
[2025-10-29T18:13:28.723+0000] {taskinstance.py:2076} INFO - Dependencies all met for dep_context=non-requeueable deps ti=<TaskInstance: labels_union.build_union scheduled__2025-10-03T00:00:00+00:00 [queued]>
[2025-10-29T18:13:28.724+0000] {taskinstance.py:2076} INFO - Dependencies all met for dep_context=requeueable deps ti=<TaskInstance: labels_union.build_union scheduled__2025-10-03T00:00:00+00:00 [queued]>
[2025-10-29T18:13:28.725+0000] {taskinstance.py:2306} INFO - Starting attempt 1 of 1
[2025-10-29T18:13:28.729+0000] {taskinstance.py:2330} INFO - Executing <Task(PythonOperator): build_union> on 2025-10-03 00:00:00+00:00
[2025-10-29T18:13:28.732+0000] {standard_task_runner.py:90} INFO - Running: ['airflow', 'tasks', 'run', 'labels_union', 'build_union', 'scheduled__2025-10-03T00:00:00+00:00', '--job-id', '172', '--raw', '--subdir', 'DAGS_FOLDER/labels_union.py', '--cfg-path', '/tmp/tmpzhb6tdwr']
[2025-10-29T18:13:28.733+0000] {standard_task_runner.py:91} INFO - Job 172: Subtask build_union
[2025-10-29T18:13:28.732+0000] {logging_mixin.py:188} WARNING - /home/airflow/.local/lib/python3.12/site-packages/airflow/task/task_runner/standard_task_runner.py:62 DeprecationWarning: This process (pid=4430) is multi-threaded, use of fork() may lead to deadlocks in the child.
[2025-10-29T18:13:28.735+0000] {standard_task_runner.py:64} INFO - Started process 4441 to run task
[2025-10-29T18:13:28.744+0000] {task_command.py:426} INFO - Running <TaskInstance: labels_union.build_union scheduled__2025-10-03T00:00:00+00:00 [running]> on host 9a4b1d75930e
[2025-10-29T18:13:28.763+0000] {taskinstance.py:2648} INFO - Exporting env vars: AIRFLOW_CTX_DAG_OWNER='you' AIRFLOW_CTX_DAG_ID='labels_union' AIRFLOW_CTX_TASK_ID='build_union' AIRFLOW_CTX_EXECUTION_DATE='2025-10-03T00:00:00+00:00' AIRFLOW_CTX_TRY_NUMBER='1' AIRFLOW_CTX_DAG_RUN_ID='scheduled__2025-10-03T00:00:00+00:00'
[2025-10-29T18:13:28.763+0000] {taskinstance.py:430} INFO - ::endgroup::
[2025-10-29T18:13:28.789+0000] {logging_mixin.py:188} INFO - [labels_union] 2025-10-03: wrote 3114 rows -> /opt/airflow/silver/labels_union/ingest_date=2025-10-03
[2025-10-29T18:13:28.789+0000] {python.py:237} INFO - Done. Returned value was: None
[2025-10-29T18:13:28.789+0000] {taskinstance.py:441} INFO - ::group::Post task execution logs
[2025-10-29T18:13:28.791+0000] {taskinstance.py:1206} INFO - Marking task as SUCCESS. dag_id=labels_union, task_id=build_union, run_id=scheduled__2025-10-03T00:00:00+00:00, execution_date=20251003T000000, start_date=20251029T181328, end_date=20251029T181328
[2025-10-29T18:13:28.841+0000] {local_task_job_runner.py:243} INFO - Task exited with return code 0
[2025-10-29T18:13:28.845+0000] {taskinstance.py:3503} INFO - 0 downstream tasks scheduled from follow-on schedule check
[2025-10-29T18:13:28.845+0000] {local_task_job_runner.py:222} INFO - ::endgroup::
