[2025-10-07T00:14:05.703+0000] {local_task_job_runner.py:120} INFO - ::group::Pre task execution logs
[2025-10-07T00:14:05.712+0000] {taskinstance.py:2076} INFO - Dependencies all met for dep_context=non-requeueable deps ti=<TaskInstance: labels_union.build_union scheduled__2025-10-06T00:00:00+00:00 [queued]>
[2025-10-07T00:14:05.713+0000] {taskinstance.py:2076} INFO - Dependencies all met for dep_context=requeueable deps ti=<TaskInstance: labels_union.build_union scheduled__2025-10-06T00:00:00+00:00 [queued]>
[2025-10-07T00:14:05.714+0000] {taskinstance.py:2306} INFO - Starting attempt 1 of 1
[2025-10-07T00:14:05.719+0000] {taskinstance.py:2330} INFO - Executing <Task(PythonOperator): build_union> on 2025-10-06 00:00:00+00:00
[2025-10-07T00:14:05.723+0000] {standard_task_runner.py:90} INFO - Running: ['airflow', 'tasks', 'run', 'labels_union', 'build_union', 'scheduled__2025-10-06T00:00:00+00:00', '--job-id', '109', '--raw', '--subdir', 'DAGS_FOLDER/labels_union.py', '--cfg-path', '/tmp/tmpuuiaglqp']
[2025-10-07T00:14:05.725+0000] {standard_task_runner.py:91} INFO - Job 109: Subtask build_union
[2025-10-07T00:14:05.725+0000] {logging_mixin.py:188} WARNING - /home/airflow/.local/lib/python3.12/site-packages/airflow/task/task_runner/standard_task_runner.py:62 DeprecationWarning: This process (pid=18150) is multi-threaded, use of fork() may lead to deadlocks in the child.
[2025-10-07T00:14:05.729+0000] {standard_task_runner.py:64} INFO - Started process 18161 to run task
[2025-10-07T00:14:05.739+0000] {task_command.py:426} INFO - Running <TaskInstance: labels_union.build_union scheduled__2025-10-06T00:00:00+00:00 [running]> on host 539ffd8f219e
[2025-10-07T00:14:05.759+0000] {taskinstance.py:2648} INFO - Exporting env vars: AIRFLOW_CTX_DAG_OWNER='you' AIRFLOW_CTX_DAG_ID='labels_union' AIRFLOW_CTX_TASK_ID='build_union' AIRFLOW_CTX_EXECUTION_DATE='2025-10-06T00:00:00+00:00' AIRFLOW_CTX_TRY_NUMBER='1' AIRFLOW_CTX_DAG_RUN_ID='scheduled__2025-10-06T00:00:00+00:00'
[2025-10-07T00:14:05.759+0000] {taskinstance.py:430} INFO - ::endgroup::
[2025-10-07T00:14:05.800+0000] {logging_mixin.py:188} INFO - [labels_union] wrote 6603 rows -> /opt/airflow/silver/labels_union/ingest_date=2025-10-06
[2025-10-07T00:14:05.800+0000] {python.py:237} INFO - Done. Returned value was: None
[2025-10-07T00:14:05.800+0000] {taskinstance.py:441} INFO - ::group::Post task execution logs
[2025-10-07T00:14:05.802+0000] {taskinstance.py:1206} INFO - Marking task as SUCCESS. dag_id=labels_union, task_id=build_union, run_id=scheduled__2025-10-06T00:00:00+00:00, execution_date=20251006T000000, start_date=20251007T001405, end_date=20251007T001405
[2025-10-07T00:14:05.829+0000] {local_task_job_runner.py:243} INFO - Task exited with return code 0
[2025-10-07T00:14:05.833+0000] {taskinstance.py:3503} INFO - 0 downstream tasks scheduled from follow-on schedule check
[2025-10-07T00:14:05.834+0000] {local_task_job_runner.py:222} INFO - ::endgroup::
[2025-10-29T18:14:02.700+0000] {local_task_job_runner.py:120} INFO - ::group::Pre task execution logs
[2025-10-29T18:14:02.709+0000] {taskinstance.py:2076} INFO - Dependencies all met for dep_context=non-requeueable deps ti=<TaskInstance: labels_union.build_union scheduled__2025-10-06T00:00:00+00:00 [queued]>
[2025-10-29T18:14:02.710+0000] {taskinstance.py:2076} INFO - Dependencies all met for dep_context=requeueable deps ti=<TaskInstance: labels_union.build_union scheduled__2025-10-06T00:00:00+00:00 [queued]>
[2025-10-29T18:14:02.710+0000] {taskinstance.py:2306} INFO - Starting attempt 1 of 1
[2025-10-29T18:14:02.715+0000] {taskinstance.py:2330} INFO - Executing <Task(PythonOperator): build_union> on 2025-10-06 00:00:00+00:00
[2025-10-29T18:14:02.717+0000] {standard_task_runner.py:90} INFO - Running: ['airflow', 'tasks', 'run', 'labels_union', 'build_union', 'scheduled__2025-10-06T00:00:00+00:00', '--job-id', '187', '--raw', '--subdir', 'DAGS_FOLDER/labels_union.py', '--cfg-path', '/tmp/tmpw61na90g']
[2025-10-29T18:14:02.718+0000] {standard_task_runner.py:91} INFO - Job 187: Subtask build_union
[2025-10-29T18:14:02.718+0000] {logging_mixin.py:188} WARNING - /home/airflow/.local/lib/python3.12/site-packages/airflow/task/task_runner/standard_task_runner.py:62 DeprecationWarning: This process (pid=4802) is multi-threaded, use of fork() may lead to deadlocks in the child.
[2025-10-29T18:14:02.721+0000] {standard_task_runner.py:64} INFO - Started process 4813 to run task
[2025-10-29T18:14:02.729+0000] {task_command.py:426} INFO - Running <TaskInstance: labels_union.build_union scheduled__2025-10-06T00:00:00+00:00 [running]> on host 9a4b1d75930e
[2025-10-29T18:14:02.748+0000] {taskinstance.py:2648} INFO - Exporting env vars: AIRFLOW_CTX_DAG_OWNER='you' AIRFLOW_CTX_DAG_ID='labels_union' AIRFLOW_CTX_TASK_ID='build_union' AIRFLOW_CTX_EXECUTION_DATE='2025-10-06T00:00:00+00:00' AIRFLOW_CTX_TRY_NUMBER='1' AIRFLOW_CTX_DAG_RUN_ID='scheduled__2025-10-06T00:00:00+00:00'
[2025-10-29T18:14:02.748+0000] {taskinstance.py:430} INFO - ::endgroup::
[2025-10-29T18:14:02.773+0000] {logging_mixin.py:188} INFO - [labels_union] 2025-10-06: wrote 3114 rows -> /opt/airflow/silver/labels_union/ingest_date=2025-10-06
[2025-10-29T18:14:02.773+0000] {python.py:237} INFO - Done. Returned value was: None
[2025-10-29T18:14:02.773+0000] {taskinstance.py:441} INFO - ::group::Post task execution logs
[2025-10-29T18:14:02.775+0000] {taskinstance.py:1206} INFO - Marking task as SUCCESS. dag_id=labels_union, task_id=build_union, run_id=scheduled__2025-10-06T00:00:00+00:00, execution_date=20251006T000000, start_date=20251029T181402, end_date=20251029T181402
[2025-10-29T18:14:02.825+0000] {local_task_job_runner.py:243} INFO - Task exited with return code 0
[2025-10-29T18:14:02.829+0000] {taskinstance.py:3503} INFO - 0 downstream tasks scheduled from follow-on schedule check
[2025-10-29T18:14:02.829+0000] {local_task_job_runner.py:222} INFO - ::endgroup::
