[2025-11-05T00:02:36.512+0000] {local_task_job_runner.py:120} INFO - ::group::Pre task execution logs
[2025-11-05T00:02:36.524+0000] {taskinstance.py:2076} INFO - Dependencies all met for dep_context=non-requeueable deps ti=<TaskInstance: misp_osint_ingest.misp_osint_fetch scheduled__2025-11-04T00:00:00+00:00 [queued]>
[2025-11-05T00:02:36.527+0000] {taskinstance.py:2076} INFO - Dependencies all met for dep_context=requeueable deps ti=<TaskInstance: misp_osint_ingest.misp_osint_fetch scheduled__2025-11-04T00:00:00+00:00 [queued]>
[2025-11-05T00:02:36.527+0000] {taskinstance.py:2306} INFO - Starting attempt 1 of 1
[2025-11-05T00:02:36.532+0000] {taskinstance.py:2330} INFO - Executing <Task(PythonOperator): misp_osint_fetch> on 2025-11-04 00:00:00+00:00
[2025-11-05T00:02:36.536+0000] {standard_task_runner.py:90} INFO - Running: ['airflow', 'tasks', 'run', 'misp_osint_ingest', 'misp_osint_fetch', 'scheduled__2025-11-04T00:00:00+00:00', '--job-id', '25', '--raw', '--subdir', 'DAGS_FOLDER/misp_osint_ingest.py', '--cfg-path', '/tmp/tmpmat8n0c1']
[2025-11-05T00:02:36.539+0000] {standard_task_runner.py:91} INFO - Job 25: Subtask misp_osint_fetch
[2025-11-05T00:02:36.539+0000] {logging_mixin.py:188} WARNING - /home/airflow/.local/lib/python3.12/site-packages/airflow/task/task_runner/standard_task_runner.py:62 DeprecationWarning: This process (pid=13254) is multi-threaded, use of fork() may lead to deadlocks in the child.
[2025-11-05T00:02:36.542+0000] {standard_task_runner.py:64} INFO - Started process 13265 to run task
[2025-11-05T00:02:36.556+0000] {task_command.py:426} INFO - Running <TaskInstance: misp_osint_ingest.misp_osint_fetch scheduled__2025-11-04T00:00:00+00:00 [running]> on host 7e98baed574a
[2025-11-05T00:02:36.580+0000] {taskinstance.py:2648} INFO - Exporting env vars: AIRFLOW_CTX_DAG_OWNER='you' AIRFLOW_CTX_DAG_ID='misp_osint_ingest' AIRFLOW_CTX_TASK_ID='misp_osint_fetch' AIRFLOW_CTX_EXECUTION_DATE='2025-11-04T00:00:00+00:00' AIRFLOW_CTX_TRY_NUMBER='1' AIRFLOW_CTX_DAG_RUN_ID='scheduled__2025-11-04T00:00:00+00:00'
[2025-11-05T00:02:36.580+0000] {taskinstance.py:430} INFO - ::endgroup::
[2025-11-05T00:14:35.232+0000] {logging_mixin.py:188} INFO - [misp_osint] fetched files: 40, rows extracted: 2856, file errors: 0
[2025-11-05T00:14:35.260+0000] {logging_mixin.py:188} INFO - [misp_osint] wrote 2856 rows -> /opt/airflow/silver/misp_osint/ingest_date=2025-11-04/misp_osint.parquet
[2025-11-05T00:14:35.261+0000] {python.py:237} INFO - Done. Returned value was: None
[2025-11-05T00:14:35.261+0000] {taskinstance.py:441} INFO - ::group::Post task execution logs
[2025-11-05T00:14:35.264+0000] {taskinstance.py:1206} INFO - Marking task as SUCCESS. dag_id=misp_osint_ingest, task_id=misp_osint_fetch, run_id=scheduled__2025-11-04T00:00:00+00:00, execution_date=20251104T000000, start_date=20251105T000236, end_date=20251105T001435
[2025-11-05T00:14:35.317+0000] {local_task_job_runner.py:243} INFO - Task exited with return code 0
[2025-11-05T00:14:35.322+0000] {taskinstance.py:3503} INFO - 0 downstream tasks scheduled from follow-on schedule check
[2025-11-05T00:14:35.323+0000] {local_task_job_runner.py:222} INFO - ::endgroup::
