[2025-11-13T01:41:49.414+0000] {local_task_job_runner.py:120} INFO - ::group::Pre task execution logs
[2025-11-13T01:41:49.422+0000] {taskinstance.py:2076} INFO - Dependencies all met for dep_context=non-requeueable deps ti=<TaskInstance: pipeline_orchestrator.lookups.whois_rdap manual__2025-11-13T00:00:00+00:00 [queued]>
[2025-11-13T01:41:49.424+0000] {taskinstance.py:2076} INFO - Dependencies all met for dep_context=requeueable deps ti=<TaskInstance: pipeline_orchestrator.lookups.whois_rdap manual__2025-11-13T00:00:00+00:00 [queued]>
[2025-11-13T01:41:49.424+0000] {taskinstance.py:2306} INFO - Starting attempt 1 of 1
[2025-11-13T01:41:49.429+0000] {taskinstance.py:2330} INFO - Executing <Task(TriggerDagRunOperator): lookups.whois_rdap> on 2025-11-13 00:00:00+00:00
[2025-11-13T01:41:49.430+0000] {standard_task_runner.py:64} INFO - Started process 13023 to run task
[2025-11-13T01:41:49.431+0000] {standard_task_runner.py:90} INFO - Running: ['airflow', 'tasks', 'run', 'pipeline_orchestrator', 'lookups.whois_rdap', 'manual__2025-11-13T00:00:00+00:00', '--job-id', '71', '--raw', '--subdir', 'DAGS_FOLDER/pipeline_orchestrator.py', '--cfg-path', '/tmp/tmpe8tx929w']
[2025-11-13T01:41:49.432+0000] {standard_task_runner.py:91} INFO - Job 71: Subtask lookups.whois_rdap
[2025-11-13T01:41:49.444+0000] {task_command.py:426} INFO - Running <TaskInstance: pipeline_orchestrator.lookups.whois_rdap manual__2025-11-13T00:00:00+00:00 [running]> on host 1fd82182dcce
[2025-11-13T01:41:49.516+0000] {taskinstance.py:2648} INFO - Exporting env vars: AIRFLOW_CTX_DAG_OWNER='airflow' AIRFLOW_CTX_DAG_ID='pipeline_orchestrator' AIRFLOW_CTX_TASK_ID='lookups.whois_rdap' AIRFLOW_CTX_EXECUTION_DATE='2025-11-13T00:00:00+00:00' AIRFLOW_CTX_TRY_NUMBER='1' AIRFLOW_CTX_DAG_RUN_ID='manual__2025-11-13T00:00:00+00:00'
[2025-11-13T01:41:49.516+0000] {taskinstance.py:430} INFO - ::endgroup::
[2025-11-13T01:41:49.535+0000] {taskinstance.py:441} INFO - ::group::Post task execution logs
[2025-11-13T01:41:49.535+0000] {crypto.py:82} WARNING - empty cryptography key - values will not be stored encrypted.
[2025-11-13T01:41:49.536+0000] {taskinstance.py:2489} INFO - Pausing task as DEFERRED. dag_id=pipeline_orchestrator, task_id=lookups.whois_rdap, run_id=manual__2025-11-13T00:00:00+00:00, execution_date=20251113T000000, start_date=20251113T014149
[2025-11-13T01:41:49.578+0000] {local_task_job_runner.py:237} INFO - Task exited with return code 100 (task deferral)
[2025-11-13T01:41:49.578+0000] {local_task_job_runner.py:222} INFO - ::endgroup::
[2025-11-13T01:51:56.278+0000] {local_task_job_runner.py:120} INFO - ::group::Pre task execution logs
[2025-11-13T01:51:56.290+0000] {taskinstance.py:2076} INFO - Dependencies all met for dep_context=non-requeueable deps ti=<TaskInstance: pipeline_orchestrator.lookups.whois_rdap manual__2025-11-13T00:00:00+00:00 [queued]>
[2025-11-13T01:51:56.293+0000] {taskinstance.py:2076} INFO - Dependencies all met for dep_context=requeueable deps ti=<TaskInstance: pipeline_orchestrator.lookups.whois_rdap manual__2025-11-13T00:00:00+00:00 [queued]>
[2025-11-13T01:51:56.293+0000] {taskinstance.py:2304} INFO - Resuming after deferral
[2025-11-13T01:51:56.300+0000] {taskinstance.py:2330} INFO - Executing <Task(TriggerDagRunOperator): lookups.whois_rdap> on 2025-11-13 00:00:00+00:00
[2025-11-13T01:51:56.303+0000] {standard_task_runner.py:64} INFO - Started process 13141 to run task
[2025-11-13T01:51:56.305+0000] {standard_task_runner.py:90} INFO - Running: ['airflow', 'tasks', 'run', 'pipeline_orchestrator', 'lookups.whois_rdap', 'manual__2025-11-13T00:00:00+00:00', '--job-id', '76', '--raw', '--subdir', 'DAGS_FOLDER/pipeline_orchestrator.py', '--cfg-path', '/tmp/tmp8e3amiim']
[2025-11-13T01:51:56.306+0000] {standard_task_runner.py:91} INFO - Job 76: Subtask lookups.whois_rdap
[2025-11-13T01:51:56.335+0000] {task_command.py:426} INFO - Running <TaskInstance: pipeline_orchestrator.lookups.whois_rdap manual__2025-11-13T00:00:00+00:00 [running]> on host 1fd82182dcce
[2025-11-13T01:51:56.488+0000] {taskinstance.py:430} INFO - ::endgroup::
[2025-11-13T01:51:56.490+0000] {trigger_dagrun.py:262} INFO - whois_rdap_ingest finished with allowed state success
[2025-11-13T01:51:56.491+0000] {taskinstance.py:441} INFO - ::group::Post task execution logs
[2025-11-13T01:51:56.494+0000] {taskinstance.py:1206} INFO - Marking task as SUCCESS. dag_id=pipeline_orchestrator, task_id=lookups.whois_rdap, run_id=manual__2025-11-13T00:00:00+00:00, execution_date=20251113T000000, start_date=20251113T014149, end_date=20251113T015156
[2025-11-13T01:51:56.524+0000] {local_task_job_runner.py:243} INFO - Task exited with return code 0
[2025-11-13T01:51:56.537+0000] {taskinstance.py:3503} INFO - 0 downstream tasks scheduled from follow-on schedule check
[2025-11-13T01:51:56.538+0000] {local_task_job_runner.py:222} INFO - ::endgroup::
