[2025-11-12T00:06:21.212+0000] {local_task_job_runner.py:120} INFO - ::group::Pre task execution logs
[2025-11-12T00:06:21.219+0000] {taskinstance.py:2076} INFO - Dependencies all met for dep_context=non-requeueable deps ti=<TaskInstance: pipeline_orchestrator.bronze.urlhaus_bronze scheduled__2025-11-11T00:00:00+00:00 [queued]>
[2025-11-12T00:06:21.220+0000] {taskinstance.py:2076} INFO - Dependencies all met for dep_context=requeueable deps ti=<TaskInstance: pipeline_orchestrator.bronze.urlhaus_bronze scheduled__2025-11-11T00:00:00+00:00 [queued]>
[2025-11-12T00:06:21.221+0000] {taskinstance.py:2306} INFO - Starting attempt 1 of 1
[2025-11-12T00:06:21.224+0000] {taskinstance.py:2330} INFO - Executing <Task(TriggerDagRunOperator): bronze.urlhaus_bronze> on 2025-11-11 00:00:00+00:00
[2025-11-12T00:06:21.226+0000] {standard_task_runner.py:64} INFO - Started process 7969 to run task
[2025-11-12T00:06:21.227+0000] {standard_task_runner.py:90} INFO - Running: ['airflow', 'tasks', 'run', 'pipeline_orchestrator', 'bronze.urlhaus_bronze', 'scheduled__2025-11-11T00:00:00+00:00', '--job-id', '35', '--raw', '--subdir', 'DAGS_FOLDER/pipeline_orchestrator.py', '--cfg-path', '/tmp/tmpvytupqmm']
[2025-11-12T00:06:21.228+0000] {standard_task_runner.py:91} INFO - Job 35: Subtask bronze.urlhaus_bronze
[2025-11-12T00:06:21.240+0000] {task_command.py:426} INFO - Running <TaskInstance: pipeline_orchestrator.bronze.urlhaus_bronze scheduled__2025-11-11T00:00:00+00:00 [running]> on host f527e191e325
[2025-11-12T00:06:21.309+0000] {taskinstance.py:2648} INFO - Exporting env vars: AIRFLOW_CTX_DAG_OWNER='airflow' AIRFLOW_CTX_DAG_ID='pipeline_orchestrator' AIRFLOW_CTX_TASK_ID='bronze.urlhaus_bronze' AIRFLOW_CTX_EXECUTION_DATE='2025-11-11T00:00:00+00:00' AIRFLOW_CTX_TRY_NUMBER='1' AIRFLOW_CTX_DAG_RUN_ID='scheduled__2025-11-11T00:00:00+00:00'
[2025-11-12T00:06:21.309+0000] {taskinstance.py:430} INFO - ::endgroup::
[2025-11-12T00:06:21.326+0000] {taskinstance.py:441} INFO - ::group::Post task execution logs
[2025-11-12T00:06:21.327+0000] {taskinstance.py:1206} INFO - Marking task as SUCCESS. dag_id=pipeline_orchestrator, task_id=bronze.urlhaus_bronze, run_id=scheduled__2025-11-11T00:00:00+00:00, execution_date=20251111T000000, start_date=20251112T000621, end_date=20251112T000621
[2025-11-12T00:06:21.368+0000] {local_task_job_runner.py:243} INFO - Task exited with return code 0
[2025-11-12T00:06:21.411+0000] {taskinstance.py:3503} INFO - 2 downstream tasks scheduled from follow-on schedule check
[2025-11-12T00:06:21.413+0000] {local_task_job_runner.py:222} INFO - ::endgroup::
[2025-11-12T05:59:53.684+0000] {local_task_job_runner.py:120} INFO - ::group::Pre task execution logs
[2025-11-12T05:59:53.693+0000] {taskinstance.py:2076} INFO - Dependencies all met for dep_context=non-requeueable deps ti=<TaskInstance: pipeline_orchestrator.bronze.urlhaus_bronze scheduled__2025-11-11T00:00:00+00:00 [queued]>
[2025-11-12T05:59:53.696+0000] {taskinstance.py:2076} INFO - Dependencies all met for dep_context=requeueable deps ti=<TaskInstance: pipeline_orchestrator.bronze.urlhaus_bronze scheduled__2025-11-11T00:00:00+00:00 [queued]>
[2025-11-12T05:59:53.696+0000] {taskinstance.py:2306} INFO - Starting attempt 1 of 1
[2025-11-12T05:59:53.701+0000] {taskinstance.py:2330} INFO - Executing <Task(TriggerDagRunOperator): bronze.urlhaus_bronze> on 2025-11-11 00:00:00+00:00
[2025-11-12T05:59:53.702+0000] {standard_task_runner.py:64} INFO - Started process 170 to run task
[2025-11-12T05:59:53.704+0000] {standard_task_runner.py:90} INFO - Running: ['airflow', 'tasks', 'run', 'pipeline_orchestrator', 'bronze.urlhaus_bronze', 'scheduled__2025-11-11T00:00:00+00:00', '--job-id', '3', '--raw', '--subdir', 'DAGS_FOLDER/pipeline_orchestrator.py', '--cfg-path', '/tmp/tmpaxw0mjb_']
[2025-11-12T05:59:53.704+0000] {standard_task_runner.py:91} INFO - Job 3: Subtask bronze.urlhaus_bronze
[2025-11-12T05:59:53.719+0000] {task_command.py:426} INFO - Running <TaskInstance: pipeline_orchestrator.bronze.urlhaus_bronze scheduled__2025-11-11T00:00:00+00:00 [running]> on host 1fd82182dcce
[2025-11-12T05:59:53.796+0000] {taskinstance.py:2648} INFO - Exporting env vars: AIRFLOW_CTX_DAG_OWNER='airflow' AIRFLOW_CTX_DAG_ID='pipeline_orchestrator' AIRFLOW_CTX_TASK_ID='bronze.urlhaus_bronze' AIRFLOW_CTX_EXECUTION_DATE='2025-11-11T00:00:00+00:00' AIRFLOW_CTX_TRY_NUMBER='1' AIRFLOW_CTX_DAG_RUN_ID='scheduled__2025-11-11T00:00:00+00:00'
[2025-11-12T05:59:53.796+0000] {taskinstance.py:430} INFO - ::endgroup::
[2025-11-12T05:59:53.814+0000] {taskinstance.py:441} INFO - ::group::Post task execution logs
[2025-11-12T05:59:53.814+0000] {crypto.py:82} WARNING - empty cryptography key - values will not be stored encrypted.
[2025-11-12T05:59:53.815+0000] {taskinstance.py:2489} INFO - Pausing task as DEFERRED. dag_id=pipeline_orchestrator, task_id=bronze.urlhaus_bronze, run_id=scheduled__2025-11-11T00:00:00+00:00, execution_date=20251111T000000, start_date=20251112T055953
[2025-11-12T05:59:53.853+0000] {local_task_job_runner.py:237} INFO - Task exited with return code 100 (task deferral)
[2025-11-12T05:59:53.853+0000] {local_task_job_runner.py:222} INFO - ::endgroup::
