[2025-10-29T17:13:28.992+0000] {local_task_job_runner.py:120} INFO - ::group::Pre task execution logs
[2025-10-29T17:13:28.999+0000] {taskinstance.py:2076} INFO - Dependencies all met for dep_context=non-requeueable deps ti=<TaskInstance: openphish_ingest.openphish_fetch_normalize_bronze scheduled__2025-09-15T00:00:00+00:00 [queued]>
[2025-10-29T17:13:29.001+0000] {taskinstance.py:2076} INFO - Dependencies all met for dep_context=requeueable deps ti=<TaskInstance: openphish_ingest.openphish_fetch_normalize_bronze scheduled__2025-09-15T00:00:00+00:00 [queued]>
[2025-10-29T17:13:29.001+0000] {taskinstance.py:2306} INFO - Starting attempt 1 of 2
[2025-10-29T17:13:29.005+0000] {taskinstance.py:2330} INFO - Executing <Task(PythonOperator): openphish_fetch_normalize_bronze> on 2025-09-15 00:00:00+00:00
[2025-10-29T17:13:29.007+0000] {warnings.py:112} WARNING - /home/airflow/.local/lib/python3.12/site-packages/airflow/task/task_runner/standard_task_runner.py:62: DeprecationWarning: This process (pid=831) is multi-threaded, use of fork() may lead to deadlocks in the child.
  pid = os.fork()

[2025-10-29T17:13:29.007+0000] {standard_task_runner.py:64} INFO - Started process 852 to run task
[2025-10-29T17:13:29.008+0000] {standard_task_runner.py:90} INFO - Running: ['airflow', 'tasks', 'run', 'openphish_ingest', 'openphish_fetch_normalize_bronze', 'scheduled__2025-09-15T00:00:00+00:00', '--job-id', '28', '--raw', '--subdir', 'DAGS_FOLDER/openphish_ingest.py', '--cfg-path', '/tmp/tmpybs5faug']
[2025-10-29T17:13:29.008+0000] {standard_task_runner.py:91} INFO - Job 28: Subtask openphish_fetch_normalize_bronze
[2025-10-29T17:13:29.019+0000] {task_command.py:426} INFO - Running <TaskInstance: openphish_ingest.openphish_fetch_normalize_bronze scheduled__2025-09-15T00:00:00+00:00 [running]> on host 109bbc934e0f
[2025-10-29T17:13:29.038+0000] {taskinstance.py:2648} INFO - Exporting env vars: AIRFLOW_CTX_DAG_OWNER='you' AIRFLOW_CTX_DAG_ID='openphish_ingest' AIRFLOW_CTX_TASK_ID='openphish_fetch_normalize_bronze' AIRFLOW_CTX_EXECUTION_DATE='2025-09-15T00:00:00+00:00' AIRFLOW_CTX_TRY_NUMBER='1' AIRFLOW_CTX_DAG_RUN_ID='scheduled__2025-09-15T00:00:00+00:00'
[2025-10-29T17:13:29.039+0000] {taskinstance.py:430} INFO - ::endgroup::
[2025-10-29T17:13:29.699+0000] {logging_mixin.py:188} INFO - [openphish_ingest] rows after normalize: 300
[2025-10-29T17:13:29.704+0000] {logging_mixin.py:188} INFO - [openphish] rows after normalize: 300
[2025-10-29T17:13:29.721+0000] {python.py:237} INFO - Done. Returned value was: None
[2025-10-29T17:13:29.721+0000] {taskinstance.py:441} INFO - ::group::Post task execution logs
[2025-10-29T17:13:29.723+0000] {taskinstance.py:1206} INFO - Marking task as SUCCESS. dag_id=openphish_ingest, task_id=openphish_fetch_normalize_bronze, run_id=scheduled__2025-09-15T00:00:00+00:00, execution_date=20250915T000000, start_date=20251029T171328, end_date=20251029T171329
[2025-10-29T17:13:29.750+0000] {local_task_job_runner.py:243} INFO - Task exited with return code 0
[2025-10-29T17:13:29.755+0000] {taskinstance.py:3503} INFO - 0 downstream tasks scheduled from follow-on schedule check
[2025-10-29T17:13:29.755+0000] {local_task_job_runner.py:222} INFO - ::endgroup::
[2025-10-29T18:09:21.687+0000] {local_task_job_runner.py:120} INFO - ::group::Pre task execution logs
[2025-10-29T18:09:21.695+0000] {taskinstance.py:2076} INFO - Dependencies all met for dep_context=non-requeueable deps ti=<TaskInstance: openphish_ingest.openphish_fetch_normalize_bronze scheduled__2025-09-15T00:00:00+00:00 [queued]>
[2025-10-29T18:09:21.697+0000] {taskinstance.py:2076} INFO - Dependencies all met for dep_context=requeueable deps ti=<TaskInstance: openphish_ingest.openphish_fetch_normalize_bronze scheduled__2025-09-15T00:00:00+00:00 [queued]>
[2025-10-29T18:09:21.697+0000] {taskinstance.py:2306} INFO - Starting attempt 1 of 2
[2025-10-29T18:09:21.701+0000] {taskinstance.py:2330} INFO - Executing <Task(PythonOperator): openphish_fetch_normalize_bronze> on 2025-09-15 00:00:00+00:00
[2025-10-29T18:09:21.705+0000] {warnings.py:112} WARNING - /home/airflow/.local/lib/python3.12/site-packages/airflow/task/task_runner/standard_task_runner.py:62: DeprecationWarning: This process (pid=1873) is multi-threaded, use of fork() may lead to deadlocks in the child.
  pid = os.fork()

[2025-10-29T18:09:21.705+0000] {standard_task_runner.py:64} INFO - Started process 1894 to run task
[2025-10-29T18:09:21.706+0000] {standard_task_runner.py:90} INFO - Running: ['airflow', 'tasks', 'run', 'openphish_ingest', 'openphish_fetch_normalize_bronze', 'scheduled__2025-09-15T00:00:00+00:00', '--job-id', '69', '--raw', '--subdir', 'DAGS_FOLDER/openphish_ingest.py', '--cfg-path', '/tmp/tmpa_mpln0q']
[2025-10-29T18:09:21.706+0000] {standard_task_runner.py:91} INFO - Job 69: Subtask openphish_fetch_normalize_bronze
[2025-10-29T18:09:21.721+0000] {task_command.py:426} INFO - Running <TaskInstance: openphish_ingest.openphish_fetch_normalize_bronze scheduled__2025-09-15T00:00:00+00:00 [running]> on host 9a4b1d75930e
[2025-10-29T18:09:21.744+0000] {taskinstance.py:2648} INFO - Exporting env vars: AIRFLOW_CTX_DAG_OWNER='you' AIRFLOW_CTX_DAG_ID='openphish_ingest' AIRFLOW_CTX_TASK_ID='openphish_fetch_normalize_bronze' AIRFLOW_CTX_EXECUTION_DATE='2025-09-15T00:00:00+00:00' AIRFLOW_CTX_TRY_NUMBER='1' AIRFLOW_CTX_DAG_RUN_ID='scheduled__2025-09-15T00:00:00+00:00'
[2025-10-29T18:09:21.745+0000] {taskinstance.py:430} INFO - ::endgroup::
[2025-10-29T18:09:22.408+0000] {logging_mixin.py:188} INFO - [openphish_ingest] rows after normalize: 300
[2025-10-29T18:09:22.412+0000] {logging_mixin.py:188} INFO - [openphish] rows after normalize: 300
[2025-10-29T18:09:22.423+0000] {python.py:237} INFO - Done. Returned value was: None
[2025-10-29T18:09:22.423+0000] {taskinstance.py:441} INFO - ::group::Post task execution logs
[2025-10-29T18:09:22.425+0000] {taskinstance.py:1206} INFO - Marking task as SUCCESS. dag_id=openphish_ingest, task_id=openphish_fetch_normalize_bronze, run_id=scheduled__2025-09-15T00:00:00+00:00, execution_date=20250915T000000, start_date=20251029T180921, end_date=20251029T180922
[2025-10-29T18:09:22.465+0000] {local_task_job_runner.py:243} INFO - Task exited with return code 0
[2025-10-29T18:09:22.470+0000] {taskinstance.py:3503} INFO - 0 downstream tasks scheduled from follow-on schedule check
[2025-10-29T18:09:22.470+0000] {local_task_job_runner.py:222} INFO - ::endgroup::
