[2025-11-04T00:29:07.048+0000] {local_task_job_runner.py:120} INFO - ::group::Pre task execution logs
[2025-11-04T00:29:07.056+0000] {taskinstance.py:2076} INFO - Dependencies all met for dep_context=non-requeueable deps ti=<TaskInstance: dns_ip_geo_ingest.dns_ip_geo_fetch scheduled__2025-11-03T00:00:00+00:00 [queued]>
[2025-11-04T00:29:07.058+0000] {taskinstance.py:2076} INFO - Dependencies all met for dep_context=requeueable deps ti=<TaskInstance: dns_ip_geo_ingest.dns_ip_geo_fetch scheduled__2025-11-03T00:00:00+00:00 [queued]>
[2025-11-04T00:29:07.058+0000] {taskinstance.py:2306} INFO - Starting attempt 1 of 1
[2025-11-04T00:29:07.062+0000] {taskinstance.py:2330} INFO - Executing <Task(PythonOperator): dns_ip_geo_fetch> on 2025-11-03 00:00:00+00:00
[2025-11-04T00:29:07.066+0000] {logging_mixin.py:188} WARNING - /home/airflow/.local/lib/python3.12/site-packages/airflow/task/task_runner/standard_task_runner.py:62 DeprecationWarning: This process (pid=546) is multi-threaded, use of fork() may lead to deadlocks in the child.
[2025-11-04T00:29:07.066+0000] {standard_task_runner.py:64} INFO - Started process 557 to run task
[2025-11-04T00:29:07.065+0000] {standard_task_runner.py:90} INFO - Running: ['airflow', 'tasks', 'run', 'dns_ip_geo_ingest', 'dns_ip_geo_fetch', 'scheduled__2025-11-03T00:00:00+00:00', '--job-id', '14', '--raw', '--subdir', 'DAGS_FOLDER/dns_ip_geo_dag.py', '--cfg-path', '/tmp/tmpz4w2lfkz']
[2025-11-04T00:29:07.067+0000] {standard_task_runner.py:91} INFO - Job 14: Subtask dns_ip_geo_fetch
[2025-11-04T00:29:07.078+0000] {task_command.py:426} INFO - Running <TaskInstance: dns_ip_geo_ingest.dns_ip_geo_fetch scheduled__2025-11-03T00:00:00+00:00 [running]> on host 90fcab7a3fd8
[2025-11-04T00:29:07.096+0000] {taskinstance.py:2648} INFO - Exporting env vars: AIRFLOW_CTX_DAG_OWNER='you' AIRFLOW_CTX_DAG_ID='dns_ip_geo_ingest' AIRFLOW_CTX_TASK_ID='dns_ip_geo_fetch' AIRFLOW_CTX_EXECUTION_DATE='2025-11-03T00:00:00+00:00' AIRFLOW_CTX_TRY_NUMBER='1' AIRFLOW_CTX_DAG_RUN_ID='scheduled__2025-11-03T00:00:00+00:00'
[2025-11-04T00:29:07.096+0000] {taskinstance.py:430} INFO - ::endgroup::
[2025-11-04T00:53:54.206+0000] {logging_mixin.py:188} INFO - [dns_ip_geo] ds=2025-11-03 domains=3038 new_pairs=18 daily_rows=383
[2025-11-04T00:53:54.209+0000] {python.py:237} INFO - Done. Returned value was: None
[2025-11-04T00:53:54.210+0000] {taskinstance.py:441} INFO - ::group::Post task execution logs
[2025-11-04T00:53:54.222+0000] {taskinstance.py:1206} INFO - Marking task as SUCCESS. dag_id=dns_ip_geo_ingest, task_id=dns_ip_geo_fetch, run_id=scheduled__2025-11-03T00:00:00+00:00, execution_date=20251103T000000, start_date=20251104T002907, end_date=20251104T005354
[2025-11-04T00:53:54.292+0000] {local_task_job_runner.py:243} INFO - Task exited with return code 0
[2025-11-04T00:53:54.312+0000] {taskinstance.py:3503} INFO - 0 downstream tasks scheduled from follow-on schedule check
[2025-11-04T00:53:54.313+0000] {local_task_job_runner.py:222} INFO - ::endgroup::
[2025-11-04T18:15:22.436+0000] {local_task_job_runner.py:120} INFO - ::group::Pre task execution logs
[2025-11-04T18:15:22.444+0000] {taskinstance.py:2076} INFO - Dependencies all met for dep_context=non-requeueable deps ti=<TaskInstance: dns_ip_geo_ingest.dns_ip_geo_fetch scheduled__2025-11-03T00:00:00+00:00 [queued]>
[2025-11-04T18:15:22.446+0000] {taskinstance.py:2076} INFO - Dependencies all met for dep_context=requeueable deps ti=<TaskInstance: dns_ip_geo_ingest.dns_ip_geo_fetch scheduled__2025-11-03T00:00:00+00:00 [queued]>
[2025-11-04T18:15:22.446+0000] {taskinstance.py:2306} INFO - Starting attempt 1 of 1
[2025-11-04T18:15:22.450+0000] {taskinstance.py:2330} INFO - Executing <Task(PythonOperator): dns_ip_geo_fetch> on 2025-11-03 00:00:00+00:00
[2025-11-04T18:15:22.453+0000] {standard_task_runner.py:90} INFO - Running: ['airflow', 'tasks', 'run', 'dns_ip_geo_ingest', 'dns_ip_geo_fetch', 'scheduled__2025-11-03T00:00:00+00:00', '--job-id', '10', '--raw', '--subdir', 'DAGS_FOLDER/dns_ip_geo_dag.py', '--cfg-path', '/tmp/tmp40q9ov6s']
[2025-11-04T18:15:22.454+0000] {standard_task_runner.py:91} INFO - Job 10: Subtask dns_ip_geo_fetch
[2025-11-04T18:15:22.454+0000] {logging_mixin.py:188} WARNING - /home/airflow/.local/lib/python3.12/site-packages/airflow/task/task_runner/standard_task_runner.py:62 DeprecationWarning: This process (pid=2258) is multi-threaded, use of fork() may lead to deadlocks in the child.
[2025-11-04T18:15:22.457+0000] {standard_task_runner.py:64} INFO - Started process 2269 to run task
[2025-11-04T18:15:22.467+0000] {task_command.py:426} INFO - Running <TaskInstance: dns_ip_geo_ingest.dns_ip_geo_fetch scheduled__2025-11-03T00:00:00+00:00 [running]> on host 7e98baed574a
[2025-11-04T18:15:22.488+0000] {taskinstance.py:2648} INFO - Exporting env vars: AIRFLOW_CTX_DAG_OWNER='you' AIRFLOW_CTX_DAG_ID='dns_ip_geo_ingest' AIRFLOW_CTX_TASK_ID='dns_ip_geo_fetch' AIRFLOW_CTX_EXECUTION_DATE='2025-11-03T00:00:00+00:00' AIRFLOW_CTX_TRY_NUMBER='1' AIRFLOW_CTX_DAG_RUN_ID='scheduled__2025-11-03T00:00:00+00:00'
[2025-11-04T18:15:22.488+0000] {taskinstance.py:430} INFO - ::endgroup::
[2025-11-04T18:40:25.437+0000] {logging_mixin.py:188} INFO - [dns_ip_geo] ds=2025-11-03 domains=3025 new_pairs=63 daily_rows=354
[2025-11-04T18:40:25.439+0000] {python.py:237} INFO - Done. Returned value was: None
[2025-11-04T18:40:25.439+0000] {taskinstance.py:441} INFO - ::group::Post task execution logs
[2025-11-04T18:40:25.448+0000] {taskinstance.py:1206} INFO - Marking task as SUCCESS. dag_id=dns_ip_geo_ingest, task_id=dns_ip_geo_fetch, run_id=scheduled__2025-11-03T00:00:00+00:00, execution_date=20251103T000000, start_date=20251104T181522, end_date=20251104T184025
[2025-11-04T18:40:25.511+0000] {local_task_job_runner.py:243} INFO - Task exited with return code 0
[2025-11-04T18:40:25.520+0000] {taskinstance.py:3503} INFO - 0 downstream tasks scheduled from follow-on schedule check
[2025-11-04T18:40:25.520+0000] {local_task_job_runner.py:222} INFO - ::endgroup::
