[2025-10-29T17:12:31.611+0000] {local_task_job_runner.py:120} INFO - ::group::Pre task execution logs
[2025-10-29T17:12:31.618+0000] {taskinstance.py:2076} INFO - Dependencies all met for dep_context=non-requeueable deps ti=<TaskInstance: openphish_ingest.openphish_fetch_normalize_bronze scheduled__2025-09-06T00:00:00+00:00 [queued]>
[2025-10-29T17:12:31.620+0000] {taskinstance.py:2076} INFO - Dependencies all met for dep_context=requeueable deps ti=<TaskInstance: openphish_ingest.openphish_fetch_normalize_bronze scheduled__2025-09-06T00:00:00+00:00 [queued]>
[2025-10-29T17:12:31.620+0000] {taskinstance.py:2306} INFO - Starting attempt 1 of 2
[2025-10-29T17:12:31.624+0000] {taskinstance.py:2330} INFO - Executing <Task(PythonOperator): openphish_fetch_normalize_bronze> on 2025-09-06 00:00:00+00:00
[2025-10-29T17:12:31.626+0000] {warnings.py:112} WARNING - /home/airflow/.local/lib/python3.12/site-packages/airflow/task/task_runner/standard_task_runner.py:62: DeprecationWarning: This process (pid=394) is multi-threaded, use of fork() may lead to deadlocks in the child.
  pid = os.fork()

[2025-10-29T17:12:31.626+0000] {standard_task_runner.py:64} INFO - Started process 415 to run task
[2025-10-29T17:12:31.627+0000] {standard_task_runner.py:90} INFO - Running: ['airflow', 'tasks', 'run', 'openphish_ingest', 'openphish_fetch_normalize_bronze', 'scheduled__2025-09-06T00:00:00+00:00', '--job-id', '12', '--raw', '--subdir', 'DAGS_FOLDER/openphish_ingest.py', '--cfg-path', '/tmp/tmpnaog4mhn']
[2025-10-29T17:12:31.627+0000] {standard_task_runner.py:91} INFO - Job 12: Subtask openphish_fetch_normalize_bronze
[2025-10-29T17:12:31.638+0000] {task_command.py:426} INFO - Running <TaskInstance: openphish_ingest.openphish_fetch_normalize_bronze scheduled__2025-09-06T00:00:00+00:00 [running]> on host 109bbc934e0f
[2025-10-29T17:12:31.659+0000] {taskinstance.py:2648} INFO - Exporting env vars: AIRFLOW_CTX_DAG_OWNER='you' AIRFLOW_CTX_DAG_ID='openphish_ingest' AIRFLOW_CTX_TASK_ID='openphish_fetch_normalize_bronze' AIRFLOW_CTX_EXECUTION_DATE='2025-09-06T00:00:00+00:00' AIRFLOW_CTX_TRY_NUMBER='1' AIRFLOW_CTX_DAG_RUN_ID='scheduled__2025-09-06T00:00:00+00:00'
[2025-10-29T17:12:31.659+0000] {taskinstance.py:430} INFO - ::endgroup::
[2025-10-29T17:12:32.325+0000] {logging_mixin.py:188} INFO - [openphish_ingest] rows after normalize: 300
[2025-10-29T17:12:32.330+0000] {logging_mixin.py:188} INFO - [openphish] rows after normalize: 300
[2025-10-29T17:12:32.349+0000] {python.py:237} INFO - Done. Returned value was: None
[2025-10-29T17:12:32.349+0000] {taskinstance.py:441} INFO - ::group::Post task execution logs
[2025-10-29T17:12:32.352+0000] {taskinstance.py:1206} INFO - Marking task as SUCCESS. dag_id=openphish_ingest, task_id=openphish_fetch_normalize_bronze, run_id=scheduled__2025-09-06T00:00:00+00:00, execution_date=20250906T000000, start_date=20251029T171231, end_date=20251029T171232
[2025-10-29T17:12:32.386+0000] {local_task_job_runner.py:243} INFO - Task exited with return code 0
[2025-10-29T17:12:32.392+0000] {taskinstance.py:3503} INFO - 0 downstream tasks scheduled from follow-on schedule check
[2025-10-29T17:12:32.392+0000] {local_task_job_runner.py:222} INFO - ::endgroup::
[2025-10-29T18:07:34.543+0000] {local_task_job_runner.py:120} INFO - ::group::Pre task execution logs
[2025-10-29T18:07:34.551+0000] {taskinstance.py:2076} INFO - Dependencies all met for dep_context=non-requeueable deps ti=<TaskInstance: openphish_ingest.openphish_fetch_normalize_bronze scheduled__2025-09-06T00:00:00+00:00 [queued]>
[2025-10-29T18:07:34.552+0000] {taskinstance.py:2076} INFO - Dependencies all met for dep_context=requeueable deps ti=<TaskInstance: openphish_ingest.openphish_fetch_normalize_bronze scheduled__2025-09-06T00:00:00+00:00 [queued]>
[2025-10-29T18:07:34.552+0000] {taskinstance.py:2306} INFO - Starting attempt 1 of 2
[2025-10-29T18:07:34.556+0000] {taskinstance.py:2330} INFO - Executing <Task(PythonOperator): openphish_fetch_normalize_bronze> on 2025-09-06 00:00:00+00:00
[2025-10-29T18:07:34.558+0000] {warnings.py:112} WARNING - /home/airflow/.local/lib/python3.12/site-packages/airflow/task/task_runner/standard_task_runner.py:62: DeprecationWarning: This process (pid=759) is multi-threaded, use of fork() may lead to deadlocks in the child.
  pid = os.fork()

[2025-10-29T18:07:34.559+0000] {standard_task_runner.py:64} INFO - Started process 780 to run task
[2025-10-29T18:07:34.559+0000] {standard_task_runner.py:90} INFO - Running: ['airflow', 'tasks', 'run', 'openphish_ingest', 'openphish_fetch_normalize_bronze', 'scheduled__2025-09-06T00:00:00+00:00', '--job-id', '24', '--raw', '--subdir', 'DAGS_FOLDER/openphish_ingest.py', '--cfg-path', '/tmp/tmpn3mmd_vi']
[2025-10-29T18:07:34.559+0000] {standard_task_runner.py:91} INFO - Job 24: Subtask openphish_fetch_normalize_bronze
[2025-10-29T18:07:34.570+0000] {task_command.py:426} INFO - Running <TaskInstance: openphish_ingest.openphish_fetch_normalize_bronze scheduled__2025-09-06T00:00:00+00:00 [running]> on host 9a4b1d75930e
[2025-10-29T18:07:34.590+0000] {taskinstance.py:2648} INFO - Exporting env vars: AIRFLOW_CTX_DAG_OWNER='you' AIRFLOW_CTX_DAG_ID='openphish_ingest' AIRFLOW_CTX_TASK_ID='openphish_fetch_normalize_bronze' AIRFLOW_CTX_EXECUTION_DATE='2025-09-06T00:00:00+00:00' AIRFLOW_CTX_TRY_NUMBER='1' AIRFLOW_CTX_DAG_RUN_ID='scheduled__2025-09-06T00:00:00+00:00'
[2025-10-29T18:07:34.590+0000] {taskinstance.py:430} INFO - ::endgroup::
[2025-10-29T18:07:35.258+0000] {logging_mixin.py:188} INFO - [openphish_ingest] rows after normalize: 300
[2025-10-29T18:07:35.264+0000] {logging_mixin.py:188} INFO - [openphish] rows after normalize: 300
[2025-10-29T18:07:35.282+0000] {python.py:237} INFO - Done. Returned value was: None
[2025-10-29T18:07:35.282+0000] {taskinstance.py:441} INFO - ::group::Post task execution logs
[2025-10-29T18:07:35.285+0000] {taskinstance.py:1206} INFO - Marking task as SUCCESS. dag_id=openphish_ingest, task_id=openphish_fetch_normalize_bronze, run_id=scheduled__2025-09-06T00:00:00+00:00, execution_date=20250906T000000, start_date=20251029T180734, end_date=20251029T180735
[2025-10-29T18:07:35.316+0000] {local_task_job_runner.py:243} INFO - Task exited with return code 0
[2025-10-29T18:07:35.322+0000] {taskinstance.py:3503} INFO - 0 downstream tasks scheduled from follow-on schedule check
[2025-10-29T18:07:35.322+0000] {local_task_job_runner.py:222} INFO - ::endgroup::
