[2025-10-02T00:00:18.120+0000] {local_task_job_runner.py:120} INFO - ::group::Pre task execution logs
[2025-10-02T00:00:18.134+0000] {taskinstance.py:2076} INFO - Dependencies all met for dep_context=non-requeueable deps ti=<TaskInstance: labels_union.build_union scheduled__2025-10-01T00:00:00+00:00 [queued]>
[2025-10-02T00:00:18.136+0000] {taskinstance.py:2076} INFO - Dependencies all met for dep_context=requeueable deps ti=<TaskInstance: labels_union.build_union scheduled__2025-10-01T00:00:00+00:00 [queued]>
[2025-10-02T00:00:18.136+0000] {taskinstance.py:2306} INFO - Starting attempt 1 of 1
[2025-10-02T00:00:18.148+0000] {taskinstance.py:2330} INFO - Executing <Task(PythonOperator): build_union> on 2025-10-01 00:00:00+00:00
[2025-10-02T00:00:18.154+0000] {standard_task_runner.py:90} INFO - Running: ['airflow', 'tasks', 'run', 'labels_union', 'build_union', 'scheduled__2025-10-01T00:00:00+00:00', '--job-id', '77', '--raw', '--subdir', 'DAGS_FOLDER/labels_union.py', '--cfg-path', '/tmp/tmp9hg6j2zl']
[2025-10-02T00:00:18.157+0000] {standard_task_runner.py:91} INFO - Job 77: Subtask build_union
[2025-10-02T00:00:18.157+0000] {logging_mixin.py:188} WARNING - /home/airflow/.local/lib/python3.12/site-packages/airflow/task/task_runner/standard_task_runner.py:62 DeprecationWarning: This process (pid=13710) is multi-threaded, use of fork() may lead to deadlocks in the child.
[2025-10-02T00:00:18.161+0000] {standard_task_runner.py:64} INFO - Started process 13721 to run task
[2025-10-02T00:00:18.179+0000] {task_command.py:426} INFO - Running <TaskInstance: labels_union.build_union scheduled__2025-10-01T00:00:00+00:00 [running]> on host 539ffd8f219e
[2025-10-02T00:00:18.204+0000] {taskinstance.py:2648} INFO - Exporting env vars: AIRFLOW_CTX_DAG_OWNER='you' AIRFLOW_CTX_DAG_ID='labels_union' AIRFLOW_CTX_TASK_ID='build_union' AIRFLOW_CTX_EXECUTION_DATE='2025-10-01T00:00:00+00:00' AIRFLOW_CTX_TRY_NUMBER='1' AIRFLOW_CTX_DAG_RUN_ID='scheduled__2025-10-01T00:00:00+00:00'
[2025-10-02T00:00:18.204+0000] {taskinstance.py:430} INFO - ::endgroup::
[2025-10-02T00:00:18.255+0000] {logging_mixin.py:188} INFO - [labels_union] wrote 6137 rows -> /opt/airflow/silver/labels_union/ingest_date=2025-10-01
[2025-10-02T00:00:18.255+0000] {python.py:237} INFO - Done. Returned value was: None
[2025-10-02T00:00:18.255+0000] {taskinstance.py:441} INFO - ::group::Post task execution logs
[2025-10-02T00:00:18.257+0000] {taskinstance.py:1206} INFO - Marking task as SUCCESS. dag_id=labels_union, task_id=build_union, run_id=scheduled__2025-10-01T00:00:00+00:00, execution_date=20251001T000000, start_date=20251002T000018, end_date=20251002T000018
[2025-10-02T00:00:18.304+0000] {local_task_job_runner.py:243} INFO - Task exited with return code 0
[2025-10-02T00:00:18.309+0000] {taskinstance.py:3503} INFO - 0 downstream tasks scheduled from follow-on schedule check
[2025-10-02T00:00:18.309+0000] {local_task_job_runner.py:222} INFO - ::endgroup::
[2025-10-29T18:13:04.886+0000] {local_task_job_runner.py:120} INFO - ::group::Pre task execution logs
[2025-10-29T18:13:04.895+0000] {taskinstance.py:2076} INFO - Dependencies all met for dep_context=non-requeueable deps ti=<TaskInstance: labels_union.build_union scheduled__2025-10-01T00:00:00+00:00 [queued]>
[2025-10-29T18:13:04.896+0000] {taskinstance.py:2076} INFO - Dependencies all met for dep_context=requeueable deps ti=<TaskInstance: labels_union.build_union scheduled__2025-10-01T00:00:00+00:00 [queued]>
[2025-10-29T18:13:04.897+0000] {taskinstance.py:2306} INFO - Starting attempt 1 of 1
[2025-10-29T18:13:04.902+0000] {taskinstance.py:2330} INFO - Executing <Task(PythonOperator): build_union> on 2025-10-01 00:00:00+00:00
[2025-10-29T18:13:04.905+0000] {standard_task_runner.py:90} INFO - Running: ['airflow', 'tasks', 'run', 'labels_union', 'build_union', 'scheduled__2025-10-01T00:00:00+00:00', '--job-id', '162', '--raw', '--subdir', 'DAGS_FOLDER/labels_union.py', '--cfg-path', '/tmp/tmpbx0b9_3p']
[2025-10-29T18:13:04.906+0000] {standard_task_runner.py:91} INFO - Job 162: Subtask build_union
[2025-10-29T18:13:04.906+0000] {logging_mixin.py:188} WARNING - /home/airflow/.local/lib/python3.12/site-packages/airflow/task/task_runner/standard_task_runner.py:62 DeprecationWarning: This process (pid=4177) is multi-threaded, use of fork() may lead to deadlocks in the child.
[2025-10-29T18:13:04.909+0000] {standard_task_runner.py:64} INFO - Started process 4188 to run task
[2025-10-29T18:13:04.918+0000] {task_command.py:426} INFO - Running <TaskInstance: labels_union.build_union scheduled__2025-10-01T00:00:00+00:00 [running]> on host 9a4b1d75930e
[2025-10-29T18:13:04.939+0000] {taskinstance.py:2648} INFO - Exporting env vars: AIRFLOW_CTX_DAG_OWNER='you' AIRFLOW_CTX_DAG_ID='labels_union' AIRFLOW_CTX_TASK_ID='build_union' AIRFLOW_CTX_EXECUTION_DATE='2025-10-01T00:00:00+00:00' AIRFLOW_CTX_TRY_NUMBER='1' AIRFLOW_CTX_DAG_RUN_ID='scheduled__2025-10-01T00:00:00+00:00'
[2025-10-29T18:13:04.940+0000] {taskinstance.py:430} INFO - ::endgroup::
[2025-10-29T18:13:04.966+0000] {logging_mixin.py:188} INFO - [labels_union] 2025-10-01: wrote 3114 rows -> /opt/airflow/silver/labels_union/ingest_date=2025-10-01
[2025-10-29T18:13:04.966+0000] {python.py:237} INFO - Done. Returned value was: None
[2025-10-29T18:13:04.967+0000] {taskinstance.py:441} INFO - ::group::Post task execution logs
[2025-10-29T18:13:04.968+0000] {taskinstance.py:1206} INFO - Marking task as SUCCESS. dag_id=labels_union, task_id=build_union, run_id=scheduled__2025-10-01T00:00:00+00:00, execution_date=20251001T000000, start_date=20251029T181304, end_date=20251029T181304
[2025-10-29T18:13:05.012+0000] {local_task_job_runner.py:243} INFO - Task exited with return code 0
[2025-10-29T18:13:05.016+0000] {taskinstance.py:3503} INFO - 0 downstream tasks scheduled from follow-on schedule check
[2025-10-29T18:13:05.017+0000] {local_task_job_runner.py:222} INFO - ::endgroup::
