[2025-09-23T00:02:23.331+0000] {local_task_job_runner.py:120} INFO - ::group::Pre task execution logs
[2025-09-23T00:02:23.341+0000] {taskinstance.py:2076} INFO - Dependencies all met for dep_context=non-requeueable deps ti=<TaskInstance: urlhaus_ingest.urlhaus_fetch_normalize_bronze scheduled__2025-09-22T00:00:00+00:00 [queued]>
[2025-09-23T00:02:23.342+0000] {taskinstance.py:2076} INFO - Dependencies all met for dep_context=requeueable deps ti=<TaskInstance: urlhaus_ingest.urlhaus_fetch_normalize_bronze scheduled__2025-09-22T00:00:00+00:00 [queued]>
[2025-09-23T00:02:23.342+0000] {taskinstance.py:2306} INFO - Starting attempt 1 of 2
[2025-09-23T00:02:23.347+0000] {taskinstance.py:2330} INFO - Executing <Task(PythonOperator): urlhaus_fetch_normalize_bronze> on 2025-09-22 00:00:00+00:00
[2025-09-23T00:02:23.361+0000] {warnings.py:112} WARNING - /home/airflow/.local/lib/python3.12/site-packages/airflow/task/task_runner/standard_task_runner.py:62: DeprecationWarning: This process (pid=16825) is multi-threaded, use of fork() may lead to deadlocks in the child.
  pid = os.fork()

[2025-09-23T00:02:23.364+0000] {standard_task_runner.py:64} INFO - Started process 16846 to run task
[2025-09-23T00:02:23.369+0000] {standard_task_runner.py:90} INFO - Running: ['airflow', 'tasks', 'run', 'urlhaus_ingest', 'urlhaus_fetch_normalize_bronze', 'scheduled__2025-09-22T00:00:00+00:00', '--job-id', '16', '--raw', '--subdir', 'DAGS_FOLDER/urlhaus_ingest.py', '--cfg-path', '/tmp/tmpdm665job']
[2025-09-23T00:02:23.371+0000] {standard_task_runner.py:91} INFO - Job 16: Subtask urlhaus_fetch_normalize_bronze
[2025-09-23T00:02:23.403+0000] {task_command.py:426} INFO - Running <TaskInstance: urlhaus_ingest.urlhaus_fetch_normalize_bronze scheduled__2025-09-22T00:00:00+00:00 [running]> on host 539ffd8f219e
[2025-09-23T00:02:23.449+0000] {taskinstance.py:2648} INFO - Exporting env vars: AIRFLOW_CTX_DAG_OWNER='you' AIRFLOW_CTX_DAG_ID='urlhaus_ingest' AIRFLOW_CTX_TASK_ID='urlhaus_fetch_normalize_bronze' AIRFLOW_CTX_EXECUTION_DATE='2025-09-22T00:00:00+00:00' AIRFLOW_CTX_TRY_NUMBER='1' AIRFLOW_CTX_DAG_RUN_ID='scheduled__2025-09-22T00:00:00+00:00'
[2025-09-23T00:02:23.450+0000] {taskinstance.py:430} INFO - ::endgroup::
[2025-09-23T00:02:23.796+0000] {logging_mixin.py:188} INFO - [urlhaus_ingest] rows after normalize: 10564
[2025-09-23T00:02:23.803+0000] {logging_mixin.py:188} INFO - [urlhaus] rows after normalize: 10564
[2025-09-23T00:02:23.830+0000] {python.py:237} INFO - Done. Returned value was: None
[2025-09-23T00:02:23.830+0000] {taskinstance.py:441} INFO - ::group::Post task execution logs
[2025-09-23T00:02:23.832+0000] {taskinstance.py:1206} INFO - Marking task as SUCCESS. dag_id=urlhaus_ingest, task_id=urlhaus_fetch_normalize_bronze, run_id=scheduled__2025-09-22T00:00:00+00:00, execution_date=20250922T000000, start_date=20250923T000223, end_date=20250923T000223
[2025-09-23T00:02:23.859+0000] {local_task_job_runner.py:243} INFO - Task exited with return code 0
[2025-09-23T00:02:23.865+0000] {taskinstance.py:3503} INFO - 0 downstream tasks scheduled from follow-on schedule check
[2025-09-23T00:02:23.865+0000] {local_task_job_runner.py:222} INFO - ::endgroup::
[2025-10-29T17:15:02.353+0000] {local_task_job_runner.py:120} INFO - ::group::Pre task execution logs
[2025-10-29T17:15:02.362+0000] {taskinstance.py:2076} INFO - Dependencies all met for dep_context=non-requeueable deps ti=<TaskInstance: urlhaus_ingest.urlhaus_fetch_normalize_bronze scheduled__2025-09-22T00:00:00+00:00 [queued]>
[2025-10-29T17:15:02.363+0000] {taskinstance.py:2076} INFO - Dependencies all met for dep_context=requeueable deps ti=<TaskInstance: urlhaus_ingest.urlhaus_fetch_normalize_bronze scheduled__2025-09-22T00:00:00+00:00 [queued]>
[2025-10-29T17:15:02.364+0000] {taskinstance.py:2306} INFO - Starting attempt 1 of 2
[2025-10-29T17:15:02.368+0000] {taskinstance.py:2330} INFO - Executing <Task(PythonOperator): urlhaus_fetch_normalize_bronze> on 2025-09-22 00:00:00+00:00
[2025-10-29T17:15:02.371+0000] {warnings.py:112} WARNING - /home/airflow/.local/lib/python3.12/site-packages/airflow/task/task_runner/standard_task_runner.py:62: DeprecationWarning: This process (pid=1508) is multi-threaded, use of fork() may lead to deadlocks in the child.
  pid = os.fork()

[2025-10-29T17:15:02.371+0000] {standard_task_runner.py:64} INFO - Started process 1529 to run task
[2025-10-29T17:15:02.372+0000] {standard_task_runner.py:90} INFO - Running: ['airflow', 'tasks', 'run', 'urlhaus_ingest', 'urlhaus_fetch_normalize_bronze', 'scheduled__2025-09-22T00:00:00+00:00', '--job-id', '53', '--raw', '--subdir', 'DAGS_FOLDER/urlhaus_ingest.py', '--cfg-path', '/tmp/tmpw1vw_2d0']
[2025-10-29T17:15:02.372+0000] {standard_task_runner.py:91} INFO - Job 53: Subtask urlhaus_fetch_normalize_bronze
[2025-10-29T17:15:02.384+0000] {task_command.py:426} INFO - Running <TaskInstance: urlhaus_ingest.urlhaus_fetch_normalize_bronze scheduled__2025-09-22T00:00:00+00:00 [running]> on host 109bbc934e0f
[2025-10-29T17:15:02.405+0000] {taskinstance.py:2648} INFO - Exporting env vars: AIRFLOW_CTX_DAG_OWNER='you' AIRFLOW_CTX_DAG_ID='urlhaus_ingest' AIRFLOW_CTX_TASK_ID='urlhaus_fetch_normalize_bronze' AIRFLOW_CTX_EXECUTION_DATE='2025-09-22T00:00:00+00:00' AIRFLOW_CTX_TRY_NUMBER='1' AIRFLOW_CTX_DAG_RUN_ID='scheduled__2025-09-22T00:00:00+00:00'
[2025-10-29T17:15:02.405+0000] {taskinstance.py:430} INFO - ::endgroup::
[2025-10-29T17:15:02.562+0000] {logging_mixin.py:188} INFO - [urlhaus_ingest] rows after normalize: 21315
[2025-10-29T17:15:02.573+0000] {logging_mixin.py:188} INFO - [urlhaus] rows after normalize: 21315
[2025-10-29T17:15:02.598+0000] {python.py:237} INFO - Done. Returned value was: None
[2025-10-29T17:15:02.599+0000] {taskinstance.py:441} INFO - ::group::Post task execution logs
[2025-10-29T17:15:02.600+0000] {taskinstance.py:1206} INFO - Marking task as SUCCESS. dag_id=urlhaus_ingest, task_id=urlhaus_fetch_normalize_bronze, run_id=scheduled__2025-09-22T00:00:00+00:00, execution_date=20250922T000000, start_date=20251029T171502, end_date=20251029T171502
[2025-10-29T17:15:02.646+0000] {local_task_job_runner.py:243} INFO - Task exited with return code 0
[2025-10-29T17:15:02.650+0000] {taskinstance.py:3503} INFO - 0 downstream tasks scheduled from follow-on schedule check
[2025-10-29T17:15:02.651+0000] {local_task_job_runner.py:222} INFO - ::endgroup::
[2025-10-29T18:10:49.909+0000] {local_task_job_runner.py:120} INFO - ::group::Pre task execution logs
[2025-10-29T18:10:49.917+0000] {taskinstance.py:2076} INFO - Dependencies all met for dep_context=non-requeueable deps ti=<TaskInstance: urlhaus_ingest.urlhaus_fetch_normalize_bronze scheduled__2025-09-22T00:00:00+00:00 [queued]>
[2025-10-29T18:10:49.918+0000] {taskinstance.py:2076} INFO - Dependencies all met for dep_context=requeueable deps ti=<TaskInstance: urlhaus_ingest.urlhaus_fetch_normalize_bronze scheduled__2025-09-22T00:00:00+00:00 [queued]>
[2025-10-29T18:10:49.919+0000] {taskinstance.py:2306} INFO - Starting attempt 1 of 2
[2025-10-29T18:10:49.922+0000] {taskinstance.py:2330} INFO - Executing <Task(PythonOperator): urlhaus_fetch_normalize_bronze> on 2025-09-22 00:00:00+00:00
[2025-10-29T18:10:49.925+0000] {warnings.py:112} WARNING - /home/airflow/.local/lib/python3.12/site-packages/airflow/task/task_runner/standard_task_runner.py:62: DeprecationWarning: This process (pid=2792) is multi-threaded, use of fork() may lead to deadlocks in the child.
  pid = os.fork()

[2025-10-29T18:10:49.925+0000] {standard_task_runner.py:64} INFO - Started process 2813 to run task
[2025-10-29T18:10:49.926+0000] {standard_task_runner.py:90} INFO - Running: ['airflow', 'tasks', 'run', 'urlhaus_ingest', 'urlhaus_fetch_normalize_bronze', 'scheduled__2025-09-22T00:00:00+00:00', '--job-id', '106', '--raw', '--subdir', 'DAGS_FOLDER/urlhaus_ingest.py', '--cfg-path', '/tmp/tmpm46nmjfb']
[2025-10-29T18:10:49.926+0000] {standard_task_runner.py:91} INFO - Job 106: Subtask urlhaus_fetch_normalize_bronze
[2025-10-29T18:10:49.938+0000] {task_command.py:426} INFO - Running <TaskInstance: urlhaus_ingest.urlhaus_fetch_normalize_bronze scheduled__2025-09-22T00:00:00+00:00 [running]> on host 9a4b1d75930e
[2025-10-29T18:10:49.959+0000] {taskinstance.py:2648} INFO - Exporting env vars: AIRFLOW_CTX_DAG_OWNER='you' AIRFLOW_CTX_DAG_ID='urlhaus_ingest' AIRFLOW_CTX_TASK_ID='urlhaus_fetch_normalize_bronze' AIRFLOW_CTX_EXECUTION_DATE='2025-09-22T00:00:00+00:00' AIRFLOW_CTX_TRY_NUMBER='1' AIRFLOW_CTX_DAG_RUN_ID='scheduled__2025-09-22T00:00:00+00:00'
[2025-10-29T18:10:49.959+0000] {taskinstance.py:430} INFO - ::endgroup::
[2025-10-29T18:10:50.115+0000] {logging_mixin.py:188} INFO - [urlhaus_ingest] rows after normalize: 21302
[2025-10-29T18:10:50.125+0000] {logging_mixin.py:188} INFO - [urlhaus] rows after normalize: 21302
[2025-10-29T18:10:50.150+0000] {python.py:237} INFO - Done. Returned value was: None
[2025-10-29T18:10:50.150+0000] {taskinstance.py:441} INFO - ::group::Post task execution logs
[2025-10-29T18:10:50.152+0000] {taskinstance.py:1206} INFO - Marking task as SUCCESS. dag_id=urlhaus_ingest, task_id=urlhaus_fetch_normalize_bronze, run_id=scheduled__2025-09-22T00:00:00+00:00, execution_date=20250922T000000, start_date=20251029T181049, end_date=20251029T181050
[2025-10-29T18:10:50.197+0000] {local_task_job_runner.py:243} INFO - Task exited with return code 0
[2025-10-29T18:10:50.202+0000] {taskinstance.py:3503} INFO - 0 downstream tasks scheduled from follow-on schedule check
[2025-10-29T18:10:50.203+0000] {local_task_job_runner.py:222} INFO - ::endgroup::
