[2025-10-29T17:18:40.392+0000] {local_task_job_runner.py:120} INFO - ::group::Pre task execution logs
[2025-10-29T17:18:40.400+0000] {taskinstance.py:2076} INFO - Dependencies all met for dep_context=non-requeueable deps ti=<TaskInstance: openphish_ingest.openphish_fetch_normalize_bronze scheduled__2025-10-27T00:00:00+00:00 [queued]>
[2025-10-29T17:18:40.401+0000] {taskinstance.py:2076} INFO - Dependencies all met for dep_context=requeueable deps ti=<TaskInstance: openphish_ingest.openphish_fetch_normalize_bronze scheduled__2025-10-27T00:00:00+00:00 [queued]>
[2025-10-29T17:18:40.402+0000] {taskinstance.py:2306} INFO - Starting attempt 1 of 2
[2025-10-29T17:18:40.406+0000] {taskinstance.py:2330} INFO - Executing <Task(PythonOperator): openphish_fetch_normalize_bronze> on 2025-10-27 00:00:00+00:00
[2025-10-29T17:18:40.408+0000] {warnings.py:112} WARNING - /home/airflow/.local/lib/python3.12/site-packages/airflow/task/task_runner/standard_task_runner.py:62: DeprecationWarning: This process (pid=3132) is multi-threaded, use of fork() may lead to deadlocks in the child.
  pid = os.fork()

[2025-10-29T17:18:40.409+0000] {standard_task_runner.py:64} INFO - Started process 3153 to run task
[2025-10-29T17:18:40.409+0000] {standard_task_runner.py:90} INFO - Running: ['airflow', 'tasks', 'run', 'openphish_ingest', 'openphish_fetch_normalize_bronze', 'scheduled__2025-10-27T00:00:00+00:00', '--job-id', '112', '--raw', '--subdir', 'DAGS_FOLDER/openphish_ingest.py', '--cfg-path', '/tmp/tmpk4acffzn']
[2025-10-29T17:18:40.410+0000] {standard_task_runner.py:91} INFO - Job 112: Subtask openphish_fetch_normalize_bronze
[2025-10-29T17:18:40.421+0000] {task_command.py:426} INFO - Running <TaskInstance: openphish_ingest.openphish_fetch_normalize_bronze scheduled__2025-10-27T00:00:00+00:00 [running]> on host 109bbc934e0f
[2025-10-29T17:18:40.440+0000] {taskinstance.py:2648} INFO - Exporting env vars: AIRFLOW_CTX_DAG_OWNER='you' AIRFLOW_CTX_DAG_ID='openphish_ingest' AIRFLOW_CTX_TASK_ID='openphish_fetch_normalize_bronze' AIRFLOW_CTX_EXECUTION_DATE='2025-10-27T00:00:00+00:00' AIRFLOW_CTX_TRY_NUMBER='1' AIRFLOW_CTX_DAG_RUN_ID='scheduled__2025-10-27T00:00:00+00:00'
[2025-10-29T17:18:40.441+0000] {taskinstance.py:430} INFO - ::endgroup::
[2025-10-29T17:18:41.112+0000] {logging_mixin.py:188} INFO - [openphish_ingest] rows after normalize: 300
[2025-10-29T17:18:41.116+0000] {logging_mixin.py:188} INFO - [openphish] rows after normalize: 300
[2025-10-29T17:18:41.132+0000] {python.py:237} INFO - Done. Returned value was: None
[2025-10-29T17:18:41.132+0000] {taskinstance.py:441} INFO - ::group::Post task execution logs
[2025-10-29T17:18:41.135+0000] {taskinstance.py:1206} INFO - Marking task as SUCCESS. dag_id=openphish_ingest, task_id=openphish_fetch_normalize_bronze, run_id=scheduled__2025-10-27T00:00:00+00:00, execution_date=20251027T000000, start_date=20251029T171840, end_date=20251029T171841
[2025-10-29T17:18:41.169+0000] {local_task_job_runner.py:243} INFO - Task exited with return code 0
[2025-10-29T17:18:41.176+0000] {taskinstance.py:3503} INFO - 0 downstream tasks scheduled from follow-on schedule check
[2025-10-29T17:18:41.177+0000] {local_task_job_runner.py:222} INFO - ::endgroup::
[2025-10-29T18:17:44.953+0000] {local_task_job_runner.py:120} INFO - ::group::Pre task execution logs
[2025-10-29T18:17:44.960+0000] {taskinstance.py:2076} INFO - Dependencies all met for dep_context=non-requeueable deps ti=<TaskInstance: openphish_ingest.openphish_fetch_normalize_bronze scheduled__2025-10-27T00:00:00+00:00 [queued]>
[2025-10-29T18:17:44.962+0000] {taskinstance.py:2076} INFO - Dependencies all met for dep_context=requeueable deps ti=<TaskInstance: openphish_ingest.openphish_fetch_normalize_bronze scheduled__2025-10-27T00:00:00+00:00 [queued]>
[2025-10-29T18:17:44.962+0000] {taskinstance.py:2306} INFO - Starting attempt 1 of 2
[2025-10-29T18:17:44.966+0000] {taskinstance.py:2330} INFO - Executing <Task(PythonOperator): openphish_fetch_normalize_bronze> on 2025-10-27 00:00:00+00:00
[2025-10-29T18:17:44.970+0000] {warnings.py:112} WARNING - /home/airflow/.local/lib/python3.12/site-packages/airflow/task/task_runner/standard_task_runner.py:62: DeprecationWarning: This process (pid=7069) is multi-threaded, use of fork() may lead to deadlocks in the child.
  pid = os.fork()

[2025-10-29T18:17:44.970+0000] {standard_task_runner.py:64} INFO - Started process 7090 to run task
[2025-10-29T18:17:44.971+0000] {standard_task_runner.py:90} INFO - Running: ['airflow', 'tasks', 'run', 'openphish_ingest', 'openphish_fetch_normalize_bronze', 'scheduled__2025-10-27T00:00:00+00:00', '--job-id', '279', '--raw', '--subdir', 'DAGS_FOLDER/openphish_ingest.py', '--cfg-path', '/tmp/tmppir82gs_']
[2025-10-29T18:17:44.971+0000] {standard_task_runner.py:91} INFO - Job 279: Subtask openphish_fetch_normalize_bronze
[2025-10-29T18:17:44.984+0000] {task_command.py:426} INFO - Running <TaskInstance: openphish_ingest.openphish_fetch_normalize_bronze scheduled__2025-10-27T00:00:00+00:00 [running]> on host 9a4b1d75930e
[2025-10-29T18:17:45.006+0000] {taskinstance.py:2648} INFO - Exporting env vars: AIRFLOW_CTX_DAG_OWNER='you' AIRFLOW_CTX_DAG_ID='openphish_ingest' AIRFLOW_CTX_TASK_ID='openphish_fetch_normalize_bronze' AIRFLOW_CTX_EXECUTION_DATE='2025-10-27T00:00:00+00:00' AIRFLOW_CTX_TRY_NUMBER='1' AIRFLOW_CTX_DAG_RUN_ID='scheduled__2025-10-27T00:00:00+00:00'
[2025-10-29T18:17:45.006+0000] {taskinstance.py:430} INFO - ::endgroup::
[2025-10-29T18:17:45.671+0000] {logging_mixin.py:188} INFO - [openphish_ingest] rows after normalize: 300
[2025-10-29T18:17:45.675+0000] {logging_mixin.py:188} INFO - [openphish] rows after normalize: 300
[2025-10-29T18:17:45.685+0000] {python.py:237} INFO - Done. Returned value was: None
[2025-10-29T18:17:45.685+0000] {taskinstance.py:441} INFO - ::group::Post task execution logs
[2025-10-29T18:17:45.687+0000] {taskinstance.py:1206} INFO - Marking task as SUCCESS. dag_id=openphish_ingest, task_id=openphish_fetch_normalize_bronze, run_id=scheduled__2025-10-27T00:00:00+00:00, execution_date=20251027T000000, start_date=20251029T181744, end_date=20251029T181745
[2025-10-29T18:17:45.715+0000] {local_task_job_runner.py:243} INFO - Task exited with return code 0
[2025-10-29T18:17:45.719+0000] {taskinstance.py:3503} INFO - 0 downstream tasks scheduled from follow-on schedule check
[2025-10-29T18:17:45.719+0000] {local_task_job_runner.py:222} INFO - ::endgroup::
