[2025-10-29T17:18:09.403+0000] {local_task_job_runner.py:120} INFO - ::group::Pre task execution logs
[2025-10-29T17:18:09.411+0000] {taskinstance.py:2076} INFO - Dependencies all met for dep_context=non-requeueable deps ti=<TaskInstance: urlhaus_ingest.urlhaus_fetch_normalize_bronze scheduled__2025-10-17T00:00:00+00:00 [queued]>
[2025-10-29T17:18:09.412+0000] {taskinstance.py:2076} INFO - Dependencies all met for dep_context=requeueable deps ti=<TaskInstance: urlhaus_ingest.urlhaus_fetch_normalize_bronze scheduled__2025-10-17T00:00:00+00:00 [queued]>
[2025-10-29T17:18:09.412+0000] {taskinstance.py:2306} INFO - Starting attempt 1 of 2
[2025-10-29T17:18:09.416+0000] {taskinstance.py:2330} INFO - Executing <Task(PythonOperator): urlhaus_fetch_normalize_bronze> on 2025-10-17 00:00:00+00:00
[2025-10-29T17:18:09.419+0000] {warnings.py:112} WARNING - /home/airflow/.local/lib/python3.12/site-packages/airflow/task/task_runner/standard_task_runner.py:62: DeprecationWarning: This process (pid=2883) is multi-threaded, use of fork() may lead to deadlocks in the child.
  pid = os.fork()

[2025-10-29T17:18:09.419+0000] {standard_task_runner.py:64} INFO - Started process 2904 to run task
[2025-10-29T17:18:09.420+0000] {standard_task_runner.py:90} INFO - Running: ['airflow', 'tasks', 'run', 'urlhaus_ingest', 'urlhaus_fetch_normalize_bronze', 'scheduled__2025-10-17T00:00:00+00:00', '--job-id', '103', '--raw', '--subdir', 'DAGS_FOLDER/urlhaus_ingest.py', '--cfg-path', '/tmp/tmpdnmivjs6']
[2025-10-29T17:18:09.420+0000] {standard_task_runner.py:91} INFO - Job 103: Subtask urlhaus_fetch_normalize_bronze
[2025-10-29T17:18:09.432+0000] {task_command.py:426} INFO - Running <TaskInstance: urlhaus_ingest.urlhaus_fetch_normalize_bronze scheduled__2025-10-17T00:00:00+00:00 [running]> on host 109bbc934e0f
[2025-10-29T17:18:09.453+0000] {taskinstance.py:2648} INFO - Exporting env vars: AIRFLOW_CTX_DAG_OWNER='you' AIRFLOW_CTX_DAG_ID='urlhaus_ingest' AIRFLOW_CTX_TASK_ID='urlhaus_fetch_normalize_bronze' AIRFLOW_CTX_EXECUTION_DATE='2025-10-17T00:00:00+00:00' AIRFLOW_CTX_TRY_NUMBER='1' AIRFLOW_CTX_DAG_RUN_ID='scheduled__2025-10-17T00:00:00+00:00'
[2025-10-29T17:18:09.453+0000] {taskinstance.py:430} INFO - ::endgroup::
[2025-10-29T17:18:09.602+0000] {logging_mixin.py:188} INFO - [urlhaus_ingest] rows after normalize: 21313
[2025-10-29T17:18:09.613+0000] {logging_mixin.py:188} INFO - [urlhaus] rows after normalize: 21313
[2025-10-29T17:18:09.634+0000] {python.py:237} INFO - Done. Returned value was: None
[2025-10-29T17:18:09.634+0000] {taskinstance.py:441} INFO - ::group::Post task execution logs
[2025-10-29T17:18:09.636+0000] {taskinstance.py:1206} INFO - Marking task as SUCCESS. dag_id=urlhaus_ingest, task_id=urlhaus_fetch_normalize_bronze, run_id=scheduled__2025-10-17T00:00:00+00:00, execution_date=20251017T000000, start_date=20251029T171809, end_date=20251029T171809
[2025-10-29T17:18:09.645+0000] {local_task_job_runner.py:243} INFO - Task exited with return code 0
[2025-10-29T17:18:09.649+0000] {taskinstance.py:3503} INFO - 0 downstream tasks scheduled from follow-on schedule check
[2025-10-29T17:18:09.649+0000] {local_task_job_runner.py:222} INFO - ::endgroup::
[2025-10-29T18:15:47.127+0000] {local_task_job_runner.py:120} INFO - ::group::Pre task execution logs
[2025-10-29T18:15:47.135+0000] {taskinstance.py:2076} INFO - Dependencies all met for dep_context=non-requeueable deps ti=<TaskInstance: urlhaus_ingest.urlhaus_fetch_normalize_bronze scheduled__2025-10-17T00:00:00+00:00 [queued]>
[2025-10-29T18:15:47.136+0000] {taskinstance.py:2076} INFO - Dependencies all met for dep_context=requeueable deps ti=<TaskInstance: urlhaus_ingest.urlhaus_fetch_normalize_bronze scheduled__2025-10-17T00:00:00+00:00 [queued]>
[2025-10-29T18:15:47.136+0000] {taskinstance.py:2306} INFO - Starting attempt 1 of 2
[2025-10-29T18:15:47.140+0000] {taskinstance.py:2330} INFO - Executing <Task(PythonOperator): urlhaus_fetch_normalize_bronze> on 2025-10-17 00:00:00+00:00
[2025-10-29T18:15:47.143+0000] {warnings.py:112} WARNING - /home/airflow/.local/lib/python3.12/site-packages/airflow/task/task_runner/standard_task_runner.py:62: DeprecationWarning: This process (pid=5885) is multi-threaded, use of fork() may lead to deadlocks in the child.
  pid = os.fork()

[2025-10-29T18:15:47.143+0000] {standard_task_runner.py:64} INFO - Started process 5906 to run task
[2025-10-29T18:15:47.144+0000] {standard_task_runner.py:90} INFO - Running: ['airflow', 'tasks', 'run', 'urlhaus_ingest', 'urlhaus_fetch_normalize_bronze', 'scheduled__2025-10-17T00:00:00+00:00', '--job-id', '231', '--raw', '--subdir', 'DAGS_FOLDER/urlhaus_ingest.py', '--cfg-path', '/tmp/tmprwjg1mvi']
[2025-10-29T18:15:47.144+0000] {standard_task_runner.py:91} INFO - Job 231: Subtask urlhaus_fetch_normalize_bronze
[2025-10-29T18:15:47.157+0000] {task_command.py:426} INFO - Running <TaskInstance: urlhaus_ingest.urlhaus_fetch_normalize_bronze scheduled__2025-10-17T00:00:00+00:00 [running]> on host 9a4b1d75930e
[2025-10-29T18:15:47.179+0000] {taskinstance.py:2648} INFO - Exporting env vars: AIRFLOW_CTX_DAG_OWNER='you' AIRFLOW_CTX_DAG_ID='urlhaus_ingest' AIRFLOW_CTX_TASK_ID='urlhaus_fetch_normalize_bronze' AIRFLOW_CTX_EXECUTION_DATE='2025-10-17T00:00:00+00:00' AIRFLOW_CTX_TRY_NUMBER='1' AIRFLOW_CTX_DAG_RUN_ID='scheduled__2025-10-17T00:00:00+00:00'
[2025-10-29T18:15:47.179+0000] {taskinstance.py:430} INFO - ::endgroup::
[2025-10-29T18:15:47.324+0000] {logging_mixin.py:188} INFO - [urlhaus_ingest] rows after normalize: 21301
[2025-10-29T18:15:47.335+0000] {logging_mixin.py:188} INFO - [urlhaus] rows after normalize: 21301
[2025-10-29T18:15:47.358+0000] {python.py:237} INFO - Done. Returned value was: None
[2025-10-29T18:15:47.358+0000] {taskinstance.py:441} INFO - ::group::Post task execution logs
[2025-10-29T18:15:47.360+0000] {taskinstance.py:1206} INFO - Marking task as SUCCESS. dag_id=urlhaus_ingest, task_id=urlhaus_fetch_normalize_bronze, run_id=scheduled__2025-10-17T00:00:00+00:00, execution_date=20251017T000000, start_date=20251029T181547, end_date=20251029T181547
[2025-10-29T18:15:47.369+0000] {local_task_job_runner.py:243} INFO - Task exited with return code 0
[2025-10-29T18:15:47.374+0000] {taskinstance.py:3503} INFO - 0 downstream tasks scheduled from follow-on schedule check
[2025-10-29T18:15:47.374+0000] {local_task_job_runner.py:222} INFO - ::endgroup::
