[2025-10-01T00:04:17.305+0000] {local_task_job_runner.py:120} INFO - ::group::Pre task execution logs
[2025-10-01T00:04:17.315+0000] {taskinstance.py:2076} INFO - Dependencies all met for dep_context=non-requeueable deps ti=<TaskInstance: urlhaus_silver.urlhaus_bronze_to_silver scheduled__2025-09-30T00:00:00+00:00 [queued]>
[2025-10-01T00:04:17.317+0000] {taskinstance.py:2076} INFO - Dependencies all met for dep_context=requeueable deps ti=<TaskInstance: urlhaus_silver.urlhaus_bronze_to_silver scheduled__2025-09-30T00:00:00+00:00 [queued]>
[2025-10-01T00:04:17.317+0000] {taskinstance.py:2306} INFO - Starting attempt 1 of 1
[2025-10-01T00:04:17.321+0000] {taskinstance.py:2330} INFO - Executing <Task(PythonOperator): urlhaus_bronze_to_silver> on 2025-09-30 00:00:00+00:00
[2025-10-01T00:04:17.327+0000] {logging_mixin.py:188} WARNING - /home/airflow/.local/lib/python3.12/site-packages/airflow/task/task_runner/standard_task_runner.py:62 DeprecationWarning: This process (pid=92279) is multi-threaded, use of fork() may lead to deadlocks in the child.
[2025-10-01T00:04:17.328+0000] {standard_task_runner.py:64} INFO - Started process 92290 to run task
[2025-10-01T00:04:17.327+0000] {standard_task_runner.py:90} INFO - Running: ['airflow', 'tasks', 'run', 'urlhaus_silver', 'urlhaus_bronze_to_silver', 'scheduled__2025-09-30T00:00:00+00:00', '--job-id', '69', '--raw', '--subdir', 'DAGS_FOLDER/urlhaus_silver.py', '--cfg-path', '/tmp/tmpf7ui0sa0']
[2025-10-01T00:04:17.328+0000] {standard_task_runner.py:91} INFO - Job 69: Subtask urlhaus_bronze_to_silver
[2025-10-01T00:04:17.344+0000] {task_command.py:426} INFO - Running <TaskInstance: urlhaus_silver.urlhaus_bronze_to_silver scheduled__2025-09-30T00:00:00+00:00 [running]> on host 539ffd8f219e
[2025-10-01T00:04:17.365+0000] {taskinstance.py:2648} INFO - Exporting env vars: AIRFLOW_CTX_DAG_OWNER='you' AIRFLOW_CTX_DAG_ID='urlhaus_silver' AIRFLOW_CTX_TASK_ID='urlhaus_bronze_to_silver' AIRFLOW_CTX_EXECUTION_DATE='2025-09-30T00:00:00+00:00' AIRFLOW_CTX_TRY_NUMBER='1' AIRFLOW_CTX_DAG_RUN_ID='scheduled__2025-09-30T00:00:00+00:00'
[2025-10-01T00:04:17.366+0000] {taskinstance.py:430} INFO - ::endgroup::
[2025-10-01T00:04:17.434+0000] {logging_mixin.py:188} INFO - [urlhaus_silver] wrote 5569 rows -> /opt/airflow/silver/urlhaus/ingest_date=2025-09-30
[2025-10-01T00:04:17.435+0000] {python.py:237} INFO - Done. Returned value was: None
[2025-10-01T00:04:17.435+0000] {taskinstance.py:441} INFO - ::group::Post task execution logs
[2025-10-01T00:04:17.439+0000] {taskinstance.py:1206} INFO - Marking task as SUCCESS. dag_id=urlhaus_silver, task_id=urlhaus_bronze_to_silver, run_id=scheduled__2025-09-30T00:00:00+00:00, execution_date=20250930T000000, start_date=20251001T000417, end_date=20251001T000417
[2025-10-01T00:04:17.471+0000] {local_task_job_runner.py:243} INFO - Task exited with return code 0
[2025-10-01T00:04:17.476+0000] {taskinstance.py:3503} INFO - 0 downstream tasks scheduled from follow-on schedule check
[2025-10-01T00:04:17.476+0000] {local_task_job_runner.py:222} INFO - ::endgroup::
[2025-10-29T18:12:37.829+0000] {local_task_job_runner.py:120} INFO - ::group::Pre task execution logs
[2025-10-29T18:12:37.838+0000] {taskinstance.py:2076} INFO - Dependencies all met for dep_context=non-requeueable deps ti=<TaskInstance: urlhaus_silver.urlhaus_bronze_to_silver scheduled__2025-09-30T00:00:00+00:00 [queued]>
[2025-10-29T18:12:37.840+0000] {taskinstance.py:2076} INFO - Dependencies all met for dep_context=requeueable deps ti=<TaskInstance: urlhaus_silver.urlhaus_bronze_to_silver scheduled__2025-09-30T00:00:00+00:00 [queued]>
[2025-10-29T18:12:37.840+0000] {taskinstance.py:2306} INFO - Starting attempt 1 of 1
[2025-10-29T18:12:37.845+0000] {taskinstance.py:2330} INFO - Executing <Task(PythonOperator): urlhaus_bronze_to_silver> on 2025-09-30 00:00:00+00:00
[2025-10-29T18:12:37.848+0000] {standard_task_runner.py:90} INFO - Running: ['airflow', 'tasks', 'run', 'urlhaus_silver', 'urlhaus_bronze_to_silver', 'scheduled__2025-09-30T00:00:00+00:00', '--job-id', '150', '--raw', '--subdir', 'DAGS_FOLDER/urlhaus_silver.py', '--cfg-path', '/tmp/tmp5lsr8lbq']
[2025-10-29T18:12:37.849+0000] {standard_task_runner.py:91} INFO - Job 150: Subtask urlhaus_bronze_to_silver
[2025-10-29T18:12:37.849+0000] {logging_mixin.py:188} WARNING - /home/airflow/.local/lib/python3.12/site-packages/airflow/task/task_runner/standard_task_runner.py:62 DeprecationWarning: This process (pid=3880) is multi-threaded, use of fork() may lead to deadlocks in the child.
[2025-10-29T18:12:37.852+0000] {standard_task_runner.py:64} INFO - Started process 3891 to run task
[2025-10-29T18:12:37.861+0000] {task_command.py:426} INFO - Running <TaskInstance: urlhaus_silver.urlhaus_bronze_to_silver scheduled__2025-09-30T00:00:00+00:00 [running]> on host 9a4b1d75930e
[2025-10-29T18:12:37.882+0000] {taskinstance.py:2648} INFO - Exporting env vars: AIRFLOW_CTX_DAG_OWNER='you' AIRFLOW_CTX_DAG_ID='urlhaus_silver' AIRFLOW_CTX_TASK_ID='urlhaus_bronze_to_silver' AIRFLOW_CTX_EXECUTION_DATE='2025-09-30T00:00:00+00:00' AIRFLOW_CTX_TRY_NUMBER='1' AIRFLOW_CTX_DAG_RUN_ID='scheduled__2025-09-30T00:00:00+00:00'
[2025-10-29T18:12:37.882+0000] {taskinstance.py:430} INFO - ::endgroup::
[2025-10-29T18:12:37.926+0000] {logging_mixin.py:188} INFO - [urlhaus_silver] 2025-09-30: wrote 2908 rows -> /opt/airflow/silver/urlhaus/ingest_date=2025-09-30
[2025-10-29T18:12:37.927+0000] {python.py:237} INFO - Done. Returned value was: None
[2025-10-29T18:12:37.927+0000] {taskinstance.py:441} INFO - ::group::Post task execution logs
[2025-10-29T18:12:37.929+0000] {taskinstance.py:1206} INFO - Marking task as SUCCESS. dag_id=urlhaus_silver, task_id=urlhaus_bronze_to_silver, run_id=scheduled__2025-09-30T00:00:00+00:00, execution_date=20250930T000000, start_date=20251029T181237, end_date=20251029T181237
[2025-10-29T18:12:37.953+0000] {local_task_job_runner.py:243} INFO - Task exited with return code 0
[2025-10-29T18:12:37.956+0000] {taskinstance.py:3503} INFO - 0 downstream tasks scheduled from follow-on schedule check
[2025-10-29T18:12:37.957+0000] {local_task_job_runner.py:222} INFO - ::endgroup::
