[2025-09-24T00:06:25.416+0000] {local_task_job_runner.py:120} INFO - ::group::Pre task execution logs
[2025-09-24T00:06:25.429+0000] {taskinstance.py:2076} INFO - Dependencies all met for dep_context=non-requeueable deps ti=<TaskInstance: openphish_ingest.openphish_fetch_normalize_bronze scheduled__2025-09-23T00:00:00+00:00 [queued]>
[2025-09-24T00:06:25.431+0000] {taskinstance.py:2076} INFO - Dependencies all met for dep_context=requeueable deps ti=<TaskInstance: openphish_ingest.openphish_fetch_normalize_bronze scheduled__2025-09-23T00:00:00+00:00 [queued]>
[2025-09-24T00:06:25.431+0000] {taskinstance.py:2306} INFO - Starting attempt 1 of 2
[2025-09-24T00:06:25.435+0000] {taskinstance.py:2330} INFO - Executing <Task(PythonOperator): openphish_fetch_normalize_bronze> on 2025-09-23 00:00:00+00:00
[2025-09-24T00:06:25.649+0000] {standard_task_runner.py:90} INFO - Running: ['airflow', 'tasks', 'run', 'openphish_ingest', 'openphish_fetch_normalize_bronze', 'scheduled__2025-09-23T00:00:00+00:00', '--job-id', '19', '--raw', '--subdir', 'DAGS_FOLDER/openphish_ingest.py', '--cfg-path', '/tmp/tmpsfxnpoza']
[2025-09-24T00:06:25.659+0000] {standard_task_runner.py:91} INFO - Job 19: Subtask openphish_fetch_normalize_bronze
[2025-09-24T00:06:25.657+0000] {warnings.py:112} WARNING - /home/airflow/.local/lib/python3.12/site-packages/airflow/task/task_runner/standard_task_runner.py:62: DeprecationWarning: This process (pid=33077) is multi-threaded, use of fork() may lead to deadlocks in the child.
  pid = os.fork()

[2025-09-24T00:06:25.665+0000] {standard_task_runner.py:64} INFO - Started process 33098 to run task
[2025-09-24T00:06:25.899+0000] {task_command.py:426} INFO - Running <TaskInstance: openphish_ingest.openphish_fetch_normalize_bronze scheduled__2025-09-23T00:00:00+00:00 [running]> on host 539ffd8f219e
[2025-09-24T00:06:26.276+0000] {taskinstance.py:2648} INFO - Exporting env vars: AIRFLOW_CTX_DAG_OWNER='you' AIRFLOW_CTX_DAG_ID='openphish_ingest' AIRFLOW_CTX_TASK_ID='openphish_fetch_normalize_bronze' AIRFLOW_CTX_EXECUTION_DATE='2025-09-23T00:00:00+00:00' AIRFLOW_CTX_TRY_NUMBER='1' AIRFLOW_CTX_DAG_RUN_ID='scheduled__2025-09-23T00:00:00+00:00'
[2025-09-24T00:06:26.278+0000] {taskinstance.py:430} INFO - ::endgroup::
[2025-09-24T00:06:27.922+0000] {logging_mixin.py:188} INFO - [openphish_ingest] rows after normalize: 300
[2025-09-24T00:06:27.947+0000] {logging_mixin.py:188} INFO - [openphish] rows after normalize: 300
[2025-09-24T00:06:28.128+0000] {python.py:237} INFO - Done. Returned value was: None
[2025-09-24T00:06:28.130+0000] {taskinstance.py:441} INFO - ::group::Post task execution logs
[2025-09-24T00:06:28.154+0000] {taskinstance.py:1206} INFO - Marking task as SUCCESS. dag_id=openphish_ingest, task_id=openphish_fetch_normalize_bronze, run_id=scheduled__2025-09-23T00:00:00+00:00, execution_date=20250923T000000, start_date=20250924T000625, end_date=20250924T000628
[2025-09-24T00:06:28.266+0000] {local_task_job_runner.py:243} INFO - Task exited with return code 0
[2025-09-24T00:06:28.347+0000] {taskinstance.py:3503} INFO - 0 downstream tasks scheduled from follow-on schedule check
[2025-09-24T00:06:28.348+0000] {local_task_job_runner.py:222} INFO - ::endgroup::
[2025-10-29T17:14:29.114+0000] {local_task_job_runner.py:120} INFO - ::group::Pre task execution logs
[2025-10-29T17:14:29.122+0000] {taskinstance.py:2076} INFO - Dependencies all met for dep_context=non-requeueable deps ti=<TaskInstance: openphish_ingest.openphish_fetch_normalize_bronze scheduled__2025-09-23T00:00:00+00:00 [queued]>
[2025-10-29T17:14:29.124+0000] {taskinstance.py:2076} INFO - Dependencies all met for dep_context=requeueable deps ti=<TaskInstance: openphish_ingest.openphish_fetch_normalize_bronze scheduled__2025-09-23T00:00:00+00:00 [queued]>
[2025-10-29T17:14:29.124+0000] {taskinstance.py:2306} INFO - Starting attempt 1 of 2
[2025-10-29T17:14:29.127+0000] {taskinstance.py:2330} INFO - Executing <Task(PythonOperator): openphish_fetch_normalize_bronze> on 2025-09-23 00:00:00+00:00
[2025-10-29T17:14:29.130+0000] {warnings.py:112} WARNING - /home/airflow/.local/lib/python3.12/site-packages/airflow/task/task_runner/standard_task_runner.py:62: DeprecationWarning: This process (pid=1263) is multi-threaded, use of fork() may lead to deadlocks in the child.
  pid = os.fork()

[2025-10-29T17:14:29.130+0000] {standard_task_runner.py:64} INFO - Started process 1284 to run task
[2025-10-29T17:14:29.131+0000] {standard_task_runner.py:90} INFO - Running: ['airflow', 'tasks', 'run', 'openphish_ingest', 'openphish_fetch_normalize_bronze', 'scheduled__2025-09-23T00:00:00+00:00', '--job-id', '44', '--raw', '--subdir', 'DAGS_FOLDER/openphish_ingest.py', '--cfg-path', '/tmp/tmpd6lxwmyu']
[2025-10-29T17:14:29.131+0000] {standard_task_runner.py:91} INFO - Job 44: Subtask openphish_fetch_normalize_bronze
[2025-10-29T17:14:29.142+0000] {task_command.py:426} INFO - Running <TaskInstance: openphish_ingest.openphish_fetch_normalize_bronze scheduled__2025-09-23T00:00:00+00:00 [running]> on host 109bbc934e0f
[2025-10-29T17:14:29.162+0000] {taskinstance.py:2648} INFO - Exporting env vars: AIRFLOW_CTX_DAG_OWNER='you' AIRFLOW_CTX_DAG_ID='openphish_ingest' AIRFLOW_CTX_TASK_ID='openphish_fetch_normalize_bronze' AIRFLOW_CTX_EXECUTION_DATE='2025-09-23T00:00:00+00:00' AIRFLOW_CTX_TRY_NUMBER='1' AIRFLOW_CTX_DAG_RUN_ID='scheduled__2025-09-23T00:00:00+00:00'
[2025-10-29T17:14:29.162+0000] {taskinstance.py:430} INFO - ::endgroup::
[2025-10-29T17:14:29.809+0000] {logging_mixin.py:188} INFO - [openphish_ingest] rows after normalize: 300
[2025-10-29T17:14:29.813+0000] {logging_mixin.py:188} INFO - [openphish] rows after normalize: 300
[2025-10-29T17:14:29.824+0000] {python.py:237} INFO - Done. Returned value was: None
[2025-10-29T17:14:29.824+0000] {taskinstance.py:441} INFO - ::group::Post task execution logs
[2025-10-29T17:14:29.826+0000] {taskinstance.py:1206} INFO - Marking task as SUCCESS. dag_id=openphish_ingest, task_id=openphish_fetch_normalize_bronze, run_id=scheduled__2025-09-23T00:00:00+00:00, execution_date=20250923T000000, start_date=20251029T171429, end_date=20251029T171429
[2025-10-29T17:14:29.841+0000] {local_task_job_runner.py:243} INFO - Task exited with return code 0
[2025-10-29T17:14:29.845+0000] {taskinstance.py:3503} INFO - 0 downstream tasks scheduled from follow-on schedule check
[2025-10-29T17:14:29.845+0000] {local_task_job_runner.py:222} INFO - ::endgroup::
[2025-10-29T18:10:56.605+0000] {local_task_job_runner.py:120} INFO - ::group::Pre task execution logs
[2025-10-29T18:10:56.613+0000] {taskinstance.py:2076} INFO - Dependencies all met for dep_context=non-requeueable deps ti=<TaskInstance: openphish_ingest.openphish_fetch_normalize_bronze scheduled__2025-09-23T00:00:00+00:00 [queued]>
[2025-10-29T18:10:56.614+0000] {taskinstance.py:2076} INFO - Dependencies all met for dep_context=requeueable deps ti=<TaskInstance: openphish_ingest.openphish_fetch_normalize_bronze scheduled__2025-09-23T00:00:00+00:00 [queued]>
[2025-10-29T18:10:56.614+0000] {taskinstance.py:2306} INFO - Starting attempt 1 of 2
[2025-10-29T18:10:56.618+0000] {taskinstance.py:2330} INFO - Executing <Task(PythonOperator): openphish_fetch_normalize_bronze> on 2025-09-23 00:00:00+00:00
[2025-10-29T18:10:56.621+0000] {warnings.py:112} WARNING - /home/airflow/.local/lib/python3.12/site-packages/airflow/task/task_runner/standard_task_runner.py:62: DeprecationWarning: This process (pid=2870) is multi-threaded, use of fork() may lead to deadlocks in the child.
  pid = os.fork()

[2025-10-29T18:10:56.621+0000] {standard_task_runner.py:64} INFO - Started process 2891 to run task
[2025-10-29T18:10:56.622+0000] {standard_task_runner.py:90} INFO - Running: ['airflow', 'tasks', 'run', 'openphish_ingest', 'openphish_fetch_normalize_bronze', 'scheduled__2025-09-23T00:00:00+00:00', '--job-id', '109', '--raw', '--subdir', 'DAGS_FOLDER/openphish_ingest.py', '--cfg-path', '/tmp/tmpn110tsf_']
[2025-10-29T18:10:56.622+0000] {standard_task_runner.py:91} INFO - Job 109: Subtask openphish_fetch_normalize_bronze
[2025-10-29T18:10:56.634+0000] {task_command.py:426} INFO - Running <TaskInstance: openphish_ingest.openphish_fetch_normalize_bronze scheduled__2025-09-23T00:00:00+00:00 [running]> on host 9a4b1d75930e
[2025-10-29T18:10:56.655+0000] {taskinstance.py:2648} INFO - Exporting env vars: AIRFLOW_CTX_DAG_OWNER='you' AIRFLOW_CTX_DAG_ID='openphish_ingest' AIRFLOW_CTX_TASK_ID='openphish_fetch_normalize_bronze' AIRFLOW_CTX_EXECUTION_DATE='2025-09-23T00:00:00+00:00' AIRFLOW_CTX_TRY_NUMBER='1' AIRFLOW_CTX_DAG_RUN_ID='scheduled__2025-09-23T00:00:00+00:00'
[2025-10-29T18:10:56.655+0000] {taskinstance.py:430} INFO - ::endgroup::
[2025-10-29T18:10:57.322+0000] {logging_mixin.py:188} INFO - [openphish_ingest] rows after normalize: 300
[2025-10-29T18:10:57.328+0000] {logging_mixin.py:188} INFO - [openphish] rows after normalize: 300
[2025-10-29T18:10:57.344+0000] {python.py:237} INFO - Done. Returned value was: None
[2025-10-29T18:10:57.345+0000] {taskinstance.py:441} INFO - ::group::Post task execution logs
[2025-10-29T18:10:57.347+0000] {taskinstance.py:1206} INFO - Marking task as SUCCESS. dag_id=openphish_ingest, task_id=openphish_fetch_normalize_bronze, run_id=scheduled__2025-09-23T00:00:00+00:00, execution_date=20250923T000000, start_date=20251029T181056, end_date=20251029T181057
[2025-10-29T18:10:57.375+0000] {local_task_job_runner.py:243} INFO - Task exited with return code 0
[2025-10-29T18:10:57.380+0000] {taskinstance.py:3503} INFO - 0 downstream tasks scheduled from follow-on schedule check
[2025-10-29T18:10:57.380+0000] {local_task_job_runner.py:222} INFO - ::endgroup::
