[[34m2025-11-14T02:06:18.979+0000[0m] {[34mscheduler_job_runner.py:[0m1657} INFO[0m - Reset the following 6 orphaned TaskInstances:
	<TaskInstance: urlhaus_ingest.urlhaus_fetch_normalize_bronze scheduled__2025-11-13T00:00:00+00:00 [queued]>
	<TaskInstance: openphish_ingest.openphish_fetch_normalize_bronze scheduled__2025-11-13T00:00:00+00:00 [queued]>
	<TaskInstance: whois_rdap_ingest.whois_rdap_fetch scheduled__2025-11-13T00:00:00+00:00 [queued]>
	<TaskInstance: dns_ip_geo_ingest.dns_ip_geo_fetch scheduled__2025-11-13T00:00:00+00:00 [queued]>
	<TaskInstance: openphish_silver.openphish_bronze_to_silver scheduled__2025-11-13T00:00:00+00:00 [queued]>
	<TaskInstance: misp_osint_ingest.misp_osint_fetch scheduled__2025-11-13T00:00:00+00:00 [running]>[0m
[[34m2025-11-14T02:06:20.050+0000[0m] {[34mscheduler_job_runner.py:[0m417} INFO[0m - 6 tasks up for execution:
	<TaskInstance: misp_osint_ingest.misp_osint_fetch scheduled__2025-11-13T00:00:00+00:00 [scheduled]>
	<TaskInstance: urlhaus_ingest.urlhaus_fetch_normalize_bronze scheduled__2025-11-13T00:00:00+00:00 [scheduled]>
	<TaskInstance: openphish_ingest.openphish_fetch_normalize_bronze scheduled__2025-11-13T00:00:00+00:00 [scheduled]>
	<TaskInstance: whois_rdap_ingest.whois_rdap_fetch scheduled__2025-11-13T00:00:00+00:00 [scheduled]>
	<TaskInstance: dns_ip_geo_ingest.dns_ip_geo_fetch scheduled__2025-11-13T00:00:00+00:00 [scheduled]>
	<TaskInstance: openphish_silver.openphish_bronze_to_silver scheduled__2025-11-13T00:00:00+00:00 [scheduled]>[0m
[[34m2025-11-14T02:06:20.051+0000[0m] {[34mscheduler_job_runner.py:[0m480} INFO[0m - DAG misp_osint_ingest has 0/16 running and queued tasks[0m
[[34m2025-11-14T02:06:20.051+0000[0m] {[34mscheduler_job_runner.py:[0m480} INFO[0m - DAG urlhaus_ingest has 0/16 running and queued tasks[0m
[[34m2025-11-14T02:06:20.051+0000[0m] {[34mscheduler_job_runner.py:[0m480} INFO[0m - DAG openphish_ingest has 0/16 running and queued tasks[0m
[[34m2025-11-14T02:06:20.051+0000[0m] {[34mscheduler_job_runner.py:[0m480} INFO[0m - DAG whois_rdap_ingest has 0/16 running and queued tasks[0m
[[34m2025-11-14T02:06:20.051+0000[0m] {[34mscheduler_job_runner.py:[0m480} INFO[0m - DAG dns_ip_geo_ingest has 0/16 running and queued tasks[0m
[[34m2025-11-14T02:06:20.051+0000[0m] {[34mscheduler_job_runner.py:[0m480} INFO[0m - DAG openphish_silver has 0/16 running and queued tasks[0m
[[34m2025-11-14T02:06:20.051+0000[0m] {[34mscheduler_job_runner.py:[0m596} INFO[0m - Setting the following tasks to queued state:
	<TaskInstance: misp_osint_ingest.misp_osint_fetch scheduled__2025-11-13T00:00:00+00:00 [scheduled]>
	<TaskInstance: urlhaus_ingest.urlhaus_fetch_normalize_bronze scheduled__2025-11-13T00:00:00+00:00 [scheduled]>
	<TaskInstance: openphish_ingest.openphish_fetch_normalize_bronze scheduled__2025-11-13T00:00:00+00:00 [scheduled]>
	<TaskInstance: whois_rdap_ingest.whois_rdap_fetch scheduled__2025-11-13T00:00:00+00:00 [scheduled]>
	<TaskInstance: dns_ip_geo_ingest.dns_ip_geo_fetch scheduled__2025-11-13T00:00:00+00:00 [scheduled]>
	<TaskInstance: openphish_silver.openphish_bronze_to_silver scheduled__2025-11-13T00:00:00+00:00 [scheduled]>[0m
[[34m2025-11-14T02:06:20.054+0000[0m] {[34mscheduler_job_runner.py:[0m639} INFO[0m - Sending TaskInstanceKey(dag_id='misp_osint_ingest', task_id='misp_osint_fetch', run_id='scheduled__2025-11-13T00:00:00+00:00', try_number=2, map_index=-1) to executor with priority 1 and queue default[0m
[[34m2025-11-14T02:06:20.054+0000[0m] {[34mbase_executor.py:[0m149} INFO[0m - Adding to queue: ['airflow', 'tasks', 'run', 'misp_osint_ingest', 'misp_osint_fetch', 'scheduled__2025-11-13T00:00:00+00:00', '--local', '--subdir', 'DAGS_FOLDER/misp_osint_ingest.py'][0m
[[34m2025-11-14T02:06:20.054+0000[0m] {[34mscheduler_job_runner.py:[0m639} INFO[0m - Sending TaskInstanceKey(dag_id='urlhaus_ingest', task_id='urlhaus_fetch_normalize_bronze', run_id='scheduled__2025-11-13T00:00:00+00:00', try_number=1, map_index=-1) to executor with priority 1 and queue default[0m
[[34m2025-11-14T02:06:20.054+0000[0m] {[34mbase_executor.py:[0m149} INFO[0m - Adding to queue: ['airflow', 'tasks', 'run', 'urlhaus_ingest', 'urlhaus_fetch_normalize_bronze', 'scheduled__2025-11-13T00:00:00+00:00', '--local', '--subdir', 'DAGS_FOLDER/urlhaus_ingest.py'][0m
[[34m2025-11-14T02:06:20.054+0000[0m] {[34mscheduler_job_runner.py:[0m639} INFO[0m - Sending TaskInstanceKey(dag_id='openphish_ingest', task_id='openphish_fetch_normalize_bronze', run_id='scheduled__2025-11-13T00:00:00+00:00', try_number=1, map_index=-1) to executor with priority 1 and queue default[0m
[[34m2025-11-14T02:06:20.054+0000[0m] {[34mbase_executor.py:[0m149} INFO[0m - Adding to queue: ['airflow', 'tasks', 'run', 'openphish_ingest', 'openphish_fetch_normalize_bronze', 'scheduled__2025-11-13T00:00:00+00:00', '--local', '--subdir', 'DAGS_FOLDER/openphish_ingest.py'][0m
[[34m2025-11-14T02:06:20.054+0000[0m] {[34mscheduler_job_runner.py:[0m639} INFO[0m - Sending TaskInstanceKey(dag_id='whois_rdap_ingest', task_id='whois_rdap_fetch', run_id='scheduled__2025-11-13T00:00:00+00:00', try_number=1, map_index=-1) to executor with priority 1 and queue default[0m
[[34m2025-11-14T02:06:20.054+0000[0m] {[34mbase_executor.py:[0m149} INFO[0m - Adding to queue: ['airflow', 'tasks', 'run', 'whois_rdap_ingest', 'whois_rdap_fetch', 'scheduled__2025-11-13T00:00:00+00:00', '--local', '--subdir', 'DAGS_FOLDER/whois_rdap_dag.py'][0m
[[34m2025-11-14T02:06:20.054+0000[0m] {[34mscheduler_job_runner.py:[0m639} INFO[0m - Sending TaskInstanceKey(dag_id='dns_ip_geo_ingest', task_id='dns_ip_geo_fetch', run_id='scheduled__2025-11-13T00:00:00+00:00', try_number=1, map_index=-1) to executor with priority 1 and queue default[0m
[[34m2025-11-14T02:06:20.055+0000[0m] {[34mbase_executor.py:[0m149} INFO[0m - Adding to queue: ['airflow', 'tasks', 'run', 'dns_ip_geo_ingest', 'dns_ip_geo_fetch', 'scheduled__2025-11-13T00:00:00+00:00', '--local', '--subdir', 'DAGS_FOLDER/dns_ip_geo_dag.py'][0m
[[34m2025-11-14T02:06:20.055+0000[0m] {[34mscheduler_job_runner.py:[0m639} INFO[0m - Sending TaskInstanceKey(dag_id='openphish_silver', task_id='openphish_bronze_to_silver', run_id='scheduled__2025-11-13T00:00:00+00:00', try_number=1, map_index=-1) to executor with priority 1 and queue default[0m
[[34m2025-11-14T02:06:20.055+0000[0m] {[34mbase_executor.py:[0m149} INFO[0m - Adding to queue: ['airflow', 'tasks', 'run', 'openphish_silver', 'openphish_bronze_to_silver', 'scheduled__2025-11-13T00:00:00+00:00', '--local', '--subdir', 'DAGS_FOLDER/openphish_silver.py'][0m
[[34m2025-11-14T02:06:20.056+0000[0m] {[34msequential_executor.py:[0m74} INFO[0m - Executing command: ['airflow', 'tasks', 'run', 'misp_osint_ingest', 'misp_osint_fetch', 'scheduled__2025-11-13T00:00:00+00:00', '--local', '--subdir', 'DAGS_FOLDER/misp_osint_ingest.py'][0m
[[34m2025-11-14T02:06:21.307+0000[0m] {[34mdagbag.py:[0m545} INFO[0m - Filling up the DagBag from /opt/airflow/dags/misp_osint_ingest.py[0m
[[34m2025-11-14T02:06:21.644+0000[0m] {[34mtask_command.py:[0m426} INFO[0m - Running <TaskInstance: misp_osint_ingest.misp_osint_fetch scheduled__2025-11-13T00:00:00+00:00 [queued]> on host 1fd82182dcce[0m
[[34m2025-11-14T02:06:32.190+0000[0m] {[34msequential_executor.py:[0m74} INFO[0m - Executing command: ['airflow', 'tasks', 'run', 'urlhaus_ingest', 'urlhaus_fetch_normalize_bronze', 'scheduled__2025-11-13T00:00:00+00:00', '--local', '--subdir', 'DAGS_FOLDER/urlhaus_ingest.py'][0m
[[34m2025-11-14T02:06:33.193+0000[0m] {[34mdagbag.py:[0m545} INFO[0m - Filling up the DagBag from /opt/airflow/dags/urlhaus_ingest.py[0m
[[34m2025-11-14T02:06:33.970+0000[0m] {[34mwarnings.py:[0m112} WARNING[0m - /home/airflow/.local/lib/python3.12/site-packages/snowflake/sqlalchemy/base.py:1068: SAWarning: The GenericFunction 'flatten' is already registered and is going to be overridden.
  functions.register_function("flatten", flatten)
[0m
[[34m2025-11-14T02:06:34.457+0000[0m] {[34mwarnings.py:[0m112} WARNING[0m - /opt/airflow/dags/urlhaus_ingest.py:145: RemovedInAirflow3Warning: Param `schedule_interval` is deprecated and will be removed in a future release. Please use `schedule` instead. 
  with DAG(
[0m
[[34m2025-11-14T02:06:34.493+0000[0m] {[34mtask_command.py:[0m426} INFO[0m - Running <TaskInstance: urlhaus_ingest.urlhaus_fetch_normalize_bronze scheduled__2025-11-13T00:00:00+00:00 [skipped]> on host 1fd82182dcce[0m
[[34m2025-11-14T02:06:35.069+0000[0m] {[34msequential_executor.py:[0m74} INFO[0m - Executing command: ['airflow', 'tasks', 'run', 'openphish_ingest', 'openphish_fetch_normalize_bronze', 'scheduled__2025-11-13T00:00:00+00:00', '--local', '--subdir', 'DAGS_FOLDER/openphish_ingest.py'][0m
[[34m2025-11-14T02:06:35.994+0000[0m] {[34mdagbag.py:[0m545} INFO[0m - Filling up the DagBag from /opt/airflow/dags/openphish_ingest.py[0m
[[34m2025-11-14T02:06:36.671+0000[0m] {[34mwarnings.py:[0m112} WARNING[0m - /home/airflow/.local/lib/python3.12/site-packages/snowflake/sqlalchemy/base.py:1068: SAWarning: The GenericFunction 'flatten' is already registered and is going to be overridden.
  functions.register_function("flatten", flatten)
[0m
[[34m2025-11-14T02:06:37.223+0000[0m] {[34mwarnings.py:[0m112} WARNING[0m - /opt/airflow/dags/openphish_ingest.py:105: RemovedInAirflow3Warning: Param `schedule_interval` is deprecated and will be removed in a future release. Please use `schedule` instead. 
  with DAG(
[0m
[[34m2025-11-14T02:06:37.261+0000[0m] {[34mtask_command.py:[0m426} INFO[0m - Running <TaskInstance: openphish_ingest.openphish_fetch_normalize_bronze scheduled__2025-11-13T00:00:00+00:00 [skipped]> on host 1fd82182dcce[0m
[[34m2025-11-14T02:06:37.899+0000[0m] {[34msequential_executor.py:[0m74} INFO[0m - Executing command: ['airflow', 'tasks', 'run', 'whois_rdap_ingest', 'whois_rdap_fetch', 'scheduled__2025-11-13T00:00:00+00:00', '--local', '--subdir', 'DAGS_FOLDER/whois_rdap_dag.py'][0m
[[34m2025-11-14T02:06:38.879+0000[0m] {[34mdagbag.py:[0m545} INFO[0m - Filling up the DagBag from /opt/airflow/dags/whois_rdap_dag.py[0m
[[34m2025-11-14T02:06:39.062+0000[0m] {[34mtask_command.py:[0m426} INFO[0m - Running <TaskInstance: whois_rdap_ingest.whois_rdap_fetch scheduled__2025-11-13T00:00:00+00:00 [success]> on host 1fd82182dcce[0m
[[34m2025-11-14T02:06:39.256+0000[0m] {[34msequential_executor.py:[0m74} INFO[0m - Executing command: ['airflow', 'tasks', 'run', 'dns_ip_geo_ingest', 'dns_ip_geo_fetch', 'scheduled__2025-11-13T00:00:00+00:00', '--local', '--subdir', 'DAGS_FOLDER/dns_ip_geo_dag.py'][0m
[[34m2025-11-14T02:06:40.189+0000[0m] {[34mdagbag.py:[0m545} INFO[0m - Filling up the DagBag from /opt/airflow/dags/dns_ip_geo_dag.py[0m
[[34m2025-11-14T02:06:40.422+0000[0m] {[34mtask_command.py:[0m426} INFO[0m - Running <TaskInstance: dns_ip_geo_ingest.dns_ip_geo_fetch scheduled__2025-11-13T00:00:00+00:00 [running]> on host 1fd82182dcce[0m
[[34m2025-11-14T02:06:40.674+0000[0m] {[34msequential_executor.py:[0m74} INFO[0m - Executing command: ['airflow', 'tasks', 'run', 'openphish_silver', 'openphish_bronze_to_silver', 'scheduled__2025-11-13T00:00:00+00:00', '--local', '--subdir', 'DAGS_FOLDER/openphish_silver.py'][0m
[[34m2025-11-14T02:06:41.579+0000[0m] {[34mdagbag.py:[0m545} INFO[0m - Filling up the DagBag from /opt/airflow/dags/openphish_silver.py[0m
[[34m2025-11-14T02:06:41.762+0000[0m] {[34mtask_command.py:[0m426} INFO[0m - Running <TaskInstance: openphish_silver.openphish_bronze_to_silver scheduled__2025-11-13T00:00:00+00:00 [queued]> on host 1fd82182dcce[0m
[[34m2025-11-14T02:06:42.157+0000[0m] {[34mscheduler_job_runner.py:[0m689} INFO[0m - Received executor event with state success for task instance TaskInstanceKey(dag_id='misp_osint_ingest', task_id='misp_osint_fetch', run_id='scheduled__2025-11-13T00:00:00+00:00', try_number=2, map_index=-1)[0m
[[34m2025-11-14T02:06:42.158+0000[0m] {[34mscheduler_job_runner.py:[0m689} INFO[0m - Received executor event with state success for task instance TaskInstanceKey(dag_id='urlhaus_ingest', task_id='urlhaus_fetch_normalize_bronze', run_id='scheduled__2025-11-13T00:00:00+00:00', try_number=1, map_index=-1)[0m
[[34m2025-11-14T02:06:42.158+0000[0m] {[34mscheduler_job_runner.py:[0m689} INFO[0m - Received executor event with state success for task instance TaskInstanceKey(dag_id='openphish_ingest', task_id='openphish_fetch_normalize_bronze', run_id='scheduled__2025-11-13T00:00:00+00:00', try_number=1, map_index=-1)[0m
[[34m2025-11-14T02:06:42.158+0000[0m] {[34mscheduler_job_runner.py:[0m689} INFO[0m - Received executor event with state success for task instance TaskInstanceKey(dag_id='whois_rdap_ingest', task_id='whois_rdap_fetch', run_id='scheduled__2025-11-13T00:00:00+00:00', try_number=1, map_index=-1)[0m
[[34m2025-11-14T02:06:42.158+0000[0m] {[34mscheduler_job_runner.py:[0m689} INFO[0m - Received executor event with state success for task instance TaskInstanceKey(dag_id='dns_ip_geo_ingest', task_id='dns_ip_geo_fetch', run_id='scheduled__2025-11-13T00:00:00+00:00', try_number=1, map_index=-1)[0m
[[34m2025-11-14T02:06:42.158+0000[0m] {[34mscheduler_job_runner.py:[0m689} INFO[0m - Received executor event with state success for task instance TaskInstanceKey(dag_id='openphish_silver', task_id='openphish_bronze_to_silver', run_id='scheduled__2025-11-13T00:00:00+00:00', try_number=1, map_index=-1)[0m
[[34m2025-11-14T02:06:42.179+0000[0m] {[34mscheduler_job_runner.py:[0m721} INFO[0m - TaskInstance Finished: dag_id=openphish_silver, task_id=openphish_bronze_to_silver, run_id=scheduled__2025-11-13T00:00:00+00:00, map_index=-1, run_start_date=2025-11-14 02:06:41.783611+00:00, run_end_date=2025-11-14 02:06:41.857542+00:00, run_duration=0.073931, state=success, executor_state=success, try_number=1, max_tries=0, job_id=90, pool=default_pool, queue=default, priority_weight=1, operator=PythonOperator, queued_dttm=2025-11-14 02:06:20.051878+00:00, queued_by_job_id=1, pid=26105[0m
[[34m2025-11-14T02:06:42.179+0000[0m] {[34mscheduler_job_runner.py:[0m721} INFO[0m - TaskInstance Finished: dag_id=whois_rdap_ingest, task_id=whois_rdap_fetch, run_id=scheduled__2025-11-13T00:00:00+00:00, map_index=-1, run_start_date=2025-11-14 02:06:33.351199+00:00, run_end_date=2025-11-14 02:06:33.581486+00:00, run_duration=0.230287, state=success, executor_state=success, try_number=1, max_tries=0, job_id=84, pool=default_pool, queue=default, priority_weight=1, operator=PythonOperator, queued_dttm=2025-11-14 02:06:20.051878+00:00, queued_by_job_id=1, pid=26002[0m
[[34m2025-11-14T02:06:42.179+0000[0m] {[34mscheduler_job_runner.py:[0m721} INFO[0m - TaskInstance Finished: dag_id=dns_ip_geo_ingest, task_id=dns_ip_geo_fetch, run_id=scheduled__2025-11-13T00:00:00+00:00, map_index=-1, run_start_date=2025-11-14 02:06:35.115722+00:00, run_end_date=None, run_duration=None, state=running, executor_state=success, try_number=1, max_tries=0, job_id=86, pool=default_pool, queue=default, priority_weight=1, operator=PythonOperator, queued_dttm=2025-11-14 02:06:20.051878+00:00, queued_by_job_id=1, pid=26040[0m
[[34m2025-11-14T02:06:42.179+0000[0m] {[34mscheduler_job_runner.py:[0m721} INFO[0m - TaskInstance Finished: dag_id=urlhaus_ingest, task_id=urlhaus_fetch_normalize_bronze, run_id=scheduled__2025-11-13T00:00:00+00:00, map_index=-1, run_start_date=2025-11-14 02:06:27.825985+00:00, run_end_date=2025-11-14 02:06:27.987563+00:00, run_duration=0.161578, state=skipped, executor_state=success, try_number=1, max_tries=1, job_id=82, pool=default_pool, queue=default, priority_weight=1, operator=PythonOperator, queued_dttm=2025-11-14 02:06:20.051878+00:00, queued_by_job_id=1, pid=25957[0m
[[34m2025-11-14T02:06:42.179+0000[0m] {[34mscheduler_job_runner.py:[0m721} INFO[0m - TaskInstance Finished: dag_id=openphish_ingest, task_id=openphish_fetch_normalize_bronze, run_id=scheduled__2025-11-13T00:00:00+00:00, map_index=-1, run_start_date=2025-11-14 02:06:31.343023+00:00, run_end_date=2025-11-14 02:06:31.449892+00:00, run_duration=0.106869, state=skipped, executor_state=success, try_number=1, max_tries=1, job_id=83, pool=default_pool, queue=default, priority_weight=1, operator=PythonOperator, queued_dttm=2025-11-14 02:06:20.051878+00:00, queued_by_job_id=1, pid=25979[0m
[[34m2025-11-14T02:06:42.179+0000[0m] {[34mscheduler_job_runner.py:[0m721} INFO[0m - TaskInstance Finished: dag_id=misp_osint_ingest, task_id=misp_osint_fetch, run_id=scheduled__2025-11-13T00:00:00+00:00, map_index=-1, run_start_date=2025-11-14 02:06:21.683116+00:00, run_end_date=2025-11-14 02:06:23.564643+00:00, run_duration=1.881527, state=failed, executor_state=success, try_number=2, max_tries=0, job_id=81, pool=default_pool, queue=default, priority_weight=1, operator=PythonOperator, queued_dttm=2025-11-14 02:06:20.051878+00:00, queued_by_job_id=1, pid=25935[0m
[[34m2025-11-14T02:06:42.444+0000[0m] {[34mdagrun.py:[0m819} ERROR[0m - Marking run <DagRun misp_osint_ingest @ 2025-11-13 00:00:00+00:00: scheduled__2025-11-13T00:00:00+00:00, state:running, queued_at: 2025-11-14 00:08:47.790895+00:00. externally triggered: False> failed[0m
[[34m2025-11-14T02:06:42.444+0000[0m] {[34mdagrun.py:[0m901} INFO[0m - DagRun Finished: dag_id=misp_osint_ingest, execution_date=2025-11-13 00:00:00+00:00, run_id=scheduled__2025-11-13T00:00:00+00:00, run_start_date=2025-11-14 00:08:47.811111+00:00, run_end_date=2025-11-14 02:06:42.444198+00:00, run_duration=7074.633087, state=failed, external_trigger=False, run_type=scheduled, data_interval_start=2025-11-13 00:00:00+00:00, data_interval_end=2025-11-14 00:00:00+00:00, dag_hash=3f3eff7dca2e0f6e2d38d67f2230ef7c[0m
[[34m2025-11-14T02:06:42.446+0000[0m] {[34mdag.py:[0m3947} INFO[0m - Setting next_dagrun for misp_osint_ingest to 2025-11-14 00:00:00+00:00, run_after=2025-11-15 00:00:00+00:00[0m
[[34m2025-11-14T02:06:42.446+0000[0m] {[34mdagrun.py:[0m850} INFO[0m - Marking run <DagRun openphish_ingest @ 2025-11-13 00:00:00+00:00: scheduled__2025-11-13T00:00:00+00:00, state:running, queued_at: 2025-11-14 00:08:47.793760+00:00. externally triggered: False> successful[0m
[[34m2025-11-14T02:06:42.446+0000[0m] {[34mdagrun.py:[0m901} INFO[0m - DagRun Finished: dag_id=openphish_ingest, execution_date=2025-11-13 00:00:00+00:00, run_id=scheduled__2025-11-13T00:00:00+00:00, run_start_date=2025-11-14 00:08:47.811333+00:00, run_end_date=2025-11-14 02:06:42.446845+00:00, run_duration=7074.635512, state=success, external_trigger=False, run_type=scheduled, data_interval_start=2025-11-13 00:00:00+00:00, data_interval_end=2025-11-14 00:00:00+00:00, dag_hash=86f27389bcead1a1bfb361a39a5a4723[0m
[[34m2025-11-14T02:06:42.447+0000[0m] {[34mdag.py:[0m3947} INFO[0m - Setting next_dagrun for openphish_ingest to 2025-11-14 00:00:00+00:00, run_after=2025-11-15 00:00:00+00:00[0m
[[34m2025-11-14T02:06:42.448+0000[0m] {[34mdagrun.py:[0m850} INFO[0m - Marking run <DagRun openphish_silver @ 2025-11-13 00:00:00+00:00: scheduled__2025-11-13T00:00:00+00:00, state:running, queued_at: 2025-11-14 00:08:47.799835+00:00. externally triggered: False> successful[0m
[[34m2025-11-14T02:06:42.448+0000[0m] {[34mdagrun.py:[0m901} INFO[0m - DagRun Finished: dag_id=openphish_silver, execution_date=2025-11-13 00:00:00+00:00, run_id=scheduled__2025-11-13T00:00:00+00:00, run_start_date=2025-11-14 00:08:47.811546+00:00, run_end_date=2025-11-14 02:06:42.448570+00:00, run_duration=7074.637024, state=success, external_trigger=False, run_type=scheduled, data_interval_start=2025-11-13 00:00:00+00:00, data_interval_end=2025-11-14 00:00:00+00:00, dag_hash=e7fef51c760b4f50c2527ff67bf5a418[0m
[[34m2025-11-14T02:06:42.449+0000[0m] {[34mdag.py:[0m3947} INFO[0m - Setting next_dagrun for openphish_silver to 2025-11-14 00:00:00+00:00, run_after=2025-11-15 00:00:00+00:00[0m
[[34m2025-11-14T02:06:42.450+0000[0m] {[34mdagrun.py:[0m850} INFO[0m - Marking run <DagRun urlhaus_ingest @ 2025-11-13 00:00:00+00:00: scheduled__2025-11-13T00:00:00+00:00, state:running, queued_at: 2025-11-14 00:08:47.792492+00:00. externally triggered: False> successful[0m
[[34m2025-11-14T02:06:42.450+0000[0m] {[34mdagrun.py:[0m901} INFO[0m - DagRun Finished: dag_id=urlhaus_ingest, execution_date=2025-11-13 00:00:00+00:00, run_id=scheduled__2025-11-13T00:00:00+00:00, run_start_date=2025-11-14 00:08:47.811760+00:00, run_end_date=2025-11-14 02:06:42.450057+00:00, run_duration=7074.638297, state=success, external_trigger=False, run_type=scheduled, data_interval_start=2025-11-13 00:00:00+00:00, data_interval_end=2025-11-14 00:00:00+00:00, dag_hash=ff6c15a0746ba81023881930771711b0[0m
[[34m2025-11-14T02:06:42.450+0000[0m] {[34mdag.py:[0m3947} INFO[0m - Setting next_dagrun for urlhaus_ingest to 2025-11-14 00:00:00+00:00, run_after=2025-11-15 00:00:00+00:00[0m
[[34m2025-11-14T02:06:42.451+0000[0m] {[34mdagrun.py:[0m850} INFO[0m - Marking run <DagRun whois_rdap_ingest @ 2025-11-13 00:00:00+00:00: scheduled__2025-11-13T00:00:00+00:00, state:running, queued_at: 2025-11-14 00:08:47.797139+00:00. externally triggered: False> successful[0m
[[34m2025-11-14T02:06:42.451+0000[0m] {[34mdagrun.py:[0m901} INFO[0m - DagRun Finished: dag_id=whois_rdap_ingest, execution_date=2025-11-13 00:00:00+00:00, run_id=scheduled__2025-11-13T00:00:00+00:00, run_start_date=2025-11-14 00:08:47.812121+00:00, run_end_date=2025-11-14 02:06:42.451610+00:00, run_duration=7074.639489, state=success, external_trigger=False, run_type=scheduled, data_interval_start=2025-11-13 00:00:00+00:00, data_interval_end=2025-11-14 00:00:00+00:00, dag_hash=d87912e9e85d42b9dc7e13f6e27daf60[0m
[[34m2025-11-14T02:06:42.452+0000[0m] {[34mdag.py:[0m3947} INFO[0m - Setting next_dagrun for whois_rdap_ingest to 2025-11-14 00:00:00+00:00, run_after=2025-11-15 00:00:00+00:00[0m
[[34m2025-11-14T02:06:44.761+0000[0m] {[34mdag.py:[0m3947} INFO[0m - Setting next_dagrun for pipeline_orchestrator to 2025-11-14 00:00:00+00:00, run_after=2025-11-15 00:00:00+00:00[0m
[[34m2025-11-14T02:07:15.243+0000[0m] {[34mdag.py:[0m3947} INFO[0m - Setting next_dagrun for pipeline_orchestrator to 2025-11-14 00:00:00+00:00, run_after=2025-11-15 00:00:00+00:00[0m
[[34m2025-11-14T02:07:45.952+0000[0m] {[34mdag.py:[0m3947} INFO[0m - Setting next_dagrun for pipeline_orchestrator to 2025-11-14 00:00:00+00:00, run_after=2025-11-15 00:00:00+00:00[0m
[[34m2025-11-14T02:08:16.975+0000[0m] {[34mdag.py:[0m3947} INFO[0m - Setting next_dagrun for pipeline_orchestrator to 2025-11-14 00:00:00+00:00, run_after=2025-11-15 00:00:00+00:00[0m
[[34m2025-11-14T02:08:47.522+0000[0m] {[34mdag.py:[0m3947} INFO[0m - Setting next_dagrun for pipeline_orchestrator to 2025-11-14 00:00:00+00:00, run_after=2025-11-15 00:00:00+00:00[0m
[[34m2025-11-14T02:09:18.526+0000[0m] {[34mdag.py:[0m3947} INFO[0m - Setting next_dagrun for pipeline_orchestrator to 2025-11-14 00:00:00+00:00, run_after=2025-11-15 00:00:00+00:00[0m
[[34m2025-11-14T02:09:49.078+0000[0m] {[34mdag.py:[0m3947} INFO[0m - Setting next_dagrun for pipeline_orchestrator to 2025-11-14 00:00:00+00:00, run_after=2025-11-15 00:00:00+00:00[0m
[[34m2025-11-14T02:10:19.419+0000[0m] {[34mdag.py:[0m3947} INFO[0m - Setting next_dagrun for pipeline_orchestrator to 2025-11-14 00:00:00+00:00, run_after=2025-11-15 00:00:00+00:00[0m
[[34m2025-11-14T02:10:50.050+0000[0m] {[34mdag.py:[0m3947} INFO[0m - Setting next_dagrun for pipeline_orchestrator to 2025-11-14 00:00:00+00:00, run_after=2025-11-15 00:00:00+00:00[0m
[[34m2025-11-14T02:11:19.123+0000[0m] {[34mscheduler_job_runner.py:[0m1598} INFO[0m - Adopting or resetting orphaned tasks for active dag runs[0m
[[34m2025-11-14T02:11:20.248+0000[0m] {[34mdag.py:[0m3947} INFO[0m - Setting next_dagrun for pipeline_orchestrator to 2025-11-14 00:00:00+00:00, run_after=2025-11-15 00:00:00+00:00[0m
[[34m2025-11-14T02:11:50.417+0000[0m] {[34mdag.py:[0m3947} INFO[0m - Setting next_dagrun for pipeline_orchestrator to 2025-11-14 00:00:00+00:00, run_after=2025-11-15 00:00:00+00:00[0m
[[34m2025-11-14T02:12:20.609+0000[0m] {[34mdag.py:[0m3947} INFO[0m - Setting next_dagrun for pipeline_orchestrator to 2025-11-14 00:00:00+00:00, run_after=2025-11-15 00:00:00+00:00[0m
[[34m2025-11-14T02:12:52.437+0000[0m] {[34mdag.py:[0m3947} INFO[0m - Setting next_dagrun for pipeline_orchestrator to 2025-11-14 00:00:00+00:00, run_after=2025-11-15 00:00:00+00:00[0m
[[34m2025-11-14T02:13:22.745+0000[0m] {[34mdag.py:[0m3947} INFO[0m - Setting next_dagrun for pipeline_orchestrator to 2025-11-14 00:00:00+00:00, run_after=2025-11-15 00:00:00+00:00[0m
[[34m2025-11-14T02:13:53.105+0000[0m] {[34mdag.py:[0m3947} INFO[0m - Setting next_dagrun for pipeline_orchestrator to 2025-11-14 00:00:00+00:00, run_after=2025-11-15 00:00:00+00:00[0m
[[34m2025-11-14T02:14:23.702+0000[0m] {[34mdag.py:[0m3947} INFO[0m - Setting next_dagrun for pipeline_orchestrator to 2025-11-14 00:00:00+00:00, run_after=2025-11-15 00:00:00+00:00[0m
[[34m2025-11-14T02:14:26.914+0000[0m] {[34mdagrun.py:[0m850} INFO[0m - Marking run <DagRun dns_ip_geo_ingest @ 2025-11-13 00:00:00+00:00: scheduled__2025-11-13T00:00:00+00:00, state:running, queued_at: 2025-11-14 00:08:47.798413+00:00. externally triggered: False> successful[0m
[[34m2025-11-14T02:14:26.914+0000[0m] {[34mdagrun.py:[0m901} INFO[0m - DagRun Finished: dag_id=dns_ip_geo_ingest, execution_date=2025-11-13 00:00:00+00:00, run_id=scheduled__2025-11-13T00:00:00+00:00, run_start_date=2025-11-14 00:08:47.808204+00:00, run_end_date=2025-11-14 02:14:26.914757+00:00, run_duration=7539.106553, state=success, external_trigger=False, run_type=scheduled, data_interval_start=2025-11-13 00:00:00+00:00, data_interval_end=2025-11-14 00:00:00+00:00, dag_hash=8dbab2a7936fd8e12e23d51c012f7737[0m
[[34m2025-11-14T02:14:26.916+0000[0m] {[34mdag.py:[0m3947} INFO[0m - Setting next_dagrun for dns_ip_geo_ingest to 2025-11-14 00:00:00+00:00, run_after=2025-11-15 00:00:00+00:00[0m
[[34m2025-11-14T02:14:53.849+0000[0m] {[34mdag.py:[0m3947} INFO[0m - Setting next_dagrun for pipeline_orchestrator to 2025-11-14 00:00:00+00:00, run_after=2025-11-15 00:00:00+00:00[0m
[[34m2025-11-14T02:15:28.230+0000[0m] {[34mdag.py:[0m3947} INFO[0m - Setting next_dagrun for pipeline_orchestrator to 2025-11-14 00:00:00+00:00, run_after=2025-11-15 00:00:00+00:00[0m
[[34m2025-11-14T02:15:59.841+0000[0m] {[34mdag.py:[0m3947} INFO[0m - Setting next_dagrun for pipeline_orchestrator to 2025-11-14 00:00:00+00:00, run_after=2025-11-15 00:00:00+00:00[0m
[[34m2025-11-14T02:16:19.147+0000[0m] {[34mscheduler_job_runner.py:[0m1598} INFO[0m - Adopting or resetting orphaned tasks for active dag runs[0m
[[34m2025-11-14T02:16:30.592+0000[0m] {[34mdag.py:[0m3947} INFO[0m - Setting next_dagrun for pipeline_orchestrator to 2025-11-14 00:00:00+00:00, run_after=2025-11-15 00:00:00+00:00[0m
[[34m2025-11-14T02:17:02.718+0000[0m] {[34mdag.py:[0m3947} INFO[0m - Setting next_dagrun for pipeline_orchestrator to 2025-11-14 00:00:00+00:00, run_after=2025-11-15 00:00:00+00:00[0m
[[34m2025-11-14T02:17:32.179+0000[0m] {[34mdag.py:[0m3947} INFO[0m - Setting next_dagrun for pipeline_orchestrator to 2025-11-14 00:00:00+00:00, run_after=2025-11-15 00:00:00+00:00[0m
[[34m2025-11-14T02:17:34.904+0000[0m] {[34mdag.py:[0m3947} INFO[0m - Setting next_dagrun for pipeline_orchestrator to 2025-11-14 00:00:00+00:00, run_after=2025-11-15 00:00:00+00:00[0m
[[34m2025-11-14T02:18:05.358+0000[0m] {[34mdag.py:[0m3947} INFO[0m - Setting next_dagrun for pipeline_orchestrator to 2025-11-14 00:00:00+00:00, run_after=2025-11-15 00:00:00+00:00[0m
[[34m2025-11-14T02:18:37.914+0000[0m] {[34mdag.py:[0m3947} INFO[0m - Setting next_dagrun for pipeline_orchestrator to 2025-11-14 00:00:00+00:00, run_after=2025-11-15 00:00:00+00:00[0m
[[34m2025-11-14T02:19:09.664+0000[0m] {[34mdag.py:[0m3947} INFO[0m - Setting next_dagrun for pipeline_orchestrator to 2025-11-14 00:00:00+00:00, run_after=2025-11-15 00:00:00+00:00[0m
[[34m2025-11-14T02:19:41.798+0000[0m] {[34mdag.py:[0m3947} INFO[0m - Setting next_dagrun for pipeline_orchestrator to 2025-11-14 00:00:00+00:00, run_after=2025-11-15 00:00:00+00:00[0m
[[34m2025-11-14T02:20:13.404+0000[0m] {[34mdag.py:[0m3947} INFO[0m - Setting next_dagrun for pipeline_orchestrator to 2025-11-14 00:00:00+00:00, run_after=2025-11-15 00:00:00+00:00[0m
[[34m2025-11-14T02:20:43.745+0000[0m] {[34mdag.py:[0m3947} INFO[0m - Setting next_dagrun for pipeline_orchestrator to 2025-11-14 00:00:00+00:00, run_after=2025-11-15 00:00:00+00:00[0m
[[34m2025-11-14T02:21:14.179+0000[0m] {[34mdag.py:[0m3947} INFO[0m - Setting next_dagrun for pipeline_orchestrator to 2025-11-14 00:00:00+00:00, run_after=2025-11-15 00:00:00+00:00[0m
[[34m2025-11-14T02:21:19.169+0000[0m] {[34mscheduler_job_runner.py:[0m1598} INFO[0m - Adopting or resetting orphaned tasks for active dag runs[0m
[[34m2025-11-14T02:21:44.851+0000[0m] {[34mdag.py:[0m3947} INFO[0m - Setting next_dagrun for pipeline_orchestrator to 2025-11-14 00:00:00+00:00, run_after=2025-11-15 00:00:00+00:00[0m
[[34m2025-11-14T02:22:17.026+0000[0m] {[34mdag.py:[0m3947} INFO[0m - Setting next_dagrun for pipeline_orchestrator to 2025-11-14 00:00:00+00:00, run_after=2025-11-15 00:00:00+00:00[0m
[[34m2025-11-14T02:22:48.202+0000[0m] {[34mdag.py:[0m3947} INFO[0m - Setting next_dagrun for pipeline_orchestrator to 2025-11-14 00:00:00+00:00, run_after=2025-11-15 00:00:00+00:00[0m
[[34m2025-11-14T02:23:20.106+0000[0m] {[34mdag.py:[0m3947} INFO[0m - Setting next_dagrun for pipeline_orchestrator to 2025-11-14 00:00:00+00:00, run_after=2025-11-15 00:00:00+00:00[0m
[[34m2025-11-14T02:23:52.196+0000[0m] {[34mdag.py:[0m3947} INFO[0m - Setting next_dagrun for pipeline_orchestrator to 2025-11-14 00:00:00+00:00, run_after=2025-11-15 00:00:00+00:00[0m
[[34m2025-11-14T02:24:24.141+0000[0m] {[34mdag.py:[0m3947} INFO[0m - Setting next_dagrun for pipeline_orchestrator to 2025-11-14 00:00:00+00:00, run_after=2025-11-15 00:00:00+00:00[0m
[[34m2025-11-14T02:24:55.664+0000[0m] {[34mdag.py:[0m3947} INFO[0m - Setting next_dagrun for pipeline_orchestrator to 2025-11-14 00:00:00+00:00, run_after=2025-11-15 00:00:00+00:00[0m
[[34m2025-11-14T02:25:27.517+0000[0m] {[34mdag.py:[0m3947} INFO[0m - Setting next_dagrun for pipeline_orchestrator to 2025-11-14 00:00:00+00:00, run_after=2025-11-15 00:00:00+00:00[0m
[[34m2025-11-14T02:25:59.231+0000[0m] {[34mdag.py:[0m3947} INFO[0m - Setting next_dagrun for pipeline_orchestrator to 2025-11-14 00:00:00+00:00, run_after=2025-11-15 00:00:00+00:00[0m
[[34m2025-11-14T02:26:19.208+0000[0m] {[34mscheduler_job_runner.py:[0m1598} INFO[0m - Adopting or resetting orphaned tasks for active dag runs[0m
[[34m2025-11-14T02:26:31.042+0000[0m] {[34mdag.py:[0m3947} INFO[0m - Setting next_dagrun for pipeline_orchestrator to 2025-11-14 00:00:00+00:00, run_after=2025-11-15 00:00:00+00:00[0m
[[34m2025-11-14T02:27:02.686+0000[0m] {[34mdag.py:[0m3947} INFO[0m - Setting next_dagrun for pipeline_orchestrator to 2025-11-14 00:00:00+00:00, run_after=2025-11-15 00:00:00+00:00[0m
[[34m2025-11-14T02:27:34.144+0000[0m] {[34mdag.py:[0m3947} INFO[0m - Setting next_dagrun for pipeline_orchestrator to 2025-11-14 00:00:00+00:00, run_after=2025-11-15 00:00:00+00:00[0m
[[34m2025-11-14T02:28:05.941+0000[0m] {[34mdag.py:[0m3947} INFO[0m - Setting next_dagrun for pipeline_orchestrator to 2025-11-14 00:00:00+00:00, run_after=2025-11-15 00:00:00+00:00[0m
[[34m2025-11-14T02:28:37.431+0000[0m] {[34mdag.py:[0m3947} INFO[0m - Setting next_dagrun for pipeline_orchestrator to 2025-11-14 00:00:00+00:00, run_after=2025-11-15 00:00:00+00:00[0m
[[34m2025-11-14T02:29:09.135+0000[0m] {[34mdag.py:[0m3947} INFO[0m - Setting next_dagrun for pipeline_orchestrator to 2025-11-14 00:00:00+00:00, run_after=2025-11-15 00:00:00+00:00[0m
[[34m2025-11-14T02:29:40.734+0000[0m] {[34mdag.py:[0m3947} INFO[0m - Setting next_dagrun for pipeline_orchestrator to 2025-11-14 00:00:00+00:00, run_after=2025-11-15 00:00:00+00:00[0m
[[34m2025-11-14T02:30:11.477+0000[0m] {[34mdag.py:[0m3947} INFO[0m - Setting next_dagrun for pipeline_orchestrator to 2025-11-14 00:00:00+00:00, run_after=2025-11-15 00:00:00+00:00[0m
[[34m2025-11-14T02:30:43.524+0000[0m] {[34mdag.py:[0m3947} INFO[0m - Setting next_dagrun for pipeline_orchestrator to 2025-11-14 00:00:00+00:00, run_after=2025-11-15 00:00:00+00:00[0m
[[34m2025-11-14T02:31:15.976+0000[0m] {[34mdag.py:[0m3947} INFO[0m - Setting next_dagrun for pipeline_orchestrator to 2025-11-14 00:00:00+00:00, run_after=2025-11-15 00:00:00+00:00[0m
[[34m2025-11-14T02:31:19.293+0000[0m] {[34mscheduler_job_runner.py:[0m1598} INFO[0m - Adopting or resetting orphaned tasks for active dag runs[0m
[[34m2025-11-14T02:31:47.105+0000[0m] {[34mdag.py:[0m3947} INFO[0m - Setting next_dagrun for pipeline_orchestrator to 2025-11-14 00:00:00+00:00, run_after=2025-11-15 00:00:00+00:00[0m
[[34m2025-11-14T02:32:17.273+0000[0m] {[34mdag.py:[0m3947} INFO[0m - Setting next_dagrun for pipeline_orchestrator to 2025-11-14 00:00:00+00:00, run_after=2025-11-15 00:00:00+00:00[0m
[[34m2025-11-14T02:32:47.525+0000[0m] {[34mdag.py:[0m3947} INFO[0m - Setting next_dagrun for pipeline_orchestrator to 2025-11-14 00:00:00+00:00, run_after=2025-11-15 00:00:00+00:00[0m
[[34m2025-11-14T02:33:18.375+0000[0m] {[34mdag.py:[0m3947} INFO[0m - Setting next_dagrun for pipeline_orchestrator to 2025-11-14 00:00:00+00:00, run_after=2025-11-15 00:00:00+00:00[0m
[[34m2025-11-14T02:33:49.030+0000[0m] {[34mdag.py:[0m3947} INFO[0m - Setting next_dagrun for pipeline_orchestrator to 2025-11-14 00:00:00+00:00, run_after=2025-11-15 00:00:00+00:00[0m
[[34m2025-11-14T02:34:19.145+0000[0m] {[34mdag.py:[0m3947} INFO[0m - Setting next_dagrun for pipeline_orchestrator to 2025-11-14 00:00:00+00:00, run_after=2025-11-15 00:00:00+00:00[0m
[[34m2025-11-14T02:34:50.223+0000[0m] {[34mdag.py:[0m3947} INFO[0m - Setting next_dagrun for pipeline_orchestrator to 2025-11-14 00:00:00+00:00, run_after=2025-11-15 00:00:00+00:00[0m
[[34m2025-11-14T02:35:20.465+0000[0m] {[34mdag.py:[0m3947} INFO[0m - Setting next_dagrun for pipeline_orchestrator to 2025-11-14 00:00:00+00:00, run_after=2025-11-15 00:00:00+00:00[0m
[[34m2025-11-14T02:35:51.114+0000[0m] {[34mdag.py:[0m3947} INFO[0m - Setting next_dagrun for pipeline_orchestrator to 2025-11-14 00:00:00+00:00, run_after=2025-11-15 00:00:00+00:00[0m
[[34m2025-11-14T02:36:19.551+0000[0m] {[34mscheduler_job_runner.py:[0m1598} INFO[0m - Adopting or resetting orphaned tasks for active dag runs[0m
[[34m2025-11-14T02:36:21.890+0000[0m] {[34mdag.py:[0m3947} INFO[0m - Setting next_dagrun for pipeline_orchestrator to 2025-11-14 00:00:00+00:00, run_after=2025-11-15 00:00:00+00:00[0m
[[34m2025-11-14T02:37:24.394+0000[0m] {[34mdag.py:[0m3947} INFO[0m - Setting next_dagrun for pipeline_orchestrator to 2025-11-14 00:00:00+00:00, run_after=2025-11-15 00:00:00+00:00[0m
[[34m2025-11-14T02:37:56.135+0000[0m] {[34mdag.py:[0m3947} INFO[0m - Setting next_dagrun for pipeline_orchestrator to 2025-11-14 00:00:00+00:00, run_after=2025-11-15 00:00:00+00:00[0m
[[34m2025-11-14T02:38:27.351+0000[0m] {[34mdag.py:[0m3947} INFO[0m - Setting next_dagrun for pipeline_orchestrator to 2025-11-14 00:00:00+00:00, run_after=2025-11-15 00:00:00+00:00[0m
[[34m2025-11-14T02:38:57.798+0000[0m] {[34mdag.py:[0m3947} INFO[0m - Setting next_dagrun for pipeline_orchestrator to 2025-11-14 00:00:00+00:00, run_after=2025-11-15 00:00:00+00:00[0m
[[34m2025-11-14T02:39:29.703+0000[0m] {[34mdag.py:[0m3947} INFO[0m - Setting next_dagrun for pipeline_orchestrator to 2025-11-14 00:00:00+00:00, run_after=2025-11-15 00:00:00+00:00[0m
[[34m2025-11-14T02:40:01.572+0000[0m] {[34mdag.py:[0m3947} INFO[0m - Setting next_dagrun for pipeline_orchestrator to 2025-11-14 00:00:00+00:00, run_after=2025-11-15 00:00:00+00:00[0m
[[34m2025-11-14T02:40:32.355+0000[0m] {[34mdag.py:[0m3947} INFO[0m - Setting next_dagrun for pipeline_orchestrator to 2025-11-14 00:00:00+00:00, run_after=2025-11-15 00:00:00+00:00[0m
[[34m2025-11-14T02:41:04.347+0000[0m] {[34mdag.py:[0m3947} INFO[0m - Setting next_dagrun for pipeline_orchestrator to 2025-11-14 00:00:00+00:00, run_after=2025-11-15 00:00:00+00:00[0m
[[34m2025-11-14T02:41:19.583+0000[0m] {[34mscheduler_job_runner.py:[0m1598} INFO[0m - Adopting or resetting orphaned tasks for active dag runs[0m
[[34m2025-11-14T02:41:34.990+0000[0m] {[34mdag.py:[0m3947} INFO[0m - Setting next_dagrun for pipeline_orchestrator to 2025-11-14 00:00:00+00:00, run_after=2025-11-15 00:00:00+00:00[0m
[[34m2025-11-14T02:42:07.149+0000[0m] {[34mdag.py:[0m3947} INFO[0m - Setting next_dagrun for pipeline_orchestrator to 2025-11-14 00:00:00+00:00, run_after=2025-11-15 00:00:00+00:00[0m
[[34m2025-11-14T02:42:16.990+0000[0m] {[34mdag.py:[0m3947} INFO[0m - Setting next_dagrun for pipeline_orchestrator to 2025-11-14 00:00:00+00:00, run_after=2025-11-15 00:00:00+00:00[0m
[[34m2025-11-14T02:42:38.721+0000[0m] {[34mdag.py:[0m3947} INFO[0m - Setting next_dagrun for pipeline_orchestrator to 2025-11-14 00:00:00+00:00, run_after=2025-11-15 00:00:00+00:00[0m
[[34m2025-11-14T02:43:10.041+0000[0m] {[34mdag.py:[0m3947} INFO[0m - Setting next_dagrun for pipeline_orchestrator to 2025-11-14 00:00:00+00:00, run_after=2025-11-15 00:00:00+00:00[0m
[[34m2025-11-14T02:43:40.189+0000[0m] {[34mdag.py:[0m3947} INFO[0m - Setting next_dagrun for pipeline_orchestrator to 2025-11-14 00:00:00+00:00, run_after=2025-11-15 00:00:00+00:00[0m
[[34m2025-11-14T02:44:11.950+0000[0m] {[34mdag.py:[0m3947} INFO[0m - Setting next_dagrun for pipeline_orchestrator to 2025-11-14 00:00:00+00:00, run_after=2025-11-15 00:00:00+00:00[0m
[[34m2025-11-14T02:44:43.692+0000[0m] {[34mdag.py:[0m3947} INFO[0m - Setting next_dagrun for pipeline_orchestrator to 2025-11-14 00:00:00+00:00, run_after=2025-11-15 00:00:00+00:00[0m
[[34m2025-11-14T02:45:14.779+0000[0m] {[34mdag.py:[0m3947} INFO[0m - Setting next_dagrun for pipeline_orchestrator to 2025-11-14 00:00:00+00:00, run_after=2025-11-15 00:00:00+00:00[0m
[[34m2025-11-14T02:45:45.548+0000[0m] {[34mdag.py:[0m3947} INFO[0m - Setting next_dagrun for pipeline_orchestrator to 2025-11-14 00:00:00+00:00, run_after=2025-11-15 00:00:00+00:00[0m
[[34m2025-11-14T02:46:17.233+0000[0m] {[34mdag.py:[0m3947} INFO[0m - Setting next_dagrun for pipeline_orchestrator to 2025-11-14 00:00:00+00:00, run_after=2025-11-15 00:00:00+00:00[0m
[[34m2025-11-14T02:46:19.930+0000[0m] {[34mscheduler_job_runner.py:[0m1598} INFO[0m - Adopting or resetting orphaned tasks for active dag runs[0m
[[34m2025-11-14T02:46:49.636+0000[0m] {[34mdag.py:[0m3947} INFO[0m - Setting next_dagrun for pipeline_orchestrator to 2025-11-14 00:00:00+00:00, run_after=2025-11-15 00:00:00+00:00[0m
[[34m2025-11-14T02:47:22.235+0000[0m] {[34mdag.py:[0m3947} INFO[0m - Setting next_dagrun for pipeline_orchestrator to 2025-11-14 00:00:00+00:00, run_after=2025-11-15 00:00:00+00:00[0m
[[34m2025-11-14T02:47:53.408+0000[0m] {[34mdag.py:[0m3947} INFO[0m - Setting next_dagrun for pipeline_orchestrator to 2025-11-14 00:00:00+00:00, run_after=2025-11-15 00:00:00+00:00[0m
[[34m2025-11-14T02:48:26.031+0000[0m] {[34mdag.py:[0m3947} INFO[0m - Setting next_dagrun for pipeline_orchestrator to 2025-11-14 00:00:00+00:00, run_after=2025-11-15 00:00:00+00:00[0m
[[34m2025-11-14T02:48:57.868+0000[0m] {[34mdag.py:[0m3947} INFO[0m - Setting next_dagrun for pipeline_orchestrator to 2025-11-14 00:00:00+00:00, run_after=2025-11-15 00:00:00+00:00[0m
[[34m2025-11-14T02:49:30.392+0000[0m] {[34mdag.py:[0m3947} INFO[0m - Setting next_dagrun for pipeline_orchestrator to 2025-11-14 00:00:00+00:00, run_after=2025-11-15 00:00:00+00:00[0m
[[34m2025-11-14T02:50:02.647+0000[0m] {[34mdag.py:[0m3947} INFO[0m - Setting next_dagrun for pipeline_orchestrator to 2025-11-14 00:00:00+00:00, run_after=2025-11-15 00:00:00+00:00[0m
[[34m2025-11-14T02:50:34.699+0000[0m] {[34mdag.py:[0m3947} INFO[0m - Setting next_dagrun for pipeline_orchestrator to 2025-11-14 00:00:00+00:00, run_after=2025-11-15 00:00:00+00:00[0m
[[34m2025-11-14T02:51:07.981+0000[0m] {[34mdag.py:[0m3947} INFO[0m - Setting next_dagrun for pipeline_orchestrator to 2025-11-14 00:00:00+00:00, run_after=2025-11-15 00:00:00+00:00[0m
[[34m2025-11-14T02:51:19.989+0000[0m] {[34mscheduler_job_runner.py:[0m1598} INFO[0m - Adopting or resetting orphaned tasks for active dag runs[0m
[[34m2025-11-14T02:51:40.016+0000[0m] {[34mdag.py:[0m3947} INFO[0m - Setting next_dagrun for pipeline_orchestrator to 2025-11-14 00:00:00+00:00, run_after=2025-11-15 00:00:00+00:00[0m
[[34m2025-11-14T02:51:42.706+0000[0m] {[34mdag.py:[0m3947} INFO[0m - Setting next_dagrun for pipeline_orchestrator to 2025-11-14 00:00:00+00:00, run_after=2025-11-15 00:00:00+00:00[0m
[[34m2025-11-14T02:52:12.760+0000[0m] {[34mdag.py:[0m3947} INFO[0m - Setting next_dagrun for pipeline_orchestrator to 2025-11-14 00:00:00+00:00, run_after=2025-11-15 00:00:00+00:00[0m
[[34m2025-11-14T02:53:17.472+0000[0m] {[34mdag.py:[0m3947} INFO[0m - Setting next_dagrun for pipeline_orchestrator to 2025-11-14 00:00:00+00:00, run_after=2025-11-15 00:00:00+00:00[0m
[[34m2025-11-14T02:53:49.617+0000[0m] {[34mdag.py:[0m3947} INFO[0m - Setting next_dagrun for pipeline_orchestrator to 2025-11-14 00:00:00+00:00, run_after=2025-11-15 00:00:00+00:00[0m
