[2025-11-12T00:06:22.478+0000] {local_task_job_runner.py:120} INFO - ::group::Pre task execution logs
[2025-11-12T00:06:22.485+0000] {taskinstance.py:2076} INFO - Dependencies all met for dep_context=non-requeueable deps ti=<TaskInstance: pipeline_orchestrator.misp.misp_osint scheduled__2025-11-11T00:00:00+00:00 [queued]>
[2025-11-12T00:06:22.487+0000] {taskinstance.py:2076} INFO - Dependencies all met for dep_context=requeueable deps ti=<TaskInstance: pipeline_orchestrator.misp.misp_osint scheduled__2025-11-11T00:00:00+00:00 [queued]>
[2025-11-12T00:06:22.487+0000] {taskinstance.py:2306} INFO - Starting attempt 1 of 1
[2025-11-12T00:06:22.491+0000] {taskinstance.py:2330} INFO - Executing <Task(TriggerDagRunOperator): misp.misp_osint> on 2025-11-11 00:00:00+00:00
[2025-11-12T00:06:22.492+0000] {standard_task_runner.py:64} INFO - Started process 7980 to run task
[2025-11-12T00:06:22.494+0000] {standard_task_runner.py:90} INFO - Running: ['airflow', 'tasks', 'run', 'pipeline_orchestrator', 'misp.misp_osint', 'scheduled__2025-11-11T00:00:00+00:00', '--job-id', '36', '--raw', '--subdir', 'DAGS_FOLDER/pipeline_orchestrator.py', '--cfg-path', '/tmp/tmpg3_rzzxz']
[2025-11-12T00:06:22.494+0000] {standard_task_runner.py:91} INFO - Job 36: Subtask misp.misp_osint
[2025-11-12T00:06:22.506+0000] {task_command.py:426} INFO - Running <TaskInstance: pipeline_orchestrator.misp.misp_osint scheduled__2025-11-11T00:00:00+00:00 [running]> on host f527e191e325
[2025-11-12T00:06:22.567+0000] {taskinstance.py:2648} INFO - Exporting env vars: AIRFLOW_CTX_DAG_OWNER='airflow' AIRFLOW_CTX_DAG_ID='pipeline_orchestrator' AIRFLOW_CTX_TASK_ID='misp.misp_osint' AIRFLOW_CTX_EXECUTION_DATE='2025-11-11T00:00:00+00:00' AIRFLOW_CTX_TRY_NUMBER='1' AIRFLOW_CTX_DAG_RUN_ID='scheduled__2025-11-11T00:00:00+00:00'
[2025-11-12T00:06:22.567+0000] {taskinstance.py:430} INFO - ::endgroup::
[2025-11-12T00:06:22.583+0000] {taskinstance.py:441} INFO - ::group::Post task execution logs
[2025-11-12T00:06:22.584+0000] {taskinstance.py:1206} INFO - Marking task as SUCCESS. dag_id=pipeline_orchestrator, task_id=misp.misp_osint, run_id=scheduled__2025-11-11T00:00:00+00:00, execution_date=20251111T000000, start_date=20251112T000622, end_date=20251112T000622
[2025-11-12T00:06:22.598+0000] {local_task_job_runner.py:243} INFO - Task exited with return code 0
[2025-11-12T00:06:22.638+0000] {taskinstance.py:3503} INFO - 0 downstream tasks scheduled from follow-on schedule check
[2025-11-12T00:06:22.638+0000] {local_task_job_runner.py:222} INFO - ::endgroup::
[2025-11-12T05:59:55.166+0000] {local_task_job_runner.py:120} INFO - ::group::Pre task execution logs
[2025-11-12T05:59:55.174+0000] {taskinstance.py:2076} INFO - Dependencies all met for dep_context=non-requeueable deps ti=<TaskInstance: pipeline_orchestrator.misp.misp_osint scheduled__2025-11-11T00:00:00+00:00 [queued]>
[2025-11-12T05:59:55.176+0000] {taskinstance.py:2076} INFO - Dependencies all met for dep_context=requeueable deps ti=<TaskInstance: pipeline_orchestrator.misp.misp_osint scheduled__2025-11-11T00:00:00+00:00 [queued]>
[2025-11-12T05:59:55.176+0000] {taskinstance.py:2306} INFO - Starting attempt 1 of 1
[2025-11-12T05:59:55.180+0000] {taskinstance.py:2330} INFO - Executing <Task(TriggerDagRunOperator): misp.misp_osint> on 2025-11-11 00:00:00+00:00
[2025-11-12T05:59:55.181+0000] {standard_task_runner.py:64} INFO - Started process 181 to run task
[2025-11-12T05:59:55.182+0000] {standard_task_runner.py:90} INFO - Running: ['airflow', 'tasks', 'run', 'pipeline_orchestrator', 'misp.misp_osint', 'scheduled__2025-11-11T00:00:00+00:00', '--job-id', '4', '--raw', '--subdir', 'DAGS_FOLDER/pipeline_orchestrator.py', '--cfg-path', '/tmp/tmpemja61tc']
[2025-11-12T05:59:55.183+0000] {standard_task_runner.py:91} INFO - Job 4: Subtask misp.misp_osint
[2025-11-12T05:59:55.195+0000] {task_command.py:426} INFO - Running <TaskInstance: pipeline_orchestrator.misp.misp_osint scheduled__2025-11-11T00:00:00+00:00 [running]> on host 1fd82182dcce
[2025-11-12T05:59:55.277+0000] {taskinstance.py:2648} INFO - Exporting env vars: AIRFLOW_CTX_DAG_OWNER='airflow' AIRFLOW_CTX_DAG_ID='pipeline_orchestrator' AIRFLOW_CTX_TASK_ID='misp.misp_osint' AIRFLOW_CTX_EXECUTION_DATE='2025-11-11T00:00:00+00:00' AIRFLOW_CTX_TRY_NUMBER='1' AIRFLOW_CTX_DAG_RUN_ID='scheduled__2025-11-11T00:00:00+00:00'
[2025-11-12T05:59:55.277+0000] {taskinstance.py:430} INFO - ::endgroup::
[2025-11-12T05:59:55.299+0000] {taskinstance.py:441} INFO - ::group::Post task execution logs
[2025-11-12T05:59:55.300+0000] {crypto.py:82} WARNING - empty cryptography key - values will not be stored encrypted.
[2025-11-12T05:59:55.300+0000] {taskinstance.py:2489} INFO - Pausing task as DEFERRED. dag_id=pipeline_orchestrator, task_id=misp.misp_osint, run_id=scheduled__2025-11-11T00:00:00+00:00, execution_date=20251111T000000, start_date=20251112T055955
[2025-11-12T05:59:55.339+0000] {local_task_job_runner.py:237} INFO - Task exited with return code 100 (task deferral)
[2025-11-12T05:59:55.340+0000] {local_task_job_runner.py:222} INFO - ::endgroup::
