[2025-11-04T00:02:09.679+0000] {local_task_job_runner.py:120} INFO - ::group::Pre task execution logs
[2025-11-04T00:02:09.687+0000] {taskinstance.py:2076} INFO - Dependencies all met for dep_context=non-requeueable deps ti=<TaskInstance: openphish_silver.openphish_bronze_to_silver scheduled__2025-11-03T00:00:00+00:00 [queued]>
[2025-11-04T00:02:09.689+0000] {taskinstance.py:2076} INFO - Dependencies all met for dep_context=requeueable deps ti=<TaskInstance: openphish_silver.openphish_bronze_to_silver scheduled__2025-11-03T00:00:00+00:00 [queued]>
[2025-11-04T00:02:09.689+0000] {taskinstance.py:2306} INFO - Starting attempt 1 of 1
[2025-11-04T00:02:09.693+0000] {taskinstance.py:2330} INFO - Executing <Task(PythonOperator): openphish_bronze_to_silver> on 2025-11-03 00:00:00+00:00
[2025-11-04T00:02:09.695+0000] {standard_task_runner.py:90} INFO - Running: ['airflow', 'tasks', 'run', 'openphish_silver', 'openphish_bronze_to_silver', 'scheduled__2025-11-03T00:00:00+00:00', '--job-id', '8', '--raw', '--subdir', 'DAGS_FOLDER/openphish_silver.py', '--cfg-path', '/tmp/tmplvvdq0z3']
[2025-11-04T00:02:09.698+0000] {standard_task_runner.py:91} INFO - Job 8: Subtask openphish_bronze_to_silver
[2025-11-04T00:02:09.697+0000] {logging_mixin.py:188} WARNING - /home/airflow/.local/lib/python3.12/site-packages/airflow/task/task_runner/standard_task_runner.py:62 DeprecationWarning: This process (pid=374) is multi-threaded, use of fork() may lead to deadlocks in the child.
[2025-11-04T00:02:09.700+0000] {standard_task_runner.py:64} INFO - Started process 385 to run task
[2025-11-04T00:02:09.709+0000] {task_command.py:426} INFO - Running <TaskInstance: openphish_silver.openphish_bronze_to_silver scheduled__2025-11-03T00:00:00+00:00 [running]> on host 90fcab7a3fd8
[2025-11-04T00:02:09.725+0000] {taskinstance.py:2648} INFO - Exporting env vars: AIRFLOW_CTX_DAG_OWNER='you' AIRFLOW_CTX_DAG_ID='openphish_silver' AIRFLOW_CTX_TASK_ID='openphish_bronze_to_silver' AIRFLOW_CTX_EXECUTION_DATE='2025-11-03T00:00:00+00:00' AIRFLOW_CTX_TRY_NUMBER='1' AIRFLOW_CTX_DAG_RUN_ID='scheduled__2025-11-03T00:00:00+00:00'
[2025-11-04T00:02:09.725+0000] {taskinstance.py:430} INFO - ::endgroup::
[2025-11-04T00:02:09.744+0000] {logging_mixin.py:188} INFO - [openphish_silver] 2025-11-03: wrote 245 rows -> /opt/airflow/silver/openphish/ingest_date=2025-11-03
[2025-11-04T00:02:09.744+0000] {python.py:237} INFO - Done. Returned value was: None
[2025-11-04T00:02:09.744+0000] {taskinstance.py:441} INFO - ::group::Post task execution logs
[2025-11-04T00:02:09.745+0000] {taskinstance.py:1206} INFO - Marking task as SUCCESS. dag_id=openphish_silver, task_id=openphish_bronze_to_silver, run_id=scheduled__2025-11-03T00:00:00+00:00, execution_date=20251103T000000, start_date=20251104T000209, end_date=20251104T000209
[2025-11-04T00:02:09.758+0000] {local_task_job_runner.py:243} INFO - Task exited with return code 0
[2025-11-04T00:02:09.761+0000] {taskinstance.py:3503} INFO - 0 downstream tasks scheduled from follow-on schedule check
[2025-11-04T00:02:09.761+0000] {local_task_job_runner.py:222} INFO - ::endgroup::
[2025-11-04T18:08:31.956+0000] {local_task_job_runner.py:120} INFO - ::group::Pre task execution logs
[2025-11-04T18:08:31.964+0000] {taskinstance.py:2076} INFO - Dependencies all met for dep_context=non-requeueable deps ti=<TaskInstance: openphish_silver.openphish_bronze_to_silver scheduled__2025-11-03T00:00:00+00:00 [queued]>
[2025-11-04T18:08:31.966+0000] {taskinstance.py:2076} INFO - Dependencies all met for dep_context=requeueable deps ti=<TaskInstance: openphish_silver.openphish_bronze_to_silver scheduled__2025-11-03T00:00:00+00:00 [queued]>
[2025-11-04T18:08:31.966+0000] {taskinstance.py:2306} INFO - Starting attempt 1 of 1
[2025-11-04T18:08:31.969+0000] {taskinstance.py:2330} INFO - Executing <Task(PythonOperator): openphish_bronze_to_silver> on 2025-11-03 00:00:00+00:00
[2025-11-04T18:08:31.972+0000] {standard_task_runner.py:90} INFO - Running: ['airflow', 'tasks', 'run', 'openphish_silver', 'openphish_bronze_to_silver', 'scheduled__2025-11-03T00:00:00+00:00', '--job-id', '7', '--raw', '--subdir', 'DAGS_FOLDER/openphish_silver.py', '--cfg-path', '/tmp/tmpw7awhrc0']
[2025-11-04T18:08:31.974+0000] {logging_mixin.py:188} WARNING - /home/airflow/.local/lib/python3.12/site-packages/airflow/task/task_runner/standard_task_runner.py:62 DeprecationWarning: This process (pid=1613) is multi-threaded, use of fork() may lead to deadlocks in the child.
[2025-11-04T18:08:31.974+0000] {standard_task_runner.py:91} INFO - Job 7: Subtask openphish_bronze_to_silver
[2025-11-04T18:08:31.974+0000] {standard_task_runner.py:64} INFO - Started process 1624 to run task
[2025-11-04T18:08:31.985+0000] {task_command.py:426} INFO - Running <TaskInstance: openphish_silver.openphish_bronze_to_silver scheduled__2025-11-03T00:00:00+00:00 [running]> on host 7e98baed574a
[2025-11-04T18:08:32.002+0000] {taskinstance.py:2648} INFO - Exporting env vars: AIRFLOW_CTX_DAG_OWNER='you' AIRFLOW_CTX_DAG_ID='openphish_silver' AIRFLOW_CTX_TASK_ID='openphish_bronze_to_silver' AIRFLOW_CTX_EXECUTION_DATE='2025-11-03T00:00:00+00:00' AIRFLOW_CTX_TRY_NUMBER='1' AIRFLOW_CTX_DAG_RUN_ID='scheduled__2025-11-03T00:00:00+00:00'
[2025-11-04T18:08:32.002+0000] {taskinstance.py:430} INFO - ::endgroup::
[2025-11-04T18:08:32.023+0000] {logging_mixin.py:188} INFO - [openphish_silver] 2025-11-03: wrote 218 rows -> /opt/airflow/silver/openphish/ingest_date=2025-11-03
[2025-11-04T18:08:32.023+0000] {python.py:237} INFO - Done. Returned value was: None
[2025-11-04T18:08:32.023+0000] {taskinstance.py:441} INFO - ::group::Post task execution logs
[2025-11-04T18:08:32.025+0000] {taskinstance.py:1206} INFO - Marking task as SUCCESS. dag_id=openphish_silver, task_id=openphish_bronze_to_silver, run_id=scheduled__2025-11-03T00:00:00+00:00, execution_date=20251103T000000, start_date=20251104T180831, end_date=20251104T180832
[2025-11-04T18:08:32.032+0000] {local_task_job_runner.py:243} INFO - Task exited with return code 0
[2025-11-04T18:08:32.036+0000] {taskinstance.py:3503} INFO - 0 downstream tasks scheduled from follow-on schedule check
[2025-11-04T18:08:32.036+0000] {local_task_job_runner.py:222} INFO - ::endgroup::
