[2025-10-29T17:12:27.185+0000] {local_task_job_runner.py:120} INFO - ::group::Pre task execution logs
[2025-10-29T17:12:27.192+0000] {taskinstance.py:2076} INFO - Dependencies all met for dep_context=non-requeueable deps ti=<TaskInstance: openphish_ingest.openphish_fetch_normalize_bronze scheduled__2025-09-05T00:00:00+00:00 [queued]>
[2025-10-29T17:12:27.193+0000] {taskinstance.py:2076} INFO - Dependencies all met for dep_context=requeueable deps ti=<TaskInstance: openphish_ingest.openphish_fetch_normalize_bronze scheduled__2025-09-05T00:00:00+00:00 [queued]>
[2025-10-29T17:12:27.193+0000] {taskinstance.py:2306} INFO - Starting attempt 1 of 2
[2025-10-29T17:12:27.197+0000] {taskinstance.py:2330} INFO - Executing <Task(PythonOperator): openphish_fetch_normalize_bronze> on 2025-09-05 00:00:00+00:00
[2025-10-29T17:12:27.199+0000] {warnings.py:112} WARNING - /home/airflow/.local/lib/python3.12/site-packages/airflow/task/task_runner/standard_task_runner.py:62: DeprecationWarning: This process (pid=372) is multi-threaded, use of fork() may lead to deadlocks in the child.
  pid = os.fork()

[2025-10-29T17:12:27.200+0000] {standard_task_runner.py:64} INFO - Started process 393 to run task
[2025-10-29T17:12:27.200+0000] {standard_task_runner.py:90} INFO - Running: ['airflow', 'tasks', 'run', 'openphish_ingest', 'openphish_fetch_normalize_bronze', 'scheduled__2025-09-05T00:00:00+00:00', '--job-id', '11', '--raw', '--subdir', 'DAGS_FOLDER/openphish_ingest.py', '--cfg-path', '/tmp/tmpqaqavuxa']
[2025-10-29T17:12:27.201+0000] {standard_task_runner.py:91} INFO - Job 11: Subtask openphish_fetch_normalize_bronze
[2025-10-29T17:12:27.211+0000] {task_command.py:426} INFO - Running <TaskInstance: openphish_ingest.openphish_fetch_normalize_bronze scheduled__2025-09-05T00:00:00+00:00 [running]> on host 109bbc934e0f
[2025-10-29T17:12:27.229+0000] {taskinstance.py:2648} INFO - Exporting env vars: AIRFLOW_CTX_DAG_OWNER='you' AIRFLOW_CTX_DAG_ID='openphish_ingest' AIRFLOW_CTX_TASK_ID='openphish_fetch_normalize_bronze' AIRFLOW_CTX_EXECUTION_DATE='2025-09-05T00:00:00+00:00' AIRFLOW_CTX_TRY_NUMBER='1' AIRFLOW_CTX_DAG_RUN_ID='scheduled__2025-09-05T00:00:00+00:00'
[2025-10-29T17:12:27.230+0000] {taskinstance.py:430} INFO - ::endgroup::
[2025-10-29T17:12:27.885+0000] {logging_mixin.py:188} INFO - [openphish_ingest] rows after normalize: 300
[2025-10-29T17:12:27.887+0000] {logging_mixin.py:188} INFO - [openphish] rows after normalize: 300
[2025-10-29T17:12:27.897+0000] {python.py:237} INFO - Done. Returned value was: None
[2025-10-29T17:12:27.897+0000] {taskinstance.py:441} INFO - ::group::Post task execution logs
[2025-10-29T17:12:27.899+0000] {taskinstance.py:1206} INFO - Marking task as SUCCESS. dag_id=openphish_ingest, task_id=openphish_fetch_normalize_bronze, run_id=scheduled__2025-09-05T00:00:00+00:00, execution_date=20250905T000000, start_date=20251029T171227, end_date=20251029T171227
[2025-10-29T17:12:27.914+0000] {local_task_job_runner.py:243} INFO - Task exited with return code 0
[2025-10-29T17:12:27.919+0000] {taskinstance.py:3503} INFO - 0 downstream tasks scheduled from follow-on schedule check
[2025-10-29T17:12:27.920+0000] {local_task_job_runner.py:222} INFO - ::endgroup::
[2025-10-29T18:07:23.940+0000] {local_task_job_runner.py:120} INFO - ::group::Pre task execution logs
[2025-10-29T18:07:23.947+0000] {taskinstance.py:2076} INFO - Dependencies all met for dep_context=non-requeueable deps ti=<TaskInstance: openphish_ingest.openphish_fetch_normalize_bronze scheduled__2025-09-05T00:00:00+00:00 [queued]>
[2025-10-29T18:07:23.949+0000] {taskinstance.py:2076} INFO - Dependencies all met for dep_context=requeueable deps ti=<TaskInstance: openphish_ingest.openphish_fetch_normalize_bronze scheduled__2025-09-05T00:00:00+00:00 [queued]>
[2025-10-29T18:07:23.949+0000] {taskinstance.py:2306} INFO - Starting attempt 1 of 2
[2025-10-29T18:07:23.952+0000] {taskinstance.py:2330} INFO - Executing <Task(PythonOperator): openphish_fetch_normalize_bronze> on 2025-09-05 00:00:00+00:00
[2025-10-29T18:07:23.955+0000] {warnings.py:112} WARNING - /home/airflow/.local/lib/python3.12/site-packages/airflow/task/task_runner/standard_task_runner.py:62: DeprecationWarning: This process (pid=642) is multi-threaded, use of fork() may lead to deadlocks in the child.
  pid = os.fork()

[2025-10-29T18:07:23.955+0000] {standard_task_runner.py:64} INFO - Started process 663 to run task
[2025-10-29T18:07:23.956+0000] {standard_task_runner.py:90} INFO - Running: ['airflow', 'tasks', 'run', 'openphish_ingest', 'openphish_fetch_normalize_bronze', 'scheduled__2025-09-05T00:00:00+00:00', '--job-id', '19', '--raw', '--subdir', 'DAGS_FOLDER/openphish_ingest.py', '--cfg-path', '/tmp/tmpc1f1hz8x']
[2025-10-29T18:07:23.956+0000] {standard_task_runner.py:91} INFO - Job 19: Subtask openphish_fetch_normalize_bronze
[2025-10-29T18:07:23.966+0000] {task_command.py:426} INFO - Running <TaskInstance: openphish_ingest.openphish_fetch_normalize_bronze scheduled__2025-09-05T00:00:00+00:00 [running]> on host 9a4b1d75930e
[2025-10-29T18:07:23.985+0000] {taskinstance.py:2648} INFO - Exporting env vars: AIRFLOW_CTX_DAG_OWNER='you' AIRFLOW_CTX_DAG_ID='openphish_ingest' AIRFLOW_CTX_TASK_ID='openphish_fetch_normalize_bronze' AIRFLOW_CTX_EXECUTION_DATE='2025-09-05T00:00:00+00:00' AIRFLOW_CTX_TRY_NUMBER='1' AIRFLOW_CTX_DAG_RUN_ID='scheduled__2025-09-05T00:00:00+00:00'
[2025-10-29T18:07:23.985+0000] {taskinstance.py:430} INFO - ::endgroup::
[2025-10-29T18:07:24.678+0000] {logging_mixin.py:188} INFO - [openphish_ingest] rows after normalize: 300
[2025-10-29T18:07:24.684+0000] {logging_mixin.py:188} INFO - [openphish] rows after normalize: 300
[2025-10-29T18:07:24.700+0000] {python.py:237} INFO - Done. Returned value was: None
[2025-10-29T18:07:24.701+0000] {taskinstance.py:441} INFO - ::group::Post task execution logs
[2025-10-29T18:07:24.704+0000] {taskinstance.py:1206} INFO - Marking task as SUCCESS. dag_id=openphish_ingest, task_id=openphish_fetch_normalize_bronze, run_id=scheduled__2025-09-05T00:00:00+00:00, execution_date=20250905T000000, start_date=20251029T180723, end_date=20251029T180724
[2025-10-29T18:07:24.753+0000] {local_task_job_runner.py:243} INFO - Task exited with return code 0
[2025-10-29T18:07:24.759+0000] {taskinstance.py:3503} INFO - 0 downstream tasks scheduled from follow-on schedule check
[2025-10-29T18:07:24.759+0000] {local_task_job_runner.py:222} INFO - ::endgroup::
