[2025-10-29T17:11:55.368+0000] {local_task_job_runner.py:120} INFO - ::group::Pre task execution logs
[2025-10-29T17:11:55.379+0000] {taskinstance.py:2076} INFO - Dependencies all met for dep_context=non-requeueable deps ti=<TaskInstance: openphish_ingest.openphish_fetch_normalize_bronze scheduled__2025-09-01T00:00:00+00:00 [queued]>
[2025-10-29T17:11:55.380+0000] {taskinstance.py:2076} INFO - Dependencies all met for dep_context=requeueable deps ti=<TaskInstance: openphish_ingest.openphish_fetch_normalize_bronze scheduled__2025-09-01T00:00:00+00:00 [queued]>
[2025-10-29T17:11:55.380+0000] {taskinstance.py:2306} INFO - Starting attempt 1 of 2
[2025-10-29T17:11:55.384+0000] {taskinstance.py:2330} INFO - Executing <Task(PythonOperator): openphish_fetch_normalize_bronze> on 2025-09-01 00:00:00+00:00
[2025-10-29T17:11:55.386+0000] {warnings.py:112} WARNING - /home/airflow/.local/lib/python3.12/site-packages/airflow/task/task_runner/standard_task_runner.py:62: DeprecationWarning: This process (pid=136) is multi-threaded, use of fork() may lead to deadlocks in the child.
  pid = os.fork()

[2025-10-29T17:11:55.387+0000] {standard_task_runner.py:64} INFO - Started process 157 to run task
[2025-10-29T17:11:55.387+0000] {standard_task_runner.py:90} INFO - Running: ['airflow', 'tasks', 'run', 'openphish_ingest', 'openphish_fetch_normalize_bronze', 'scheduled__2025-09-01T00:00:00+00:00', '--job-id', '2', '--raw', '--subdir', 'DAGS_FOLDER/openphish_ingest.py', '--cfg-path', '/tmp/tmpvgl9kqba']
[2025-10-29T17:11:55.387+0000] {standard_task_runner.py:91} INFO - Job 2: Subtask openphish_fetch_normalize_bronze
[2025-10-29T17:11:55.406+0000] {task_command.py:426} INFO - Running <TaskInstance: openphish_ingest.openphish_fetch_normalize_bronze scheduled__2025-09-01T00:00:00+00:00 [running]> on host 109bbc934e0f
[2025-10-29T17:11:55.425+0000] {taskinstance.py:2648} INFO - Exporting env vars: AIRFLOW_CTX_DAG_OWNER='you' AIRFLOW_CTX_DAG_ID='openphish_ingest' AIRFLOW_CTX_TASK_ID='openphish_fetch_normalize_bronze' AIRFLOW_CTX_EXECUTION_DATE='2025-09-01T00:00:00+00:00' AIRFLOW_CTX_TRY_NUMBER='1' AIRFLOW_CTX_DAG_RUN_ID='scheduled__2025-09-01T00:00:00+00:00'
[2025-10-29T17:11:55.426+0000] {taskinstance.py:430} INFO - ::endgroup::
[2025-10-29T17:11:56.114+0000] {logging_mixin.py:188} INFO - [openphish_ingest] rows after normalize: 300
[2025-10-29T17:11:56.121+0000] {logging_mixin.py:188} INFO - [openphish] rows after normalize: 300
[2025-10-29T17:11:56.154+0000] {python.py:237} INFO - Done. Returned value was: None
[2025-10-29T17:11:56.154+0000] {taskinstance.py:441} INFO - ::group::Post task execution logs
[2025-10-29T17:11:56.157+0000] {taskinstance.py:1206} INFO - Marking task as SUCCESS. dag_id=openphish_ingest, task_id=openphish_fetch_normalize_bronze, run_id=scheduled__2025-09-01T00:00:00+00:00, execution_date=20250901T000000, start_date=20251029T171155, end_date=20251029T171156
[2025-10-29T17:11:56.181+0000] {local_task_job_runner.py:243} INFO - Task exited with return code 0
[2025-10-29T17:11:56.186+0000] {taskinstance.py:3503} INFO - 0 downstream tasks scheduled from follow-on schedule check
[2025-10-29T17:11:56.186+0000] {local_task_job_runner.py:222} INFO - ::endgroup::
[2025-10-29T18:06:44.434+0000] {local_task_job_runner.py:120} INFO - ::group::Pre task execution logs
[2025-10-29T18:06:44.443+0000] {taskinstance.py:2076} INFO - Dependencies all met for dep_context=non-requeueable deps ti=<TaskInstance: openphish_ingest.openphish_fetch_normalize_bronze scheduled__2025-09-01T00:00:00+00:00 [queued]>
[2025-10-29T18:06:44.445+0000] {taskinstance.py:2076} INFO - Dependencies all met for dep_context=requeueable deps ti=<TaskInstance: openphish_ingest.openphish_fetch_normalize_bronze scheduled__2025-09-01T00:00:00+00:00 [queued]>
[2025-10-29T18:06:44.445+0000] {taskinstance.py:2306} INFO - Starting attempt 1 of 2
[2025-10-29T18:06:44.448+0000] {taskinstance.py:2330} INFO - Executing <Task(PythonOperator): openphish_fetch_normalize_bronze> on 2025-09-01 00:00:00+00:00
[2025-10-29T18:06:44.451+0000] {warnings.py:112} WARNING - /home/airflow/.local/lib/python3.12/site-packages/airflow/task/task_runner/standard_task_runner.py:62: DeprecationWarning: This process (pid=229) is multi-threaded, use of fork() may lead to deadlocks in the child.
  pid = os.fork()

[2025-10-29T18:06:44.451+0000] {standard_task_runner.py:64} INFO - Started process 250 to run task
[2025-10-29T18:06:44.452+0000] {standard_task_runner.py:90} INFO - Running: ['airflow', 'tasks', 'run', 'openphish_ingest', 'openphish_fetch_normalize_bronze', 'scheduled__2025-09-01T00:00:00+00:00', '--job-id', '2', '--raw', '--subdir', 'DAGS_FOLDER/openphish_ingest.py', '--cfg-path', '/tmp/tmptjo8bk5e']
[2025-10-29T18:06:44.452+0000] {standard_task_runner.py:91} INFO - Job 2: Subtask openphish_fetch_normalize_bronze
[2025-10-29T18:06:44.471+0000] {task_command.py:426} INFO - Running <TaskInstance: openphish_ingest.openphish_fetch_normalize_bronze scheduled__2025-09-01T00:00:00+00:00 [running]> on host 9a4b1d75930e
[2025-10-29T18:06:44.491+0000] {taskinstance.py:2648} INFO - Exporting env vars: AIRFLOW_CTX_DAG_OWNER='you' AIRFLOW_CTX_DAG_ID='openphish_ingest' AIRFLOW_CTX_TASK_ID='openphish_fetch_normalize_bronze' AIRFLOW_CTX_EXECUTION_DATE='2025-09-01T00:00:00+00:00' AIRFLOW_CTX_TRY_NUMBER='1' AIRFLOW_CTX_DAG_RUN_ID='scheduled__2025-09-01T00:00:00+00:00'
[2025-10-29T18:06:44.492+0000] {taskinstance.py:430} INFO - ::endgroup::
[2025-10-29T18:06:45.213+0000] {logging_mixin.py:188} INFO - [openphish_ingest] rows after normalize: 300
[2025-10-29T18:06:45.219+0000] {logging_mixin.py:188} INFO - [openphish] rows after normalize: 300
[2025-10-29T18:06:45.252+0000] {python.py:237} INFO - Done. Returned value was: None
[2025-10-29T18:06:45.252+0000] {taskinstance.py:441} INFO - ::group::Post task execution logs
[2025-10-29T18:06:45.255+0000] {taskinstance.py:1206} INFO - Marking task as SUCCESS. dag_id=openphish_ingest, task_id=openphish_fetch_normalize_bronze, run_id=scheduled__2025-09-01T00:00:00+00:00, execution_date=20250901T000000, start_date=20251029T180644, end_date=20251029T180645
[2025-10-29T18:06:45.292+0000] {local_task_job_runner.py:243} INFO - Task exited with return code 0
[2025-10-29T18:06:45.297+0000] {taskinstance.py:3503} INFO - 0 downstream tasks scheduled from follow-on schedule check
[2025-10-29T18:06:45.297+0000] {local_task_job_runner.py:222} INFO - ::endgroup::
