[2025-10-29T17:14:11.919+0000] {local_task_job_runner.py:120} INFO - ::group::Pre task execution logs
[2025-10-29T17:14:11.926+0000] {taskinstance.py:2076} INFO - Dependencies all met for dep_context=non-requeueable deps ti=<TaskInstance: urlhaus_ingest.urlhaus_fetch_normalize_bronze scheduled__2025-09-15T00:00:00+00:00 [queued]>
[2025-10-29T17:14:11.928+0000] {taskinstance.py:2076} INFO - Dependencies all met for dep_context=requeueable deps ti=<TaskInstance: urlhaus_ingest.urlhaus_fetch_normalize_bronze scheduled__2025-09-15T00:00:00+00:00 [queued]>
[2025-10-29T17:14:11.928+0000] {taskinstance.py:2306} INFO - Starting attempt 1 of 2
[2025-10-29T17:14:11.932+0000] {taskinstance.py:2330} INFO - Executing <Task(PythonOperator): urlhaus_fetch_normalize_bronze> on 2025-09-15 00:00:00+00:00
[2025-10-29T17:14:11.934+0000] {warnings.py:112} WARNING - /home/airflow/.local/lib/python3.12/site-packages/airflow/task/task_runner/standard_task_runner.py:62: DeprecationWarning: This process (pid=1128) is multi-threaded, use of fork() may lead to deadlocks in the child.
  pid = os.fork()

[2025-10-29T17:14:11.935+0000] {standard_task_runner.py:64} INFO - Started process 1149 to run task
[2025-10-29T17:14:11.935+0000] {standard_task_runner.py:90} INFO - Running: ['airflow', 'tasks', 'run', 'urlhaus_ingest', 'urlhaus_fetch_normalize_bronze', 'scheduled__2025-09-15T00:00:00+00:00', '--job-id', '39', '--raw', '--subdir', 'DAGS_FOLDER/urlhaus_ingest.py', '--cfg-path', '/tmp/tmpm2l6mu7q']
[2025-10-29T17:14:11.936+0000] {standard_task_runner.py:91} INFO - Job 39: Subtask urlhaus_fetch_normalize_bronze
[2025-10-29T17:14:11.947+0000] {task_command.py:426} INFO - Running <TaskInstance: urlhaus_ingest.urlhaus_fetch_normalize_bronze scheduled__2025-09-15T00:00:00+00:00 [running]> on host 109bbc934e0f
[2025-10-29T17:14:11.967+0000] {taskinstance.py:2648} INFO - Exporting env vars: AIRFLOW_CTX_DAG_OWNER='you' AIRFLOW_CTX_DAG_ID='urlhaus_ingest' AIRFLOW_CTX_TASK_ID='urlhaus_fetch_normalize_bronze' AIRFLOW_CTX_EXECUTION_DATE='2025-09-15T00:00:00+00:00' AIRFLOW_CTX_TRY_NUMBER='1' AIRFLOW_CTX_DAG_RUN_ID='scheduled__2025-09-15T00:00:00+00:00'
[2025-10-29T17:14:11.967+0000] {taskinstance.py:430} INFO - ::endgroup::
[2025-10-29T17:14:12.114+0000] {logging_mixin.py:188} INFO - [urlhaus_ingest] rows after normalize: 21315
[2025-10-29T17:14:12.125+0000] {logging_mixin.py:188} INFO - [urlhaus] rows after normalize: 21315
[2025-10-29T17:14:12.148+0000] {python.py:237} INFO - Done. Returned value was: None
[2025-10-29T17:14:12.149+0000] {taskinstance.py:441} INFO - ::group::Post task execution logs
[2025-10-29T17:14:12.150+0000] {taskinstance.py:1206} INFO - Marking task as SUCCESS. dag_id=urlhaus_ingest, task_id=urlhaus_fetch_normalize_bronze, run_id=scheduled__2025-09-15T00:00:00+00:00, execution_date=20250915T000000, start_date=20251029T171411, end_date=20251029T171412
[2025-10-29T17:14:12.161+0000] {local_task_job_runner.py:243} INFO - Task exited with return code 0
[2025-10-29T17:14:12.165+0000] {taskinstance.py:3503} INFO - 0 downstream tasks scheduled from follow-on schedule check
[2025-10-29T17:14:12.165+0000] {local_task_job_runner.py:222} INFO - ::endgroup::
[2025-10-29T18:09:27.201+0000] {local_task_job_runner.py:120} INFO - ::group::Pre task execution logs
[2025-10-29T18:09:27.208+0000] {taskinstance.py:2076} INFO - Dependencies all met for dep_context=non-requeueable deps ti=<TaskInstance: urlhaus_ingest.urlhaus_fetch_normalize_bronze scheduled__2025-09-15T00:00:00+00:00 [queued]>
[2025-10-29T18:09:27.210+0000] {taskinstance.py:2076} INFO - Dependencies all met for dep_context=requeueable deps ti=<TaskInstance: urlhaus_ingest.urlhaus_fetch_normalize_bronze scheduled__2025-09-15T00:00:00+00:00 [queued]>
[2025-10-29T18:09:27.210+0000] {taskinstance.py:2306} INFO - Starting attempt 1 of 2
[2025-10-29T18:09:27.215+0000] {taskinstance.py:2330} INFO - Executing <Task(PythonOperator): urlhaus_fetch_normalize_bronze> on 2025-09-15 00:00:00+00:00
[2025-10-29T18:09:27.218+0000] {warnings.py:112} WARNING - /home/airflow/.local/lib/python3.12/site-packages/airflow/task/task_runner/standard_task_runner.py:62: DeprecationWarning: This process (pid=1922) is multi-threaded, use of fork() may lead to deadlocks in the child.
  pid = os.fork()

[2025-10-29T18:09:27.218+0000] {standard_task_runner.py:64} INFO - Started process 1943 to run task
[2025-10-29T18:09:27.219+0000] {standard_task_runner.py:90} INFO - Running: ['airflow', 'tasks', 'run', 'urlhaus_ingest', 'urlhaus_fetch_normalize_bronze', 'scheduled__2025-09-15T00:00:00+00:00', '--job-id', '71', '--raw', '--subdir', 'DAGS_FOLDER/urlhaus_ingest.py', '--cfg-path', '/tmp/tmpuukx4qc2']
[2025-10-29T18:09:27.219+0000] {standard_task_runner.py:91} INFO - Job 71: Subtask urlhaus_fetch_normalize_bronze
[2025-10-29T18:09:27.231+0000] {task_command.py:426} INFO - Running <TaskInstance: urlhaus_ingest.urlhaus_fetch_normalize_bronze scheduled__2025-09-15T00:00:00+00:00 [running]> on host 9a4b1d75930e
[2025-10-29T18:09:27.252+0000] {taskinstance.py:2648} INFO - Exporting env vars: AIRFLOW_CTX_DAG_OWNER='you' AIRFLOW_CTX_DAG_ID='urlhaus_ingest' AIRFLOW_CTX_TASK_ID='urlhaus_fetch_normalize_bronze' AIRFLOW_CTX_EXECUTION_DATE='2025-09-15T00:00:00+00:00' AIRFLOW_CTX_TRY_NUMBER='1' AIRFLOW_CTX_DAG_RUN_ID='scheduled__2025-09-15T00:00:00+00:00'
[2025-10-29T18:09:27.252+0000] {taskinstance.py:430} INFO - ::endgroup::
[2025-10-29T18:09:27.396+0000] {logging_mixin.py:188} INFO - [urlhaus_ingest] rows after normalize: 21302
[2025-10-29T18:09:27.407+0000] {logging_mixin.py:188} INFO - [urlhaus] rows after normalize: 21302
[2025-10-29T18:09:27.430+0000] {python.py:237} INFO - Done. Returned value was: None
[2025-10-29T18:09:27.430+0000] {taskinstance.py:441} INFO - ::group::Post task execution logs
[2025-10-29T18:09:27.432+0000] {taskinstance.py:1206} INFO - Marking task as SUCCESS. dag_id=urlhaus_ingest, task_id=urlhaus_fetch_normalize_bronze, run_id=scheduled__2025-09-15T00:00:00+00:00, execution_date=20250915T000000, start_date=20251029T180927, end_date=20251029T180927
[2025-10-29T18:09:27.438+0000] {local_task_job_runner.py:243} INFO - Task exited with return code 0
[2025-10-29T18:09:27.443+0000] {taskinstance.py:3503} INFO - 0 downstream tasks scheduled from follow-on schedule check
[2025-10-29T18:09:27.443+0000] {local_task_job_runner.py:222} INFO - ::endgroup::
