[2025-09-26T00:10:02.747+0000] {local_task_job_runner.py:120} INFO - ::group::Pre task execution logs
[2025-09-26T00:10:02.755+0000] {taskinstance.py:2076} INFO - Dependencies all met for dep_context=non-requeueable deps ti=<TaskInstance: urlhaus_silver.urlhaus_bronze_to_silver scheduled__2025-09-25T00:00:00+00:00 [queued]>
[2025-09-26T00:10:02.756+0000] {taskinstance.py:2076} INFO - Dependencies all met for dep_context=requeueable deps ti=<TaskInstance: urlhaus_silver.urlhaus_bronze_to_silver scheduled__2025-09-25T00:00:00+00:00 [queued]>
[2025-09-26T00:10:02.757+0000] {taskinstance.py:2306} INFO - Starting attempt 1 of 1
[2025-09-26T00:10:02.761+0000] {taskinstance.py:2330} INFO - Executing <Task(PythonOperator): urlhaus_bronze_to_silver> on 2025-09-25 00:00:00+00:00
[2025-09-26T00:10:02.764+0000] {standard_task_runner.py:90} INFO - Running: ['airflow', 'tasks', 'run', 'urlhaus_silver', 'urlhaus_bronze_to_silver', 'scheduled__2025-09-25T00:00:00+00:00', '--job-id', '35', '--raw', '--subdir', 'DAGS_FOLDER/urlhaus_silver.py', '--cfg-path', '/tmp/tmp_hea0lrd']
[2025-09-26T00:10:02.765+0000] {standard_task_runner.py:91} INFO - Job 35: Subtask urlhaus_bronze_to_silver
[2025-09-26T00:10:02.765+0000] {logging_mixin.py:188} WARNING - /home/airflow/.local/lib/python3.12/site-packages/airflow/task/task_runner/standard_task_runner.py:62 DeprecationWarning: This process (pid=71439) is multi-threaded, use of fork() may lead to deadlocks in the child.
[2025-09-26T00:10:02.767+0000] {standard_task_runner.py:64} INFO - Started process 71450 to run task
[2025-09-26T00:10:02.776+0000] {task_command.py:426} INFO - Running <TaskInstance: urlhaus_silver.urlhaus_bronze_to_silver scheduled__2025-09-25T00:00:00+00:00 [running]> on host 539ffd8f219e
[2025-09-26T00:10:02.794+0000] {taskinstance.py:2648} INFO - Exporting env vars: AIRFLOW_CTX_DAG_OWNER='you' AIRFLOW_CTX_DAG_ID='urlhaus_silver' AIRFLOW_CTX_TASK_ID='urlhaus_bronze_to_silver' AIRFLOW_CTX_EXECUTION_DATE='2025-09-25T00:00:00+00:00' AIRFLOW_CTX_TRY_NUMBER='1' AIRFLOW_CTX_DAG_RUN_ID='scheduled__2025-09-25T00:00:00+00:00'
[2025-09-26T00:10:02.794+0000] {taskinstance.py:430} INFO - ::endgroup::
[2025-09-26T00:10:02.832+0000] {logging_mixin.py:188} INFO - [urlhaus_silver] wrote 4002 rows -> /opt/airflow/silver/urlhaus/ingest_date=2025-09-25
[2025-09-26T00:10:02.833+0000] {python.py:237} INFO - Done. Returned value was: None
[2025-09-26T00:10:02.833+0000] {taskinstance.py:441} INFO - ::group::Post task execution logs
[2025-09-26T00:10:02.834+0000] {taskinstance.py:1206} INFO - Marking task as SUCCESS. dag_id=urlhaus_silver, task_id=urlhaus_bronze_to_silver, run_id=scheduled__2025-09-25T00:00:00+00:00, execution_date=20250925T000000, start_date=20250926T001002, end_date=20250926T001002
[2025-09-26T00:10:02.867+0000] {local_task_job_runner.py:243} INFO - Task exited with return code 0
[2025-09-26T00:10:02.871+0000] {taskinstance.py:3503} INFO - 0 downstream tasks scheduled from follow-on schedule check
[2025-09-26T00:10:02.872+0000] {local_task_job_runner.py:222} INFO - ::endgroup::
[2025-10-29T18:11:34.562+0000] {local_task_job_runner.py:120} INFO - ::group::Pre task execution logs
[2025-10-29T18:11:34.570+0000] {taskinstance.py:2076} INFO - Dependencies all met for dep_context=non-requeueable deps ti=<TaskInstance: urlhaus_silver.urlhaus_bronze_to_silver scheduled__2025-09-25T00:00:00+00:00 [queued]>
[2025-10-29T18:11:34.572+0000] {taskinstance.py:2076} INFO - Dependencies all met for dep_context=requeueable deps ti=<TaskInstance: urlhaus_silver.urlhaus_bronze_to_silver scheduled__2025-09-25T00:00:00+00:00 [queued]>
[2025-10-29T18:11:34.572+0000] {taskinstance.py:2306} INFO - Starting attempt 1 of 1
[2025-10-29T18:11:34.577+0000] {taskinstance.py:2330} INFO - Executing <Task(PythonOperator): urlhaus_bronze_to_silver> on 2025-09-25 00:00:00+00:00
[2025-10-29T18:11:34.580+0000] {standard_task_runner.py:90} INFO - Running: ['airflow', 'tasks', 'run', 'urlhaus_silver', 'urlhaus_bronze_to_silver', 'scheduled__2025-09-25T00:00:00+00:00', '--job-id', '125', '--raw', '--subdir', 'DAGS_FOLDER/urlhaus_silver.py', '--cfg-path', '/tmp/tmpyo0xjs_p']
[2025-10-29T18:11:34.581+0000] {standard_task_runner.py:91} INFO - Job 125: Subtask urlhaus_bronze_to_silver
[2025-10-29T18:11:34.580+0000] {logging_mixin.py:188} WARNING - /home/airflow/.local/lib/python3.12/site-packages/airflow/task/task_runner/standard_task_runner.py:62 DeprecationWarning: This process (pid=3264) is multi-threaded, use of fork() may lead to deadlocks in the child.
[2025-10-29T18:11:34.583+0000] {standard_task_runner.py:64} INFO - Started process 3275 to run task
[2025-10-29T18:11:34.591+0000] {task_command.py:426} INFO - Running <TaskInstance: urlhaus_silver.urlhaus_bronze_to_silver scheduled__2025-09-25T00:00:00+00:00 [running]> on host 9a4b1d75930e
[2025-10-29T18:11:34.609+0000] {taskinstance.py:2648} INFO - Exporting env vars: AIRFLOW_CTX_DAG_OWNER='you' AIRFLOW_CTX_DAG_ID='urlhaus_silver' AIRFLOW_CTX_TASK_ID='urlhaus_bronze_to_silver' AIRFLOW_CTX_EXECUTION_DATE='2025-09-25T00:00:00+00:00' AIRFLOW_CTX_TRY_NUMBER='1' AIRFLOW_CTX_DAG_RUN_ID='scheduled__2025-09-25T00:00:00+00:00'
[2025-10-29T18:11:34.609+0000] {taskinstance.py:430} INFO - ::endgroup::
[2025-10-29T18:11:34.644+0000] {logging_mixin.py:188} INFO - [urlhaus_silver] 2025-09-25: wrote 2908 rows -> /opt/airflow/silver/urlhaus/ingest_date=2025-09-25
[2025-10-29T18:11:34.645+0000] {python.py:237} INFO - Done. Returned value was: None
[2025-10-29T18:11:34.645+0000] {taskinstance.py:441} INFO - ::group::Post task execution logs
[2025-10-29T18:11:34.647+0000] {taskinstance.py:1206} INFO - Marking task as SUCCESS. dag_id=urlhaus_silver, task_id=urlhaus_bronze_to_silver, run_id=scheduled__2025-09-25T00:00:00+00:00, execution_date=20250925T000000, start_date=20251029T181134, end_date=20251029T181134
[2025-10-29T18:11:34.687+0000] {local_task_job_runner.py:243} INFO - Task exited with return code 0
[2025-10-29T18:11:34.692+0000] {taskinstance.py:3503} INFO - 0 downstream tasks scheduled from follow-on schedule check
[2025-10-29T18:11:34.692+0000] {local_task_job_runner.py:222} INFO - ::endgroup::
