[2025-11-12T19:50:45.556+0000] {local_task_job_runner.py:120} INFO - ::group::Pre task execution logs
[2025-11-12T19:50:45.567+0000] {taskinstance.py:2076} INFO - Dependencies all met for dep_context=non-requeueable deps ti=<TaskInstance: pipeline_orchestrator.bronze.openphish_bronze manual__2025-11-12T00:00:00+00:00 [queued]>
[2025-11-12T19:50:45.569+0000] {taskinstance.py:2076} INFO - Dependencies all met for dep_context=requeueable deps ti=<TaskInstance: pipeline_orchestrator.bronze.openphish_bronze manual__2025-11-12T00:00:00+00:00 [queued]>
[2025-11-12T19:50:45.569+0000] {taskinstance.py:2306} INFO - Starting attempt 1 of 1
[2025-11-12T19:50:45.574+0000] {taskinstance.py:2330} INFO - Executing <Task(TriggerDagRunOperator): bronze.openphish_bronze> on 2025-11-12 00:00:00+00:00
[2025-11-12T19:50:45.575+0000] {standard_task_runner.py:64} INFO - Started process 9594 to run task
[2025-11-12T19:50:45.577+0000] {standard_task_runner.py:90} INFO - Running: ['airflow', 'tasks', 'run', 'pipeline_orchestrator', 'bronze.openphish_bronze', 'manual__2025-11-12T00:00:00+00:00', '--job-id', '16', '--raw', '--subdir', 'DAGS_FOLDER/pipeline_orchestrator.py', '--cfg-path', '/tmp/tmprcagpuup']
[2025-11-12T19:50:45.577+0000] {standard_task_runner.py:91} INFO - Job 16: Subtask bronze.openphish_bronze
[2025-11-12T19:50:45.588+0000] {task_command.py:426} INFO - Running <TaskInstance: pipeline_orchestrator.bronze.openphish_bronze manual__2025-11-12T00:00:00+00:00 [running]> on host 1fd82182dcce
[2025-11-12T19:50:45.668+0000] {taskinstance.py:2648} INFO - Exporting env vars: AIRFLOW_CTX_DAG_OWNER='airflow' AIRFLOW_CTX_DAG_ID='pipeline_orchestrator' AIRFLOW_CTX_TASK_ID='bronze.openphish_bronze' AIRFLOW_CTX_EXECUTION_DATE='2025-11-12T00:00:00+00:00' AIRFLOW_CTX_TRY_NUMBER='1' AIRFLOW_CTX_DAG_RUN_ID='manual__2025-11-12T00:00:00+00:00'
[2025-11-12T19:50:45.668+0000] {taskinstance.py:430} INFO - ::endgroup::
[2025-11-12T19:50:45.689+0000] {taskinstance.py:441} INFO - ::group::Post task execution logs
[2025-11-12T19:50:45.690+0000] {crypto.py:82} WARNING - empty cryptography key - values will not be stored encrypted.
[2025-11-12T19:50:45.691+0000] {taskinstance.py:2489} INFO - Pausing task as DEFERRED. dag_id=pipeline_orchestrator, task_id=bronze.openphish_bronze, run_id=manual__2025-11-12T00:00:00+00:00, execution_date=20251112T000000, start_date=20251112T195045
[2025-11-12T19:50:45.720+0000] {local_task_job_runner.py:237} INFO - Task exited with return code 100 (task deferral)
[2025-11-12T19:50:45.720+0000] {local_task_job_runner.py:222} INFO - ::endgroup::
[2025-11-13T01:23:10.617+0000] {local_task_job_runner.py:120} INFO - ::group::Pre task execution logs
[2025-11-13T01:23:10.624+0000] {taskinstance.py:2076} INFO - Dependencies all met for dep_context=non-requeueable deps ti=<TaskInstance: pipeline_orchestrator.bronze.openphish_bronze manual__2025-11-12T00:00:00+00:00 [queued]>
[2025-11-13T01:23:10.626+0000] {taskinstance.py:2076} INFO - Dependencies all met for dep_context=requeueable deps ti=<TaskInstance: pipeline_orchestrator.bronze.openphish_bronze manual__2025-11-12T00:00:00+00:00 [queued]>
[2025-11-13T01:23:10.626+0000] {taskinstance.py:2304} INFO - Resuming after deferral
[2025-11-13T01:23:10.631+0000] {taskinstance.py:2330} INFO - Executing <Task(TriggerDagRunOperator): bronze.openphish_bronze> on 2025-11-12 00:00:00+00:00
[2025-11-13T01:23:10.632+0000] {standard_task_runner.py:64} INFO - Started process 11195 to run task
[2025-11-13T01:23:10.634+0000] {standard_task_runner.py:90} INFO - Running: ['airflow', 'tasks', 'run', 'pipeline_orchestrator', 'bronze.openphish_bronze', 'manual__2025-11-12T00:00:00+00:00', '--job-id', '31', '--raw', '--subdir', 'DAGS_FOLDER/pipeline_orchestrator.py', '--cfg-path', '/tmp/tmpzs94xq91']
[2025-11-13T01:23:10.634+0000] {standard_task_runner.py:91} INFO - Job 31: Subtask bronze.openphish_bronze
[2025-11-13T01:23:10.648+0000] {task_command.py:426} INFO - Running <TaskInstance: pipeline_orchestrator.bronze.openphish_bronze manual__2025-11-12T00:00:00+00:00 [running]> on host 1fd82182dcce
[2025-11-13T01:23:10.797+0000] {taskinstance.py:430} INFO - ::endgroup::
[2025-11-13T01:23:10.798+0000] {trigger_dagrun.py:262} INFO - openphish_ingest finished with allowed state success
[2025-11-13T01:23:10.799+0000] {taskinstance.py:441} INFO - ::group::Post task execution logs
[2025-11-13T01:23:10.802+0000] {taskinstance.py:1206} INFO - Marking task as SUCCESS. dag_id=pipeline_orchestrator, task_id=bronze.openphish_bronze, run_id=manual__2025-11-12T00:00:00+00:00, execution_date=20251112T000000, start_date=20251112T195045, end_date=20251113T012310
[2025-11-13T01:23:10.833+0000] {local_task_job_runner.py:243} INFO - Task exited with return code 0
[2025-11-13T01:23:10.840+0000] {taskinstance.py:3503} INFO - 0 downstream tasks scheduled from follow-on schedule check
[2025-11-13T01:23:10.841+0000] {local_task_job_runner.py:222} INFO - ::endgroup::
