[2025-11-13T01:23:15.239+0000] {local_task_job_runner.py:120} INFO - ::group::Pre task execution logs
[2025-11-13T01:23:15.248+0000] {taskinstance.py:2076} INFO - Dependencies all met for dep_context=non-requeueable deps ti=<TaskInstance: pipeline_orchestrator.silver.openphish_silver manual__2025-11-12T00:00:00+00:00 [queued]>
[2025-11-13T01:23:15.250+0000] {taskinstance.py:2076} INFO - Dependencies all met for dep_context=requeueable deps ti=<TaskInstance: pipeline_orchestrator.silver.openphish_silver manual__2025-11-12T00:00:00+00:00 [queued]>
[2025-11-13T01:23:15.250+0000] {taskinstance.py:2306} INFO - Starting attempt 1 of 1
[2025-11-13T01:23:15.254+0000] {taskinstance.py:2330} INFO - Executing <Task(TriggerDagRunOperator): silver.openphish_silver> on 2025-11-12 00:00:00+00:00
[2025-11-13T01:23:15.256+0000] {standard_task_runner.py:64} INFO - Started process 11247 to run task
[2025-11-13T01:23:15.259+0000] {standard_task_runner.py:90} INFO - Running: ['airflow', 'tasks', 'run', 'pipeline_orchestrator', 'silver.openphish_silver', 'manual__2025-11-12T00:00:00+00:00', '--job-id', '35', '--raw', '--subdir', 'DAGS_FOLDER/pipeline_orchestrator.py', '--cfg-path', '/tmp/tmp4akfxheq']
[2025-11-13T01:23:15.260+0000] {standard_task_runner.py:91} INFO - Job 35: Subtask silver.openphish_silver
[2025-11-13T01:23:15.273+0000] {task_command.py:426} INFO - Running <TaskInstance: pipeline_orchestrator.silver.openphish_silver manual__2025-11-12T00:00:00+00:00 [running]> on host 1fd82182dcce
[2025-11-13T01:23:15.386+0000] {taskinstance.py:2648} INFO - Exporting env vars: AIRFLOW_CTX_DAG_OWNER='airflow' AIRFLOW_CTX_DAG_ID='pipeline_orchestrator' AIRFLOW_CTX_TASK_ID='silver.openphish_silver' AIRFLOW_CTX_EXECUTION_DATE='2025-11-12T00:00:00+00:00' AIRFLOW_CTX_TRY_NUMBER='1' AIRFLOW_CTX_DAG_RUN_ID='manual__2025-11-12T00:00:00+00:00'
[2025-11-13T01:23:15.387+0000] {taskinstance.py:430} INFO - ::endgroup::
[2025-11-13T01:23:15.407+0000] {taskinstance.py:441} INFO - ::group::Post task execution logs
[2025-11-13T01:23:15.407+0000] {crypto.py:82} WARNING - empty cryptography key - values will not be stored encrypted.
[2025-11-13T01:23:15.408+0000] {taskinstance.py:2489} INFO - Pausing task as DEFERRED. dag_id=pipeline_orchestrator, task_id=silver.openphish_silver, run_id=manual__2025-11-12T00:00:00+00:00, execution_date=20251112T000000, start_date=20251113T012315
[2025-11-13T01:23:15.453+0000] {local_task_job_runner.py:237} INFO - Task exited with return code 100 (task deferral)
[2025-11-13T01:23:15.453+0000] {local_task_job_runner.py:222} INFO - ::endgroup::
[2025-11-13T01:24:18.209+0000] {local_task_job_runner.py:120} INFO - ::group::Pre task execution logs
[2025-11-13T01:24:18.217+0000] {taskinstance.py:2076} INFO - Dependencies all met for dep_context=non-requeueable deps ti=<TaskInstance: pipeline_orchestrator.silver.openphish_silver manual__2025-11-12T00:00:00+00:00 [queued]>
[2025-11-13T01:24:18.218+0000] {taskinstance.py:2076} INFO - Dependencies all met for dep_context=requeueable deps ti=<TaskInstance: pipeline_orchestrator.silver.openphish_silver manual__2025-11-12T00:00:00+00:00 [queued]>
[2025-11-13T01:24:18.219+0000] {taskinstance.py:2304} INFO - Resuming after deferral
[2025-11-13T01:24:18.223+0000] {taskinstance.py:2330} INFO - Executing <Task(TriggerDagRunOperator): silver.openphish_silver> on 2025-11-12 00:00:00+00:00
[2025-11-13T01:24:18.224+0000] {standard_task_runner.py:64} INFO - Started process 11413 to run task
[2025-11-13T01:24:18.226+0000] {standard_task_runner.py:90} INFO - Running: ['airflow', 'tasks', 'run', 'pipeline_orchestrator', 'silver.openphish_silver', 'manual__2025-11-12T00:00:00+00:00', '--job-id', '39', '--raw', '--subdir', 'DAGS_FOLDER/pipeline_orchestrator.py', '--cfg-path', '/tmp/tmpi8p_a71i']
[2025-11-13T01:24:18.227+0000] {standard_task_runner.py:91} INFO - Job 39: Subtask silver.openphish_silver
[2025-11-13T01:24:18.240+0000] {task_command.py:426} INFO - Running <TaskInstance: pipeline_orchestrator.silver.openphish_silver manual__2025-11-12T00:00:00+00:00 [running]> on host 1fd82182dcce
[2025-11-13T01:24:18.318+0000] {taskinstance.py:430} INFO - ::endgroup::
[2025-11-13T01:24:18.319+0000] {trigger_dagrun.py:262} INFO - openphish_silver finished with allowed state success
[2025-11-13T01:24:18.319+0000] {taskinstance.py:441} INFO - ::group::Post task execution logs
[2025-11-13T01:24:18.320+0000] {taskinstance.py:1206} INFO - Marking task as SUCCESS. dag_id=pipeline_orchestrator, task_id=silver.openphish_silver, run_id=manual__2025-11-12T00:00:00+00:00, execution_date=20251112T000000, start_date=20251113T012315, end_date=20251113T012418
[2025-11-13T01:24:18.327+0000] {local_task_job_runner.py:243} INFO - Task exited with return code 0
[2025-11-13T01:24:18.333+0000] {taskinstance.py:3503} INFO - 0 downstream tasks scheduled from follow-on schedule check
[2025-11-13T01:24:18.334+0000] {local_task_job_runner.py:222} INFO - ::endgroup::
