[2025-10-29T17:18:20.172+0000] {local_task_job_runner.py:120} INFO - ::group::Pre task execution logs
[2025-10-29T17:18:20.180+0000] {taskinstance.py:2076} INFO - Dependencies all met for dep_context=non-requeueable deps ti=<TaskInstance: openphish_ingest.openphish_fetch_normalize_bronze scheduled__2025-10-24T00:00:00+00:00 [queued]>
[2025-10-29T17:18:20.182+0000] {taskinstance.py:2076} INFO - Dependencies all met for dep_context=requeueable deps ti=<TaskInstance: openphish_ingest.openphish_fetch_normalize_bronze scheduled__2025-10-24T00:00:00+00:00 [queued]>
[2025-10-29T17:18:20.182+0000] {taskinstance.py:2306} INFO - Starting attempt 1 of 2
[2025-10-29T17:18:20.186+0000] {taskinstance.py:2330} INFO - Executing <Task(PythonOperator): openphish_fetch_normalize_bronze> on 2025-10-24 00:00:00+00:00
[2025-10-29T17:18:20.188+0000] {warnings.py:112} WARNING - /home/airflow/.local/lib/python3.12/site-packages/airflow/task/task_runner/standard_task_runner.py:62: DeprecationWarning: This process (pid=2969) is multi-threaded, use of fork() may lead to deadlocks in the child.
  pid = os.fork()

[2025-10-29T17:18:20.189+0000] {standard_task_runner.py:64} INFO - Started process 2990 to run task
[2025-10-29T17:18:20.189+0000] {standard_task_runner.py:90} INFO - Running: ['airflow', 'tasks', 'run', 'openphish_ingest', 'openphish_fetch_normalize_bronze', 'scheduled__2025-10-24T00:00:00+00:00', '--job-id', '106', '--raw', '--subdir', 'DAGS_FOLDER/openphish_ingest.py', '--cfg-path', '/tmp/tmphqpvnk6c']
[2025-10-29T17:18:20.190+0000] {standard_task_runner.py:91} INFO - Job 106: Subtask openphish_fetch_normalize_bronze
[2025-10-29T17:18:20.201+0000] {task_command.py:426} INFO - Running <TaskInstance: openphish_ingest.openphish_fetch_normalize_bronze scheduled__2025-10-24T00:00:00+00:00 [running]> on host 109bbc934e0f
[2025-10-29T17:18:20.222+0000] {taskinstance.py:2648} INFO - Exporting env vars: AIRFLOW_CTX_DAG_OWNER='you' AIRFLOW_CTX_DAG_ID='openphish_ingest' AIRFLOW_CTX_TASK_ID='openphish_fetch_normalize_bronze' AIRFLOW_CTX_EXECUTION_DATE='2025-10-24T00:00:00+00:00' AIRFLOW_CTX_TRY_NUMBER='1' AIRFLOW_CTX_DAG_RUN_ID='scheduled__2025-10-24T00:00:00+00:00'
[2025-10-29T17:18:20.222+0000] {taskinstance.py:430} INFO - ::endgroup::
[2025-10-29T17:18:20.885+0000] {logging_mixin.py:188} INFO - [openphish_ingest] rows after normalize: 300
[2025-10-29T17:18:20.890+0000] {logging_mixin.py:188} INFO - [openphish] rows after normalize: 300
[2025-10-29T17:18:20.908+0000] {python.py:237} INFO - Done. Returned value was: None
[2025-10-29T17:18:20.908+0000] {taskinstance.py:441} INFO - ::group::Post task execution logs
[2025-10-29T17:18:20.911+0000] {taskinstance.py:1206} INFO - Marking task as SUCCESS. dag_id=openphish_ingest, task_id=openphish_fetch_normalize_bronze, run_id=scheduled__2025-10-24T00:00:00+00:00, execution_date=20251024T000000, start_date=20251029T171820, end_date=20251029T171820
[2025-10-29T17:18:20.935+0000] {local_task_job_runner.py:243} INFO - Task exited with return code 0
[2025-10-29T17:18:20.941+0000] {taskinstance.py:3503} INFO - 0 downstream tasks scheduled from follow-on schedule check
[2025-10-29T17:18:20.942+0000] {local_task_job_runner.py:222} INFO - ::endgroup::
[2025-10-29T18:17:08.311+0000] {local_task_job_runner.py:120} INFO - ::group::Pre task execution logs
[2025-10-29T18:17:08.319+0000] {taskinstance.py:2076} INFO - Dependencies all met for dep_context=non-requeueable deps ti=<TaskInstance: openphish_ingest.openphish_fetch_normalize_bronze scheduled__2025-10-24T00:00:00+00:00 [queued]>
[2025-10-29T18:17:08.322+0000] {taskinstance.py:2076} INFO - Dependencies all met for dep_context=requeueable deps ti=<TaskInstance: openphish_ingest.openphish_fetch_normalize_bronze scheduled__2025-10-24T00:00:00+00:00 [queued]>
[2025-10-29T18:17:08.322+0000] {taskinstance.py:2306} INFO - Starting attempt 1 of 2
[2025-10-29T18:17:08.327+0000] {taskinstance.py:2330} INFO - Executing <Task(PythonOperator): openphish_fetch_normalize_bronze> on 2025-10-24 00:00:00+00:00
[2025-10-29T18:17:08.330+0000] {warnings.py:112} WARNING - /home/airflow/.local/lib/python3.12/site-packages/airflow/task/task_runner/standard_task_runner.py:62: DeprecationWarning: This process (pid=6696) is multi-threaded, use of fork() may lead to deadlocks in the child.
  pid = os.fork()

[2025-10-29T18:17:08.330+0000] {standard_task_runner.py:64} INFO - Started process 6717 to run task
[2025-10-29T18:17:08.331+0000] {standard_task_runner.py:90} INFO - Running: ['airflow', 'tasks', 'run', 'openphish_ingest', 'openphish_fetch_normalize_bronze', 'scheduled__2025-10-24T00:00:00+00:00', '--job-id', '264', '--raw', '--subdir', 'DAGS_FOLDER/openphish_ingest.py', '--cfg-path', '/tmp/tmpkzt6qbvu']
[2025-10-29T18:17:08.331+0000] {standard_task_runner.py:91} INFO - Job 264: Subtask openphish_fetch_normalize_bronze
[2025-10-29T18:17:08.343+0000] {task_command.py:426} INFO - Running <TaskInstance: openphish_ingest.openphish_fetch_normalize_bronze scheduled__2025-10-24T00:00:00+00:00 [running]> on host 9a4b1d75930e
[2025-10-29T18:17:08.365+0000] {taskinstance.py:2648} INFO - Exporting env vars: AIRFLOW_CTX_DAG_OWNER='you' AIRFLOW_CTX_DAG_ID='openphish_ingest' AIRFLOW_CTX_TASK_ID='openphish_fetch_normalize_bronze' AIRFLOW_CTX_EXECUTION_DATE='2025-10-24T00:00:00+00:00' AIRFLOW_CTX_TRY_NUMBER='1' AIRFLOW_CTX_DAG_RUN_ID='scheduled__2025-10-24T00:00:00+00:00'
[2025-10-29T18:17:08.365+0000] {taskinstance.py:430} INFO - ::endgroup::
[2025-10-29T18:17:09.019+0000] {logging_mixin.py:188} INFO - [openphish_ingest] rows after normalize: 300
[2025-10-29T18:17:09.022+0000] {logging_mixin.py:188} INFO - [openphish] rows after normalize: 300
[2025-10-29T18:17:09.033+0000] {python.py:237} INFO - Done. Returned value was: None
[2025-10-29T18:17:09.033+0000] {taskinstance.py:441} INFO - ::group::Post task execution logs
[2025-10-29T18:17:09.035+0000] {taskinstance.py:1206} INFO - Marking task as SUCCESS. dag_id=openphish_ingest, task_id=openphish_fetch_normalize_bronze, run_id=scheduled__2025-10-24T00:00:00+00:00, execution_date=20251024T000000, start_date=20251029T181708, end_date=20251029T181709
[2025-10-29T18:17:09.072+0000] {local_task_job_runner.py:243} INFO - Task exited with return code 0
[2025-10-29T18:17:09.077+0000] {taskinstance.py:3503} INFO - 0 downstream tasks scheduled from follow-on schedule check
[2025-10-29T18:17:09.077+0000] {local_task_job_runner.py:222} INFO - ::endgroup::
