[2025-10-29T17:12:39.891+0000] {local_task_job_runner.py:120} INFO - ::group::Pre task execution logs
[2025-10-29T17:12:39.898+0000] {taskinstance.py:2076} INFO - Dependencies all met for dep_context=non-requeueable deps ti=<TaskInstance: openphish_ingest.openphish_fetch_normalize_bronze scheduled__2025-09-08T00:00:00+00:00 [queued]>
[2025-10-29T17:12:39.899+0000] {taskinstance.py:2076} INFO - Dependencies all met for dep_context=requeueable deps ti=<TaskInstance: openphish_ingest.openphish_fetch_normalize_bronze scheduled__2025-09-08T00:00:00+00:00 [queued]>
[2025-10-29T17:12:39.900+0000] {taskinstance.py:2306} INFO - Starting attempt 1 of 2
[2025-10-29T17:12:39.903+0000] {taskinstance.py:2330} INFO - Executing <Task(PythonOperator): openphish_fetch_normalize_bronze> on 2025-09-08 00:00:00+00:00
[2025-10-29T17:12:39.905+0000] {warnings.py:112} WARNING - /home/airflow/.local/lib/python3.12/site-packages/airflow/task/task_runner/standard_task_runner.py:62: DeprecationWarning: This process (pid=438) is multi-threaded, use of fork() may lead to deadlocks in the child.
  pid = os.fork()

[2025-10-29T17:12:39.906+0000] {standard_task_runner.py:64} INFO - Started process 459 to run task
[2025-10-29T17:12:39.906+0000] {standard_task_runner.py:90} INFO - Running: ['airflow', 'tasks', 'run', 'openphish_ingest', 'openphish_fetch_normalize_bronze', 'scheduled__2025-09-08T00:00:00+00:00', '--job-id', '14', '--raw', '--subdir', 'DAGS_FOLDER/openphish_ingest.py', '--cfg-path', '/tmp/tmpba1_a387']
[2025-10-29T17:12:39.907+0000] {standard_task_runner.py:91} INFO - Job 14: Subtask openphish_fetch_normalize_bronze
[2025-10-29T17:12:39.918+0000] {task_command.py:426} INFO - Running <TaskInstance: openphish_ingest.openphish_fetch_normalize_bronze scheduled__2025-09-08T00:00:00+00:00 [running]> on host 109bbc934e0f
[2025-10-29T17:12:39.937+0000] {taskinstance.py:2648} INFO - Exporting env vars: AIRFLOW_CTX_DAG_OWNER='you' AIRFLOW_CTX_DAG_ID='openphish_ingest' AIRFLOW_CTX_TASK_ID='openphish_fetch_normalize_bronze' AIRFLOW_CTX_EXECUTION_DATE='2025-09-08T00:00:00+00:00' AIRFLOW_CTX_TRY_NUMBER='1' AIRFLOW_CTX_DAG_RUN_ID='scheduled__2025-09-08T00:00:00+00:00'
[2025-10-29T17:12:39.937+0000] {taskinstance.py:430} INFO - ::endgroup::
[2025-10-29T17:12:40.602+0000] {logging_mixin.py:188} INFO - [openphish_ingest] rows after normalize: 300
[2025-10-29T17:12:40.607+0000] {logging_mixin.py:188} INFO - [openphish] rows after normalize: 300
[2025-10-29T17:12:40.626+0000] {python.py:237} INFO - Done. Returned value was: None
[2025-10-29T17:12:40.626+0000] {taskinstance.py:441} INFO - ::group::Post task execution logs
[2025-10-29T17:12:40.629+0000] {taskinstance.py:1206} INFO - Marking task as SUCCESS. dag_id=openphish_ingest, task_id=openphish_fetch_normalize_bronze, run_id=scheduled__2025-09-08T00:00:00+00:00, execution_date=20250908T000000, start_date=20251029T171239, end_date=20251029T171240
[2025-10-29T17:12:40.645+0000] {local_task_job_runner.py:243} INFO - Task exited with return code 0
[2025-10-29T17:12:40.650+0000] {taskinstance.py:3503} INFO - 0 downstream tasks scheduled from follow-on schedule check
[2025-10-29T17:12:40.650+0000] {local_task_job_runner.py:222} INFO - ::endgroup::
[2025-10-29T18:07:57.671+0000] {local_task_job_runner.py:120} INFO - ::group::Pre task execution logs
[2025-10-29T18:07:57.679+0000] {taskinstance.py:2076} INFO - Dependencies all met for dep_context=non-requeueable deps ti=<TaskInstance: openphish_ingest.openphish_fetch_normalize_bronze scheduled__2025-09-08T00:00:00+00:00 [queued]>
[2025-10-29T18:07:57.680+0000] {taskinstance.py:2076} INFO - Dependencies all met for dep_context=requeueable deps ti=<TaskInstance: openphish_ingest.openphish_fetch_normalize_bronze scheduled__2025-09-08T00:00:00+00:00 [queued]>
[2025-10-29T18:07:57.680+0000] {taskinstance.py:2306} INFO - Starting attempt 1 of 2
[2025-10-29T18:07:57.684+0000] {taskinstance.py:2330} INFO - Executing <Task(PythonOperator): openphish_fetch_normalize_bronze> on 2025-09-08 00:00:00+00:00
[2025-10-29T18:07:57.687+0000] {warnings.py:112} WARNING - /home/airflow/.local/lib/python3.12/site-packages/airflow/task/task_runner/standard_task_runner.py:62: DeprecationWarning: This process (pid=1013) is multi-threaded, use of fork() may lead to deadlocks in the child.
  pid = os.fork()

[2025-10-29T18:07:57.687+0000] {standard_task_runner.py:64} INFO - Started process 1034 to run task
[2025-10-29T18:07:57.688+0000] {standard_task_runner.py:90} INFO - Running: ['airflow', 'tasks', 'run', 'openphish_ingest', 'openphish_fetch_normalize_bronze', 'scheduled__2025-09-08T00:00:00+00:00', '--job-id', '34', '--raw', '--subdir', 'DAGS_FOLDER/openphish_ingest.py', '--cfg-path', '/tmp/tmpljfl1hv9']
[2025-10-29T18:07:57.688+0000] {standard_task_runner.py:91} INFO - Job 34: Subtask openphish_fetch_normalize_bronze
[2025-10-29T18:07:57.699+0000] {task_command.py:426} INFO - Running <TaskInstance: openphish_ingest.openphish_fetch_normalize_bronze scheduled__2025-09-08T00:00:00+00:00 [running]> on host 9a4b1d75930e
[2025-10-29T18:07:57.720+0000] {taskinstance.py:2648} INFO - Exporting env vars: AIRFLOW_CTX_DAG_OWNER='you' AIRFLOW_CTX_DAG_ID='openphish_ingest' AIRFLOW_CTX_TASK_ID='openphish_fetch_normalize_bronze' AIRFLOW_CTX_EXECUTION_DATE='2025-09-08T00:00:00+00:00' AIRFLOW_CTX_TRY_NUMBER='1' AIRFLOW_CTX_DAG_RUN_ID='scheduled__2025-09-08T00:00:00+00:00'
[2025-10-29T18:07:57.720+0000] {taskinstance.py:430} INFO - ::endgroup::
[2025-10-29T18:07:58.378+0000] {logging_mixin.py:188} INFO - [openphish_ingest] rows after normalize: 300
[2025-10-29T18:07:58.383+0000] {logging_mixin.py:188} INFO - [openphish] rows after normalize: 300
[2025-10-29T18:07:58.401+0000] {python.py:237} INFO - Done. Returned value was: None
[2025-10-29T18:07:58.401+0000] {taskinstance.py:441} INFO - ::group::Post task execution logs
[2025-10-29T18:07:58.403+0000] {taskinstance.py:1206} INFO - Marking task as SUCCESS. dag_id=openphish_ingest, task_id=openphish_fetch_normalize_bronze, run_id=scheduled__2025-09-08T00:00:00+00:00, execution_date=20250908T000000, start_date=20251029T180757, end_date=20251029T180758
[2025-10-29T18:07:58.431+0000] {local_task_job_runner.py:243} INFO - Task exited with return code 0
[2025-10-29T18:07:58.436+0000] {taskinstance.py:3503} INFO - 0 downstream tasks scheduled from follow-on schedule check
[2025-10-29T18:07:58.436+0000] {local_task_job_runner.py:222} INFO - ::endgroup::
