[2025-10-29T17:16:58.248+0000] {local_task_job_runner.py:120} INFO - ::group::Pre task execution logs
[2025-10-29T17:16:58.256+0000] {taskinstance.py:2076} INFO - Dependencies all met for dep_context=non-requeueable deps ti=<TaskInstance: openphish_ingest.openphish_fetch_normalize_bronze scheduled__2025-10-12T00:00:00+00:00 [queued]>
[2025-10-29T17:16:58.257+0000] {taskinstance.py:2076} INFO - Dependencies all met for dep_context=requeueable deps ti=<TaskInstance: openphish_ingest.openphish_fetch_normalize_bronze scheduled__2025-10-12T00:00:00+00:00 [queued]>
[2025-10-29T17:16:58.258+0000] {taskinstance.py:2306} INFO - Starting attempt 1 of 2
[2025-10-29T17:16:58.261+0000] {taskinstance.py:2330} INFO - Executing <Task(PythonOperator): openphish_fetch_normalize_bronze> on 2025-10-12 00:00:00+00:00
[2025-10-29T17:16:58.264+0000] {warnings.py:112} WARNING - /home/airflow/.local/lib/python3.12/site-packages/airflow/task/task_runner/standard_task_runner.py:62: DeprecationWarning: This process (pid=2318) is multi-threaded, use of fork() may lead to deadlocks in the child.
  pid = os.fork()

[2025-10-29T17:16:58.264+0000] {standard_task_runner.py:64} INFO - Started process 2339 to run task
[2025-10-29T17:16:58.265+0000] {standard_task_runner.py:90} INFO - Running: ['airflow', 'tasks', 'run', 'openphish_ingest', 'openphish_fetch_normalize_bronze', 'scheduled__2025-10-12T00:00:00+00:00', '--job-id', '82', '--raw', '--subdir', 'DAGS_FOLDER/openphish_ingest.py', '--cfg-path', '/tmp/tmpce8cnqwt']
[2025-10-29T17:16:58.265+0000] {standard_task_runner.py:91} INFO - Job 82: Subtask openphish_fetch_normalize_bronze
[2025-10-29T17:16:58.276+0000] {task_command.py:426} INFO - Running <TaskInstance: openphish_ingest.openphish_fetch_normalize_bronze scheduled__2025-10-12T00:00:00+00:00 [running]> on host 109bbc934e0f
[2025-10-29T17:16:58.296+0000] {taskinstance.py:2648} INFO - Exporting env vars: AIRFLOW_CTX_DAG_OWNER='you' AIRFLOW_CTX_DAG_ID='openphish_ingest' AIRFLOW_CTX_TASK_ID='openphish_fetch_normalize_bronze' AIRFLOW_CTX_EXECUTION_DATE='2025-10-12T00:00:00+00:00' AIRFLOW_CTX_TRY_NUMBER='1' AIRFLOW_CTX_DAG_RUN_ID='scheduled__2025-10-12T00:00:00+00:00'
[2025-10-29T17:16:58.296+0000] {taskinstance.py:430} INFO - ::endgroup::
[2025-10-29T17:16:58.966+0000] {logging_mixin.py:188} INFO - [openphish_ingest] rows after normalize: 300
[2025-10-29T17:16:58.972+0000] {logging_mixin.py:188} INFO - [openphish] rows after normalize: 300
[2025-10-29T17:16:58.988+0000] {python.py:237} INFO - Done. Returned value was: None
[2025-10-29T17:16:58.988+0000] {taskinstance.py:441} INFO - ::group::Post task execution logs
[2025-10-29T17:16:58.991+0000] {taskinstance.py:1206} INFO - Marking task as SUCCESS. dag_id=openphish_ingest, task_id=openphish_fetch_normalize_bronze, run_id=scheduled__2025-10-12T00:00:00+00:00, execution_date=20251012T000000, start_date=20251029T171658, end_date=20251029T171658
[2025-10-29T17:16:59.013+0000] {local_task_job_runner.py:243} INFO - Task exited with return code 0
[2025-10-29T17:16:59.020+0000] {taskinstance.py:3503} INFO - 0 downstream tasks scheduled from follow-on schedule check
[2025-10-29T17:16:59.020+0000] {local_task_job_runner.py:222} INFO - ::endgroup::
[2025-10-29T18:14:42.230+0000] {local_task_job_runner.py:120} INFO - ::group::Pre task execution logs
[2025-10-29T18:14:42.238+0000] {taskinstance.py:2076} INFO - Dependencies all met for dep_context=non-requeueable deps ti=<TaskInstance: openphish_ingest.openphish_fetch_normalize_bronze scheduled__2025-10-12T00:00:00+00:00 [queued]>
[2025-10-29T18:14:42.239+0000] {taskinstance.py:2076} INFO - Dependencies all met for dep_context=requeueable deps ti=<TaskInstance: openphish_ingest.openphish_fetch_normalize_bronze scheduled__2025-10-12T00:00:00+00:00 [queued]>
[2025-10-29T18:14:42.239+0000] {taskinstance.py:2306} INFO - Starting attempt 1 of 2
[2025-10-29T18:14:42.243+0000] {taskinstance.py:2330} INFO - Executing <Task(PythonOperator): openphish_fetch_normalize_bronze> on 2025-10-12 00:00:00+00:00
[2025-10-29T18:14:42.245+0000] {warnings.py:112} WARNING - /home/airflow/.local/lib/python3.12/site-packages/airflow/task/task_runner/standard_task_runner.py:62: DeprecationWarning: This process (pid=5211) is multi-threaded, use of fork() may lead to deadlocks in the child.
  pid = os.fork()

[2025-10-29T18:14:42.246+0000] {standard_task_runner.py:64} INFO - Started process 5232 to run task
[2025-10-29T18:14:42.246+0000] {standard_task_runner.py:90} INFO - Running: ['airflow', 'tasks', 'run', 'openphish_ingest', 'openphish_fetch_normalize_bronze', 'scheduled__2025-10-12T00:00:00+00:00', '--job-id', '204', '--raw', '--subdir', 'DAGS_FOLDER/openphish_ingest.py', '--cfg-path', '/tmp/tmp1ca9b91h']
[2025-10-29T18:14:42.247+0000] {standard_task_runner.py:91} INFO - Job 204: Subtask openphish_fetch_normalize_bronze
[2025-10-29T18:14:42.258+0000] {task_command.py:426} INFO - Running <TaskInstance: openphish_ingest.openphish_fetch_normalize_bronze scheduled__2025-10-12T00:00:00+00:00 [running]> on host 9a4b1d75930e
[2025-10-29T18:14:42.279+0000] {taskinstance.py:2648} INFO - Exporting env vars: AIRFLOW_CTX_DAG_OWNER='you' AIRFLOW_CTX_DAG_ID='openphish_ingest' AIRFLOW_CTX_TASK_ID='openphish_fetch_normalize_bronze' AIRFLOW_CTX_EXECUTION_DATE='2025-10-12T00:00:00+00:00' AIRFLOW_CTX_TRY_NUMBER='1' AIRFLOW_CTX_DAG_RUN_ID='scheduled__2025-10-12T00:00:00+00:00'
[2025-10-29T18:14:42.279+0000] {taskinstance.py:430} INFO - ::endgroup::
[2025-10-29T18:14:42.954+0000] {logging_mixin.py:188} INFO - [openphish_ingest] rows after normalize: 300
[2025-10-29T18:14:42.959+0000] {logging_mixin.py:188} INFO - [openphish] rows after normalize: 300
[2025-10-29T18:14:42.975+0000] {python.py:237} INFO - Done. Returned value was: None
[2025-10-29T18:14:42.976+0000] {taskinstance.py:441} INFO - ::group::Post task execution logs
[2025-10-29T18:14:42.978+0000] {taskinstance.py:1206} INFO - Marking task as SUCCESS. dag_id=openphish_ingest, task_id=openphish_fetch_normalize_bronze, run_id=scheduled__2025-10-12T00:00:00+00:00, execution_date=20251012T000000, start_date=20251029T181442, end_date=20251029T181442
[2025-10-29T18:14:42.996+0000] {local_task_job_runner.py:243} INFO - Task exited with return code 0
[2025-10-29T18:14:43.003+0000] {taskinstance.py:3503} INFO - 0 downstream tasks scheduled from follow-on schedule check
[2025-10-29T18:14:43.003+0000] {local_task_job_runner.py:222} INFO - ::endgroup::
