[2025-10-29T17:12:01.684+0000] {local_task_job_runner.py:120} INFO - ::group::Pre task execution logs
[2025-10-29T17:12:01.690+0000] {taskinstance.py:2076} INFO - Dependencies all met for dep_context=non-requeueable deps ti=<TaskInstance: openphish_ingest.openphish_fetch_normalize_bronze scheduled__2025-09-02T00:00:00+00:00 [queued]>
[2025-10-29T17:12:01.692+0000] {taskinstance.py:2076} INFO - Dependencies all met for dep_context=requeueable deps ti=<TaskInstance: openphish_ingest.openphish_fetch_normalize_bronze scheduled__2025-09-02T00:00:00+00:00 [queued]>
[2025-10-29T17:12:01.692+0000] {taskinstance.py:2306} INFO - Starting attempt 1 of 2
[2025-10-29T17:12:01.696+0000] {taskinstance.py:2330} INFO - Executing <Task(PythonOperator): openphish_fetch_normalize_bronze> on 2025-09-02 00:00:00+00:00
[2025-10-29T17:12:01.698+0000] {warnings.py:112} WARNING - /home/airflow/.local/lib/python3.12/site-packages/airflow/task/task_runner/standard_task_runner.py:62: DeprecationWarning: This process (pid=184) is multi-threaded, use of fork() may lead to deadlocks in the child.
  pid = os.fork()

[2025-10-29T17:12:01.698+0000] {standard_task_runner.py:64} INFO - Started process 205 to run task
[2025-10-29T17:12:01.699+0000] {standard_task_runner.py:90} INFO - Running: ['airflow', 'tasks', 'run', 'openphish_ingest', 'openphish_fetch_normalize_bronze', 'scheduled__2025-09-02T00:00:00+00:00', '--job-id', '4', '--raw', '--subdir', 'DAGS_FOLDER/openphish_ingest.py', '--cfg-path', '/tmp/tmpk30w6beo']
[2025-10-29T17:12:01.699+0000] {standard_task_runner.py:91} INFO - Job 4: Subtask openphish_fetch_normalize_bronze
[2025-10-29T17:12:01.710+0000] {task_command.py:426} INFO - Running <TaskInstance: openphish_ingest.openphish_fetch_normalize_bronze scheduled__2025-09-02T00:00:00+00:00 [running]> on host 109bbc934e0f
[2025-10-29T17:12:01.727+0000] {taskinstance.py:2648} INFO - Exporting env vars: AIRFLOW_CTX_DAG_OWNER='you' AIRFLOW_CTX_DAG_ID='openphish_ingest' AIRFLOW_CTX_TASK_ID='openphish_fetch_normalize_bronze' AIRFLOW_CTX_EXECUTION_DATE='2025-09-02T00:00:00+00:00' AIRFLOW_CTX_TRY_NUMBER='1' AIRFLOW_CTX_DAG_RUN_ID='scheduled__2025-09-02T00:00:00+00:00'
[2025-10-29T17:12:01.728+0000] {taskinstance.py:430} INFO - ::endgroup::
[2025-10-29T17:12:02.481+0000] {logging_mixin.py:188} INFO - [openphish_ingest] rows after normalize: 300
[2025-10-29T17:12:02.487+0000] {logging_mixin.py:188} INFO - [openphish] rows after normalize: 300
[2025-10-29T17:12:02.507+0000] {python.py:237} INFO - Done. Returned value was: None
[2025-10-29T17:12:02.507+0000] {taskinstance.py:441} INFO - ::group::Post task execution logs
[2025-10-29T17:12:02.510+0000] {taskinstance.py:1206} INFO - Marking task as SUCCESS. dag_id=openphish_ingest, task_id=openphish_fetch_normalize_bronze, run_id=scheduled__2025-09-02T00:00:00+00:00, execution_date=20250902T000000, start_date=20251029T171201, end_date=20251029T171202
[2025-10-29T17:12:02.657+0000] {local_task_job_runner.py:243} INFO - Task exited with return code 0
[2025-10-29T17:12:02.661+0000] {taskinstance.py:3503} INFO - 0 downstream tasks scheduled from follow-on schedule check
[2025-10-29T17:12:02.661+0000] {local_task_job_runner.py:222} INFO - ::endgroup::
[2025-10-29T18:06:52.097+0000] {local_task_job_runner.py:120} INFO - ::group::Pre task execution logs
[2025-10-29T18:06:52.104+0000] {taskinstance.py:2076} INFO - Dependencies all met for dep_context=non-requeueable deps ti=<TaskInstance: openphish_ingest.openphish_fetch_normalize_bronze scheduled__2025-09-02T00:00:00+00:00 [queued]>
[2025-10-29T18:06:52.105+0000] {taskinstance.py:2076} INFO - Dependencies all met for dep_context=requeueable deps ti=<TaskInstance: openphish_ingest.openphish_fetch_normalize_bronze scheduled__2025-09-02T00:00:00+00:00 [queued]>
[2025-10-29T18:06:52.105+0000] {taskinstance.py:2306} INFO - Starting attempt 1 of 2
[2025-10-29T18:06:52.109+0000] {taskinstance.py:2330} INFO - Executing <Task(PythonOperator): openphish_fetch_normalize_bronze> on 2025-09-02 00:00:00+00:00
[2025-10-29T18:06:52.111+0000] {warnings.py:112} WARNING - /home/airflow/.local/lib/python3.12/site-packages/airflow/task/task_runner/standard_task_runner.py:62: DeprecationWarning: This process (pid=294) is multi-threaded, use of fork() may lead to deadlocks in the child.
  pid = os.fork()

[2025-10-29T18:06:52.111+0000] {standard_task_runner.py:64} INFO - Started process 315 to run task
[2025-10-29T18:06:52.112+0000] {standard_task_runner.py:90} INFO - Running: ['airflow', 'tasks', 'run', 'openphish_ingest', 'openphish_fetch_normalize_bronze', 'scheduled__2025-09-02T00:00:00+00:00', '--job-id', '5', '--raw', '--subdir', 'DAGS_FOLDER/openphish_ingest.py', '--cfg-path', '/tmp/tmphxp4f1h_']
[2025-10-29T18:06:52.112+0000] {standard_task_runner.py:91} INFO - Job 5: Subtask openphish_fetch_normalize_bronze
[2025-10-29T18:06:52.122+0000] {task_command.py:426} INFO - Running <TaskInstance: openphish_ingest.openphish_fetch_normalize_bronze scheduled__2025-09-02T00:00:00+00:00 [running]> on host 9a4b1d75930e
[2025-10-29T18:06:52.141+0000] {taskinstance.py:2648} INFO - Exporting env vars: AIRFLOW_CTX_DAG_OWNER='you' AIRFLOW_CTX_DAG_ID='openphish_ingest' AIRFLOW_CTX_TASK_ID='openphish_fetch_normalize_bronze' AIRFLOW_CTX_EXECUTION_DATE='2025-09-02T00:00:00+00:00' AIRFLOW_CTX_TRY_NUMBER='1' AIRFLOW_CTX_DAG_RUN_ID='scheduled__2025-09-02T00:00:00+00:00'
[2025-10-29T18:06:52.141+0000] {taskinstance.py:430} INFO - ::endgroup::
[2025-10-29T18:06:52.801+0000] {logging_mixin.py:188} INFO - [openphish_ingest] rows after normalize: 300
[2025-10-29T18:06:52.807+0000] {logging_mixin.py:188} INFO - [openphish] rows after normalize: 300
[2025-10-29T18:06:52.824+0000] {python.py:237} INFO - Done. Returned value was: None
[2025-10-29T18:06:52.824+0000] {taskinstance.py:441} INFO - ::group::Post task execution logs
[2025-10-29T18:06:52.827+0000] {taskinstance.py:1206} INFO - Marking task as SUCCESS. dag_id=openphish_ingest, task_id=openphish_fetch_normalize_bronze, run_id=scheduled__2025-09-02T00:00:00+00:00, execution_date=20250902T000000, start_date=20251029T180652, end_date=20251029T180652
[2025-10-29T18:06:52.857+0000] {local_task_job_runner.py:243} INFO - Task exited with return code 0
[2025-10-29T18:06:52.862+0000] {taskinstance.py:3503} INFO - 0 downstream tasks scheduled from follow-on schedule check
[2025-10-29T18:06:52.863+0000] {local_task_job_runner.py:222} INFO - ::endgroup::
