[2025-10-29T17:17:35.386+0000] {local_task_job_runner.py:120} INFO - ::group::Pre task execution logs
[2025-10-29T17:17:35.394+0000] {taskinstance.py:2076} INFO - Dependencies all met for dep_context=non-requeueable deps ti=<TaskInstance: urlhaus_ingest.urlhaus_fetch_normalize_bronze scheduled__2025-10-12T00:00:00+00:00 [queued]>
[2025-10-29T17:17:35.395+0000] {taskinstance.py:2076} INFO - Dependencies all met for dep_context=requeueable deps ti=<TaskInstance: urlhaus_ingest.urlhaus_fetch_normalize_bronze scheduled__2025-10-12T00:00:00+00:00 [queued]>
[2025-10-29T17:17:35.395+0000] {taskinstance.py:2306} INFO - Starting attempt 1 of 2
[2025-10-29T17:17:35.399+0000] {taskinstance.py:2330} INFO - Executing <Task(PythonOperator): urlhaus_fetch_normalize_bronze> on 2025-10-12 00:00:00+00:00
[2025-10-29T17:17:35.402+0000] {warnings.py:112} WARNING - /home/airflow/.local/lib/python3.12/site-packages/airflow/task/task_runner/standard_task_runner.py:62: DeprecationWarning: This process (pid=2612) is multi-threaded, use of fork() may lead to deadlocks in the child.
  pid = os.fork()

[2025-10-29T17:17:35.402+0000] {standard_task_runner.py:64} INFO - Started process 2633 to run task
[2025-10-29T17:17:35.403+0000] {standard_task_runner.py:90} INFO - Running: ['airflow', 'tasks', 'run', 'urlhaus_ingest', 'urlhaus_fetch_normalize_bronze', 'scheduled__2025-10-12T00:00:00+00:00', '--job-id', '93', '--raw', '--subdir', 'DAGS_FOLDER/urlhaus_ingest.py', '--cfg-path', '/tmp/tmp0d6gqk_l']
[2025-10-29T17:17:35.403+0000] {standard_task_runner.py:91} INFO - Job 93: Subtask urlhaus_fetch_normalize_bronze
[2025-10-29T17:17:35.415+0000] {task_command.py:426} INFO - Running <TaskInstance: urlhaus_ingest.urlhaus_fetch_normalize_bronze scheduled__2025-10-12T00:00:00+00:00 [running]> on host 109bbc934e0f
[2025-10-29T17:17:35.435+0000] {taskinstance.py:2648} INFO - Exporting env vars: AIRFLOW_CTX_DAG_OWNER='you' AIRFLOW_CTX_DAG_ID='urlhaus_ingest' AIRFLOW_CTX_TASK_ID='urlhaus_fetch_normalize_bronze' AIRFLOW_CTX_EXECUTION_DATE='2025-10-12T00:00:00+00:00' AIRFLOW_CTX_TRY_NUMBER='1' AIRFLOW_CTX_DAG_RUN_ID='scheduled__2025-10-12T00:00:00+00:00'
[2025-10-29T17:17:35.435+0000] {taskinstance.py:430} INFO - ::endgroup::
[2025-10-29T17:17:35.583+0000] {logging_mixin.py:188} INFO - [urlhaus_ingest] rows after normalize: 21313
[2025-10-29T17:17:35.594+0000] {logging_mixin.py:188} INFO - [urlhaus] rows after normalize: 21313
[2025-10-29T17:17:35.617+0000] {python.py:237} INFO - Done. Returned value was: None
[2025-10-29T17:17:35.617+0000] {taskinstance.py:441} INFO - ::group::Post task execution logs
[2025-10-29T17:17:35.618+0000] {taskinstance.py:1206} INFO - Marking task as SUCCESS. dag_id=urlhaus_ingest, task_id=urlhaus_fetch_normalize_bronze, run_id=scheduled__2025-10-12T00:00:00+00:00, execution_date=20251012T000000, start_date=20251029T171735, end_date=20251029T171735
[2025-10-29T17:17:35.628+0000] {local_task_job_runner.py:243} INFO - Task exited with return code 0
[2025-10-29T17:17:35.632+0000] {taskinstance.py:3503} INFO - 0 downstream tasks scheduled from follow-on schedule check
[2025-10-29T17:17:35.632+0000] {local_task_job_runner.py:222} INFO - ::endgroup::
[2025-10-29T18:14:47.596+0000] {local_task_job_runner.py:120} INFO - ::group::Pre task execution logs
[2025-10-29T18:14:47.618+0000] {taskinstance.py:2076} INFO - Dependencies all met for dep_context=non-requeueable deps ti=<TaskInstance: urlhaus_ingest.urlhaus_fetch_normalize_bronze scheduled__2025-10-12T00:00:00+00:00 [queued]>
[2025-10-29T18:14:47.620+0000] {taskinstance.py:2076} INFO - Dependencies all met for dep_context=requeueable deps ti=<TaskInstance: urlhaus_ingest.urlhaus_fetch_normalize_bronze scheduled__2025-10-12T00:00:00+00:00 [queued]>
[2025-10-29T18:14:47.620+0000] {taskinstance.py:2306} INFO - Starting attempt 1 of 2
[2025-10-29T18:14:47.626+0000] {taskinstance.py:2330} INFO - Executing <Task(PythonOperator): urlhaus_fetch_normalize_bronze> on 2025-10-12 00:00:00+00:00
[2025-10-29T18:14:47.630+0000] {warnings.py:112} WARNING - /home/airflow/.local/lib/python3.12/site-packages/airflow/task/task_runner/standard_task_runner.py:62: DeprecationWarning: This process (pid=5261) is multi-threaded, use of fork() may lead to deadlocks in the child.
  pid = os.fork()

[2025-10-29T18:14:47.630+0000] {standard_task_runner.py:64} INFO - Started process 5282 to run task
[2025-10-29T18:14:47.630+0000] {standard_task_runner.py:90} INFO - Running: ['airflow', 'tasks', 'run', 'urlhaus_ingest', 'urlhaus_fetch_normalize_bronze', 'scheduled__2025-10-12T00:00:00+00:00', '--job-id', '206', '--raw', '--subdir', 'DAGS_FOLDER/urlhaus_ingest.py', '--cfg-path', '/tmp/tmpzlu11pq7']
[2025-10-29T18:14:47.631+0000] {standard_task_runner.py:91} INFO - Job 206: Subtask urlhaus_fetch_normalize_bronze
[2025-10-29T18:14:47.643+0000] {task_command.py:426} INFO - Running <TaskInstance: urlhaus_ingest.urlhaus_fetch_normalize_bronze scheduled__2025-10-12T00:00:00+00:00 [running]> on host 9a4b1d75930e
[2025-10-29T18:14:47.664+0000] {taskinstance.py:2648} INFO - Exporting env vars: AIRFLOW_CTX_DAG_OWNER='you' AIRFLOW_CTX_DAG_ID='urlhaus_ingest' AIRFLOW_CTX_TASK_ID='urlhaus_fetch_normalize_bronze' AIRFLOW_CTX_EXECUTION_DATE='2025-10-12T00:00:00+00:00' AIRFLOW_CTX_TRY_NUMBER='1' AIRFLOW_CTX_DAG_RUN_ID='scheduled__2025-10-12T00:00:00+00:00'
[2025-10-29T18:14:47.665+0000] {taskinstance.py:430} INFO - ::endgroup::
[2025-10-29T18:14:47.812+0000] {logging_mixin.py:188} INFO - [urlhaus_ingest] rows after normalize: 21301
[2025-10-29T18:14:47.823+0000] {logging_mixin.py:188} INFO - [urlhaus] rows after normalize: 21301
[2025-10-29T18:14:47.846+0000] {python.py:237} INFO - Done. Returned value was: None
[2025-10-29T18:14:47.846+0000] {taskinstance.py:441} INFO - ::group::Post task execution logs
[2025-10-29T18:14:47.848+0000] {taskinstance.py:1206} INFO - Marking task as SUCCESS. dag_id=urlhaus_ingest, task_id=urlhaus_fetch_normalize_bronze, run_id=scheduled__2025-10-12T00:00:00+00:00, execution_date=20251012T000000, start_date=20251029T181447, end_date=20251029T181447
[2025-10-29T18:14:47.862+0000] {local_task_job_runner.py:243} INFO - Task exited with return code 0
[2025-10-29T18:14:47.866+0000] {taskinstance.py:3503} INFO - 0 downstream tasks scheduled from follow-on schedule check
[2025-10-29T18:14:47.866+0000] {local_task_job_runner.py:222} INFO - ::endgroup::
