[2025-09-24T00:06:39.324+0000] {local_task_job_runner.py:120} INFO - ::group::Pre task execution logs
[2025-09-24T00:06:39.345+0000] {taskinstance.py:2076} INFO - Dependencies all met for dep_context=non-requeueable deps ti=<TaskInstance: labels_union.build_union scheduled__2025-09-23T00:00:00+00:00 [queued]>
[2025-09-24T00:06:39.347+0000] {taskinstance.py:2076} INFO - Dependencies all met for dep_context=requeueable deps ti=<TaskInstance: labels_union.build_union scheduled__2025-09-23T00:00:00+00:00 [queued]>
[2025-09-24T00:06:39.347+0000] {taskinstance.py:2306} INFO - Starting attempt 1 of 1
[2025-09-24T00:06:39.353+0000] {taskinstance.py:2330} INFO - Executing <Task(PythonOperator): build_union> on 2025-09-23 00:00:00+00:00
[2025-09-24T00:06:39.358+0000] {standard_task_runner.py:90} INFO - Running: ['airflow', 'tasks', 'run', 'labels_union', 'build_union', 'scheduled__2025-09-23T00:00:00+00:00', '--job-id', '23', '--raw', '--subdir', 'DAGS_FOLDER/labels_union.py', '--cfg-path', '/tmp/tmpnoqxqk0i']
[2025-09-24T00:06:39.360+0000] {standard_task_runner.py:91} INFO - Job 23: Subtask build_union
[2025-09-24T00:06:39.360+0000] {logging_mixin.py:188} WARNING - /home/airflow/.local/lib/python3.12/site-packages/airflow/task/task_runner/standard_task_runner.py:62 DeprecationWarning: This process (pid=33156) is multi-threaded, use of fork() may lead to deadlocks in the child.
[2025-09-24T00:06:39.364+0000] {standard_task_runner.py:64} INFO - Started process 33167 to run task
[2025-09-24T00:06:39.386+0000] {task_command.py:426} INFO - Running <TaskInstance: labels_union.build_union scheduled__2025-09-23T00:00:00+00:00 [running]> on host 539ffd8f219e
[2025-09-24T00:06:39.416+0000] {taskinstance.py:2648} INFO - Exporting env vars: AIRFLOW_CTX_DAG_OWNER='you' AIRFLOW_CTX_DAG_ID='labels_union' AIRFLOW_CTX_TASK_ID='build_union' AIRFLOW_CTX_EXECUTION_DATE='2025-09-23T00:00:00+00:00' AIRFLOW_CTX_TRY_NUMBER='1' AIRFLOW_CTX_DAG_RUN_ID='scheduled__2025-09-23T00:00:00+00:00'
[2025-09-24T00:06:39.417+0000] {taskinstance.py:430} INFO - ::endgroup::
[2025-09-24T00:06:39.475+0000] {logging_mixin.py:188} INFO - [labels_union] wrote 6203 rows -> /opt/airflow/silver/labels_union/ingest_date=2025-09-23
[2025-09-24T00:06:39.476+0000] {python.py:237} INFO - Done. Returned value was: None
[2025-09-24T00:06:39.476+0000] {taskinstance.py:441} INFO - ::group::Post task execution logs
[2025-09-24T00:06:39.478+0000] {taskinstance.py:1206} INFO - Marking task as SUCCESS. dag_id=labels_union, task_id=build_union, run_id=scheduled__2025-09-23T00:00:00+00:00, execution_date=20250923T000000, start_date=20250924T000639, end_date=20250924T000639
[2025-09-24T00:06:39.506+0000] {local_task_job_runner.py:243} INFO - Task exited with return code 0
[2025-09-24T00:06:39.510+0000] {taskinstance.py:3503} INFO - 0 downstream tasks scheduled from follow-on schedule check
[2025-09-24T00:06:39.511+0000] {local_task_job_runner.py:222} INFO - ::endgroup::
[2025-10-29T18:11:28.107+0000] {local_task_job_runner.py:120} INFO - ::group::Pre task execution logs
[2025-10-29T18:11:28.115+0000] {taskinstance.py:2076} INFO - Dependencies all met for dep_context=non-requeueable deps ti=<TaskInstance: labels_union.build_union scheduled__2025-09-23T00:00:00+00:00 [queued]>
[2025-10-29T18:11:28.117+0000] {taskinstance.py:2076} INFO - Dependencies all met for dep_context=requeueable deps ti=<TaskInstance: labels_union.build_union scheduled__2025-09-23T00:00:00+00:00 [queued]>
[2025-10-29T18:11:28.117+0000] {taskinstance.py:2306} INFO - Starting attempt 1 of 1
[2025-10-29T18:11:28.122+0000] {taskinstance.py:2330} INFO - Executing <Task(PythonOperator): build_union> on 2025-09-23 00:00:00+00:00
[2025-10-29T18:11:28.125+0000] {standard_task_runner.py:90} INFO - Running: ['airflow', 'tasks', 'run', 'labels_union', 'build_union', 'scheduled__2025-09-23T00:00:00+00:00', '--job-id', '122', '--raw', '--subdir', 'DAGS_FOLDER/labels_union.py', '--cfg-path', '/tmp/tmpzpdxo933']
[2025-10-29T18:11:28.126+0000] {standard_task_runner.py:91} INFO - Job 122: Subtask build_union
[2025-10-29T18:11:28.126+0000] {logging_mixin.py:188} WARNING - /home/airflow/.local/lib/python3.12/site-packages/airflow/task/task_runner/standard_task_runner.py:62 DeprecationWarning: This process (pid=3201) is multi-threaded, use of fork() may lead to deadlocks in the child.
[2025-10-29T18:11:28.128+0000] {standard_task_runner.py:64} INFO - Started process 3212 to run task
[2025-10-29T18:11:28.137+0000] {task_command.py:426} INFO - Running <TaskInstance: labels_union.build_union scheduled__2025-09-23T00:00:00+00:00 [running]> on host 9a4b1d75930e
[2025-10-29T18:11:28.157+0000] {taskinstance.py:2648} INFO - Exporting env vars: AIRFLOW_CTX_DAG_OWNER='you' AIRFLOW_CTX_DAG_ID='labels_union' AIRFLOW_CTX_TASK_ID='build_union' AIRFLOW_CTX_EXECUTION_DATE='2025-09-23T00:00:00+00:00' AIRFLOW_CTX_TRY_NUMBER='1' AIRFLOW_CTX_DAG_RUN_ID='scheduled__2025-09-23T00:00:00+00:00'
[2025-10-29T18:11:28.158+0000] {taskinstance.py:430} INFO - ::endgroup::
[2025-10-29T18:11:28.184+0000] {logging_mixin.py:188} INFO - [labels_union] 2025-09-23: wrote 3114 rows -> /opt/airflow/silver/labels_union/ingest_date=2025-09-23
[2025-10-29T18:11:28.184+0000] {python.py:237} INFO - Done. Returned value was: None
[2025-10-29T18:11:28.184+0000] {taskinstance.py:441} INFO - ::group::Post task execution logs
[2025-10-29T18:11:28.185+0000] {taskinstance.py:1206} INFO - Marking task as SUCCESS. dag_id=labels_union, task_id=build_union, run_id=scheduled__2025-09-23T00:00:00+00:00, execution_date=20250923T000000, start_date=20251029T181128, end_date=20251029T181128
[2025-10-29T18:11:28.230+0000] {local_task_job_runner.py:243} INFO - Task exited with return code 0
[2025-10-29T18:11:28.234+0000] {taskinstance.py:3503} INFO - 0 downstream tasks scheduled from follow-on schedule check
[2025-10-29T18:11:28.234+0000] {local_task_job_runner.py:222} INFO - ::endgroup::
