[2025-09-25T00:04:19.534+0000] {local_task_job_runner.py:120} INFO - ::group::Pre task execution logs
[2025-09-25T00:04:19.597+0000] {taskinstance.py:2076} INFO - Dependencies all met for dep_context=non-requeueable deps ti=<TaskInstance: labels_union.build_union scheduled__2025-09-24T00:00:00+00:00 [queued]>
[2025-09-25T00:04:19.605+0000] {taskinstance.py:2076} INFO - Dependencies all met for dep_context=requeueable deps ti=<TaskInstance: labels_union.build_union scheduled__2025-09-24T00:00:00+00:00 [queued]>
[2025-09-25T00:04:19.607+0000] {taskinstance.py:2306} INFO - Starting attempt 1 of 1
[2025-09-25T00:04:19.644+0000] {taskinstance.py:2330} INFO - Executing <Task(PythonOperator): build_union> on 2025-09-24 00:00:00+00:00
[2025-09-25T00:04:19.664+0000] {standard_task_runner.py:90} INFO - Running: ['airflow', 'tasks', 'run', 'labels_union', 'build_union', 'scheduled__2025-09-24T00:00:00+00:00', '--job-id', '28', '--raw', '--subdir', 'DAGS_FOLDER/labels_union.py', '--cfg-path', '/tmp/tmpvrewe6ek']
[2025-09-25T00:04:19.677+0000] {standard_task_runner.py:91} INFO - Job 28: Subtask build_union
[2025-09-25T00:04:19.684+0000] {logging_mixin.py:188} WARNING - /home/airflow/.local/lib/python3.12/site-packages/airflow/task/task_runner/standard_task_runner.py:62 DeprecationWarning: This process (pid=43924) is multi-threaded, use of fork() may lead to deadlocks in the child.
[2025-09-25T00:04:19.686+0000] {standard_task_runner.py:64} INFO - Started process 43935 to run task
[2025-09-25T00:04:19.808+0000] {task_command.py:426} INFO - Running <TaskInstance: labels_union.build_union scheduled__2025-09-24T00:00:00+00:00 [running]> on host 539ffd8f219e
[2025-09-25T00:04:20.145+0000] {taskinstance.py:2648} INFO - Exporting env vars: AIRFLOW_CTX_DAG_OWNER='you' AIRFLOW_CTX_DAG_ID='labels_union' AIRFLOW_CTX_TASK_ID='build_union' AIRFLOW_CTX_EXECUTION_DATE='2025-09-24T00:00:00+00:00' AIRFLOW_CTX_TRY_NUMBER='1' AIRFLOW_CTX_DAG_RUN_ID='scheduled__2025-09-24T00:00:00+00:00'
[2025-09-25T00:04:20.147+0000] {taskinstance.py:430} INFO - ::endgroup::
[2025-09-25T00:04:20.310+0000] {logging_mixin.py:188} INFO - [labels_union] wrote 6188 rows -> /opt/airflow/silver/labels_union/ingest_date=2025-09-24
[2025-09-25T00:04:20.310+0000] {python.py:237} INFO - Done. Returned value was: None
[2025-09-25T00:04:20.311+0000] {taskinstance.py:441} INFO - ::group::Post task execution logs
[2025-09-25T00:04:20.315+0000] {taskinstance.py:1206} INFO - Marking task as SUCCESS. dag_id=labels_union, task_id=build_union, run_id=scheduled__2025-09-24T00:00:00+00:00, execution_date=20250924T000000, start_date=20250925T000419, end_date=20250925T000420
[2025-09-25T00:04:20.358+0000] {local_task_job_runner.py:243} INFO - Task exited with return code 0
[2025-09-25T00:04:20.439+0000] {taskinstance.py:3503} INFO - 0 downstream tasks scheduled from follow-on schedule check
[2025-09-25T00:04:20.452+0000] {local_task_job_runner.py:222} INFO - ::endgroup::
[2025-10-29T18:11:39.473+0000] {local_task_job_runner.py:120} INFO - ::group::Pre task execution logs
[2025-10-29T18:11:39.482+0000] {taskinstance.py:2076} INFO - Dependencies all met for dep_context=non-requeueable deps ti=<TaskInstance: labels_union.build_union scheduled__2025-09-24T00:00:00+00:00 [queued]>
[2025-10-29T18:11:39.483+0000] {taskinstance.py:2076} INFO - Dependencies all met for dep_context=requeueable deps ti=<TaskInstance: labels_union.build_union scheduled__2025-09-24T00:00:00+00:00 [queued]>
[2025-10-29T18:11:39.484+0000] {taskinstance.py:2306} INFO - Starting attempt 1 of 1
[2025-10-29T18:11:39.488+0000] {taskinstance.py:2330} INFO - Executing <Task(PythonOperator): build_union> on 2025-09-24 00:00:00+00:00
[2025-10-29T18:11:39.491+0000] {standard_task_runner.py:90} INFO - Running: ['airflow', 'tasks', 'run', 'labels_union', 'build_union', 'scheduled__2025-09-24T00:00:00+00:00', '--job-id', '127', '--raw', '--subdir', 'DAGS_FOLDER/labels_union.py', '--cfg-path', '/tmp/tmpvaw1v1k2']
[2025-10-29T18:11:39.492+0000] {standard_task_runner.py:91} INFO - Job 127: Subtask build_union
[2025-10-29T18:11:39.492+0000] {logging_mixin.py:188} WARNING - /home/airflow/.local/lib/python3.12/site-packages/airflow/task/task_runner/standard_task_runner.py:62 DeprecationWarning: This process (pid=3317) is multi-threaded, use of fork() may lead to deadlocks in the child.
[2025-10-29T18:11:39.495+0000] {standard_task_runner.py:64} INFO - Started process 3328 to run task
[2025-10-29T18:11:39.504+0000] {task_command.py:426} INFO - Running <TaskInstance: labels_union.build_union scheduled__2025-09-24T00:00:00+00:00 [running]> on host 9a4b1d75930e
[2025-10-29T18:11:39.523+0000] {taskinstance.py:2648} INFO - Exporting env vars: AIRFLOW_CTX_DAG_OWNER='you' AIRFLOW_CTX_DAG_ID='labels_union' AIRFLOW_CTX_TASK_ID='build_union' AIRFLOW_CTX_EXECUTION_DATE='2025-09-24T00:00:00+00:00' AIRFLOW_CTX_TRY_NUMBER='1' AIRFLOW_CTX_DAG_RUN_ID='scheduled__2025-09-24T00:00:00+00:00'
[2025-10-29T18:11:39.524+0000] {taskinstance.py:430} INFO - ::endgroup::
[2025-10-29T18:11:39.553+0000] {logging_mixin.py:188} INFO - [labels_union] 2025-09-24: wrote 3114 rows -> /opt/airflow/silver/labels_union/ingest_date=2025-09-24
[2025-10-29T18:11:39.553+0000] {python.py:237} INFO - Done. Returned value was: None
[2025-10-29T18:11:39.553+0000] {taskinstance.py:441} INFO - ::group::Post task execution logs
[2025-10-29T18:11:39.556+0000] {taskinstance.py:1206} INFO - Marking task as SUCCESS. dag_id=labels_union, task_id=build_union, run_id=scheduled__2025-09-24T00:00:00+00:00, execution_date=20250924T000000, start_date=20251029T181139, end_date=20251029T181139
[2025-10-29T18:11:39.596+0000] {local_task_job_runner.py:243} INFO - Task exited with return code 0
[2025-10-29T18:11:39.601+0000] {taskinstance.py:3503} INFO - 0 downstream tasks scheduled from follow-on schedule check
[2025-10-29T18:11:39.601+0000] {local_task_job_runner.py:222} INFO - ::endgroup::
