[2025-10-29T17:12:05.218+0000] {local_task_job_runner.py:120} INFO - ::group::Pre task execution logs
[2025-10-29T17:12:05.225+0000] {taskinstance.py:2076} INFO - Dependencies all met for dep_context=non-requeueable deps ti=<TaskInstance: urlhaus_ingest.urlhaus_fetch_normalize_bronze scheduled__2025-09-02T00:00:00+00:00 [queued]>
[2025-10-29T17:12:05.227+0000] {taskinstance.py:2076} INFO - Dependencies all met for dep_context=requeueable deps ti=<TaskInstance: urlhaus_ingest.urlhaus_fetch_normalize_bronze scheduled__2025-09-02T00:00:00+00:00 [queued]>
[2025-10-29T17:12:05.227+0000] {taskinstance.py:2306} INFO - Starting attempt 1 of 2
[2025-10-29T17:12:05.230+0000] {taskinstance.py:2330} INFO - Executing <Task(PythonOperator): urlhaus_fetch_normalize_bronze> on 2025-09-02 00:00:00+00:00
[2025-10-29T17:12:05.233+0000] {warnings.py:112} WARNING - /home/airflow/.local/lib/python3.12/site-packages/airflow/task/task_runner/standard_task_runner.py:62: DeprecationWarning: This process (pid=206) is multi-threaded, use of fork() may lead to deadlocks in the child.
  pid = os.fork()

[2025-10-29T17:12:05.233+0000] {standard_task_runner.py:64} INFO - Started process 227 to run task
[2025-10-29T17:12:05.234+0000] {standard_task_runner.py:90} INFO - Running: ['airflow', 'tasks', 'run', 'urlhaus_ingest', 'urlhaus_fetch_normalize_bronze', 'scheduled__2025-09-02T00:00:00+00:00', '--job-id', '5', '--raw', '--subdir', 'DAGS_FOLDER/urlhaus_ingest.py', '--cfg-path', '/tmp/tmp94vcpgik']
[2025-10-29T17:12:05.234+0000] {standard_task_runner.py:91} INFO - Job 5: Subtask urlhaus_fetch_normalize_bronze
[2025-10-29T17:12:05.245+0000] {task_command.py:426} INFO - Running <TaskInstance: urlhaus_ingest.urlhaus_fetch_normalize_bronze scheduled__2025-09-02T00:00:00+00:00 [running]> on host 109bbc934e0f
[2025-10-29T17:12:05.263+0000] {taskinstance.py:2648} INFO - Exporting env vars: AIRFLOW_CTX_DAG_OWNER='you' AIRFLOW_CTX_DAG_ID='urlhaus_ingest' AIRFLOW_CTX_TASK_ID='urlhaus_fetch_normalize_bronze' AIRFLOW_CTX_EXECUTION_DATE='2025-09-02T00:00:00+00:00' AIRFLOW_CTX_TRY_NUMBER='1' AIRFLOW_CTX_DAG_RUN_ID='scheduled__2025-09-02T00:00:00+00:00'
[2025-10-29T17:12:05.263+0000] {taskinstance.py:430} INFO - ::endgroup::
[2025-10-29T17:12:05.422+0000] {logging_mixin.py:188} INFO - [urlhaus_ingest] rows after normalize: 21315
[2025-10-29T17:12:05.432+0000] {logging_mixin.py:188} INFO - [urlhaus] rows after normalize: 21315
[2025-10-29T17:12:05.454+0000] {python.py:237} INFO - Done. Returned value was: None
[2025-10-29T17:12:05.454+0000] {taskinstance.py:441} INFO - ::group::Post task execution logs
[2025-10-29T17:12:05.456+0000] {taskinstance.py:1206} INFO - Marking task as SUCCESS. dag_id=urlhaus_ingest, task_id=urlhaus_fetch_normalize_bronze, run_id=scheduled__2025-09-02T00:00:00+00:00, execution_date=20250902T000000, start_date=20251029T171205, end_date=20251029T171205
[2025-10-29T17:12:05.462+0000] {local_task_job_runner.py:243} INFO - Task exited with return code 0
[2025-10-29T17:12:05.466+0000] {taskinstance.py:3503} INFO - 0 downstream tasks scheduled from follow-on schedule check
[2025-10-29T17:12:05.466+0000] {local_task_job_runner.py:222} INFO - ::endgroup::
[2025-10-29T18:06:56.763+0000] {local_task_job_runner.py:120} INFO - ::group::Pre task execution logs
[2025-10-29T18:06:56.770+0000] {taskinstance.py:2076} INFO - Dependencies all met for dep_context=non-requeueable deps ti=<TaskInstance: urlhaus_ingest.urlhaus_fetch_normalize_bronze scheduled__2025-09-02T00:00:00+00:00 [queued]>
[2025-10-29T18:06:56.772+0000] {taskinstance.py:2076} INFO - Dependencies all met for dep_context=requeueable deps ti=<TaskInstance: urlhaus_ingest.urlhaus_fetch_normalize_bronze scheduled__2025-09-02T00:00:00+00:00 [queued]>
[2025-10-29T18:06:56.772+0000] {taskinstance.py:2306} INFO - Starting attempt 1 of 2
[2025-10-29T18:06:56.775+0000] {taskinstance.py:2330} INFO - Executing <Task(PythonOperator): urlhaus_fetch_normalize_bronze> on 2025-09-02 00:00:00+00:00
[2025-10-29T18:06:56.777+0000] {warnings.py:112} WARNING - /home/airflow/.local/lib/python3.12/site-packages/airflow/task/task_runner/standard_task_runner.py:62: DeprecationWarning: This process (pid=342) is multi-threaded, use of fork() may lead to deadlocks in the child.
  pid = os.fork()

[2025-10-29T18:06:56.778+0000] {standard_task_runner.py:64} INFO - Started process 363 to run task
[2025-10-29T18:06:56.778+0000] {standard_task_runner.py:90} INFO - Running: ['airflow', 'tasks', 'run', 'urlhaus_ingest', 'urlhaus_fetch_normalize_bronze', 'scheduled__2025-09-02T00:00:00+00:00', '--job-id', '7', '--raw', '--subdir', 'DAGS_FOLDER/urlhaus_ingest.py', '--cfg-path', '/tmp/tmpnlun_hb6']
[2025-10-29T18:06:56.779+0000] {standard_task_runner.py:91} INFO - Job 7: Subtask urlhaus_fetch_normalize_bronze
[2025-10-29T18:06:56.789+0000] {task_command.py:426} INFO - Running <TaskInstance: urlhaus_ingest.urlhaus_fetch_normalize_bronze scheduled__2025-09-02T00:00:00+00:00 [running]> on host 9a4b1d75930e
[2025-10-29T18:06:56.808+0000] {taskinstance.py:2648} INFO - Exporting env vars: AIRFLOW_CTX_DAG_OWNER='you' AIRFLOW_CTX_DAG_ID='urlhaus_ingest' AIRFLOW_CTX_TASK_ID='urlhaus_fetch_normalize_bronze' AIRFLOW_CTX_EXECUTION_DATE='2025-09-02T00:00:00+00:00' AIRFLOW_CTX_TRY_NUMBER='1' AIRFLOW_CTX_DAG_RUN_ID='scheduled__2025-09-02T00:00:00+00:00'
[2025-10-29T18:06:56.808+0000] {taskinstance.py:430} INFO - ::endgroup::
[2025-10-29T18:06:56.961+0000] {logging_mixin.py:188} INFO - [urlhaus_ingest] rows after normalize: 21302
[2025-10-29T18:06:56.971+0000] {logging_mixin.py:188} INFO - [urlhaus] rows after normalize: 21302
[2025-10-29T18:06:56.993+0000] {python.py:237} INFO - Done. Returned value was: None
[2025-10-29T18:06:56.993+0000] {taskinstance.py:441} INFO - ::group::Post task execution logs
[2025-10-29T18:06:56.995+0000] {taskinstance.py:1206} INFO - Marking task as SUCCESS. dag_id=urlhaus_ingest, task_id=urlhaus_fetch_normalize_bronze, run_id=scheduled__2025-09-02T00:00:00+00:00, execution_date=20250902T000000, start_date=20251029T180656, end_date=20251029T180656
[2025-10-29T18:06:57.004+0000] {local_task_job_runner.py:243} INFO - Task exited with return code 0
[2025-10-29T18:06:57.008+0000] {taskinstance.py:3503} INFO - 0 downstream tasks scheduled from follow-on schedule check
[2025-10-29T18:06:57.008+0000] {local_task_job_runner.py:222} INFO - ::endgroup::
