[2025-09-22T18:11:54.601+0000] {local_task_job_runner.py:120} INFO - ::group::Pre task execution logs
[2025-09-22T18:11:54.610+0000] {taskinstance.py:2076} INFO - Dependencies all met for dep_context=non-requeueable deps ti=<TaskInstance: openphish_ingest.openphish_fetch_normalize_bronze manual__2025-09-22T18:11:49.081055+00:00 [queued]>
[2025-09-22T18:11:54.611+0000] {taskinstance.py:2076} INFO - Dependencies all met for dep_context=requeueable deps ti=<TaskInstance: openphish_ingest.openphish_fetch_normalize_bronze manual__2025-09-22T18:11:49.081055+00:00 [queued]>
[2025-09-22T18:11:54.611+0000] {taskinstance.py:2306} INFO - Starting attempt 1 of 2
[2025-09-22T18:11:54.616+0000] {taskinstance.py:2330} INFO - Executing <Task(PythonOperator): openphish_fetch_normalize_bronze> on 2025-09-22 18:11:49.081055+00:00
[2025-09-22T18:11:54.620+0000] {warnings.py:112} WARNING - /home/airflow/.local/lib/python3.12/site-packages/airflow/task/task_runner/standard_task_runner.py:62: DeprecationWarning: This process (pid=331) is multi-threaded, use of fork() may lead to deadlocks in the child.
  pid = os.fork()

[2025-09-22T18:11:54.622+0000] {standard_task_runner.py:64} INFO - Started process 352 to run task
[2025-09-22T18:11:54.623+0000] {standard_task_runner.py:90} INFO - Running: ['airflow', 'tasks', 'run', 'openphish_ingest', 'openphish_fetch_normalize_bronze', 'manual__2025-09-22T18:11:49.081055+00:00', '--job-id', '8', '--raw', '--subdir', 'DAGS_FOLDER/openphish_ingest.py', '--cfg-path', '/tmp/tmpza7810s3']
[2025-09-22T18:11:54.623+0000] {standard_task_runner.py:91} INFO - Job 8: Subtask openphish_fetch_normalize_bronze
[2025-09-22T18:11:54.648+0000] {task_command.py:426} INFO - Running <TaskInstance: openphish_ingest.openphish_fetch_normalize_bronze manual__2025-09-22T18:11:49.081055+00:00 [running]> on host 2f88845a25ff
[2025-09-22T18:11:54.709+0000] {taskinstance.py:2648} INFO - Exporting env vars: AIRFLOW_CTX_DAG_OWNER='you' AIRFLOW_CTX_DAG_ID='openphish_ingest' AIRFLOW_CTX_TASK_ID='openphish_fetch_normalize_bronze' AIRFLOW_CTX_EXECUTION_DATE='2025-09-22T18:11:49.081055+00:00' AIRFLOW_CTX_TRY_NUMBER='1' AIRFLOW_CTX_DAG_RUN_ID='manual__2025-09-22T18:11:49.081055+00:00'
[2025-09-22T18:11:54.710+0000] {taskinstance.py:430} INFO - ::endgroup::
[2025-09-22T18:11:55.349+0000] {logging_mixin.py:188} INFO - [openphish_ingest] rows after normalize: 300
[2025-09-22T18:11:55.352+0000] {logging_mixin.py:188} INFO - [openphish] rows after normalize: 300
[2025-09-22T18:11:55.367+0000] {python.py:237} INFO - Done. Returned value was: None
[2025-09-22T18:11:55.367+0000] {taskinstance.py:441} INFO - ::group::Post task execution logs
[2025-09-22T18:11:55.372+0000] {taskinstance.py:1206} INFO - Marking task as SUCCESS. dag_id=openphish_ingest, task_id=openphish_fetch_normalize_bronze, run_id=manual__2025-09-22T18:11:49.081055+00:00, execution_date=20250922T181149, start_date=20250922T181154, end_date=20250922T181155
[2025-09-22T18:11:55.421+0000] {local_task_job_runner.py:243} INFO - Task exited with return code 0
[2025-09-22T18:11:55.427+0000] {taskinstance.py:3503} INFO - 0 downstream tasks scheduled from follow-on schedule check
[2025-09-22T18:11:55.427+0000] {local_task_job_runner.py:222} INFO - ::endgroup::
