[2025-11-04T18:41:59.385+0000] {local_task_job_runner.py:120} INFO - ::group::Pre task execution logs
[2025-11-04T18:41:59.393+0000] {taskinstance.py:2076} INFO - Dependencies all met for dep_context=non-requeueable deps ti=<TaskInstance: misp_osint_ingest.misp_osint_to_silver scheduled__2025-11-03T00:00:00+00:00 [queued]>
[2025-11-04T18:41:59.395+0000] {taskinstance.py:2076} INFO - Dependencies all met for dep_context=requeueable deps ti=<TaskInstance: misp_osint_ingest.misp_osint_to_silver scheduled__2025-11-03T00:00:00+00:00 [queued]>
[2025-11-04T18:41:59.395+0000] {taskinstance.py:2306} INFO - Starting attempt 1 of 2
[2025-11-04T18:41:59.398+0000] {taskinstance.py:2330} INFO - Executing <Task(PythonOperator): misp_osint_to_silver> on 2025-11-03 00:00:00+00:00
[2025-11-04T18:41:59.402+0000] {warnings.py:112} WARNING - /home/airflow/.local/lib/python3.12/site-packages/airflow/task/task_runner/standard_task_runner.py:62: DeprecationWarning: This process (pid=2429) is multi-threaded, use of fork() may lead to deadlocks in the child.
  pid = os.fork()

[2025-11-04T18:41:59.402+0000] {standard_task_runner.py:64} INFO - Started process 2450 to run task
[2025-11-04T18:41:59.403+0000] {standard_task_runner.py:90} INFO - Running: ['airflow', 'tasks', 'run', 'misp_osint_ingest', 'misp_osint_to_silver', 'scheduled__2025-11-03T00:00:00+00:00', '--job-id', '11', '--raw', '--subdir', 'DAGS_FOLDER/misp_osint_ingest.py', '--cfg-path', '/tmp/tmpu4uljtxk']
[2025-11-04T18:41:59.404+0000] {standard_task_runner.py:91} INFO - Job 11: Subtask misp_osint_to_silver
[2025-11-04T18:41:59.427+0000] {task_command.py:426} INFO - Running <TaskInstance: misp_osint_ingest.misp_osint_to_silver scheduled__2025-11-03T00:00:00+00:00 [running]> on host 7e98baed574a
[2025-11-04T18:41:59.448+0000] {taskinstance.py:2648} INFO - Exporting env vars: AIRFLOW_CTX_DAG_OWNER='you' AIRFLOW_CTX_DAG_ID='misp_osint_ingest' AIRFLOW_CTX_TASK_ID='misp_osint_to_silver' AIRFLOW_CTX_EXECUTION_DATE='2025-11-03T00:00:00+00:00' AIRFLOW_CTX_TRY_NUMBER='1' AIRFLOW_CTX_DAG_RUN_ID='scheduled__2025-11-03T00:00:00+00:00'
[2025-11-04T18:41:59.448+0000] {taskinstance.py:430} INFO - ::endgroup::
[2025-11-04T18:42:01.052+0000] {taskinstance.py:441} INFO - ::group::Post task execution logs
[2025-11-04T18:42:01.053+0000] {taskinstance.py:2905} ERROR - Task failed with exception
Traceback (most recent call last):
  File "/home/airflow/.local/lib/python3.12/site-packages/airflow/models/taskinstance.py", line 465, in _execute_task
    result = _execute_callable(context=context, **execute_callable_kwargs)
             ^^^^^^^^^^^^^^^^^^^^^^^^^^^^^^^^^^^^^^^^^^^^^^^^^^^^^^^^^^^^^
  File "/home/airflow/.local/lib/python3.12/site-packages/airflow/models/taskinstance.py", line 432, in _execute_callable
    return execute_callable(context=context, **execute_callable_kwargs)
           ^^^^^^^^^^^^^^^^^^^^^^^^^^^^^^^^^^^^^^^^^^^^^^^^^^^^^^^^^^^^
  File "/home/airflow/.local/lib/python3.12/site-packages/airflow/models/baseoperator.py", line 401, in wrapper
    return func(self, *args, **kwargs)
           ^^^^^^^^^^^^^^^^^^^^^^^^^^^
  File "/home/airflow/.local/lib/python3.12/site-packages/airflow/operators/python.py", line 235, in execute
    return_value = self.execute_callable()
                   ^^^^^^^^^^^^^^^^^^^^^^^
  File "/home/airflow/.local/lib/python3.12/site-packages/airflow/operators/python.py", line 252, in execute_callable
    return self.python_callable(*self.op_args, **self.op_kwargs)
           ^^^^^^^^^^^^^^^^^^^^^^^^^^^^^^^^^^^^^^^^^^^^^^^^^^^^^
  File "/opt/airflow/dags/misp_osint_ingest.py", line 108, in misp_osint_to_silver
    raise ValueError("MISP OSINT feed yielded 0 rows — failing for visibility.")
ValueError: MISP OSINT feed yielded 0 rows — failing for visibility.
[2025-11-04T18:42:01.058+0000] {taskinstance.py:1206} INFO - Marking task as UP_FOR_RETRY. dag_id=misp_osint_ingest, task_id=misp_osint_to_silver, run_id=scheduled__2025-11-03T00:00:00+00:00, execution_date=20251103T000000, start_date=20251104T184159, end_date=20251104T184201
[2025-11-04T18:42:01.065+0000] {standard_task_runner.py:110} ERROR - Failed to execute job 11 for task misp_osint_to_silver (MISP OSINT feed yielded 0 rows — failing for visibility.; 2450)
[2025-11-04T18:42:01.097+0000] {local_task_job_runner.py:243} INFO - Task exited with return code 1
[2025-11-04T18:42:01.106+0000] {taskinstance.py:3503} INFO - 0 downstream tasks scheduled from follow-on schedule check
[2025-11-04T18:42:01.106+0000] {local_task_job_runner.py:222} INFO - ::endgroup::
