[2025-10-29T17:17:25.574+0000] {local_task_job_runner.py:120} INFO - ::group::Pre task execution logs
[2025-10-29T17:17:25.581+0000] {taskinstance.py:2076} INFO - Dependencies all met for dep_context=non-requeueable deps ti=<TaskInstance: openphish_ingest.openphish_fetch_normalize_bronze scheduled__2025-10-16T00:00:00+00:00 [queued]>
[2025-10-29T17:17:25.582+0000] {taskinstance.py:2076} INFO - Dependencies all met for dep_context=requeueable deps ti=<TaskInstance: openphish_ingest.openphish_fetch_normalize_bronze scheduled__2025-10-16T00:00:00+00:00 [queued]>
[2025-10-29T17:17:25.582+0000] {taskinstance.py:2306} INFO - Starting attempt 1 of 2
[2025-10-29T17:17:25.586+0000] {taskinstance.py:2330} INFO - Executing <Task(PythonOperator): openphish_fetch_normalize_bronze> on 2025-10-16 00:00:00+00:00
[2025-10-29T17:17:25.589+0000] {warnings.py:112} WARNING - /home/airflow/.local/lib/python3.12/site-packages/airflow/task/task_runner/standard_task_runner.py:62: DeprecationWarning: This process (pid=2539) is multi-threaded, use of fork() may lead to deadlocks in the child.
  pid = os.fork()

[2025-10-29T17:17:25.589+0000] {standard_task_runner.py:64} INFO - Started process 2560 to run task
[2025-10-29T17:17:25.590+0000] {standard_task_runner.py:90} INFO - Running: ['airflow', 'tasks', 'run', 'openphish_ingest', 'openphish_fetch_normalize_bronze', 'scheduled__2025-10-16T00:00:00+00:00', '--job-id', '90', '--raw', '--subdir', 'DAGS_FOLDER/openphish_ingest.py', '--cfg-path', '/tmp/tmp3olodyuv']
[2025-10-29T17:17:25.590+0000] {standard_task_runner.py:91} INFO - Job 90: Subtask openphish_fetch_normalize_bronze
[2025-10-29T17:17:25.601+0000] {task_command.py:426} INFO - Running <TaskInstance: openphish_ingest.openphish_fetch_normalize_bronze scheduled__2025-10-16T00:00:00+00:00 [running]> on host 109bbc934e0f
[2025-10-29T17:17:25.621+0000] {taskinstance.py:2648} INFO - Exporting env vars: AIRFLOW_CTX_DAG_OWNER='you' AIRFLOW_CTX_DAG_ID='openphish_ingest' AIRFLOW_CTX_TASK_ID='openphish_fetch_normalize_bronze' AIRFLOW_CTX_EXECUTION_DATE='2025-10-16T00:00:00+00:00' AIRFLOW_CTX_TRY_NUMBER='1' AIRFLOW_CTX_DAG_RUN_ID='scheduled__2025-10-16T00:00:00+00:00'
[2025-10-29T17:17:25.621+0000] {taskinstance.py:430} INFO - ::endgroup::
[2025-10-29T17:17:26.352+0000] {logging_mixin.py:188} INFO - [openphish_ingest] rows after normalize: 300
[2025-10-29T17:17:26.357+0000] {logging_mixin.py:188} INFO - [openphish] rows after normalize: 300
[2025-10-29T17:17:26.375+0000] {python.py:237} INFO - Done. Returned value was: None
[2025-10-29T17:17:26.375+0000] {taskinstance.py:441} INFO - ::group::Post task execution logs
[2025-10-29T17:17:26.378+0000] {taskinstance.py:1206} INFO - Marking task as SUCCESS. dag_id=openphish_ingest, task_id=openphish_fetch_normalize_bronze, run_id=scheduled__2025-10-16T00:00:00+00:00, execution_date=20251016T000000, start_date=20251029T171725, end_date=20251029T171726
[2025-10-29T17:17:26.408+0000] {local_task_job_runner.py:243} INFO - Task exited with return code 0
[2025-10-29T17:17:26.414+0000] {taskinstance.py:3503} INFO - 0 downstream tasks scheduled from follow-on schedule check
[2025-10-29T17:17:26.414+0000] {local_task_job_runner.py:222} INFO - ::endgroup::
[2025-10-29T18:15:28.395+0000] {local_task_job_runner.py:120} INFO - ::group::Pre task execution logs
[2025-10-29T18:15:28.402+0000] {taskinstance.py:2076} INFO - Dependencies all met for dep_context=non-requeueable deps ti=<TaskInstance: openphish_ingest.openphish_fetch_normalize_bronze scheduled__2025-10-16T00:00:00+00:00 [queued]>
[2025-10-29T18:15:28.404+0000] {taskinstance.py:2076} INFO - Dependencies all met for dep_context=requeueable deps ti=<TaskInstance: openphish_ingest.openphish_fetch_normalize_bronze scheduled__2025-10-16T00:00:00+00:00 [queued]>
[2025-10-29T18:15:28.404+0000] {taskinstance.py:2306} INFO - Starting attempt 1 of 2
[2025-10-29T18:15:28.408+0000] {taskinstance.py:2330} INFO - Executing <Task(PythonOperator): openphish_fetch_normalize_bronze> on 2025-10-16 00:00:00+00:00
[2025-10-29T18:15:28.411+0000] {warnings.py:112} WARNING - /home/airflow/.local/lib/python3.12/site-packages/airflow/task/task_runner/standard_task_runner.py:62: DeprecationWarning: This process (pid=5698) is multi-threaded, use of fork() may lead to deadlocks in the child.
  pid = os.fork()

[2025-10-29T18:15:28.412+0000] {standard_task_runner.py:64} INFO - Started process 5719 to run task
[2025-10-29T18:15:28.412+0000] {standard_task_runner.py:90} INFO - Running: ['airflow', 'tasks', 'run', 'openphish_ingest', 'openphish_fetch_normalize_bronze', 'scheduled__2025-10-16T00:00:00+00:00', '--job-id', '224', '--raw', '--subdir', 'DAGS_FOLDER/openphish_ingest.py', '--cfg-path', '/tmp/tmp8010kbqz']
[2025-10-29T18:15:28.413+0000] {standard_task_runner.py:91} INFO - Job 224: Subtask openphish_fetch_normalize_bronze
[2025-10-29T18:15:28.425+0000] {task_command.py:426} INFO - Running <TaskInstance: openphish_ingest.openphish_fetch_normalize_bronze scheduled__2025-10-16T00:00:00+00:00 [running]> on host 9a4b1d75930e
[2025-10-29T18:15:28.446+0000] {taskinstance.py:2648} INFO - Exporting env vars: AIRFLOW_CTX_DAG_OWNER='you' AIRFLOW_CTX_DAG_ID='openphish_ingest' AIRFLOW_CTX_TASK_ID='openphish_fetch_normalize_bronze' AIRFLOW_CTX_EXECUTION_DATE='2025-10-16T00:00:00+00:00' AIRFLOW_CTX_TRY_NUMBER='1' AIRFLOW_CTX_DAG_RUN_ID='scheduled__2025-10-16T00:00:00+00:00'
[2025-10-29T18:15:28.447+0000] {taskinstance.py:430} INFO - ::endgroup::
[2025-10-29T18:15:29.109+0000] {logging_mixin.py:188} INFO - [openphish_ingest] rows after normalize: 300
[2025-10-29T18:15:29.115+0000] {logging_mixin.py:188} INFO - [openphish] rows after normalize: 300
[2025-10-29T18:15:29.132+0000] {python.py:237} INFO - Done. Returned value was: None
[2025-10-29T18:15:29.132+0000] {taskinstance.py:441} INFO - ::group::Post task execution logs
[2025-10-29T18:15:29.135+0000] {taskinstance.py:1206} INFO - Marking task as SUCCESS. dag_id=openphish_ingest, task_id=openphish_fetch_normalize_bronze, run_id=scheduled__2025-10-16T00:00:00+00:00, execution_date=20251016T000000, start_date=20251029T181528, end_date=20251029T181529
[2025-10-29T18:15:29.165+0000] {local_task_job_runner.py:243} INFO - Task exited with return code 0
[2025-10-29T18:15:29.170+0000] {taskinstance.py:3503} INFO - 0 downstream tasks scheduled from follow-on schedule check
[2025-10-29T18:15:29.171+0000] {local_task_job_runner.py:222} INFO - ::endgroup::
