[2025-10-29T17:13:56.134+0000] {local_task_job_runner.py:120} INFO - ::group::Pre task execution logs
[2025-10-29T17:13:56.143+0000] {taskinstance.py:2076} INFO - Dependencies all met for dep_context=non-requeueable deps ti=<TaskInstance: urlhaus_ingest.urlhaus_fetch_normalize_bronze scheduled__2025-09-13T00:00:00+00:00 [queued]>
[2025-10-29T17:13:56.144+0000] {taskinstance.py:2076} INFO - Dependencies all met for dep_context=requeueable deps ti=<TaskInstance: urlhaus_ingest.urlhaus_fetch_normalize_bronze scheduled__2025-09-13T00:00:00+00:00 [queued]>
[2025-10-29T17:13:56.145+0000] {taskinstance.py:2306} INFO - Starting attempt 1 of 2
[2025-10-29T17:13:56.149+0000] {taskinstance.py:2330} INFO - Executing <Task(PythonOperator): urlhaus_fetch_normalize_bronze> on 2025-09-13 00:00:00+00:00
[2025-10-29T17:13:56.152+0000] {warnings.py:112} WARNING - /home/airflow/.local/lib/python3.12/site-packages/airflow/task/task_runner/standard_task_runner.py:62: DeprecationWarning: This process (pid=1014) is multi-threaded, use of fork() may lead to deadlocks in the child.
  pid = os.fork()

[2025-10-29T17:13:56.152+0000] {standard_task_runner.py:64} INFO - Started process 1035 to run task
[2025-10-29T17:13:56.153+0000] {standard_task_runner.py:90} INFO - Running: ['airflow', 'tasks', 'run', 'urlhaus_ingest', 'urlhaus_fetch_normalize_bronze', 'scheduled__2025-09-13T00:00:00+00:00', '--job-id', '35', '--raw', '--subdir', 'DAGS_FOLDER/urlhaus_ingest.py', '--cfg-path', '/tmp/tmpii6pg8ee']
[2025-10-29T17:13:56.153+0000] {standard_task_runner.py:91} INFO - Job 35: Subtask urlhaus_fetch_normalize_bronze
[2025-10-29T17:13:56.166+0000] {task_command.py:426} INFO - Running <TaskInstance: urlhaus_ingest.urlhaus_fetch_normalize_bronze scheduled__2025-09-13T00:00:00+00:00 [running]> on host 109bbc934e0f
[2025-10-29T17:13:56.190+0000] {taskinstance.py:2648} INFO - Exporting env vars: AIRFLOW_CTX_DAG_OWNER='you' AIRFLOW_CTX_DAG_ID='urlhaus_ingest' AIRFLOW_CTX_TASK_ID='urlhaus_fetch_normalize_bronze' AIRFLOW_CTX_EXECUTION_DATE='2025-09-13T00:00:00+00:00' AIRFLOW_CTX_TRY_NUMBER='1' AIRFLOW_CTX_DAG_RUN_ID='scheduled__2025-09-13T00:00:00+00:00'
[2025-10-29T17:13:56.190+0000] {taskinstance.py:430} INFO - ::endgroup::
[2025-10-29T17:13:56.361+0000] {logging_mixin.py:188} INFO - [urlhaus_ingest] rows after normalize: 21315
[2025-10-29T17:13:56.373+0000] {logging_mixin.py:188} INFO - [urlhaus] rows after normalize: 21315
[2025-10-29T17:13:56.402+0000] {python.py:237} INFO - Done. Returned value was: None
[2025-10-29T17:13:56.402+0000] {taskinstance.py:441} INFO - ::group::Post task execution logs
[2025-10-29T17:13:56.404+0000] {taskinstance.py:1206} INFO - Marking task as SUCCESS. dag_id=urlhaus_ingest, task_id=urlhaus_fetch_normalize_bronze, run_id=scheduled__2025-09-13T00:00:00+00:00, execution_date=20250913T000000, start_date=20251029T171356, end_date=20251029T171356
[2025-10-29T17:13:56.424+0000] {local_task_job_runner.py:243} INFO - Task exited with return code 0
[2025-10-29T17:13:56.428+0000] {taskinstance.py:3503} INFO - 0 downstream tasks scheduled from follow-on schedule check
[2025-10-29T17:13:56.429+0000] {local_task_job_runner.py:222} INFO - ::endgroup::
[2025-10-29T18:09:03.189+0000] {local_task_job_runner.py:120} INFO - ::group::Pre task execution logs
[2025-10-29T18:09:03.197+0000] {taskinstance.py:2076} INFO - Dependencies all met for dep_context=non-requeueable deps ti=<TaskInstance: urlhaus_ingest.urlhaus_fetch_normalize_bronze scheduled__2025-09-13T00:00:00+00:00 [queued]>
[2025-10-29T18:09:03.199+0000] {taskinstance.py:2076} INFO - Dependencies all met for dep_context=requeueable deps ti=<TaskInstance: urlhaus_ingest.urlhaus_fetch_normalize_bronze scheduled__2025-09-13T00:00:00+00:00 [queued]>
[2025-10-29T18:09:03.199+0000] {taskinstance.py:2306} INFO - Starting attempt 1 of 2
[2025-10-29T18:09:03.203+0000] {taskinstance.py:2330} INFO - Executing <Task(PythonOperator): urlhaus_fetch_normalize_bronze> on 2025-09-13 00:00:00+00:00
[2025-10-29T18:09:03.205+0000] {warnings.py:112} WARNING - /home/airflow/.local/lib/python3.12/site-packages/airflow/task/task_runner/standard_task_runner.py:62: DeprecationWarning: This process (pid=1678) is multi-threaded, use of fork() may lead to deadlocks in the child.
  pid = os.fork()

[2025-10-29T18:09:03.206+0000] {standard_task_runner.py:64} INFO - Started process 1699 to run task
[2025-10-29T18:09:03.206+0000] {standard_task_runner.py:90} INFO - Running: ['airflow', 'tasks', 'run', 'urlhaus_ingest', 'urlhaus_fetch_normalize_bronze', 'scheduled__2025-09-13T00:00:00+00:00', '--job-id', '61', '--raw', '--subdir', 'DAGS_FOLDER/urlhaus_ingest.py', '--cfg-path', '/tmp/tmppo3tbi8s']
[2025-10-29T18:09:03.207+0000] {standard_task_runner.py:91} INFO - Job 61: Subtask urlhaus_fetch_normalize_bronze
[2025-10-29T18:09:03.218+0000] {task_command.py:426} INFO - Running <TaskInstance: urlhaus_ingest.urlhaus_fetch_normalize_bronze scheduled__2025-09-13T00:00:00+00:00 [running]> on host 9a4b1d75930e
[2025-10-29T18:09:03.239+0000] {taskinstance.py:2648} INFO - Exporting env vars: AIRFLOW_CTX_DAG_OWNER='you' AIRFLOW_CTX_DAG_ID='urlhaus_ingest' AIRFLOW_CTX_TASK_ID='urlhaus_fetch_normalize_bronze' AIRFLOW_CTX_EXECUTION_DATE='2025-09-13T00:00:00+00:00' AIRFLOW_CTX_TRY_NUMBER='1' AIRFLOW_CTX_DAG_RUN_ID='scheduled__2025-09-13T00:00:00+00:00'
[2025-10-29T18:09:03.239+0000] {taskinstance.py:430} INFO - ::endgroup::
[2025-10-29T18:09:03.391+0000] {logging_mixin.py:188} INFO - [urlhaus_ingest] rows after normalize: 21302
[2025-10-29T18:09:03.401+0000] {logging_mixin.py:188} INFO - [urlhaus] rows after normalize: 21302
[2025-10-29T18:09:03.423+0000] {python.py:237} INFO - Done. Returned value was: None
[2025-10-29T18:09:03.423+0000] {taskinstance.py:441} INFO - ::group::Post task execution logs
[2025-10-29T18:09:03.425+0000] {taskinstance.py:1206} INFO - Marking task as SUCCESS. dag_id=urlhaus_ingest, task_id=urlhaus_fetch_normalize_bronze, run_id=scheduled__2025-09-13T00:00:00+00:00, execution_date=20250913T000000, start_date=20251029T180903, end_date=20251029T180903
[2025-10-29T18:09:03.432+0000] {local_task_job_runner.py:243} INFO - Task exited with return code 0
[2025-10-29T18:09:03.437+0000] {taskinstance.py:3503} INFO - 0 downstream tasks scheduled from follow-on schedule check
[2025-10-29T18:09:03.437+0000] {local_task_job_runner.py:222} INFO - ::endgroup::
