[2025-10-29T17:13:11.023+0000] {local_task_job_runner.py:120} INFO - ::group::Pre task execution logs
[2025-10-29T17:13:11.030+0000] {taskinstance.py:2076} INFO - Dependencies all met for dep_context=non-requeueable deps ti=<TaskInstance: urlhaus_ingest.urlhaus_fetch_normalize_bronze scheduled__2025-09-07T00:00:00+00:00 [queued]>
[2025-10-29T17:13:11.032+0000] {taskinstance.py:2076} INFO - Dependencies all met for dep_context=requeueable deps ti=<TaskInstance: urlhaus_ingest.urlhaus_fetch_normalize_bronze scheduled__2025-09-07T00:00:00+00:00 [queued]>
[2025-10-29T17:13:11.032+0000] {taskinstance.py:2306} INFO - Starting attempt 1 of 2
[2025-10-29T17:13:11.036+0000] {taskinstance.py:2330} INFO - Executing <Task(PythonOperator): urlhaus_fetch_normalize_bronze> on 2025-09-07 00:00:00+00:00
[2025-10-29T17:13:11.038+0000] {warnings.py:112} WARNING - /home/airflow/.local/lib/python3.12/site-packages/airflow/task/task_runner/standard_task_runner.py:62: DeprecationWarning: This process (pid=683) is multi-threaded, use of fork() may lead to deadlocks in the child.
  pid = os.fork()

[2025-10-29T17:13:11.039+0000] {standard_task_runner.py:64} INFO - Started process 704 to run task
[2025-10-29T17:13:11.039+0000] {standard_task_runner.py:90} INFO - Running: ['airflow', 'tasks', 'run', 'urlhaus_ingest', 'urlhaus_fetch_normalize_bronze', 'scheduled__2025-09-07T00:00:00+00:00', '--job-id', '23', '--raw', '--subdir', 'DAGS_FOLDER/urlhaus_ingest.py', '--cfg-path', '/tmp/tmp9jxq3xqq']
[2025-10-29T17:13:11.040+0000] {standard_task_runner.py:91} INFO - Job 23: Subtask urlhaus_fetch_normalize_bronze
[2025-10-29T17:13:11.051+0000] {task_command.py:426} INFO - Running <TaskInstance: urlhaus_ingest.urlhaus_fetch_normalize_bronze scheduled__2025-09-07T00:00:00+00:00 [running]> on host 109bbc934e0f
[2025-10-29T17:13:11.071+0000] {taskinstance.py:2648} INFO - Exporting env vars: AIRFLOW_CTX_DAG_OWNER='you' AIRFLOW_CTX_DAG_ID='urlhaus_ingest' AIRFLOW_CTX_TASK_ID='urlhaus_fetch_normalize_bronze' AIRFLOW_CTX_EXECUTION_DATE='2025-09-07T00:00:00+00:00' AIRFLOW_CTX_TRY_NUMBER='1' AIRFLOW_CTX_DAG_RUN_ID='scheduled__2025-09-07T00:00:00+00:00'
[2025-10-29T17:13:11.071+0000] {taskinstance.py:430} INFO - ::endgroup::
[2025-10-29T17:13:11.220+0000] {logging_mixin.py:188} INFO - [urlhaus_ingest] rows after normalize: 21315
[2025-10-29T17:13:11.231+0000] {logging_mixin.py:188} INFO - [urlhaus] rows after normalize: 21315
[2025-10-29T17:13:11.252+0000] {python.py:237} INFO - Done. Returned value was: None
[2025-10-29T17:13:11.252+0000] {taskinstance.py:441} INFO - ::group::Post task execution logs
[2025-10-29T17:13:11.253+0000] {taskinstance.py:1206} INFO - Marking task as SUCCESS. dag_id=urlhaus_ingest, task_id=urlhaus_fetch_normalize_bronze, run_id=scheduled__2025-09-07T00:00:00+00:00, execution_date=20250907T000000, start_date=20251029T171311, end_date=20251029T171311
[2025-10-29T17:13:11.262+0000] {local_task_job_runner.py:243} INFO - Task exited with return code 0
[2025-10-29T17:13:11.266+0000] {taskinstance.py:3503} INFO - 0 downstream tasks scheduled from follow-on schedule check
[2025-10-29T17:13:11.266+0000] {local_task_job_runner.py:222} INFO - ::endgroup::
[2025-10-29T18:07:51.022+0000] {local_task_job_runner.py:120} INFO - ::group::Pre task execution logs
[2025-10-29T18:07:51.029+0000] {taskinstance.py:2076} INFO - Dependencies all met for dep_context=non-requeueable deps ti=<TaskInstance: urlhaus_ingest.urlhaus_fetch_normalize_bronze scheduled__2025-09-07T00:00:00+00:00 [queued]>
[2025-10-29T18:07:51.031+0000] {taskinstance.py:2076} INFO - Dependencies all met for dep_context=requeueable deps ti=<TaskInstance: urlhaus_ingest.urlhaus_fetch_normalize_bronze scheduled__2025-09-07T00:00:00+00:00 [queued]>
[2025-10-29T18:07:51.031+0000] {taskinstance.py:2306} INFO - Starting attempt 1 of 2
[2025-10-29T18:07:51.035+0000] {taskinstance.py:2330} INFO - Executing <Task(PythonOperator): urlhaus_fetch_normalize_bronze> on 2025-09-07 00:00:00+00:00
[2025-10-29T18:07:51.037+0000] {warnings.py:112} WARNING - /home/airflow/.local/lib/python3.12/site-packages/airflow/task/task_runner/standard_task_runner.py:62: DeprecationWarning: This process (pid=936) is multi-threaded, use of fork() may lead to deadlocks in the child.
  pid = os.fork()

[2025-10-29T18:07:51.037+0000] {standard_task_runner.py:64} INFO - Started process 957 to run task
[2025-10-29T18:07:51.038+0000] {standard_task_runner.py:90} INFO - Running: ['airflow', 'tasks', 'run', 'urlhaus_ingest', 'urlhaus_fetch_normalize_bronze', 'scheduled__2025-09-07T00:00:00+00:00', '--job-id', '31', '--raw', '--subdir', 'DAGS_FOLDER/urlhaus_ingest.py', '--cfg-path', '/tmp/tmpanlk94fm']
[2025-10-29T18:07:51.038+0000] {standard_task_runner.py:91} INFO - Job 31: Subtask urlhaus_fetch_normalize_bronze
[2025-10-29T18:07:51.050+0000] {task_command.py:426} INFO - Running <TaskInstance: urlhaus_ingest.urlhaus_fetch_normalize_bronze scheduled__2025-09-07T00:00:00+00:00 [running]> on host 9a4b1d75930e
[2025-10-29T18:07:51.068+0000] {taskinstance.py:2648} INFO - Exporting env vars: AIRFLOW_CTX_DAG_OWNER='you' AIRFLOW_CTX_DAG_ID='urlhaus_ingest' AIRFLOW_CTX_TASK_ID='urlhaus_fetch_normalize_bronze' AIRFLOW_CTX_EXECUTION_DATE='2025-09-07T00:00:00+00:00' AIRFLOW_CTX_TRY_NUMBER='1' AIRFLOW_CTX_DAG_RUN_ID='scheduled__2025-09-07T00:00:00+00:00'
[2025-10-29T18:07:51.069+0000] {taskinstance.py:430} INFO - ::endgroup::
[2025-10-29T18:07:51.213+0000] {logging_mixin.py:188} INFO - [urlhaus_ingest] rows after normalize: 21302
[2025-10-29T18:07:51.224+0000] {logging_mixin.py:188} INFO - [urlhaus] rows after normalize: 21302
[2025-10-29T18:07:51.244+0000] {python.py:237} INFO - Done. Returned value was: None
[2025-10-29T18:07:51.244+0000] {taskinstance.py:441} INFO - ::group::Post task execution logs
[2025-10-29T18:07:51.246+0000] {taskinstance.py:1206} INFO - Marking task as SUCCESS. dag_id=urlhaus_ingest, task_id=urlhaus_fetch_normalize_bronze, run_id=scheduled__2025-09-07T00:00:00+00:00, execution_date=20250907T000000, start_date=20251029T180751, end_date=20251029T180751
[2025-10-29T18:07:51.263+0000] {local_task_job_runner.py:243} INFO - Task exited with return code 0
[2025-10-29T18:07:51.266+0000] {taskinstance.py:3503} INFO - 0 downstream tasks scheduled from follow-on schedule check
[2025-10-29T18:07:51.266+0000] {local_task_job_runner.py:222} INFO - ::endgroup::
