[2025-10-05T00:10:24.755+0000] {local_task_job_runner.py:120} INFO - ::group::Pre task execution logs
[2025-10-05T00:10:24.768+0000] {taskinstance.py:2076} INFO - Dependencies all met for dep_context=non-requeueable deps ti=<TaskInstance: openphish_ingest.openphish_fetch_normalize_bronze scheduled__2025-10-04T00:00:00+00:00 [queued]>
[2025-10-05T00:10:24.771+0000] {taskinstance.py:2076} INFO - Dependencies all met for dep_context=requeueable deps ti=<TaskInstance: openphish_ingest.openphish_fetch_normalize_bronze scheduled__2025-10-04T00:00:00+00:00 [queued]>
[2025-10-05T00:10:24.771+0000] {taskinstance.py:2306} INFO - Starting attempt 1 of 2
[2025-10-05T00:10:24.777+0000] {taskinstance.py:2330} INFO - Executing <Task(PythonOperator): openphish_fetch_normalize_bronze> on 2025-10-04 00:00:00+00:00
[2025-10-05T00:10:24.783+0000] {warnings.py:112} WARNING - /home/airflow/.local/lib/python3.12/site-packages/airflow/task/task_runner/standard_task_runner.py:62: DeprecationWarning: This process (pid=70109) is multi-threaded, use of fork() may lead to deadlocks in the child.
  pid = os.fork()

[2025-10-05T00:10:24.783+0000] {standard_task_runner.py:64} INFO - Started process 70130 to run task
[2025-10-05T00:10:24.784+0000] {standard_task_runner.py:90} INFO - Running: ['airflow', 'tasks', 'run', 'openphish_ingest', 'openphish_fetch_normalize_bronze', 'scheduled__2025-10-04T00:00:00+00:00', '--job-id', '96', '--raw', '--subdir', 'DAGS_FOLDER/openphish_ingest.py', '--cfg-path', '/tmp/tmp23_7vwd4']
[2025-10-05T00:10:24.784+0000] {standard_task_runner.py:91} INFO - Job 96: Subtask openphish_fetch_normalize_bronze
[2025-10-05T00:10:24.808+0000] {task_command.py:426} INFO - Running <TaskInstance: openphish_ingest.openphish_fetch_normalize_bronze scheduled__2025-10-04T00:00:00+00:00 [running]> on host 539ffd8f219e
[2025-10-05T00:10:24.830+0000] {taskinstance.py:2648} INFO - Exporting env vars: AIRFLOW_CTX_DAG_OWNER='you' AIRFLOW_CTX_DAG_ID='openphish_ingest' AIRFLOW_CTX_TASK_ID='openphish_fetch_normalize_bronze' AIRFLOW_CTX_EXECUTION_DATE='2025-10-04T00:00:00+00:00' AIRFLOW_CTX_TRY_NUMBER='1' AIRFLOW_CTX_DAG_RUN_ID='scheduled__2025-10-04T00:00:00+00:00'
[2025-10-05T00:10:24.831+0000] {taskinstance.py:430} INFO - ::endgroup::
[2025-10-05T00:10:25.649+0000] {logging_mixin.py:188} INFO - [openphish_ingest] rows after normalize: 300
[2025-10-05T00:10:25.654+0000] {logging_mixin.py:188} INFO - [openphish] rows after normalize: 300
[2025-10-05T00:10:25.667+0000] {python.py:237} INFO - Done. Returned value was: None
[2025-10-05T00:10:25.668+0000] {taskinstance.py:441} INFO - ::group::Post task execution logs
[2025-10-05T00:10:25.672+0000] {taskinstance.py:1206} INFO - Marking task as SUCCESS. dag_id=openphish_ingest, task_id=openphish_fetch_normalize_bronze, run_id=scheduled__2025-10-04T00:00:00+00:00, execution_date=20251004T000000, start_date=20251005T001024, end_date=20251005T001025
[2025-10-05T00:10:25.708+0000] {local_task_job_runner.py:243} INFO - Task exited with return code 0
[2025-10-05T00:10:25.713+0000] {taskinstance.py:3503} INFO - 0 downstream tasks scheduled from follow-on schedule check
[2025-10-05T00:10:25.713+0000] {local_task_job_runner.py:222} INFO - ::endgroup::
[2025-10-29T17:15:52.905+0000] {local_task_job_runner.py:120} INFO - ::group::Pre task execution logs
[2025-10-29T17:15:52.915+0000] {taskinstance.py:2076} INFO - Dependencies all met for dep_context=non-requeueable deps ti=<TaskInstance: openphish_ingest.openphish_fetch_normalize_bronze scheduled__2025-10-04T00:00:00+00:00 [queued]>
[2025-10-29T17:15:52.919+0000] {taskinstance.py:2076} INFO - Dependencies all met for dep_context=requeueable deps ti=<TaskInstance: openphish_ingest.openphish_fetch_normalize_bronze scheduled__2025-10-04T00:00:00+00:00 [queued]>
[2025-10-29T17:15:52.919+0000] {taskinstance.py:2306} INFO - Starting attempt 1 of 2
[2025-10-29T17:15:52.924+0000] {taskinstance.py:2330} INFO - Executing <Task(PythonOperator): openphish_fetch_normalize_bronze> on 2025-10-04 00:00:00+00:00
[2025-10-29T17:15:52.929+0000] {warnings.py:112} WARNING - /home/airflow/.local/lib/python3.12/site-packages/airflow/task/task_runner/standard_task_runner.py:62: DeprecationWarning: This process (pid=1872) is multi-threaded, use of fork() may lead to deadlocks in the child.
  pid = os.fork()

[2025-10-29T17:15:52.929+0000] {standard_task_runner.py:64} INFO - Started process 1893 to run task
[2025-10-29T17:15:52.930+0000] {standard_task_runner.py:90} INFO - Running: ['airflow', 'tasks', 'run', 'openphish_ingest', 'openphish_fetch_normalize_bronze', 'scheduled__2025-10-04T00:00:00+00:00', '--job-id', '66', '--raw', '--subdir', 'DAGS_FOLDER/openphish_ingest.py', '--cfg-path', '/tmp/tmpjj1wckmp']
[2025-10-29T17:15:52.930+0000] {standard_task_runner.py:91} INFO - Job 66: Subtask openphish_fetch_normalize_bronze
[2025-10-29T17:15:52.948+0000] {task_command.py:426} INFO - Running <TaskInstance: openphish_ingest.openphish_fetch_normalize_bronze scheduled__2025-10-04T00:00:00+00:00 [running]> on host 109bbc934e0f
[2025-10-29T17:15:52.979+0000] {taskinstance.py:2648} INFO - Exporting env vars: AIRFLOW_CTX_DAG_OWNER='you' AIRFLOW_CTX_DAG_ID='openphish_ingest' AIRFLOW_CTX_TASK_ID='openphish_fetch_normalize_bronze' AIRFLOW_CTX_EXECUTION_DATE='2025-10-04T00:00:00+00:00' AIRFLOW_CTX_TRY_NUMBER='1' AIRFLOW_CTX_DAG_RUN_ID='scheduled__2025-10-04T00:00:00+00:00'
[2025-10-29T17:15:52.979+0000] {taskinstance.py:430} INFO - ::endgroup::
[2025-10-29T17:15:53.641+0000] {logging_mixin.py:188} INFO - [openphish_ingest] rows after normalize: 300
[2025-10-29T17:15:53.646+0000] {logging_mixin.py:188} INFO - [openphish] rows after normalize: 300
[2025-10-29T17:15:53.661+0000] {python.py:237} INFO - Done. Returned value was: None
[2025-10-29T17:15:53.661+0000] {taskinstance.py:441} INFO - ::group::Post task execution logs
[2025-10-29T17:15:53.664+0000] {taskinstance.py:1206} INFO - Marking task as SUCCESS. dag_id=openphish_ingest, task_id=openphish_fetch_normalize_bronze, run_id=scheduled__2025-10-04T00:00:00+00:00, execution_date=20251004T000000, start_date=20251029T171552, end_date=20251029T171553
[2025-10-29T17:15:53.679+0000] {local_task_job_runner.py:243} INFO - Task exited with return code 0
[2025-10-29T17:15:53.685+0000] {taskinstance.py:3503} INFO - 0 downstream tasks scheduled from follow-on schedule check
[2025-10-29T17:15:53.685+0000] {local_task_job_runner.py:222} INFO - ::endgroup::
[2025-10-29T18:13:08.649+0000] {local_task_job_runner.py:120} INFO - ::group::Pre task execution logs
[2025-10-29T18:13:08.657+0000] {taskinstance.py:2076} INFO - Dependencies all met for dep_context=non-requeueable deps ti=<TaskInstance: openphish_ingest.openphish_fetch_normalize_bronze scheduled__2025-10-04T00:00:00+00:00 [queued]>
[2025-10-29T18:13:08.658+0000] {taskinstance.py:2076} INFO - Dependencies all met for dep_context=requeueable deps ti=<TaskInstance: openphish_ingest.openphish_fetch_normalize_bronze scheduled__2025-10-04T00:00:00+00:00 [queued]>
[2025-10-29T18:13:08.658+0000] {taskinstance.py:2306} INFO - Starting attempt 1 of 2
[2025-10-29T18:13:08.662+0000] {taskinstance.py:2330} INFO - Executing <Task(PythonOperator): openphish_fetch_normalize_bronze> on 2025-10-04 00:00:00+00:00
[2025-10-29T18:13:08.665+0000] {warnings.py:112} WARNING - /home/airflow/.local/lib/python3.12/site-packages/airflow/task/task_runner/standard_task_runner.py:62: DeprecationWarning: This process (pid=4216) is multi-threaded, use of fork() may lead to deadlocks in the child.
  pid = os.fork()

[2025-10-29T18:13:08.665+0000] {standard_task_runner.py:64} INFO - Started process 4237 to run task
[2025-10-29T18:13:08.666+0000] {standard_task_runner.py:90} INFO - Running: ['airflow', 'tasks', 'run', 'openphish_ingest', 'openphish_fetch_normalize_bronze', 'scheduled__2025-10-04T00:00:00+00:00', '--job-id', '164', '--raw', '--subdir', 'DAGS_FOLDER/openphish_ingest.py', '--cfg-path', '/tmp/tmp6tdzrn1g']
[2025-10-29T18:13:08.666+0000] {standard_task_runner.py:91} INFO - Job 164: Subtask openphish_fetch_normalize_bronze
[2025-10-29T18:13:08.678+0000] {task_command.py:426} INFO - Running <TaskInstance: openphish_ingest.openphish_fetch_normalize_bronze scheduled__2025-10-04T00:00:00+00:00 [running]> on host 9a4b1d75930e
[2025-10-29T18:13:08.699+0000] {taskinstance.py:2648} INFO - Exporting env vars: AIRFLOW_CTX_DAG_OWNER='you' AIRFLOW_CTX_DAG_ID='openphish_ingest' AIRFLOW_CTX_TASK_ID='openphish_fetch_normalize_bronze' AIRFLOW_CTX_EXECUTION_DATE='2025-10-04T00:00:00+00:00' AIRFLOW_CTX_TRY_NUMBER='1' AIRFLOW_CTX_DAG_RUN_ID='scheduled__2025-10-04T00:00:00+00:00'
[2025-10-29T18:13:08.699+0000] {taskinstance.py:430} INFO - ::endgroup::
[2025-10-29T18:13:09.371+0000] {logging_mixin.py:188} INFO - [openphish_ingest] rows after normalize: 300
[2025-10-29T18:13:09.377+0000] {logging_mixin.py:188} INFO - [openphish] rows after normalize: 300
[2025-10-29T18:13:09.397+0000] {python.py:237} INFO - Done. Returned value was: None
[2025-10-29T18:13:09.397+0000] {taskinstance.py:441} INFO - ::group::Post task execution logs
[2025-10-29T18:13:09.400+0000] {taskinstance.py:1206} INFO - Marking task as SUCCESS. dag_id=openphish_ingest, task_id=openphish_fetch_normalize_bronze, run_id=scheduled__2025-10-04T00:00:00+00:00, execution_date=20251004T000000, start_date=20251029T181308, end_date=20251029T181309
[2025-10-29T18:13:09.416+0000] {local_task_job_runner.py:243} INFO - Task exited with return code 0
[2025-10-29T18:13:09.421+0000] {taskinstance.py:3503} INFO - 0 downstream tasks scheduled from follow-on schedule check
[2025-10-29T18:13:09.421+0000] {local_task_job_runner.py:222} INFO - ::endgroup::
