[2025-10-29T17:19:00.468+0000] {local_task_job_runner.py:120} INFO - ::group::Pre task execution logs
[2025-10-29T17:19:00.475+0000] {taskinstance.py:2076} INFO - Dependencies all met for dep_context=non-requeueable deps ti=<TaskInstance: urlhaus_ingest.urlhaus_fetch_normalize_bronze scheduled__2025-10-25T00:00:00+00:00 [queued]>
[2025-10-29T17:19:00.477+0000] {taskinstance.py:2076} INFO - Dependencies all met for dep_context=requeueable deps ti=<TaskInstance: urlhaus_ingest.urlhaus_fetch_normalize_bronze scheduled__2025-10-25T00:00:00+00:00 [queued]>
[2025-10-29T17:19:00.477+0000] {taskinstance.py:2306} INFO - Starting attempt 1 of 2
[2025-10-29T17:19:00.481+0000] {taskinstance.py:2330} INFO - Executing <Task(PythonOperator): urlhaus_fetch_normalize_bronze> on 2025-10-25 00:00:00+00:00
[2025-10-29T17:19:00.484+0000] {warnings.py:112} WARNING - /home/airflow/.local/lib/python3.12/site-packages/airflow/task/task_runner/standard_task_runner.py:62: DeprecationWarning: This process (pid=3280) is multi-threaded, use of fork() may lead to deadlocks in the child.
  pid = os.fork()

[2025-10-29T17:19:00.484+0000] {standard_task_runner.py:64} INFO - Started process 3301 to run task
[2025-10-29T17:19:00.485+0000] {standard_task_runner.py:90} INFO - Running: ['airflow', 'tasks', 'run', 'urlhaus_ingest', 'urlhaus_fetch_normalize_bronze', 'scheduled__2025-10-25T00:00:00+00:00', '--job-id', '117', '--raw', '--subdir', 'DAGS_FOLDER/urlhaus_ingest.py', '--cfg-path', '/tmp/tmp3w8juf4j']
[2025-10-29T17:19:00.485+0000] {standard_task_runner.py:91} INFO - Job 117: Subtask urlhaus_fetch_normalize_bronze
[2025-10-29T17:19:00.496+0000] {task_command.py:426} INFO - Running <TaskInstance: urlhaus_ingest.urlhaus_fetch_normalize_bronze scheduled__2025-10-25T00:00:00+00:00 [running]> on host 109bbc934e0f
[2025-10-29T17:19:00.517+0000] {taskinstance.py:2648} INFO - Exporting env vars: AIRFLOW_CTX_DAG_OWNER='you' AIRFLOW_CTX_DAG_ID='urlhaus_ingest' AIRFLOW_CTX_TASK_ID='urlhaus_fetch_normalize_bronze' AIRFLOW_CTX_EXECUTION_DATE='2025-10-25T00:00:00+00:00' AIRFLOW_CTX_TRY_NUMBER='1' AIRFLOW_CTX_DAG_RUN_ID='scheduled__2025-10-25T00:00:00+00:00'
[2025-10-29T17:19:00.517+0000] {taskinstance.py:430} INFO - ::endgroup::
[2025-10-29T17:19:00.664+0000] {logging_mixin.py:188} INFO - [urlhaus_ingest] rows after normalize: 21313
[2025-10-29T17:19:00.674+0000] {logging_mixin.py:188} INFO - [urlhaus] rows after normalize: 21313
[2025-10-29T17:19:00.695+0000] {python.py:237} INFO - Done. Returned value was: None
[2025-10-29T17:19:00.695+0000] {taskinstance.py:441} INFO - ::group::Post task execution logs
[2025-10-29T17:19:00.697+0000] {taskinstance.py:1206} INFO - Marking task as SUCCESS. dag_id=urlhaus_ingest, task_id=urlhaus_fetch_normalize_bronze, run_id=scheduled__2025-10-25T00:00:00+00:00, execution_date=20251025T000000, start_date=20251029T171900, end_date=20251029T171900
[2025-10-29T17:19:00.713+0000] {local_task_job_runner.py:243} INFO - Task exited with return code 0
[2025-10-29T17:19:00.717+0000] {taskinstance.py:3503} INFO - 0 downstream tasks scheduled from follow-on schedule check
[2025-10-29T17:19:00.718+0000] {local_task_job_runner.py:222} INFO - ::endgroup::
[2025-10-29T18:17:26.307+0000] {local_task_job_runner.py:120} INFO - ::group::Pre task execution logs
[2025-10-29T18:17:26.315+0000] {taskinstance.py:2076} INFO - Dependencies all met for dep_context=non-requeueable deps ti=<TaskInstance: urlhaus_ingest.urlhaus_fetch_normalize_bronze scheduled__2025-10-25T00:00:00+00:00 [queued]>
[2025-10-29T18:17:26.316+0000] {taskinstance.py:2076} INFO - Dependencies all met for dep_context=requeueable deps ti=<TaskInstance: urlhaus_ingest.urlhaus_fetch_normalize_bronze scheduled__2025-10-25T00:00:00+00:00 [queued]>
[2025-10-29T18:17:26.316+0000] {taskinstance.py:2306} INFO - Starting attempt 1 of 2
[2025-10-29T18:17:26.320+0000] {taskinstance.py:2330} INFO - Executing <Task(PythonOperator): urlhaus_fetch_normalize_bronze> on 2025-10-25 00:00:00+00:00
[2025-10-29T18:17:26.323+0000] {warnings.py:112} WARNING - /home/airflow/.local/lib/python3.12/site-packages/airflow/task/task_runner/standard_task_runner.py:62: DeprecationWarning: This process (pid=6875) is multi-threaded, use of fork() may lead to deadlocks in the child.
  pid = os.fork()

[2025-10-29T18:17:26.324+0000] {standard_task_runner.py:64} INFO - Started process 6896 to run task
[2025-10-29T18:17:26.324+0000] {standard_task_runner.py:90} INFO - Running: ['airflow', 'tasks', 'run', 'urlhaus_ingest', 'urlhaus_fetch_normalize_bronze', 'scheduled__2025-10-25T00:00:00+00:00', '--job-id', '271', '--raw', '--subdir', 'DAGS_FOLDER/urlhaus_ingest.py', '--cfg-path', '/tmp/tmpkyia668u']
[2025-10-29T18:17:26.325+0000] {standard_task_runner.py:91} INFO - Job 271: Subtask urlhaus_fetch_normalize_bronze
[2025-10-29T18:17:26.338+0000] {task_command.py:426} INFO - Running <TaskInstance: urlhaus_ingest.urlhaus_fetch_normalize_bronze scheduled__2025-10-25T00:00:00+00:00 [running]> on host 9a4b1d75930e
[2025-10-29T18:17:26.360+0000] {taskinstance.py:2648} INFO - Exporting env vars: AIRFLOW_CTX_DAG_OWNER='you' AIRFLOW_CTX_DAG_ID='urlhaus_ingest' AIRFLOW_CTX_TASK_ID='urlhaus_fetch_normalize_bronze' AIRFLOW_CTX_EXECUTION_DATE='2025-10-25T00:00:00+00:00' AIRFLOW_CTX_TRY_NUMBER='1' AIRFLOW_CTX_DAG_RUN_ID='scheduled__2025-10-25T00:00:00+00:00'
[2025-10-29T18:17:26.360+0000] {taskinstance.py:430} INFO - ::endgroup::
[2025-10-29T18:17:26.520+0000] {logging_mixin.py:188} INFO - [urlhaus_ingest] rows after normalize: 21293
[2025-10-29T18:17:26.532+0000] {logging_mixin.py:188} INFO - [urlhaus] rows after normalize: 21293
[2025-10-29T18:17:26.557+0000] {python.py:237} INFO - Done. Returned value was: None
[2025-10-29T18:17:26.557+0000] {taskinstance.py:441} INFO - ::group::Post task execution logs
[2025-10-29T18:17:26.559+0000] {taskinstance.py:1206} INFO - Marking task as SUCCESS. dag_id=urlhaus_ingest, task_id=urlhaus_fetch_normalize_bronze, run_id=scheduled__2025-10-25T00:00:00+00:00, execution_date=20251025T000000, start_date=20251029T181726, end_date=20251029T181726
[2025-10-29T18:17:26.598+0000] {local_task_job_runner.py:243} INFO - Task exited with return code 0
[2025-10-29T18:17:26.602+0000] {taskinstance.py:3503} INFO - 0 downstream tasks scheduled from follow-on schedule check
[2025-10-29T18:17:26.603+0000] {local_task_job_runner.py:222} INFO - ::endgroup::
