[2025-11-04T00:02:07.327+0000] {local_task_job_runner.py:120} INFO - ::group::Pre task execution logs
[2025-11-04T00:02:07.337+0000] {taskinstance.py:2076} INFO - Dependencies all met for dep_context=non-requeueable deps ti=<TaskInstance: urlhaus_ingest.urlhaus_fetch_normalize_bronze scheduled__2025-11-03T00:00:00+00:00 [queued]>
[2025-11-04T00:02:07.339+0000] {taskinstance.py:2076} INFO - Dependencies all met for dep_context=requeueable deps ti=<TaskInstance: urlhaus_ingest.urlhaus_fetch_normalize_bronze scheduled__2025-11-03T00:00:00+00:00 [queued]>
[2025-11-04T00:02:07.339+0000] {taskinstance.py:2306} INFO - Starting attempt 1 of 2
[2025-11-04T00:02:07.342+0000] {taskinstance.py:2330} INFO - Executing <Task(PythonOperator): urlhaus_fetch_normalize_bronze> on 2025-11-03 00:00:00+00:00
[2025-11-04T00:02:07.345+0000] {warnings.py:112} WARNING - /home/airflow/.local/lib/python3.12/site-packages/airflow/task/task_runner/standard_task_runner.py:62: DeprecationWarning: This process (pid=348) is multi-threaded, use of fork() may lead to deadlocks in the child.
  pid = os.fork()

[2025-11-04T00:02:07.345+0000] {standard_task_runner.py:64} INFO - Started process 369 to run task
[2025-11-04T00:02:07.346+0000] {standard_task_runner.py:90} INFO - Running: ['airflow', 'tasks', 'run', 'urlhaus_ingest', 'urlhaus_fetch_normalize_bronze', 'scheduled__2025-11-03T00:00:00+00:00', '--job-id', '7', '--raw', '--subdir', 'DAGS_FOLDER/urlhaus_ingest.py', '--cfg-path', '/tmp/tmpvfdzzumg']
[2025-11-04T00:02:07.346+0000] {standard_task_runner.py:91} INFO - Job 7: Subtask urlhaus_fetch_normalize_bronze
[2025-11-04T00:02:07.359+0000] {task_command.py:426} INFO - Running <TaskInstance: urlhaus_ingest.urlhaus_fetch_normalize_bronze scheduled__2025-11-03T00:00:00+00:00 [running]> on host 90fcab7a3fd8
[2025-11-04T00:02:07.376+0000] {taskinstance.py:2648} INFO - Exporting env vars: AIRFLOW_CTX_DAG_OWNER='you' AIRFLOW_CTX_DAG_ID='urlhaus_ingest' AIRFLOW_CTX_TASK_ID='urlhaus_fetch_normalize_bronze' AIRFLOW_CTX_EXECUTION_DATE='2025-11-03T00:00:00+00:00' AIRFLOW_CTX_TRY_NUMBER='1' AIRFLOW_CTX_DAG_RUN_ID='scheduled__2025-11-03T00:00:00+00:00'
[2025-11-04T00:02:07.377+0000] {taskinstance.py:430} INFO - ::endgroup::
[2025-11-04T00:02:08.089+0000] {logging_mixin.py:188} INFO - [urlhaus_ingest] rows after normalize: 18561
[2025-11-04T00:02:08.099+0000] {logging_mixin.py:188} INFO - [urlhaus] rows after normalize: 18561
[2025-11-04T00:02:08.122+0000] {python.py:237} INFO - Done. Returned value was: None
[2025-11-04T00:02:08.122+0000] {taskinstance.py:441} INFO - ::group::Post task execution logs
[2025-11-04T00:02:08.123+0000] {taskinstance.py:1206} INFO - Marking task as SUCCESS. dag_id=urlhaus_ingest, task_id=urlhaus_fetch_normalize_bronze, run_id=scheduled__2025-11-03T00:00:00+00:00, execution_date=20251103T000000, start_date=20251104T000207, end_date=20251104T000208
[2025-11-04T00:02:08.142+0000] {local_task_job_runner.py:243} INFO - Task exited with return code 0
[2025-11-04T00:02:08.146+0000] {taskinstance.py:3503} INFO - 0 downstream tasks scheduled from follow-on schedule check
[2025-11-04T00:02:08.146+0000] {local_task_job_runner.py:222} INFO - ::endgroup::
[2025-11-04T18:07:42.647+0000] {local_task_job_runner.py:120} INFO - ::group::Pre task execution logs
[2025-11-04T18:07:42.657+0000] {taskinstance.py:2076} INFO - Dependencies all met for dep_context=non-requeueable deps ti=<TaskInstance: urlhaus_ingest.urlhaus_fetch_normalize_bronze scheduled__2025-11-03T00:00:00+00:00 [queued]>
[2025-11-04T18:07:42.660+0000] {taskinstance.py:2076} INFO - Dependencies all met for dep_context=requeueable deps ti=<TaskInstance: urlhaus_ingest.urlhaus_fetch_normalize_bronze scheduled__2025-11-03T00:00:00+00:00 [queued]>
[2025-11-04T18:07:42.660+0000] {taskinstance.py:2306} INFO - Starting attempt 1 of 2
[2025-11-04T18:07:42.663+0000] {taskinstance.py:2330} INFO - Executing <Task(PythonOperator): urlhaus_fetch_normalize_bronze> on 2025-11-03 00:00:00+00:00
[2025-11-04T18:07:42.669+0000] {warnings.py:112} WARNING - /home/airflow/.local/lib/python3.12/site-packages/airflow/task/task_runner/standard_task_runner.py:62: DeprecationWarning: This process (pid=1428) is multi-threaded, use of fork() may lead to deadlocks in the child.
  pid = os.fork()

[2025-11-04T18:07:42.670+0000] {standard_task_runner.py:64} INFO - Started process 1449 to run task
[2025-11-04T18:07:42.671+0000] {standard_task_runner.py:90} INFO - Running: ['airflow', 'tasks', 'run', 'urlhaus_ingest', 'urlhaus_fetch_normalize_bronze', 'scheduled__2025-11-03T00:00:00+00:00', '--job-id', '2', '--raw', '--subdir', 'DAGS_FOLDER/urlhaus_ingest.py', '--cfg-path', '/tmp/tmp77y24u_9']
[2025-11-04T18:07:42.672+0000] {standard_task_runner.py:91} INFO - Job 2: Subtask urlhaus_fetch_normalize_bronze
[2025-11-04T18:07:42.700+0000] {task_command.py:426} INFO - Running <TaskInstance: urlhaus_ingest.urlhaus_fetch_normalize_bronze scheduled__2025-11-03T00:00:00+00:00 [running]> on host 7e98baed574a
[2025-11-04T18:07:42.724+0000] {taskinstance.py:2648} INFO - Exporting env vars: AIRFLOW_CTX_DAG_OWNER='you' AIRFLOW_CTX_DAG_ID='urlhaus_ingest' AIRFLOW_CTX_TASK_ID='urlhaus_fetch_normalize_bronze' AIRFLOW_CTX_EXECUTION_DATE='2025-11-03T00:00:00+00:00' AIRFLOW_CTX_TRY_NUMBER='1' AIRFLOW_CTX_DAG_RUN_ID='scheduled__2025-11-03T00:00:00+00:00'
[2025-11-04T18:07:42.724+0000] {taskinstance.py:430} INFO - ::endgroup::
[2025-11-04T18:07:43.572+0000] {logging_mixin.py:188} INFO - [urlhaus_ingest] rows after normalize: 20723
[2025-11-04T18:07:43.585+0000] {logging_mixin.py:188} INFO - [urlhaus] rows after normalize: 20723
[2025-11-04T18:07:43.709+0000] {python.py:237} INFO - Done. Returned value was: None
[2025-11-04T18:07:43.709+0000] {taskinstance.py:441} INFO - ::group::Post task execution logs
[2025-11-04T18:07:43.713+0000] {taskinstance.py:1206} INFO - Marking task as SUCCESS. dag_id=urlhaus_ingest, task_id=urlhaus_fetch_normalize_bronze, run_id=scheduled__2025-11-03T00:00:00+00:00, execution_date=20251103T000000, start_date=20251104T180742, end_date=20251104T180743
[2025-11-04T18:07:43.755+0000] {local_task_job_runner.py:243} INFO - Task exited with return code 0
[2025-11-04T18:07:43.760+0000] {taskinstance.py:3503} INFO - 0 downstream tasks scheduled from follow-on schedule check
[2025-11-04T18:07:43.760+0000] {local_task_job_runner.py:222} INFO - ::endgroup::
