[2025-09-23T00:02:27.134+0000] {local_task_job_runner.py:120} INFO - ::group::Pre task execution logs
[2025-09-23T00:02:27.142+0000] {taskinstance.py:2076} INFO - Dependencies all met for dep_context=non-requeueable deps ti=<TaskInstance: openphish_ingest.openphish_fetch_normalize_bronze scheduled__2025-09-22T00:00:00+00:00 [queued]>
[2025-09-23T00:02:27.144+0000] {taskinstance.py:2076} INFO - Dependencies all met for dep_context=requeueable deps ti=<TaskInstance: openphish_ingest.openphish_fetch_normalize_bronze scheduled__2025-09-22T00:00:00+00:00 [queued]>
[2025-09-23T00:02:27.144+0000] {taskinstance.py:2306} INFO - Starting attempt 1 of 2
[2025-09-23T00:02:27.148+0000] {taskinstance.py:2330} INFO - Executing <Task(PythonOperator): openphish_fetch_normalize_bronze> on 2025-09-22 00:00:00+00:00
[2025-09-23T00:02:27.153+0000] {warnings.py:112} WARNING - /home/airflow/.local/lib/python3.12/site-packages/airflow/task/task_runner/standard_task_runner.py:62: DeprecationWarning: This process (pid=16852) is multi-threaded, use of fork() may lead to deadlocks in the child.
  pid = os.fork()

[2025-09-23T00:02:27.153+0000] {standard_task_runner.py:64} INFO - Started process 16873 to run task
[2025-09-23T00:02:27.154+0000] {standard_task_runner.py:90} INFO - Running: ['airflow', 'tasks', 'run', 'openphish_ingest', 'openphish_fetch_normalize_bronze', 'scheduled__2025-09-22T00:00:00+00:00', '--job-id', '17', '--raw', '--subdir', 'DAGS_FOLDER/openphish_ingest.py', '--cfg-path', '/tmp/tmpguha0iwp']
[2025-09-23T00:02:27.155+0000] {standard_task_runner.py:91} INFO - Job 17: Subtask openphish_fetch_normalize_bronze
[2025-09-23T00:02:27.168+0000] {task_command.py:426} INFO - Running <TaskInstance: openphish_ingest.openphish_fetch_normalize_bronze scheduled__2025-09-22T00:00:00+00:00 [running]> on host 539ffd8f219e
[2025-09-23T00:02:27.196+0000] {taskinstance.py:2648} INFO - Exporting env vars: AIRFLOW_CTX_DAG_OWNER='you' AIRFLOW_CTX_DAG_ID='openphish_ingest' AIRFLOW_CTX_TASK_ID='openphish_fetch_normalize_bronze' AIRFLOW_CTX_EXECUTION_DATE='2025-09-22T00:00:00+00:00' AIRFLOW_CTX_TRY_NUMBER='1' AIRFLOW_CTX_DAG_RUN_ID='scheduled__2025-09-22T00:00:00+00:00'
[2025-09-23T00:02:27.197+0000] {taskinstance.py:430} INFO - ::endgroup::
[2025-09-23T00:02:27.980+0000] {logging_mixin.py:188} INFO - [openphish_ingest] rows after normalize: 300
[2025-09-23T00:02:27.985+0000] {logging_mixin.py:188} INFO - [openphish] rows after normalize: 300
[2025-09-23T00:02:28.006+0000] {python.py:237} INFO - Done. Returned value was: None
[2025-09-23T00:02:28.006+0000] {taskinstance.py:441} INFO - ::group::Post task execution logs
[2025-09-23T00:02:28.009+0000] {taskinstance.py:1206} INFO - Marking task as SUCCESS. dag_id=openphish_ingest, task_id=openphish_fetch_normalize_bronze, run_id=scheduled__2025-09-22T00:00:00+00:00, execution_date=20250922T000000, start_date=20250923T000227, end_date=20250923T000228
[2025-09-23T00:02:28.038+0000] {local_task_job_runner.py:243} INFO - Task exited with return code 0
[2025-09-23T00:02:28.044+0000] {taskinstance.py:3503} INFO - 0 downstream tasks scheduled from follow-on schedule check
[2025-09-23T00:02:28.044+0000] {local_task_job_runner.py:222} INFO - ::endgroup::
[2025-10-29T17:14:21.440+0000] {local_task_job_runner.py:120} INFO - ::group::Pre task execution logs
[2025-10-29T17:14:21.448+0000] {taskinstance.py:2076} INFO - Dependencies all met for dep_context=non-requeueable deps ti=<TaskInstance: openphish_ingest.openphish_fetch_normalize_bronze scheduled__2025-09-22T00:00:00+00:00 [queued]>
[2025-10-29T17:14:21.449+0000] {taskinstance.py:2076} INFO - Dependencies all met for dep_context=requeueable deps ti=<TaskInstance: openphish_ingest.openphish_fetch_normalize_bronze scheduled__2025-09-22T00:00:00+00:00 [queued]>
[2025-10-29T17:14:21.449+0000] {taskinstance.py:2306} INFO - Starting attempt 1 of 2
[2025-10-29T17:14:21.453+0000] {taskinstance.py:2330} INFO - Executing <Task(PythonOperator): openphish_fetch_normalize_bronze> on 2025-09-22 00:00:00+00:00
[2025-10-29T17:14:21.456+0000] {warnings.py:112} WARNING - /home/airflow/.local/lib/python3.12/site-packages/airflow/task/task_runner/standard_task_runner.py:62: DeprecationWarning: This process (pid=1203) is multi-threaded, use of fork() may lead to deadlocks in the child.
  pid = os.fork()

[2025-10-29T17:14:21.456+0000] {standard_task_runner.py:64} INFO - Started process 1224 to run task
[2025-10-29T17:14:21.457+0000] {standard_task_runner.py:90} INFO - Running: ['airflow', 'tasks', 'run', 'openphish_ingest', 'openphish_fetch_normalize_bronze', 'scheduled__2025-09-22T00:00:00+00:00', '--job-id', '42', '--raw', '--subdir', 'DAGS_FOLDER/openphish_ingest.py', '--cfg-path', '/tmp/tmpz2dp3t7e']
[2025-10-29T17:14:21.457+0000] {standard_task_runner.py:91} INFO - Job 42: Subtask openphish_fetch_normalize_bronze
[2025-10-29T17:14:21.469+0000] {task_command.py:426} INFO - Running <TaskInstance: openphish_ingest.openphish_fetch_normalize_bronze scheduled__2025-09-22T00:00:00+00:00 [running]> on host 109bbc934e0f
[2025-10-29T17:14:21.488+0000] {taskinstance.py:2648} INFO - Exporting env vars: AIRFLOW_CTX_DAG_OWNER='you' AIRFLOW_CTX_DAG_ID='openphish_ingest' AIRFLOW_CTX_TASK_ID='openphish_fetch_normalize_bronze' AIRFLOW_CTX_EXECUTION_DATE='2025-09-22T00:00:00+00:00' AIRFLOW_CTX_TRY_NUMBER='1' AIRFLOW_CTX_DAG_RUN_ID='scheduled__2025-09-22T00:00:00+00:00'
[2025-10-29T17:14:21.489+0000] {taskinstance.py:430} INFO - ::endgroup::
[2025-10-29T17:14:22.148+0000] {logging_mixin.py:188} INFO - [openphish_ingest] rows after normalize: 300
[2025-10-29T17:14:22.152+0000] {logging_mixin.py:188} INFO - [openphish] rows after normalize: 300
[2025-10-29T17:14:22.162+0000] {python.py:237} INFO - Done. Returned value was: None
[2025-10-29T17:14:22.162+0000] {taskinstance.py:441} INFO - ::group::Post task execution logs
[2025-10-29T17:14:22.164+0000] {taskinstance.py:1206} INFO - Marking task as SUCCESS. dag_id=openphish_ingest, task_id=openphish_fetch_normalize_bronze, run_id=scheduled__2025-09-22T00:00:00+00:00, execution_date=20250922T000000, start_date=20251029T171421, end_date=20251029T171422
[2025-10-29T17:14:22.205+0000] {local_task_job_runner.py:243} INFO - Task exited with return code 0
[2025-10-29T17:14:22.209+0000] {taskinstance.py:3503} INFO - 0 downstream tasks scheduled from follow-on schedule check
[2025-10-29T17:14:22.210+0000] {local_task_job_runner.py:222} INFO - ::endgroup::
[2025-10-29T18:10:43.693+0000] {local_task_job_runner.py:120} INFO - ::group::Pre task execution logs
[2025-10-29T18:10:43.700+0000] {taskinstance.py:2076} INFO - Dependencies all met for dep_context=non-requeueable deps ti=<TaskInstance: openphish_ingest.openphish_fetch_normalize_bronze scheduled__2025-09-22T00:00:00+00:00 [queued]>
[2025-10-29T18:10:43.702+0000] {taskinstance.py:2076} INFO - Dependencies all met for dep_context=requeueable deps ti=<TaskInstance: openphish_ingest.openphish_fetch_normalize_bronze scheduled__2025-09-22T00:00:00+00:00 [queued]>
[2025-10-29T18:10:43.702+0000] {taskinstance.py:2306} INFO - Starting attempt 1 of 2
[2025-10-29T18:10:43.706+0000] {taskinstance.py:2330} INFO - Executing <Task(PythonOperator): openphish_fetch_normalize_bronze> on 2025-09-22 00:00:00+00:00
[2025-10-29T18:10:43.709+0000] {warnings.py:112} WARNING - /home/airflow/.local/lib/python3.12/site-packages/airflow/task/task_runner/standard_task_runner.py:62: DeprecationWarning: This process (pid=2732) is multi-threaded, use of fork() may lead to deadlocks in the child.
  pid = os.fork()

[2025-10-29T18:10:43.709+0000] {standard_task_runner.py:64} INFO - Started process 2753 to run task
[2025-10-29T18:10:43.710+0000] {standard_task_runner.py:90} INFO - Running: ['airflow', 'tasks', 'run', 'openphish_ingest', 'openphish_fetch_normalize_bronze', 'scheduled__2025-09-22T00:00:00+00:00', '--job-id', '104', '--raw', '--subdir', 'DAGS_FOLDER/openphish_ingest.py', '--cfg-path', '/tmp/tmprpf8rv45']
[2025-10-29T18:10:43.710+0000] {standard_task_runner.py:91} INFO - Job 104: Subtask openphish_fetch_normalize_bronze
[2025-10-29T18:10:43.722+0000] {task_command.py:426} INFO - Running <TaskInstance: openphish_ingest.openphish_fetch_normalize_bronze scheduled__2025-09-22T00:00:00+00:00 [running]> on host 9a4b1d75930e
[2025-10-29T18:10:43.742+0000] {taskinstance.py:2648} INFO - Exporting env vars: AIRFLOW_CTX_DAG_OWNER='you' AIRFLOW_CTX_DAG_ID='openphish_ingest' AIRFLOW_CTX_TASK_ID='openphish_fetch_normalize_bronze' AIRFLOW_CTX_EXECUTION_DATE='2025-09-22T00:00:00+00:00' AIRFLOW_CTX_TRY_NUMBER='1' AIRFLOW_CTX_DAG_RUN_ID='scheduled__2025-09-22T00:00:00+00:00'
[2025-10-29T18:10:43.743+0000] {taskinstance.py:430} INFO - ::endgroup::
[2025-10-29T18:10:44.520+0000] {logging_mixin.py:188} INFO - [openphish_ingest] rows after normalize: 300
[2025-10-29T18:10:44.525+0000] {logging_mixin.py:188} INFO - [openphish] rows after normalize: 300
[2025-10-29T18:10:44.542+0000] {python.py:237} INFO - Done. Returned value was: None
[2025-10-29T18:10:44.543+0000] {taskinstance.py:441} INFO - ::group::Post task execution logs
[2025-10-29T18:10:44.546+0000] {taskinstance.py:1206} INFO - Marking task as SUCCESS. dag_id=openphish_ingest, task_id=openphish_fetch_normalize_bronze, run_id=scheduled__2025-09-22T00:00:00+00:00, execution_date=20250922T000000, start_date=20251029T181043, end_date=20251029T181044
[2025-10-29T18:10:44.584+0000] {local_task_job_runner.py:243} INFO - Task exited with return code 0
[2025-10-29T18:10:44.593+0000] {taskinstance.py:3503} INFO - 0 downstream tasks scheduled from follow-on schedule check
[2025-10-29T18:10:44.593+0000] {local_task_job_runner.py:222} INFO - ::endgroup::
