[2025-10-29T17:13:13.819+0000] {local_task_job_runner.py:120} INFO - ::group::Pre task execution logs
[2025-10-29T17:13:13.827+0000] {taskinstance.py:2076} INFO - Dependencies all met for dep_context=non-requeueable deps ti=<TaskInstance: openphish_ingest.openphish_fetch_normalize_bronze scheduled__2025-09-13T00:00:00+00:00 [queued]>
[2025-10-29T17:13:13.828+0000] {taskinstance.py:2076} INFO - Dependencies all met for dep_context=requeueable deps ti=<TaskInstance: openphish_ingest.openphish_fetch_normalize_bronze scheduled__2025-09-13T00:00:00+00:00 [queued]>
[2025-10-29T17:13:13.828+0000] {taskinstance.py:2306} INFO - Starting attempt 1 of 2
[2025-10-29T17:13:13.832+0000] {taskinstance.py:2330} INFO - Executing <Task(PythonOperator): openphish_fetch_normalize_bronze> on 2025-09-13 00:00:00+00:00
[2025-10-29T17:13:13.835+0000] {warnings.py:112} WARNING - /home/airflow/.local/lib/python3.12/site-packages/airflow/task/task_runner/standard_task_runner.py:62: DeprecationWarning: This process (pid=709) is multi-threaded, use of fork() may lead to deadlocks in the child.
  pid = os.fork()

[2025-10-29T17:13:13.835+0000] {standard_task_runner.py:64} INFO - Started process 730 to run task
[2025-10-29T17:13:13.836+0000] {standard_task_runner.py:90} INFO - Running: ['airflow', 'tasks', 'run', 'openphish_ingest', 'openphish_fetch_normalize_bronze', 'scheduled__2025-09-13T00:00:00+00:00', '--job-id', '24', '--raw', '--subdir', 'DAGS_FOLDER/openphish_ingest.py', '--cfg-path', '/tmp/tmpvzg2f8vw']
[2025-10-29T17:13:13.836+0000] {standard_task_runner.py:91} INFO - Job 24: Subtask openphish_fetch_normalize_bronze
[2025-10-29T17:13:13.847+0000] {task_command.py:426} INFO - Running <TaskInstance: openphish_ingest.openphish_fetch_normalize_bronze scheduled__2025-09-13T00:00:00+00:00 [running]> on host 109bbc934e0f
[2025-10-29T17:13:13.866+0000] {taskinstance.py:2648} INFO - Exporting env vars: AIRFLOW_CTX_DAG_OWNER='you' AIRFLOW_CTX_DAG_ID='openphish_ingest' AIRFLOW_CTX_TASK_ID='openphish_fetch_normalize_bronze' AIRFLOW_CTX_EXECUTION_DATE='2025-09-13T00:00:00+00:00' AIRFLOW_CTX_TRY_NUMBER='1' AIRFLOW_CTX_DAG_RUN_ID='scheduled__2025-09-13T00:00:00+00:00'
[2025-10-29T17:13:13.867+0000] {taskinstance.py:430} INFO - ::endgroup::
[2025-10-29T17:13:14.524+0000] {logging_mixin.py:188} INFO - [openphish_ingest] rows after normalize: 300
[2025-10-29T17:13:14.529+0000] {logging_mixin.py:188} INFO - [openphish] rows after normalize: 300
[2025-10-29T17:13:14.547+0000] {python.py:237} INFO - Done. Returned value was: None
[2025-10-29T17:13:14.548+0000] {taskinstance.py:441} INFO - ::group::Post task execution logs
[2025-10-29T17:13:14.551+0000] {taskinstance.py:1206} INFO - Marking task as SUCCESS. dag_id=openphish_ingest, task_id=openphish_fetch_normalize_bronze, run_id=scheduled__2025-09-13T00:00:00+00:00, execution_date=20250913T000000, start_date=20251029T171313, end_date=20251029T171314
[2025-10-29T17:13:14.594+0000] {local_task_job_runner.py:243} INFO - Task exited with return code 0
[2025-10-29T17:13:14.600+0000] {taskinstance.py:3503} INFO - 0 downstream tasks scheduled from follow-on schedule check
[2025-10-29T17:13:14.600+0000] {local_task_job_runner.py:222} INFO - ::endgroup::
[2025-10-29T18:08:56.890+0000] {local_task_job_runner.py:120} INFO - ::group::Pre task execution logs
[2025-10-29T18:08:56.897+0000] {taskinstance.py:2076} INFO - Dependencies all met for dep_context=non-requeueable deps ti=<TaskInstance: openphish_ingest.openphish_fetch_normalize_bronze scheduled__2025-09-13T00:00:00+00:00 [queued]>
[2025-10-29T18:08:56.899+0000] {taskinstance.py:2076} INFO - Dependencies all met for dep_context=requeueable deps ti=<TaskInstance: openphish_ingest.openphish_fetch_normalize_bronze scheduled__2025-09-13T00:00:00+00:00 [queued]>
[2025-10-29T18:08:56.899+0000] {taskinstance.py:2306} INFO - Starting attempt 1 of 2
[2025-10-29T18:08:56.903+0000] {taskinstance.py:2330} INFO - Executing <Task(PythonOperator): openphish_fetch_normalize_bronze> on 2025-09-13 00:00:00+00:00
[2025-10-29T18:08:56.906+0000] {warnings.py:112} WARNING - /home/airflow/.local/lib/python3.12/site-packages/airflow/task/task_runner/standard_task_runner.py:62: DeprecationWarning: This process (pid=1618) is multi-threaded, use of fork() may lead to deadlocks in the child.
  pid = os.fork()

[2025-10-29T18:08:56.907+0000] {standard_task_runner.py:64} INFO - Started process 1639 to run task
[2025-10-29T18:08:56.907+0000] {standard_task_runner.py:90} INFO - Running: ['airflow', 'tasks', 'run', 'openphish_ingest', 'openphish_fetch_normalize_bronze', 'scheduled__2025-09-13T00:00:00+00:00', '--job-id', '59', '--raw', '--subdir', 'DAGS_FOLDER/openphish_ingest.py', '--cfg-path', '/tmp/tmpfhgsvs99']
[2025-10-29T18:08:56.907+0000] {standard_task_runner.py:91} INFO - Job 59: Subtask openphish_fetch_normalize_bronze
[2025-10-29T18:08:56.919+0000] {task_command.py:426} INFO - Running <TaskInstance: openphish_ingest.openphish_fetch_normalize_bronze scheduled__2025-09-13T00:00:00+00:00 [running]> on host 9a4b1d75930e
[2025-10-29T18:08:56.940+0000] {taskinstance.py:2648} INFO - Exporting env vars: AIRFLOW_CTX_DAG_OWNER='you' AIRFLOW_CTX_DAG_ID='openphish_ingest' AIRFLOW_CTX_TASK_ID='openphish_fetch_normalize_bronze' AIRFLOW_CTX_EXECUTION_DATE='2025-09-13T00:00:00+00:00' AIRFLOW_CTX_TRY_NUMBER='1' AIRFLOW_CTX_DAG_RUN_ID='scheduled__2025-09-13T00:00:00+00:00'
[2025-10-29T18:08:56.940+0000] {taskinstance.py:430} INFO - ::endgroup::
[2025-10-29T18:08:57.590+0000] {logging_mixin.py:188} INFO - [openphish_ingest] rows after normalize: 300
[2025-10-29T18:08:57.593+0000] {logging_mixin.py:188} INFO - [openphish] rows after normalize: 300
[2025-10-29T18:08:57.604+0000] {python.py:237} INFO - Done. Returned value was: None
[2025-10-29T18:08:57.604+0000] {taskinstance.py:441} INFO - ::group::Post task execution logs
[2025-10-29T18:08:57.606+0000] {taskinstance.py:1206} INFO - Marking task as SUCCESS. dag_id=openphish_ingest, task_id=openphish_fetch_normalize_bronze, run_id=scheduled__2025-09-13T00:00:00+00:00, execution_date=20250913T000000, start_date=20251029T180856, end_date=20251029T180857
[2025-10-29T18:08:57.618+0000] {local_task_job_runner.py:243} INFO - Task exited with return code 0
[2025-10-29T18:08:57.623+0000] {taskinstance.py:3503} INFO - 0 downstream tasks scheduled from follow-on schedule check
[2025-10-29T18:08:57.623+0000] {local_task_job_runner.py:222} INFO - ::endgroup::
