[2025-11-01T00:27:44.080+0000] {processor.py:161} INFO - Started process (PID=68341) to work on /opt/airflow/dags/hello.py
[2025-11-01T00:27:44.080+0000] {processor.py:830} INFO - Processing file /opt/airflow/dags/hello.py for tasks to queue
[2025-11-01T00:27:44.082+0000] {logging_mixin.py:188} INFO - [2025-11-01T00:27:44.081+0000] {dagbag.py:545} INFO - Filling up the DagBag from /opt/airflow/dags/hello.py
[2025-11-01T00:27:44.090+0000] {processor.py:840} INFO - DAG(s) 'hello' retrieved from /opt/airflow/dags/hello.py
[2025-11-01T00:27:44.098+0000] {logging_mixin.py:188} INFO - [2025-11-01T00:27:44.098+0000] {dag.py:3089} INFO - Sync 1 DAGs
[2025-11-01T00:27:44.105+0000] {logging_mixin.py:188} INFO - [2025-11-01T00:27:44.105+0000] {dag.py:3947} INFO - Setting next_dagrun for hello to 2025-10-31 00:00:00+00:00, run_after=2025-11-01 00:00:00+00:00
[2025-11-01T00:27:44.111+0000] {processor.py:183} INFO - Processing /opt/airflow/dags/hello.py took 0.035 seconds
[2025-11-01T00:31:47.406+0000] {processor.py:161} INFO - Started process (PID=68372) to work on /opt/airflow/dags/hello.py
[2025-11-01T00:31:47.408+0000] {processor.py:830} INFO - Processing file /opt/airflow/dags/hello.py for tasks to queue
[2025-11-01T00:31:47.410+0000] {logging_mixin.py:188} INFO - [2025-11-01T00:31:47.410+0000] {dagbag.py:545} INFO - Filling up the DagBag from /opt/airflow/dags/hello.py
[2025-11-01T00:31:47.417+0000] {processor.py:840} INFO - DAG(s) 'hello' retrieved from /opt/airflow/dags/hello.py
[2025-11-01T00:31:47.428+0000] {logging_mixin.py:188} INFO - [2025-11-01T00:31:47.428+0000] {dag.py:3089} INFO - Sync 1 DAGs
[2025-11-01T00:31:47.437+0000] {logging_mixin.py:188} INFO - [2025-11-01T00:31:47.437+0000] {dag.py:3947} INFO - Setting next_dagrun for hello to 2025-10-31 00:00:00+00:00, run_after=2025-11-01 00:00:00+00:00
[2025-11-01T00:31:47.444+0000] {processor.py:183} INFO - Processing /opt/airflow/dags/hello.py took 0.044 seconds
[2025-11-01T00:32:18.903+0000] {processor.py:161} INFO - Started process (PID=68403) to work on /opt/airflow/dags/hello.py
[2025-11-01T00:32:18.904+0000] {processor.py:830} INFO - Processing file /opt/airflow/dags/hello.py for tasks to queue
[2025-11-01T00:32:18.906+0000] {logging_mixin.py:188} INFO - [2025-11-01T00:32:18.905+0000] {dagbag.py:545} INFO - Filling up the DagBag from /opt/airflow/dags/hello.py
[2025-11-01T00:32:18.914+0000] {processor.py:840} INFO - DAG(s) 'hello' retrieved from /opt/airflow/dags/hello.py
[2025-11-01T00:32:18.928+0000] {logging_mixin.py:188} INFO - [2025-11-01T00:32:18.928+0000] {dag.py:3089} INFO - Sync 1 DAGs
[2025-11-01T00:32:18.935+0000] {logging_mixin.py:188} INFO - [2025-11-01T00:32:18.935+0000] {dag.py:3947} INFO - Setting next_dagrun for hello to 2025-10-31 00:00:00+00:00, run_after=2025-11-01 00:00:00+00:00
[2025-11-01T00:32:18.943+0000] {processor.py:183} INFO - Processing /opt/airflow/dags/hello.py took 0.045 seconds
[2025-11-01T00:33:57.697+0000] {processor.py:161} INFO - Started process (PID=68434) to work on /opt/airflow/dags/hello.py
[2025-11-01T00:33:57.697+0000] {processor.py:830} INFO - Processing file /opt/airflow/dags/hello.py for tasks to queue
[2025-11-01T00:33:57.699+0000] {logging_mixin.py:188} INFO - [2025-11-01T00:33:57.699+0000] {dagbag.py:545} INFO - Filling up the DagBag from /opt/airflow/dags/hello.py
[2025-11-01T00:33:57.707+0000] {processor.py:840} INFO - DAG(s) 'hello' retrieved from /opt/airflow/dags/hello.py
[2025-11-01T00:33:57.720+0000] {logging_mixin.py:188} INFO - [2025-11-01T00:33:57.720+0000] {dag.py:3089} INFO - Sync 1 DAGs
[2025-11-01T00:33:57.728+0000] {logging_mixin.py:188} INFO - [2025-11-01T00:33:57.728+0000] {dag.py:3947} INFO - Setting next_dagrun for hello to 2025-10-31 00:00:00+00:00, run_after=2025-11-01 00:00:00+00:00
[2025-11-01T00:33:57.736+0000] {processor.py:183} INFO - Processing /opt/airflow/dags/hello.py took 0.044 seconds
[2025-11-01T00:39:27.011+0000] {processor.py:161} INFO - Started process (PID=68465) to work on /opt/airflow/dags/hello.py
[2025-11-01T00:39:27.012+0000] {processor.py:830} INFO - Processing file /opt/airflow/dags/hello.py for tasks to queue
[2025-11-01T00:39:27.013+0000] {logging_mixin.py:188} INFO - [2025-11-01T00:39:27.013+0000] {dagbag.py:545} INFO - Filling up the DagBag from /opt/airflow/dags/hello.py
[2025-11-01T00:39:27.022+0000] {processor.py:840} INFO - DAG(s) 'hello' retrieved from /opt/airflow/dags/hello.py
[2025-11-01T00:39:27.036+0000] {logging_mixin.py:188} INFO - [2025-11-01T00:39:27.036+0000] {dag.py:3089} INFO - Sync 1 DAGs
[2025-11-01T00:39:27.045+0000] {logging_mixin.py:188} INFO - [2025-11-01T00:39:27.045+0000] {dag.py:3947} INFO - Setting next_dagrun for hello to 2025-10-31 00:00:00+00:00, run_after=2025-11-01 00:00:00+00:00
[2025-11-01T00:39:27.052+0000] {processor.py:183} INFO - Processing /opt/airflow/dags/hello.py took 0.046 seconds
[2025-11-01T00:39:58.875+0000] {processor.py:161} INFO - Started process (PID=68496) to work on /opt/airflow/dags/hello.py
[2025-11-01T00:39:58.876+0000] {processor.py:830} INFO - Processing file /opt/airflow/dags/hello.py for tasks to queue
[2025-11-01T00:39:58.877+0000] {logging_mixin.py:188} INFO - [2025-11-01T00:39:58.877+0000] {dagbag.py:545} INFO - Filling up the DagBag from /opt/airflow/dags/hello.py
[2025-11-01T00:39:58.884+0000] {processor.py:840} INFO - DAG(s) 'hello' retrieved from /opt/airflow/dags/hello.py
[2025-11-01T00:39:58.896+0000] {logging_mixin.py:188} INFO - [2025-11-01T00:39:58.896+0000] {dag.py:3089} INFO - Sync 1 DAGs
[2025-11-01T00:39:58.902+0000] {logging_mixin.py:188} INFO - [2025-11-01T00:39:58.902+0000] {dag.py:3947} INFO - Setting next_dagrun for hello to 2025-10-31 00:00:00+00:00, run_after=2025-11-01 00:00:00+00:00
[2025-11-01T00:39:58.909+0000] {processor.py:183} INFO - Processing /opt/airflow/dags/hello.py took 0.038 seconds
[2025-11-01T01:29:55.943+0000] {processor.py:161} INFO - Started process (PID=68527) to work on /opt/airflow/dags/hello.py
[2025-11-01T01:29:55.944+0000] {processor.py:830} INFO - Processing file /opt/airflow/dags/hello.py for tasks to queue
[2025-11-01T01:29:55.946+0000] {logging_mixin.py:188} INFO - [2025-11-01T01:29:55.946+0000] {dagbag.py:545} INFO - Filling up the DagBag from /opt/airflow/dags/hello.py
[2025-11-01T01:29:55.955+0000] {processor.py:840} INFO - DAG(s) 'hello' retrieved from /opt/airflow/dags/hello.py
[2025-11-01T01:29:55.970+0000] {logging_mixin.py:188} INFO - [2025-11-01T01:29:55.970+0000] {dag.py:3089} INFO - Sync 1 DAGs
[2025-11-01T01:29:55.979+0000] {logging_mixin.py:188} INFO - [2025-11-01T01:29:55.979+0000] {dag.py:3947} INFO - Setting next_dagrun for hello to 2025-10-31 00:00:00+00:00, run_after=2025-11-01 00:00:00+00:00
[2025-11-01T01:29:55.986+0000] {processor.py:183} INFO - Processing /opt/airflow/dags/hello.py took 0.048 seconds
[2025-11-01T01:33:47.469+0000] {processor.py:161} INFO - Started process (PID=68558) to work on /opt/airflow/dags/hello.py
[2025-11-01T01:33:47.469+0000] {processor.py:830} INFO - Processing file /opt/airflow/dags/hello.py for tasks to queue
[2025-11-01T01:33:47.471+0000] {logging_mixin.py:188} INFO - [2025-11-01T01:33:47.471+0000] {dagbag.py:545} INFO - Filling up the DagBag from /opt/airflow/dags/hello.py
[2025-11-01T01:33:47.479+0000] {processor.py:840} INFO - DAG(s) 'hello' retrieved from /opt/airflow/dags/hello.py
[2025-11-01T01:33:47.493+0000] {logging_mixin.py:188} INFO - [2025-11-01T01:33:47.492+0000] {dag.py:3089} INFO - Sync 1 DAGs
[2025-11-01T01:33:47.500+0000] {logging_mixin.py:188} INFO - [2025-11-01T01:33:47.500+0000] {dag.py:3947} INFO - Setting next_dagrun for hello to 2025-10-31 00:00:00+00:00, run_after=2025-11-01 00:00:00+00:00
[2025-11-01T01:33:47.510+0000] {processor.py:183} INFO - Processing /opt/airflow/dags/hello.py took 0.046 seconds
[2025-11-01T01:49:39.190+0000] {processor.py:161} INFO - Started process (PID=68589) to work on /opt/airflow/dags/hello.py
[2025-11-01T01:49:39.191+0000] {processor.py:830} INFO - Processing file /opt/airflow/dags/hello.py for tasks to queue
[2025-11-01T01:49:39.192+0000] {logging_mixin.py:188} INFO - [2025-11-01T01:49:39.192+0000] {dagbag.py:545} INFO - Filling up the DagBag from /opt/airflow/dags/hello.py
[2025-11-01T01:49:39.201+0000] {processor.py:840} INFO - DAG(s) 'hello' retrieved from /opt/airflow/dags/hello.py
[2025-11-01T01:49:39.215+0000] {logging_mixin.py:188} INFO - [2025-11-01T01:49:39.215+0000] {dag.py:3089} INFO - Sync 1 DAGs
[2025-11-01T01:49:39.222+0000] {logging_mixin.py:188} INFO - [2025-11-01T01:49:39.222+0000] {dag.py:3947} INFO - Setting next_dagrun for hello to 2025-10-31 00:00:00+00:00, run_after=2025-11-01 00:00:00+00:00
[2025-11-01T01:49:39.230+0000] {processor.py:183} INFO - Processing /opt/airflow/dags/hello.py took 0.044 seconds
[2025-11-01T01:50:10.623+0000] {processor.py:161} INFO - Started process (PID=68620) to work on /opt/airflow/dags/hello.py
[2025-11-01T01:50:10.623+0000] {processor.py:830} INFO - Processing file /opt/airflow/dags/hello.py for tasks to queue
[2025-11-01T01:50:10.624+0000] {logging_mixin.py:188} INFO - [2025-11-01T01:50:10.624+0000] {dagbag.py:545} INFO - Filling up the DagBag from /opt/airflow/dags/hello.py
[2025-11-01T01:50:10.630+0000] {processor.py:840} INFO - DAG(s) 'hello' retrieved from /opt/airflow/dags/hello.py
[2025-11-01T01:50:10.639+0000] {logging_mixin.py:188} INFO - [2025-11-01T01:50:10.639+0000] {dag.py:3089} INFO - Sync 1 DAGs
[2025-11-01T01:50:10.646+0000] {logging_mixin.py:188} INFO - [2025-11-01T01:50:10.646+0000] {dag.py:3947} INFO - Setting next_dagrun for hello to 2025-10-31 00:00:00+00:00, run_after=2025-11-01 00:00:00+00:00
[2025-11-01T01:50:10.654+0000] {processor.py:183} INFO - Processing /opt/airflow/dags/hello.py took 0.036 seconds
[2025-11-01T02:34:28.956+0000] {processor.py:161} INFO - Started process (PID=68651) to work on /opt/airflow/dags/hello.py
[2025-11-01T02:34:28.957+0000] {processor.py:830} INFO - Processing file /opt/airflow/dags/hello.py for tasks to queue
[2025-11-01T02:34:28.958+0000] {logging_mixin.py:188} INFO - [2025-11-01T02:34:28.958+0000] {dagbag.py:545} INFO - Filling up the DagBag from /opt/airflow/dags/hello.py
[2025-11-01T02:34:28.967+0000] {processor.py:840} INFO - DAG(s) 'hello' retrieved from /opt/airflow/dags/hello.py
[2025-11-01T02:34:28.980+0000] {logging_mixin.py:188} INFO - [2025-11-01T02:34:28.979+0000] {dag.py:3089} INFO - Sync 1 DAGs
[2025-11-01T02:34:28.986+0000] {logging_mixin.py:188} INFO - [2025-11-01T02:34:28.986+0000] {dag.py:3947} INFO - Setting next_dagrun for hello to 2025-10-31 00:00:00+00:00, run_after=2025-11-01 00:00:00+00:00
[2025-11-01T02:34:28.994+0000] {processor.py:183} INFO - Processing /opt/airflow/dags/hello.py took 0.042 seconds
[2025-11-01T02:34:59.140+0000] {processor.py:161} INFO - Started process (PID=68682) to work on /opt/airflow/dags/hello.py
[2025-11-01T02:34:59.141+0000] {processor.py:830} INFO - Processing file /opt/airflow/dags/hello.py for tasks to queue
[2025-11-01T02:34:59.143+0000] {logging_mixin.py:188} INFO - [2025-11-01T02:34:59.142+0000] {dagbag.py:545} INFO - Filling up the DagBag from /opt/airflow/dags/hello.py
[2025-11-01T02:34:59.152+0000] {processor.py:840} INFO - DAG(s) 'hello' retrieved from /opt/airflow/dags/hello.py
[2025-11-01T02:34:59.166+0000] {logging_mixin.py:188} INFO - [2025-11-01T02:34:59.166+0000] {dag.py:3089} INFO - Sync 1 DAGs
[2025-11-01T02:34:59.175+0000] {logging_mixin.py:188} INFO - [2025-11-01T02:34:59.175+0000] {dag.py:3947} INFO - Setting next_dagrun for hello to 2025-10-31 00:00:00+00:00, run_after=2025-11-01 00:00:00+00:00
[2025-11-01T02:34:59.183+0000] {processor.py:183} INFO - Processing /opt/airflow/dags/hello.py took 0.048 seconds
[2025-11-01T03:35:26.612+0000] {processor.py:161} INFO - Started process (PID=68713) to work on /opt/airflow/dags/hello.py
[2025-11-01T03:35:26.613+0000] {processor.py:830} INFO - Processing file /opt/airflow/dags/hello.py for tasks to queue
[2025-11-01T03:35:26.614+0000] {logging_mixin.py:188} INFO - [2025-11-01T03:35:26.614+0000] {dagbag.py:545} INFO - Filling up the DagBag from /opt/airflow/dags/hello.py
[2025-11-01T03:35:26.623+0000] {processor.py:840} INFO - DAG(s) 'hello' retrieved from /opt/airflow/dags/hello.py
[2025-11-01T03:35:26.636+0000] {logging_mixin.py:188} INFO - [2025-11-01T03:35:26.636+0000] {dag.py:3089} INFO - Sync 1 DAGs
[2025-11-01T03:35:26.645+0000] {logging_mixin.py:188} INFO - [2025-11-01T03:35:26.645+0000] {dag.py:3947} INFO - Setting next_dagrun for hello to 2025-10-31 00:00:00+00:00, run_after=2025-11-01 00:00:00+00:00
[2025-11-01T03:35:26.652+0000] {processor.py:183} INFO - Processing /opt/airflow/dags/hello.py took 0.045 seconds
[2025-11-01T03:35:56.945+0000] {processor.py:161} INFO - Started process (PID=68744) to work on /opt/airflow/dags/hello.py
[2025-11-01T03:35:56.946+0000] {processor.py:830} INFO - Processing file /opt/airflow/dags/hello.py for tasks to queue
[2025-11-01T03:35:56.947+0000] {logging_mixin.py:188} INFO - [2025-11-01T03:35:56.947+0000] {dagbag.py:545} INFO - Filling up the DagBag from /opt/airflow/dags/hello.py
[2025-11-01T03:35:56.952+0000] {processor.py:840} INFO - DAG(s) 'hello' retrieved from /opt/airflow/dags/hello.py
[2025-11-01T03:35:56.961+0000] {logging_mixin.py:188} INFO - [2025-11-01T03:35:56.961+0000] {dag.py:3089} INFO - Sync 1 DAGs
[2025-11-01T03:35:56.968+0000] {logging_mixin.py:188} INFO - [2025-11-01T03:35:56.968+0000] {dag.py:3947} INFO - Setting next_dagrun for hello to 2025-10-31 00:00:00+00:00, run_after=2025-11-01 00:00:00+00:00
[2025-11-01T03:35:56.975+0000] {processor.py:183} INFO - Processing /opt/airflow/dags/hello.py took 0.032 seconds
[2025-11-01T04:36:24.717+0000] {processor.py:161} INFO - Started process (PID=68775) to work on /opt/airflow/dags/hello.py
[2025-11-01T04:36:24.718+0000] {processor.py:830} INFO - Processing file /opt/airflow/dags/hello.py for tasks to queue
[2025-11-01T04:36:24.720+0000] {logging_mixin.py:188} INFO - [2025-11-01T04:36:24.719+0000] {dagbag.py:545} INFO - Filling up the DagBag from /opt/airflow/dags/hello.py
[2025-11-01T04:36:24.729+0000] {processor.py:840} INFO - DAG(s) 'hello' retrieved from /opt/airflow/dags/hello.py
[2025-11-01T04:36:24.745+0000] {logging_mixin.py:188} INFO - [2025-11-01T04:36:24.745+0000] {dag.py:3089} INFO - Sync 1 DAGs
[2025-11-01T04:36:24.754+0000] {logging_mixin.py:188} INFO - [2025-11-01T04:36:24.754+0000] {dag.py:3947} INFO - Setting next_dagrun for hello to 2025-10-31 00:00:00+00:00, run_after=2025-11-01 00:00:00+00:00
[2025-11-01T04:36:24.762+0000] {processor.py:183} INFO - Processing /opt/airflow/dags/hello.py took 0.050 seconds
[2025-11-01T04:36:55.234+0000] {processor.py:161} INFO - Started process (PID=68806) to work on /opt/airflow/dags/hello.py
[2025-11-01T04:36:55.234+0000] {processor.py:830} INFO - Processing file /opt/airflow/dags/hello.py for tasks to queue
[2025-11-01T04:36:55.235+0000] {logging_mixin.py:188} INFO - [2025-11-01T04:36:55.235+0000] {dagbag.py:545} INFO - Filling up the DagBag from /opt/airflow/dags/hello.py
[2025-11-01T04:36:55.240+0000] {processor.py:840} INFO - DAG(s) 'hello' retrieved from /opt/airflow/dags/hello.py
[2025-11-01T04:36:55.248+0000] {logging_mixin.py:188} INFO - [2025-11-01T04:36:55.248+0000] {dag.py:3089} INFO - Sync 1 DAGs
[2025-11-01T04:36:55.254+0000] {logging_mixin.py:188} INFO - [2025-11-01T04:36:55.254+0000] {dag.py:3947} INFO - Setting next_dagrun for hello to 2025-10-31 00:00:00+00:00, run_after=2025-11-01 00:00:00+00:00
[2025-11-01T04:36:55.261+0000] {processor.py:183} INFO - Processing /opt/airflow/dags/hello.py took 0.030 seconds
[2025-11-01T05:26:01.804+0000] {processor.py:161} INFO - Started process (PID=68837) to work on /opt/airflow/dags/hello.py
[2025-11-01T05:26:01.805+0000] {processor.py:830} INFO - Processing file /opt/airflow/dags/hello.py for tasks to queue
[2025-11-01T05:26:01.807+0000] {logging_mixin.py:188} INFO - [2025-11-01T05:26:01.806+0000] {dagbag.py:545} INFO - Filling up the DagBag from /opt/airflow/dags/hello.py
[2025-11-01T05:26:01.816+0000] {processor.py:840} INFO - DAG(s) 'hello' retrieved from /opt/airflow/dags/hello.py
[2025-11-01T05:26:01.831+0000] {logging_mixin.py:188} INFO - [2025-11-01T05:26:01.830+0000] {dag.py:3089} INFO - Sync 1 DAGs
[2025-11-01T05:26:01.839+0000] {logging_mixin.py:188} INFO - [2025-11-01T05:26:01.839+0000] {dag.py:3947} INFO - Setting next_dagrun for hello to 2025-10-31 00:00:00+00:00, run_after=2025-11-01 00:00:00+00:00
[2025-11-01T05:26:01.847+0000] {processor.py:183} INFO - Processing /opt/airflow/dags/hello.py took 0.047 seconds
[2025-11-01T05:37:52.172+0000] {processor.py:161} INFO - Started process (PID=68868) to work on /opt/airflow/dags/hello.py
[2025-11-01T05:37:52.173+0000] {processor.py:830} INFO - Processing file /opt/airflow/dags/hello.py for tasks to queue
[2025-11-01T05:37:52.174+0000] {logging_mixin.py:188} INFO - [2025-11-01T05:37:52.174+0000] {dagbag.py:545} INFO - Filling up the DagBag from /opt/airflow/dags/hello.py
[2025-11-01T05:37:52.182+0000] {processor.py:840} INFO - DAG(s) 'hello' retrieved from /opt/airflow/dags/hello.py
[2025-11-01T05:37:52.193+0000] {logging_mixin.py:188} INFO - [2025-11-01T05:37:52.193+0000] {dag.py:3089} INFO - Sync 1 DAGs
[2025-11-01T05:37:52.200+0000] {logging_mixin.py:188} INFO - [2025-11-01T05:37:52.200+0000] {dag.py:3947} INFO - Setting next_dagrun for hello to 2025-10-31 00:00:00+00:00, run_after=2025-11-01 00:00:00+00:00
[2025-11-01T05:37:52.208+0000] {processor.py:183} INFO - Processing /opt/airflow/dags/hello.py took 0.040 seconds
[2025-11-01T06:27:21.035+0000] {processor.py:161} INFO - Started process (PID=68899) to work on /opt/airflow/dags/hello.py
[2025-11-01T06:27:21.036+0000] {processor.py:830} INFO - Processing file /opt/airflow/dags/hello.py for tasks to queue
[2025-11-01T06:27:21.038+0000] {logging_mixin.py:188} INFO - [2025-11-01T06:27:21.037+0000] {dagbag.py:545} INFO - Filling up the DagBag from /opt/airflow/dags/hello.py
[2025-11-01T06:27:21.046+0000] {processor.py:840} INFO - DAG(s) 'hello' retrieved from /opt/airflow/dags/hello.py
[2025-11-01T06:27:21.060+0000] {logging_mixin.py:188} INFO - [2025-11-01T06:27:21.060+0000] {dag.py:3089} INFO - Sync 1 DAGs
[2025-11-01T06:27:21.068+0000] {logging_mixin.py:188} INFO - [2025-11-01T06:27:21.068+0000] {dag.py:3947} INFO - Setting next_dagrun for hello to 2025-10-31 00:00:00+00:00, run_after=2025-11-01 00:00:00+00:00
[2025-11-01T06:27:21.076+0000] {processor.py:183} INFO - Processing /opt/airflow/dags/hello.py took 0.045 seconds
[2025-11-01T06:27:51.803+0000] {processor.py:161} INFO - Started process (PID=68930) to work on /opt/airflow/dags/hello.py
[2025-11-01T06:27:51.804+0000] {processor.py:830} INFO - Processing file /opt/airflow/dags/hello.py for tasks to queue
[2025-11-01T06:27:51.806+0000] {logging_mixin.py:188} INFO - [2025-11-01T06:27:51.805+0000] {dagbag.py:545} INFO - Filling up the DagBag from /opt/airflow/dags/hello.py
[2025-11-01T06:27:51.813+0000] {processor.py:840} INFO - DAG(s) 'hello' retrieved from /opt/airflow/dags/hello.py
[2025-11-01T06:27:51.827+0000] {logging_mixin.py:188} INFO - [2025-11-01T06:27:51.827+0000] {dag.py:3089} INFO - Sync 1 DAGs
[2025-11-01T06:27:51.835+0000] {logging_mixin.py:188} INFO - [2025-11-01T06:27:51.835+0000] {dag.py:3947} INFO - Setting next_dagrun for hello to 2025-10-31 00:00:00+00:00, run_after=2025-11-01 00:00:00+00:00
[2025-11-01T06:27:51.843+0000] {processor.py:183} INFO - Processing /opt/airflow/dags/hello.py took 0.044 seconds
[2025-11-01T06:38:37.505+0000] {processor.py:161} INFO - Started process (PID=68961) to work on /opt/airflow/dags/hello.py
[2025-11-01T06:38:37.506+0000] {processor.py:830} INFO - Processing file /opt/airflow/dags/hello.py for tasks to queue
[2025-11-01T06:38:37.507+0000] {logging_mixin.py:188} INFO - [2025-11-01T06:38:37.507+0000] {dagbag.py:545} INFO - Filling up the DagBag from /opt/airflow/dags/hello.py
[2025-11-01T06:38:37.516+0000] {processor.py:840} INFO - DAG(s) 'hello' retrieved from /opt/airflow/dags/hello.py
[2025-11-01T06:38:37.532+0000] {logging_mixin.py:188} INFO - [2025-11-01T06:38:37.532+0000] {dag.py:3089} INFO - Sync 1 DAGs
[2025-11-01T06:38:37.540+0000] {logging_mixin.py:188} INFO - [2025-11-01T06:38:37.540+0000] {dag.py:3947} INFO - Setting next_dagrun for hello to 2025-10-31 00:00:00+00:00, run_after=2025-11-01 00:00:00+00:00
[2025-11-01T06:38:37.549+0000] {processor.py:183} INFO - Processing /opt/airflow/dags/hello.py took 0.049 seconds
[2025-11-01T06:39:08.574+0000] {processor.py:161} INFO - Started process (PID=68992) to work on /opt/airflow/dags/hello.py
[2025-11-01T06:39:08.574+0000] {processor.py:830} INFO - Processing file /opt/airflow/dags/hello.py for tasks to queue
[2025-11-01T06:39:08.575+0000] {logging_mixin.py:188} INFO - [2025-11-01T06:39:08.575+0000] {dagbag.py:545} INFO - Filling up the DagBag from /opt/airflow/dags/hello.py
[2025-11-01T06:39:08.582+0000] {processor.py:840} INFO - DAG(s) 'hello' retrieved from /opt/airflow/dags/hello.py
[2025-11-01T06:39:08.593+0000] {logging_mixin.py:188} INFO - [2025-11-01T06:39:08.593+0000] {dag.py:3089} INFO - Sync 1 DAGs
[2025-11-01T06:39:08.602+0000] {logging_mixin.py:188} INFO - [2025-11-01T06:39:08.602+0000] {dag.py:3947} INFO - Setting next_dagrun for hello to 2025-10-31 00:00:00+00:00, run_after=2025-11-01 00:00:00+00:00
[2025-11-01T06:39:08.610+0000] {processor.py:183} INFO - Processing /opt/airflow/dags/hello.py took 0.040 seconds
[2025-11-01T07:39:37.102+0000] {processor.py:161} INFO - Started process (PID=69023) to work on /opt/airflow/dags/hello.py
[2025-11-01T07:39:37.103+0000] {processor.py:830} INFO - Processing file /opt/airflow/dags/hello.py for tasks to queue
[2025-11-01T07:39:37.104+0000] {logging_mixin.py:188} INFO - [2025-11-01T07:39:37.104+0000] {dagbag.py:545} INFO - Filling up the DagBag from /opt/airflow/dags/hello.py
[2025-11-01T07:39:37.112+0000] {processor.py:840} INFO - DAG(s) 'hello' retrieved from /opt/airflow/dags/hello.py
[2025-11-01T07:39:37.125+0000] {logging_mixin.py:188} INFO - [2025-11-01T07:39:37.125+0000] {dag.py:3089} INFO - Sync 1 DAGs
[2025-11-01T07:39:37.133+0000] {logging_mixin.py:188} INFO - [2025-11-01T07:39:37.133+0000] {dag.py:3947} INFO - Setting next_dagrun for hello to 2025-10-31 00:00:00+00:00, run_after=2025-11-01 00:00:00+00:00
[2025-11-01T07:39:37.140+0000] {processor.py:183} INFO - Processing /opt/airflow/dags/hello.py took 0.043 seconds
[2025-11-01T07:40:07.290+0000] {processor.py:161} INFO - Started process (PID=69054) to work on /opt/airflow/dags/hello.py
[2025-11-01T07:40:07.291+0000] {processor.py:830} INFO - Processing file /opt/airflow/dags/hello.py for tasks to queue
[2025-11-01T07:40:07.291+0000] {logging_mixin.py:188} INFO - [2025-11-01T07:40:07.291+0000] {dagbag.py:545} INFO - Filling up the DagBag from /opt/airflow/dags/hello.py
[2025-11-01T07:40:07.297+0000] {processor.py:840} INFO - DAG(s) 'hello' retrieved from /opt/airflow/dags/hello.py
[2025-11-01T07:40:07.306+0000] {logging_mixin.py:188} INFO - [2025-11-01T07:40:07.306+0000] {dag.py:3089} INFO - Sync 1 DAGs
[2025-11-01T07:40:07.319+0000] {logging_mixin.py:188} INFO - [2025-11-01T07:40:07.319+0000] {dag.py:3947} INFO - Setting next_dagrun for hello to 2025-10-31 00:00:00+00:00, run_after=2025-11-01 00:00:00+00:00
[2025-11-01T07:40:07.327+0000] {processor.py:183} INFO - Processing /opt/airflow/dags/hello.py took 0.039 seconds
[2025-11-01T08:26:54.024+0000] {processor.py:161} INFO - Started process (PID=69085) to work on /opt/airflow/dags/hello.py
[2025-11-01T08:26:54.025+0000] {processor.py:830} INFO - Processing file /opt/airflow/dags/hello.py for tasks to queue
[2025-11-01T08:26:54.026+0000] {logging_mixin.py:188} INFO - [2025-11-01T08:26:54.026+0000] {dagbag.py:545} INFO - Filling up the DagBag from /opt/airflow/dags/hello.py
[2025-11-01T08:26:54.035+0000] {processor.py:840} INFO - DAG(s) 'hello' retrieved from /opt/airflow/dags/hello.py
[2025-11-01T08:26:54.049+0000] {logging_mixin.py:188} INFO - [2025-11-01T08:26:54.049+0000] {dag.py:3089} INFO - Sync 1 DAGs
[2025-11-01T08:26:54.057+0000] {logging_mixin.py:188} INFO - [2025-11-01T08:26:54.057+0000] {dag.py:3947} INFO - Setting next_dagrun for hello to 2025-10-31 00:00:00+00:00, run_after=2025-11-01 00:00:00+00:00
[2025-11-01T08:26:54.066+0000] {processor.py:183} INFO - Processing /opt/airflow/dags/hello.py took 0.046 seconds
[2025-11-01T08:27:25.509+0000] {processor.py:161} INFO - Started process (PID=69116) to work on /opt/airflow/dags/hello.py
[2025-11-01T08:27:25.510+0000] {processor.py:830} INFO - Processing file /opt/airflow/dags/hello.py for tasks to queue
[2025-11-01T08:27:25.512+0000] {logging_mixin.py:188} INFO - [2025-11-01T08:27:25.511+0000] {dagbag.py:545} INFO - Filling up the DagBag from /opt/airflow/dags/hello.py
[2025-11-01T08:27:25.522+0000] {processor.py:840} INFO - DAG(s) 'hello' retrieved from /opt/airflow/dags/hello.py
[2025-11-01T08:27:25.547+0000] {logging_mixin.py:188} INFO - [2025-11-01T08:27:25.547+0000] {dag.py:3089} INFO - Sync 1 DAGs
[2025-11-01T08:27:25.557+0000] {logging_mixin.py:188} INFO - [2025-11-01T08:27:25.556+0000] {dag.py:3947} INFO - Setting next_dagrun for hello to 2025-10-31 00:00:00+00:00, run_after=2025-11-01 00:00:00+00:00
[2025-11-01T08:27:25.565+0000] {processor.py:183} INFO - Processing /opt/airflow/dags/hello.py took 0.061 seconds
[2025-11-01T09:34:11.595+0000] {processor.py:161} INFO - Started process (PID=69147) to work on /opt/airflow/dags/hello.py
[2025-11-01T09:34:11.595+0000] {processor.py:830} INFO - Processing file /opt/airflow/dags/hello.py for tasks to queue
[2025-11-01T09:34:11.596+0000] {logging_mixin.py:188} INFO - [2025-11-01T09:34:11.596+0000] {dagbag.py:545} INFO - Filling up the DagBag from /opt/airflow/dags/hello.py
[2025-11-01T09:34:11.601+0000] {processor.py:840} INFO - DAG(s) 'hello' retrieved from /opt/airflow/dags/hello.py
[2025-11-01T09:34:11.610+0000] {logging_mixin.py:188} INFO - [2025-11-01T09:34:11.609+0000] {dag.py:3089} INFO - Sync 1 DAGs
[2025-11-01T09:34:11.616+0000] {logging_mixin.py:188} INFO - [2025-11-01T09:34:11.616+0000] {dag.py:3947} INFO - Setting next_dagrun for hello to 2025-10-31 00:00:00+00:00, run_after=2025-11-01 00:00:00+00:00
[2025-11-01T09:34:11.623+0000] {processor.py:183} INFO - Processing /opt/airflow/dags/hello.py took 0.031 seconds
[2025-11-01T10:21:14.991+0000] {processor.py:161} INFO - Started process (PID=69178) to work on /opt/airflow/dags/hello.py
[2025-11-01T10:21:14.992+0000] {processor.py:830} INFO - Processing file /opt/airflow/dags/hello.py for tasks to queue
[2025-11-01T10:21:14.994+0000] {logging_mixin.py:188} INFO - [2025-11-01T10:21:14.994+0000] {dagbag.py:545} INFO - Filling up the DagBag from /opt/airflow/dags/hello.py
[2025-11-01T10:21:15.003+0000] {processor.py:840} INFO - DAG(s) 'hello' retrieved from /opt/airflow/dags/hello.py
[2025-11-01T10:21:15.017+0000] {logging_mixin.py:188} INFO - [2025-11-01T10:21:15.017+0000] {dag.py:3089} INFO - Sync 1 DAGs
[2025-11-01T10:21:15.026+0000] {logging_mixin.py:188} INFO - [2025-11-01T10:21:15.026+0000] {dag.py:3947} INFO - Setting next_dagrun for hello to 2025-10-31 00:00:00+00:00, run_after=2025-11-01 00:00:00+00:00
[2025-11-01T10:21:15.034+0000] {processor.py:183} INFO - Processing /opt/airflow/dags/hello.py took 0.047 seconds
[2025-11-01T10:36:47.527+0000] {processor.py:161} INFO - Started process (PID=69209) to work on /opt/airflow/dags/hello.py
[2025-11-01T10:36:47.529+0000] {processor.py:830} INFO - Processing file /opt/airflow/dags/hello.py for tasks to queue
[2025-11-01T10:36:47.533+0000] {logging_mixin.py:188} INFO - [2025-11-01T10:36:47.533+0000] {dagbag.py:545} INFO - Filling up the DagBag from /opt/airflow/dags/hello.py
[2025-11-01T10:36:47.544+0000] {processor.py:840} INFO - DAG(s) 'hello' retrieved from /opt/airflow/dags/hello.py
[2025-11-01T10:36:47.559+0000] {logging_mixin.py:188} INFO - [2025-11-01T10:36:47.559+0000] {dag.py:3089} INFO - Sync 1 DAGs
[2025-11-01T10:36:47.568+0000] {logging_mixin.py:188} INFO - [2025-11-01T10:36:47.568+0000] {dag.py:3947} INFO - Setting next_dagrun for hello to 2025-10-31 00:00:00+00:00, run_after=2025-11-01 00:00:00+00:00
[2025-11-01T10:36:47.576+0000] {processor.py:183} INFO - Processing /opt/airflow/dags/hello.py took 0.052 seconds
[2025-11-01T11:36:15.446+0000] {processor.py:161} INFO - Started process (PID=69240) to work on /opt/airflow/dags/hello.py
[2025-11-01T11:36:15.447+0000] {processor.py:830} INFO - Processing file /opt/airflow/dags/hello.py for tasks to queue
[2025-11-01T11:36:15.448+0000] {logging_mixin.py:188} INFO - [2025-11-01T11:36:15.448+0000] {dagbag.py:545} INFO - Filling up the DagBag from /opt/airflow/dags/hello.py
[2025-11-01T11:36:15.455+0000] {processor.py:840} INFO - DAG(s) 'hello' retrieved from /opt/airflow/dags/hello.py
[2025-11-01T11:36:15.469+0000] {logging_mixin.py:188} INFO - [2025-11-01T11:36:15.468+0000] {dag.py:3089} INFO - Sync 1 DAGs
[2025-11-01T11:36:15.476+0000] {logging_mixin.py:188} INFO - [2025-11-01T11:36:15.476+0000] {dag.py:3947} INFO - Setting next_dagrun for hello to 2025-10-31 00:00:00+00:00, run_after=2025-11-01 00:00:00+00:00
[2025-11-01T11:36:15.483+0000] {processor.py:183} INFO - Processing /opt/airflow/dags/hello.py took 0.041 seconds
[2025-11-01T11:36:47.669+0000] {processor.py:161} INFO - Started process (PID=69271) to work on /opt/airflow/dags/hello.py
[2025-11-01T11:36:47.670+0000] {processor.py:830} INFO - Processing file /opt/airflow/dags/hello.py for tasks to queue
[2025-11-01T11:36:47.670+0000] {logging_mixin.py:188} INFO - [2025-11-01T11:36:47.670+0000] {dagbag.py:545} INFO - Filling up the DagBag from /opt/airflow/dags/hello.py
[2025-11-01T11:36:47.676+0000] {processor.py:840} INFO - DAG(s) 'hello' retrieved from /opt/airflow/dags/hello.py
[2025-11-01T11:36:47.685+0000] {logging_mixin.py:188} INFO - [2025-11-01T11:36:47.685+0000] {dag.py:3089} INFO - Sync 1 DAGs
[2025-11-01T11:36:47.692+0000] {logging_mixin.py:188} INFO - [2025-11-01T11:36:47.692+0000] {dag.py:3947} INFO - Setting next_dagrun for hello to 2025-10-31 00:00:00+00:00, run_after=2025-11-01 00:00:00+00:00
[2025-11-01T11:36:47.700+0000] {processor.py:183} INFO - Processing /opt/airflow/dags/hello.py took 0.033 seconds
[2025-11-01T12:42:37.422+0000] {processor.py:161} INFO - Started process (PID=69302) to work on /opt/airflow/dags/hello.py
[2025-11-01T12:42:37.423+0000] {processor.py:830} INFO - Processing file /opt/airflow/dags/hello.py for tasks to queue
[2025-11-01T12:42:37.425+0000] {logging_mixin.py:188} INFO - [2025-11-01T12:42:37.424+0000] {dagbag.py:545} INFO - Filling up the DagBag from /opt/airflow/dags/hello.py
[2025-11-01T12:42:37.433+0000] {processor.py:840} INFO - DAG(s) 'hello' retrieved from /opt/airflow/dags/hello.py
[2025-11-01T12:42:37.448+0000] {logging_mixin.py:188} INFO - [2025-11-01T12:42:37.448+0000] {dag.py:3089} INFO - Sync 1 DAGs
[2025-11-01T12:42:37.457+0000] {logging_mixin.py:188} INFO - [2025-11-01T12:42:37.457+0000] {dag.py:3947} INFO - Setting next_dagrun for hello to 2025-10-31 00:00:00+00:00, run_after=2025-11-01 00:00:00+00:00
[2025-11-01T12:42:37.465+0000] {processor.py:183} INFO - Processing /opt/airflow/dags/hello.py took 0.048 seconds
[2025-11-01T12:43:08.594+0000] {processor.py:161} INFO - Started process (PID=69333) to work on /opt/airflow/dags/hello.py
[2025-11-01T12:43:08.594+0000] {processor.py:830} INFO - Processing file /opt/airflow/dags/hello.py for tasks to queue
[2025-11-01T12:43:08.596+0000] {logging_mixin.py:188} INFO - [2025-11-01T12:43:08.595+0000] {dagbag.py:545} INFO - Filling up the DagBag from /opt/airflow/dags/hello.py
[2025-11-01T12:43:08.603+0000] {processor.py:840} INFO - DAG(s) 'hello' retrieved from /opt/airflow/dags/hello.py
[2025-11-01T12:43:08.617+0000] {logging_mixin.py:188} INFO - [2025-11-01T12:43:08.617+0000] {dag.py:3089} INFO - Sync 1 DAGs
[2025-11-01T12:43:08.624+0000] {logging_mixin.py:188} INFO - [2025-11-01T12:43:08.623+0000] {dag.py:3947} INFO - Setting next_dagrun for hello to 2025-10-31 00:00:00+00:00, run_after=2025-11-01 00:00:00+00:00
[2025-11-01T12:43:08.631+0000] {processor.py:183} INFO - Processing /opt/airflow/dags/hello.py took 0.042 seconds
[2025-11-01T13:01:03.111+0000] {processor.py:161} INFO - Started process (PID=69364) to work on /opt/airflow/dags/hello.py
[2025-11-01T13:01:03.111+0000] {processor.py:830} INFO - Processing file /opt/airflow/dags/hello.py for tasks to queue
[2025-11-01T13:01:03.113+0000] {logging_mixin.py:188} INFO - [2025-11-01T13:01:03.112+0000] {dagbag.py:545} INFO - Filling up the DagBag from /opt/airflow/dags/hello.py
[2025-11-01T13:01:03.120+0000] {processor.py:840} INFO - DAG(s) 'hello' retrieved from /opt/airflow/dags/hello.py
[2025-11-01T13:01:03.131+0000] {logging_mixin.py:188} INFO - [2025-11-01T13:01:03.131+0000] {dag.py:3089} INFO - Sync 1 DAGs
[2025-11-01T13:01:03.137+0000] {logging_mixin.py:188} INFO - [2025-11-01T13:01:03.137+0000] {dag.py:3947} INFO - Setting next_dagrun for hello to 2025-10-31 00:00:00+00:00, run_after=2025-11-01 00:00:00+00:00
[2025-11-01T13:01:03.145+0000] {processor.py:183} INFO - Processing /opt/airflow/dags/hello.py took 0.038 seconds
[2025-11-01T13:01:35.139+0000] {processor.py:161} INFO - Started process (PID=69395) to work on /opt/airflow/dags/hello.py
[2025-11-01T13:01:35.140+0000] {processor.py:830} INFO - Processing file /opt/airflow/dags/hello.py for tasks to queue
[2025-11-01T13:01:35.142+0000] {logging_mixin.py:188} INFO - [2025-11-01T13:01:35.141+0000] {dagbag.py:545} INFO - Filling up the DagBag from /opt/airflow/dags/hello.py
[2025-11-01T13:01:35.150+0000] {processor.py:840} INFO - DAG(s) 'hello' retrieved from /opt/airflow/dags/hello.py
[2025-11-01T13:01:35.164+0000] {logging_mixin.py:188} INFO - [2025-11-01T13:01:35.164+0000] {dag.py:3089} INFO - Sync 1 DAGs
[2025-11-01T13:01:35.173+0000] {logging_mixin.py:188} INFO - [2025-11-01T13:01:35.173+0000] {dag.py:3947} INFO - Setting next_dagrun for hello to 2025-10-31 00:00:00+00:00, run_after=2025-11-01 00:00:00+00:00
[2025-11-01T13:01:35.182+0000] {processor.py:183} INFO - Processing /opt/airflow/dags/hello.py took 0.049 seconds
[2025-11-01T13:37:18.335+0000] {processor.py:161} INFO - Started process (PID=69426) to work on /opt/airflow/dags/hello.py
[2025-11-01T13:37:18.336+0000] {processor.py:830} INFO - Processing file /opt/airflow/dags/hello.py for tasks to queue
[2025-11-01T13:37:18.338+0000] {logging_mixin.py:188} INFO - [2025-11-01T13:37:18.337+0000] {dagbag.py:545} INFO - Filling up the DagBag from /opt/airflow/dags/hello.py
[2025-11-01T13:37:18.347+0000] {processor.py:840} INFO - DAG(s) 'hello' retrieved from /opt/airflow/dags/hello.py
[2025-11-01T13:37:18.361+0000] {logging_mixin.py:188} INFO - [2025-11-01T13:37:18.361+0000] {dag.py:3089} INFO - Sync 1 DAGs
[2025-11-01T13:37:18.370+0000] {logging_mixin.py:188} INFO - [2025-11-01T13:37:18.370+0000] {dag.py:3947} INFO - Setting next_dagrun for hello to 2025-10-31 00:00:00+00:00, run_after=2025-11-01 00:00:00+00:00
[2025-11-01T13:37:18.382+0000] {processor.py:183} INFO - Processing /opt/airflow/dags/hello.py took 0.052 seconds
[2025-11-01T13:37:50.510+0000] {processor.py:161} INFO - Started process (PID=69457) to work on /opt/airflow/dags/hello.py
[2025-11-01T13:37:50.511+0000] {processor.py:830} INFO - Processing file /opt/airflow/dags/hello.py for tasks to queue
[2025-11-01T13:37:50.513+0000] {logging_mixin.py:188} INFO - [2025-11-01T13:37:50.513+0000] {dagbag.py:545} INFO - Filling up the DagBag from /opt/airflow/dags/hello.py
[2025-11-01T13:37:50.522+0000] {processor.py:840} INFO - DAG(s) 'hello' retrieved from /opt/airflow/dags/hello.py
[2025-11-01T13:37:50.538+0000] {logging_mixin.py:188} INFO - [2025-11-01T13:37:50.538+0000] {dag.py:3089} INFO - Sync 1 DAGs
[2025-11-01T13:37:50.546+0000] {logging_mixin.py:188} INFO - [2025-11-01T13:37:50.546+0000] {dag.py:3947} INFO - Setting next_dagrun for hello to 2025-10-31 00:00:00+00:00, run_after=2025-11-01 00:00:00+00:00
[2025-11-01T13:37:50.554+0000] {processor.py:183} INFO - Processing /opt/airflow/dags/hello.py took 0.050 seconds
[2025-11-01T14:38:15.347+0000] {processor.py:161} INFO - Started process (PID=69488) to work on /opt/airflow/dags/hello.py
[2025-11-01T14:38:15.348+0000] {processor.py:830} INFO - Processing file /opt/airflow/dags/hello.py for tasks to queue
[2025-11-01T14:38:15.349+0000] {logging_mixin.py:188} INFO - [2025-11-01T14:38:15.349+0000] {dagbag.py:545} INFO - Filling up the DagBag from /opt/airflow/dags/hello.py
[2025-11-01T14:38:15.358+0000] {processor.py:840} INFO - DAG(s) 'hello' retrieved from /opt/airflow/dags/hello.py
[2025-11-01T14:38:15.372+0000] {logging_mixin.py:188} INFO - [2025-11-01T14:38:15.372+0000] {dag.py:3089} INFO - Sync 1 DAGs
[2025-11-01T14:38:15.381+0000] {logging_mixin.py:188} INFO - [2025-11-01T14:38:15.380+0000] {dag.py:3947} INFO - Setting next_dagrun for hello to 2025-10-31 00:00:00+00:00, run_after=2025-11-01 00:00:00+00:00
[2025-11-01T14:38:15.388+0000] {processor.py:183} INFO - Processing /opt/airflow/dags/hello.py took 0.046 seconds
[2025-11-01T14:38:47.182+0000] {processor.py:161} INFO - Started process (PID=69519) to work on /opt/airflow/dags/hello.py
[2025-11-01T14:38:47.183+0000] {processor.py:830} INFO - Processing file /opt/airflow/dags/hello.py for tasks to queue
[2025-11-01T14:38:47.185+0000] {logging_mixin.py:188} INFO - [2025-11-01T14:38:47.184+0000] {dagbag.py:545} INFO - Filling up the DagBag from /opt/airflow/dags/hello.py
[2025-11-01T14:38:47.194+0000] {processor.py:840} INFO - DAG(s) 'hello' retrieved from /opt/airflow/dags/hello.py
[2025-11-01T14:38:47.208+0000] {logging_mixin.py:188} INFO - [2025-11-01T14:38:47.208+0000] {dag.py:3089} INFO - Sync 1 DAGs
[2025-11-01T14:38:47.216+0000] {logging_mixin.py:188} INFO - [2025-11-01T14:38:47.216+0000] {dag.py:3947} INFO - Setting next_dagrun for hello to 2025-10-31 00:00:00+00:00, run_after=2025-11-01 00:00:00+00:00
[2025-11-01T14:38:47.223+0000] {processor.py:183} INFO - Processing /opt/airflow/dags/hello.py took 0.046 seconds
[2025-11-01T14:40:41.554+0000] {processor.py:161} INFO - Started process (PID=69550) to work on /opt/airflow/dags/hello.py
[2025-11-01T14:40:41.555+0000] {processor.py:830} INFO - Processing file /opt/airflow/dags/hello.py for tasks to queue
[2025-11-01T14:40:41.557+0000] {logging_mixin.py:188} INFO - [2025-11-01T14:40:41.556+0000] {dagbag.py:545} INFO - Filling up the DagBag from /opt/airflow/dags/hello.py
[2025-11-01T14:40:41.565+0000] {processor.py:840} INFO - DAG(s) 'hello' retrieved from /opt/airflow/dags/hello.py
[2025-11-01T14:40:41.579+0000] {logging_mixin.py:188} INFO - [2025-11-01T14:40:41.579+0000] {dag.py:3089} INFO - Sync 1 DAGs
[2025-11-01T14:40:41.588+0000] {logging_mixin.py:188} INFO - [2025-11-01T14:40:41.588+0000] {dag.py:3947} INFO - Setting next_dagrun for hello to 2025-10-31 00:00:00+00:00, run_after=2025-11-01 00:00:00+00:00
[2025-11-01T14:40:41.595+0000] {processor.py:183} INFO - Processing /opt/airflow/dags/hello.py took 0.047 seconds
[2025-11-01T14:56:37.423+0000] {processor.py:161} INFO - Started process (PID=69581) to work on /opt/airflow/dags/hello.py
[2025-11-01T14:56:37.424+0000] {processor.py:830} INFO - Processing file /opt/airflow/dags/hello.py for tasks to queue
[2025-11-01T14:56:37.425+0000] {logging_mixin.py:188} INFO - [2025-11-01T14:56:37.424+0000] {dagbag.py:545} INFO - Filling up the DagBag from /opt/airflow/dags/hello.py
[2025-11-01T14:56:37.431+0000] {processor.py:840} INFO - DAG(s) 'hello' retrieved from /opt/airflow/dags/hello.py
[2025-11-01T14:56:37.443+0000] {logging_mixin.py:188} INFO - [2025-11-01T14:56:37.443+0000] {dag.py:3089} INFO - Sync 1 DAGs
[2025-11-01T14:56:37.450+0000] {logging_mixin.py:188} INFO - [2025-11-01T14:56:37.450+0000] {dag.py:3947} INFO - Setting next_dagrun for hello to 2025-10-31 00:00:00+00:00, run_after=2025-11-01 00:00:00+00:00
[2025-11-01T14:56:37.457+0000] {processor.py:183} INFO - Processing /opt/airflow/dags/hello.py took 0.038 seconds
[2025-11-01T15:39:25.626+0000] {processor.py:161} INFO - Started process (PID=69612) to work on /opt/airflow/dags/hello.py
[2025-11-01T15:39:25.627+0000] {processor.py:830} INFO - Processing file /opt/airflow/dags/hello.py for tasks to queue
[2025-11-01T15:39:25.629+0000] {logging_mixin.py:188} INFO - [2025-11-01T15:39:25.628+0000] {dagbag.py:545} INFO - Filling up the DagBag from /opt/airflow/dags/hello.py
[2025-11-01T15:39:25.637+0000] {processor.py:840} INFO - DAG(s) 'hello' retrieved from /opt/airflow/dags/hello.py
[2025-11-01T15:39:25.651+0000] {logging_mixin.py:188} INFO - [2025-11-01T15:39:25.651+0000] {dag.py:3089} INFO - Sync 1 DAGs
[2025-11-01T15:39:25.659+0000] {logging_mixin.py:188} INFO - [2025-11-01T15:39:25.659+0000] {dag.py:3947} INFO - Setting next_dagrun for hello to 2025-10-31 00:00:00+00:00, run_after=2025-11-01 00:00:00+00:00
[2025-11-01T15:39:25.666+0000] {processor.py:183} INFO - Processing /opt/airflow/dags/hello.py took 0.045 seconds
[2025-11-01T15:56:08.390+0000] {processor.py:161} INFO - Started process (PID=69643) to work on /opt/airflow/dags/hello.py
[2025-11-01T15:56:08.391+0000] {processor.py:830} INFO - Processing file /opt/airflow/dags/hello.py for tasks to queue
[2025-11-01T15:56:08.393+0000] {logging_mixin.py:188} INFO - [2025-11-01T15:56:08.393+0000] {dagbag.py:545} INFO - Filling up the DagBag from /opt/airflow/dags/hello.py
[2025-11-01T15:56:08.403+0000] {processor.py:840} INFO - DAG(s) 'hello' retrieved from /opt/airflow/dags/hello.py
[2025-11-01T15:56:08.418+0000] {logging_mixin.py:188} INFO - [2025-11-01T15:56:08.418+0000] {dag.py:3089} INFO - Sync 1 DAGs
[2025-11-01T15:56:08.426+0000] {logging_mixin.py:188} INFO - [2025-11-01T15:56:08.426+0000] {dag.py:3947} INFO - Setting next_dagrun for hello to 2025-10-31 00:00:00+00:00, run_after=2025-11-01 00:00:00+00:00
[2025-11-01T15:56:08.435+0000] {processor.py:183} INFO - Processing /opt/airflow/dags/hello.py took 0.051 seconds
[2025-11-01T16:40:23.743+0000] {processor.py:161} INFO - Started process (PID=69674) to work on /opt/airflow/dags/hello.py
[2025-11-01T16:40:23.744+0000] {processor.py:830} INFO - Processing file /opt/airflow/dags/hello.py for tasks to queue
[2025-11-01T16:40:23.746+0000] {logging_mixin.py:188} INFO - [2025-11-01T16:40:23.746+0000] {dagbag.py:545} INFO - Filling up the DagBag from /opt/airflow/dags/hello.py
[2025-11-01T16:40:23.756+0000] {processor.py:840} INFO - DAG(s) 'hello' retrieved from /opt/airflow/dags/hello.py
[2025-11-01T16:40:23.771+0000] {logging_mixin.py:188} INFO - [2025-11-01T16:40:23.771+0000] {dag.py:3089} INFO - Sync 1 DAGs
[2025-11-01T16:40:23.780+0000] {logging_mixin.py:188} INFO - [2025-11-01T16:40:23.780+0000] {dag.py:3947} INFO - Setting next_dagrun for hello to 2025-10-31 00:00:00+00:00, run_after=2025-11-01 00:00:00+00:00
[2025-11-01T16:40:23.788+0000] {processor.py:183} INFO - Processing /opt/airflow/dags/hello.py took 0.051 seconds
[2025-11-01T16:40:55.850+0000] {processor.py:161} INFO - Started process (PID=69705) to work on /opt/airflow/dags/hello.py
[2025-11-01T16:40:55.851+0000] {processor.py:830} INFO - Processing file /opt/airflow/dags/hello.py for tasks to queue
[2025-11-01T16:40:55.853+0000] {logging_mixin.py:188} INFO - [2025-11-01T16:40:55.853+0000] {dagbag.py:545} INFO - Filling up the DagBag from /opt/airflow/dags/hello.py
[2025-11-01T16:40:55.863+0000] {processor.py:840} INFO - DAG(s) 'hello' retrieved from /opt/airflow/dags/hello.py
[2025-11-01T16:40:55.878+0000] {logging_mixin.py:188} INFO - [2025-11-01T16:40:55.878+0000] {dag.py:3089} INFO - Sync 1 DAGs
[2025-11-01T16:40:55.887+0000] {logging_mixin.py:188} INFO - [2025-11-01T16:40:55.887+0000] {dag.py:3947} INFO - Setting next_dagrun for hello to 2025-10-31 00:00:00+00:00, run_after=2025-11-01 00:00:00+00:00
[2025-11-01T16:40:55.895+0000] {processor.py:183} INFO - Processing /opt/airflow/dags/hello.py took 0.050 seconds
[2025-11-01T17:41:21.634+0000] {processor.py:161} INFO - Started process (PID=69736) to work on /opt/airflow/dags/hello.py
[2025-11-01T17:41:21.635+0000] {processor.py:830} INFO - Processing file /opt/airflow/dags/hello.py for tasks to queue
[2025-11-01T17:41:21.637+0000] {logging_mixin.py:188} INFO - [2025-11-01T17:41:21.637+0000] {dagbag.py:545} INFO - Filling up the DagBag from /opt/airflow/dags/hello.py
[2025-11-01T17:41:21.647+0000] {processor.py:840} INFO - DAG(s) 'hello' retrieved from /opt/airflow/dags/hello.py
[2025-11-01T17:41:21.663+0000] {logging_mixin.py:188} INFO - [2025-11-01T17:41:21.663+0000] {dag.py:3089} INFO - Sync 1 DAGs
[2025-11-01T17:41:21.673+0000] {logging_mixin.py:188} INFO - [2025-11-01T17:41:21.672+0000] {dag.py:3947} INFO - Setting next_dagrun for hello to 2025-10-31 00:00:00+00:00, run_after=2025-11-01 00:00:00+00:00
[2025-11-01T17:41:21.681+0000] {processor.py:183} INFO - Processing /opt/airflow/dags/hello.py took 0.051 seconds
[2025-11-01T17:41:53.285+0000] {processor.py:161} INFO - Started process (PID=69767) to work on /opt/airflow/dags/hello.py
[2025-11-01T17:41:53.287+0000] {processor.py:830} INFO - Processing file /opt/airflow/dags/hello.py for tasks to queue
[2025-11-01T17:41:53.288+0000] {logging_mixin.py:188} INFO - [2025-11-01T17:41:53.288+0000] {dagbag.py:545} INFO - Filling up the DagBag from /opt/airflow/dags/hello.py
[2025-11-01T17:41:53.358+0000] {processor.py:840} INFO - DAG(s) 'hello' retrieved from /opt/airflow/dags/hello.py
[2025-11-01T17:41:53.369+0000] {logging_mixin.py:188} INFO - [2025-11-01T17:41:53.369+0000] {dag.py:3089} INFO - Sync 1 DAGs
[2025-11-01T17:41:53.376+0000] {logging_mixin.py:188} INFO - [2025-11-01T17:41:53.376+0000] {dag.py:3947} INFO - Setting next_dagrun for hello to 2025-10-31 00:00:00+00:00, run_after=2025-11-01 00:00:00+00:00
[2025-11-01T17:41:53.384+0000] {processor.py:183} INFO - Processing /opt/airflow/dags/hello.py took 0.104 seconds
[2025-11-01T17:58:55.676+0000] {processor.py:161} INFO - Started process (PID=69798) to work on /opt/airflow/dags/hello.py
[2025-11-01T17:58:55.677+0000] {processor.py:830} INFO - Processing file /opt/airflow/dags/hello.py for tasks to queue
[2025-11-01T17:58:55.678+0000] {logging_mixin.py:188} INFO - [2025-11-01T17:58:55.678+0000] {dagbag.py:545} INFO - Filling up the DagBag from /opt/airflow/dags/hello.py
[2025-11-01T17:58:55.687+0000] {processor.py:840} INFO - DAG(s) 'hello' retrieved from /opt/airflow/dags/hello.py
[2025-11-01T17:58:55.701+0000] {logging_mixin.py:188} INFO - [2025-11-01T17:58:55.701+0000] {dag.py:3089} INFO - Sync 1 DAGs
[2025-11-01T17:58:55.709+0000] {logging_mixin.py:188} INFO - [2025-11-01T17:58:55.709+0000] {dag.py:3947} INFO - Setting next_dagrun for hello to 2025-10-31 00:00:00+00:00, run_after=2025-11-01 00:00:00+00:00
[2025-11-01T17:58:55.717+0000] {processor.py:183} INFO - Processing /opt/airflow/dags/hello.py took 0.046 seconds
[2025-11-01T18:16:21.962+0000] {processor.py:161} INFO - Started process (PID=69829) to work on /opt/airflow/dags/hello.py
[2025-11-01T18:16:21.963+0000] {processor.py:830} INFO - Processing file /opt/airflow/dags/hello.py for tasks to queue
[2025-11-01T18:16:21.965+0000] {logging_mixin.py:188} INFO - [2025-11-01T18:16:21.964+0000] {dagbag.py:545} INFO - Filling up the DagBag from /opt/airflow/dags/hello.py
[2025-11-01T18:16:21.972+0000] {processor.py:840} INFO - DAG(s) 'hello' retrieved from /opt/airflow/dags/hello.py
[2025-11-01T18:16:21.987+0000] {logging_mixin.py:188} INFO - [2025-11-01T18:16:21.987+0000] {dag.py:3089} INFO - Sync 1 DAGs
[2025-11-01T18:16:21.994+0000] {logging_mixin.py:188} INFO - [2025-11-01T18:16:21.994+0000] {dag.py:3947} INFO - Setting next_dagrun for hello to 2025-10-31 00:00:00+00:00, run_after=2025-11-01 00:00:00+00:00
[2025-11-01T18:16:22.001+0000] {processor.py:183} INFO - Processing /opt/airflow/dags/hello.py took 0.043 seconds
[2025-11-01T18:42:32.647+0000] {processor.py:161} INFO - Started process (PID=69860) to work on /opt/airflow/dags/hello.py
[2025-11-01T18:42:32.648+0000] {processor.py:830} INFO - Processing file /opt/airflow/dags/hello.py for tasks to queue
[2025-11-01T18:42:32.650+0000] {logging_mixin.py:188} INFO - [2025-11-01T18:42:32.649+0000] {dagbag.py:545} INFO - Filling up the DagBag from /opt/airflow/dags/hello.py
[2025-11-01T18:42:32.658+0000] {processor.py:840} INFO - DAG(s) 'hello' retrieved from /opt/airflow/dags/hello.py
[2025-11-01T18:42:32.670+0000] {logging_mixin.py:188} INFO - [2025-11-01T18:42:32.670+0000] {dag.py:3089} INFO - Sync 1 DAGs
[2025-11-01T18:42:32.677+0000] {logging_mixin.py:188} INFO - [2025-11-01T18:42:32.677+0000] {dag.py:3947} INFO - Setting next_dagrun for hello to 2025-10-31 00:00:00+00:00, run_after=2025-11-01 00:00:00+00:00
[2025-11-01T18:42:32.685+0000] {processor.py:183} INFO - Processing /opt/airflow/dags/hello.py took 0.042 seconds
[2025-11-01T18:59:40.163+0000] {processor.py:161} INFO - Started process (PID=69891) to work on /opt/airflow/dags/hello.py
[2025-11-01T18:59:40.164+0000] {processor.py:830} INFO - Processing file /opt/airflow/dags/hello.py for tasks to queue
[2025-11-01T18:59:40.165+0000] {logging_mixin.py:188} INFO - [2025-11-01T18:59:40.165+0000] {dagbag.py:545} INFO - Filling up the DagBag from /opt/airflow/dags/hello.py
[2025-11-01T18:59:40.173+0000] {processor.py:840} INFO - DAG(s) 'hello' retrieved from /opt/airflow/dags/hello.py
[2025-11-01T18:59:40.187+0000] {logging_mixin.py:188} INFO - [2025-11-01T18:59:40.187+0000] {dag.py:3089} INFO - Sync 1 DAGs
[2025-11-01T18:59:40.194+0000] {logging_mixin.py:188} INFO - [2025-11-01T18:59:40.194+0000] {dag.py:3947} INFO - Setting next_dagrun for hello to 2025-10-31 00:00:00+00:00, run_after=2025-11-01 00:00:00+00:00
[2025-11-01T18:59:40.201+0000] {processor.py:183} INFO - Processing /opt/airflow/dags/hello.py took 0.042 seconds
[2025-11-01T19:00:11.650+0000] {processor.py:161} INFO - Started process (PID=69922) to work on /opt/airflow/dags/hello.py
[2025-11-01T19:00:11.650+0000] {processor.py:830} INFO - Processing file /opt/airflow/dags/hello.py for tasks to queue
[2025-11-01T19:00:11.652+0000] {logging_mixin.py:188} INFO - [2025-11-01T19:00:11.652+0000] {dagbag.py:545} INFO - Filling up the DagBag from /opt/airflow/dags/hello.py
[2025-11-01T19:00:11.661+0000] {processor.py:840} INFO - DAG(s) 'hello' retrieved from /opt/airflow/dags/hello.py
[2025-11-01T19:00:11.676+0000] {logging_mixin.py:188} INFO - [2025-11-01T19:00:11.676+0000] {dag.py:3089} INFO - Sync 1 DAGs
[2025-11-01T19:00:11.685+0000] {logging_mixin.py:188} INFO - [2025-11-01T19:00:11.685+0000] {dag.py:3947} INFO - Setting next_dagrun for hello to 2025-10-31 00:00:00+00:00, run_after=2025-11-01 00:00:00+00:00
[2025-11-01T19:00:11.693+0000] {processor.py:183} INFO - Processing /opt/airflow/dags/hello.py took 0.049 seconds
[2025-11-01T19:43:12.151+0000] {processor.py:161} INFO - Started process (PID=69953) to work on /opt/airflow/dags/hello.py
[2025-11-01T19:43:12.153+0000] {processor.py:830} INFO - Processing file /opt/airflow/dags/hello.py for tasks to queue
[2025-11-01T19:43:12.155+0000] {logging_mixin.py:188} INFO - [2025-11-01T19:43:12.154+0000] {dagbag.py:545} INFO - Filling up the DagBag from /opt/airflow/dags/hello.py
[2025-11-01T19:43:12.165+0000] {processor.py:840} INFO - DAG(s) 'hello' retrieved from /opt/airflow/dags/hello.py
[2025-11-01T19:43:12.181+0000] {logging_mixin.py:188} INFO - [2025-11-01T19:43:12.181+0000] {dag.py:3089} INFO - Sync 1 DAGs
[2025-11-01T19:43:12.190+0000] {logging_mixin.py:188} INFO - [2025-11-01T19:43:12.190+0000] {dag.py:3947} INFO - Setting next_dagrun for hello to 2025-10-31 00:00:00+00:00, run_after=2025-11-01 00:00:00+00:00
[2025-11-01T19:43:12.198+0000] {processor.py:183} INFO - Processing /opt/airflow/dags/hello.py took 0.052 seconds
[2025-11-01T19:43:42.827+0000] {processor.py:161} INFO - Started process (PID=69984) to work on /opt/airflow/dags/hello.py
[2025-11-01T19:43:42.828+0000] {processor.py:830} INFO - Processing file /opt/airflow/dags/hello.py for tasks to queue
[2025-11-01T19:43:42.830+0000] {logging_mixin.py:188} INFO - [2025-11-01T19:43:42.829+0000] {dagbag.py:545} INFO - Filling up the DagBag from /opt/airflow/dags/hello.py
[2025-11-01T19:43:42.839+0000] {processor.py:840} INFO - DAG(s) 'hello' retrieved from /opt/airflow/dags/hello.py
[2025-11-01T19:43:42.854+0000] {logging_mixin.py:188} INFO - [2025-11-01T19:43:42.854+0000] {dag.py:3089} INFO - Sync 1 DAGs
[2025-11-01T19:43:42.862+0000] {logging_mixin.py:188} INFO - [2025-11-01T19:43:42.861+0000] {dag.py:3947} INFO - Setting next_dagrun for hello to 2025-10-31 00:00:00+00:00, run_after=2025-11-01 00:00:00+00:00
[2025-11-01T19:43:42.869+0000] {processor.py:183} INFO - Processing /opt/airflow/dags/hello.py took 0.047 seconds
[2025-11-01T20:31:17.320+0000] {processor.py:161} INFO - Started process (PID=70015) to work on /opt/airflow/dags/hello.py
[2025-11-01T20:31:17.320+0000] {processor.py:830} INFO - Processing file /opt/airflow/dags/hello.py for tasks to queue
[2025-11-01T20:31:17.322+0000] {logging_mixin.py:188} INFO - [2025-11-01T20:31:17.322+0000] {dagbag.py:545} INFO - Filling up the DagBag from /opt/airflow/dags/hello.py
[2025-11-01T20:31:17.330+0000] {processor.py:840} INFO - DAG(s) 'hello' retrieved from /opt/airflow/dags/hello.py
[2025-11-01T20:31:17.345+0000] {logging_mixin.py:188} INFO - [2025-11-01T20:31:17.345+0000] {dag.py:3089} INFO - Sync 1 DAGs
[2025-11-01T20:31:17.353+0000] {logging_mixin.py:188} INFO - [2025-11-01T20:31:17.353+0000] {dag.py:3947} INFO - Setting next_dagrun for hello to 2025-10-31 00:00:00+00:00, run_after=2025-11-01 00:00:00+00:00
[2025-11-01T20:31:17.361+0000] {processor.py:183} INFO - Processing /opt/airflow/dags/hello.py took 0.046 seconds
[2025-11-01T20:44:39.472+0000] {processor.py:161} INFO - Started process (PID=70046) to work on /opt/airflow/dags/hello.py
[2025-11-01T20:44:39.473+0000] {processor.py:830} INFO - Processing file /opt/airflow/dags/hello.py for tasks to queue
[2025-11-01T20:44:39.474+0000] {logging_mixin.py:188} INFO - [2025-11-01T20:44:39.474+0000] {dagbag.py:545} INFO - Filling up the DagBag from /opt/airflow/dags/hello.py
[2025-11-01T20:44:39.482+0000] {processor.py:840} INFO - DAG(s) 'hello' retrieved from /opt/airflow/dags/hello.py
[2025-11-01T20:44:39.496+0000] {logging_mixin.py:188} INFO - [2025-11-01T20:44:39.496+0000] {dag.py:3089} INFO - Sync 1 DAGs
[2025-11-01T20:44:39.503+0000] {logging_mixin.py:188} INFO - [2025-11-01T20:44:39.503+0000] {dag.py:3947} INFO - Setting next_dagrun for hello to 2025-10-31 00:00:00+00:00, run_after=2025-11-01 00:00:00+00:00
[2025-11-01T20:44:39.511+0000] {processor.py:183} INFO - Processing /opt/airflow/dags/hello.py took 0.043 seconds
[2025-11-01T21:34:06.115+0000] {processor.py:161} INFO - Started process (PID=70077) to work on /opt/airflow/dags/hello.py
[2025-11-01T21:34:06.116+0000] {processor.py:830} INFO - Processing file /opt/airflow/dags/hello.py for tasks to queue
[2025-11-01T21:34:06.118+0000] {logging_mixin.py:188} INFO - [2025-11-01T21:34:06.118+0000] {dagbag.py:545} INFO - Filling up the DagBag from /opt/airflow/dags/hello.py
[2025-11-01T21:34:06.127+0000] {processor.py:840} INFO - DAG(s) 'hello' retrieved from /opt/airflow/dags/hello.py
[2025-11-01T21:34:06.143+0000] {logging_mixin.py:188} INFO - [2025-11-01T21:34:06.142+0000] {dag.py:3089} INFO - Sync 1 DAGs
[2025-11-01T21:34:06.151+0000] {logging_mixin.py:188} INFO - [2025-11-01T21:34:06.151+0000] {dag.py:3947} INFO - Setting next_dagrun for hello to 2025-10-31 00:00:00+00:00, run_after=2025-11-01 00:00:00+00:00
[2025-11-01T21:34:06.159+0000] {processor.py:183} INFO - Processing /opt/airflow/dags/hello.py took 0.049 seconds
[2025-11-01T21:45:35.637+0000] {processor.py:161} INFO - Started process (PID=70108) to work on /opt/airflow/dags/hello.py
[2025-11-01T21:45:35.637+0000] {processor.py:830} INFO - Processing file /opt/airflow/dags/hello.py for tasks to queue
[2025-11-01T21:45:35.638+0000] {logging_mixin.py:188} INFO - [2025-11-01T21:45:35.638+0000] {dagbag.py:545} INFO - Filling up the DagBag from /opt/airflow/dags/hello.py
[2025-11-01T21:45:35.644+0000] {processor.py:840} INFO - DAG(s) 'hello' retrieved from /opt/airflow/dags/hello.py
[2025-11-01T21:45:35.659+0000] {logging_mixin.py:188} INFO - [2025-11-01T21:45:35.659+0000] {dag.py:3089} INFO - Sync 1 DAGs
[2025-11-01T21:45:35.672+0000] {logging_mixin.py:188} INFO - [2025-11-01T21:45:35.672+0000] {dag.py:3947} INFO - Setting next_dagrun for hello to 2025-10-31 00:00:00+00:00, run_after=2025-11-01 00:00:00+00:00
[2025-11-01T21:45:35.688+0000] {processor.py:183} INFO - Processing /opt/airflow/dags/hello.py took 0.055 seconds
[2025-11-01T22:19:12.619+0000] {processor.py:161} INFO - Started process (PID=70139) to work on /opt/airflow/dags/hello.py
[2025-11-01T22:19:12.620+0000] {processor.py:830} INFO - Processing file /opt/airflow/dags/hello.py for tasks to queue
[2025-11-01T22:19:12.622+0000] {logging_mixin.py:188} INFO - [2025-11-01T22:19:12.622+0000] {dagbag.py:545} INFO - Filling up the DagBag from /opt/airflow/dags/hello.py
[2025-11-01T22:19:12.633+0000] {processor.py:840} INFO - DAG(s) 'hello' retrieved from /opt/airflow/dags/hello.py
[2025-11-01T22:19:12.649+0000] {logging_mixin.py:188} INFO - [2025-11-01T22:19:12.649+0000] {dag.py:3089} INFO - Sync 1 DAGs
[2025-11-01T22:19:12.658+0000] {logging_mixin.py:188} INFO - [2025-11-01T22:19:12.658+0000] {dag.py:3947} INFO - Setting next_dagrun for hello to 2025-10-31 00:00:00+00:00, run_after=2025-11-01 00:00:00+00:00
[2025-11-01T22:19:12.666+0000] {processor.py:183} INFO - Processing /opt/airflow/dags/hello.py took 0.054 seconds
[2025-11-01T22:46:33.554+0000] {processor.py:161} INFO - Started process (PID=70170) to work on /opt/airflow/dags/hello.py
[2025-11-01T22:46:33.555+0000] {processor.py:830} INFO - Processing file /opt/airflow/dags/hello.py for tasks to queue
[2025-11-01T22:46:33.556+0000] {logging_mixin.py:188} INFO - [2025-11-01T22:46:33.556+0000] {dagbag.py:545} INFO - Filling up the DagBag from /opt/airflow/dags/hello.py
[2025-11-01T22:46:33.565+0000] {processor.py:840} INFO - DAG(s) 'hello' retrieved from /opt/airflow/dags/hello.py
[2025-11-01T22:46:33.579+0000] {logging_mixin.py:188} INFO - [2025-11-01T22:46:33.579+0000] {dag.py:3089} INFO - Sync 1 DAGs
[2025-11-01T22:46:33.587+0000] {logging_mixin.py:188} INFO - [2025-11-01T22:46:33.587+0000] {dag.py:3947} INFO - Setting next_dagrun for hello to 2025-10-31 00:00:00+00:00, run_after=2025-11-01 00:00:00+00:00
[2025-11-01T22:46:33.595+0000] {processor.py:183} INFO - Processing /opt/airflow/dags/hello.py took 0.047 seconds
[2025-11-01T22:53:25.766+0000] {processor.py:161} INFO - Started process (PID=70201) to work on /opt/airflow/dags/hello.py
[2025-11-01T22:53:25.767+0000] {processor.py:830} INFO - Processing file /opt/airflow/dags/hello.py for tasks to queue
[2025-11-01T22:53:25.769+0000] {logging_mixin.py:188} INFO - [2025-11-01T22:53:25.769+0000] {dagbag.py:545} INFO - Filling up the DagBag from /opt/airflow/dags/hello.py
[2025-11-01T22:53:25.777+0000] {processor.py:840} INFO - DAG(s) 'hello' retrieved from /opt/airflow/dags/hello.py
[2025-11-01T22:53:25.793+0000] {logging_mixin.py:188} INFO - [2025-11-01T22:53:25.792+0000] {dag.py:3089} INFO - Sync 1 DAGs
[2025-11-01T22:53:25.801+0000] {logging_mixin.py:188} INFO - [2025-11-01T22:53:25.801+0000] {dag.py:3947} INFO - Setting next_dagrun for hello to 2025-10-31 00:00:00+00:00, run_after=2025-11-01 00:00:00+00:00
[2025-11-01T22:53:25.809+0000] {processor.py:183} INFO - Processing /opt/airflow/dags/hello.py took 0.047 seconds
[2025-11-01T22:53:57.598+0000] {processor.py:161} INFO - Started process (PID=70232) to work on /opt/airflow/dags/hello.py
[2025-11-01T22:53:57.599+0000] {processor.py:830} INFO - Processing file /opt/airflow/dags/hello.py for tasks to queue
[2025-11-01T22:53:57.600+0000] {logging_mixin.py:188} INFO - [2025-11-01T22:53:57.600+0000] {dagbag.py:545} INFO - Filling up the DagBag from /opt/airflow/dags/hello.py
[2025-11-01T22:53:57.608+0000] {processor.py:840} INFO - DAG(s) 'hello' retrieved from /opt/airflow/dags/hello.py
[2025-11-01T22:53:57.622+0000] {logging_mixin.py:188} INFO - [2025-11-01T22:53:57.621+0000] {dag.py:3089} INFO - Sync 1 DAGs
[2025-11-01T22:53:57.628+0000] {logging_mixin.py:188} INFO - [2025-11-01T22:53:57.628+0000] {dag.py:3947} INFO - Setting next_dagrun for hello to 2025-10-31 00:00:00+00:00, run_after=2025-11-01 00:00:00+00:00
[2025-11-01T22:53:57.636+0000] {processor.py:183} INFO - Processing /opt/airflow/dags/hello.py took 0.042 seconds
[2025-11-01T23:32:28.244+0000] {processor.py:161} INFO - Started process (PID=70263) to work on /opt/airflow/dags/hello.py
[2025-11-01T23:32:28.245+0000] {processor.py:830} INFO - Processing file /opt/airflow/dags/hello.py for tasks to queue
[2025-11-01T23:32:28.247+0000] {logging_mixin.py:188} INFO - [2025-11-01T23:32:28.246+0000] {dagbag.py:545} INFO - Filling up the DagBag from /opt/airflow/dags/hello.py
[2025-11-01T23:32:28.254+0000] {processor.py:840} INFO - DAG(s) 'hello' retrieved from /opt/airflow/dags/hello.py
[2025-11-01T23:32:28.267+0000] {logging_mixin.py:188} INFO - [2025-11-01T23:32:28.267+0000] {dag.py:3089} INFO - Sync 1 DAGs
[2025-11-01T23:32:28.274+0000] {logging_mixin.py:188} INFO - [2025-11-01T23:32:28.274+0000] {dag.py:3947} INFO - Setting next_dagrun for hello to 2025-10-31 00:00:00+00:00, run_after=2025-11-01 00:00:00+00:00
[2025-11-01T23:32:28.283+0000] {processor.py:183} INFO - Processing /opt/airflow/dags/hello.py took 0.042 seconds
[2025-11-01T23:32:58.999+0000] {processor.py:161} INFO - Started process (PID=70294) to work on /opt/airflow/dags/hello.py
[2025-11-01T23:32:58.999+0000] {processor.py:830} INFO - Processing file /opt/airflow/dags/hello.py for tasks to queue
[2025-11-01T23:32:59.001+0000] {logging_mixin.py:188} INFO - [2025-11-01T23:32:59.001+0000] {dagbag.py:545} INFO - Filling up the DagBag from /opt/airflow/dags/hello.py
[2025-11-01T23:32:59.007+0000] {processor.py:840} INFO - DAG(s) 'hello' retrieved from /opt/airflow/dags/hello.py
[2025-11-01T23:32:59.020+0000] {logging_mixin.py:188} INFO - [2025-11-01T23:32:59.020+0000] {dag.py:3089} INFO - Sync 1 DAGs
[2025-11-01T23:32:59.030+0000] {logging_mixin.py:188} INFO - [2025-11-01T23:32:59.030+0000] {dag.py:3947} INFO - Setting next_dagrun for hello to 2025-10-31 00:00:00+00:00, run_after=2025-11-01 00:00:00+00:00
[2025-11-01T23:32:59.039+0000] {processor.py:183} INFO - Processing /opt/airflow/dags/hello.py took 0.045 seconds
[2025-11-01T23:47:32.377+0000] {processor.py:161} INFO - Started process (PID=70325) to work on /opt/airflow/dags/hello.py
[2025-11-01T23:47:32.378+0000] {processor.py:830} INFO - Processing file /opt/airflow/dags/hello.py for tasks to queue
[2025-11-01T23:47:32.379+0000] {logging_mixin.py:188} INFO - [2025-11-01T23:47:32.379+0000] {dagbag.py:545} INFO - Filling up the DagBag from /opt/airflow/dags/hello.py
[2025-11-01T23:47:32.388+0000] {processor.py:840} INFO - DAG(s) 'hello' retrieved from /opt/airflow/dags/hello.py
[2025-11-01T23:47:32.403+0000] {logging_mixin.py:188} INFO - [2025-11-01T23:47:32.403+0000] {dag.py:3089} INFO - Sync 1 DAGs
[2025-11-01T23:47:32.410+0000] {logging_mixin.py:188} INFO - [2025-11-01T23:47:32.410+0000] {dag.py:3947} INFO - Setting next_dagrun for hello to 2025-10-31 00:00:00+00:00, run_after=2025-11-01 00:00:00+00:00
[2025-11-01T23:47:32.417+0000] {processor.py:183} INFO - Processing /opt/airflow/dags/hello.py took 0.044 seconds
