[2025-11-01T00:27:41.610+0000] {processor.py:161} INFO - Started process (PID=68337) to work on /opt/airflow/dags/openphish_silver.py
[2025-11-01T00:27:41.611+0000] {processor.py:830} INFO - Processing file /opt/airflow/dags/openphish_silver.py for tasks to queue
[2025-11-01T00:27:41.612+0000] {logging_mixin.py:188} INFO - [2025-11-01T00:27:41.612+0000] {dagbag.py:545} INFO - Filling up the DagBag from /opt/airflow/dags/openphish_silver.py
[2025-11-01T00:27:41.767+0000] {processor.py:840} INFO - DAG(s) 'openphish_silver' retrieved from /opt/airflow/dags/openphish_silver.py
[2025-11-01T00:27:41.772+0000] {logging_mixin.py:188} INFO - [2025-11-01T00:27:41.772+0000] {dag.py:3089} INFO - Sync 1 DAGs
[2025-11-01T00:27:41.777+0000] {logging_mixin.py:188} INFO - [2025-11-01T00:27:41.777+0000] {dag.py:3947} INFO - Setting next_dagrun for openphish_silver to 2025-10-30 00:00:00+00:00, run_after=2025-10-31 00:00:00+00:00
[2025-11-01T00:27:41.783+0000] {processor.py:183} INFO - Processing /opt/airflow/dags/openphish_silver.py took 0.178 seconds
[2025-11-01T00:31:44.806+0000] {processor.py:161} INFO - Started process (PID=68368) to work on /opt/airflow/dags/openphish_silver.py
[2025-11-01T00:31:44.806+0000] {processor.py:830} INFO - Processing file /opt/airflow/dags/openphish_silver.py for tasks to queue
[2025-11-01T00:31:44.808+0000] {logging_mixin.py:188} INFO - [2025-11-01T00:31:44.808+0000] {dagbag.py:545} INFO - Filling up the DagBag from /opt/airflow/dags/openphish_silver.py
[2025-11-01T00:31:44.998+0000] {processor.py:840} INFO - DAG(s) 'openphish_silver' retrieved from /opt/airflow/dags/openphish_silver.py
[2025-11-01T00:31:45.006+0000] {logging_mixin.py:188} INFO - [2025-11-01T00:31:45.005+0000] {dag.py:3089} INFO - Sync 1 DAGs
[2025-11-01T00:31:45.012+0000] {logging_mixin.py:188} INFO - [2025-11-01T00:31:45.012+0000] {dag.py:3947} INFO - Setting next_dagrun for openphish_silver to 2025-10-30 00:00:00+00:00, run_after=2025-10-31 00:00:00+00:00
[2025-11-01T00:31:45.019+0000] {processor.py:183} INFO - Processing /opt/airflow/dags/openphish_silver.py took 0.220 seconds
[2025-11-01T00:32:16.925+0000] {processor.py:161} INFO - Started process (PID=68399) to work on /opt/airflow/dags/openphish_silver.py
[2025-11-01T00:32:16.926+0000] {processor.py:830} INFO - Processing file /opt/airflow/dags/openphish_silver.py for tasks to queue
[2025-11-01T00:32:16.927+0000] {logging_mixin.py:188} INFO - [2025-11-01T00:32:16.927+0000] {dagbag.py:545} INFO - Filling up the DagBag from /opt/airflow/dags/openphish_silver.py
[2025-11-01T00:32:17.077+0000] {processor.py:840} INFO - DAG(s) 'openphish_silver' retrieved from /opt/airflow/dags/openphish_silver.py
[2025-11-01T00:32:17.082+0000] {logging_mixin.py:188} INFO - [2025-11-01T00:32:17.082+0000] {dag.py:3089} INFO - Sync 1 DAGs
[2025-11-01T00:32:17.087+0000] {logging_mixin.py:188} INFO - [2025-11-01T00:32:17.086+0000] {dag.py:3947} INFO - Setting next_dagrun for openphish_silver to 2025-10-30 00:00:00+00:00, run_after=2025-10-31 00:00:00+00:00
[2025-11-01T00:32:17.093+0000] {processor.py:183} INFO - Processing /opt/airflow/dags/openphish_silver.py took 0.172 seconds
[2025-11-01T00:33:56.613+0000] {processor.py:161} INFO - Started process (PID=68430) to work on /opt/airflow/dags/openphish_silver.py
[2025-11-01T00:33:56.614+0000] {processor.py:830} INFO - Processing file /opt/airflow/dags/openphish_silver.py for tasks to queue
[2025-11-01T00:33:56.615+0000] {logging_mixin.py:188} INFO - [2025-11-01T00:33:56.615+0000] {dagbag.py:545} INFO - Filling up the DagBag from /opt/airflow/dags/openphish_silver.py
[2025-11-01T00:33:56.776+0000] {processor.py:840} INFO - DAG(s) 'openphish_silver' retrieved from /opt/airflow/dags/openphish_silver.py
[2025-11-01T00:33:56.781+0000] {logging_mixin.py:188} INFO - [2025-11-01T00:33:56.781+0000] {dag.py:3089} INFO - Sync 1 DAGs
[2025-11-01T00:33:56.786+0000] {logging_mixin.py:188} INFO - [2025-11-01T00:33:56.786+0000] {dag.py:3947} INFO - Setting next_dagrun for openphish_silver to 2025-10-30 00:00:00+00:00, run_after=2025-10-31 00:00:00+00:00
[2025-11-01T00:33:56.792+0000] {processor.py:183} INFO - Processing /opt/airflow/dags/openphish_silver.py took 0.184 seconds
[2025-11-01T00:39:24.907+0000] {processor.py:161} INFO - Started process (PID=68461) to work on /opt/airflow/dags/openphish_silver.py
[2025-11-01T00:39:24.908+0000] {processor.py:830} INFO - Processing file /opt/airflow/dags/openphish_silver.py for tasks to queue
[2025-11-01T00:39:24.911+0000] {logging_mixin.py:188} INFO - [2025-11-01T00:39:24.910+0000] {dagbag.py:545} INFO - Filling up the DagBag from /opt/airflow/dags/openphish_silver.py
[2025-11-01T00:39:25.254+0000] {processor.py:840} INFO - DAG(s) 'openphish_silver' retrieved from /opt/airflow/dags/openphish_silver.py
[2025-11-01T00:39:25.264+0000] {logging_mixin.py:188} INFO - [2025-11-01T00:39:25.264+0000] {dag.py:3089} INFO - Sync 1 DAGs
[2025-11-01T00:39:25.273+0000] {logging_mixin.py:188} INFO - [2025-11-01T00:39:25.273+0000] {dag.py:3947} INFO - Setting next_dagrun for openphish_silver to 2025-10-30 00:00:00+00:00, run_after=2025-10-31 00:00:00+00:00
[2025-11-01T00:39:25.283+0000] {processor.py:183} INFO - Processing /opt/airflow/dags/openphish_silver.py took 0.384 seconds
[2025-11-01T00:39:57.271+0000] {processor.py:161} INFO - Started process (PID=68492) to work on /opt/airflow/dags/openphish_silver.py
[2025-11-01T00:39:57.271+0000] {processor.py:830} INFO - Processing file /opt/airflow/dags/openphish_silver.py for tasks to queue
[2025-11-01T00:39:57.272+0000] {logging_mixin.py:188} INFO - [2025-11-01T00:39:57.272+0000] {dagbag.py:545} INFO - Filling up the DagBag from /opt/airflow/dags/openphish_silver.py
[2025-11-01T00:39:57.418+0000] {processor.py:840} INFO - DAG(s) 'openphish_silver' retrieved from /opt/airflow/dags/openphish_silver.py
[2025-11-01T00:39:57.424+0000] {logging_mixin.py:188} INFO - [2025-11-01T00:39:57.424+0000] {dag.py:3089} INFO - Sync 1 DAGs
[2025-11-01T00:39:57.429+0000] {logging_mixin.py:188} INFO - [2025-11-01T00:39:57.428+0000] {dag.py:3947} INFO - Setting next_dagrun for openphish_silver to 2025-10-30 00:00:00+00:00, run_after=2025-10-31 00:00:00+00:00
[2025-11-01T00:39:57.435+0000] {processor.py:183} INFO - Processing /opt/airflow/dags/openphish_silver.py took 0.166 seconds
[2025-11-01T01:29:54.398+0000] {processor.py:161} INFO - Started process (PID=68523) to work on /opt/airflow/dags/openphish_silver.py
[2025-11-01T01:29:54.399+0000] {processor.py:830} INFO - Processing file /opt/airflow/dags/openphish_silver.py for tasks to queue
[2025-11-01T01:29:54.401+0000] {logging_mixin.py:188} INFO - [2025-11-01T01:29:54.401+0000] {dagbag.py:545} INFO - Filling up the DagBag from /opt/airflow/dags/openphish_silver.py
[2025-11-01T01:29:54.564+0000] {processor.py:840} INFO - DAG(s) 'openphish_silver' retrieved from /opt/airflow/dags/openphish_silver.py
[2025-11-01T01:29:54.569+0000] {logging_mixin.py:188} INFO - [2025-11-01T01:29:54.569+0000] {dag.py:3089} INFO - Sync 1 DAGs
[2025-11-01T01:29:54.574+0000] {logging_mixin.py:188} INFO - [2025-11-01T01:29:54.574+0000] {dag.py:3947} INFO - Setting next_dagrun for openphish_silver to 2025-10-30 00:00:00+00:00, run_after=2025-10-31 00:00:00+00:00
[2025-11-01T01:29:54.581+0000] {processor.py:183} INFO - Processing /opt/airflow/dags/openphish_silver.py took 0.188 seconds
[2025-11-01T01:33:44.970+0000] {processor.py:161} INFO - Started process (PID=68554) to work on /opt/airflow/dags/openphish_silver.py
[2025-11-01T01:33:44.971+0000] {processor.py:830} INFO - Processing file /opt/airflow/dags/openphish_silver.py for tasks to queue
[2025-11-01T01:33:44.972+0000] {logging_mixin.py:188} INFO - [2025-11-01T01:33:44.972+0000] {dagbag.py:545} INFO - Filling up the DagBag from /opt/airflow/dags/openphish_silver.py
[2025-11-01T01:33:45.122+0000] {processor.py:840} INFO - DAG(s) 'openphish_silver' retrieved from /opt/airflow/dags/openphish_silver.py
[2025-11-01T01:33:45.128+0000] {logging_mixin.py:188} INFO - [2025-11-01T01:33:45.127+0000] {dag.py:3089} INFO - Sync 1 DAGs
[2025-11-01T01:33:45.133+0000] {logging_mixin.py:188} INFO - [2025-11-01T01:33:45.133+0000] {dag.py:3947} INFO - Setting next_dagrun for openphish_silver to 2025-10-30 00:00:00+00:00, run_after=2025-10-31 00:00:00+00:00
[2025-11-01T01:33:45.139+0000] {processor.py:183} INFO - Processing /opt/airflow/dags/openphish_silver.py took 0.173 seconds
[2025-11-01T01:49:37.653+0000] {processor.py:161} INFO - Started process (PID=68585) to work on /opt/airflow/dags/openphish_silver.py
[2025-11-01T01:49:37.654+0000] {processor.py:830} INFO - Processing file /opt/airflow/dags/openphish_silver.py for tasks to queue
[2025-11-01T01:49:37.655+0000] {logging_mixin.py:188} INFO - [2025-11-01T01:49:37.655+0000] {dagbag.py:545} INFO - Filling up the DagBag from /opt/airflow/dags/openphish_silver.py
[2025-11-01T01:49:37.813+0000] {processor.py:840} INFO - DAG(s) 'openphish_silver' retrieved from /opt/airflow/dags/openphish_silver.py
[2025-11-01T01:49:37.819+0000] {logging_mixin.py:188} INFO - [2025-11-01T01:49:37.819+0000] {dag.py:3089} INFO - Sync 1 DAGs
[2025-11-01T01:49:37.823+0000] {logging_mixin.py:188} INFO - [2025-11-01T01:49:37.823+0000] {dag.py:3947} INFO - Setting next_dagrun for openphish_silver to 2025-10-30 00:00:00+00:00, run_after=2025-10-31 00:00:00+00:00
[2025-11-01T01:49:37.829+0000] {processor.py:183} INFO - Processing /opt/airflow/dags/openphish_silver.py took 0.180 seconds
[2025-11-01T01:50:09.078+0000] {processor.py:161} INFO - Started process (PID=68616) to work on /opt/airflow/dags/openphish_silver.py
[2025-11-01T01:50:09.078+0000] {processor.py:830} INFO - Processing file /opt/airflow/dags/openphish_silver.py for tasks to queue
[2025-11-01T01:50:09.079+0000] {logging_mixin.py:188} INFO - [2025-11-01T01:50:09.079+0000] {dagbag.py:545} INFO - Filling up the DagBag from /opt/airflow/dags/openphish_silver.py
[2025-11-01T01:50:09.238+0000] {processor.py:840} INFO - DAG(s) 'openphish_silver' retrieved from /opt/airflow/dags/openphish_silver.py
[2025-11-01T01:50:09.244+0000] {logging_mixin.py:188} INFO - [2025-11-01T01:50:09.244+0000] {dag.py:3089} INFO - Sync 1 DAGs
[2025-11-01T01:50:09.249+0000] {logging_mixin.py:188} INFO - [2025-11-01T01:50:09.249+0000] {dag.py:3947} INFO - Setting next_dagrun for openphish_silver to 2025-10-30 00:00:00+00:00, run_after=2025-10-31 00:00:00+00:00
[2025-11-01T01:50:09.255+0000] {processor.py:183} INFO - Processing /opt/airflow/dags/openphish_silver.py took 0.180 seconds
[2025-11-01T02:34:26.842+0000] {processor.py:161} INFO - Started process (PID=68647) to work on /opt/airflow/dags/openphish_silver.py
[2025-11-01T02:34:26.843+0000] {processor.py:830} INFO - Processing file /opt/airflow/dags/openphish_silver.py for tasks to queue
[2025-11-01T02:34:26.844+0000] {logging_mixin.py:188} INFO - [2025-11-01T02:34:26.844+0000] {dagbag.py:545} INFO - Filling up the DagBag from /opt/airflow/dags/openphish_silver.py
[2025-11-01T02:34:27.006+0000] {processor.py:840} INFO - DAG(s) 'openphish_silver' retrieved from /opt/airflow/dags/openphish_silver.py
[2025-11-01T02:34:27.012+0000] {logging_mixin.py:188} INFO - [2025-11-01T02:34:27.011+0000] {dag.py:3089} INFO - Sync 1 DAGs
[2025-11-01T02:34:27.016+0000] {logging_mixin.py:188} INFO - [2025-11-01T02:34:27.016+0000] {dag.py:3947} INFO - Setting next_dagrun for openphish_silver to 2025-10-30 00:00:00+00:00, run_after=2025-10-31 00:00:00+00:00
[2025-11-01T02:34:27.023+0000] {processor.py:183} INFO - Processing /opt/airflow/dags/openphish_silver.py took 0.186 seconds
[2025-11-01T02:34:57.253+0000] {processor.py:161} INFO - Started process (PID=68678) to work on /opt/airflow/dags/openphish_silver.py
[2025-11-01T02:34:57.253+0000] {processor.py:830} INFO - Processing file /opt/airflow/dags/openphish_silver.py for tasks to queue
[2025-11-01T02:34:57.255+0000] {logging_mixin.py:188} INFO - [2025-11-01T02:34:57.255+0000] {dagbag.py:545} INFO - Filling up the DagBag from /opt/airflow/dags/openphish_silver.py
[2025-11-01T02:34:57.415+0000] {processor.py:840} INFO - DAG(s) 'openphish_silver' retrieved from /opt/airflow/dags/openphish_silver.py
[2025-11-01T02:34:57.420+0000] {logging_mixin.py:188} INFO - [2025-11-01T02:34:57.420+0000] {dag.py:3089} INFO - Sync 1 DAGs
[2025-11-01T02:34:57.425+0000] {logging_mixin.py:188} INFO - [2025-11-01T02:34:57.425+0000] {dag.py:3947} INFO - Setting next_dagrun for openphish_silver to 2025-10-30 00:00:00+00:00, run_after=2025-10-31 00:00:00+00:00
[2025-11-01T02:34:57.432+0000] {processor.py:183} INFO - Processing /opt/airflow/dags/openphish_silver.py took 0.184 seconds
[2025-11-01T03:35:24.048+0000] {processor.py:161} INFO - Started process (PID=68709) to work on /opt/airflow/dags/openphish_silver.py
[2025-11-01T03:35:24.049+0000] {processor.py:830} INFO - Processing file /opt/airflow/dags/openphish_silver.py for tasks to queue
[2025-11-01T03:35:24.051+0000] {logging_mixin.py:188} INFO - [2025-11-01T03:35:24.050+0000] {dagbag.py:545} INFO - Filling up the DagBag from /opt/airflow/dags/openphish_silver.py
[2025-11-01T03:35:24.213+0000] {processor.py:840} INFO - DAG(s) 'openphish_silver' retrieved from /opt/airflow/dags/openphish_silver.py
[2025-11-01T03:35:24.219+0000] {logging_mixin.py:188} INFO - [2025-11-01T03:35:24.219+0000] {dag.py:3089} INFO - Sync 1 DAGs
[2025-11-01T03:35:24.224+0000] {logging_mixin.py:188} INFO - [2025-11-01T03:35:24.224+0000] {dag.py:3947} INFO - Setting next_dagrun for openphish_silver to 2025-10-30 00:00:00+00:00, run_after=2025-10-31 00:00:00+00:00
[2025-11-01T03:35:24.229+0000] {processor.py:183} INFO - Processing /opt/airflow/dags/openphish_silver.py took 0.186 seconds
[2025-11-01T03:35:55.408+0000] {processor.py:161} INFO - Started process (PID=68740) to work on /opt/airflow/dags/openphish_silver.py
[2025-11-01T03:35:55.409+0000] {processor.py:830} INFO - Processing file /opt/airflow/dags/openphish_silver.py for tasks to queue
[2025-11-01T03:35:55.410+0000] {logging_mixin.py:188} INFO - [2025-11-01T03:35:55.410+0000] {dagbag.py:545} INFO - Filling up the DagBag from /opt/airflow/dags/openphish_silver.py
[2025-11-01T03:35:55.565+0000] {processor.py:840} INFO - DAG(s) 'openphish_silver' retrieved from /opt/airflow/dags/openphish_silver.py
[2025-11-01T03:35:55.570+0000] {logging_mixin.py:188} INFO - [2025-11-01T03:35:55.570+0000] {dag.py:3089} INFO - Sync 1 DAGs
[2025-11-01T03:35:55.575+0000] {logging_mixin.py:188} INFO - [2025-11-01T03:35:55.575+0000] {dag.py:3947} INFO - Setting next_dagrun for openphish_silver to 2025-10-30 00:00:00+00:00, run_after=2025-10-31 00:00:00+00:00
[2025-11-01T03:35:55.581+0000] {processor.py:183} INFO - Processing /opt/airflow/dags/openphish_silver.py took 0.177 seconds
[2025-11-01T04:36:22.229+0000] {processor.py:161} INFO - Started process (PID=68771) to work on /opt/airflow/dags/openphish_silver.py
[2025-11-01T04:36:22.230+0000] {processor.py:830} INFO - Processing file /opt/airflow/dags/openphish_silver.py for tasks to queue
[2025-11-01T04:36:22.231+0000] {logging_mixin.py:188} INFO - [2025-11-01T04:36:22.231+0000] {dagbag.py:545} INFO - Filling up the DagBag from /opt/airflow/dags/openphish_silver.py
[2025-11-01T04:36:22.390+0000] {processor.py:840} INFO - DAG(s) 'openphish_silver' retrieved from /opt/airflow/dags/openphish_silver.py
[2025-11-01T04:36:22.395+0000] {logging_mixin.py:188} INFO - [2025-11-01T04:36:22.395+0000] {dag.py:3089} INFO - Sync 1 DAGs
[2025-11-01T04:36:22.400+0000] {logging_mixin.py:188} INFO - [2025-11-01T04:36:22.399+0000] {dag.py:3947} INFO - Setting next_dagrun for openphish_silver to 2025-10-30 00:00:00+00:00, run_after=2025-10-31 00:00:00+00:00
[2025-11-01T04:36:22.406+0000] {processor.py:183} INFO - Processing /opt/airflow/dags/openphish_silver.py took 0.182 seconds
[2025-11-01T04:36:52.548+0000] {processor.py:161} INFO - Started process (PID=68802) to work on /opt/airflow/dags/openphish_silver.py
[2025-11-01T04:36:52.548+0000] {processor.py:830} INFO - Processing file /opt/airflow/dags/openphish_silver.py for tasks to queue
[2025-11-01T04:36:52.550+0000] {logging_mixin.py:188} INFO - [2025-11-01T04:36:52.550+0000] {dagbag.py:545} INFO - Filling up the DagBag from /opt/airflow/dags/openphish_silver.py
[2025-11-01T04:36:52.764+0000] {processor.py:840} INFO - DAG(s) 'openphish_silver' retrieved from /opt/airflow/dags/openphish_silver.py
[2025-11-01T04:36:52.769+0000] {logging_mixin.py:188} INFO - [2025-11-01T04:36:52.769+0000] {dag.py:3089} INFO - Sync 1 DAGs
[2025-11-01T04:36:52.774+0000] {logging_mixin.py:188} INFO - [2025-11-01T04:36:52.774+0000] {dag.py:3947} INFO - Setting next_dagrun for openphish_silver to 2025-10-30 00:00:00+00:00, run_after=2025-10-31 00:00:00+00:00
[2025-11-01T04:36:52.781+0000] {processor.py:183} INFO - Processing /opt/airflow/dags/openphish_silver.py took 0.238 seconds
[2025-11-01T05:25:59.960+0000] {processor.py:161} INFO - Started process (PID=68833) to work on /opt/airflow/dags/openphish_silver.py
[2025-11-01T05:25:59.960+0000] {processor.py:830} INFO - Processing file /opt/airflow/dags/openphish_silver.py for tasks to queue
[2025-11-01T05:25:59.962+0000] {logging_mixin.py:188} INFO - [2025-11-01T05:25:59.962+0000] {dagbag.py:545} INFO - Filling up the DagBag from /opt/airflow/dags/openphish_silver.py
[2025-11-01T05:26:00.121+0000] {processor.py:840} INFO - DAG(s) 'openphish_silver' retrieved from /opt/airflow/dags/openphish_silver.py
[2025-11-01T05:26:00.126+0000] {logging_mixin.py:188} INFO - [2025-11-01T05:26:00.126+0000] {dag.py:3089} INFO - Sync 1 DAGs
[2025-11-01T05:26:00.131+0000] {logging_mixin.py:188} INFO - [2025-11-01T05:26:00.131+0000] {dag.py:3947} INFO - Setting next_dagrun for openphish_silver to 2025-10-30 00:00:00+00:00, run_after=2025-10-31 00:00:00+00:00
[2025-11-01T05:26:00.137+0000] {processor.py:183} INFO - Processing /opt/airflow/dags/openphish_silver.py took 0.183 seconds
[2025-11-01T05:37:50.008+0000] {processor.py:161} INFO - Started process (PID=68864) to work on /opt/airflow/dags/openphish_silver.py
[2025-11-01T05:37:50.009+0000] {processor.py:830} INFO - Processing file /opt/airflow/dags/openphish_silver.py for tasks to queue
[2025-11-01T05:37:50.010+0000] {logging_mixin.py:188} INFO - [2025-11-01T05:37:50.010+0000] {dagbag.py:545} INFO - Filling up the DagBag from /opt/airflow/dags/openphish_silver.py
[2025-11-01T05:37:50.162+0000] {processor.py:840} INFO - DAG(s) 'openphish_silver' retrieved from /opt/airflow/dags/openphish_silver.py
[2025-11-01T05:37:50.167+0000] {logging_mixin.py:188} INFO - [2025-11-01T05:37:50.167+0000] {dag.py:3089} INFO - Sync 1 DAGs
[2025-11-01T05:37:50.172+0000] {logging_mixin.py:188} INFO - [2025-11-01T05:37:50.172+0000] {dag.py:3947} INFO - Setting next_dagrun for openphish_silver to 2025-10-30 00:00:00+00:00, run_after=2025-10-31 00:00:00+00:00
[2025-11-01T05:37:50.178+0000] {processor.py:183} INFO - Processing /opt/airflow/dags/openphish_silver.py took 0.174 seconds
[2025-11-01T06:27:19.392+0000] {processor.py:161} INFO - Started process (PID=68895) to work on /opt/airflow/dags/openphish_silver.py
[2025-11-01T06:27:19.392+0000] {processor.py:830} INFO - Processing file /opt/airflow/dags/openphish_silver.py for tasks to queue
[2025-11-01T06:27:19.394+0000] {logging_mixin.py:188} INFO - [2025-11-01T06:27:19.394+0000] {dagbag.py:545} INFO - Filling up the DagBag from /opt/airflow/dags/openphish_silver.py
[2025-11-01T06:27:19.556+0000] {processor.py:840} INFO - DAG(s) 'openphish_silver' retrieved from /opt/airflow/dags/openphish_silver.py
[2025-11-01T06:27:19.561+0000] {logging_mixin.py:188} INFO - [2025-11-01T06:27:19.561+0000] {dag.py:3089} INFO - Sync 1 DAGs
[2025-11-01T06:27:19.566+0000] {logging_mixin.py:188} INFO - [2025-11-01T06:27:19.566+0000] {dag.py:3947} INFO - Setting next_dagrun for openphish_silver to 2025-10-30 00:00:00+00:00, run_after=2025-10-31 00:00:00+00:00
[2025-11-01T06:27:19.573+0000] {processor.py:183} INFO - Processing /opt/airflow/dags/openphish_silver.py took 0.187 seconds
[2025-11-01T06:27:50.128+0000] {processor.py:161} INFO - Started process (PID=68926) to work on /opt/airflow/dags/openphish_silver.py
[2025-11-01T06:27:50.128+0000] {processor.py:830} INFO - Processing file /opt/airflow/dags/openphish_silver.py for tasks to queue
[2025-11-01T06:27:50.130+0000] {logging_mixin.py:188} INFO - [2025-11-01T06:27:50.130+0000] {dagbag.py:545} INFO - Filling up the DagBag from /opt/airflow/dags/openphish_silver.py
[2025-11-01T06:27:50.287+0000] {processor.py:840} INFO - DAG(s) 'openphish_silver' retrieved from /opt/airflow/dags/openphish_silver.py
[2025-11-01T06:27:50.293+0000] {logging_mixin.py:188} INFO - [2025-11-01T06:27:50.293+0000] {dag.py:3089} INFO - Sync 1 DAGs
[2025-11-01T06:27:50.298+0000] {logging_mixin.py:188} INFO - [2025-11-01T06:27:50.298+0000] {dag.py:3947} INFO - Setting next_dagrun for openphish_silver to 2025-10-30 00:00:00+00:00, run_after=2025-10-31 00:00:00+00:00
[2025-11-01T06:27:50.304+0000] {processor.py:183} INFO - Processing /opt/airflow/dags/openphish_silver.py took 0.181 seconds
[2025-11-01T06:38:36.322+0000] {processor.py:161} INFO - Started process (PID=68957) to work on /opt/airflow/dags/openphish_silver.py
[2025-11-01T06:38:36.323+0000] {processor.py:830} INFO - Processing file /opt/airflow/dags/openphish_silver.py for tasks to queue
[2025-11-01T06:38:36.325+0000] {logging_mixin.py:188} INFO - [2025-11-01T06:38:36.325+0000] {dagbag.py:545} INFO - Filling up the DagBag from /opt/airflow/dags/openphish_silver.py
[2025-11-01T06:38:36.498+0000] {processor.py:840} INFO - DAG(s) 'openphish_silver' retrieved from /opt/airflow/dags/openphish_silver.py
[2025-11-01T06:38:36.504+0000] {logging_mixin.py:188} INFO - [2025-11-01T06:38:36.504+0000] {dag.py:3089} INFO - Sync 1 DAGs
[2025-11-01T06:38:36.509+0000] {logging_mixin.py:188} INFO - [2025-11-01T06:38:36.509+0000] {dag.py:3947} INFO - Setting next_dagrun for openphish_silver to 2025-10-30 00:00:00+00:00, run_after=2025-10-31 00:00:00+00:00
[2025-11-01T06:38:36.514+0000] {processor.py:183} INFO - Processing /opt/airflow/dags/openphish_silver.py took 0.198 seconds
[2025-11-01T06:39:07.456+0000] {processor.py:161} INFO - Started process (PID=68988) to work on /opt/airflow/dags/openphish_silver.py
[2025-11-01T06:39:07.457+0000] {processor.py:830} INFO - Processing file /opt/airflow/dags/openphish_silver.py for tasks to queue
[2025-11-01T06:39:07.458+0000] {logging_mixin.py:188} INFO - [2025-11-01T06:39:07.458+0000] {dagbag.py:545} INFO - Filling up the DagBag from /opt/airflow/dags/openphish_silver.py
[2025-11-01T06:39:07.610+0000] {processor.py:840} INFO - DAG(s) 'openphish_silver' retrieved from /opt/airflow/dags/openphish_silver.py
[2025-11-01T06:39:07.616+0000] {logging_mixin.py:188} INFO - [2025-11-01T06:39:07.616+0000] {dag.py:3089} INFO - Sync 1 DAGs
[2025-11-01T06:39:07.621+0000] {logging_mixin.py:188} INFO - [2025-11-01T06:39:07.621+0000] {dag.py:3947} INFO - Setting next_dagrun for openphish_silver to 2025-10-30 00:00:00+00:00, run_after=2025-10-31 00:00:00+00:00
[2025-11-01T06:39:07.627+0000] {processor.py:183} INFO - Processing /opt/airflow/dags/openphish_silver.py took 0.174 seconds
[2025-11-01T07:39:34.619+0000] {processor.py:161} INFO - Started process (PID=69019) to work on /opt/airflow/dags/openphish_silver.py
[2025-11-01T07:39:34.620+0000] {processor.py:830} INFO - Processing file /opt/airflow/dags/openphish_silver.py for tasks to queue
[2025-11-01T07:39:34.621+0000] {logging_mixin.py:188} INFO - [2025-11-01T07:39:34.621+0000] {dagbag.py:545} INFO - Filling up the DagBag from /opt/airflow/dags/openphish_silver.py
[2025-11-01T07:39:34.775+0000] {processor.py:840} INFO - DAG(s) 'openphish_silver' retrieved from /opt/airflow/dags/openphish_silver.py
[2025-11-01T07:39:34.780+0000] {logging_mixin.py:188} INFO - [2025-11-01T07:39:34.780+0000] {dag.py:3089} INFO - Sync 1 DAGs
[2025-11-01T07:39:34.784+0000] {logging_mixin.py:188} INFO - [2025-11-01T07:39:34.784+0000] {dag.py:3947} INFO - Setting next_dagrun for openphish_silver to 2025-10-30 00:00:00+00:00, run_after=2025-10-31 00:00:00+00:00
[2025-11-01T07:39:34.791+0000] {processor.py:183} INFO - Processing /opt/airflow/dags/openphish_silver.py took 0.176 seconds
[2025-11-01T07:40:05.786+0000] {processor.py:161} INFO - Started process (PID=69050) to work on /opt/airflow/dags/openphish_silver.py
[2025-11-01T07:40:05.787+0000] {processor.py:830} INFO - Processing file /opt/airflow/dags/openphish_silver.py for tasks to queue
[2025-11-01T07:40:05.788+0000] {logging_mixin.py:188} INFO - [2025-11-01T07:40:05.788+0000] {dagbag.py:545} INFO - Filling up the DagBag from /opt/airflow/dags/openphish_silver.py
[2025-11-01T07:40:05.951+0000] {processor.py:840} INFO - DAG(s) 'openphish_silver' retrieved from /opt/airflow/dags/openphish_silver.py
[2025-11-01T07:40:05.956+0000] {logging_mixin.py:188} INFO - [2025-11-01T07:40:05.956+0000] {dag.py:3089} INFO - Sync 1 DAGs
[2025-11-01T07:40:05.961+0000] {logging_mixin.py:188} INFO - [2025-11-01T07:40:05.961+0000] {dag.py:3947} INFO - Setting next_dagrun for openphish_silver to 2025-10-30 00:00:00+00:00, run_after=2025-10-31 00:00:00+00:00
[2025-11-01T07:40:05.968+0000] {processor.py:183} INFO - Processing /opt/airflow/dags/openphish_silver.py took 0.187 seconds
[2025-11-01T08:26:52.220+0000] {processor.py:161} INFO - Started process (PID=69081) to work on /opt/airflow/dags/openphish_silver.py
[2025-11-01T08:26:52.221+0000] {processor.py:830} INFO - Processing file /opt/airflow/dags/openphish_silver.py for tasks to queue
[2025-11-01T08:26:52.223+0000] {logging_mixin.py:188} INFO - [2025-11-01T08:26:52.222+0000] {dagbag.py:545} INFO - Filling up the DagBag from /opt/airflow/dags/openphish_silver.py
[2025-11-01T08:26:52.384+0000] {processor.py:840} INFO - DAG(s) 'openphish_silver' retrieved from /opt/airflow/dags/openphish_silver.py
[2025-11-01T08:26:52.389+0000] {logging_mixin.py:188} INFO - [2025-11-01T08:26:52.389+0000] {dag.py:3089} INFO - Sync 1 DAGs
[2025-11-01T08:26:52.394+0000] {logging_mixin.py:188} INFO - [2025-11-01T08:26:52.394+0000] {dag.py:3947} INFO - Setting next_dagrun for openphish_silver to 2025-10-30 00:00:00+00:00, run_after=2025-10-31 00:00:00+00:00
[2025-11-01T08:26:52.400+0000] {processor.py:183} INFO - Processing /opt/airflow/dags/openphish_silver.py took 0.186 seconds
[2025-11-01T08:27:23.844+0000] {processor.py:161} INFO - Started process (PID=69112) to work on /opt/airflow/dags/openphish_silver.py
[2025-11-01T08:27:23.844+0000] {processor.py:830} INFO - Processing file /opt/airflow/dags/openphish_silver.py for tasks to queue
[2025-11-01T08:27:23.846+0000] {logging_mixin.py:188} INFO - [2025-11-01T08:27:23.846+0000] {dagbag.py:545} INFO - Filling up the DagBag from /opt/airflow/dags/openphish_silver.py
[2025-11-01T08:27:24.013+0000] {processor.py:840} INFO - DAG(s) 'openphish_silver' retrieved from /opt/airflow/dags/openphish_silver.py
[2025-11-01T08:27:24.019+0000] {logging_mixin.py:188} INFO - [2025-11-01T08:27:24.019+0000] {dag.py:3089} INFO - Sync 1 DAGs
[2025-11-01T08:27:24.024+0000] {logging_mixin.py:188} INFO - [2025-11-01T08:27:24.024+0000] {dag.py:3947} INFO - Setting next_dagrun for openphish_silver to 2025-10-30 00:00:00+00:00, run_after=2025-10-31 00:00:00+00:00
[2025-11-01T08:27:24.029+0000] {processor.py:183} INFO - Processing /opt/airflow/dags/openphish_silver.py took 0.191 seconds
[2025-11-01T09:34:09.453+0000] {processor.py:161} INFO - Started process (PID=69143) to work on /opt/airflow/dags/openphish_silver.py
[2025-11-01T09:34:09.453+0000] {processor.py:830} INFO - Processing file /opt/airflow/dags/openphish_silver.py for tasks to queue
[2025-11-01T09:34:09.455+0000] {logging_mixin.py:188} INFO - [2025-11-01T09:34:09.455+0000] {dagbag.py:545} INFO - Filling up the DagBag from /opt/airflow/dags/openphish_silver.py
[2025-11-01T09:34:09.662+0000] {processor.py:840} INFO - DAG(s) 'openphish_silver' retrieved from /opt/airflow/dags/openphish_silver.py
[2025-11-01T09:34:09.667+0000] {logging_mixin.py:188} INFO - [2025-11-01T09:34:09.667+0000] {dag.py:3089} INFO - Sync 1 DAGs
[2025-11-01T09:34:09.672+0000] {logging_mixin.py:188} INFO - [2025-11-01T09:34:09.672+0000] {dag.py:3947} INFO - Setting next_dagrun for openphish_silver to 2025-10-30 00:00:00+00:00, run_after=2025-10-31 00:00:00+00:00
[2025-11-01T09:34:09.678+0000] {processor.py:183} INFO - Processing /opt/airflow/dags/openphish_silver.py took 0.231 seconds
[2025-11-01T10:21:12.681+0000] {processor.py:161} INFO - Started process (PID=69174) to work on /opt/airflow/dags/openphish_silver.py
[2025-11-01T10:21:12.682+0000] {processor.py:830} INFO - Processing file /opt/airflow/dags/openphish_silver.py for tasks to queue
[2025-11-01T10:21:12.684+0000] {logging_mixin.py:188} INFO - [2025-11-01T10:21:12.683+0000] {dagbag.py:545} INFO - Filling up the DagBag from /opt/airflow/dags/openphish_silver.py
[2025-11-01T10:21:12.870+0000] {processor.py:840} INFO - DAG(s) 'openphish_silver' retrieved from /opt/airflow/dags/openphish_silver.py
[2025-11-01T10:21:12.876+0000] {logging_mixin.py:188} INFO - [2025-11-01T10:21:12.876+0000] {dag.py:3089} INFO - Sync 1 DAGs
[2025-11-01T10:21:12.881+0000] {logging_mixin.py:188} INFO - [2025-11-01T10:21:12.881+0000] {dag.py:3947} INFO - Setting next_dagrun for openphish_silver to 2025-10-30 00:00:00+00:00, run_after=2025-10-31 00:00:00+00:00
[2025-11-01T10:21:12.887+0000] {processor.py:183} INFO - Processing /opt/airflow/dags/openphish_silver.py took 0.212 seconds
[2025-11-01T10:36:45.038+0000] {processor.py:161} INFO - Started process (PID=69205) to work on /opt/airflow/dags/openphish_silver.py
[2025-11-01T10:36:45.038+0000] {processor.py:830} INFO - Processing file /opt/airflow/dags/openphish_silver.py for tasks to queue
[2025-11-01T10:36:45.039+0000] {logging_mixin.py:188} INFO - [2025-11-01T10:36:45.039+0000] {dagbag.py:545} INFO - Filling up the DagBag from /opt/airflow/dags/openphish_silver.py
[2025-11-01T10:36:45.195+0000] {processor.py:840} INFO - DAG(s) 'openphish_silver' retrieved from /opt/airflow/dags/openphish_silver.py
[2025-11-01T10:36:45.201+0000] {logging_mixin.py:188} INFO - [2025-11-01T10:36:45.201+0000] {dag.py:3089} INFO - Sync 1 DAGs
[2025-11-01T10:36:45.206+0000] {logging_mixin.py:188} INFO - [2025-11-01T10:36:45.206+0000] {dag.py:3947} INFO - Setting next_dagrun for openphish_silver to 2025-10-30 00:00:00+00:00, run_after=2025-10-31 00:00:00+00:00
[2025-11-01T10:36:45.211+0000] {processor.py:183} INFO - Processing /opt/airflow/dags/openphish_silver.py took 0.177 seconds
[2025-11-01T11:36:14.273+0000] {processor.py:161} INFO - Started process (PID=69236) to work on /opt/airflow/dags/openphish_silver.py
[2025-11-01T11:36:14.273+0000] {processor.py:830} INFO - Processing file /opt/airflow/dags/openphish_silver.py for tasks to queue
[2025-11-01T11:36:14.275+0000] {logging_mixin.py:188} INFO - [2025-11-01T11:36:14.275+0000] {dagbag.py:545} INFO - Filling up the DagBag from /opt/airflow/dags/openphish_silver.py
[2025-11-01T11:36:14.429+0000] {processor.py:840} INFO - DAG(s) 'openphish_silver' retrieved from /opt/airflow/dags/openphish_silver.py
[2025-11-01T11:36:14.434+0000] {logging_mixin.py:188} INFO - [2025-11-01T11:36:14.434+0000] {dag.py:3089} INFO - Sync 1 DAGs
[2025-11-01T11:36:14.439+0000] {logging_mixin.py:188} INFO - [2025-11-01T11:36:14.439+0000] {dag.py:3947} INFO - Setting next_dagrun for openphish_silver to 2025-10-30 00:00:00+00:00, run_after=2025-10-31 00:00:00+00:00
[2025-11-01T11:36:14.445+0000] {processor.py:183} INFO - Processing /opt/airflow/dags/openphish_silver.py took 0.176 seconds
[2025-11-01T11:36:45.763+0000] {processor.py:161} INFO - Started process (PID=69267) to work on /opt/airflow/dags/openphish_silver.py
[2025-11-01T11:36:45.763+0000] {processor.py:830} INFO - Processing file /opt/airflow/dags/openphish_silver.py for tasks to queue
[2025-11-01T11:36:45.765+0000] {logging_mixin.py:188} INFO - [2025-11-01T11:36:45.764+0000] {dagbag.py:545} INFO - Filling up the DagBag from /opt/airflow/dags/openphish_silver.py
[2025-11-01T11:36:45.938+0000] {processor.py:840} INFO - DAG(s) 'openphish_silver' retrieved from /opt/airflow/dags/openphish_silver.py
[2025-11-01T11:36:45.943+0000] {logging_mixin.py:188} INFO - [2025-11-01T11:36:45.943+0000] {dag.py:3089} INFO - Sync 1 DAGs
[2025-11-01T11:36:45.948+0000] {logging_mixin.py:188} INFO - [2025-11-01T11:36:45.948+0000] {dag.py:3947} INFO - Setting next_dagrun for openphish_silver to 2025-10-30 00:00:00+00:00, run_after=2025-10-31 00:00:00+00:00
[2025-11-01T11:36:45.954+0000] {processor.py:183} INFO - Processing /opt/airflow/dags/openphish_silver.py took 0.195 seconds
[2025-11-01T12:42:35.195+0000] {processor.py:161} INFO - Started process (PID=69298) to work on /opt/airflow/dags/openphish_silver.py
[2025-11-01T12:42:35.196+0000] {processor.py:830} INFO - Processing file /opt/airflow/dags/openphish_silver.py for tasks to queue
[2025-11-01T12:42:35.197+0000] {logging_mixin.py:188} INFO - [2025-11-01T12:42:35.197+0000] {dagbag.py:545} INFO - Filling up the DagBag from /opt/airflow/dags/openphish_silver.py
[2025-11-01T12:42:35.355+0000] {processor.py:840} INFO - DAG(s) 'openphish_silver' retrieved from /opt/airflow/dags/openphish_silver.py
[2025-11-01T12:42:35.360+0000] {logging_mixin.py:188} INFO - [2025-11-01T12:42:35.360+0000] {dag.py:3089} INFO - Sync 1 DAGs
[2025-11-01T12:42:35.365+0000] {logging_mixin.py:188} INFO - [2025-11-01T12:42:35.365+0000] {dag.py:3947} INFO - Setting next_dagrun for openphish_silver to 2025-10-30 00:00:00+00:00, run_after=2025-10-31 00:00:00+00:00
[2025-11-01T12:42:35.371+0000] {processor.py:183} INFO - Processing /opt/airflow/dags/openphish_silver.py took 0.181 seconds
[2025-11-01T12:43:06.707+0000] {processor.py:161} INFO - Started process (PID=69329) to work on /opt/airflow/dags/openphish_silver.py
[2025-11-01T12:43:06.707+0000] {processor.py:830} INFO - Processing file /opt/airflow/dags/openphish_silver.py for tasks to queue
[2025-11-01T12:43:06.708+0000] {logging_mixin.py:188} INFO - [2025-11-01T12:43:06.708+0000] {dagbag.py:545} INFO - Filling up the DagBag from /opt/airflow/dags/openphish_silver.py
[2025-11-01T12:43:06.855+0000] {processor.py:840} INFO - DAG(s) 'openphish_silver' retrieved from /opt/airflow/dags/openphish_silver.py
[2025-11-01T12:43:06.860+0000] {logging_mixin.py:188} INFO - [2025-11-01T12:43:06.860+0000] {dag.py:3089} INFO - Sync 1 DAGs
[2025-11-01T12:43:06.865+0000] {logging_mixin.py:188} INFO - [2025-11-01T12:43:06.865+0000] {dag.py:3947} INFO - Setting next_dagrun for openphish_silver to 2025-10-30 00:00:00+00:00, run_after=2025-10-31 00:00:00+00:00
[2025-11-01T12:43:06.871+0000] {processor.py:183} INFO - Processing /opt/airflow/dags/openphish_silver.py took 0.168 seconds
[2025-11-01T13:01:01.869+0000] {processor.py:161} INFO - Started process (PID=69360) to work on /opt/airflow/dags/openphish_silver.py
[2025-11-01T13:01:01.870+0000] {processor.py:830} INFO - Processing file /opt/airflow/dags/openphish_silver.py for tasks to queue
[2025-11-01T13:01:01.872+0000] {logging_mixin.py:188} INFO - [2025-11-01T13:01:01.872+0000] {dagbag.py:545} INFO - Filling up the DagBag from /opt/airflow/dags/openphish_silver.py
[2025-11-01T13:01:02.038+0000] {processor.py:840} INFO - DAG(s) 'openphish_silver' retrieved from /opt/airflow/dags/openphish_silver.py
[2025-11-01T13:01:02.043+0000] {logging_mixin.py:188} INFO - [2025-11-01T13:01:02.043+0000] {dag.py:3089} INFO - Sync 1 DAGs
[2025-11-01T13:01:02.048+0000] {logging_mixin.py:188} INFO - [2025-11-01T13:01:02.048+0000] {dag.py:3947} INFO - Setting next_dagrun for openphish_silver to 2025-10-30 00:00:00+00:00, run_after=2025-10-31 00:00:00+00:00
[2025-11-01T13:01:02.055+0000] {processor.py:183} INFO - Processing /opt/airflow/dags/openphish_silver.py took 0.192 seconds
[2025-11-01T13:01:33.244+0000] {processor.py:161} INFO - Started process (PID=69391) to work on /opt/airflow/dags/openphish_silver.py
[2025-11-01T13:01:33.244+0000] {processor.py:830} INFO - Processing file /opt/airflow/dags/openphish_silver.py for tasks to queue
[2025-11-01T13:01:33.245+0000] {logging_mixin.py:188} INFO - [2025-11-01T13:01:33.245+0000] {dagbag.py:545} INFO - Filling up the DagBag from /opt/airflow/dags/openphish_silver.py
[2025-11-01T13:01:33.406+0000] {processor.py:840} INFO - DAG(s) 'openphish_silver' retrieved from /opt/airflow/dags/openphish_silver.py
[2025-11-01T13:01:33.412+0000] {logging_mixin.py:188} INFO - [2025-11-01T13:01:33.412+0000] {dag.py:3089} INFO - Sync 1 DAGs
[2025-11-01T13:01:33.416+0000] {logging_mixin.py:188} INFO - [2025-11-01T13:01:33.416+0000] {dag.py:3947} INFO - Setting next_dagrun for openphish_silver to 2025-10-30 00:00:00+00:00, run_after=2025-10-31 00:00:00+00:00
[2025-11-01T13:01:33.422+0000] {processor.py:183} INFO - Processing /opt/airflow/dags/openphish_silver.py took 0.181 seconds
[2025-11-01T13:37:16.620+0000] {processor.py:161} INFO - Started process (PID=69422) to work on /opt/airflow/dags/openphish_silver.py
[2025-11-01T13:37:16.621+0000] {processor.py:830} INFO - Processing file /opt/airflow/dags/openphish_silver.py for tasks to queue
[2025-11-01T13:37:16.623+0000] {logging_mixin.py:188} INFO - [2025-11-01T13:37:16.622+0000] {dagbag.py:545} INFO - Filling up the DagBag from /opt/airflow/dags/openphish_silver.py
[2025-11-01T13:37:16.789+0000] {processor.py:840} INFO - DAG(s) 'openphish_silver' retrieved from /opt/airflow/dags/openphish_silver.py
[2025-11-01T13:37:16.795+0000] {logging_mixin.py:188} INFO - [2025-11-01T13:37:16.795+0000] {dag.py:3089} INFO - Sync 1 DAGs
[2025-11-01T13:37:16.800+0000] {logging_mixin.py:188} INFO - [2025-11-01T13:37:16.800+0000] {dag.py:3947} INFO - Setting next_dagrun for openphish_silver to 2025-10-30 00:00:00+00:00, run_after=2025-10-31 00:00:00+00:00
[2025-11-01T13:37:16.806+0000] {processor.py:183} INFO - Processing /opt/airflow/dags/openphish_silver.py took 0.191 seconds
[2025-11-01T13:37:48.025+0000] {processor.py:161} INFO - Started process (PID=69453) to work on /opt/airflow/dags/openphish_silver.py
[2025-11-01T13:37:48.026+0000] {processor.py:830} INFO - Processing file /opt/airflow/dags/openphish_silver.py for tasks to queue
[2025-11-01T13:37:48.028+0000] {logging_mixin.py:188} INFO - [2025-11-01T13:37:48.028+0000] {dagbag.py:545} INFO - Filling up the DagBag from /opt/airflow/dags/openphish_silver.py
[2025-11-01T13:37:48.189+0000] {processor.py:840} INFO - DAG(s) 'openphish_silver' retrieved from /opt/airflow/dags/openphish_silver.py
[2025-11-01T13:37:48.195+0000] {logging_mixin.py:188} INFO - [2025-11-01T13:37:48.194+0000] {dag.py:3089} INFO - Sync 1 DAGs
[2025-11-01T13:37:48.199+0000] {logging_mixin.py:188} INFO - [2025-11-01T13:37:48.199+0000] {dag.py:3947} INFO - Setting next_dagrun for openphish_silver to 2025-10-30 00:00:00+00:00, run_after=2025-10-31 00:00:00+00:00
[2025-11-01T13:37:48.205+0000] {processor.py:183} INFO - Processing /opt/airflow/dags/openphish_silver.py took 0.187 seconds
[2025-11-01T14:38:13.523+0000] {processor.py:161} INFO - Started process (PID=69484) to work on /opt/airflow/dags/openphish_silver.py
[2025-11-01T14:38:13.524+0000] {processor.py:830} INFO - Processing file /opt/airflow/dags/openphish_silver.py for tasks to queue
[2025-11-01T14:38:13.526+0000] {logging_mixin.py:188} INFO - [2025-11-01T14:38:13.526+0000] {dagbag.py:545} INFO - Filling up the DagBag from /opt/airflow/dags/openphish_silver.py
[2025-11-01T14:38:13.718+0000] {processor.py:840} INFO - DAG(s) 'openphish_silver' retrieved from /opt/airflow/dags/openphish_silver.py
[2025-11-01T14:38:13.724+0000] {logging_mixin.py:188} INFO - [2025-11-01T14:38:13.723+0000] {dag.py:3089} INFO - Sync 1 DAGs
[2025-11-01T14:38:13.728+0000] {logging_mixin.py:188} INFO - [2025-11-01T14:38:13.728+0000] {dag.py:3947} INFO - Setting next_dagrun for openphish_silver to 2025-10-30 00:00:00+00:00, run_after=2025-10-31 00:00:00+00:00
[2025-11-01T14:38:13.734+0000] {processor.py:183} INFO - Processing /opt/airflow/dags/openphish_silver.py took 0.215 seconds
[2025-11-01T14:38:44.770+0000] {processor.py:161} INFO - Started process (PID=69515) to work on /opt/airflow/dags/openphish_silver.py
[2025-11-01T14:38:44.771+0000] {processor.py:830} INFO - Processing file /opt/airflow/dags/openphish_silver.py for tasks to queue
[2025-11-01T14:38:44.772+0000] {logging_mixin.py:188} INFO - [2025-11-01T14:38:44.772+0000] {dagbag.py:545} INFO - Filling up the DagBag from /opt/airflow/dags/openphish_silver.py
[2025-11-01T14:38:44.919+0000] {processor.py:840} INFO - DAG(s) 'openphish_silver' retrieved from /opt/airflow/dags/openphish_silver.py
[2025-11-01T14:38:44.924+0000] {logging_mixin.py:188} INFO - [2025-11-01T14:38:44.924+0000] {dag.py:3089} INFO - Sync 1 DAGs
[2025-11-01T14:38:44.928+0000] {logging_mixin.py:188} INFO - [2025-11-01T14:38:44.928+0000] {dag.py:3947} INFO - Setting next_dagrun for openphish_silver to 2025-10-30 00:00:00+00:00, run_after=2025-10-31 00:00:00+00:00
[2025-11-01T14:38:44.935+0000] {processor.py:183} INFO - Processing /opt/airflow/dags/openphish_silver.py took 0.168 seconds
[2025-11-01T14:40:39.912+0000] {processor.py:161} INFO - Started process (PID=69546) to work on /opt/airflow/dags/openphish_silver.py
[2025-11-01T14:40:39.913+0000] {processor.py:830} INFO - Processing file /opt/airflow/dags/openphish_silver.py for tasks to queue
[2025-11-01T14:40:39.914+0000] {logging_mixin.py:188} INFO - [2025-11-01T14:40:39.914+0000] {dagbag.py:545} INFO - Filling up the DagBag from /opt/airflow/dags/openphish_silver.py
[2025-11-01T14:40:40.078+0000] {processor.py:840} INFO - DAG(s) 'openphish_silver' retrieved from /opt/airflow/dags/openphish_silver.py
[2025-11-01T14:40:40.084+0000] {logging_mixin.py:188} INFO - [2025-11-01T14:40:40.083+0000] {dag.py:3089} INFO - Sync 1 DAGs
[2025-11-01T14:40:40.089+0000] {logging_mixin.py:188} INFO - [2025-11-01T14:40:40.089+0000] {dag.py:3947} INFO - Setting next_dagrun for openphish_silver to 2025-10-30 00:00:00+00:00, run_after=2025-10-31 00:00:00+00:00
[2025-11-01T14:40:40.095+0000] {processor.py:183} INFO - Processing /opt/airflow/dags/openphish_silver.py took 0.189 seconds
[2025-11-01T14:56:34.936+0000] {processor.py:161} INFO - Started process (PID=69577) to work on /opt/airflow/dags/openphish_silver.py
[2025-11-01T14:56:34.937+0000] {processor.py:830} INFO - Processing file /opt/airflow/dags/openphish_silver.py for tasks to queue
[2025-11-01T14:56:34.938+0000] {logging_mixin.py:188} INFO - [2025-11-01T14:56:34.938+0000] {dagbag.py:545} INFO - Filling up the DagBag from /opt/airflow/dags/openphish_silver.py
[2025-11-01T14:56:35.099+0000] {processor.py:840} INFO - DAG(s) 'openphish_silver' retrieved from /opt/airflow/dags/openphish_silver.py
[2025-11-01T14:56:35.105+0000] {logging_mixin.py:188} INFO - [2025-11-01T14:56:35.105+0000] {dag.py:3089} INFO - Sync 1 DAGs
[2025-11-01T14:56:35.109+0000] {logging_mixin.py:188} INFO - [2025-11-01T14:56:35.109+0000] {dag.py:3947} INFO - Setting next_dagrun for openphish_silver to 2025-10-30 00:00:00+00:00, run_after=2025-10-31 00:00:00+00:00
[2025-11-01T14:56:35.115+0000] {processor.py:183} INFO - Processing /opt/airflow/dags/openphish_silver.py took 0.185 seconds
[2025-11-01T15:39:23.241+0000] {processor.py:161} INFO - Started process (PID=69608) to work on /opt/airflow/dags/openphish_silver.py
[2025-11-01T15:39:23.242+0000] {processor.py:830} INFO - Processing file /opt/airflow/dags/openphish_silver.py for tasks to queue
[2025-11-01T15:39:23.243+0000] {logging_mixin.py:188} INFO - [2025-11-01T15:39:23.243+0000] {dagbag.py:545} INFO - Filling up the DagBag from /opt/airflow/dags/openphish_silver.py
[2025-11-01T15:39:23.437+0000] {processor.py:840} INFO - DAG(s) 'openphish_silver' retrieved from /opt/airflow/dags/openphish_silver.py
[2025-11-01T15:39:23.444+0000] {logging_mixin.py:188} INFO - [2025-11-01T15:39:23.444+0000] {dag.py:3089} INFO - Sync 1 DAGs
[2025-11-01T15:39:23.449+0000] {logging_mixin.py:188} INFO - [2025-11-01T15:39:23.449+0000] {dag.py:3947} INFO - Setting next_dagrun for openphish_silver to 2025-10-30 00:00:00+00:00, run_after=2025-10-31 00:00:00+00:00
[2025-11-01T15:39:23.456+0000] {processor.py:183} INFO - Processing /opt/airflow/dags/openphish_silver.py took 0.219 seconds
[2025-11-01T15:56:06.714+0000] {processor.py:161} INFO - Started process (PID=69639) to work on /opt/airflow/dags/openphish_silver.py
[2025-11-01T15:56:06.715+0000] {processor.py:830} INFO - Processing file /opt/airflow/dags/openphish_silver.py for tasks to queue
[2025-11-01T15:56:06.717+0000] {logging_mixin.py:188} INFO - [2025-11-01T15:56:06.717+0000] {dagbag.py:545} INFO - Filling up the DagBag from /opt/airflow/dags/openphish_silver.py
[2025-11-01T15:56:06.881+0000] {processor.py:840} INFO - DAG(s) 'openphish_silver' retrieved from /opt/airflow/dags/openphish_silver.py
[2025-11-01T15:56:06.886+0000] {logging_mixin.py:188} INFO - [2025-11-01T15:56:06.886+0000] {dag.py:3089} INFO - Sync 1 DAGs
[2025-11-01T15:56:06.890+0000] {logging_mixin.py:188} INFO - [2025-11-01T15:56:06.890+0000] {dag.py:3947} INFO - Setting next_dagrun for openphish_silver to 2025-10-30 00:00:00+00:00, run_after=2025-10-31 00:00:00+00:00
[2025-11-01T15:56:06.897+0000] {processor.py:183} INFO - Processing /opt/airflow/dags/openphish_silver.py took 0.188 seconds
[2025-11-01T16:40:21.975+0000] {processor.py:161} INFO - Started process (PID=69670) to work on /opt/airflow/dags/openphish_silver.py
[2025-11-01T16:40:21.976+0000] {processor.py:830} INFO - Processing file /opt/airflow/dags/openphish_silver.py for tasks to queue
[2025-11-01T16:40:21.977+0000] {logging_mixin.py:188} INFO - [2025-11-01T16:40:21.977+0000] {dagbag.py:545} INFO - Filling up the DagBag from /opt/airflow/dags/openphish_silver.py
[2025-11-01T16:40:22.141+0000] {processor.py:840} INFO - DAG(s) 'openphish_silver' retrieved from /opt/airflow/dags/openphish_silver.py
[2025-11-01T16:40:22.146+0000] {logging_mixin.py:188} INFO - [2025-11-01T16:40:22.146+0000] {dag.py:3089} INFO - Sync 1 DAGs
[2025-11-01T16:40:22.151+0000] {logging_mixin.py:188} INFO - [2025-11-01T16:40:22.151+0000] {dag.py:3947} INFO - Setting next_dagrun for openphish_silver to 2025-10-30 00:00:00+00:00, run_after=2025-10-31 00:00:00+00:00
[2025-11-01T16:40:22.157+0000] {processor.py:183} INFO - Processing /opt/airflow/dags/openphish_silver.py took 0.188 seconds
[2025-11-01T16:40:53.680+0000] {processor.py:161} INFO - Started process (PID=69701) to work on /opt/airflow/dags/openphish_silver.py
[2025-11-01T16:40:53.682+0000] {processor.py:830} INFO - Processing file /opt/airflow/dags/openphish_silver.py for tasks to queue
[2025-11-01T16:40:53.683+0000] {logging_mixin.py:188} INFO - [2025-11-01T16:40:53.683+0000] {dagbag.py:545} INFO - Filling up the DagBag from /opt/airflow/dags/openphish_silver.py
[2025-11-01T16:40:53.840+0000] {processor.py:840} INFO - DAG(s) 'openphish_silver' retrieved from /opt/airflow/dags/openphish_silver.py
[2025-11-01T16:40:53.845+0000] {logging_mixin.py:188} INFO - [2025-11-01T16:40:53.845+0000] {dag.py:3089} INFO - Sync 1 DAGs
[2025-11-01T16:40:53.850+0000] {logging_mixin.py:188} INFO - [2025-11-01T16:40:53.850+0000] {dag.py:3947} INFO - Setting next_dagrun for openphish_silver to 2025-10-30 00:00:00+00:00, run_after=2025-10-31 00:00:00+00:00
[2025-11-01T16:40:53.857+0000] {processor.py:183} INFO - Processing /opt/airflow/dags/openphish_silver.py took 0.181 seconds
[2025-11-01T17:41:19.141+0000] {processor.py:161} INFO - Started process (PID=69732) to work on /opt/airflow/dags/openphish_silver.py
[2025-11-01T17:41:19.142+0000] {processor.py:830} INFO - Processing file /opt/airflow/dags/openphish_silver.py for tasks to queue
[2025-11-01T17:41:19.144+0000] {logging_mixin.py:188} INFO - [2025-11-01T17:41:19.143+0000] {dagbag.py:545} INFO - Filling up the DagBag from /opt/airflow/dags/openphish_silver.py
[2025-11-01T17:41:19.308+0000] {processor.py:840} INFO - DAG(s) 'openphish_silver' retrieved from /opt/airflow/dags/openphish_silver.py
[2025-11-01T17:41:19.313+0000] {logging_mixin.py:188} INFO - [2025-11-01T17:41:19.313+0000] {dag.py:3089} INFO - Sync 1 DAGs
[2025-11-01T17:41:19.318+0000] {logging_mixin.py:188} INFO - [2025-11-01T17:41:19.318+0000] {dag.py:3947} INFO - Setting next_dagrun for openphish_silver to 2025-10-30 00:00:00+00:00, run_after=2025-10-31 00:00:00+00:00
[2025-11-01T17:41:19.324+0000] {processor.py:183} INFO - Processing /opt/airflow/dags/openphish_silver.py took 0.188 seconds
[2025-11-01T17:41:50.714+0000] {processor.py:161} INFO - Started process (PID=69763) to work on /opt/airflow/dags/openphish_silver.py
[2025-11-01T17:41:50.715+0000] {processor.py:830} INFO - Processing file /opt/airflow/dags/openphish_silver.py for tasks to queue
[2025-11-01T17:41:50.715+0000] {logging_mixin.py:188} INFO - [2025-11-01T17:41:50.715+0000] {dagbag.py:545} INFO - Filling up the DagBag from /opt/airflow/dags/openphish_silver.py
[2025-11-01T17:41:50.862+0000] {processor.py:840} INFO - DAG(s) 'openphish_silver' retrieved from /opt/airflow/dags/openphish_silver.py
[2025-11-01T17:41:50.867+0000] {logging_mixin.py:188} INFO - [2025-11-01T17:41:50.867+0000] {dag.py:3089} INFO - Sync 1 DAGs
[2025-11-01T17:41:50.872+0000] {logging_mixin.py:188} INFO - [2025-11-01T17:41:50.871+0000] {dag.py:3947} INFO - Setting next_dagrun for openphish_silver to 2025-10-30 00:00:00+00:00, run_after=2025-10-31 00:00:00+00:00
[2025-11-01T17:41:50.878+0000] {processor.py:183} INFO - Processing /opt/airflow/dags/openphish_silver.py took 0.166 seconds
[2025-11-01T17:58:54.364+0000] {processor.py:161} INFO - Started process (PID=69794) to work on /opt/airflow/dags/openphish_silver.py
[2025-11-01T17:58:54.365+0000] {processor.py:830} INFO - Processing file /opt/airflow/dags/openphish_silver.py for tasks to queue
[2025-11-01T17:58:54.367+0000] {logging_mixin.py:188} INFO - [2025-11-01T17:58:54.366+0000] {dagbag.py:545} INFO - Filling up the DagBag from /opt/airflow/dags/openphish_silver.py
[2025-11-01T17:58:54.555+0000] {processor.py:840} INFO - DAG(s) 'openphish_silver' retrieved from /opt/airflow/dags/openphish_silver.py
[2025-11-01T17:58:54.561+0000] {logging_mixin.py:188} INFO - [2025-11-01T17:58:54.560+0000] {dag.py:3089} INFO - Sync 1 DAGs
[2025-11-01T17:58:54.566+0000] {logging_mixin.py:188} INFO - [2025-11-01T17:58:54.566+0000] {dag.py:3947} INFO - Setting next_dagrun for openphish_silver to 2025-10-30 00:00:00+00:00, run_after=2025-10-31 00:00:00+00:00
[2025-11-01T17:58:54.572+0000] {processor.py:183} INFO - Processing /opt/airflow/dags/openphish_silver.py took 0.215 seconds
[2025-11-01T18:16:19.906+0000] {processor.py:161} INFO - Started process (PID=69825) to work on /opt/airflow/dags/openphish_silver.py
[2025-11-01T18:16:19.907+0000] {processor.py:830} INFO - Processing file /opt/airflow/dags/openphish_silver.py for tasks to queue
[2025-11-01T18:16:19.909+0000] {logging_mixin.py:188} INFO - [2025-11-01T18:16:19.908+0000] {dagbag.py:545} INFO - Filling up the DagBag from /opt/airflow/dags/openphish_silver.py
[2025-11-01T18:16:20.067+0000] {processor.py:840} INFO - DAG(s) 'openphish_silver' retrieved from /opt/airflow/dags/openphish_silver.py
[2025-11-01T18:16:20.072+0000] {logging_mixin.py:188} INFO - [2025-11-01T18:16:20.072+0000] {dag.py:3089} INFO - Sync 1 DAGs
[2025-11-01T18:16:20.077+0000] {logging_mixin.py:188} INFO - [2025-11-01T18:16:20.077+0000] {dag.py:3947} INFO - Setting next_dagrun for openphish_silver to 2025-10-30 00:00:00+00:00, run_after=2025-10-31 00:00:00+00:00
[2025-11-01T18:16:20.084+0000] {processor.py:183} INFO - Processing /opt/airflow/dags/openphish_silver.py took 0.182 seconds
[2025-11-01T18:42:30.810+0000] {processor.py:161} INFO - Started process (PID=69856) to work on /opt/airflow/dags/openphish_silver.py
[2025-11-01T18:42:30.811+0000] {processor.py:830} INFO - Processing file /opt/airflow/dags/openphish_silver.py for tasks to queue
[2025-11-01T18:42:30.813+0000] {logging_mixin.py:188} INFO - [2025-11-01T18:42:30.812+0000] {dagbag.py:545} INFO - Filling up the DagBag from /opt/airflow/dags/openphish_silver.py
[2025-11-01T18:42:30.971+0000] {processor.py:840} INFO - DAG(s) 'openphish_silver' retrieved from /opt/airflow/dags/openphish_silver.py
[2025-11-01T18:42:30.977+0000] {logging_mixin.py:188} INFO - [2025-11-01T18:42:30.977+0000] {dag.py:3089} INFO - Sync 1 DAGs
[2025-11-01T18:42:30.982+0000] {logging_mixin.py:188} INFO - [2025-11-01T18:42:30.982+0000] {dag.py:3947} INFO - Setting next_dagrun for openphish_silver to 2025-10-30 00:00:00+00:00, run_after=2025-10-31 00:00:00+00:00
[2025-11-01T18:42:30.988+0000] {processor.py:183} INFO - Processing /opt/airflow/dags/openphish_silver.py took 0.183 seconds
[2025-11-01T18:59:37.724+0000] {processor.py:161} INFO - Started process (PID=69887) to work on /opt/airflow/dags/openphish_silver.py
[2025-11-01T18:59:37.725+0000] {processor.py:830} INFO - Processing file /opt/airflow/dags/openphish_silver.py for tasks to queue
[2025-11-01T18:59:37.727+0000] {logging_mixin.py:188} INFO - [2025-11-01T18:59:37.727+0000] {dagbag.py:545} INFO - Filling up the DagBag from /opt/airflow/dags/openphish_silver.py
[2025-11-01T18:59:37.891+0000] {processor.py:840} INFO - DAG(s) 'openphish_silver' retrieved from /opt/airflow/dags/openphish_silver.py
[2025-11-01T18:59:37.896+0000] {logging_mixin.py:188} INFO - [2025-11-01T18:59:37.896+0000] {dag.py:3089} INFO - Sync 1 DAGs
[2025-11-01T18:59:37.900+0000] {logging_mixin.py:188} INFO - [2025-11-01T18:59:37.900+0000] {dag.py:3947} INFO - Setting next_dagrun for openphish_silver to 2025-10-30 00:00:00+00:00, run_after=2025-10-31 00:00:00+00:00
[2025-11-01T18:59:37.907+0000] {processor.py:183} INFO - Processing /opt/airflow/dags/openphish_silver.py took 0.188 seconds
[2025-11-01T19:00:09.556+0000] {processor.py:161} INFO - Started process (PID=69918) to work on /opt/airflow/dags/openphish_silver.py
[2025-11-01T19:00:09.557+0000] {processor.py:830} INFO - Processing file /opt/airflow/dags/openphish_silver.py for tasks to queue
[2025-11-01T19:00:09.558+0000] {logging_mixin.py:188} INFO - [2025-11-01T19:00:09.558+0000] {dagbag.py:545} INFO - Filling up the DagBag from /opt/airflow/dags/openphish_silver.py
[2025-11-01T19:00:09.718+0000] {processor.py:840} INFO - DAG(s) 'openphish_silver' retrieved from /opt/airflow/dags/openphish_silver.py
[2025-11-01T19:00:09.723+0000] {logging_mixin.py:188} INFO - [2025-11-01T19:00:09.723+0000] {dag.py:3089} INFO - Sync 1 DAGs
[2025-11-01T19:00:09.728+0000] {logging_mixin.py:188} INFO - [2025-11-01T19:00:09.728+0000] {dag.py:3947} INFO - Setting next_dagrun for openphish_silver to 2025-10-30 00:00:00+00:00, run_after=2025-10-31 00:00:00+00:00
[2025-11-01T19:00:09.735+0000] {processor.py:183} INFO - Processing /opt/airflow/dags/openphish_silver.py took 0.183 seconds
[2025-11-01T19:43:10.296+0000] {processor.py:161} INFO - Started process (PID=69949) to work on /opt/airflow/dags/openphish_silver.py
[2025-11-01T19:43:10.297+0000] {processor.py:830} INFO - Processing file /opt/airflow/dags/openphish_silver.py for tasks to queue
[2025-11-01T19:43:10.298+0000] {logging_mixin.py:188} INFO - [2025-11-01T19:43:10.298+0000] {dagbag.py:545} INFO - Filling up the DagBag from /opt/airflow/dags/openphish_silver.py
[2025-11-01T19:43:10.444+0000] {processor.py:840} INFO - DAG(s) 'openphish_silver' retrieved from /opt/airflow/dags/openphish_silver.py
[2025-11-01T19:43:10.450+0000] {logging_mixin.py:188} INFO - [2025-11-01T19:43:10.450+0000] {dag.py:3089} INFO - Sync 1 DAGs
[2025-11-01T19:43:10.455+0000] {logging_mixin.py:188} INFO - [2025-11-01T19:43:10.455+0000] {dag.py:3947} INFO - Setting next_dagrun for openphish_silver to 2025-10-30 00:00:00+00:00, run_after=2025-10-31 00:00:00+00:00
[2025-11-01T19:43:10.460+0000] {processor.py:183} INFO - Processing /opt/airflow/dags/openphish_silver.py took 0.167 seconds
[2025-11-01T19:43:41.816+0000] {processor.py:161} INFO - Started process (PID=69980) to work on /opt/airflow/dags/openphish_silver.py
[2025-11-01T19:43:41.817+0000] {processor.py:830} INFO - Processing file /opt/airflow/dags/openphish_silver.py for tasks to queue
[2025-11-01T19:43:41.818+0000] {logging_mixin.py:188} INFO - [2025-11-01T19:43:41.818+0000] {dagbag.py:545} INFO - Filling up the DagBag from /opt/airflow/dags/openphish_silver.py
[2025-11-01T19:43:41.994+0000] {processor.py:840} INFO - DAG(s) 'openphish_silver' retrieved from /opt/airflow/dags/openphish_silver.py
[2025-11-01T19:43:42.000+0000] {logging_mixin.py:188} INFO - [2025-11-01T19:43:42.000+0000] {dag.py:3089} INFO - Sync 1 DAGs
[2025-11-01T19:43:42.005+0000] {logging_mixin.py:188} INFO - [2025-11-01T19:43:42.004+0000] {dag.py:3947} INFO - Setting next_dagrun for openphish_silver to 2025-10-30 00:00:00+00:00, run_after=2025-10-31 00:00:00+00:00
[2025-11-01T19:43:42.011+0000] {processor.py:183} INFO - Processing /opt/airflow/dags/openphish_silver.py took 0.199 seconds
[2025-11-01T20:31:15.113+0000] {processor.py:161} INFO - Started process (PID=70011) to work on /opt/airflow/dags/openphish_silver.py
[2025-11-01T20:31:15.114+0000] {processor.py:830} INFO - Processing file /opt/airflow/dags/openphish_silver.py for tasks to queue
[2025-11-01T20:31:15.115+0000] {logging_mixin.py:188} INFO - [2025-11-01T20:31:15.115+0000] {dagbag.py:545} INFO - Filling up the DagBag from /opt/airflow/dags/openphish_silver.py
[2025-11-01T20:31:15.270+0000] {processor.py:840} INFO - DAG(s) 'openphish_silver' retrieved from /opt/airflow/dags/openphish_silver.py
[2025-11-01T20:31:15.275+0000] {logging_mixin.py:188} INFO - [2025-11-01T20:31:15.275+0000] {dag.py:3089} INFO - Sync 1 DAGs
[2025-11-01T20:31:15.281+0000] {logging_mixin.py:188} INFO - [2025-11-01T20:31:15.280+0000] {dag.py:3947} INFO - Setting next_dagrun for openphish_silver to 2025-10-30 00:00:00+00:00, run_after=2025-10-31 00:00:00+00:00
[2025-11-01T20:31:15.286+0000] {processor.py:183} INFO - Processing /opt/airflow/dags/openphish_silver.py took 0.177 seconds
[2025-11-01T20:44:36.984+0000] {processor.py:161} INFO - Started process (PID=70042) to work on /opt/airflow/dags/openphish_silver.py
[2025-11-01T20:44:36.985+0000] {processor.py:830} INFO - Processing file /opt/airflow/dags/openphish_silver.py for tasks to queue
[2025-11-01T20:44:36.986+0000] {logging_mixin.py:188} INFO - [2025-11-01T20:44:36.986+0000] {dagbag.py:545} INFO - Filling up the DagBag from /opt/airflow/dags/openphish_silver.py
[2025-11-01T20:44:37.144+0000] {processor.py:840} INFO - DAG(s) 'openphish_silver' retrieved from /opt/airflow/dags/openphish_silver.py
[2025-11-01T20:44:37.149+0000] {logging_mixin.py:188} INFO - [2025-11-01T20:44:37.149+0000] {dag.py:3089} INFO - Sync 1 DAGs
[2025-11-01T20:44:37.154+0000] {logging_mixin.py:188} INFO - [2025-11-01T20:44:37.154+0000] {dag.py:3947} INFO - Setting next_dagrun for openphish_silver to 2025-10-30 00:00:00+00:00, run_after=2025-10-31 00:00:00+00:00
[2025-11-01T20:44:37.161+0000] {processor.py:183} INFO - Processing /opt/airflow/dags/openphish_silver.py took 0.183 seconds
[2025-11-01T21:34:03.614+0000] {processor.py:161} INFO - Started process (PID=70073) to work on /opt/airflow/dags/openphish_silver.py
[2025-11-01T21:34:03.615+0000] {processor.py:830} INFO - Processing file /opt/airflow/dags/openphish_silver.py for tasks to queue
[2025-11-01T21:34:03.616+0000] {logging_mixin.py:188} INFO - [2025-11-01T21:34:03.616+0000] {dagbag.py:545} INFO - Filling up the DagBag from /opt/airflow/dags/openphish_silver.py
[2025-11-01T21:34:03.775+0000] {processor.py:840} INFO - DAG(s) 'openphish_silver' retrieved from /opt/airflow/dags/openphish_silver.py
[2025-11-01T21:34:03.780+0000] {logging_mixin.py:188} INFO - [2025-11-01T21:34:03.780+0000] {dag.py:3089} INFO - Sync 1 DAGs
[2025-11-01T21:34:03.785+0000] {logging_mixin.py:188} INFO - [2025-11-01T21:34:03.785+0000] {dag.py:3947} INFO - Setting next_dagrun for openphish_silver to 2025-10-30 00:00:00+00:00, run_after=2025-10-31 00:00:00+00:00
[2025-11-01T21:34:03.791+0000] {processor.py:183} INFO - Processing /opt/airflow/dags/openphish_silver.py took 0.181 seconds
[2025-11-01T21:45:33.786+0000] {processor.py:161} INFO - Started process (PID=70104) to work on /opt/airflow/dags/openphish_silver.py
[2025-11-01T21:45:33.787+0000] {processor.py:830} INFO - Processing file /opt/airflow/dags/openphish_silver.py for tasks to queue
[2025-11-01T21:45:33.790+0000] {logging_mixin.py:188} INFO - [2025-11-01T21:45:33.789+0000] {dagbag.py:545} INFO - Filling up the DagBag from /opt/airflow/dags/openphish_silver.py
[2025-11-01T21:45:33.955+0000] {processor.py:840} INFO - DAG(s) 'openphish_silver' retrieved from /opt/airflow/dags/openphish_silver.py
[2025-11-01T21:45:33.961+0000] {logging_mixin.py:188} INFO - [2025-11-01T21:45:33.961+0000] {dag.py:3089} INFO - Sync 1 DAGs
[2025-11-01T21:45:33.965+0000] {logging_mixin.py:188} INFO - [2025-11-01T21:45:33.965+0000] {dag.py:3947} INFO - Setting next_dagrun for openphish_silver to 2025-10-30 00:00:00+00:00, run_after=2025-10-31 00:00:00+00:00
[2025-11-01T21:45:33.972+0000] {processor.py:183} INFO - Processing /opt/airflow/dags/openphish_silver.py took 0.192 seconds
[2025-11-01T22:19:09.936+0000] {processor.py:161} INFO - Started process (PID=70135) to work on /opt/airflow/dags/openphish_silver.py
[2025-11-01T22:19:09.936+0000] {processor.py:830} INFO - Processing file /opt/airflow/dags/openphish_silver.py for tasks to queue
[2025-11-01T22:19:09.938+0000] {logging_mixin.py:188} INFO - [2025-11-01T22:19:09.938+0000] {dagbag.py:545} INFO - Filling up the DagBag from /opt/airflow/dags/openphish_silver.py
[2025-11-01T22:19:10.094+0000] {processor.py:840} INFO - DAG(s) 'openphish_silver' retrieved from /opt/airflow/dags/openphish_silver.py
[2025-11-01T22:19:10.099+0000] {logging_mixin.py:188} INFO - [2025-11-01T22:19:10.099+0000] {dag.py:3089} INFO - Sync 1 DAGs
[2025-11-01T22:19:10.104+0000] {logging_mixin.py:188} INFO - [2025-11-01T22:19:10.103+0000] {dag.py:3947} INFO - Setting next_dagrun for openphish_silver to 2025-10-30 00:00:00+00:00, run_after=2025-10-31 00:00:00+00:00
[2025-11-01T22:19:10.109+0000] {processor.py:183} INFO - Processing /opt/airflow/dags/openphish_silver.py took 0.178 seconds
[2025-11-01T22:46:31.070+0000] {processor.py:161} INFO - Started process (PID=70166) to work on /opt/airflow/dags/openphish_silver.py
[2025-11-01T22:46:31.071+0000] {processor.py:830} INFO - Processing file /opt/airflow/dags/openphish_silver.py for tasks to queue
[2025-11-01T22:46:31.073+0000] {logging_mixin.py:188} INFO - [2025-11-01T22:46:31.072+0000] {dagbag.py:545} INFO - Filling up the DagBag from /opt/airflow/dags/openphish_silver.py
[2025-11-01T22:46:31.240+0000] {processor.py:840} INFO - DAG(s) 'openphish_silver' retrieved from /opt/airflow/dags/openphish_silver.py
[2025-11-01T22:46:31.245+0000] {logging_mixin.py:188} INFO - [2025-11-01T22:46:31.245+0000] {dag.py:3089} INFO - Sync 1 DAGs
[2025-11-01T22:46:31.251+0000] {logging_mixin.py:188} INFO - [2025-11-01T22:46:31.250+0000] {dag.py:3947} INFO - Setting next_dagrun for openphish_silver to 2025-10-30 00:00:00+00:00, run_after=2025-10-31 00:00:00+00:00
[2025-11-01T22:46:31.258+0000] {processor.py:183} INFO - Processing /opt/airflow/dags/openphish_silver.py took 0.193 seconds
[2025-11-01T22:53:23.286+0000] {processor.py:161} INFO - Started process (PID=70197) to work on /opt/airflow/dags/openphish_silver.py
[2025-11-01T22:53:23.287+0000] {processor.py:830} INFO - Processing file /opt/airflow/dags/openphish_silver.py for tasks to queue
[2025-11-01T22:53:23.289+0000] {logging_mixin.py:188} INFO - [2025-11-01T22:53:23.288+0000] {dagbag.py:545} INFO - Filling up the DagBag from /opt/airflow/dags/openphish_silver.py
[2025-11-01T22:53:23.463+0000] {processor.py:840} INFO - DAG(s) 'openphish_silver' retrieved from /opt/airflow/dags/openphish_silver.py
[2025-11-01T22:53:23.468+0000] {logging_mixin.py:188} INFO - [2025-11-01T22:53:23.468+0000] {dag.py:3089} INFO - Sync 1 DAGs
[2025-11-01T22:53:23.473+0000] {logging_mixin.py:188} INFO - [2025-11-01T22:53:23.473+0000] {dag.py:3947} INFO - Setting next_dagrun for openphish_silver to 2025-10-30 00:00:00+00:00, run_after=2025-10-31 00:00:00+00:00
[2025-11-01T22:53:23.480+0000] {processor.py:183} INFO - Processing /opt/airflow/dags/openphish_silver.py took 0.198 seconds
[2025-11-01T22:53:55.276+0000] {processor.py:161} INFO - Started process (PID=70228) to work on /opt/airflow/dags/openphish_silver.py
[2025-11-01T22:53:55.277+0000] {processor.py:830} INFO - Processing file /opt/airflow/dags/openphish_silver.py for tasks to queue
[2025-11-01T22:53:55.279+0000] {logging_mixin.py:188} INFO - [2025-11-01T22:53:55.278+0000] {dagbag.py:545} INFO - Filling up the DagBag from /opt/airflow/dags/openphish_silver.py
[2025-11-01T22:53:55.437+0000] {processor.py:840} INFO - DAG(s) 'openphish_silver' retrieved from /opt/airflow/dags/openphish_silver.py
[2025-11-01T22:53:55.443+0000] {logging_mixin.py:188} INFO - [2025-11-01T22:53:55.443+0000] {dag.py:3089} INFO - Sync 1 DAGs
[2025-11-01T22:53:55.448+0000] {logging_mixin.py:188} INFO - [2025-11-01T22:53:55.448+0000] {dag.py:3947} INFO - Setting next_dagrun for openphish_silver to 2025-10-30 00:00:00+00:00, run_after=2025-10-31 00:00:00+00:00
[2025-11-01T22:53:55.454+0000] {processor.py:183} INFO - Processing /opt/airflow/dags/openphish_silver.py took 0.183 seconds
[2025-11-01T23:32:26.510+0000] {processor.py:161} INFO - Started process (PID=70259) to work on /opt/airflow/dags/openphish_silver.py
[2025-11-01T23:32:26.510+0000] {processor.py:830} INFO - Processing file /opt/airflow/dags/openphish_silver.py for tasks to queue
[2025-11-01T23:32:26.512+0000] {logging_mixin.py:188} INFO - [2025-11-01T23:32:26.511+0000] {dagbag.py:545} INFO - Filling up the DagBag from /opt/airflow/dags/openphish_silver.py
[2025-11-01T23:32:26.669+0000] {processor.py:840} INFO - DAG(s) 'openphish_silver' retrieved from /opt/airflow/dags/openphish_silver.py
[2025-11-01T23:32:26.674+0000] {logging_mixin.py:188} INFO - [2025-11-01T23:32:26.674+0000] {dag.py:3089} INFO - Sync 1 DAGs
[2025-11-01T23:32:26.678+0000] {logging_mixin.py:188} INFO - [2025-11-01T23:32:26.678+0000] {dag.py:3947} INFO - Setting next_dagrun for openphish_silver to 2025-10-30 00:00:00+00:00, run_after=2025-10-31 00:00:00+00:00
[2025-11-01T23:32:26.684+0000] {processor.py:183} INFO - Processing /opt/airflow/dags/openphish_silver.py took 0.179 seconds
[2025-11-01T23:32:57.815+0000] {processor.py:161} INFO - Started process (PID=70290) to work on /opt/airflow/dags/openphish_silver.py
[2025-11-01T23:32:57.816+0000] {processor.py:830} INFO - Processing file /opt/airflow/dags/openphish_silver.py for tasks to queue
[2025-11-01T23:32:57.818+0000] {logging_mixin.py:188} INFO - [2025-11-01T23:32:57.817+0000] {dagbag.py:545} INFO - Filling up the DagBag from /opt/airflow/dags/openphish_silver.py
[2025-11-01T23:32:57.982+0000] {processor.py:840} INFO - DAG(s) 'openphish_silver' retrieved from /opt/airflow/dags/openphish_silver.py
[2025-11-01T23:32:57.988+0000] {logging_mixin.py:188} INFO - [2025-11-01T23:32:57.987+0000] {dag.py:3089} INFO - Sync 1 DAGs
[2025-11-01T23:32:57.993+0000] {logging_mixin.py:188} INFO - [2025-11-01T23:32:57.993+0000] {dag.py:3947} INFO - Setting next_dagrun for openphish_silver to 2025-10-30 00:00:00+00:00, run_after=2025-10-31 00:00:00+00:00
[2025-11-01T23:32:57.999+0000] {processor.py:183} INFO - Processing /opt/airflow/dags/openphish_silver.py took 0.190 seconds
[2025-11-01T23:47:29.892+0000] {processor.py:161} INFO - Started process (PID=70321) to work on /opt/airflow/dags/openphish_silver.py
[2025-11-01T23:47:29.893+0000] {processor.py:830} INFO - Processing file /opt/airflow/dags/openphish_silver.py for tasks to queue
[2025-11-01T23:47:29.894+0000] {logging_mixin.py:188} INFO - [2025-11-01T23:47:29.894+0000] {dagbag.py:545} INFO - Filling up the DagBag from /opt/airflow/dags/openphish_silver.py
[2025-11-01T23:47:30.044+0000] {processor.py:840} INFO - DAG(s) 'openphish_silver' retrieved from /opt/airflow/dags/openphish_silver.py
[2025-11-01T23:47:30.050+0000] {logging_mixin.py:188} INFO - [2025-11-01T23:47:30.049+0000] {dag.py:3089} INFO - Sync 1 DAGs
[2025-11-01T23:47:30.054+0000] {logging_mixin.py:188} INFO - [2025-11-01T23:47:30.054+0000] {dag.py:3947} INFO - Setting next_dagrun for openphish_silver to 2025-10-30 00:00:00+00:00, run_after=2025-10-31 00:00:00+00:00
[2025-11-01T23:47:30.060+0000] {processor.py:183} INFO - Processing /opt/airflow/dags/openphish_silver.py took 0.172 seconds
