[2025-10-29T16:26:51.337+0000] {local_task_job_runner.py:120} INFO - ::group::Pre task execution logs
[2025-10-29T16:26:51.346+0000] {taskinstance.py:2076} INFO - Dependencies all met for dep_context=non-requeueable deps ti=<TaskInstance: urlhaus_silver.urlhaus_bronze_to_silver scheduled__2025-10-28T00:00:00+00:00 [queued]>
[2025-10-29T16:26:51.347+0000] {taskinstance.py:2076} INFO - Dependencies all met for dep_context=requeueable deps ti=<TaskInstance: urlhaus_silver.urlhaus_bronze_to_silver scheduled__2025-10-28T00:00:00+00:00 [queued]>
[2025-10-29T16:26:51.347+0000] {taskinstance.py:2306} INFO - Starting attempt 1 of 1
[2025-10-29T16:26:51.351+0000] {taskinstance.py:2330} INFO - Executing <Task(PythonOperator): urlhaus_bronze_to_silver> on 2025-10-28 00:00:00+00:00
[2025-10-29T16:26:51.353+0000] {standard_task_runner.py:90} INFO - Running: ['airflow', 'tasks', 'run', 'urlhaus_silver', 'urlhaus_bronze_to_silver', 'scheduled__2025-10-28T00:00:00+00:00', '--job-id', '4', '--raw', '--subdir', 'DAGS_FOLDER/urlhaus_silver.py', '--cfg-path', '/tmp/tmpm05u7i9u']
[2025-10-29T16:26:51.355+0000] {standard_task_runner.py:91} INFO - Job 4: Subtask urlhaus_bronze_to_silver
[2025-10-29T16:26:51.355+0000] {logging_mixin.py:188} WARNING - /home/airflow/.local/lib/python3.12/site-packages/airflow/task/task_runner/standard_task_runner.py:62 DeprecationWarning: This process (pid=309) is multi-threaded, use of fork() may lead to deadlocks in the child.
[2025-10-29T16:26:51.357+0000] {standard_task_runner.py:64} INFO - Started process 320 to run task
[2025-10-29T16:26:51.367+0000] {task_command.py:426} INFO - Running <TaskInstance: urlhaus_silver.urlhaus_bronze_to_silver scheduled__2025-10-28T00:00:00+00:00 [running]> on host 71216881f673
[2025-10-29T16:26:51.382+0000] {taskinstance.py:2648} INFO - Exporting env vars: AIRFLOW_CTX_DAG_OWNER='you' AIRFLOW_CTX_DAG_ID='urlhaus_silver' AIRFLOW_CTX_TASK_ID='urlhaus_bronze_to_silver' AIRFLOW_CTX_EXECUTION_DATE='2025-10-28T00:00:00+00:00' AIRFLOW_CTX_TRY_NUMBER='1' AIRFLOW_CTX_DAG_RUN_ID='scheduled__2025-10-28T00:00:00+00:00'
[2025-10-29T16:26:51.383+0000] {taskinstance.py:430} INFO - ::endgroup::
[2025-10-29T16:26:51.445+0000] {logging_mixin.py:188} INFO - [urlhaus_silver] wrote 5940 rows -> /opt/airflow/silver/urlhaus/ingest_date=2025-10-28
[2025-10-29T16:26:51.446+0000] {python.py:237} INFO - Done. Returned value was: None
[2025-10-29T16:26:51.446+0000] {taskinstance.py:441} INFO - ::group::Post task execution logs
[2025-10-29T16:26:51.448+0000] {taskinstance.py:1206} INFO - Marking task as SUCCESS. dag_id=urlhaus_silver, task_id=urlhaus_bronze_to_silver, run_id=scheduled__2025-10-28T00:00:00+00:00, execution_date=20251028T000000, start_date=20251029T162651, end_date=20251029T162651
[2025-10-29T16:26:51.459+0000] {local_task_job_runner.py:243} INFO - Task exited with return code 0
[2025-10-29T16:26:51.463+0000] {taskinstance.py:3503} INFO - 0 downstream tasks scheduled from follow-on schedule check
[2025-10-29T16:26:51.463+0000] {local_task_job_runner.py:222} INFO - ::endgroup::
[2025-10-29T18:18:09.147+0000] {local_task_job_runner.py:120} INFO - ::group::Pre task execution logs
[2025-10-29T18:18:09.156+0000] {taskinstance.py:2076} INFO - Dependencies all met for dep_context=non-requeueable deps ti=<TaskInstance: urlhaus_silver.urlhaus_bronze_to_silver scheduled__2025-10-28T00:00:00+00:00 [queued]>
[2025-10-29T18:18:09.157+0000] {taskinstance.py:2076} INFO - Dependencies all met for dep_context=requeueable deps ti=<TaskInstance: urlhaus_silver.urlhaus_bronze_to_silver scheduled__2025-10-28T00:00:00+00:00 [queued]>
[2025-10-29T18:18:09.158+0000] {taskinstance.py:2306} INFO - Starting attempt 1 of 1
[2025-10-29T18:18:09.162+0000] {taskinstance.py:2330} INFO - Executing <Task(PythonOperator): urlhaus_bronze_to_silver> on 2025-10-28 00:00:00+00:00
[2025-10-29T18:18:09.165+0000] {standard_task_runner.py:90} INFO - Running: ['airflow', 'tasks', 'run', 'urlhaus_silver', 'urlhaus_bronze_to_silver', 'scheduled__2025-10-28T00:00:00+00:00', '--job-id', '289', '--raw', '--subdir', 'DAGS_FOLDER/urlhaus_silver.py', '--cfg-path', '/tmp/tmpvonmq9h5']
[2025-10-29T18:18:09.166+0000] {standard_task_runner.py:91} INFO - Job 289: Subtask urlhaus_bronze_to_silver
[2025-10-29T18:18:09.166+0000] {logging_mixin.py:188} WARNING - /home/airflow/.local/lib/python3.12/site-packages/airflow/task/task_runner/standard_task_runner.py:62 DeprecationWarning: This process (pid=7326) is multi-threaded, use of fork() may lead to deadlocks in the child.
[2025-10-29T18:18:09.168+0000] {standard_task_runner.py:64} INFO - Started process 7337 to run task
[2025-10-29T18:18:09.177+0000] {task_command.py:426} INFO - Running <TaskInstance: urlhaus_silver.urlhaus_bronze_to_silver scheduled__2025-10-28T00:00:00+00:00 [running]> on host 9a4b1d75930e
[2025-10-29T18:18:09.196+0000] {taskinstance.py:2648} INFO - Exporting env vars: AIRFLOW_CTX_DAG_OWNER='you' AIRFLOW_CTX_DAG_ID='urlhaus_silver' AIRFLOW_CTX_TASK_ID='urlhaus_bronze_to_silver' AIRFLOW_CTX_EXECUTION_DATE='2025-10-28T00:00:00+00:00' AIRFLOW_CTX_TRY_NUMBER='1' AIRFLOW_CTX_DAG_RUN_ID='scheduled__2025-10-28T00:00:00+00:00'
[2025-10-29T18:18:09.196+0000] {taskinstance.py:430} INFO - ::endgroup::
[2025-10-29T18:18:09.231+0000] {logging_mixin.py:188} INFO - [urlhaus_silver] 2025-10-28: wrote 2907 rows -> /opt/airflow/silver/urlhaus/ingest_date=2025-10-28
[2025-10-29T18:18:09.232+0000] {python.py:237} INFO - Done. Returned value was: None
[2025-10-29T18:18:09.232+0000] {taskinstance.py:441} INFO - ::group::Post task execution logs
[2025-10-29T18:18:09.234+0000] {taskinstance.py:1206} INFO - Marking task as SUCCESS. dag_id=urlhaus_silver, task_id=urlhaus_bronze_to_silver, run_id=scheduled__2025-10-28T00:00:00+00:00, execution_date=20251028T000000, start_date=20251029T181809, end_date=20251029T181809
[2025-10-29T18:18:09.268+0000] {local_task_job_runner.py:243} INFO - Task exited with return code 0
[2025-10-29T18:18:09.272+0000] {taskinstance.py:3503} INFO - 0 downstream tasks scheduled from follow-on schedule check
[2025-10-29T18:18:09.273+0000] {local_task_job_runner.py:222} INFO - ::endgroup::
