[2025-11-12T00:06:19.928+0000] {local_task_job_runner.py:120} INFO - ::group::Pre task execution logs
[2025-11-12T00:06:19.936+0000] {taskinstance.py:2076} INFO - Dependencies all met for dep_context=non-requeueable deps ti=<TaskInstance: pipeline_orchestrator.bronze.openphish_bronze scheduled__2025-11-11T00:00:00+00:00 [queued]>
[2025-11-12T00:06:19.937+0000] {taskinstance.py:2076} INFO - Dependencies all met for dep_context=requeueable deps ti=<TaskInstance: pipeline_orchestrator.bronze.openphish_bronze scheduled__2025-11-11T00:00:00+00:00 [queued]>
[2025-11-12T00:06:19.937+0000] {taskinstance.py:2306} INFO - Starting attempt 1 of 1
[2025-11-12T00:06:19.941+0000] {taskinstance.py:2330} INFO - Executing <Task(TriggerDagRunOperator): bronze.openphish_bronze> on 2025-11-11 00:00:00+00:00
[2025-11-12T00:06:19.943+0000] {standard_task_runner.py:64} INFO - Started process 7958 to run task
[2025-11-12T00:06:19.956+0000] {standard_task_runner.py:90} INFO - Running: ['airflow', 'tasks', 'run', 'pipeline_orchestrator', 'bronze.openphish_bronze', 'scheduled__2025-11-11T00:00:00+00:00', '--job-id', '34', '--raw', '--subdir', 'DAGS_FOLDER/pipeline_orchestrator.py', '--cfg-path', '/tmp/tmp_z55xyiz']
[2025-11-12T00:06:19.957+0000] {standard_task_runner.py:91} INFO - Job 34: Subtask bronze.openphish_bronze
[2025-11-12T00:06:19.968+0000] {task_command.py:426} INFO - Running <TaskInstance: pipeline_orchestrator.bronze.openphish_bronze scheduled__2025-11-11T00:00:00+00:00 [running]> on host f527e191e325
[2025-11-12T00:06:20.041+0000] {taskinstance.py:2648} INFO - Exporting env vars: AIRFLOW_CTX_DAG_OWNER='airflow' AIRFLOW_CTX_DAG_ID='pipeline_orchestrator' AIRFLOW_CTX_TASK_ID='bronze.openphish_bronze' AIRFLOW_CTX_EXECUTION_DATE='2025-11-11T00:00:00+00:00' AIRFLOW_CTX_TRY_NUMBER='1' AIRFLOW_CTX_DAG_RUN_ID='scheduled__2025-11-11T00:00:00+00:00'
[2025-11-12T00:06:20.041+0000] {taskinstance.py:430} INFO - ::endgroup::
[2025-11-12T00:06:20.059+0000] {taskinstance.py:441} INFO - ::group::Post task execution logs
[2025-11-12T00:06:20.061+0000] {taskinstance.py:1206} INFO - Marking task as SUCCESS. dag_id=pipeline_orchestrator, task_id=bronze.openphish_bronze, run_id=scheduled__2025-11-11T00:00:00+00:00, execution_date=20251111T000000, start_date=20251112T000619, end_date=20251112T000620
[2025-11-12T00:06:20.099+0000] {local_task_job_runner.py:243} INFO - Task exited with return code 0
[2025-11-12T00:06:20.141+0000] {taskinstance.py:3503} INFO - 0 downstream tasks scheduled from follow-on schedule check
[2025-11-12T00:06:20.142+0000] {local_task_job_runner.py:222} INFO - ::endgroup::
[2025-11-12T05:59:51.882+0000] {local_task_job_runner.py:120} INFO - ::group::Pre task execution logs
[2025-11-12T05:59:51.893+0000] {taskinstance.py:2076} INFO - Dependencies all met for dep_context=non-requeueable deps ti=<TaskInstance: pipeline_orchestrator.bronze.openphish_bronze scheduled__2025-11-11T00:00:00+00:00 [queued]>
[2025-11-12T05:59:51.895+0000] {taskinstance.py:2076} INFO - Dependencies all met for dep_context=requeueable deps ti=<TaskInstance: pipeline_orchestrator.bronze.openphish_bronze scheduled__2025-11-11T00:00:00+00:00 [queued]>
[2025-11-12T05:59:51.895+0000] {taskinstance.py:2306} INFO - Starting attempt 1 of 1
[2025-11-12T05:59:51.938+0000] {taskinstance.py:2330} INFO - Executing <Task(TriggerDagRunOperator): bronze.openphish_bronze> on 2025-11-11 00:00:00+00:00
[2025-11-12T05:59:51.946+0000] {standard_task_runner.py:64} INFO - Started process 159 to run task
[2025-11-12T05:59:51.953+0000] {standard_task_runner.py:90} INFO - Running: ['airflow', 'tasks', 'run', 'pipeline_orchestrator', 'bronze.openphish_bronze', 'scheduled__2025-11-11T00:00:00+00:00', '--job-id', '2', '--raw', '--subdir', 'DAGS_FOLDER/pipeline_orchestrator.py', '--cfg-path', '/tmp/tmpdjs48xf8']
[2025-11-12T05:59:51.984+0000] {standard_task_runner.py:91} INFO - Job 2: Subtask bronze.openphish_bronze
[2025-11-12T05:59:52.027+0000] {task_command.py:426} INFO - Running <TaskInstance: pipeline_orchestrator.bronze.openphish_bronze scheduled__2025-11-11T00:00:00+00:00 [running]> on host 1fd82182dcce
[2025-11-12T05:59:52.187+0000] {taskinstance.py:2648} INFO - Exporting env vars: AIRFLOW_CTX_DAG_OWNER='airflow' AIRFLOW_CTX_DAG_ID='pipeline_orchestrator' AIRFLOW_CTX_TASK_ID='bronze.openphish_bronze' AIRFLOW_CTX_EXECUTION_DATE='2025-11-11T00:00:00+00:00' AIRFLOW_CTX_TRY_NUMBER='1' AIRFLOW_CTX_DAG_RUN_ID='scheduled__2025-11-11T00:00:00+00:00'
[2025-11-12T05:59:52.187+0000] {taskinstance.py:430} INFO - ::endgroup::
[2025-11-12T05:59:52.249+0000] {taskinstance.py:441} INFO - ::group::Post task execution logs
[2025-11-12T05:59:52.249+0000] {crypto.py:82} WARNING - empty cryptography key - values will not be stored encrypted.
[2025-11-12T05:59:52.251+0000] {taskinstance.py:2489} INFO - Pausing task as DEFERRED. dag_id=pipeline_orchestrator, task_id=bronze.openphish_bronze, run_id=scheduled__2025-11-11T00:00:00+00:00, execution_date=20251111T000000, start_date=20251112T055951
[2025-11-12T05:59:52.286+0000] {local_task_job_runner.py:237} INFO - Task exited with return code 100 (task deferral)
[2025-11-12T05:59:52.287+0000] {local_task_job_runner.py:222} INFO - ::endgroup::
