[2025-10-04T00:51:47.902+0000] {local_task_job_runner.py:120} INFO - ::group::Pre task execution logs
[2025-10-04T00:51:47.927+0000] {taskinstance.py:2076} INFO - Dependencies all met for dep_context=non-requeueable deps ti=<TaskInstance: urlhaus_silver.urlhaus_bronze_to_silver scheduled__2025-10-03T00:00:00+00:00 [queued]>
[2025-10-04T00:51:47.931+0000] {taskinstance.py:2076} INFO - Dependencies all met for dep_context=requeueable deps ti=<TaskInstance: urlhaus_silver.urlhaus_bronze_to_silver scheduled__2025-10-03T00:00:00+00:00 [queued]>
[2025-10-04T00:51:47.931+0000] {taskinstance.py:2306} INFO - Starting attempt 1 of 1
[2025-10-04T00:51:47.941+0000] {taskinstance.py:2330} INFO - Executing <Task(PythonOperator): urlhaus_bronze_to_silver> on 2025-10-03 00:00:00+00:00
[2025-10-04T00:51:47.951+0000] {standard_task_runner.py:90} INFO - Running: ['airflow', 'tasks', 'run', 'urlhaus_silver', 'urlhaus_bronze_to_silver', 'scheduled__2025-10-03T00:00:00+00:00', '--job-id', '85', '--raw', '--subdir', 'DAGS_FOLDER/urlhaus_silver.py', '--cfg-path', '/tmp/tmpvuoh1ip2']
[2025-10-04T00:51:47.953+0000] {standard_task_runner.py:91} INFO - Job 85: Subtask urlhaus_bronze_to_silver
[2025-10-04T00:51:47.953+0000] {logging_mixin.py:188} WARNING - /home/airflow/.local/lib/python3.12/site-packages/airflow/task/task_runner/standard_task_runner.py:62 DeprecationWarning: This process (pid=57529) is multi-threaded, use of fork() may lead to deadlocks in the child.
[2025-10-04T00:51:47.959+0000] {standard_task_runner.py:64} INFO - Started process 57540 to run task
[2025-10-04T00:51:47.979+0000] {task_command.py:426} INFO - Running <TaskInstance: urlhaus_silver.urlhaus_bronze_to_silver scheduled__2025-10-03T00:00:00+00:00 [running]> on host 539ffd8f219e
[2025-10-04T00:51:48.022+0000] {taskinstance.py:2648} INFO - Exporting env vars: AIRFLOW_CTX_DAG_OWNER='you' AIRFLOW_CTX_DAG_ID='urlhaus_silver' AIRFLOW_CTX_TASK_ID='urlhaus_bronze_to_silver' AIRFLOW_CTX_EXECUTION_DATE='2025-10-03T00:00:00+00:00' AIRFLOW_CTX_TRY_NUMBER='1' AIRFLOW_CTX_DAG_RUN_ID='scheduled__2025-10-03T00:00:00+00:00'
[2025-10-04T00:51:48.023+0000] {taskinstance.py:430} INFO - ::endgroup::
[2025-10-04T00:51:48.258+0000] {logging_mixin.py:188} INFO - [urlhaus_silver] wrote 5614 rows -> /opt/airflow/silver/urlhaus/ingest_date=2025-10-03
[2025-10-04T00:51:48.260+0000] {python.py:237} INFO - Done. Returned value was: None
[2025-10-04T00:51:48.260+0000] {taskinstance.py:441} INFO - ::group::Post task execution logs
[2025-10-04T00:51:48.265+0000] {taskinstance.py:1206} INFO - Marking task as SUCCESS. dag_id=urlhaus_silver, task_id=urlhaus_bronze_to_silver, run_id=scheduled__2025-10-03T00:00:00+00:00, execution_date=20251003T000000, start_date=20251004T005147, end_date=20251004T005148
[2025-10-04T00:51:48.309+0000] {local_task_job_runner.py:243} INFO - Task exited with return code 0
[2025-10-04T00:51:48.320+0000] {taskinstance.py:3503} INFO - 0 downstream tasks scheduled from follow-on schedule check
[2025-10-04T00:51:48.320+0000] {local_task_job_runner.py:222} INFO - ::endgroup::
[2025-10-29T18:13:12.168+0000] {local_task_job_runner.py:120} INFO - ::group::Pre task execution logs
[2025-10-29T18:13:12.176+0000] {taskinstance.py:2076} INFO - Dependencies all met for dep_context=non-requeueable deps ti=<TaskInstance: urlhaus_silver.urlhaus_bronze_to_silver scheduled__2025-10-03T00:00:00+00:00 [queued]>
[2025-10-29T18:13:12.180+0000] {taskinstance.py:2076} INFO - Dependencies all met for dep_context=requeueable deps ti=<TaskInstance: urlhaus_silver.urlhaus_bronze_to_silver scheduled__2025-10-03T00:00:00+00:00 [queued]>
[2025-10-29T18:13:12.182+0000] {taskinstance.py:2306} INFO - Starting attempt 1 of 1
[2025-10-29T18:13:12.201+0000] {taskinstance.py:2330} INFO - Executing <Task(PythonOperator): urlhaus_bronze_to_silver> on 2025-10-03 00:00:00+00:00
[2025-10-29T18:13:12.210+0000] {logging_mixin.py:188} WARNING - /home/airflow/.local/lib/python3.12/site-packages/airflow/task/task_runner/standard_task_runner.py:62 DeprecationWarning: This process (pid=4250) is multi-threaded, use of fork() may lead to deadlocks in the child.
[2025-10-29T18:13:12.210+0000] {standard_task_runner.py:64} INFO - Started process 4261 to run task
[2025-10-29T18:13:12.210+0000] {standard_task_runner.py:90} INFO - Running: ['airflow', 'tasks', 'run', 'urlhaus_silver', 'urlhaus_bronze_to_silver', 'scheduled__2025-10-03T00:00:00+00:00', '--job-id', '165', '--raw', '--subdir', 'DAGS_FOLDER/urlhaus_silver.py', '--cfg-path', '/tmp/tmpl1jhh8d9']
[2025-10-29T18:13:12.210+0000] {standard_task_runner.py:91} INFO - Job 165: Subtask urlhaus_bronze_to_silver
[2025-10-29T18:13:12.226+0000] {task_command.py:426} INFO - Running <TaskInstance: urlhaus_silver.urlhaus_bronze_to_silver scheduled__2025-10-03T00:00:00+00:00 [running]> on host 9a4b1d75930e
[2025-10-29T18:13:12.245+0000] {taskinstance.py:2648} INFO - Exporting env vars: AIRFLOW_CTX_DAG_OWNER='you' AIRFLOW_CTX_DAG_ID='urlhaus_silver' AIRFLOW_CTX_TASK_ID='urlhaus_bronze_to_silver' AIRFLOW_CTX_EXECUTION_DATE='2025-10-03T00:00:00+00:00' AIRFLOW_CTX_TRY_NUMBER='1' AIRFLOW_CTX_DAG_RUN_ID='scheduled__2025-10-03T00:00:00+00:00'
[2025-10-29T18:13:12.245+0000] {taskinstance.py:430} INFO - ::endgroup::
[2025-10-29T18:13:12.280+0000] {logging_mixin.py:188} INFO - [urlhaus_silver] 2025-10-03: wrote 2908 rows -> /opt/airflow/silver/urlhaus/ingest_date=2025-10-03
[2025-10-29T18:13:12.281+0000] {python.py:237} INFO - Done. Returned value was: None
[2025-10-29T18:13:12.281+0000] {taskinstance.py:441} INFO - ::group::Post task execution logs
[2025-10-29T18:13:12.282+0000] {taskinstance.py:1206} INFO - Marking task as SUCCESS. dag_id=urlhaus_silver, task_id=urlhaus_bronze_to_silver, run_id=scheduled__2025-10-03T00:00:00+00:00, execution_date=20251003T000000, start_date=20251029T181312, end_date=20251029T181312
[2025-10-29T18:13:12.311+0000] {local_task_job_runner.py:243} INFO - Task exited with return code 0
[2025-10-29T18:13:12.314+0000] {taskinstance.py:3503} INFO - 0 downstream tasks scheduled from follow-on schedule check
[2025-10-29T18:13:12.315+0000] {local_task_job_runner.py:222} INFO - ::endgroup::
