[2025-11-07T01:14:04.153+0000] {local_task_job_runner.py:120} INFO - ::group::Pre task execution logs
[2025-11-07T01:14:04.160+0000] {taskinstance.py:2076} INFO - Dependencies all met for dep_context=non-requeueable deps ti=<TaskInstance: whois_rdap_ingest.whois_rdap_fetch scheduled__2025-11-06T00:00:00+00:00 [queued]>
[2025-11-07T01:14:04.162+0000] {taskinstance.py:2076} INFO - Dependencies all met for dep_context=requeueable deps ti=<TaskInstance: whois_rdap_ingest.whois_rdap_fetch scheduled__2025-11-06T00:00:00+00:00 [queued]>
[2025-11-07T01:14:04.163+0000] {taskinstance.py:2306} INFO - Starting attempt 1 of 1
[2025-11-07T01:14:04.166+0000] {taskinstance.py:2330} INFO - Executing <Task(PythonOperator): whois_rdap_fetch> on 2025-11-06 00:00:00+00:00
[2025-11-07T01:14:04.170+0000] {logging_mixin.py:188} WARNING - /home/airflow/.local/lib/python3.12/site-packages/airflow/task/task_runner/standard_task_runner.py:62 DeprecationWarning: This process (pid=42690) is multi-threaded, use of fork() may lead to deadlocks in the child.
[2025-11-07T01:14:04.170+0000] {standard_task_runner.py:64} INFO - Started process 42701 to run task
[2025-11-07T01:14:04.169+0000] {standard_task_runner.py:90} INFO - Running: ['airflow', 'tasks', 'run', 'whois_rdap_ingest', 'whois_rdap_fetch', 'scheduled__2025-11-06T00:00:00+00:00', '--job-id', '36', '--raw', '--subdir', 'DAGS_FOLDER/whois_rdap_dag.py', '--cfg-path', '/tmp/tmppxswcmqu']
[2025-11-07T01:14:04.171+0000] {standard_task_runner.py:91} INFO - Job 36: Subtask whois_rdap_fetch
[2025-11-07T01:14:04.183+0000] {task_command.py:426} INFO - Running <TaskInstance: whois_rdap_ingest.whois_rdap_fetch scheduled__2025-11-06T00:00:00+00:00 [running]> on host 7e98baed574a
[2025-11-07T01:14:04.202+0000] {taskinstance.py:2648} INFO - Exporting env vars: AIRFLOW_CTX_DAG_OWNER='you' AIRFLOW_CTX_DAG_ID='whois_rdap_ingest' AIRFLOW_CTX_TASK_ID='whois_rdap_fetch' AIRFLOW_CTX_EXECUTION_DATE='2025-11-06T00:00:00+00:00' AIRFLOW_CTX_TRY_NUMBER='1' AIRFLOW_CTX_DAG_RUN_ID='scheduled__2025-11-06T00:00:00+00:00'
[2025-11-07T01:14:04.202+0000] {taskinstance.py:430} INFO - ::endgroup::
[2025-11-07T01:14:04.207+0000] {taskinstance.py:441} INFO - ::group::Post task execution logs
[2025-11-07T01:14:04.207+0000] {taskinstance.py:2905} ERROR - Task failed with exception
Traceback (most recent call last):
  File "/home/airflow/.local/lib/python3.12/site-packages/airflow/models/taskinstance.py", line 465, in _execute_task
    result = _execute_callable(context=context, **execute_callable_kwargs)
             ^^^^^^^^^^^^^^^^^^^^^^^^^^^^^^^^^^^^^^^^^^^^^^^^^^^^^^^^^^^^^
  File "/home/airflow/.local/lib/python3.12/site-packages/airflow/models/taskinstance.py", line 432, in _execute_callable
    return execute_callable(context=context, **execute_callable_kwargs)
           ^^^^^^^^^^^^^^^^^^^^^^^^^^^^^^^^^^^^^^^^^^^^^^^^^^^^^^^^^^^^
  File "/home/airflow/.local/lib/python3.12/site-packages/airflow/models/baseoperator.py", line 401, in wrapper
    return func(self, *args, **kwargs)
           ^^^^^^^^^^^^^^^^^^^^^^^^^^^
  File "/home/airflow/.local/lib/python3.12/site-packages/airflow/operators/python.py", line 235, in execute
    return_value = self.execute_callable()
                   ^^^^^^^^^^^^^^^^^^^^^^^
  File "/home/airflow/.local/lib/python3.12/site-packages/airflow/operators/python.py", line 252, in execute_callable
    return self.python_callable(*self.op_args, **self.op_kwargs)
           ^^^^^^^^^^^^^^^^^^^^^^^^^^^^^^^^^^^^^^^^^^^^^^^^^^^^^
  File "/opt/airflow/dags/whois_rdap_dag.py", line 74, in whois_rdap_task
    labels = _load_labels_for_day(ds)
             ^^^^^^^^^^^^^^^^^^^^^^^^
  File "/opt/airflow/dags/whois_rdap_dag.py", line 22, in _load_labels_for_day
    raise FileNotFoundError(f"labels_union parquet not found for ds={ds}: {p}")
FileNotFoundError: labels_union parquet not found for ds=2025-11-06: /opt/airflow/silver/labels_union/ingest_date=2025-11-06/labels_union.parquet
[2025-11-07T01:14:04.208+0000] {taskinstance.py:1206} INFO - Marking task as FAILED. dag_id=whois_rdap_ingest, task_id=whois_rdap_fetch, run_id=scheduled__2025-11-06T00:00:00+00:00, execution_date=20251106T000000, start_date=20251107T011404, end_date=20251107T011404
[2025-11-07T01:14:04.211+0000] {standard_task_runner.py:110} ERROR - Failed to execute job 36 for task whois_rdap_fetch (labels_union parquet not found for ds=2025-11-06: /opt/airflow/silver/labels_union/ingest_date=2025-11-06/labels_union.parquet; 42701)
[2025-11-07T01:14:04.246+0000] {local_task_job_runner.py:243} INFO - Task exited with return code 1
[2025-11-07T01:14:04.250+0000] {taskinstance.py:3503} INFO - 0 downstream tasks scheduled from follow-on schedule check
[2025-11-07T01:14:04.250+0000] {local_task_job_runner.py:222} INFO - ::endgroup::
