[2025-10-29T17:17:29.159+0000] {local_task_job_runner.py:120} INFO - ::group::Pre task execution logs
[2025-10-29T17:17:29.166+0000] {taskinstance.py:2076} INFO - Dependencies all met for dep_context=non-requeueable deps ti=<TaskInstance: urlhaus_ingest.urlhaus_fetch_normalize_bronze scheduled__2025-10-11T00:00:00+00:00 [queued]>
[2025-10-29T17:17:29.167+0000] {taskinstance.py:2076} INFO - Dependencies all met for dep_context=requeueable deps ti=<TaskInstance: urlhaus_ingest.urlhaus_fetch_normalize_bronze scheduled__2025-10-11T00:00:00+00:00 [queued]>
[2025-10-29T17:17:29.167+0000] {taskinstance.py:2306} INFO - Starting attempt 1 of 2
[2025-10-29T17:17:29.171+0000] {taskinstance.py:2330} INFO - Executing <Task(PythonOperator): urlhaus_fetch_normalize_bronze> on 2025-10-11 00:00:00+00:00
[2025-10-29T17:17:29.174+0000] {warnings.py:112} WARNING - /home/airflow/.local/lib/python3.12/site-packages/airflow/task/task_runner/standard_task_runner.py:62: DeprecationWarning: This process (pid=2563) is multi-threaded, use of fork() may lead to deadlocks in the child.
  pid = os.fork()

[2025-10-29T17:17:29.174+0000] {standard_task_runner.py:64} INFO - Started process 2584 to run task
[2025-10-29T17:17:29.175+0000] {standard_task_runner.py:90} INFO - Running: ['airflow', 'tasks', 'run', 'urlhaus_ingest', 'urlhaus_fetch_normalize_bronze', 'scheduled__2025-10-11T00:00:00+00:00', '--job-id', '91', '--raw', '--subdir', 'DAGS_FOLDER/urlhaus_ingest.py', '--cfg-path', '/tmp/tmp232i0zb7']
[2025-10-29T17:17:29.175+0000] {standard_task_runner.py:91} INFO - Job 91: Subtask urlhaus_fetch_normalize_bronze
[2025-10-29T17:17:29.186+0000] {task_command.py:426} INFO - Running <TaskInstance: urlhaus_ingest.urlhaus_fetch_normalize_bronze scheduled__2025-10-11T00:00:00+00:00 [running]> on host 109bbc934e0f
[2025-10-29T17:17:29.207+0000] {taskinstance.py:2648} INFO - Exporting env vars: AIRFLOW_CTX_DAG_OWNER='you' AIRFLOW_CTX_DAG_ID='urlhaus_ingest' AIRFLOW_CTX_TASK_ID='urlhaus_fetch_normalize_bronze' AIRFLOW_CTX_EXECUTION_DATE='2025-10-11T00:00:00+00:00' AIRFLOW_CTX_TRY_NUMBER='1' AIRFLOW_CTX_DAG_RUN_ID='scheduled__2025-10-11T00:00:00+00:00'
[2025-10-29T17:17:29.207+0000] {taskinstance.py:430} INFO - ::endgroup::
[2025-10-29T17:17:29.358+0000] {logging_mixin.py:188} INFO - [urlhaus_ingest] rows after normalize: 21313
[2025-10-29T17:17:29.369+0000] {logging_mixin.py:188} INFO - [urlhaus] rows after normalize: 21313
[2025-10-29T17:17:29.390+0000] {python.py:237} INFO - Done. Returned value was: None
[2025-10-29T17:17:29.390+0000] {taskinstance.py:441} INFO - ::group::Post task execution logs
[2025-10-29T17:17:29.392+0000] {taskinstance.py:1206} INFO - Marking task as SUCCESS. dag_id=urlhaus_ingest, task_id=urlhaus_fetch_normalize_bronze, run_id=scheduled__2025-10-11T00:00:00+00:00, execution_date=20251011T000000, start_date=20251029T171729, end_date=20251029T171729
[2025-10-29T17:17:29.403+0000] {local_task_job_runner.py:243} INFO - Task exited with return code 0
[2025-10-29T17:17:29.407+0000] {taskinstance.py:3503} INFO - 0 downstream tasks scheduled from follow-on schedule check
[2025-10-29T17:17:29.407+0000] {local_task_job_runner.py:222} INFO - ::endgroup::
[2025-10-29T18:14:36.502+0000] {local_task_job_runner.py:120} INFO - ::group::Pre task execution logs
[2025-10-29T18:14:36.515+0000] {taskinstance.py:2076} INFO - Dependencies all met for dep_context=non-requeueable deps ti=<TaskInstance: urlhaus_ingest.urlhaus_fetch_normalize_bronze scheduled__2025-10-11T00:00:00+00:00 [queued]>
[2025-10-29T18:14:36.517+0000] {taskinstance.py:2076} INFO - Dependencies all met for dep_context=requeueable deps ti=<TaskInstance: urlhaus_ingest.urlhaus_fetch_normalize_bronze scheduled__2025-10-11T00:00:00+00:00 [queued]>
[2025-10-29T18:14:36.517+0000] {taskinstance.py:2306} INFO - Starting attempt 1 of 2
[2025-10-29T18:14:36.521+0000] {taskinstance.py:2330} INFO - Executing <Task(PythonOperator): urlhaus_fetch_normalize_bronze> on 2025-10-11 00:00:00+00:00
[2025-10-29T18:14:36.525+0000] {warnings.py:112} WARNING - /home/airflow/.local/lib/python3.12/site-packages/airflow/task/task_runner/standard_task_runner.py:62: DeprecationWarning: This process (pid=5145) is multi-threaded, use of fork() may lead to deadlocks in the child.
  pid = os.fork()

[2025-10-29T18:14:36.525+0000] {standard_task_runner.py:64} INFO - Started process 5166 to run task
[2025-10-29T18:14:36.526+0000] {standard_task_runner.py:90} INFO - Running: ['airflow', 'tasks', 'run', 'urlhaus_ingest', 'urlhaus_fetch_normalize_bronze', 'scheduled__2025-10-11T00:00:00+00:00', '--job-id', '201', '--raw', '--subdir', 'DAGS_FOLDER/urlhaus_ingest.py', '--cfg-path', '/tmp/tmpqbwhxugg']
[2025-10-29T18:14:36.526+0000] {standard_task_runner.py:91} INFO - Job 201: Subtask urlhaus_fetch_normalize_bronze
[2025-10-29T18:14:36.538+0000] {task_command.py:426} INFO - Running <TaskInstance: urlhaus_ingest.urlhaus_fetch_normalize_bronze scheduled__2025-10-11T00:00:00+00:00 [running]> on host 9a4b1d75930e
[2025-10-29T18:14:36.560+0000] {taskinstance.py:2648} INFO - Exporting env vars: AIRFLOW_CTX_DAG_OWNER='you' AIRFLOW_CTX_DAG_ID='urlhaus_ingest' AIRFLOW_CTX_TASK_ID='urlhaus_fetch_normalize_bronze' AIRFLOW_CTX_EXECUTION_DATE='2025-10-11T00:00:00+00:00' AIRFLOW_CTX_TRY_NUMBER='1' AIRFLOW_CTX_DAG_RUN_ID='scheduled__2025-10-11T00:00:00+00:00'
[2025-10-29T18:14:36.560+0000] {taskinstance.py:430} INFO - ::endgroup::
[2025-10-29T18:14:36.718+0000] {logging_mixin.py:188} INFO - [urlhaus_ingest] rows after normalize: 21301
[2025-10-29T18:14:36.729+0000] {logging_mixin.py:188} INFO - [urlhaus] rows after normalize: 21301
[2025-10-29T18:14:36.752+0000] {python.py:237} INFO - Done. Returned value was: None
[2025-10-29T18:14:36.752+0000] {taskinstance.py:441} INFO - ::group::Post task execution logs
[2025-10-29T18:14:36.754+0000] {taskinstance.py:1206} INFO - Marking task as SUCCESS. dag_id=urlhaus_ingest, task_id=urlhaus_fetch_normalize_bronze, run_id=scheduled__2025-10-11T00:00:00+00:00, execution_date=20251011T000000, start_date=20251029T181436, end_date=20251029T181436
[2025-10-29T18:14:36.801+0000] {local_task_job_runner.py:243} INFO - Task exited with return code 0
[2025-10-29T18:14:36.806+0000] {taskinstance.py:3503} INFO - 0 downstream tasks scheduled from follow-on schedule check
[2025-10-29T18:14:36.807+0000] {local_task_job_runner.py:222} INFO - ::endgroup::
