[2025-10-29T17:17:22.574+0000] {local_task_job_runner.py:120} INFO - ::group::Pre task execution logs
[2025-10-29T17:17:22.581+0000] {taskinstance.py:2076} INFO - Dependencies all met for dep_context=non-requeueable deps ti=<TaskInstance: urlhaus_ingest.urlhaus_fetch_normalize_bronze scheduled__2025-10-10T00:00:00+00:00 [queued]>
[2025-10-29T17:17:22.583+0000] {taskinstance.py:2076} INFO - Dependencies all met for dep_context=requeueable deps ti=<TaskInstance: urlhaus_ingest.urlhaus_fetch_normalize_bronze scheduled__2025-10-10T00:00:00+00:00 [queued]>
[2025-10-29T17:17:22.583+0000] {taskinstance.py:2306} INFO - Starting attempt 1 of 2
[2025-10-29T17:17:22.586+0000] {taskinstance.py:2330} INFO - Executing <Task(PythonOperator): urlhaus_fetch_normalize_bronze> on 2025-10-10 00:00:00+00:00
[2025-10-29T17:17:22.589+0000] {warnings.py:112} WARNING - /home/airflow/.local/lib/python3.12/site-packages/airflow/task/task_runner/standard_task_runner.py:62: DeprecationWarning: This process (pid=2511) is multi-threaded, use of fork() may lead to deadlocks in the child.
  pid = os.fork()

[2025-10-29T17:17:22.589+0000] {standard_task_runner.py:64} INFO - Started process 2532 to run task
[2025-10-29T17:17:22.590+0000] {standard_task_runner.py:90} INFO - Running: ['airflow', 'tasks', 'run', 'urlhaus_ingest', 'urlhaus_fetch_normalize_bronze', 'scheduled__2025-10-10T00:00:00+00:00', '--job-id', '89', '--raw', '--subdir', 'DAGS_FOLDER/urlhaus_ingest.py', '--cfg-path', '/tmp/tmpepyrqgvi']
[2025-10-29T17:17:22.590+0000] {standard_task_runner.py:91} INFO - Job 89: Subtask urlhaus_fetch_normalize_bronze
[2025-10-29T17:17:22.601+0000] {task_command.py:426} INFO - Running <TaskInstance: urlhaus_ingest.urlhaus_fetch_normalize_bronze scheduled__2025-10-10T00:00:00+00:00 [running]> on host 109bbc934e0f
[2025-10-29T17:17:22.621+0000] {taskinstance.py:2648} INFO - Exporting env vars: AIRFLOW_CTX_DAG_OWNER='you' AIRFLOW_CTX_DAG_ID='urlhaus_ingest' AIRFLOW_CTX_TASK_ID='urlhaus_fetch_normalize_bronze' AIRFLOW_CTX_EXECUTION_DATE='2025-10-10T00:00:00+00:00' AIRFLOW_CTX_TRY_NUMBER='1' AIRFLOW_CTX_DAG_RUN_ID='scheduled__2025-10-10T00:00:00+00:00'
[2025-10-29T17:17:22.621+0000] {taskinstance.py:430} INFO - ::endgroup::
[2025-10-29T17:17:22.767+0000] {logging_mixin.py:188} INFO - [urlhaus_ingest] rows after normalize: 21313
[2025-10-29T17:17:22.778+0000] {logging_mixin.py:188} INFO - [urlhaus] rows after normalize: 21313
[2025-10-29T17:17:22.799+0000] {python.py:237} INFO - Done. Returned value was: None
[2025-10-29T17:17:22.799+0000] {taskinstance.py:441} INFO - ::group::Post task execution logs
[2025-10-29T17:17:22.801+0000] {taskinstance.py:1206} INFO - Marking task as SUCCESS. dag_id=urlhaus_ingest, task_id=urlhaus_fetch_normalize_bronze, run_id=scheduled__2025-10-10T00:00:00+00:00, execution_date=20251010T000000, start_date=20251029T171722, end_date=20251029T171722
[2025-10-29T17:17:22.819+0000] {local_task_job_runner.py:243} INFO - Task exited with return code 0
[2025-10-29T17:17:22.823+0000] {taskinstance.py:3503} INFO - 0 downstream tasks scheduled from follow-on schedule check
[2025-10-29T17:17:22.823+0000] {local_task_job_runner.py:222} INFO - ::endgroup::
[2025-10-29T18:14:24.301+0000] {local_task_job_runner.py:120} INFO - ::group::Pre task execution logs
[2025-10-29T18:14:24.308+0000] {taskinstance.py:2076} INFO - Dependencies all met for dep_context=non-requeueable deps ti=<TaskInstance: urlhaus_ingest.urlhaus_fetch_normalize_bronze scheduled__2025-10-10T00:00:00+00:00 [queued]>
[2025-10-29T18:14:24.310+0000] {taskinstance.py:2076} INFO - Dependencies all met for dep_context=requeueable deps ti=<TaskInstance: urlhaus_ingest.urlhaus_fetch_normalize_bronze scheduled__2025-10-10T00:00:00+00:00 [queued]>
[2025-10-29T18:14:24.310+0000] {taskinstance.py:2306} INFO - Starting attempt 1 of 2
[2025-10-29T18:14:24.314+0000] {taskinstance.py:2330} INFO - Executing <Task(PythonOperator): urlhaus_fetch_normalize_bronze> on 2025-10-10 00:00:00+00:00
[2025-10-29T18:14:24.317+0000] {warnings.py:112} WARNING - /home/airflow/.local/lib/python3.12/site-packages/airflow/task/task_runner/standard_task_runner.py:62: DeprecationWarning: This process (pid=5018) is multi-threaded, use of fork() may lead to deadlocks in the child.
  pid = os.fork()

[2025-10-29T18:14:24.317+0000] {standard_task_runner.py:64} INFO - Started process 5039 to run task
[2025-10-29T18:14:24.318+0000] {standard_task_runner.py:90} INFO - Running: ['airflow', 'tasks', 'run', 'urlhaus_ingest', 'urlhaus_fetch_normalize_bronze', 'scheduled__2025-10-10T00:00:00+00:00', '--job-id', '196', '--raw', '--subdir', 'DAGS_FOLDER/urlhaus_ingest.py', '--cfg-path', '/tmp/tmpje5dku29']
[2025-10-29T18:14:24.318+0000] {standard_task_runner.py:91} INFO - Job 196: Subtask urlhaus_fetch_normalize_bronze
[2025-10-29T18:14:24.330+0000] {task_command.py:426} INFO - Running <TaskInstance: urlhaus_ingest.urlhaus_fetch_normalize_bronze scheduled__2025-10-10T00:00:00+00:00 [running]> on host 9a4b1d75930e
[2025-10-29T18:14:24.351+0000] {taskinstance.py:2648} INFO - Exporting env vars: AIRFLOW_CTX_DAG_OWNER='you' AIRFLOW_CTX_DAG_ID='urlhaus_ingest' AIRFLOW_CTX_TASK_ID='urlhaus_fetch_normalize_bronze' AIRFLOW_CTX_EXECUTION_DATE='2025-10-10T00:00:00+00:00' AIRFLOW_CTX_TRY_NUMBER='1' AIRFLOW_CTX_DAG_RUN_ID='scheduled__2025-10-10T00:00:00+00:00'
[2025-10-29T18:14:24.351+0000] {taskinstance.py:430} INFO - ::endgroup::
[2025-10-29T18:14:24.507+0000] {logging_mixin.py:188} INFO - [urlhaus_ingest] rows after normalize: 21301
[2025-10-29T18:14:24.518+0000] {logging_mixin.py:188} INFO - [urlhaus] rows after normalize: 21301
[2025-10-29T18:14:24.542+0000] {python.py:237} INFO - Done. Returned value was: None
[2025-10-29T18:14:24.542+0000] {taskinstance.py:441} INFO - ::group::Post task execution logs
[2025-10-29T18:14:24.544+0000] {taskinstance.py:1206} INFO - Marking task as SUCCESS. dag_id=urlhaus_ingest, task_id=urlhaus_fetch_normalize_bronze, run_id=scheduled__2025-10-10T00:00:00+00:00, execution_date=20251010T000000, start_date=20251029T181424, end_date=20251029T181424
[2025-10-29T18:14:24.553+0000] {local_task_job_runner.py:243} INFO - Task exited with return code 0
[2025-10-29T18:14:24.557+0000] {taskinstance.py:3503} INFO - 0 downstream tasks scheduled from follow-on schedule check
[2025-10-29T18:14:24.557+0000] {local_task_job_runner.py:222} INFO - ::endgroup::
