[2025-10-29T17:12:51.630+0000] {local_task_job_runner.py:120} INFO - ::group::Pre task execution logs
[2025-10-29T17:12:51.637+0000] {taskinstance.py:2076} INFO - Dependencies all met for dep_context=non-requeueable deps ti=<TaskInstance: urlhaus_ingest.urlhaus_fetch_normalize_bronze scheduled__2025-09-04T00:00:00+00:00 [queued]>
[2025-10-29T17:12:51.639+0000] {taskinstance.py:2076} INFO - Dependencies all met for dep_context=requeueable deps ti=<TaskInstance: urlhaus_ingest.urlhaus_fetch_normalize_bronze scheduled__2025-09-04T00:00:00+00:00 [queued]>
[2025-10-29T17:12:51.639+0000] {taskinstance.py:2306} INFO - Starting attempt 1 of 2
[2025-10-29T17:12:51.643+0000] {taskinstance.py:2330} INFO - Executing <Task(PythonOperator): urlhaus_fetch_normalize_bronze> on 2025-09-04 00:00:00+00:00
[2025-10-29T17:12:51.645+0000] {warnings.py:112} WARNING - /home/airflow/.local/lib/python3.12/site-packages/airflow/task/task_runner/standard_task_runner.py:62: DeprecationWarning: This process (pid=532) is multi-threaded, use of fork() may lead to deadlocks in the child.
  pid = os.fork()

[2025-10-29T17:12:51.646+0000] {standard_task_runner.py:64} INFO - Started process 553 to run task
[2025-10-29T17:12:51.646+0000] {standard_task_runner.py:90} INFO - Running: ['airflow', 'tasks', 'run', 'urlhaus_ingest', 'urlhaus_fetch_normalize_bronze', 'scheduled__2025-09-04T00:00:00+00:00', '--job-id', '17', '--raw', '--subdir', 'DAGS_FOLDER/urlhaus_ingest.py', '--cfg-path', '/tmp/tmp8peu5u15']
[2025-10-29T17:12:51.646+0000] {standard_task_runner.py:91} INFO - Job 17: Subtask urlhaus_fetch_normalize_bronze
[2025-10-29T17:12:51.658+0000] {task_command.py:426} INFO - Running <TaskInstance: urlhaus_ingest.urlhaus_fetch_normalize_bronze scheduled__2025-09-04T00:00:00+00:00 [running]> on host 109bbc934e0f
[2025-10-29T17:12:51.678+0000] {taskinstance.py:2648} INFO - Exporting env vars: AIRFLOW_CTX_DAG_OWNER='you' AIRFLOW_CTX_DAG_ID='urlhaus_ingest' AIRFLOW_CTX_TASK_ID='urlhaus_fetch_normalize_bronze' AIRFLOW_CTX_EXECUTION_DATE='2025-09-04T00:00:00+00:00' AIRFLOW_CTX_TRY_NUMBER='1' AIRFLOW_CTX_DAG_RUN_ID='scheduled__2025-09-04T00:00:00+00:00'
[2025-10-29T17:12:51.679+0000] {taskinstance.py:430} INFO - ::endgroup::
[2025-10-29T17:12:51.824+0000] {logging_mixin.py:188} INFO - [urlhaus_ingest] rows after normalize: 21315
[2025-10-29T17:12:51.835+0000] {logging_mixin.py:188} INFO - [urlhaus] rows after normalize: 21315
[2025-10-29T17:12:51.856+0000] {python.py:237} INFO - Done. Returned value was: None
[2025-10-29T17:12:51.856+0000] {taskinstance.py:441} INFO - ::group::Post task execution logs
[2025-10-29T17:12:51.858+0000] {taskinstance.py:1206} INFO - Marking task as SUCCESS. dag_id=urlhaus_ingest, task_id=urlhaus_fetch_normalize_bronze, run_id=scheduled__2025-09-04T00:00:00+00:00, execution_date=20250904T000000, start_date=20251029T171251, end_date=20251029T171251
[2025-10-29T17:12:51.872+0000] {local_task_job_runner.py:243} INFO - Task exited with return code 0
[2025-10-29T17:12:51.876+0000] {taskinstance.py:3503} INFO - 0 downstream tasks scheduled from follow-on schedule check
[2025-10-29T17:12:51.877+0000] {local_task_job_runner.py:222} INFO - ::endgroup::
[2025-10-29T18:07:17.368+0000] {local_task_job_runner.py:120} INFO - ::group::Pre task execution logs
[2025-10-29T18:07:17.375+0000] {taskinstance.py:2076} INFO - Dependencies all met for dep_context=non-requeueable deps ti=<TaskInstance: urlhaus_ingest.urlhaus_fetch_normalize_bronze scheduled__2025-09-04T00:00:00+00:00 [queued]>
[2025-10-29T18:07:17.376+0000] {taskinstance.py:2076} INFO - Dependencies all met for dep_context=requeueable deps ti=<TaskInstance: urlhaus_ingest.urlhaus_fetch_normalize_bronze scheduled__2025-09-04T00:00:00+00:00 [queued]>
[2025-10-29T18:07:17.377+0000] {taskinstance.py:2306} INFO - Starting attempt 1 of 2
[2025-10-29T18:07:17.380+0000] {taskinstance.py:2330} INFO - Executing <Task(PythonOperator): urlhaus_fetch_normalize_bronze> on 2025-09-04 00:00:00+00:00
[2025-10-29T18:07:17.382+0000] {warnings.py:112} WARNING - /home/airflow/.local/lib/python3.12/site-packages/airflow/task/task_runner/standard_task_runner.py:62: DeprecationWarning: This process (pid=565) is multi-threaded, use of fork() may lead to deadlocks in the child.
  pid = os.fork()

[2025-10-29T18:07:17.383+0000] {standard_task_runner.py:64} INFO - Started process 586 to run task
[2025-10-29T18:07:17.383+0000] {standard_task_runner.py:90} INFO - Running: ['airflow', 'tasks', 'run', 'urlhaus_ingest', 'urlhaus_fetch_normalize_bronze', 'scheduled__2025-09-04T00:00:00+00:00', '--job-id', '16', '--raw', '--subdir', 'DAGS_FOLDER/urlhaus_ingest.py', '--cfg-path', '/tmp/tmpiw8a141b']
[2025-10-29T18:07:17.383+0000] {standard_task_runner.py:91} INFO - Job 16: Subtask urlhaus_fetch_normalize_bronze
[2025-10-29T18:07:17.395+0000] {task_command.py:426} INFO - Running <TaskInstance: urlhaus_ingest.urlhaus_fetch_normalize_bronze scheduled__2025-09-04T00:00:00+00:00 [running]> on host 9a4b1d75930e
[2025-10-29T18:07:17.413+0000] {taskinstance.py:2648} INFO - Exporting env vars: AIRFLOW_CTX_DAG_OWNER='you' AIRFLOW_CTX_DAG_ID='urlhaus_ingest' AIRFLOW_CTX_TASK_ID='urlhaus_fetch_normalize_bronze' AIRFLOW_CTX_EXECUTION_DATE='2025-09-04T00:00:00+00:00' AIRFLOW_CTX_TRY_NUMBER='1' AIRFLOW_CTX_DAG_RUN_ID='scheduled__2025-09-04T00:00:00+00:00'
[2025-10-29T18:07:17.413+0000] {taskinstance.py:430} INFO - ::endgroup::
[2025-10-29T18:07:17.555+0000] {logging_mixin.py:188} INFO - [urlhaus_ingest] rows after normalize: 21302
[2025-10-29T18:07:17.565+0000] {logging_mixin.py:188} INFO - [urlhaus] rows after normalize: 21302
[2025-10-29T18:07:17.586+0000] {python.py:237} INFO - Done. Returned value was: None
[2025-10-29T18:07:17.586+0000] {taskinstance.py:441} INFO - ::group::Post task execution logs
[2025-10-29T18:07:17.587+0000] {taskinstance.py:1206} INFO - Marking task as SUCCESS. dag_id=urlhaus_ingest, task_id=urlhaus_fetch_normalize_bronze, run_id=scheduled__2025-09-04T00:00:00+00:00, execution_date=20250904T000000, start_date=20251029T180717, end_date=20251029T180717
[2025-10-29T18:07:17.613+0000] {local_task_job_runner.py:243} INFO - Task exited with return code 0
[2025-10-29T18:07:17.617+0000] {taskinstance.py:3503} INFO - 0 downstream tasks scheduled from follow-on schedule check
[2025-10-29T18:07:17.617+0000] {local_task_job_runner.py:222} INFO - ::endgroup::
