[2025-09-22T18:22:25.542+0000] {local_task_job_runner.py:120} INFO - ::group::Pre task execution logs
[2025-09-22T18:22:25.551+0000] {taskinstance.py:2076} INFO - Dependencies all met for dep_context=non-requeueable deps ti=<TaskInstance: urlhaus_ingest.urlhaus_fetch_normalize_bronze manual__2025-09-22T18:22:12.692818+00:00 [queued]>
[2025-09-22T18:22:25.553+0000] {taskinstance.py:2076} INFO - Dependencies all met for dep_context=requeueable deps ti=<TaskInstance: urlhaus_ingest.urlhaus_fetch_normalize_bronze manual__2025-09-22T18:22:12.692818+00:00 [queued]>
[2025-09-22T18:22:25.553+0000] {taskinstance.py:2306} INFO - Starting attempt 1 of 2
[2025-09-22T18:22:25.558+0000] {taskinstance.py:2330} INFO - Executing <Task(PythonOperator): urlhaus_fetch_normalize_bronze> on 2025-09-22 18:22:12.692818+00:00
[2025-09-22T18:22:25.562+0000] {warnings.py:112} WARNING - /home/airflow/.local/lib/python3.12/site-packages/airflow/task/task_runner/standard_task_runner.py:62: DeprecationWarning: This process (pid=283) is multi-threaded, use of fork() may lead to deadlocks in the child.
  pid = os.fork()

[2025-09-22T18:22:25.563+0000] {standard_task_runner.py:64} INFO - Started process 304 to run task
[2025-09-22T18:22:25.563+0000] {standard_task_runner.py:90} INFO - Running: ['airflow', 'tasks', 'run', 'urlhaus_ingest', 'urlhaus_fetch_normalize_bronze', 'manual__2025-09-22T18:22:12.692818+00:00', '--job-id', '7', '--raw', '--subdir', 'DAGS_FOLDER/urlhaus_ingest.py', '--cfg-path', '/tmp/tmpqqm1n9nh']
[2025-09-22T18:22:25.563+0000] {standard_task_runner.py:91} INFO - Job 7: Subtask urlhaus_fetch_normalize_bronze
[2025-09-22T18:22:25.580+0000] {task_command.py:426} INFO - Running <TaskInstance: urlhaus_ingest.urlhaus_fetch_normalize_bronze manual__2025-09-22T18:22:12.692818+00:00 [running]> on host 539ffd8f219e
[2025-09-22T18:22:25.608+0000] {taskinstance.py:2648} INFO - Exporting env vars: AIRFLOW_CTX_DAG_OWNER='you' AIRFLOW_CTX_DAG_ID='urlhaus_ingest' AIRFLOW_CTX_TASK_ID='urlhaus_fetch_normalize_bronze' AIRFLOW_CTX_EXECUTION_DATE='2025-09-22T18:22:12.692818+00:00' AIRFLOW_CTX_TRY_NUMBER='1' AIRFLOW_CTX_DAG_RUN_ID='manual__2025-09-22T18:22:12.692818+00:00'
[2025-09-22T18:22:25.608+0000] {taskinstance.py:430} INFO - ::endgroup::
[2025-09-22T18:22:25.725+0000] {logging_mixin.py:188} INFO - [urlhaus_ingest] rows after normalize: 10611
[2025-09-22T18:22:25.732+0000] {logging_mixin.py:188} INFO - [urlhaus] rows after normalize: 10611
[2025-09-22T18:22:25.752+0000] {python.py:237} INFO - Done. Returned value was: None
[2025-09-22T18:22:25.752+0000] {taskinstance.py:441} INFO - ::group::Post task execution logs
[2025-09-22T18:22:25.754+0000] {taskinstance.py:1206} INFO - Marking task as SUCCESS. dag_id=urlhaus_ingest, task_id=urlhaus_fetch_normalize_bronze, run_id=manual__2025-09-22T18:22:12.692818+00:00, execution_date=20250922T182212, start_date=20250922T182225, end_date=20250922T182225
[2025-09-22T18:22:25.784+0000] {local_task_job_runner.py:243} INFO - Task exited with return code 0
[2025-09-22T18:22:25.788+0000] {taskinstance.py:3503} INFO - 0 downstream tasks scheduled from follow-on schedule check
[2025-09-22T18:22:25.788+0000] {local_task_job_runner.py:222} INFO - ::endgroup::
