[2025-10-29T17:18:51.435+0000] {local_task_job_runner.py:120} INFO - ::group::Pre task execution logs
[2025-10-29T17:18:51.443+0000] {taskinstance.py:2076} INFO - Dependencies all met for dep_context=non-requeueable deps ti=<TaskInstance: urlhaus_ingest.urlhaus_fetch_normalize_bronze scheduled__2025-10-23T00:00:00+00:00 [queued]>
[2025-10-29T17:18:51.445+0000] {taskinstance.py:2076} INFO - Dependencies all met for dep_context=requeueable deps ti=<TaskInstance: urlhaus_ingest.urlhaus_fetch_normalize_bronze scheduled__2025-10-23T00:00:00+00:00 [queued]>
[2025-10-29T17:18:51.445+0000] {taskinstance.py:2306} INFO - Starting attempt 1 of 2
[2025-10-29T17:18:51.449+0000] {taskinstance.py:2330} INFO - Executing <Task(PythonOperator): urlhaus_fetch_normalize_bronze> on 2025-10-23 00:00:00+00:00
[2025-10-29T17:18:51.452+0000] {warnings.py:112} WARNING - /home/airflow/.local/lib/python3.12/site-packages/airflow/task/task_runner/standard_task_runner.py:62: DeprecationWarning: This process (pid=3214) is multi-threaded, use of fork() may lead to deadlocks in the child.
  pid = os.fork()

[2025-10-29T17:18:51.452+0000] {standard_task_runner.py:64} INFO - Started process 3235 to run task
[2025-10-29T17:18:51.453+0000] {standard_task_runner.py:90} INFO - Running: ['airflow', 'tasks', 'run', 'urlhaus_ingest', 'urlhaus_fetch_normalize_bronze', 'scheduled__2025-10-23T00:00:00+00:00', '--job-id', '115', '--raw', '--subdir', 'DAGS_FOLDER/urlhaus_ingest.py', '--cfg-path', '/tmp/tmp9y8ab67c']
[2025-10-29T17:18:51.453+0000] {standard_task_runner.py:91} INFO - Job 115: Subtask urlhaus_fetch_normalize_bronze
[2025-10-29T17:18:51.465+0000] {task_command.py:426} INFO - Running <TaskInstance: urlhaus_ingest.urlhaus_fetch_normalize_bronze scheduled__2025-10-23T00:00:00+00:00 [running]> on host 109bbc934e0f
[2025-10-29T17:18:51.484+0000] {taskinstance.py:2648} INFO - Exporting env vars: AIRFLOW_CTX_DAG_OWNER='you' AIRFLOW_CTX_DAG_ID='urlhaus_ingest' AIRFLOW_CTX_TASK_ID='urlhaus_fetch_normalize_bronze' AIRFLOW_CTX_EXECUTION_DATE='2025-10-23T00:00:00+00:00' AIRFLOW_CTX_TRY_NUMBER='1' AIRFLOW_CTX_DAG_RUN_ID='scheduled__2025-10-23T00:00:00+00:00'
[2025-10-29T17:18:51.485+0000] {taskinstance.py:430} INFO - ::endgroup::
[2025-10-29T17:18:51.643+0000] {logging_mixin.py:188} INFO - [urlhaus_ingest] rows after normalize: 21313
[2025-10-29T17:18:51.654+0000] {logging_mixin.py:188} INFO - [urlhaus] rows after normalize: 21313
[2025-10-29T17:18:51.677+0000] {python.py:237} INFO - Done. Returned value was: None
[2025-10-29T17:18:51.677+0000] {taskinstance.py:441} INFO - ::group::Post task execution logs
[2025-10-29T17:18:51.679+0000] {taskinstance.py:1206} INFO - Marking task as SUCCESS. dag_id=urlhaus_ingest, task_id=urlhaus_fetch_normalize_bronze, run_id=scheduled__2025-10-23T00:00:00+00:00, execution_date=20251023T000000, start_date=20251029T171851, end_date=20251029T171851
[2025-10-29T17:18:51.730+0000] {local_task_job_runner.py:243} INFO - Task exited with return code 0
[2025-10-29T17:18:51.735+0000] {taskinstance.py:3503} INFO - 0 downstream tasks scheduled from follow-on schedule check
[2025-10-29T17:18:51.735+0000] {local_task_job_runner.py:222} INFO - ::endgroup::
[2025-10-29T18:17:02.165+0000] {local_task_job_runner.py:120} INFO - ::group::Pre task execution logs
[2025-10-29T18:17:02.173+0000] {taskinstance.py:2076} INFO - Dependencies all met for dep_context=non-requeueable deps ti=<TaskInstance: urlhaus_ingest.urlhaus_fetch_normalize_bronze scheduled__2025-10-23T00:00:00+00:00 [queued]>
[2025-10-29T18:17:02.174+0000] {taskinstance.py:2076} INFO - Dependencies all met for dep_context=requeueable deps ti=<TaskInstance: urlhaus_ingest.urlhaus_fetch_normalize_bronze scheduled__2025-10-23T00:00:00+00:00 [queued]>
[2025-10-29T18:17:02.175+0000] {taskinstance.py:2306} INFO - Starting attempt 1 of 2
[2025-10-29T18:17:02.179+0000] {taskinstance.py:2330} INFO - Executing <Task(PythonOperator): urlhaus_fetch_normalize_bronze> on 2025-10-23 00:00:00+00:00
[2025-10-29T18:17:02.182+0000] {warnings.py:112} WARNING - /home/airflow/.local/lib/python3.12/site-packages/airflow/task/task_runner/standard_task_runner.py:62: DeprecationWarning: This process (pid=6629) is multi-threaded, use of fork() may lead to deadlocks in the child.
  pid = os.fork()

[2025-10-29T18:17:02.182+0000] {standard_task_runner.py:64} INFO - Started process 6650 to run task
[2025-10-29T18:17:02.183+0000] {standard_task_runner.py:90} INFO - Running: ['airflow', 'tasks', 'run', 'urlhaus_ingest', 'urlhaus_fetch_normalize_bronze', 'scheduled__2025-10-23T00:00:00+00:00', '--job-id', '261', '--raw', '--subdir', 'DAGS_FOLDER/urlhaus_ingest.py', '--cfg-path', '/tmp/tmp73wy8233']
[2025-10-29T18:17:02.183+0000] {standard_task_runner.py:91} INFO - Job 261: Subtask urlhaus_fetch_normalize_bronze
[2025-10-29T18:17:02.196+0000] {task_command.py:426} INFO - Running <TaskInstance: urlhaus_ingest.urlhaus_fetch_normalize_bronze scheduled__2025-10-23T00:00:00+00:00 [running]> on host 9a4b1d75930e
[2025-10-29T18:17:02.218+0000] {taskinstance.py:2648} INFO - Exporting env vars: AIRFLOW_CTX_DAG_OWNER='you' AIRFLOW_CTX_DAG_ID='urlhaus_ingest' AIRFLOW_CTX_TASK_ID='urlhaus_fetch_normalize_bronze' AIRFLOW_CTX_EXECUTION_DATE='2025-10-23T00:00:00+00:00' AIRFLOW_CTX_TRY_NUMBER='1' AIRFLOW_CTX_DAG_RUN_ID='scheduled__2025-10-23T00:00:00+00:00'
[2025-10-29T18:17:02.218+0000] {taskinstance.py:430} INFO - ::endgroup::
[2025-10-29T18:17:02.368+0000] {logging_mixin.py:188} INFO - [urlhaus_ingest] rows after normalize: 21293
[2025-10-29T18:17:02.379+0000] {logging_mixin.py:188} INFO - [urlhaus] rows after normalize: 21293
[2025-10-29T18:17:02.402+0000] {python.py:237} INFO - Done. Returned value was: None
[2025-10-29T18:17:02.402+0000] {taskinstance.py:441} INFO - ::group::Post task execution logs
[2025-10-29T18:17:02.404+0000] {taskinstance.py:1206} INFO - Marking task as SUCCESS. dag_id=urlhaus_ingest, task_id=urlhaus_fetch_normalize_bronze, run_id=scheduled__2025-10-23T00:00:00+00:00, execution_date=20251023T000000, start_date=20251029T181702, end_date=20251029T181702
[2025-10-29T18:17:02.454+0000] {local_task_job_runner.py:243} INFO - Task exited with return code 0
[2025-10-29T18:17:02.458+0000] {taskinstance.py:3503} INFO - 0 downstream tasks scheduled from follow-on schedule check
[2025-10-29T18:17:02.458+0000] {local_task_job_runner.py:222} INFO - ::endgroup::
