[2025-10-29T17:14:05.016+0000] {local_task_job_runner.py:120} INFO - ::group::Pre task execution logs
[2025-10-29T17:14:05.024+0000] {taskinstance.py:2076} INFO - Dependencies all met for dep_context=non-requeueable deps ti=<TaskInstance: urlhaus_ingest.urlhaus_fetch_normalize_bronze scheduled__2025-09-14T00:00:00+00:00 [queued]>
[2025-10-29T17:14:05.026+0000] {taskinstance.py:2076} INFO - Dependencies all met for dep_context=requeueable deps ti=<TaskInstance: urlhaus_ingest.urlhaus_fetch_normalize_bronze scheduled__2025-09-14T00:00:00+00:00 [queued]>
[2025-10-29T17:14:05.026+0000] {taskinstance.py:2306} INFO - Starting attempt 1 of 2
[2025-10-29T17:14:05.030+0000] {taskinstance.py:2330} INFO - Executing <Task(PythonOperator): urlhaus_fetch_normalize_bronze> on 2025-09-14 00:00:00+00:00
[2025-10-29T17:14:05.033+0000] {warnings.py:112} WARNING - /home/airflow/.local/lib/python3.12/site-packages/airflow/task/task_runner/standard_task_runner.py:62: DeprecationWarning: This process (pid=1076) is multi-threaded, use of fork() may lead to deadlocks in the child.
  pid = os.fork()

[2025-10-29T17:14:05.033+0000] {standard_task_runner.py:64} INFO - Started process 1097 to run task
[2025-10-29T17:14:05.033+0000] {standard_task_runner.py:90} INFO - Running: ['airflow', 'tasks', 'run', 'urlhaus_ingest', 'urlhaus_fetch_normalize_bronze', 'scheduled__2025-09-14T00:00:00+00:00', '--job-id', '37', '--raw', '--subdir', 'DAGS_FOLDER/urlhaus_ingest.py', '--cfg-path', '/tmp/tmp9fwvar73']
[2025-10-29T17:14:05.034+0000] {standard_task_runner.py:91} INFO - Job 37: Subtask urlhaus_fetch_normalize_bronze
[2025-10-29T17:14:05.046+0000] {task_command.py:426} INFO - Running <TaskInstance: urlhaus_ingest.urlhaus_fetch_normalize_bronze scheduled__2025-09-14T00:00:00+00:00 [running]> on host 109bbc934e0f
[2025-10-29T17:14:05.067+0000] {taskinstance.py:2648} INFO - Exporting env vars: AIRFLOW_CTX_DAG_OWNER='you' AIRFLOW_CTX_DAG_ID='urlhaus_ingest' AIRFLOW_CTX_TASK_ID='urlhaus_fetch_normalize_bronze' AIRFLOW_CTX_EXECUTION_DATE='2025-09-14T00:00:00+00:00' AIRFLOW_CTX_TRY_NUMBER='1' AIRFLOW_CTX_DAG_RUN_ID='scheduled__2025-09-14T00:00:00+00:00'
[2025-10-29T17:14:05.067+0000] {taskinstance.py:430} INFO - ::endgroup::
[2025-10-29T17:14:05.223+0000] {logging_mixin.py:188} INFO - [urlhaus_ingest] rows after normalize: 21315
[2025-10-29T17:14:05.234+0000] {logging_mixin.py:188} INFO - [urlhaus] rows after normalize: 21315
[2025-10-29T17:14:05.257+0000] {python.py:237} INFO - Done. Returned value was: None
[2025-10-29T17:14:05.257+0000] {taskinstance.py:441} INFO - ::group::Post task execution logs
[2025-10-29T17:14:05.259+0000] {taskinstance.py:1206} INFO - Marking task as SUCCESS. dag_id=urlhaus_ingest, task_id=urlhaus_fetch_normalize_bronze, run_id=scheduled__2025-09-14T00:00:00+00:00, execution_date=20250914T000000, start_date=20251029T171405, end_date=20251029T171405
[2025-10-29T17:14:05.305+0000] {local_task_job_runner.py:243} INFO - Task exited with return code 0
[2025-10-29T17:14:05.309+0000] {taskinstance.py:3503} INFO - 0 downstream tasks scheduled from follow-on schedule check
[2025-10-29T17:14:05.309+0000] {local_task_job_runner.py:222} INFO - ::endgroup::
[2025-10-29T18:09:15.628+0000] {local_task_job_runner.py:120} INFO - ::group::Pre task execution logs
[2025-10-29T18:09:15.636+0000] {taskinstance.py:2076} INFO - Dependencies all met for dep_context=non-requeueable deps ti=<TaskInstance: urlhaus_ingest.urlhaus_fetch_normalize_bronze scheduled__2025-09-14T00:00:00+00:00 [queued]>
[2025-10-29T18:09:15.637+0000] {taskinstance.py:2076} INFO - Dependencies all met for dep_context=requeueable deps ti=<TaskInstance: urlhaus_ingest.urlhaus_fetch_normalize_bronze scheduled__2025-09-14T00:00:00+00:00 [queued]>
[2025-10-29T18:09:15.637+0000] {taskinstance.py:2306} INFO - Starting attempt 1 of 2
[2025-10-29T18:09:15.641+0000] {taskinstance.py:2330} INFO - Executing <Task(PythonOperator): urlhaus_fetch_normalize_bronze> on 2025-09-14 00:00:00+00:00
[2025-10-29T18:09:15.644+0000] {warnings.py:112} WARNING - /home/airflow/.local/lib/python3.12/site-packages/airflow/task/task_runner/standard_task_runner.py:62: DeprecationWarning: This process (pid=1805) is multi-threaded, use of fork() may lead to deadlocks in the child.
  pid = os.fork()

[2025-10-29T18:09:15.645+0000] {standard_task_runner.py:64} INFO - Started process 1826 to run task
[2025-10-29T18:09:15.645+0000] {standard_task_runner.py:90} INFO - Running: ['airflow', 'tasks', 'run', 'urlhaus_ingest', 'urlhaus_fetch_normalize_bronze', 'scheduled__2025-09-14T00:00:00+00:00', '--job-id', '66', '--raw', '--subdir', 'DAGS_FOLDER/urlhaus_ingest.py', '--cfg-path', '/tmp/tmpaihxaskg']
[2025-10-29T18:09:15.646+0000] {standard_task_runner.py:91} INFO - Job 66: Subtask urlhaus_fetch_normalize_bronze
[2025-10-29T18:09:15.658+0000] {task_command.py:426} INFO - Running <TaskInstance: urlhaus_ingest.urlhaus_fetch_normalize_bronze scheduled__2025-09-14T00:00:00+00:00 [running]> on host 9a4b1d75930e
[2025-10-29T18:09:15.678+0000] {taskinstance.py:2648} INFO - Exporting env vars: AIRFLOW_CTX_DAG_OWNER='you' AIRFLOW_CTX_DAG_ID='urlhaus_ingest' AIRFLOW_CTX_TASK_ID='urlhaus_fetch_normalize_bronze' AIRFLOW_CTX_EXECUTION_DATE='2025-09-14T00:00:00+00:00' AIRFLOW_CTX_TRY_NUMBER='1' AIRFLOW_CTX_DAG_RUN_ID='scheduled__2025-09-14T00:00:00+00:00'
[2025-10-29T18:09:15.678+0000] {taskinstance.py:430} INFO - ::endgroup::
[2025-10-29T18:09:15.828+0000] {logging_mixin.py:188} INFO - [urlhaus_ingest] rows after normalize: 21302
[2025-10-29T18:09:15.839+0000] {logging_mixin.py:188} INFO - [urlhaus] rows after normalize: 21302
[2025-10-29T18:09:15.863+0000] {python.py:237} INFO - Done. Returned value was: None
[2025-10-29T18:09:15.863+0000] {taskinstance.py:441} INFO - ::group::Post task execution logs
[2025-10-29T18:09:15.865+0000] {taskinstance.py:1206} INFO - Marking task as SUCCESS. dag_id=urlhaus_ingest, task_id=urlhaus_fetch_normalize_bronze, run_id=scheduled__2025-09-14T00:00:00+00:00, execution_date=20250914T000000, start_date=20251029T180915, end_date=20251029T180915
[2025-10-29T18:09:15.871+0000] {local_task_job_runner.py:243} INFO - Task exited with return code 0
[2025-10-29T18:09:15.875+0000] {taskinstance.py:3503} INFO - 0 downstream tasks scheduled from follow-on schedule check
[2025-10-29T18:09:15.875+0000] {local_task_job_runner.py:222} INFO - ::endgroup::
