[2025-10-29T17:17:59.693+0000] {local_task_job_runner.py:120} INFO - ::group::Pre task execution logs
[2025-10-29T17:17:59.701+0000] {taskinstance.py:2076} INFO - Dependencies all met for dep_context=non-requeueable deps ti=<TaskInstance: openphish_ingest.openphish_fetch_normalize_bronze scheduled__2025-10-21T00:00:00+00:00 [queued]>
[2025-10-29T17:17:59.702+0000] {taskinstance.py:2076} INFO - Dependencies all met for dep_context=requeueable deps ti=<TaskInstance: openphish_ingest.openphish_fetch_normalize_bronze scheduled__2025-10-21T00:00:00+00:00 [queued]>
[2025-10-29T17:17:59.702+0000] {taskinstance.py:2306} INFO - Starting attempt 1 of 2
[2025-10-29T17:17:59.706+0000] {taskinstance.py:2330} INFO - Executing <Task(PythonOperator): openphish_fetch_normalize_bronze> on 2025-10-21 00:00:00+00:00
[2025-10-29T17:17:59.709+0000] {warnings.py:112} WARNING - /home/airflow/.local/lib/python3.12/site-packages/airflow/task/task_runner/standard_task_runner.py:62: DeprecationWarning: This process (pid=2810) is multi-threaded, use of fork() may lead to deadlocks in the child.
  pid = os.fork()

[2025-10-29T17:17:59.709+0000] {standard_task_runner.py:64} INFO - Started process 2831 to run task
[2025-10-29T17:17:59.710+0000] {standard_task_runner.py:90} INFO - Running: ['airflow', 'tasks', 'run', 'openphish_ingest', 'openphish_fetch_normalize_bronze', 'scheduled__2025-10-21T00:00:00+00:00', '--job-id', '100', '--raw', '--subdir', 'DAGS_FOLDER/openphish_ingest.py', '--cfg-path', '/tmp/tmp8jnxsbxj']
[2025-10-29T17:17:59.710+0000] {standard_task_runner.py:91} INFO - Job 100: Subtask openphish_fetch_normalize_bronze
[2025-10-29T17:17:59.722+0000] {task_command.py:426} INFO - Running <TaskInstance: openphish_ingest.openphish_fetch_normalize_bronze scheduled__2025-10-21T00:00:00+00:00 [running]> on host 109bbc934e0f
[2025-10-29T17:17:59.742+0000] {taskinstance.py:2648} INFO - Exporting env vars: AIRFLOW_CTX_DAG_OWNER='you' AIRFLOW_CTX_DAG_ID='openphish_ingest' AIRFLOW_CTX_TASK_ID='openphish_fetch_normalize_bronze' AIRFLOW_CTX_EXECUTION_DATE='2025-10-21T00:00:00+00:00' AIRFLOW_CTX_TRY_NUMBER='1' AIRFLOW_CTX_DAG_RUN_ID='scheduled__2025-10-21T00:00:00+00:00'
[2025-10-29T17:17:59.743+0000] {taskinstance.py:430} INFO - ::endgroup::
[2025-10-29T17:18:00.422+0000] {logging_mixin.py:188} INFO - [openphish_ingest] rows after normalize: 300
[2025-10-29T17:18:00.427+0000] {logging_mixin.py:188} INFO - [openphish] rows after normalize: 300
[2025-10-29T17:18:00.443+0000] {python.py:237} INFO - Done. Returned value was: None
[2025-10-29T17:18:00.444+0000] {taskinstance.py:441} INFO - ::group::Post task execution logs
[2025-10-29T17:18:00.447+0000] {taskinstance.py:1206} INFO - Marking task as SUCCESS. dag_id=openphish_ingest, task_id=openphish_fetch_normalize_bronze, run_id=scheduled__2025-10-21T00:00:00+00:00, execution_date=20251021T000000, start_date=20251029T171759, end_date=20251029T171800
[2025-10-29T17:18:00.471+0000] {local_task_job_runner.py:243} INFO - Task exited with return code 0
[2025-10-29T17:18:00.476+0000] {taskinstance.py:3503} INFO - 0 downstream tasks scheduled from follow-on schedule check
[2025-10-29T17:18:00.476+0000] {local_task_job_runner.py:222} INFO - ::endgroup::
[2025-10-29T18:16:29.813+0000] {local_task_job_runner.py:120} INFO - ::group::Pre task execution logs
[2025-10-29T18:16:29.821+0000] {taskinstance.py:2076} INFO - Dependencies all met for dep_context=non-requeueable deps ti=<TaskInstance: openphish_ingest.openphish_fetch_normalize_bronze scheduled__2025-10-21T00:00:00+00:00 [queued]>
[2025-10-29T18:16:29.822+0000] {taskinstance.py:2076} INFO - Dependencies all met for dep_context=requeueable deps ti=<TaskInstance: openphish_ingest.openphish_fetch_normalize_bronze scheduled__2025-10-21T00:00:00+00:00 [queued]>
[2025-10-29T18:16:29.823+0000] {taskinstance.py:2306} INFO - Starting attempt 1 of 2
[2025-10-29T18:16:29.826+0000] {taskinstance.py:2330} INFO - Executing <Task(PythonOperator): openphish_fetch_normalize_bronze> on 2025-10-21 00:00:00+00:00
[2025-10-29T18:16:29.829+0000] {warnings.py:112} WARNING - /home/airflow/.local/lib/python3.12/site-packages/airflow/task/task_runner/standard_task_runner.py:62: DeprecationWarning: This process (pid=6324) is multi-threaded, use of fork() may lead to deadlocks in the child.
  pid = os.fork()

[2025-10-29T18:16:29.830+0000] {standard_task_runner.py:64} INFO - Started process 6345 to run task
[2025-10-29T18:16:29.830+0000] {standard_task_runner.py:90} INFO - Running: ['airflow', 'tasks', 'run', 'openphish_ingest', 'openphish_fetch_normalize_bronze', 'scheduled__2025-10-21T00:00:00+00:00', '--job-id', '249', '--raw', '--subdir', 'DAGS_FOLDER/openphish_ingest.py', '--cfg-path', '/tmp/tmpj77ocnr4']
[2025-10-29T18:16:29.830+0000] {standard_task_runner.py:91} INFO - Job 249: Subtask openphish_fetch_normalize_bronze
[2025-10-29T18:16:29.844+0000] {task_command.py:426} INFO - Running <TaskInstance: openphish_ingest.openphish_fetch_normalize_bronze scheduled__2025-10-21T00:00:00+00:00 [running]> on host 9a4b1d75930e
[2025-10-29T18:16:29.865+0000] {taskinstance.py:2648} INFO - Exporting env vars: AIRFLOW_CTX_DAG_OWNER='you' AIRFLOW_CTX_DAG_ID='openphish_ingest' AIRFLOW_CTX_TASK_ID='openphish_fetch_normalize_bronze' AIRFLOW_CTX_EXECUTION_DATE='2025-10-21T00:00:00+00:00' AIRFLOW_CTX_TRY_NUMBER='1' AIRFLOW_CTX_DAG_RUN_ID='scheduled__2025-10-21T00:00:00+00:00'
[2025-10-29T18:16:29.866+0000] {taskinstance.py:430} INFO - ::endgroup::
[2025-10-29T18:16:30.518+0000] {logging_mixin.py:188} INFO - [openphish_ingest] rows after normalize: 300
[2025-10-29T18:16:30.522+0000] {logging_mixin.py:188} INFO - [openphish] rows after normalize: 300
[2025-10-29T18:16:30.532+0000] {python.py:237} INFO - Done. Returned value was: None
[2025-10-29T18:16:30.533+0000] {taskinstance.py:441} INFO - ::group::Post task execution logs
[2025-10-29T18:16:30.534+0000] {taskinstance.py:1206} INFO - Marking task as SUCCESS. dag_id=openphish_ingest, task_id=openphish_fetch_normalize_bronze, run_id=scheduled__2025-10-21T00:00:00+00:00, execution_date=20251021T000000, start_date=20251029T181629, end_date=20251029T181630
[2025-10-29T18:16:30.578+0000] {local_task_job_runner.py:243} INFO - Task exited with return code 0
[2025-10-29T18:16:30.582+0000] {taskinstance.py:3503} INFO - 0 downstream tasks scheduled from follow-on schedule check
[2025-10-29T18:16:30.582+0000] {local_task_job_runner.py:222} INFO - ::endgroup::
