[2025-11-13T01:38:36.935+0000] {local_task_job_runner.py:120} INFO - ::group::Pre task execution logs
[2025-11-13T01:38:36.945+0000] {taskinstance.py:2076} INFO - Dependencies all met for dep_context=non-requeueable deps ti=<TaskInstance: pipeline_orchestrator.misp.misp_osint manual__2025-11-13T00:00:00+00:00 [queued]>
[2025-11-13T01:38:36.947+0000] {taskinstance.py:2076} INFO - Dependencies all met for dep_context=requeueable deps ti=<TaskInstance: pipeline_orchestrator.misp.misp_osint manual__2025-11-13T00:00:00+00:00 [queued]>
[2025-11-13T01:38:36.947+0000] {taskinstance.py:2306} INFO - Starting attempt 1 of 1
[2025-11-13T01:38:36.952+0000] {taskinstance.py:2330} INFO - Executing <Task(TriggerDagRunOperator): misp.misp_osint> on 2025-11-13 00:00:00+00:00
[2025-11-13T01:38:36.954+0000] {standard_task_runner.py:64} INFO - Started process 12321 to run task
[2025-11-13T01:38:36.956+0000] {standard_task_runner.py:90} INFO - Running: ['airflow', 'tasks', 'run', 'pipeline_orchestrator', 'misp.misp_osint', 'manual__2025-11-13T00:00:00+00:00', '--job-id', '55', '--raw', '--subdir', 'DAGS_FOLDER/pipeline_orchestrator.py', '--cfg-path', '/tmp/tmpi9ninmsw']
[2025-11-13T01:38:36.957+0000] {standard_task_runner.py:91} INFO - Job 55: Subtask misp.misp_osint
[2025-11-13T01:38:36.976+0000] {task_command.py:426} INFO - Running <TaskInstance: pipeline_orchestrator.misp.misp_osint manual__2025-11-13T00:00:00+00:00 [running]> on host 1fd82182dcce
[2025-11-13T01:38:37.097+0000] {taskinstance.py:2648} INFO - Exporting env vars: AIRFLOW_CTX_DAG_OWNER='airflow' AIRFLOW_CTX_DAG_ID='pipeline_orchestrator' AIRFLOW_CTX_TASK_ID='misp.misp_osint' AIRFLOW_CTX_EXECUTION_DATE='2025-11-13T00:00:00+00:00' AIRFLOW_CTX_TRY_NUMBER='1' AIRFLOW_CTX_DAG_RUN_ID='manual__2025-11-13T00:00:00+00:00'
[2025-11-13T01:38:37.098+0000] {taskinstance.py:430} INFO - ::endgroup::
[2025-11-13T01:38:37.123+0000] {taskinstance.py:441} INFO - ::group::Post task execution logs
[2025-11-13T01:38:37.123+0000] {crypto.py:82} WARNING - empty cryptography key - values will not be stored encrypted.
[2025-11-13T01:38:37.124+0000] {taskinstance.py:2489} INFO - Pausing task as DEFERRED. dag_id=pipeline_orchestrator, task_id=misp.misp_osint, run_id=manual__2025-11-13T00:00:00+00:00, execution_date=20251113T000000, start_date=20251113T013836
[2025-11-13T01:38:37.137+0000] {local_task_job_runner.py:237} INFO - Task exited with return code 100 (task deferral)
[2025-11-13T01:38:37.138+0000] {local_task_job_runner.py:222} INFO - ::endgroup::
[2025-11-13T01:39:40.849+0000] {local_task_job_runner.py:120} INFO - ::group::Pre task execution logs
[2025-11-13T01:39:40.876+0000] {taskinstance.py:2076} INFO - Dependencies all met for dep_context=non-requeueable deps ti=<TaskInstance: pipeline_orchestrator.misp.misp_osint manual__2025-11-13T00:00:00+00:00 [queued]>
[2025-11-13T01:39:40.879+0000] {taskinstance.py:2076} INFO - Dependencies all met for dep_context=requeueable deps ti=<TaskInstance: pipeline_orchestrator.misp.misp_osint manual__2025-11-13T00:00:00+00:00 [queued]>
[2025-11-13T01:39:40.879+0000] {taskinstance.py:2304} INFO - Resuming after deferral
[2025-11-13T01:39:40.884+0000] {taskinstance.py:2330} INFO - Executing <Task(TriggerDagRunOperator): misp.misp_osint> on 2025-11-13 00:00:00+00:00
[2025-11-13T01:39:40.886+0000] {standard_task_runner.py:64} INFO - Started process 12573 to run task
[2025-11-13T01:39:40.887+0000] {standard_task_runner.py:90} INFO - Running: ['airflow', 'tasks', 'run', 'pipeline_orchestrator', 'misp.misp_osint', 'manual__2025-11-13T00:00:00+00:00', '--job-id', '62', '--raw', '--subdir', 'DAGS_FOLDER/pipeline_orchestrator.py', '--cfg-path', '/tmp/tmp55xp3_h4']
[2025-11-13T01:39:40.888+0000] {standard_task_runner.py:91} INFO - Job 62: Subtask misp.misp_osint
[2025-11-13T01:39:40.902+0000] {task_command.py:426} INFO - Running <TaskInstance: pipeline_orchestrator.misp.misp_osint manual__2025-11-13T00:00:00+00:00 [running]> on host 1fd82182dcce
[2025-11-13T01:39:40.993+0000] {taskinstance.py:430} INFO - ::endgroup::
[2025-11-13T01:39:40.994+0000] {trigger_dagrun.py:262} INFO - misp_osint_ingest finished with allowed state success
[2025-11-13T01:39:40.994+0000] {taskinstance.py:441} INFO - ::group::Post task execution logs
[2025-11-13T01:39:40.995+0000] {taskinstance.py:1206} INFO - Marking task as SUCCESS. dag_id=pipeline_orchestrator, task_id=misp.misp_osint, run_id=manual__2025-11-13T00:00:00+00:00, execution_date=20251113T000000, start_date=20251113T013836, end_date=20251113T013940
[2025-11-13T01:39:41.026+0000] {local_task_job_runner.py:243} INFO - Task exited with return code 0
[2025-11-13T01:39:41.036+0000] {taskinstance.py:3503} INFO - 0 downstream tasks scheduled from follow-on schedule check
[2025-11-13T01:39:41.037+0000] {local_task_job_runner.py:222} INFO - ::endgroup::
