[2025-11-14T00:08:59.078+0000] {local_task_job_runner.py:120} INFO - ::group::Pre task execution logs
[2025-11-14T00:08:59.102+0000] {taskinstance.py:2076} INFO - Dependencies all met for dep_context=non-requeueable deps ti=<TaskInstance: misp_osint_ingest.misp_osint_fetch scheduled__2025-11-13T00:00:00+00:00 [queued]>
[2025-11-14T00:08:59.106+0000] {taskinstance.py:2076} INFO - Dependencies all met for dep_context=requeueable deps ti=<TaskInstance: misp_osint_ingest.misp_osint_fetch scheduled__2025-11-13T00:00:00+00:00 [queued]>
[2025-11-14T00:08:59.107+0000] {taskinstance.py:2306} INFO - Starting attempt 1 of 1
[2025-11-14T00:08:59.118+0000] {taskinstance.py:2330} INFO - Executing <Task(PythonOperator): misp_osint_fetch> on 2025-11-13 00:00:00+00:00
[2025-11-14T00:08:59.126+0000] {standard_task_runner.py:90} INFO - Running: ['airflow', 'tasks', 'run', 'misp_osint_ingest', 'misp_osint_fetch', 'scheduled__2025-11-13T00:00:00+00:00', '--job-id', '80', '--raw', '--subdir', 'DAGS_FOLDER/misp_osint_ingest.py', '--cfg-path', '/tmp/tmpjibqj7jw']
[2025-11-14T00:08:59.128+0000] {logging_mixin.py:188} WARNING - /home/airflow/.local/lib/python3.12/site-packages/airflow/task/task_runner/standard_task_runner.py:62 DeprecationWarning: This process (pid=25572) is multi-threaded, use of fork() may lead to deadlocks in the child.
[2025-11-14T00:08:59.129+0000] {standard_task_runner.py:91} INFO - Job 80: Subtask misp_osint_fetch
[2025-11-14T00:08:59.129+0000] {standard_task_runner.py:64} INFO - Started process 25593 to run task
[2025-11-14T00:08:59.157+0000] {task_command.py:426} INFO - Running <TaskInstance: misp_osint_ingest.misp_osint_fetch scheduled__2025-11-13T00:00:00+00:00 [running]> on host 1fd82182dcce
[2025-11-14T00:08:59.204+0000] {taskinstance.py:2648} INFO - Exporting env vars: AIRFLOW_CTX_DAG_OWNER='you' AIRFLOW_CTX_DAG_ID='misp_osint_ingest' AIRFLOW_CTX_TASK_ID='misp_osint_fetch' AIRFLOW_CTX_EXECUTION_DATE='2025-11-13T00:00:00+00:00' AIRFLOW_CTX_TRY_NUMBER='1' AIRFLOW_CTX_DAG_RUN_ID='scheduled__2025-11-13T00:00:00+00:00'
[2025-11-14T00:08:59.205+0000] {taskinstance.py:430} INFO - ::endgroup::
[2025-11-14T01:10:15.553+0000] {logging_mixin.py:188} INFO - [misp_osint] error on https://www.circl.lu/doc/misp/feed-osint/5d71e617-63fc-4314-bbc3-29a606536f63.json: HTTPSConnectionPool(host='www.circl.lu', port=443): Read timed out.
[2025-11-14T01:10:23.185+0000] {connectionpool.py:872} WARNING - Retrying (Retry(total=3, connect=3, read=2, redirect=None, status=None)) after connection broken by 'RemoteDisconnected('Remote end closed connection without response')': /doc/misp/feed-osint/98eb923a-6da8-4c63-87a0-a97a2eef3c98.json
[2025-11-14T01:48:35.432+0000] {connectionpool.py:872} WARNING - Retrying (Retry(total=3, connect=3, read=2, redirect=None, status=None)) after connection broken by 'ReadTimeoutError("HTTPSConnectionPool(host='www.circl.lu', port=443): Read timed out. (read timeout=60)")': /doc/misp/feed-osint/11352988-db69-4d22-89fc-6f84689edfab.json
[2025-11-14T02:06:23.504+0000] {local_task_job_runner.py:291} WARNING - Recorded pid 25935 does not match the current pid 25593
[2025-11-14T02:06:23.507+0000] {local_task_job_runner.py:222} INFO - ::endgroup::
[2025-11-14T02:06:23.510+0000] {process_utils.py:132} INFO - Sending 15 to group 25593. PIDs of all processes in the group: [25593]
[2025-11-14T02:06:23.510+0000] {process_utils.py:87} INFO - Sending the signal 15 to group 25593
[2025-11-14T02:06:23.511+0000] {taskinstance.py:2611} ERROR - Received SIGTERM. Terminating subprocesses.
[2025-11-14T02:06:23.516+0000] {taskinstance.py:441} INFO - ::group::Post task execution logs
[2025-11-14T02:06:23.539+0000] {taskinstance.py:2905} ERROR - Task failed with exception
Traceback (most recent call last):
  File "/home/airflow/.local/lib/python3.12/site-packages/airflow/models/taskinstance.py", line 465, in _execute_task
    result = _execute_callable(context=context, **execute_callable_kwargs)
             ^^^^^^^^^^^^^^^^^^^^^^^^^^^^^^^^^^^^^^^^^^^^^^^^^^^^^^^^^^^^^
  File "/home/airflow/.local/lib/python3.12/site-packages/airflow/models/taskinstance.py", line 432, in _execute_callable
    return execute_callable(context=context, **execute_callable_kwargs)
           ^^^^^^^^^^^^^^^^^^^^^^^^^^^^^^^^^^^^^^^^^^^^^^^^^^^^^^^^^^^^
  File "/home/airflow/.local/lib/python3.12/site-packages/airflow/models/baseoperator.py", line 401, in wrapper
    return func(self, *args, **kwargs)
           ^^^^^^^^^^^^^^^^^^^^^^^^^^^
  File "/home/airflow/.local/lib/python3.12/site-packages/airflow/operators/python.py", line 235, in execute
    return_value = self.execute_callable()
                   ^^^^^^^^^^^^^^^^^^^^^^^
  File "/home/airflow/.local/lib/python3.12/site-packages/airflow/operators/python.py", line 252, in execute_callable
    return self.python_callable(*self.op_args, **self.op_kwargs)
           ^^^^^^^^^^^^^^^^^^^^^^^^^^^^^^^^^^^^^^^^^^^^^^^^^^^^^
  File "/opt/airflow/dags/misp_osint_ingest.py", line 149, in ingest_misp_osint
    r = s.get(url, timeout=timeout)
        ^^^^^^^^^^^^^^^^^^^^^^^^^^^
  File "/home/airflow/.local/lib/python3.12/site-packages/requests/sessions.py", line 602, in get
    return self.request("GET", url, **kwargs)
           ^^^^^^^^^^^^^^^^^^^^^^^^^^^^^^^^^^
  File "/home/airflow/.local/lib/python3.12/site-packages/requests/sessions.py", line 589, in request
    resp = self.send(prep, **send_kwargs)
           ^^^^^^^^^^^^^^^^^^^^^^^^^^^^^^
  File "/home/airflow/.local/lib/python3.12/site-packages/requests/sessions.py", line 746, in send
    r.content
  File "/home/airflow/.local/lib/python3.12/site-packages/requests/models.py", line 902, in content
    self._content = b"".join(self.iter_content(CONTENT_CHUNK_SIZE)) or b""
                    ^^^^^^^^^^^^^^^^^^^^^^^^^^^^^^^^^^^^^^^^^^^^^^^
  File "/home/airflow/.local/lib/python3.12/site-packages/requests/models.py", line 820, in generate
    yield from self.raw.stream(chunk_size, decode_content=True)
  File "/home/airflow/.local/lib/python3.12/site-packages/urllib3/response.py", line 936, in stream
    data = self.read(amt=amt, decode_content=decode_content)
           ^^^^^^^^^^^^^^^^^^^^^^^^^^^^^^^^^^^^^^^^^^^^^^^^^
  File "/home/airflow/.local/lib/python3.12/site-packages/urllib3/response.py", line 879, in read
    data = self._raw_read(amt)
           ^^^^^^^^^^^^^^^^^^^
  File "/home/airflow/.local/lib/python3.12/site-packages/urllib3/response.py", line 814, in _raw_read
    data = self._fp_read(amt) if not fp_closed else b""
           ^^^^^^^^^^^^^^^^^^
  File "/home/airflow/.local/lib/python3.12/site-packages/urllib3/response.py", line 799, in _fp_read
    return self._fp.read(amt) if amt is not None else self._fp.read()
           ^^^^^^^^^^^^^^^^^^
  File "/usr/local/lib/python3.12/http/client.py", line 479, in read
    s = self.fp.read(amt)
        ^^^^^^^^^^^^^^^^^
  File "/usr/local/lib/python3.12/socket.py", line 708, in readinto
    return self._sock.recv_into(b)
           ^^^^^^^^^^^^^^^^^^^^^^^
  File "/usr/local/lib/python3.12/ssl.py", line 1252, in recv_into
    return self.read(nbytes, buffer)
           ^^^^^^^^^^^^^^^^^^^^^^^^^
  File "/usr/local/lib/python3.12/ssl.py", line 1104, in read
    return self._sslobj.read(len, buffer)
           ^^^^^^^^^^^^^^^^^^^^^^^^^^^^^^
  File "/home/airflow/.local/lib/python3.12/site-packages/airflow/models/taskinstance.py", line 2613, in signal_handler
    raise AirflowTaskTerminated("Task received SIGTERM signal")
airflow.exceptions.AirflowTaskTerminated: Task received SIGTERM signal
[2025-11-14T02:06:23.566+0000] {taskinstance.py:1206} INFO - Marking task as FAILED. dag_id=misp_osint_ingest, task_id=misp_osint_fetch, run_id=scheduled__2025-11-13T00:00:00+00:00, execution_date=20251113T000000, start_date=20251114T020621, end_date=20251114T020623
[2025-11-14T02:06:23.777+0000] {process_utils.py:80} INFO - Process psutil.Process(pid=25593, status='terminated', exitcode=2, started='00:08:58') (25593) terminated with exit code 2
