[2025-10-29T17:12:47.185+0000] {local_task_job_runner.py:120} INFO - ::group::Pre task execution logs
[2025-10-29T17:12:47.192+0000] {taskinstance.py:2076} INFO - Dependencies all met for dep_context=non-requeueable deps ti=<TaskInstance: openphish_ingest.openphish_fetch_normalize_bronze scheduled__2025-09-09T00:00:00+00:00 [queued]>
[2025-10-29T17:12:47.194+0000] {taskinstance.py:2076} INFO - Dependencies all met for dep_context=requeueable deps ti=<TaskInstance: openphish_ingest.openphish_fetch_normalize_bronze scheduled__2025-09-09T00:00:00+00:00 [queued]>
[2025-10-29T17:12:47.194+0000] {taskinstance.py:2306} INFO - Starting attempt 1 of 2
[2025-10-29T17:12:47.198+0000] {taskinstance.py:2330} INFO - Executing <Task(PythonOperator): openphish_fetch_normalize_bronze> on 2025-09-09 00:00:00+00:00
[2025-10-29T17:12:47.200+0000] {warnings.py:112} WARNING - /home/airflow/.local/lib/python3.12/site-packages/airflow/task/task_runner/standard_task_runner.py:62: DeprecationWarning: This process (pid=498) is multi-threaded, use of fork() may lead to deadlocks in the child.
  pid = os.fork()

[2025-10-29T17:12:47.201+0000] {standard_task_runner.py:64} INFO - Started process 519 to run task
[2025-10-29T17:12:47.201+0000] {standard_task_runner.py:90} INFO - Running: ['airflow', 'tasks', 'run', 'openphish_ingest', 'openphish_fetch_normalize_bronze', 'scheduled__2025-09-09T00:00:00+00:00', '--job-id', '16', '--raw', '--subdir', 'DAGS_FOLDER/openphish_ingest.py', '--cfg-path', '/tmp/tmp7ycllxsi']
[2025-10-29T17:12:47.202+0000] {standard_task_runner.py:91} INFO - Job 16: Subtask openphish_fetch_normalize_bronze
[2025-10-29T17:12:47.213+0000] {task_command.py:426} INFO - Running <TaskInstance: openphish_ingest.openphish_fetch_normalize_bronze scheduled__2025-09-09T00:00:00+00:00 [running]> on host 109bbc934e0f
[2025-10-29T17:12:47.233+0000] {taskinstance.py:2648} INFO - Exporting env vars: AIRFLOW_CTX_DAG_OWNER='you' AIRFLOW_CTX_DAG_ID='openphish_ingest' AIRFLOW_CTX_TASK_ID='openphish_fetch_normalize_bronze' AIRFLOW_CTX_EXECUTION_DATE='2025-09-09T00:00:00+00:00' AIRFLOW_CTX_TRY_NUMBER='1' AIRFLOW_CTX_DAG_RUN_ID='scheduled__2025-09-09T00:00:00+00:00'
[2025-10-29T17:12:47.234+0000] {taskinstance.py:430} INFO - ::endgroup::
[2025-10-29T17:12:47.892+0000] {logging_mixin.py:188} INFO - [openphish_ingest] rows after normalize: 300
[2025-10-29T17:12:47.894+0000] {logging_mixin.py:188} INFO - [openphish] rows after normalize: 300
[2025-10-29T17:12:47.906+0000] {python.py:237} INFO - Done. Returned value was: None
[2025-10-29T17:12:47.906+0000] {taskinstance.py:441} INFO - ::group::Post task execution logs
[2025-10-29T17:12:47.909+0000] {taskinstance.py:1206} INFO - Marking task as SUCCESS. dag_id=openphish_ingest, task_id=openphish_fetch_normalize_bronze, run_id=scheduled__2025-09-09T00:00:00+00:00, execution_date=20250909T000000, start_date=20251029T171247, end_date=20251029T171247
[2025-10-29T17:12:47.952+0000] {local_task_job_runner.py:243} INFO - Task exited with return code 0
[2025-10-29T17:12:47.958+0000] {taskinstance.py:3503} INFO - 0 downstream tasks scheduled from follow-on schedule check
[2025-10-29T17:12:47.959+0000] {local_task_job_runner.py:222} INFO - ::endgroup::
[2025-10-29T18:08:08.528+0000] {local_task_job_runner.py:120} INFO - ::group::Pre task execution logs
[2025-10-29T18:08:08.535+0000] {taskinstance.py:2076} INFO - Dependencies all met for dep_context=non-requeueable deps ti=<TaskInstance: openphish_ingest.openphish_fetch_normalize_bronze scheduled__2025-09-09T00:00:00+00:00 [queued]>
[2025-10-29T18:08:08.537+0000] {taskinstance.py:2076} INFO - Dependencies all met for dep_context=requeueable deps ti=<TaskInstance: openphish_ingest.openphish_fetch_normalize_bronze scheduled__2025-09-09T00:00:00+00:00 [queued]>
[2025-10-29T18:08:08.537+0000] {taskinstance.py:2306} INFO - Starting attempt 1 of 2
[2025-10-29T18:08:08.540+0000] {taskinstance.py:2330} INFO - Executing <Task(PythonOperator): openphish_fetch_normalize_bronze> on 2025-09-09 00:00:00+00:00
[2025-10-29T18:08:08.543+0000] {warnings.py:112} WARNING - /home/airflow/.local/lib/python3.12/site-packages/airflow/task/task_runner/standard_task_runner.py:62: DeprecationWarning: This process (pid=1129) is multi-threaded, use of fork() may lead to deadlocks in the child.
  pid = os.fork()

[2025-10-29T18:08:08.543+0000] {standard_task_runner.py:64} INFO - Started process 1150 to run task
[2025-10-29T18:08:08.544+0000] {standard_task_runner.py:90} INFO - Running: ['airflow', 'tasks', 'run', 'openphish_ingest', 'openphish_fetch_normalize_bronze', 'scheduled__2025-09-09T00:00:00+00:00', '--job-id', '39', '--raw', '--subdir', 'DAGS_FOLDER/openphish_ingest.py', '--cfg-path', '/tmp/tmpf6h931jb']
[2025-10-29T18:08:08.544+0000] {standard_task_runner.py:91} INFO - Job 39: Subtask openphish_fetch_normalize_bronze
[2025-10-29T18:08:08.555+0000] {task_command.py:426} INFO - Running <TaskInstance: openphish_ingest.openphish_fetch_normalize_bronze scheduled__2025-09-09T00:00:00+00:00 [running]> on host 9a4b1d75930e
[2025-10-29T18:08:08.575+0000] {taskinstance.py:2648} INFO - Exporting env vars: AIRFLOW_CTX_DAG_OWNER='you' AIRFLOW_CTX_DAG_ID='openphish_ingest' AIRFLOW_CTX_TASK_ID='openphish_fetch_normalize_bronze' AIRFLOW_CTX_EXECUTION_DATE='2025-09-09T00:00:00+00:00' AIRFLOW_CTX_TRY_NUMBER='1' AIRFLOW_CTX_DAG_RUN_ID='scheduled__2025-09-09T00:00:00+00:00'
[2025-10-29T18:08:08.575+0000] {taskinstance.py:430} INFO - ::endgroup::
[2025-10-29T18:08:10.763+0000] {logging_mixin.py:188} INFO - [openphish_ingest] rows after normalize: 300
[2025-10-29T18:08:10.767+0000] {logging_mixin.py:188} INFO - [openphish] rows after normalize: 300
[2025-10-29T18:08:10.786+0000] {python.py:237} INFO - Done. Returned value was: None
[2025-10-29T18:08:10.787+0000] {taskinstance.py:441} INFO - ::group::Post task execution logs
[2025-10-29T18:08:10.790+0000] {taskinstance.py:1206} INFO - Marking task as SUCCESS. dag_id=openphish_ingest, task_id=openphish_fetch_normalize_bronze, run_id=scheduled__2025-09-09T00:00:00+00:00, execution_date=20250909T000000, start_date=20251029T180808, end_date=20251029T180810
[2025-10-29T18:08:10.810+0000] {local_task_job_runner.py:243} INFO - Task exited with return code 0
[2025-10-29T18:08:10.815+0000] {taskinstance.py:3503} INFO - 0 downstream tasks scheduled from follow-on schedule check
[2025-10-29T18:08:10.816+0000] {local_task_job_runner.py:222} INFO - ::endgroup::
