[2025-10-29T17:12:54.673+0000] {local_task_job_runner.py:120} INFO - ::group::Pre task execution logs
[2025-10-29T17:12:54.680+0000] {taskinstance.py:2076} INFO - Dependencies all met for dep_context=non-requeueable deps ti=<TaskInstance: openphish_ingest.openphish_fetch_normalize_bronze scheduled__2025-09-10T00:00:00+00:00 [queued]>
[2025-10-29T17:12:54.682+0000] {taskinstance.py:2076} INFO - Dependencies all met for dep_context=requeueable deps ti=<TaskInstance: openphish_ingest.openphish_fetch_normalize_bronze scheduled__2025-09-10T00:00:00+00:00 [queued]>
[2025-10-29T17:12:54.682+0000] {taskinstance.py:2306} INFO - Starting attempt 1 of 2
[2025-10-29T17:12:54.686+0000] {taskinstance.py:2330} INFO - Executing <Task(PythonOperator): openphish_fetch_normalize_bronze> on 2025-09-10 00:00:00+00:00
[2025-10-29T17:12:54.688+0000] {warnings.py:112} WARNING - /home/airflow/.local/lib/python3.12/site-packages/airflow/task/task_runner/standard_task_runner.py:62: DeprecationWarning: This process (pid=560) is multi-threaded, use of fork() may lead to deadlocks in the child.
  pid = os.fork()

[2025-10-29T17:12:54.689+0000] {standard_task_runner.py:64} INFO - Started process 581 to run task
[2025-10-29T17:12:54.689+0000] {standard_task_runner.py:90} INFO - Running: ['airflow', 'tasks', 'run', 'openphish_ingest', 'openphish_fetch_normalize_bronze', 'scheduled__2025-09-10T00:00:00+00:00', '--job-id', '18', '--raw', '--subdir', 'DAGS_FOLDER/openphish_ingest.py', '--cfg-path', '/tmp/tmp9ph9wys6']
[2025-10-29T17:12:54.689+0000] {standard_task_runner.py:91} INFO - Job 18: Subtask openphish_fetch_normalize_bronze
[2025-10-29T17:12:54.700+0000] {task_command.py:426} INFO - Running <TaskInstance: openphish_ingest.openphish_fetch_normalize_bronze scheduled__2025-09-10T00:00:00+00:00 [running]> on host 109bbc934e0f
[2025-10-29T17:12:54.719+0000] {taskinstance.py:2648} INFO - Exporting env vars: AIRFLOW_CTX_DAG_OWNER='you' AIRFLOW_CTX_DAG_ID='openphish_ingest' AIRFLOW_CTX_TASK_ID='openphish_fetch_normalize_bronze' AIRFLOW_CTX_EXECUTION_DATE='2025-09-10T00:00:00+00:00' AIRFLOW_CTX_TRY_NUMBER='1' AIRFLOW_CTX_DAG_RUN_ID='scheduled__2025-09-10T00:00:00+00:00'
[2025-10-29T17:12:54.719+0000] {taskinstance.py:430} INFO - ::endgroup::
[2025-10-29T17:12:55.379+0000] {logging_mixin.py:188} INFO - [openphish_ingest] rows after normalize: 300
[2025-10-29T17:12:55.385+0000] {logging_mixin.py:188} INFO - [openphish] rows after normalize: 300
[2025-10-29T17:12:55.404+0000] {python.py:237} INFO - Done. Returned value was: None
[2025-10-29T17:12:55.404+0000] {taskinstance.py:441} INFO - ::group::Post task execution logs
[2025-10-29T17:12:55.407+0000] {taskinstance.py:1206} INFO - Marking task as SUCCESS. dag_id=openphish_ingest, task_id=openphish_fetch_normalize_bronze, run_id=scheduled__2025-09-10T00:00:00+00:00, execution_date=20250910T000000, start_date=20251029T171254, end_date=20251029T171255
[2025-10-29T17:12:55.434+0000] {local_task_job_runner.py:243} INFO - Task exited with return code 0
[2025-10-29T17:12:55.439+0000] {taskinstance.py:3503} INFO - 0 downstream tasks scheduled from follow-on schedule check
[2025-10-29T17:12:55.440+0000] {local_task_job_runner.py:222} INFO - ::endgroup::
[2025-10-29T18:08:21.117+0000] {local_task_job_runner.py:120} INFO - ::group::Pre task execution logs
[2025-10-29T18:08:21.124+0000] {taskinstance.py:2076} INFO - Dependencies all met for dep_context=non-requeueable deps ti=<TaskInstance: openphish_ingest.openphish_fetch_normalize_bronze scheduled__2025-09-10T00:00:00+00:00 [queued]>
[2025-10-29T18:08:21.126+0000] {taskinstance.py:2076} INFO - Dependencies all met for dep_context=requeueable deps ti=<TaskInstance: openphish_ingest.openphish_fetch_normalize_bronze scheduled__2025-09-10T00:00:00+00:00 [queued]>
[2025-10-29T18:08:21.126+0000] {taskinstance.py:2306} INFO - Starting attempt 1 of 2
[2025-10-29T18:08:21.130+0000] {taskinstance.py:2330} INFO - Executing <Task(PythonOperator): openphish_fetch_normalize_bronze> on 2025-09-10 00:00:00+00:00
[2025-10-29T18:08:21.132+0000] {warnings.py:112} WARNING - /home/airflow/.local/lib/python3.12/site-packages/airflow/task/task_runner/standard_task_runner.py:62: DeprecationWarning: This process (pid=1246) is multi-threaded, use of fork() may lead to deadlocks in the child.
  pid = os.fork()

[2025-10-29T18:08:21.132+0000] {standard_task_runner.py:64} INFO - Started process 1267 to run task
[2025-10-29T18:08:21.133+0000] {standard_task_runner.py:90} INFO - Running: ['airflow', 'tasks', 'run', 'openphish_ingest', 'openphish_fetch_normalize_bronze', 'scheduled__2025-09-10T00:00:00+00:00', '--job-id', '44', '--raw', '--subdir', 'DAGS_FOLDER/openphish_ingest.py', '--cfg-path', '/tmp/tmp2y9jbnsd']
[2025-10-29T18:08:21.133+0000] {standard_task_runner.py:91} INFO - Job 44: Subtask openphish_fetch_normalize_bronze
[2025-10-29T18:08:21.145+0000] {task_command.py:426} INFO - Running <TaskInstance: openphish_ingest.openphish_fetch_normalize_bronze scheduled__2025-09-10T00:00:00+00:00 [running]> on host 9a4b1d75930e
[2025-10-29T18:08:21.164+0000] {taskinstance.py:2648} INFO - Exporting env vars: AIRFLOW_CTX_DAG_OWNER='you' AIRFLOW_CTX_DAG_ID='openphish_ingest' AIRFLOW_CTX_TASK_ID='openphish_fetch_normalize_bronze' AIRFLOW_CTX_EXECUTION_DATE='2025-09-10T00:00:00+00:00' AIRFLOW_CTX_TRY_NUMBER='1' AIRFLOW_CTX_DAG_RUN_ID='scheduled__2025-09-10T00:00:00+00:00'
[2025-10-29T18:08:21.164+0000] {taskinstance.py:430} INFO - ::endgroup::
[2025-10-29T18:08:21.825+0000] {logging_mixin.py:188} INFO - [openphish_ingest] rows after normalize: 300
[2025-10-29T18:08:21.830+0000] {logging_mixin.py:188} INFO - [openphish] rows after normalize: 300
[2025-10-29T18:08:21.848+0000] {python.py:237} INFO - Done. Returned value was: None
[2025-10-29T18:08:21.848+0000] {taskinstance.py:441} INFO - ::group::Post task execution logs
[2025-10-29T18:08:21.851+0000] {taskinstance.py:1206} INFO - Marking task as SUCCESS. dag_id=openphish_ingest, task_id=openphish_fetch_normalize_bronze, run_id=scheduled__2025-09-10T00:00:00+00:00, execution_date=20250910T000000, start_date=20251029T180821, end_date=20251029T180821
[2025-10-29T18:08:21.896+0000] {local_task_job_runner.py:243} INFO - Task exited with return code 0
[2025-10-29T18:08:21.902+0000] {taskinstance.py:3503} INFO - 0 downstream tasks scheduled from follow-on schedule check
[2025-10-29T18:08:21.903+0000] {local_task_job_runner.py:222} INFO - ::endgroup::
