[2025-10-01T00:04:05.314+0000] {local_task_job_runner.py:120} INFO - ::group::Pre task execution logs
[2025-10-01T00:04:05.331+0000] {taskinstance.py:2076} INFO - Dependencies all met for dep_context=non-requeueable deps ti=<TaskInstance: labels_union.build_union scheduled__2025-09-30T00:00:00+00:00 [queued]>
[2025-10-01T00:04:05.333+0000] {taskinstance.py:2076} INFO - Dependencies all met for dep_context=requeueable deps ti=<TaskInstance: labels_union.build_union scheduled__2025-09-30T00:00:00+00:00 [queued]>
[2025-10-01T00:04:05.333+0000] {taskinstance.py:2306} INFO - Starting attempt 1 of 1
[2025-10-01T00:04:05.337+0000] {taskinstance.py:2330} INFO - Executing <Task(PythonOperator): build_union> on 2025-09-30 00:00:00+00:00
[2025-10-01T00:04:05.343+0000] {logging_mixin.py:188} WARNING - /home/airflow/.local/lib/python3.12/site-packages/airflow/task/task_runner/standard_task_runner.py:62 DeprecationWarning: This process (pid=92214) is multi-threaded, use of fork() may lead to deadlocks in the child.
[2025-10-01T00:04:05.344+0000] {standard_task_runner.py:64} INFO - Started process 92225 to run task
[2025-10-01T00:04:05.349+0000] {standard_task_runner.py:90} INFO - Running: ['airflow', 'tasks', 'run', 'labels_union', 'build_union', 'scheduled__2025-09-30T00:00:00+00:00', '--job-id', '66', '--raw', '--subdir', 'DAGS_FOLDER/labels_union.py', '--cfg-path', '/tmp/tmpp3iy2o3u']
[2025-10-01T00:04:05.352+0000] {standard_task_runner.py:91} INFO - Job 66: Subtask build_union
[2025-10-01T00:04:05.365+0000] {task_command.py:426} INFO - Running <TaskInstance: labels_union.build_union scheduled__2025-09-30T00:00:00+00:00 [running]> on host 539ffd8f219e
[2025-10-01T00:04:05.389+0000] {taskinstance.py:2648} INFO - Exporting env vars: AIRFLOW_CTX_DAG_OWNER='you' AIRFLOW_CTX_DAG_ID='labels_union' AIRFLOW_CTX_TASK_ID='build_union' AIRFLOW_CTX_EXECUTION_DATE='2025-09-30T00:00:00+00:00' AIRFLOW_CTX_TRY_NUMBER='1' AIRFLOW_CTX_DAG_RUN_ID='scheduled__2025-09-30T00:00:00+00:00'
[2025-10-01T00:04:05.390+0000] {taskinstance.py:430} INFO - ::endgroup::
[2025-10-01T00:04:06.619+0000] {logging_mixin.py:188} INFO - [labels_union] wrote 6097 rows -> /opt/airflow/silver/labels_union/ingest_date=2025-09-30
[2025-10-01T00:04:06.635+0000] {python.py:237} INFO - Done. Returned value was: None
[2025-10-01T00:04:06.639+0000] {taskinstance.py:441} INFO - ::group::Post task execution logs
[2025-10-01T00:04:06.667+0000] {taskinstance.py:1206} INFO - Marking task as SUCCESS. dag_id=labels_union, task_id=build_union, run_id=scheduled__2025-09-30T00:00:00+00:00, execution_date=20250930T000000, start_date=20251001T000405, end_date=20251001T000406
[2025-10-01T00:04:06.944+0000] {local_task_job_runner.py:243} INFO - Task exited with return code 0
[2025-10-01T00:04:07.022+0000] {taskinstance.py:3503} INFO - 0 downstream tasks scheduled from follow-on schedule check
[2025-10-01T00:04:07.024+0000] {local_task_job_runner.py:222} INFO - ::endgroup::
[2025-10-29T18:12:54.143+0000] {local_task_job_runner.py:120} INFO - ::group::Pre task execution logs
[2025-10-29T18:12:54.152+0000] {taskinstance.py:2076} INFO - Dependencies all met for dep_context=non-requeueable deps ti=<TaskInstance: labels_union.build_union scheduled__2025-09-30T00:00:00+00:00 [queued]>
[2025-10-29T18:12:54.153+0000] {taskinstance.py:2076} INFO - Dependencies all met for dep_context=requeueable deps ti=<TaskInstance: labels_union.build_union scheduled__2025-09-30T00:00:00+00:00 [queued]>
[2025-10-29T18:12:54.153+0000] {taskinstance.py:2306} INFO - Starting attempt 1 of 1
[2025-10-29T18:12:54.158+0000] {taskinstance.py:2330} INFO - Executing <Task(PythonOperator): build_union> on 2025-09-30 00:00:00+00:00
[2025-10-29T18:12:54.161+0000] {standard_task_runner.py:90} INFO - Running: ['airflow', 'tasks', 'run', 'labels_union', 'build_union', 'scheduled__2025-09-30T00:00:00+00:00', '--job-id', '157', '--raw', '--subdir', 'DAGS_FOLDER/labels_union.py', '--cfg-path', '/tmp/tmpyabcg1zm']
[2025-10-29T18:12:54.162+0000] {standard_task_runner.py:91} INFO - Job 157: Subtask build_union
[2025-10-29T18:12:54.161+0000] {logging_mixin.py:188} WARNING - /home/airflow/.local/lib/python3.12/site-packages/airflow/task/task_runner/standard_task_runner.py:62 DeprecationWarning: This process (pid=4060) is multi-threaded, use of fork() may lead to deadlocks in the child.
[2025-10-29T18:12:54.164+0000] {standard_task_runner.py:64} INFO - Started process 4071 to run task
[2025-10-29T18:12:54.172+0000] {task_command.py:426} INFO - Running <TaskInstance: labels_union.build_union scheduled__2025-09-30T00:00:00+00:00 [running]> on host 9a4b1d75930e
[2025-10-29T18:12:54.190+0000] {taskinstance.py:2648} INFO - Exporting env vars: AIRFLOW_CTX_DAG_OWNER='you' AIRFLOW_CTX_DAG_ID='labels_union' AIRFLOW_CTX_TASK_ID='build_union' AIRFLOW_CTX_EXECUTION_DATE='2025-09-30T00:00:00+00:00' AIRFLOW_CTX_TRY_NUMBER='1' AIRFLOW_CTX_DAG_RUN_ID='scheduled__2025-09-30T00:00:00+00:00'
[2025-10-29T18:12:54.190+0000] {taskinstance.py:430} INFO - ::endgroup::
[2025-10-29T18:12:54.215+0000] {logging_mixin.py:188} INFO - [labels_union] 2025-09-30: wrote 3114 rows -> /opt/airflow/silver/labels_union/ingest_date=2025-09-30
[2025-10-29T18:12:54.215+0000] {python.py:237} INFO - Done. Returned value was: None
[2025-10-29T18:12:54.215+0000] {taskinstance.py:441} INFO - ::group::Post task execution logs
[2025-10-29T18:12:54.217+0000] {taskinstance.py:1206} INFO - Marking task as SUCCESS. dag_id=labels_union, task_id=build_union, run_id=scheduled__2025-09-30T00:00:00+00:00, execution_date=20250930T000000, start_date=20251029T181254, end_date=20251029T181254
[2025-10-29T18:12:54.225+0000] {local_task_job_runner.py:243} INFO - Task exited with return code 0
[2025-10-29T18:12:54.229+0000] {taskinstance.py:3503} INFO - 0 downstream tasks scheduled from follow-on schedule check
[2025-10-29T18:12:54.229+0000] {local_task_job_runner.py:222} INFO - ::endgroup::
