[2025-11-12T16:18:31.288+0000] {local_task_job_runner.py:120} INFO - ::group::Pre task execution logs
[2025-11-12T16:18:31.296+0000] {taskinstance.py:2076} INFO - Dependencies all met for dep_context=non-requeueable deps ti=<TaskInstance: urlhaus_ingest.urlhaus_fetch_normalize_bronze manual__2025-11-12T05:59:53.800831+00:00 [queued]>
[2025-11-12T16:18:31.298+0000] {taskinstance.py:2076} INFO - Dependencies all met for dep_context=requeueable deps ti=<TaskInstance: urlhaus_ingest.urlhaus_fetch_normalize_bronze manual__2025-11-12T05:59:53.800831+00:00 [queued]>
[2025-11-12T16:18:31.298+0000] {taskinstance.py:2306} INFO - Starting attempt 1 of 2
[2025-11-12T16:18:31.302+0000] {taskinstance.py:2330} INFO - Executing <Task(PythonOperator): urlhaus_fetch_normalize_bronze> on 2025-11-12 05:59:53.800831+00:00
[2025-11-12T16:18:31.305+0000] {warnings.py:112} WARNING - /home/airflow/.local/lib/python3.12/site-packages/airflow/task/task_runner/standard_task_runner.py:62: DeprecationWarning: This process (pid=2325) is multi-threaded, use of fork() may lead to deadlocks in the child.
  pid = os.fork()

[2025-11-12T16:18:31.305+0000] {standard_task_runner.py:64} INFO - Started process 2348 to run task
[2025-11-12T16:18:31.306+0000] {standard_task_runner.py:90} INFO - Running: ['airflow', 'tasks', 'run', 'urlhaus_ingest', 'urlhaus_fetch_normalize_bronze', 'manual__2025-11-12T05:59:53.800831+00:00', '--job-id', '7', '--raw', '--subdir', 'DAGS_FOLDER/urlhaus_ingest.py', '--cfg-path', '/tmp/tmph9izi1mk']
[2025-11-12T16:18:31.306+0000] {standard_task_runner.py:91} INFO - Job 7: Subtask urlhaus_fetch_normalize_bronze
[2025-11-12T16:18:31.321+0000] {task_command.py:426} INFO - Running <TaskInstance: urlhaus_ingest.urlhaus_fetch_normalize_bronze manual__2025-11-12T05:59:53.800831+00:00 [running]> on host 1fd82182dcce
[2025-11-12T16:18:31.340+0000] {taskinstance.py:2648} INFO - Exporting env vars: AIRFLOW_CTX_DAG_OWNER='you' AIRFLOW_CTX_DAG_ID='urlhaus_ingest' AIRFLOW_CTX_TASK_ID='urlhaus_fetch_normalize_bronze' AIRFLOW_CTX_EXECUTION_DATE='2025-11-12T05:59:53.800831+00:00' AIRFLOW_CTX_TRY_NUMBER='1' AIRFLOW_CTX_DAG_RUN_ID='manual__2025-11-12T05:59:53.800831+00:00'
[2025-11-12T16:18:31.341+0000] {taskinstance.py:430} INFO - ::endgroup::
[2025-11-12T16:18:31.345+0000] {urlhaus_ingest.py:35} INFO - Overriding ds/ts from dag_run.conf: 2025-11-12,2025-11-12T05:59:53.800831+00:00 -> 2025-11-11,2025-11-11T00:00:00+00:00
[2025-11-12T16:18:31.347+0000] {taskinstance.py:441} INFO - ::group::Post task execution logs
[2025-11-12T16:18:31.347+0000] {taskinstance.py:2506} INFO - URLhaus has no historical feed; skipping backfill.
[2025-11-12T16:18:31.348+0000] {taskinstance.py:1206} INFO - Marking task as SKIPPED. dag_id=urlhaus_ingest, task_id=urlhaus_fetch_normalize_bronze, run_id=manual__2025-11-12T05:59:53.800831+00:00, execution_date=20251112T055953, start_date=20251112T161831, end_date=20251112T161831
[2025-11-12T16:18:31.364+0000] {local_task_job_runner.py:243} INFO - Task exited with return code 0
[2025-11-12T16:18:31.368+0000] {taskinstance.py:3503} INFO - 0 downstream tasks scheduled from follow-on schedule check
[2025-11-12T16:18:31.368+0000] {local_task_job_runner.py:222} INFO - ::endgroup::
