[2025-10-29T17:17:41.452+0000] {local_task_job_runner.py:120} INFO - ::group::Pre task execution logs
[2025-10-29T17:17:41.459+0000] {taskinstance.py:2076} INFO - Dependencies all met for dep_context=non-requeueable deps ti=<TaskInstance: urlhaus_ingest.urlhaus_fetch_normalize_bronze scheduled__2025-10-13T00:00:00+00:00 [queued]>
[2025-10-29T17:17:41.461+0000] {taskinstance.py:2076} INFO - Dependencies all met for dep_context=requeueable deps ti=<TaskInstance: urlhaus_ingest.urlhaus_fetch_normalize_bronze scheduled__2025-10-13T00:00:00+00:00 [queued]>
[2025-10-29T17:17:41.461+0000] {taskinstance.py:2306} INFO - Starting attempt 1 of 2
[2025-10-29T17:17:41.465+0000] {taskinstance.py:2330} INFO - Executing <Task(PythonOperator): urlhaus_fetch_normalize_bronze> on 2025-10-13 00:00:00+00:00
[2025-10-29T17:17:41.467+0000] {warnings.py:112} WARNING - /home/airflow/.local/lib/python3.12/site-packages/airflow/task/task_runner/standard_task_runner.py:62: DeprecationWarning: This process (pid=2660) is multi-threaded, use of fork() may lead to deadlocks in the child.
  pid = os.fork()

[2025-10-29T17:17:41.468+0000] {standard_task_runner.py:64} INFO - Started process 2681 to run task
[2025-10-29T17:17:41.468+0000] {standard_task_runner.py:90} INFO - Running: ['airflow', 'tasks', 'run', 'urlhaus_ingest', 'urlhaus_fetch_normalize_bronze', 'scheduled__2025-10-13T00:00:00+00:00', '--job-id', '95', '--raw', '--subdir', 'DAGS_FOLDER/urlhaus_ingest.py', '--cfg-path', '/tmp/tmpr1onwhn1']
[2025-10-29T17:17:41.468+0000] {standard_task_runner.py:91} INFO - Job 95: Subtask urlhaus_fetch_normalize_bronze
[2025-10-29T17:17:41.480+0000] {task_command.py:426} INFO - Running <TaskInstance: urlhaus_ingest.urlhaus_fetch_normalize_bronze scheduled__2025-10-13T00:00:00+00:00 [running]> on host 109bbc934e0f
[2025-10-29T17:17:41.500+0000] {taskinstance.py:2648} INFO - Exporting env vars: AIRFLOW_CTX_DAG_OWNER='you' AIRFLOW_CTX_DAG_ID='urlhaus_ingest' AIRFLOW_CTX_TASK_ID='urlhaus_fetch_normalize_bronze' AIRFLOW_CTX_EXECUTION_DATE='2025-10-13T00:00:00+00:00' AIRFLOW_CTX_TRY_NUMBER='1' AIRFLOW_CTX_DAG_RUN_ID='scheduled__2025-10-13T00:00:00+00:00'
[2025-10-29T17:17:41.500+0000] {taskinstance.py:430} INFO - ::endgroup::
[2025-10-29T17:17:41.650+0000] {logging_mixin.py:188} INFO - [urlhaus_ingest] rows after normalize: 21313
[2025-10-29T17:17:41.661+0000] {logging_mixin.py:188} INFO - [urlhaus] rows after normalize: 21313
[2025-10-29T17:17:41.682+0000] {python.py:237} INFO - Done. Returned value was: None
[2025-10-29T17:17:41.682+0000] {taskinstance.py:441} INFO - ::group::Post task execution logs
[2025-10-29T17:17:41.684+0000] {taskinstance.py:1206} INFO - Marking task as SUCCESS. dag_id=urlhaus_ingest, task_id=urlhaus_fetch_normalize_bronze, run_id=scheduled__2025-10-13T00:00:00+00:00, execution_date=20251013T000000, start_date=20251029T171741, end_date=20251029T171741
[2025-10-29T17:17:41.695+0000] {local_task_job_runner.py:243} INFO - Task exited with return code 0
[2025-10-29T17:17:41.699+0000] {taskinstance.py:3503} INFO - 0 downstream tasks scheduled from follow-on schedule check
[2025-10-29T17:17:41.699+0000] {local_task_job_runner.py:222} INFO - ::endgroup::
[2025-10-29T18:14:59.452+0000] {local_task_job_runner.py:120} INFO - ::group::Pre task execution logs
[2025-10-29T18:14:59.459+0000] {taskinstance.py:2076} INFO - Dependencies all met for dep_context=non-requeueable deps ti=<TaskInstance: urlhaus_ingest.urlhaus_fetch_normalize_bronze scheduled__2025-10-13T00:00:00+00:00 [queued]>
[2025-10-29T18:14:59.461+0000] {taskinstance.py:2076} INFO - Dependencies all met for dep_context=requeueable deps ti=<TaskInstance: urlhaus_ingest.urlhaus_fetch_normalize_bronze scheduled__2025-10-13T00:00:00+00:00 [queued]>
[2025-10-29T18:14:59.461+0000] {taskinstance.py:2306} INFO - Starting attempt 1 of 2
[2025-10-29T18:14:59.465+0000] {taskinstance.py:2330} INFO - Executing <Task(PythonOperator): urlhaus_fetch_normalize_bronze> on 2025-10-13 00:00:00+00:00
[2025-10-29T18:14:59.468+0000] {warnings.py:112} WARNING - /home/airflow/.local/lib/python3.12/site-packages/airflow/task/task_runner/standard_task_runner.py:62: DeprecationWarning: This process (pid=5388) is multi-threaded, use of fork() may lead to deadlocks in the child.
  pid = os.fork()

[2025-10-29T18:14:59.468+0000] {standard_task_runner.py:64} INFO - Started process 5409 to run task
[2025-10-29T18:14:59.469+0000] {standard_task_runner.py:90} INFO - Running: ['airflow', 'tasks', 'run', 'urlhaus_ingest', 'urlhaus_fetch_normalize_bronze', 'scheduled__2025-10-13T00:00:00+00:00', '--job-id', '211', '--raw', '--subdir', 'DAGS_FOLDER/urlhaus_ingest.py', '--cfg-path', '/tmp/tmpehvjlq1b']
[2025-10-29T18:14:59.469+0000] {standard_task_runner.py:91} INFO - Job 211: Subtask urlhaus_fetch_normalize_bronze
[2025-10-29T18:14:59.481+0000] {task_command.py:426} INFO - Running <TaskInstance: urlhaus_ingest.urlhaus_fetch_normalize_bronze scheduled__2025-10-13T00:00:00+00:00 [running]> on host 9a4b1d75930e
[2025-10-29T18:14:59.502+0000] {taskinstance.py:2648} INFO - Exporting env vars: AIRFLOW_CTX_DAG_OWNER='you' AIRFLOW_CTX_DAG_ID='urlhaus_ingest' AIRFLOW_CTX_TASK_ID='urlhaus_fetch_normalize_bronze' AIRFLOW_CTX_EXECUTION_DATE='2025-10-13T00:00:00+00:00' AIRFLOW_CTX_TRY_NUMBER='1' AIRFLOW_CTX_DAG_RUN_ID='scheduled__2025-10-13T00:00:00+00:00'
[2025-10-29T18:14:59.502+0000] {taskinstance.py:430} INFO - ::endgroup::
[2025-10-29T18:14:59.659+0000] {logging_mixin.py:188} INFO - [urlhaus_ingest] rows after normalize: 21301
[2025-10-29T18:14:59.670+0000] {logging_mixin.py:188} INFO - [urlhaus] rows after normalize: 21301
[2025-10-29T18:14:59.692+0000] {python.py:237} INFO - Done. Returned value was: None
[2025-10-29T18:14:59.692+0000] {taskinstance.py:441} INFO - ::group::Post task execution logs
[2025-10-29T18:14:59.693+0000] {taskinstance.py:1206} INFO - Marking task as SUCCESS. dag_id=urlhaus_ingest, task_id=urlhaus_fetch_normalize_bronze, run_id=scheduled__2025-10-13T00:00:00+00:00, execution_date=20251013T000000, start_date=20251029T181459, end_date=20251029T181459
[2025-10-29T18:14:59.741+0000] {local_task_job_runner.py:243} INFO - Task exited with return code 0
[2025-10-29T18:14:59.745+0000] {taskinstance.py:3503} INFO - 0 downstream tasks scheduled from follow-on schedule check
[2025-10-29T18:14:59.746+0000] {local_task_job_runner.py:222} INFO - ::endgroup::
