[2025-10-29T17:17:32.035+0000] {local_task_job_runner.py:120} INFO - ::group::Pre task execution logs
[2025-10-29T17:17:32.042+0000] {taskinstance.py:2076} INFO - Dependencies all met for dep_context=non-requeueable deps ti=<TaskInstance: openphish_ingest.openphish_fetch_normalize_bronze scheduled__2025-10-17T00:00:00+00:00 [queued]>
[2025-10-29T17:17:32.044+0000] {taskinstance.py:2076} INFO - Dependencies all met for dep_context=requeueable deps ti=<TaskInstance: openphish_ingest.openphish_fetch_normalize_bronze scheduled__2025-10-17T00:00:00+00:00 [queued]>
[2025-10-29T17:17:32.044+0000] {taskinstance.py:2306} INFO - Starting attempt 1 of 2
[2025-10-29T17:17:32.048+0000] {taskinstance.py:2330} INFO - Executing <Task(PythonOperator): openphish_fetch_normalize_bronze> on 2025-10-17 00:00:00+00:00
[2025-10-29T17:17:32.050+0000] {warnings.py:112} WARNING - /home/airflow/.local/lib/python3.12/site-packages/airflow/task/task_runner/standard_task_runner.py:62: DeprecationWarning: This process (pid=2590) is multi-threaded, use of fork() may lead to deadlocks in the child.
  pid = os.fork()

[2025-10-29T17:17:32.051+0000] {standard_task_runner.py:64} INFO - Started process 2611 to run task
[2025-10-29T17:17:32.051+0000] {standard_task_runner.py:90} INFO - Running: ['airflow', 'tasks', 'run', 'openphish_ingest', 'openphish_fetch_normalize_bronze', 'scheduled__2025-10-17T00:00:00+00:00', '--job-id', '92', '--raw', '--subdir', 'DAGS_FOLDER/openphish_ingest.py', '--cfg-path', '/tmp/tmpjothwdoh']
[2025-10-29T17:17:32.052+0000] {standard_task_runner.py:91} INFO - Job 92: Subtask openphish_fetch_normalize_bronze
[2025-10-29T17:17:32.063+0000] {task_command.py:426} INFO - Running <TaskInstance: openphish_ingest.openphish_fetch_normalize_bronze scheduled__2025-10-17T00:00:00+00:00 [running]> on host 109bbc934e0f
[2025-10-29T17:17:32.083+0000] {taskinstance.py:2648} INFO - Exporting env vars: AIRFLOW_CTX_DAG_OWNER='you' AIRFLOW_CTX_DAG_ID='openphish_ingest' AIRFLOW_CTX_TASK_ID='openphish_fetch_normalize_bronze' AIRFLOW_CTX_EXECUTION_DATE='2025-10-17T00:00:00+00:00' AIRFLOW_CTX_TRY_NUMBER='1' AIRFLOW_CTX_DAG_RUN_ID='scheduled__2025-10-17T00:00:00+00:00'
[2025-10-29T17:17:32.083+0000] {taskinstance.py:430} INFO - ::endgroup::
[2025-10-29T17:17:32.743+0000] {logging_mixin.py:188} INFO - [openphish_ingest] rows after normalize: 300
[2025-10-29T17:17:32.748+0000] {logging_mixin.py:188} INFO - [openphish] rows after normalize: 300
[2025-10-29T17:17:32.765+0000] {python.py:237} INFO - Done. Returned value was: None
[2025-10-29T17:17:32.765+0000] {taskinstance.py:441} INFO - ::group::Post task execution logs
[2025-10-29T17:17:32.768+0000] {taskinstance.py:1206} INFO - Marking task as SUCCESS. dag_id=openphish_ingest, task_id=openphish_fetch_normalize_bronze, run_id=scheduled__2025-10-17T00:00:00+00:00, execution_date=20251017T000000, start_date=20251029T171732, end_date=20251029T171732
[2025-10-29T17:17:32.796+0000] {local_task_job_runner.py:243} INFO - Task exited with return code 0
[2025-10-29T17:17:32.802+0000] {taskinstance.py:3503} INFO - 0 downstream tasks scheduled from follow-on schedule check
[2025-10-29T17:17:32.802+0000] {local_task_job_runner.py:222} INFO - ::endgroup::
[2025-10-29T18:15:41.891+0000] {local_task_job_runner.py:120} INFO - ::group::Pre task execution logs
[2025-10-29T18:15:41.899+0000] {taskinstance.py:2076} INFO - Dependencies all met for dep_context=non-requeueable deps ti=<TaskInstance: openphish_ingest.openphish_fetch_normalize_bronze scheduled__2025-10-17T00:00:00+00:00 [queued]>
[2025-10-29T18:15:41.901+0000] {taskinstance.py:2076} INFO - Dependencies all met for dep_context=requeueable deps ti=<TaskInstance: openphish_ingest.openphish_fetch_normalize_bronze scheduled__2025-10-17T00:00:00+00:00 [queued]>
[2025-10-29T18:15:41.901+0000] {taskinstance.py:2306} INFO - Starting attempt 1 of 2
[2025-10-29T18:15:41.905+0000] {taskinstance.py:2330} INFO - Executing <Task(PythonOperator): openphish_fetch_normalize_bronze> on 2025-10-17 00:00:00+00:00
[2025-10-29T18:15:41.908+0000] {warnings.py:112} WARNING - /home/airflow/.local/lib/python3.12/site-packages/airflow/task/task_runner/standard_task_runner.py:62: DeprecationWarning: This process (pid=5835) is multi-threaded, use of fork() may lead to deadlocks in the child.
  pid = os.fork()

[2025-10-29T18:15:41.909+0000] {standard_task_runner.py:64} INFO - Started process 5856 to run task
[2025-10-29T18:15:41.909+0000] {standard_task_runner.py:90} INFO - Running: ['airflow', 'tasks', 'run', 'openphish_ingest', 'openphish_fetch_normalize_bronze', 'scheduled__2025-10-17T00:00:00+00:00', '--job-id', '229', '--raw', '--subdir', 'DAGS_FOLDER/openphish_ingest.py', '--cfg-path', '/tmp/tmpu4ruytv9']
[2025-10-29T18:15:41.910+0000] {standard_task_runner.py:91} INFO - Job 229: Subtask openphish_fetch_normalize_bronze
[2025-10-29T18:15:41.922+0000] {task_command.py:426} INFO - Running <TaskInstance: openphish_ingest.openphish_fetch_normalize_bronze scheduled__2025-10-17T00:00:00+00:00 [running]> on host 9a4b1d75930e
[2025-10-29T18:15:41.944+0000] {taskinstance.py:2648} INFO - Exporting env vars: AIRFLOW_CTX_DAG_OWNER='you' AIRFLOW_CTX_DAG_ID='openphish_ingest' AIRFLOW_CTX_TASK_ID='openphish_fetch_normalize_bronze' AIRFLOW_CTX_EXECUTION_DATE='2025-10-17T00:00:00+00:00' AIRFLOW_CTX_TRY_NUMBER='1' AIRFLOW_CTX_DAG_RUN_ID='scheduled__2025-10-17T00:00:00+00:00'
[2025-10-29T18:15:41.945+0000] {taskinstance.py:430} INFO - ::endgroup::
[2025-10-29T18:15:42.601+0000] {logging_mixin.py:188} INFO - [openphish_ingest] rows after normalize: 300
[2025-10-29T18:15:42.605+0000] {logging_mixin.py:188} INFO - [openphish] rows after normalize: 300
[2025-10-29T18:15:42.616+0000] {python.py:237} INFO - Done. Returned value was: None
[2025-10-29T18:15:42.616+0000] {taskinstance.py:441} INFO - ::group::Post task execution logs
[2025-10-29T18:15:42.618+0000] {taskinstance.py:1206} INFO - Marking task as SUCCESS. dag_id=openphish_ingest, task_id=openphish_fetch_normalize_bronze, run_id=scheduled__2025-10-17T00:00:00+00:00, execution_date=20251017T000000, start_date=20251029T181541, end_date=20251029T181542
[2025-10-29T18:15:42.666+0000] {local_task_job_runner.py:243} INFO - Task exited with return code 0
[2025-10-29T18:15:42.670+0000] {taskinstance.py:3503} INFO - 0 downstream tasks scheduled from follow-on schedule check
[2025-10-29T18:15:42.671+0000] {local_task_job_runner.py:222} INFO - ::endgroup::
