[2025-11-13T01:32:41.569+0000] {local_task_job_runner.py:120} INFO - ::group::Pre task execution logs
[2025-11-13T01:32:41.585+0000] {taskinstance.py:2076} INFO - Dependencies all met for dep_context=non-requeueable deps ti=<TaskInstance: whois_rdap_ingest.whois_rdap_fetch manual__2025-11-13T01:25:27.093805+00:00 [queued]>
[2025-11-13T01:32:41.588+0000] {taskinstance.py:2076} INFO - Dependencies all met for dep_context=requeueable deps ti=<TaskInstance: whois_rdap_ingest.whois_rdap_fetch manual__2025-11-13T01:25:27.093805+00:00 [queued]>
[2025-11-13T01:32:41.588+0000] {taskinstance.py:2306} INFO - Starting attempt 2 of 1
[2025-11-13T01:32:41.602+0000] {taskinstance.py:2330} INFO - Executing <Task(PythonOperator): whois_rdap_fetch> on 2025-11-13 01:25:27.093805+00:00
[2025-11-13T01:32:41.610+0000] {logging_mixin.py:188} WARNING - /home/airflow/.local/lib/python3.12/site-packages/airflow/task/task_runner/standard_task_runner.py:62 DeprecationWarning: This process (pid=11635) is multi-threaded, use of fork() may lead to deadlocks in the child.
[2025-11-13T01:32:41.611+0000] {standard_task_runner.py:64} INFO - Started process 11646 to run task
[2025-11-13T01:32:41.610+0000] {standard_task_runner.py:90} INFO - Running: ['airflow', 'tasks', 'run', 'whois_rdap_ingest', 'whois_rdap_fetch', 'manual__2025-11-13T01:25:27.093805+00:00', '--job-id', '48', '--raw', '--subdir', 'DAGS_FOLDER/whois_rdap_dag.py', '--cfg-path', '/tmp/tmpsh2iimy_']
[2025-11-13T01:32:41.612+0000] {standard_task_runner.py:91} INFO - Job 48: Subtask whois_rdap_fetch
[2025-11-13T01:32:41.632+0000] {task_command.py:426} INFO - Running <TaskInstance: whois_rdap_ingest.whois_rdap_fetch manual__2025-11-13T01:25:27.093805+00:00 [running]> on host 1fd82182dcce
[2025-11-13T01:32:41.664+0000] {taskinstance.py:2648} INFO - Exporting env vars: AIRFLOW_CTX_DAG_OWNER='you' AIRFLOW_CTX_DAG_ID='whois_rdap_ingest' AIRFLOW_CTX_TASK_ID='whois_rdap_fetch' AIRFLOW_CTX_EXECUTION_DATE='2025-11-13T01:25:27.093805+00:00' AIRFLOW_CTX_TRY_NUMBER='2' AIRFLOW_CTX_DAG_RUN_ID='manual__2025-11-13T01:25:27.093805+00:00'
[2025-11-13T01:32:41.665+0000] {taskinstance.py:430} INFO - ::endgroup::
[2025-11-13T01:32:41.853+0000] {whois_rdap_dag.py:171} INFO - [whois_rdap] ds=2025-11-12 total=2949 to_fetch=288 cached=4250
[2025-11-13T01:32:51.781+0000] {local_task_job_runner.py:313} WARNING - State of this instance has been externally set to failed. Terminating instance.
[2025-11-13T01:32:51.801+0000] {local_task_job_runner.py:222} INFO - ::endgroup::
[2025-11-13T01:32:51.807+0000] {process_utils.py:132} INFO - Sending 15 to group 11646. PIDs of all processes in the group: [11646]
[2025-11-13T01:32:51.808+0000] {process_utils.py:87} INFO - Sending the signal 15 to group 11646
[2025-11-13T01:32:51.812+0000] {taskinstance.py:2611} ERROR - Received SIGTERM. Terminating subprocesses.
[2025-11-13T01:32:51.821+0000] {taskinstance.py:441} INFO - ::group::Post task execution logs
[2025-11-13T01:32:52.074+0000] {process_utils.py:80} INFO - Process psutil.Process(pid=11646, status='terminated', exitcode=0, started='01:32:41') (11646) terminated with exit code 0
