[2025-09-28T00:01:34.479+0000] {local_task_job_runner.py:120} INFO - ::group::Pre task execution logs
[2025-09-28T00:01:34.500+0000] {taskinstance.py:2076} INFO - Dependencies all met for dep_context=non-requeueable deps ti=<TaskInstance: urlhaus_silver.urlhaus_bronze_to_silver scheduled__2025-09-27T00:00:00+00:00 [queued]>
[2025-09-28T00:01:34.502+0000] {taskinstance.py:2076} INFO - Dependencies all met for dep_context=requeueable deps ti=<TaskInstance: urlhaus_silver.urlhaus_bronze_to_silver scheduled__2025-09-27T00:00:00+00:00 [queued]>
[2025-09-28T00:01:34.502+0000] {taskinstance.py:2306} INFO - Starting attempt 1 of 1
[2025-09-28T00:01:34.509+0000] {taskinstance.py:2330} INFO - Executing <Task(PythonOperator): urlhaus_bronze_to_silver> on 2025-09-27 00:00:00+00:00
[2025-09-28T00:01:34.515+0000] {logging_mixin.py:188} WARNING - /home/airflow/.local/lib/python3.12/site-packages/airflow/task/task_runner/standard_task_runner.py:62 DeprecationWarning: This process (pid=12542) is multi-threaded, use of fork() may lead to deadlocks in the child.
[2025-09-28T00:01:34.515+0000] {standard_task_runner.py:90} INFO - Running: ['airflow', 'tasks', 'run', 'urlhaus_silver', 'urlhaus_bronze_to_silver', 'scheduled__2025-09-27T00:00:00+00:00', '--job-id', '43', '--raw', '--subdir', 'DAGS_FOLDER/urlhaus_silver.py', '--cfg-path', '/tmp/tmps1l9ytcb']
[2025-09-28T00:01:34.516+0000] {standard_task_runner.py:91} INFO - Job 43: Subtask urlhaus_bronze_to_silver
[2025-09-28T00:01:34.515+0000] {standard_task_runner.py:64} INFO - Started process 12553 to run task
[2025-09-28T00:01:34.534+0000] {task_command.py:426} INFO - Running <TaskInstance: urlhaus_silver.urlhaus_bronze_to_silver scheduled__2025-09-27T00:00:00+00:00 [running]> on host 539ffd8f219e
[2025-09-28T00:01:34.563+0000] {taskinstance.py:2648} INFO - Exporting env vars: AIRFLOW_CTX_DAG_OWNER='you' AIRFLOW_CTX_DAG_ID='urlhaus_silver' AIRFLOW_CTX_TASK_ID='urlhaus_bronze_to_silver' AIRFLOW_CTX_EXECUTION_DATE='2025-09-27T00:00:00+00:00' AIRFLOW_CTX_TRY_NUMBER='1' AIRFLOW_CTX_DAG_RUN_ID='scheduled__2025-09-27T00:00:00+00:00'
[2025-09-28T00:01:34.564+0000] {taskinstance.py:430} INFO - ::endgroup::
[2025-09-28T00:01:34.717+0000] {logging_mixin.py:188} INFO - [urlhaus_silver] wrote 5631 rows -> /opt/airflow/silver/urlhaus/ingest_date=2025-09-27
[2025-09-28T00:01:34.718+0000] {python.py:237} INFO - Done. Returned value was: None
[2025-09-28T00:01:34.718+0000] {taskinstance.py:441} INFO - ::group::Post task execution logs
[2025-09-28T00:01:34.720+0000] {taskinstance.py:1206} INFO - Marking task as SUCCESS. dag_id=urlhaus_silver, task_id=urlhaus_bronze_to_silver, run_id=scheduled__2025-09-27T00:00:00+00:00, execution_date=20250927T000000, start_date=20250928T000134, end_date=20250928T000134
[2025-09-28T00:01:34.737+0000] {local_task_job_runner.py:243} INFO - Task exited with return code 0
[2025-09-28T00:01:34.743+0000] {taskinstance.py:3503} INFO - 0 downstream tasks scheduled from follow-on schedule check
[2025-09-28T00:01:34.744+0000] {local_task_job_runner.py:222} INFO - ::endgroup::
[2025-10-29T18:11:58.504+0000] {local_task_job_runner.py:120} INFO - ::group::Pre task execution logs
[2025-10-29T18:11:58.512+0000] {taskinstance.py:2076} INFO - Dependencies all met for dep_context=non-requeueable deps ti=<TaskInstance: urlhaus_silver.urlhaus_bronze_to_silver scheduled__2025-09-27T00:00:00+00:00 [queued]>
[2025-10-29T18:11:58.514+0000] {taskinstance.py:2076} INFO - Dependencies all met for dep_context=requeueable deps ti=<TaskInstance: urlhaus_silver.urlhaus_bronze_to_silver scheduled__2025-09-27T00:00:00+00:00 [queued]>
[2025-10-29T18:11:58.514+0000] {taskinstance.py:2306} INFO - Starting attempt 1 of 1
[2025-10-29T18:11:58.519+0000] {taskinstance.py:2330} INFO - Executing <Task(PythonOperator): urlhaus_bronze_to_silver> on 2025-09-27 00:00:00+00:00
[2025-10-29T18:11:58.521+0000] {standard_task_runner.py:90} INFO - Running: ['airflow', 'tasks', 'run', 'urlhaus_silver', 'urlhaus_bronze_to_silver', 'scheduled__2025-09-27T00:00:00+00:00', '--job-id', '135', '--raw', '--subdir', 'DAGS_FOLDER/urlhaus_silver.py', '--cfg-path', '/tmp/tmpuv5uf216']
[2025-10-29T18:11:58.523+0000] {standard_task_runner.py:91} INFO - Job 135: Subtask urlhaus_bronze_to_silver
[2025-10-29T18:11:58.522+0000] {logging_mixin.py:188} WARNING - /home/airflow/.local/lib/python3.12/site-packages/airflow/task/task_runner/standard_task_runner.py:62 DeprecationWarning: This process (pid=3508) is multi-threaded, use of fork() may lead to deadlocks in the child.
[2025-10-29T18:11:58.525+0000] {standard_task_runner.py:64} INFO - Started process 3519 to run task
[2025-10-29T18:11:58.533+0000] {task_command.py:426} INFO - Running <TaskInstance: urlhaus_silver.urlhaus_bronze_to_silver scheduled__2025-09-27T00:00:00+00:00 [running]> on host 9a4b1d75930e
[2025-10-29T18:11:58.552+0000] {taskinstance.py:2648} INFO - Exporting env vars: AIRFLOW_CTX_DAG_OWNER='you' AIRFLOW_CTX_DAG_ID='urlhaus_silver' AIRFLOW_CTX_TASK_ID='urlhaus_bronze_to_silver' AIRFLOW_CTX_EXECUTION_DATE='2025-09-27T00:00:00+00:00' AIRFLOW_CTX_TRY_NUMBER='1' AIRFLOW_CTX_DAG_RUN_ID='scheduled__2025-09-27T00:00:00+00:00'
[2025-10-29T18:11:58.553+0000] {taskinstance.py:430} INFO - ::endgroup::
[2025-10-29T18:11:58.590+0000] {logging_mixin.py:188} INFO - [urlhaus_silver] 2025-09-27: wrote 2908 rows -> /opt/airflow/silver/urlhaus/ingest_date=2025-09-27
[2025-10-29T18:11:58.591+0000] {python.py:237} INFO - Done. Returned value was: None
[2025-10-29T18:11:58.591+0000] {taskinstance.py:441} INFO - ::group::Post task execution logs
[2025-10-29T18:11:58.593+0000] {taskinstance.py:1206} INFO - Marking task as SUCCESS. dag_id=urlhaus_silver, task_id=urlhaus_bronze_to_silver, run_id=scheduled__2025-09-27T00:00:00+00:00, execution_date=20250927T000000, start_date=20251029T181158, end_date=20251029T181158
[2025-10-29T18:11:58.628+0000] {local_task_job_runner.py:243} INFO - Task exited with return code 0
[2025-10-29T18:11:58.632+0000] {taskinstance.py:3503} INFO - 0 downstream tasks scheduled from follow-on schedule check
[2025-10-29T18:11:58.632+0000] {local_task_job_runner.py:222} INFO - ::endgroup::
