[2025-11-07T00:06:16.961+0000] {local_task_job_runner.py:120} INFO - ::group::Pre task execution logs
[2025-11-07T00:06:16.977+0000] {taskinstance.py:2076} INFO - Dependencies all met for dep_context=non-requeueable deps ti=<TaskInstance: misp_osint_ingest.misp_osint_fetch scheduled__2025-11-06T00:00:00+00:00 [queued]>
[2025-11-07T00:06:16.978+0000] {taskinstance.py:2076} INFO - Dependencies all met for dep_context=requeueable deps ti=<TaskInstance: misp_osint_ingest.misp_osint_fetch scheduled__2025-11-06T00:00:00+00:00 [queued]>
[2025-11-07T00:06:16.978+0000] {taskinstance.py:2306} INFO - Starting attempt 1 of 1
[2025-11-07T00:06:16.983+0000] {taskinstance.py:2330} INFO - Executing <Task(PythonOperator): misp_osint_fetch> on 2025-11-06 00:00:00+00:00
[2025-11-07T00:06:16.987+0000] {logging_mixin.py:188} WARNING - /home/airflow/.local/lib/python3.12/site-packages/airflow/task/task_runner/standard_task_runner.py:62 DeprecationWarning: This process (pid=42661) is multi-threaded, use of fork() may lead to deadlocks in the child.
[2025-11-07T00:06:16.986+0000] {standard_task_runner.py:90} INFO - Running: ['airflow', 'tasks', 'run', 'misp_osint_ingest', 'misp_osint_fetch', 'scheduled__2025-11-06T00:00:00+00:00', '--job-id', '34', '--raw', '--subdir', 'DAGS_FOLDER/misp_osint_ingest.py', '--cfg-path', '/tmp/tmphxkzmhz0']
[2025-11-07T00:06:16.987+0000] {standard_task_runner.py:91} INFO - Job 34: Subtask misp_osint_fetch
[2025-11-07T00:06:16.987+0000] {standard_task_runner.py:64} INFO - Started process 42672 to run task
[2025-11-07T00:06:16.999+0000] {task_command.py:426} INFO - Running <TaskInstance: misp_osint_ingest.misp_osint_fetch scheduled__2025-11-06T00:00:00+00:00 [running]> on host 7e98baed574a
[2025-11-07T00:06:17.018+0000] {taskinstance.py:2648} INFO - Exporting env vars: AIRFLOW_CTX_DAG_OWNER='you' AIRFLOW_CTX_DAG_ID='misp_osint_ingest' AIRFLOW_CTX_TASK_ID='misp_osint_fetch' AIRFLOW_CTX_EXECUTION_DATE='2025-11-06T00:00:00+00:00' AIRFLOW_CTX_TRY_NUMBER='1' AIRFLOW_CTX_DAG_RUN_ID='scheduled__2025-11-06T00:00:00+00:00'
[2025-11-07T00:06:17.018+0000] {taskinstance.py:430} INFO - ::endgroup::
[2025-11-07T01:13:58.443+0000] {logging_mixin.py:188} INFO - [misp_osint] error on https://www.circl.lu/doc/misp/feed-osint/ffb85ca7-6a43-4b9f-a759-b6a7ea2235f9.json: HTTPSConnectionPool(host='www.circl.lu', port=443): Read timed out.
[2025-11-07T01:14:00.851+0000] {logging_mixin.py:188} INFO - [misp_osint] fetched files: 40, rows extracted: 2847, file errors: 1
[2025-11-07T01:14:00.922+0000] {logging_mixin.py:188} INFO - [misp_osint] wrote 2847 rows -> /opt/airflow/silver/misp_osint/ingest_date=2025-11-06/misp_osint.parquet
[2025-11-07T01:14:00.924+0000] {python.py:237} INFO - Done. Returned value was: None
[2025-11-07T01:14:00.924+0000] {taskinstance.py:441} INFO - ::group::Post task execution logs
[2025-11-07T01:14:00.930+0000] {taskinstance.py:1206} INFO - Marking task as SUCCESS. dag_id=misp_osint_ingest, task_id=misp_osint_fetch, run_id=scheduled__2025-11-06T00:00:00+00:00, execution_date=20251106T000000, start_date=20251107T000616, end_date=20251107T011400
[2025-11-07T01:14:00.975+0000] {local_task_job_runner.py:243} INFO - Task exited with return code 0
[2025-11-07T01:14:00.983+0000] {taskinstance.py:3503} INFO - 0 downstream tasks scheduled from follow-on schedule check
[2025-11-07T01:14:00.984+0000] {local_task_job_runner.py:222} INFO - ::endgroup::
