[2025-10-29T17:17:45.404+0000] {local_task_job_runner.py:120} INFO - ::group::Pre task execution logs
[2025-10-29T17:17:45.411+0000] {taskinstance.py:2076} INFO - Dependencies all met for dep_context=non-requeueable deps ti=<TaskInstance: openphish_ingest.openphish_fetch_normalize_bronze scheduled__2025-10-19T00:00:00+00:00 [queued]>
[2025-10-29T17:17:45.413+0000] {taskinstance.py:2076} INFO - Dependencies all met for dep_context=requeueable deps ti=<TaskInstance: openphish_ingest.openphish_fetch_normalize_bronze scheduled__2025-10-19T00:00:00+00:00 [queued]>
[2025-10-29T17:17:45.413+0000] {taskinstance.py:2306} INFO - Starting attempt 1 of 2
[2025-10-29T17:17:45.417+0000] {taskinstance.py:2330} INFO - Executing <Task(PythonOperator): openphish_fetch_normalize_bronze> on 2025-10-19 00:00:00+00:00
[2025-10-29T17:17:45.421+0000] {warnings.py:112} WARNING - /home/airflow/.local/lib/python3.12/site-packages/airflow/task/task_runner/standard_task_runner.py:62: DeprecationWarning: This process (pid=2698) is multi-threaded, use of fork() may lead to deadlocks in the child.
  pid = os.fork()

[2025-10-29T17:17:45.421+0000] {standard_task_runner.py:64} INFO - Started process 2719 to run task
[2025-10-29T17:17:45.422+0000] {standard_task_runner.py:90} INFO - Running: ['airflow', 'tasks', 'run', 'openphish_ingest', 'openphish_fetch_normalize_bronze', 'scheduled__2025-10-19T00:00:00+00:00', '--job-id', '96', '--raw', '--subdir', 'DAGS_FOLDER/openphish_ingest.py', '--cfg-path', '/tmp/tmpkojbes14']
[2025-10-29T17:17:45.422+0000] {standard_task_runner.py:91} INFO - Job 96: Subtask openphish_fetch_normalize_bronze
[2025-10-29T17:17:45.434+0000] {task_command.py:426} INFO - Running <TaskInstance: openphish_ingest.openphish_fetch_normalize_bronze scheduled__2025-10-19T00:00:00+00:00 [running]> on host 109bbc934e0f
[2025-10-29T17:17:45.454+0000] {taskinstance.py:2648} INFO - Exporting env vars: AIRFLOW_CTX_DAG_OWNER='you' AIRFLOW_CTX_DAG_ID='openphish_ingest' AIRFLOW_CTX_TASK_ID='openphish_fetch_normalize_bronze' AIRFLOW_CTX_EXECUTION_DATE='2025-10-19T00:00:00+00:00' AIRFLOW_CTX_TRY_NUMBER='1' AIRFLOW_CTX_DAG_RUN_ID='scheduled__2025-10-19T00:00:00+00:00'
[2025-10-29T17:17:45.454+0000] {taskinstance.py:430} INFO - ::endgroup::
[2025-10-29T17:17:46.102+0000] {logging_mixin.py:188} INFO - [openphish_ingest] rows after normalize: 300
[2025-10-29T17:17:46.106+0000] {logging_mixin.py:188} INFO - [openphish] rows after normalize: 300
[2025-10-29T17:17:46.121+0000] {python.py:237} INFO - Done. Returned value was: None
[2025-10-29T17:17:46.121+0000] {taskinstance.py:441} INFO - ::group::Post task execution logs
[2025-10-29T17:17:46.124+0000] {taskinstance.py:1206} INFO - Marking task as SUCCESS. dag_id=openphish_ingest, task_id=openphish_fetch_normalize_bronze, run_id=scheduled__2025-10-19T00:00:00+00:00, execution_date=20251019T000000, start_date=20251029T171745, end_date=20251029T171746
[2025-10-29T17:17:46.163+0000] {local_task_job_runner.py:243} INFO - Task exited with return code 0
[2025-10-29T17:17:46.169+0000] {taskinstance.py:3503} INFO - 0 downstream tasks scheduled from follow-on schedule check
[2025-10-29T17:17:46.169+0000] {local_task_job_runner.py:222} INFO - ::endgroup::
[2025-10-29T18:16:04.581+0000] {local_task_job_runner.py:120} INFO - ::group::Pre task execution logs
[2025-10-29T18:16:04.589+0000] {taskinstance.py:2076} INFO - Dependencies all met for dep_context=non-requeueable deps ti=<TaskInstance: openphish_ingest.openphish_fetch_normalize_bronze scheduled__2025-10-19T00:00:00+00:00 [queued]>
[2025-10-29T18:16:04.591+0000] {taskinstance.py:2076} INFO - Dependencies all met for dep_context=requeueable deps ti=<TaskInstance: openphish_ingest.openphish_fetch_normalize_bronze scheduled__2025-10-19T00:00:00+00:00 [queued]>
[2025-10-29T18:16:04.591+0000] {taskinstance.py:2306} INFO - Starting attempt 1 of 2
[2025-10-29T18:16:04.595+0000] {taskinstance.py:2330} INFO - Executing <Task(PythonOperator): openphish_fetch_normalize_bronze> on 2025-10-19 00:00:00+00:00
[2025-10-29T18:16:04.598+0000] {warnings.py:112} WARNING - /home/airflow/.local/lib/python3.12/site-packages/airflow/task/task_runner/standard_task_runner.py:62: DeprecationWarning: This process (pid=6069) is multi-threaded, use of fork() may lead to deadlocks in the child.
  pid = os.fork()

[2025-10-29T18:16:04.598+0000] {standard_task_runner.py:64} INFO - Started process 6090 to run task
[2025-10-29T18:16:04.599+0000] {standard_task_runner.py:90} INFO - Running: ['airflow', 'tasks', 'run', 'openphish_ingest', 'openphish_fetch_normalize_bronze', 'scheduled__2025-10-19T00:00:00+00:00', '--job-id', '239', '--raw', '--subdir', 'DAGS_FOLDER/openphish_ingest.py', '--cfg-path', '/tmp/tmp6ua93mqd']
[2025-10-29T18:16:04.599+0000] {standard_task_runner.py:91} INFO - Job 239: Subtask openphish_fetch_normalize_bronze
[2025-10-29T18:16:04.611+0000] {task_command.py:426} INFO - Running <TaskInstance: openphish_ingest.openphish_fetch_normalize_bronze scheduled__2025-10-19T00:00:00+00:00 [running]> on host 9a4b1d75930e
[2025-10-29T18:16:04.633+0000] {taskinstance.py:2648} INFO - Exporting env vars: AIRFLOW_CTX_DAG_OWNER='you' AIRFLOW_CTX_DAG_ID='openphish_ingest' AIRFLOW_CTX_TASK_ID='openphish_fetch_normalize_bronze' AIRFLOW_CTX_EXECUTION_DATE='2025-10-19T00:00:00+00:00' AIRFLOW_CTX_TRY_NUMBER='1' AIRFLOW_CTX_DAG_RUN_ID='scheduled__2025-10-19T00:00:00+00:00'
[2025-10-29T18:16:04.633+0000] {taskinstance.py:430} INFO - ::endgroup::
[2025-10-29T18:16:05.304+0000] {logging_mixin.py:188} INFO - [openphish_ingest] rows after normalize: 300
[2025-10-29T18:16:05.307+0000] {logging_mixin.py:188} INFO - [openphish] rows after normalize: 300
[2025-10-29T18:16:05.318+0000] {python.py:237} INFO - Done. Returned value was: None
[2025-10-29T18:16:05.319+0000] {taskinstance.py:441} INFO - ::group::Post task execution logs
[2025-10-29T18:16:05.320+0000] {taskinstance.py:1206} INFO - Marking task as SUCCESS. dag_id=openphish_ingest, task_id=openphish_fetch_normalize_bronze, run_id=scheduled__2025-10-19T00:00:00+00:00, execution_date=20251019T000000, start_date=20251029T181604, end_date=20251029T181605
[2025-10-29T18:16:05.351+0000] {local_task_job_runner.py:243} INFO - Task exited with return code 0
[2025-10-29T18:16:05.355+0000] {taskinstance.py:3503} INFO - 0 downstream tasks scheduled from follow-on schedule check
[2025-10-29T18:16:05.355+0000] {local_task_job_runner.py:222} INFO - ::endgroup::
