[2025-10-29T17:13:32.528+0000] {local_task_job_runner.py:120} INFO - ::group::Pre task execution logs
[2025-10-29T17:13:32.536+0000] {taskinstance.py:2076} INFO - Dependencies all met for dep_context=non-requeueable deps ti=<TaskInstance: urlhaus_ingest.urlhaus_fetch_normalize_bronze scheduled__2025-09-10T00:00:00+00:00 [queued]>
[2025-10-29T17:13:32.537+0000] {taskinstance.py:2076} INFO - Dependencies all met for dep_context=requeueable deps ti=<TaskInstance: urlhaus_ingest.urlhaus_fetch_normalize_bronze scheduled__2025-09-10T00:00:00+00:00 [queued]>
[2025-10-29T17:13:32.537+0000] {taskinstance.py:2306} INFO - Starting attempt 1 of 2
[2025-10-29T17:13:32.542+0000] {taskinstance.py:2330} INFO - Executing <Task(PythonOperator): urlhaus_fetch_normalize_bronze> on 2025-09-10 00:00:00+00:00
[2025-10-29T17:13:32.545+0000] {warnings.py:112} WARNING - /home/airflow/.local/lib/python3.12/site-packages/airflow/task/task_runner/standard_task_runner.py:62: DeprecationWarning: This process (pid=855) is multi-threaded, use of fork() may lead to deadlocks in the child.
  pid = os.fork()

[2025-10-29T17:13:32.545+0000] {standard_task_runner.py:64} INFO - Started process 876 to run task
[2025-10-29T17:13:32.545+0000] {standard_task_runner.py:90} INFO - Running: ['airflow', 'tasks', 'run', 'urlhaus_ingest', 'urlhaus_fetch_normalize_bronze', 'scheduled__2025-09-10T00:00:00+00:00', '--job-id', '29', '--raw', '--subdir', 'DAGS_FOLDER/urlhaus_ingest.py', '--cfg-path', '/tmp/tmp3ncol9i9']
[2025-10-29T17:13:32.546+0000] {standard_task_runner.py:91} INFO - Job 29: Subtask urlhaus_fetch_normalize_bronze
[2025-10-29T17:13:32.557+0000] {task_command.py:426} INFO - Running <TaskInstance: urlhaus_ingest.urlhaus_fetch_normalize_bronze scheduled__2025-09-10T00:00:00+00:00 [running]> on host 109bbc934e0f
[2025-10-29T17:13:32.578+0000] {taskinstance.py:2648} INFO - Exporting env vars: AIRFLOW_CTX_DAG_OWNER='you' AIRFLOW_CTX_DAG_ID='urlhaus_ingest' AIRFLOW_CTX_TASK_ID='urlhaus_fetch_normalize_bronze' AIRFLOW_CTX_EXECUTION_DATE='2025-09-10T00:00:00+00:00' AIRFLOW_CTX_TRY_NUMBER='1' AIRFLOW_CTX_DAG_RUN_ID='scheduled__2025-09-10T00:00:00+00:00'
[2025-10-29T17:13:32.579+0000] {taskinstance.py:430} INFO - ::endgroup::
[2025-10-29T17:13:32.726+0000] {logging_mixin.py:188} INFO - [urlhaus_ingest] rows after normalize: 21315
[2025-10-29T17:13:32.737+0000] {logging_mixin.py:188} INFO - [urlhaus] rows after normalize: 21315
[2025-10-29T17:13:32.760+0000] {python.py:237} INFO - Done. Returned value was: None
[2025-10-29T17:13:32.760+0000] {taskinstance.py:441} INFO - ::group::Post task execution logs
[2025-10-29T17:13:32.762+0000] {taskinstance.py:1206} INFO - Marking task as SUCCESS. dag_id=urlhaus_ingest, task_id=urlhaus_fetch_normalize_bronze, run_id=scheduled__2025-09-10T00:00:00+00:00, execution_date=20250910T000000, start_date=20251029T171332, end_date=20251029T171332
[2025-10-29T17:13:32.773+0000] {local_task_job_runner.py:243} INFO - Task exited with return code 0
[2025-10-29T17:13:32.778+0000] {taskinstance.py:3503} INFO - 0 downstream tasks scheduled from follow-on schedule check
[2025-10-29T17:13:32.778+0000] {local_task_job_runner.py:222} INFO - ::endgroup::
[2025-10-29T18:08:27.182+0000] {local_task_job_runner.py:120} INFO - ::group::Pre task execution logs
[2025-10-29T18:08:27.189+0000] {taskinstance.py:2076} INFO - Dependencies all met for dep_context=non-requeueable deps ti=<TaskInstance: urlhaus_ingest.urlhaus_fetch_normalize_bronze scheduled__2025-09-10T00:00:00+00:00 [queued]>
[2025-10-29T18:08:27.191+0000] {taskinstance.py:2076} INFO - Dependencies all met for dep_context=requeueable deps ti=<TaskInstance: urlhaus_ingest.urlhaus_fetch_normalize_bronze scheduled__2025-09-10T00:00:00+00:00 [queued]>
[2025-10-29T18:08:27.191+0000] {taskinstance.py:2306} INFO - Starting attempt 1 of 2
[2025-10-29T18:08:27.195+0000] {taskinstance.py:2330} INFO - Executing <Task(PythonOperator): urlhaus_fetch_normalize_bronze> on 2025-09-10 00:00:00+00:00
[2025-10-29T18:08:27.197+0000] {warnings.py:112} WARNING - /home/airflow/.local/lib/python3.12/site-packages/airflow/task/task_runner/standard_task_runner.py:62: DeprecationWarning: This process (pid=1306) is multi-threaded, use of fork() may lead to deadlocks in the child.
  pid = os.fork()

[2025-10-29T18:08:27.198+0000] {standard_task_runner.py:64} INFO - Started process 1327 to run task
[2025-10-29T18:08:27.198+0000] {standard_task_runner.py:90} INFO - Running: ['airflow', 'tasks', 'run', 'urlhaus_ingest', 'urlhaus_fetch_normalize_bronze', 'scheduled__2025-09-10T00:00:00+00:00', '--job-id', '46', '--raw', '--subdir', 'DAGS_FOLDER/urlhaus_ingest.py', '--cfg-path', '/tmp/tmppebd_6fy']
[2025-10-29T18:08:27.198+0000] {standard_task_runner.py:91} INFO - Job 46: Subtask urlhaus_fetch_normalize_bronze
[2025-10-29T18:08:27.211+0000] {task_command.py:426} INFO - Running <TaskInstance: urlhaus_ingest.urlhaus_fetch_normalize_bronze scheduled__2025-09-10T00:00:00+00:00 [running]> on host 9a4b1d75930e
[2025-10-29T18:08:27.231+0000] {taskinstance.py:2648} INFO - Exporting env vars: AIRFLOW_CTX_DAG_OWNER='you' AIRFLOW_CTX_DAG_ID='urlhaus_ingest' AIRFLOW_CTX_TASK_ID='urlhaus_fetch_normalize_bronze' AIRFLOW_CTX_EXECUTION_DATE='2025-09-10T00:00:00+00:00' AIRFLOW_CTX_TRY_NUMBER='1' AIRFLOW_CTX_DAG_RUN_ID='scheduled__2025-09-10T00:00:00+00:00'
[2025-10-29T18:08:27.231+0000] {taskinstance.py:430} INFO - ::endgroup::
[2025-10-29T18:08:27.379+0000] {logging_mixin.py:188} INFO - [urlhaus_ingest] rows after normalize: 21302
[2025-10-29T18:08:27.389+0000] {logging_mixin.py:188} INFO - [urlhaus] rows after normalize: 21302
[2025-10-29T18:08:27.412+0000] {python.py:237} INFO - Done. Returned value was: None
[2025-10-29T18:08:27.412+0000] {taskinstance.py:441} INFO - ::group::Post task execution logs
[2025-10-29T18:08:27.414+0000] {taskinstance.py:1206} INFO - Marking task as SUCCESS. dag_id=urlhaus_ingest, task_id=urlhaus_fetch_normalize_bronze, run_id=scheduled__2025-09-10T00:00:00+00:00, execution_date=20250910T000000, start_date=20251029T180827, end_date=20251029T180827
[2025-10-29T18:08:27.425+0000] {local_task_job_runner.py:243} INFO - Task exited with return code 0
[2025-10-29T18:08:27.429+0000] {taskinstance.py:3503} INFO - 0 downstream tasks scheduled from follow-on schedule check
[2025-10-29T18:08:27.430+0000] {local_task_job_runner.py:222} INFO - ::endgroup::
