[2025-09-22T18:02:59.781+0000] {local_task_job_runner.py:120} INFO - ::group::Pre task execution logs
[2025-09-22T18:02:59.791+0000] {taskinstance.py:2076} INFO - Dependencies all met for dep_context=non-requeueable deps ti=<TaskInstance: openphish_silver.openphish_bronze_to_silver scheduled__2025-09-21T00:00:00+00:00 [queued]>
[2025-09-22T18:02:59.793+0000] {taskinstance.py:2076} INFO - Dependencies all met for dep_context=requeueable deps ti=<TaskInstance: openphish_silver.openphish_bronze_to_silver scheduled__2025-09-21T00:00:00+00:00 [queued]>
[2025-09-22T18:02:59.793+0000] {taskinstance.py:2306} INFO - Starting attempt 1 of 1
[2025-09-22T18:02:59.797+0000] {taskinstance.py:2330} INFO - Executing <Task(PythonOperator): openphish_bronze_to_silver> on 2025-09-21 00:00:00+00:00
[2025-09-22T18:02:59.801+0000] {standard_task_runner.py:90} INFO - Running: ['airflow', 'tasks', 'run', 'openphish_silver', 'openphish_bronze_to_silver', 'scheduled__2025-09-21T00:00:00+00:00', '--job-id', '31', '--raw', '--subdir', 'DAGS_FOLDER/openphish_silver.py', '--cfg-path', '/tmp/tmpjrqzx80f']
[2025-09-22T18:02:59.803+0000] {standard_task_runner.py:91} INFO - Job 31: Subtask openphish_bronze_to_silver
[2025-09-22T18:02:59.803+0000] {logging_mixin.py:188} WARNING - /home/airflow/.local/lib/python3.12/site-packages/airflow/task/task_runner/standard_task_runner.py:62 DeprecationWarning: This process (pid=143) is multi-threaded, use of fork() may lead to deadlocks in the child.
[2025-09-22T18:02:59.805+0000] {standard_task_runner.py:64} INFO - Started process 154 to run task
[2025-09-22T18:02:59.817+0000] {task_command.py:426} INFO - Running <TaskInstance: openphish_silver.openphish_bronze_to_silver scheduled__2025-09-21T00:00:00+00:00 [running]> on host 367d1d51de70
[2025-09-22T18:02:59.838+0000] {taskinstance.py:2648} INFO - Exporting env vars: AIRFLOW_CTX_DAG_OWNER='you' AIRFLOW_CTX_DAG_ID='openphish_silver' AIRFLOW_CTX_TASK_ID='openphish_bronze_to_silver' AIRFLOW_CTX_EXECUTION_DATE='2025-09-21T00:00:00+00:00' AIRFLOW_CTX_TRY_NUMBER='1' AIRFLOW_CTX_DAG_RUN_ID='scheduled__2025-09-21T00:00:00+00:00'
[2025-09-22T18:02:59.838+0000] {taskinstance.py:430} INFO - ::endgroup::
[2025-09-22T18:02:59.912+0000] {logging_mixin.py:188} INFO - [openphish_silver] wrote 480 rows -> /opt/airflow/silver/openphish/ingest_date=2025-09-21
[2025-09-22T18:02:59.912+0000] {python.py:237} INFO - Done. Returned value was: None
[2025-09-22T18:02:59.912+0000] {taskinstance.py:441} INFO - ::group::Post task execution logs
[2025-09-22T18:02:59.914+0000] {taskinstance.py:1206} INFO - Marking task as SUCCESS. dag_id=openphish_silver, task_id=openphish_bronze_to_silver, run_id=scheduled__2025-09-21T00:00:00+00:00, execution_date=20250921T000000, start_date=20250922T180259, end_date=20250922T180259
[2025-09-22T18:02:59.946+0000] {local_task_job_runner.py:243} INFO - Task exited with return code 0
[2025-09-22T18:02:59.951+0000] {taskinstance.py:3503} INFO - 0 downstream tasks scheduled from follow-on schedule check
[2025-09-22T18:02:59.952+0000] {local_task_job_runner.py:222} INFO - ::endgroup::
[2025-09-22T18:11:45.581+0000] {local_task_job_runner.py:120} INFO - ::group::Pre task execution logs
[2025-09-22T18:11:45.591+0000] {taskinstance.py:2076} INFO - Dependencies all met for dep_context=non-requeueable deps ti=<TaskInstance: openphish_silver.openphish_bronze_to_silver scheduled__2025-09-21T00:00:00+00:00 [queued]>
[2025-09-22T18:11:45.592+0000] {taskinstance.py:2076} INFO - Dependencies all met for dep_context=requeueable deps ti=<TaskInstance: openphish_silver.openphish_bronze_to_silver scheduled__2025-09-21T00:00:00+00:00 [queued]>
[2025-09-22T18:11:45.592+0000] {taskinstance.py:2306} INFO - Starting attempt 1 of 1
[2025-09-22T18:11:45.597+0000] {taskinstance.py:2330} INFO - Executing <Task(PythonOperator): openphish_bronze_to_silver> on 2025-09-21 00:00:00+00:00
[2025-09-22T18:11:45.600+0000] {standard_task_runner.py:90} INFO - Running: ['airflow', 'tasks', 'run', 'openphish_silver', 'openphish_bronze_to_silver', 'scheduled__2025-09-21T00:00:00+00:00', '--job-id', '6', '--raw', '--subdir', 'DAGS_FOLDER/openphish_silver.py', '--cfg-path', '/tmp/tmprpuin3l9']
[2025-09-22T18:11:45.603+0000] {standard_task_runner.py:91} INFO - Job 6: Subtask openphish_bronze_to_silver
[2025-09-22T18:11:45.603+0000] {logging_mixin.py:188} WARNING - /home/airflow/.local/lib/python3.12/site-packages/airflow/task/task_runner/standard_task_runner.py:62 DeprecationWarning: This process (pid=283) is multi-threaded, use of fork() may lead to deadlocks in the child.
[2025-09-22T18:11:45.606+0000] {standard_task_runner.py:64} INFO - Started process 294 to run task
[2025-09-22T18:11:45.618+0000] {task_command.py:426} INFO - Running <TaskInstance: openphish_silver.openphish_bronze_to_silver scheduled__2025-09-21T00:00:00+00:00 [running]> on host 2f88845a25ff
[2025-09-22T18:11:45.637+0000] {taskinstance.py:2648} INFO - Exporting env vars: AIRFLOW_CTX_DAG_OWNER='you' AIRFLOW_CTX_DAG_ID='openphish_silver' AIRFLOW_CTX_TASK_ID='openphish_bronze_to_silver' AIRFLOW_CTX_EXECUTION_DATE='2025-09-21T00:00:00+00:00' AIRFLOW_CTX_TRY_NUMBER='1' AIRFLOW_CTX_DAG_RUN_ID='scheduled__2025-09-21T00:00:00+00:00'
[2025-09-22T18:11:45.637+0000] {taskinstance.py:430} INFO - ::endgroup::
[2025-09-22T18:11:45.704+0000] {logging_mixin.py:188} INFO - [openphish_silver] wrote 520 rows -> /opt/airflow/silver/openphish/ingest_date=2025-09-21
[2025-09-22T18:11:45.704+0000] {python.py:237} INFO - Done. Returned value was: None
[2025-09-22T18:11:45.704+0000] {taskinstance.py:441} INFO - ::group::Post task execution logs
[2025-09-22T18:11:45.706+0000] {taskinstance.py:1206} INFO - Marking task as SUCCESS. dag_id=openphish_silver, task_id=openphish_bronze_to_silver, run_id=scheduled__2025-09-21T00:00:00+00:00, execution_date=20250921T000000, start_date=20250922T181145, end_date=20250922T181145
[2025-09-22T18:11:45.748+0000] {local_task_job_runner.py:243} INFO - Task exited with return code 0
[2025-09-22T18:11:45.752+0000] {taskinstance.py:3503} INFO - 0 downstream tasks scheduled from follow-on schedule check
[2025-09-22T18:11:45.752+0000] {local_task_job_runner.py:222} INFO - ::endgroup::
[2025-09-22T18:22:22.697+0000] {local_task_job_runner.py:120} INFO - ::group::Pre task execution logs
[2025-09-22T18:22:22.708+0000] {taskinstance.py:2076} INFO - Dependencies all met for dep_context=non-requeueable deps ti=<TaskInstance: openphish_silver.openphish_bronze_to_silver scheduled__2025-09-21T00:00:00+00:00 [queued]>
[2025-09-22T18:22:22.710+0000] {taskinstance.py:2076} INFO - Dependencies all met for dep_context=requeueable deps ti=<TaskInstance: openphish_silver.openphish_bronze_to_silver scheduled__2025-09-21T00:00:00+00:00 [queued]>
[2025-09-22T18:22:22.710+0000] {taskinstance.py:2306} INFO - Starting attempt 1 of 1
[2025-09-22T18:22:22.714+0000] {taskinstance.py:2330} INFO - Executing <Task(PythonOperator): openphish_bronze_to_silver> on 2025-09-21 00:00:00+00:00
[2025-09-22T18:22:22.718+0000] {standard_task_runner.py:90} INFO - Running: ['airflow', 'tasks', 'run', 'openphish_silver', 'openphish_bronze_to_silver', 'scheduled__2025-09-21T00:00:00+00:00', '--job-id', '6', '--raw', '--subdir', 'DAGS_FOLDER/openphish_silver.py', '--cfg-path', '/tmp/tmpn80nqumv']
[2025-09-22T18:22:22.721+0000] {standard_task_runner.py:91} INFO - Job 6: Subtask openphish_bronze_to_silver
[2025-09-22T18:22:22.721+0000] {logging_mixin.py:188} WARNING - /home/airflow/.local/lib/python3.12/site-packages/airflow/task/task_runner/standard_task_runner.py:62 DeprecationWarning: This process (pid=263) is multi-threaded, use of fork() may lead to deadlocks in the child.
[2025-09-22T18:22:22.722+0000] {standard_task_runner.py:64} INFO - Started process 274 to run task
[2025-09-22T18:22:22.742+0000] {task_command.py:426} INFO - Running <TaskInstance: openphish_silver.openphish_bronze_to_silver scheduled__2025-09-21T00:00:00+00:00 [running]> on host 539ffd8f219e
[2025-09-22T18:22:22.765+0000] {taskinstance.py:2648} INFO - Exporting env vars: AIRFLOW_CTX_DAG_OWNER='you' AIRFLOW_CTX_DAG_ID='openphish_silver' AIRFLOW_CTX_TASK_ID='openphish_bronze_to_silver' AIRFLOW_CTX_EXECUTION_DATE='2025-09-21T00:00:00+00:00' AIRFLOW_CTX_TRY_NUMBER='1' AIRFLOW_CTX_DAG_RUN_ID='scheduled__2025-09-21T00:00:00+00:00'
[2025-09-22T18:22:22.766+0000] {taskinstance.py:430} INFO - ::endgroup::
[2025-09-22T18:22:22.809+0000] {logging_mixin.py:188} INFO - [openphish_silver] wrote 520 rows -> /opt/airflow/silver/openphish/ingest_date=2025-09-21
[2025-09-22T18:22:22.809+0000] {python.py:237} INFO - Done. Returned value was: None
[2025-09-22T18:22:22.809+0000] {taskinstance.py:441} INFO - ::group::Post task execution logs
[2025-09-22T18:22:22.811+0000] {taskinstance.py:1206} INFO - Marking task as SUCCESS. dag_id=openphish_silver, task_id=openphish_bronze_to_silver, run_id=scheduled__2025-09-21T00:00:00+00:00, execution_date=20250921T000000, start_date=20250922T182222, end_date=20250922T182222
[2025-09-22T18:22:22.822+0000] {local_task_job_runner.py:243} INFO - Task exited with return code 0
[2025-09-22T18:22:22.826+0000] {taskinstance.py:3503} INFO - 0 downstream tasks scheduled from follow-on schedule check
[2025-09-22T18:22:22.827+0000] {local_task_job_runner.py:222} INFO - ::endgroup::
[2025-10-29T18:10:41.355+0000] {local_task_job_runner.py:120} INFO - ::group::Pre task execution logs
[2025-10-29T18:10:41.364+0000] {taskinstance.py:2076} INFO - Dependencies all met for dep_context=non-requeueable deps ti=<TaskInstance: openphish_silver.openphish_bronze_to_silver scheduled__2025-09-21T00:00:00+00:00 [queued]>
[2025-10-29T18:10:41.366+0000] {taskinstance.py:2076} INFO - Dependencies all met for dep_context=requeueable deps ti=<TaskInstance: openphish_silver.openphish_bronze_to_silver scheduled__2025-09-21T00:00:00+00:00 [queued]>
[2025-10-29T18:10:41.366+0000] {taskinstance.py:2306} INFO - Starting attempt 1 of 1
[2025-10-29T18:10:41.370+0000] {taskinstance.py:2330} INFO - Executing <Task(PythonOperator): openphish_bronze_to_silver> on 2025-09-21 00:00:00+00:00
[2025-10-29T18:10:41.373+0000] {standard_task_runner.py:90} INFO - Running: ['airflow', 'tasks', 'run', 'openphish_silver', 'openphish_bronze_to_silver', 'scheduled__2025-09-21T00:00:00+00:00', '--job-id', '103', '--raw', '--subdir', 'DAGS_FOLDER/openphish_silver.py', '--cfg-path', '/tmp/tmpxmvl28f7']
[2025-10-29T18:10:41.374+0000] {standard_task_runner.py:91} INFO - Job 103: Subtask openphish_bronze_to_silver
[2025-10-29T18:10:41.374+0000] {logging_mixin.py:188} WARNING - /home/airflow/.local/lib/python3.12/site-packages/airflow/task/task_runner/standard_task_runner.py:62 DeprecationWarning: This process (pid=2715) is multi-threaded, use of fork() may lead to deadlocks in the child.
[2025-10-29T18:10:41.376+0000] {standard_task_runner.py:64} INFO - Started process 2726 to run task
[2025-10-29T18:10:41.385+0000] {task_command.py:426} INFO - Running <TaskInstance: openphish_silver.openphish_bronze_to_silver scheduled__2025-09-21T00:00:00+00:00 [running]> on host 9a4b1d75930e
[2025-10-29T18:10:41.403+0000] {taskinstance.py:2648} INFO - Exporting env vars: AIRFLOW_CTX_DAG_OWNER='you' AIRFLOW_CTX_DAG_ID='openphish_silver' AIRFLOW_CTX_TASK_ID='openphish_bronze_to_silver' AIRFLOW_CTX_EXECUTION_DATE='2025-09-21T00:00:00+00:00' AIRFLOW_CTX_TRY_NUMBER='1' AIRFLOW_CTX_DAG_RUN_ID='scheduled__2025-09-21T00:00:00+00:00'
[2025-10-29T18:10:41.403+0000] {taskinstance.py:430} INFO - ::endgroup::
[2025-10-29T18:10:41.422+0000] {logging_mixin.py:188} INFO - [openphish_silver] 2025-09-21: wrote 206 rows -> /opt/airflow/silver/openphish/ingest_date=2025-09-21
[2025-10-29T18:10:41.422+0000] {python.py:237} INFO - Done. Returned value was: None
[2025-10-29T18:10:41.422+0000] {taskinstance.py:441} INFO - ::group::Post task execution logs
[2025-10-29T18:10:41.424+0000] {taskinstance.py:1206} INFO - Marking task as SUCCESS. dag_id=openphish_silver, task_id=openphish_bronze_to_silver, run_id=scheduled__2025-09-21T00:00:00+00:00, execution_date=20250921T000000, start_date=20251029T181041, end_date=20251029T181041
[2025-10-29T18:10:41.436+0000] {local_task_job_runner.py:243} INFO - Task exited with return code 0
[2025-10-29T18:10:41.440+0000] {taskinstance.py:3503} INFO - 0 downstream tasks scheduled from follow-on schedule check
[2025-10-29T18:10:41.440+0000] {local_task_job_runner.py:222} INFO - ::endgroup::
