[2025-11-09T00:03:16.678+0000] {local_task_job_runner.py:120} INFO - ::group::Pre task execution logs
[2025-11-09T00:03:16.689+0000] {taskinstance.py:2076} INFO - Dependencies all met for dep_context=non-requeueable deps ti=<TaskInstance: openphish_silver.openphish_bronze_to_silver scheduled__2025-11-08T00:00:00+00:00 [queued]>
[2025-11-09T00:03:16.691+0000] {taskinstance.py:2076} INFO - Dependencies all met for dep_context=requeueable deps ti=<TaskInstance: openphish_silver.openphish_bronze_to_silver scheduled__2025-11-08T00:00:00+00:00 [queued]>
[2025-11-09T00:03:16.692+0000] {taskinstance.py:2306} INFO - Starting attempt 1 of 1
[2025-11-09T00:03:16.697+0000] {taskinstance.py:2330} INFO - Executing <Task(PythonOperator): openphish_bronze_to_silver> on 2025-11-08 00:00:00+00:00
[2025-11-09T00:03:16.700+0000] {standard_task_runner.py:90} INFO - Running: ['airflow', 'tasks', 'run', 'openphish_silver', 'openphish_bronze_to_silver', 'scheduled__2025-11-08T00:00:00+00:00', '--job-id', '59', '--raw', '--subdir', 'DAGS_FOLDER/openphish_silver.py', '--cfg-path', '/tmp/tmpwlwgx8gm']
[2025-11-09T00:03:16.701+0000] {standard_task_runner.py:91} INFO - Job 59: Subtask openphish_bronze_to_silver
[2025-11-09T00:03:16.701+0000] {logging_mixin.py:188} WARNING - /home/airflow/.local/lib/python3.12/site-packages/airflow/task/task_runner/standard_task_runner.py:62 DeprecationWarning: This process (pid=73496) is multi-threaded, use of fork() may lead to deadlocks in the child.
[2025-11-09T00:03:16.704+0000] {standard_task_runner.py:64} INFO - Started process 73507 to run task
[2025-11-09T00:03:16.715+0000] {task_command.py:426} INFO - Running <TaskInstance: openphish_silver.openphish_bronze_to_silver scheduled__2025-11-08T00:00:00+00:00 [running]> on host 7e98baed574a
[2025-11-09T00:03:16.733+0000] {taskinstance.py:2648} INFO - Exporting env vars: AIRFLOW_CTX_DAG_OWNER='you' AIRFLOW_CTX_DAG_ID='openphish_silver' AIRFLOW_CTX_TASK_ID='openphish_bronze_to_silver' AIRFLOW_CTX_EXECUTION_DATE='2025-11-08T00:00:00+00:00' AIRFLOW_CTX_TRY_NUMBER='1' AIRFLOW_CTX_DAG_RUN_ID='scheduled__2025-11-08T00:00:00+00:00'
[2025-11-09T00:03:16.734+0000] {taskinstance.py:430} INFO - ::endgroup::
[2025-11-09T00:03:16.738+0000] {taskinstance.py:441} INFO - ::group::Post task execution logs
[2025-11-09T00:03:16.738+0000] {taskinstance.py:2905} ERROR - Task failed with exception
Traceback (most recent call last):
  File "/home/airflow/.local/lib/python3.12/site-packages/airflow/models/taskinstance.py", line 465, in _execute_task
    result = _execute_callable(context=context, **execute_callable_kwargs)
             ^^^^^^^^^^^^^^^^^^^^^^^^^^^^^^^^^^^^^^^^^^^^^^^^^^^^^^^^^^^^^
  File "/home/airflow/.local/lib/python3.12/site-packages/airflow/models/taskinstance.py", line 432, in _execute_callable
    return execute_callable(context=context, **execute_callable_kwargs)
           ^^^^^^^^^^^^^^^^^^^^^^^^^^^^^^^^^^^^^^^^^^^^^^^^^^^^^^^^^^^^
  File "/home/airflow/.local/lib/python3.12/site-packages/airflow/models/baseoperator.py", line 401, in wrapper
    return func(self, *args, **kwargs)
           ^^^^^^^^^^^^^^^^^^^^^^^^^^^
  File "/home/airflow/.local/lib/python3.12/site-packages/airflow/operators/python.py", line 235, in execute
    return_value = self.execute_callable()
                   ^^^^^^^^^^^^^^^^^^^^^^^
  File "/home/airflow/.local/lib/python3.12/site-packages/airflow/operators/python.py", line 252, in execute_callable
    return self.python_callable(*self.op_args, **self.op_kwargs)
           ^^^^^^^^^^^^^^^^^^^^^^^^^^^^^^^^^^^^^^^^^^^^^^^^^^^^^
  File "/opt/airflow/dags/openphish_silver.py", line 14, in openphish_to_silver
    raise FileNotFoundError(f"No bronze for {ds}: {bronze_path}")
FileNotFoundError: No bronze for 2025-11-08: /opt/airflow/bronze/openphish/ingest_date=2025-11-08/openphish.parquet
[2025-11-09T00:03:16.740+0000] {taskinstance.py:1206} INFO - Marking task as FAILED. dag_id=openphish_silver, task_id=openphish_bronze_to_silver, run_id=scheduled__2025-11-08T00:00:00+00:00, execution_date=20251108T000000, start_date=20251109T000316, end_date=20251109T000316
[2025-11-09T00:03:16.743+0000] {standard_task_runner.py:110} ERROR - Failed to execute job 59 for task openphish_bronze_to_silver (No bronze for 2025-11-08: /opt/airflow/bronze/openphish/ingest_date=2025-11-08/openphish.parquet; 73507)
[2025-11-09T00:03:16.764+0000] {local_task_job_runner.py:243} INFO - Task exited with return code 1
[2025-11-09T00:03:16.767+0000] {taskinstance.py:3503} INFO - 0 downstream tasks scheduled from follow-on schedule check
[2025-11-09T00:03:16.768+0000] {local_task_job_runner.py:222} INFO - ::endgroup::
