[2025-10-29T17:18:56.324+0000] {local_task_job_runner.py:120} INFO - ::group::Pre task execution logs
[2025-10-29T17:18:56.332+0000] {taskinstance.py:2076} INFO - Dependencies all met for dep_context=non-requeueable deps ti=<TaskInstance: urlhaus_ingest.urlhaus_fetch_normalize_bronze scheduled__2025-10-24T00:00:00+00:00 [queued]>
[2025-10-29T17:18:56.334+0000] {taskinstance.py:2076} INFO - Dependencies all met for dep_context=requeueable deps ti=<TaskInstance: urlhaus_ingest.urlhaus_fetch_normalize_bronze scheduled__2025-10-24T00:00:00+00:00 [queued]>
[2025-10-29T17:18:56.334+0000] {taskinstance.py:2306} INFO - Starting attempt 1 of 2
[2025-10-29T17:18:56.338+0000] {taskinstance.py:2330} INFO - Executing <Task(PythonOperator): urlhaus_fetch_normalize_bronze> on 2025-10-24 00:00:00+00:00
[2025-10-29T17:18:56.341+0000] {warnings.py:112} WARNING - /home/airflow/.local/lib/python3.12/site-packages/airflow/task/task_runner/standard_task_runner.py:62: DeprecationWarning: This process (pid=3252) is multi-threaded, use of fork() may lead to deadlocks in the child.
  pid = os.fork()

[2025-10-29T17:18:56.341+0000] {standard_task_runner.py:64} INFO - Started process 3273 to run task
[2025-10-29T17:18:56.342+0000] {standard_task_runner.py:90} INFO - Running: ['airflow', 'tasks', 'run', 'urlhaus_ingest', 'urlhaus_fetch_normalize_bronze', 'scheduled__2025-10-24T00:00:00+00:00', '--job-id', '116', '--raw', '--subdir', 'DAGS_FOLDER/urlhaus_ingest.py', '--cfg-path', '/tmp/tmpb9dz6g25']
[2025-10-29T17:18:56.342+0000] {standard_task_runner.py:91} INFO - Job 116: Subtask urlhaus_fetch_normalize_bronze
[2025-10-29T17:18:56.353+0000] {task_command.py:426} INFO - Running <TaskInstance: urlhaus_ingest.urlhaus_fetch_normalize_bronze scheduled__2025-10-24T00:00:00+00:00 [running]> on host 109bbc934e0f
[2025-10-29T17:18:56.373+0000] {taskinstance.py:2648} INFO - Exporting env vars: AIRFLOW_CTX_DAG_OWNER='you' AIRFLOW_CTX_DAG_ID='urlhaus_ingest' AIRFLOW_CTX_TASK_ID='urlhaus_fetch_normalize_bronze' AIRFLOW_CTX_EXECUTION_DATE='2025-10-24T00:00:00+00:00' AIRFLOW_CTX_TRY_NUMBER='1' AIRFLOW_CTX_DAG_RUN_ID='scheduled__2025-10-24T00:00:00+00:00'
[2025-10-29T17:18:56.373+0000] {taskinstance.py:430} INFO - ::endgroup::
[2025-10-29T17:18:56.600+0000] {logging_mixin.py:188} INFO - [urlhaus_ingest] rows after normalize: 21313
[2025-10-29T17:18:56.611+0000] {logging_mixin.py:188} INFO - [urlhaus] rows after normalize: 21313
[2025-10-29T17:18:56.632+0000] {python.py:237} INFO - Done. Returned value was: None
[2025-10-29T17:18:56.632+0000] {taskinstance.py:441} INFO - ::group::Post task execution logs
[2025-10-29T17:18:56.634+0000] {taskinstance.py:1206} INFO - Marking task as SUCCESS. dag_id=urlhaus_ingest, task_id=urlhaus_fetch_normalize_bronze, run_id=scheduled__2025-10-24T00:00:00+00:00, execution_date=20251024T000000, start_date=20251029T171856, end_date=20251029T171856
[2025-10-29T17:18:56.656+0000] {local_task_job_runner.py:243} INFO - Task exited with return code 0
[2025-10-29T17:18:56.660+0000] {taskinstance.py:3503} INFO - 0 downstream tasks scheduled from follow-on schedule check
[2025-10-29T17:18:56.660+0000] {local_task_job_runner.py:222} INFO - ::endgroup::
[2025-10-29T18:17:13.699+0000] {local_task_job_runner.py:120} INFO - ::group::Pre task execution logs
[2025-10-29T18:17:13.707+0000] {taskinstance.py:2076} INFO - Dependencies all met for dep_context=non-requeueable deps ti=<TaskInstance: urlhaus_ingest.urlhaus_fetch_normalize_bronze scheduled__2025-10-24T00:00:00+00:00 [queued]>
[2025-10-29T18:17:13.708+0000] {taskinstance.py:2076} INFO - Dependencies all met for dep_context=requeueable deps ti=<TaskInstance: urlhaus_ingest.urlhaus_fetch_normalize_bronze scheduled__2025-10-24T00:00:00+00:00 [queued]>
[2025-10-29T18:17:13.708+0000] {taskinstance.py:2306} INFO - Starting attempt 1 of 2
[2025-10-29T18:17:13.712+0000] {taskinstance.py:2330} INFO - Executing <Task(PythonOperator): urlhaus_fetch_normalize_bronze> on 2025-10-24 00:00:00+00:00
[2025-10-29T18:17:13.715+0000] {warnings.py:112} WARNING - /home/airflow/.local/lib/python3.12/site-packages/airflow/task/task_runner/standard_task_runner.py:62: DeprecationWarning: This process (pid=6746) is multi-threaded, use of fork() may lead to deadlocks in the child.
  pid = os.fork()

[2025-10-29T18:17:13.715+0000] {standard_task_runner.py:64} INFO - Started process 6767 to run task
[2025-10-29T18:17:13.716+0000] {standard_task_runner.py:90} INFO - Running: ['airflow', 'tasks', 'run', 'urlhaus_ingest', 'urlhaus_fetch_normalize_bronze', 'scheduled__2025-10-24T00:00:00+00:00', '--job-id', '266', '--raw', '--subdir', 'DAGS_FOLDER/urlhaus_ingest.py', '--cfg-path', '/tmp/tmps_0pr2sh']
[2025-10-29T18:17:13.716+0000] {standard_task_runner.py:91} INFO - Job 266: Subtask urlhaus_fetch_normalize_bronze
[2025-10-29T18:17:13.729+0000] {task_command.py:426} INFO - Running <TaskInstance: urlhaus_ingest.urlhaus_fetch_normalize_bronze scheduled__2025-10-24T00:00:00+00:00 [running]> on host 9a4b1d75930e
[2025-10-29T18:17:13.750+0000] {taskinstance.py:2648} INFO - Exporting env vars: AIRFLOW_CTX_DAG_OWNER='you' AIRFLOW_CTX_DAG_ID='urlhaus_ingest' AIRFLOW_CTX_TASK_ID='urlhaus_fetch_normalize_bronze' AIRFLOW_CTX_EXECUTION_DATE='2025-10-24T00:00:00+00:00' AIRFLOW_CTX_TRY_NUMBER='1' AIRFLOW_CTX_DAG_RUN_ID='scheduled__2025-10-24T00:00:00+00:00'
[2025-10-29T18:17:13.750+0000] {taskinstance.py:430} INFO - ::endgroup::
[2025-10-29T18:17:13.958+0000] {logging_mixin.py:188} INFO - [urlhaus_ingest] rows after normalize: 21293
[2025-10-29T18:17:13.975+0000] {logging_mixin.py:188} INFO - [urlhaus] rows after normalize: 21293
[2025-10-29T18:17:14.001+0000] {python.py:237} INFO - Done. Returned value was: None
[2025-10-29T18:17:14.001+0000] {taskinstance.py:441} INFO - ::group::Post task execution logs
[2025-10-29T18:17:14.004+0000] {taskinstance.py:1206} INFO - Marking task as SUCCESS. dag_id=urlhaus_ingest, task_id=urlhaus_fetch_normalize_bronze, run_id=scheduled__2025-10-24T00:00:00+00:00, execution_date=20251024T000000, start_date=20251029T181713, end_date=20251029T181714
[2025-10-29T18:17:14.022+0000] {local_task_job_runner.py:243} INFO - Task exited with return code 0
[2025-10-29T18:17:14.029+0000] {taskinstance.py:3503} INFO - 0 downstream tasks scheduled from follow-on schedule check
[2025-10-29T18:17:14.029+0000] {local_task_job_runner.py:222} INFO - ::endgroup::
