[2025-09-28T00:12:08.883+0000] {local_task_job_runner.py:120} INFO - ::group::Pre task execution logs
[2025-09-28T00:12:08.889+0000] {taskinstance.py:2076} INFO - Dependencies all met for dep_context=non-requeueable deps ti=<TaskInstance: openphish_ingest.openphish_fetch_normalize_bronze scheduled__2025-09-27T00:00:00+00:00 [queued]>
[2025-09-28T00:12:08.891+0000] {taskinstance.py:2076} INFO - Dependencies all met for dep_context=requeueable deps ti=<TaskInstance: openphish_ingest.openphish_fetch_normalize_bronze scheduled__2025-09-27T00:00:00+00:00 [queued]>
[2025-09-28T00:12:08.891+0000] {taskinstance.py:2306} INFO - Starting attempt 2 of 2
[2025-09-28T00:12:08.895+0000] {taskinstance.py:2330} INFO - Executing <Task(PythonOperator): openphish_fetch_normalize_bronze> on 2025-09-27 00:00:00+00:00
[2025-09-28T00:12:08.899+0000] {warnings.py:112} WARNING - /home/airflow/.local/lib/python3.12/site-packages/airflow/task/task_runner/standard_task_runner.py:62: DeprecationWarning: This process (pid=12689) is multi-threaded, use of fork() may lead to deadlocks in the child.
  pid = os.fork()

[2025-09-28T00:12:08.899+0000] {standard_task_runner.py:64} INFO - Started process 12710 to run task
[2025-09-28T00:12:08.900+0000] {standard_task_runner.py:90} INFO - Running: ['airflow', 'tasks', 'run', 'openphish_ingest', 'openphish_fetch_normalize_bronze', 'scheduled__2025-09-27T00:00:00+00:00', '--job-id', '50', '--raw', '--subdir', 'DAGS_FOLDER/openphish_ingest.py', '--cfg-path', '/tmp/tmpa3ah3cz0']
[2025-09-28T00:12:08.900+0000] {standard_task_runner.py:91} INFO - Job 50: Subtask openphish_fetch_normalize_bronze
[2025-09-28T00:12:08.912+0000] {task_command.py:426} INFO - Running <TaskInstance: openphish_ingest.openphish_fetch_normalize_bronze scheduled__2025-09-27T00:00:00+00:00 [running]> on host 539ffd8f219e
[2025-09-28T00:12:08.930+0000] {taskinstance.py:2648} INFO - Exporting env vars: AIRFLOW_CTX_DAG_OWNER='you' AIRFLOW_CTX_DAG_ID='openphish_ingest' AIRFLOW_CTX_TASK_ID='openphish_fetch_normalize_bronze' AIRFLOW_CTX_EXECUTION_DATE='2025-09-27T00:00:00+00:00' AIRFLOW_CTX_TRY_NUMBER='2' AIRFLOW_CTX_DAG_RUN_ID='scheduled__2025-09-27T00:00:00+00:00'
[2025-09-28T00:12:08.930+0000] {taskinstance.py:430} INFO - ::endgroup::
[2025-09-28T00:12:21.017+0000] {logging_mixin.py:188} INFO - [openphish_ingest] rows after normalize: 300
[2025-09-28T00:12:21.025+0000] {logging_mixin.py:188} INFO - [openphish] rows after normalize: 300
[2025-09-28T00:12:21.054+0000] {python.py:237} INFO - Done. Returned value was: None
[2025-09-28T00:12:21.054+0000] {taskinstance.py:441} INFO - ::group::Post task execution logs
[2025-09-28T00:12:21.057+0000] {taskinstance.py:1206} INFO - Marking task as SUCCESS. dag_id=openphish_ingest, task_id=openphish_fetch_normalize_bronze, run_id=scheduled__2025-09-27T00:00:00+00:00, execution_date=20250927T000000, start_date=20250928T001208, end_date=20250928T001221
[2025-09-28T00:12:21.094+0000] {local_task_job_runner.py:243} INFO - Task exited with return code 0
[2025-09-28T00:12:21.101+0000] {taskinstance.py:3503} INFO - 0 downstream tasks scheduled from follow-on schedule check
[2025-09-28T00:12:21.102+0000] {local_task_job_runner.py:222} INFO - ::endgroup::
