[2025-09-28T00:01:58.776+0000] {local_task_job_runner.py:120} INFO - ::group::Pre task execution logs
[2025-09-28T00:01:58.789+0000] {taskinstance.py:2076} INFO - Dependencies all met for dep_context=non-requeueable deps ti=<TaskInstance: openphish_ingest.openphish_fetch_normalize_bronze scheduled__2025-09-27T00:00:00+00:00 [queued]>
[2025-09-28T00:01:58.791+0000] {taskinstance.py:2076} INFO - Dependencies all met for dep_context=requeueable deps ti=<TaskInstance: openphish_ingest.openphish_fetch_normalize_bronze scheduled__2025-09-27T00:00:00+00:00 [queued]>
[2025-09-28T00:01:58.791+0000] {taskinstance.py:2306} INFO - Starting attempt 1 of 2
[2025-09-28T00:01:58.798+0000] {taskinstance.py:2330} INFO - Executing <Task(PythonOperator): openphish_fetch_normalize_bronze> on 2025-09-27 00:00:00+00:00
[2025-09-28T00:01:58.803+0000] {warnings.py:112} WARNING - /home/airflow/.local/lib/python3.12/site-packages/airflow/task/task_runner/standard_task_runner.py:62: DeprecationWarning: This process (pid=12632) is multi-threaded, use of fork() may lead to deadlocks in the child.
  pid = os.fork()

[2025-09-28T00:01:58.804+0000] {standard_task_runner.py:64} INFO - Started process 12653 to run task
[2025-09-28T00:01:58.804+0000] {standard_task_runner.py:90} INFO - Running: ['airflow', 'tasks', 'run', 'openphish_ingest', 'openphish_fetch_normalize_bronze', 'scheduled__2025-09-27T00:00:00+00:00', '--job-id', '47', '--raw', '--subdir', 'DAGS_FOLDER/openphish_ingest.py', '--cfg-path', '/tmp/tmp20q6wgcq']
[2025-09-28T00:01:58.805+0000] {standard_task_runner.py:91} INFO - Job 47: Subtask openphish_fetch_normalize_bronze
[2025-09-28T00:01:58.825+0000] {task_command.py:426} INFO - Running <TaskInstance: openphish_ingest.openphish_fetch_normalize_bronze scheduled__2025-09-27T00:00:00+00:00 [running]> on host 539ffd8f219e
[2025-09-28T00:01:58.857+0000] {taskinstance.py:2648} INFO - Exporting env vars: AIRFLOW_CTX_DAG_OWNER='you' AIRFLOW_CTX_DAG_ID='openphish_ingest' AIRFLOW_CTX_TASK_ID='openphish_fetch_normalize_bronze' AIRFLOW_CTX_EXECUTION_DATE='2025-09-27T00:00:00+00:00' AIRFLOW_CTX_TRY_NUMBER='1' AIRFLOW_CTX_DAG_RUN_ID='scheduled__2025-09-27T00:00:00+00:00'
[2025-09-28T00:01:58.858+0000] {taskinstance.py:430} INFO - ::endgroup::
[2025-09-28T00:01:58.869+0000] {taskinstance.py:441} INFO - ::group::Post task execution logs
[2025-09-28T00:01:58.869+0000] {taskinstance.py:2905} ERROR - Task failed with exception
Traceback (most recent call last):
  File "/home/airflow/.local/lib/python3.12/site-packages/urllib3/connection.py", line 203, in _new_conn
    sock = connection.create_connection(
           ^^^^^^^^^^^^^^^^^^^^^^^^^^^^^
  File "/home/airflow/.local/lib/python3.12/site-packages/urllib3/util/connection.py", line 60, in create_connection
    for res in socket.getaddrinfo(host, port, family, socket.SOCK_STREAM):
               ^^^^^^^^^^^^^^^^^^^^^^^^^^^^^^^^^^^^^^^^^^^^^^^^^^^^^^^^^^
  File "/usr/local/lib/python3.12/socket.py", line 964, in getaddrinfo
    for res in _socket.getaddrinfo(host, port, family, type, proto, flags):
               ^^^^^^^^^^^^^^^^^^^^^^^^^^^^^^^^^^^^^^^^^^^^^^^^^^^^^^^^^^^
socket.gaierror: [Errno -2] Name or service not known

The above exception was the direct cause of the following exception:

Traceback (most recent call last):
  File "/home/airflow/.local/lib/python3.12/site-packages/urllib3/connectionpool.py", line 791, in urlopen
    response = self._make_request(
               ^^^^^^^^^^^^^^^^^^^
  File "/home/airflow/.local/lib/python3.12/site-packages/urllib3/connectionpool.py", line 492, in _make_request
    raise new_e
  File "/home/airflow/.local/lib/python3.12/site-packages/urllib3/connectionpool.py", line 468, in _make_request
    self._validate_conn(conn)
  File "/home/airflow/.local/lib/python3.12/site-packages/urllib3/connectionpool.py", line 1097, in _validate_conn
    conn.connect()
  File "/home/airflow/.local/lib/python3.12/site-packages/urllib3/connection.py", line 611, in connect
    self.sock = sock = self._new_conn()
                       ^^^^^^^^^^^^^^^^
  File "/home/airflow/.local/lib/python3.12/site-packages/urllib3/connection.py", line 210, in _new_conn
    raise NameResolutionError(self.host, self, e) from e
urllib3.exceptions.NameResolutionError: <urllib3.connection.HTTPSConnection object at 0xffff4f33a8a0>: Failed to resolve 'openphish.com' ([Errno -2] Name or service not known)

The above exception was the direct cause of the following exception:

Traceback (most recent call last):
  File "/home/airflow/.local/lib/python3.12/site-packages/requests/adapters.py", line 667, in send
    resp = conn.urlopen(
           ^^^^^^^^^^^^^
  File "/home/airflow/.local/lib/python3.12/site-packages/urllib3/connectionpool.py", line 845, in urlopen
    retries = retries.increment(
              ^^^^^^^^^^^^^^^^^^
  File "/home/airflow/.local/lib/python3.12/site-packages/urllib3/util/retry.py", line 515, in increment
    raise MaxRetryError(_pool, url, reason) from reason  # type: ignore[arg-type]
    ^^^^^^^^^^^^^^^^^^^^^^^^^^^^^^^^^^^^^^^^^^^^^^^^^^^
urllib3.exceptions.MaxRetryError: HTTPSConnectionPool(host='openphish.com', port=443): Max retries exceeded with url: /feed.txt (Caused by NameResolutionError("<urllib3.connection.HTTPSConnection object at 0xffff4f33a8a0>: Failed to resolve 'openphish.com' ([Errno -2] Name or service not known)"))

During handling of the above exception, another exception occurred:

Traceback (most recent call last):
  File "/home/airflow/.local/lib/python3.12/site-packages/airflow/models/taskinstance.py", line 465, in _execute_task
    result = _execute_callable(context=context, **execute_callable_kwargs)
             ^^^^^^^^^^^^^^^^^^^^^^^^^^^^^^^^^^^^^^^^^^^^^^^^^^^^^^^^^^^^^
  File "/home/airflow/.local/lib/python3.12/site-packages/airflow/models/taskinstance.py", line 432, in _execute_callable
    return execute_callable(context=context, **execute_callable_kwargs)
           ^^^^^^^^^^^^^^^^^^^^^^^^^^^^^^^^^^^^^^^^^^^^^^^^^^^^^^^^^^^^
  File "/home/airflow/.local/lib/python3.12/site-packages/airflow/models/baseoperator.py", line 401, in wrapper
    return func(self, *args, **kwargs)
           ^^^^^^^^^^^^^^^^^^^^^^^^^^^
  File "/home/airflow/.local/lib/python3.12/site-packages/airflow/operators/python.py", line 235, in execute
    return_value = self.execute_callable()
                   ^^^^^^^^^^^^^^^^^^^^^^^
  File "/home/airflow/.local/lib/python3.12/site-packages/airflow/operators/python.py", line 252, in execute_callable
    return self.python_callable(*self.op_args, **self.op_kwargs)
           ^^^^^^^^^^^^^^^^^^^^^^^^^^^^^^^^^^^^^^^^^^^^^^^^^^^^^
  File "/opt/airflow/dags/openphish_ingest.py", line 23, in fetch_and_write_openphish
    r = requests.get(url, timeout=60, headers={"User-Agent":"threat-intel-lab/0.1"})
        ^^^^^^^^^^^^^^^^^^^^^^^^^^^^^^^^^^^^^^^^^^^^^^^^^^^^^^^^^^^^^^^^^^^^^^^^^^^^
  File "/home/airflow/.local/lib/python3.12/site-packages/requests/api.py", line 73, in get
    return request("get", url, params=params, **kwargs)
           ^^^^^^^^^^^^^^^^^^^^^^^^^^^^^^^^^^^^^^^^^^^^
  File "/home/airflow/.local/lib/python3.12/site-packages/requests/api.py", line 59, in request
    return session.request(method=method, url=url, **kwargs)
           ^^^^^^^^^^^^^^^^^^^^^^^^^^^^^^^^^^^^^^^^^^^^^^^^^
  File "/home/airflow/.local/lib/python3.12/site-packages/requests/sessions.py", line 589, in request
    resp = self.send(prep, **send_kwargs)
           ^^^^^^^^^^^^^^^^^^^^^^^^^^^^^^
  File "/home/airflow/.local/lib/python3.12/site-packages/requests/sessions.py", line 703, in send
    r = adapter.send(request, **kwargs)
        ^^^^^^^^^^^^^^^^^^^^^^^^^^^^^^^
  File "/home/airflow/.local/lib/python3.12/site-packages/requests/adapters.py", line 700, in send
    raise ConnectionError(e, request=request)
requests.exceptions.ConnectionError: HTTPSConnectionPool(host='openphish.com', port=443): Max retries exceeded with url: /feed.txt (Caused by NameResolutionError("<urllib3.connection.HTTPSConnection object at 0xffff4f33a8a0>: Failed to resolve 'openphish.com' ([Errno -2] Name or service not known)"))
[2025-09-28T00:01:58.874+0000] {taskinstance.py:1206} INFO - Marking task as UP_FOR_RETRY. dag_id=openphish_ingest, task_id=openphish_fetch_normalize_bronze, run_id=scheduled__2025-09-27T00:00:00+00:00, execution_date=20250927T000000, start_date=20250928T000158, end_date=20250928T000158
[2025-09-28T00:01:58.878+0000] {standard_task_runner.py:110} ERROR - Failed to execute job 47 for task openphish_fetch_normalize_bronze (HTTPSConnectionPool(host='openphish.com', port=443): Max retries exceeded with url: /feed.txt (Caused by NameResolutionError("<urllib3.connection.HTTPSConnection object at 0xffff4f33a8a0>: Failed to resolve 'openphish.com' ([Errno -2] Name or service not known)")); 12653)
[2025-09-28T00:01:58.902+0000] {local_task_job_runner.py:243} INFO - Task exited with return code 1
[2025-09-28T00:01:58.908+0000] {taskinstance.py:3503} INFO - 0 downstream tasks scheduled from follow-on schedule check
[2025-09-28T00:01:58.908+0000] {local_task_job_runner.py:222} INFO - ::endgroup::
[2025-10-29T17:14:58.815+0000] {local_task_job_runner.py:120} INFO - ::group::Pre task execution logs
[2025-10-29T17:14:58.825+0000] {taskinstance.py:2076} INFO - Dependencies all met for dep_context=non-requeueable deps ti=<TaskInstance: openphish_ingest.openphish_fetch_normalize_bronze scheduled__2025-09-27T00:00:00+00:00 [queued]>
[2025-10-29T17:14:58.828+0000] {taskinstance.py:2076} INFO - Dependencies all met for dep_context=requeueable deps ti=<TaskInstance: openphish_ingest.openphish_fetch_normalize_bronze scheduled__2025-09-27T00:00:00+00:00 [queued]>
[2025-10-29T17:14:58.828+0000] {taskinstance.py:2306} INFO - Starting attempt 1 of 2
[2025-10-29T17:14:58.832+0000] {taskinstance.py:2330} INFO - Executing <Task(PythonOperator): openphish_fetch_normalize_bronze> on 2025-09-27 00:00:00+00:00
[2025-10-29T17:14:58.835+0000] {warnings.py:112} WARNING - /home/airflow/.local/lib/python3.12/site-packages/airflow/task/task_runner/standard_task_runner.py:62: DeprecationWarning: This process (pid=1486) is multi-threaded, use of fork() may lead to deadlocks in the child.
  pid = os.fork()

[2025-10-29T17:14:58.835+0000] {standard_task_runner.py:64} INFO - Started process 1507 to run task
[2025-10-29T17:14:58.836+0000] {standard_task_runner.py:90} INFO - Running: ['airflow', 'tasks', 'run', 'openphish_ingest', 'openphish_fetch_normalize_bronze', 'scheduled__2025-09-27T00:00:00+00:00', '--job-id', '52', '--raw', '--subdir', 'DAGS_FOLDER/openphish_ingest.py', '--cfg-path', '/tmp/tmp357v9i6o']
[2025-10-29T17:14:58.836+0000] {standard_task_runner.py:91} INFO - Job 52: Subtask openphish_fetch_normalize_bronze
[2025-10-29T17:14:58.848+0000] {task_command.py:426} INFO - Running <TaskInstance: openphish_ingest.openphish_fetch_normalize_bronze scheduled__2025-09-27T00:00:00+00:00 [running]> on host 109bbc934e0f
[2025-10-29T17:14:58.869+0000] {taskinstance.py:2648} INFO - Exporting env vars: AIRFLOW_CTX_DAG_OWNER='you' AIRFLOW_CTX_DAG_ID='openphish_ingest' AIRFLOW_CTX_TASK_ID='openphish_fetch_normalize_bronze' AIRFLOW_CTX_EXECUTION_DATE='2025-09-27T00:00:00+00:00' AIRFLOW_CTX_TRY_NUMBER='1' AIRFLOW_CTX_DAG_RUN_ID='scheduled__2025-09-27T00:00:00+00:00'
[2025-10-29T17:14:58.869+0000] {taskinstance.py:430} INFO - ::endgroup::
[2025-10-29T17:14:59.521+0000] {logging_mixin.py:188} INFO - [openphish_ingest] rows after normalize: 300
[2025-10-29T17:14:59.525+0000] {logging_mixin.py:188} INFO - [openphish] rows after normalize: 300
[2025-10-29T17:14:59.537+0000] {python.py:237} INFO - Done. Returned value was: None
[2025-10-29T17:14:59.537+0000] {taskinstance.py:441} INFO - ::group::Post task execution logs
[2025-10-29T17:14:59.539+0000] {taskinstance.py:1206} INFO - Marking task as SUCCESS. dag_id=openphish_ingest, task_id=openphish_fetch_normalize_bronze, run_id=scheduled__2025-09-27T00:00:00+00:00, execution_date=20250927T000000, start_date=20251029T171458, end_date=20251029T171459
[2025-10-29T17:14:59.568+0000] {local_task_job_runner.py:243} INFO - Task exited with return code 0
[2025-10-29T17:14:59.572+0000] {taskinstance.py:3503} INFO - 0 downstream tasks scheduled from follow-on schedule check
[2025-10-29T17:14:59.572+0000] {local_task_job_runner.py:222} INFO - ::endgroup::
[2025-10-29T18:11:43.438+0000] {local_task_job_runner.py:120} INFO - ::group::Pre task execution logs
[2025-10-29T18:11:43.446+0000] {taskinstance.py:2076} INFO - Dependencies all met for dep_context=non-requeueable deps ti=<TaskInstance: openphish_ingest.openphish_fetch_normalize_bronze scheduled__2025-09-27T00:00:00+00:00 [queued]>
[2025-10-29T18:11:43.448+0000] {taskinstance.py:2076} INFO - Dependencies all met for dep_context=requeueable deps ti=<TaskInstance: openphish_ingest.openphish_fetch_normalize_bronze scheduled__2025-09-27T00:00:00+00:00 [queued]>
[2025-10-29T18:11:43.448+0000] {taskinstance.py:2306} INFO - Starting attempt 1 of 2
[2025-10-29T18:11:43.452+0000] {taskinstance.py:2330} INFO - Executing <Task(PythonOperator): openphish_fetch_normalize_bronze> on 2025-09-27 00:00:00+00:00
[2025-10-29T18:11:43.455+0000] {warnings.py:112} WARNING - /home/airflow/.local/lib/python3.12/site-packages/airflow/task/task_runner/standard_task_runner.py:62: DeprecationWarning: This process (pid=3357) is multi-threaded, use of fork() may lead to deadlocks in the child.
  pid = os.fork()

[2025-10-29T18:11:43.455+0000] {standard_task_runner.py:64} INFO - Started process 3378 to run task
[2025-10-29T18:11:43.456+0000] {standard_task_runner.py:90} INFO - Running: ['airflow', 'tasks', 'run', 'openphish_ingest', 'openphish_fetch_normalize_bronze', 'scheduled__2025-09-27T00:00:00+00:00', '--job-id', '129', '--raw', '--subdir', 'DAGS_FOLDER/openphish_ingest.py', '--cfg-path', '/tmp/tmpvmsb4_s2']
[2025-10-29T18:11:43.456+0000] {standard_task_runner.py:91} INFO - Job 129: Subtask openphish_fetch_normalize_bronze
[2025-10-29T18:11:43.468+0000] {task_command.py:426} INFO - Running <TaskInstance: openphish_ingest.openphish_fetch_normalize_bronze scheduled__2025-09-27T00:00:00+00:00 [running]> on host 9a4b1d75930e
[2025-10-29T18:11:43.489+0000] {taskinstance.py:2648} INFO - Exporting env vars: AIRFLOW_CTX_DAG_OWNER='you' AIRFLOW_CTX_DAG_ID='openphish_ingest' AIRFLOW_CTX_TASK_ID='openphish_fetch_normalize_bronze' AIRFLOW_CTX_EXECUTION_DATE='2025-09-27T00:00:00+00:00' AIRFLOW_CTX_TRY_NUMBER='1' AIRFLOW_CTX_DAG_RUN_ID='scheduled__2025-09-27T00:00:00+00:00'
[2025-10-29T18:11:43.490+0000] {taskinstance.py:430} INFO - ::endgroup::
[2025-10-29T18:11:44.152+0000] {logging_mixin.py:188} INFO - [openphish_ingest] rows after normalize: 300
[2025-10-29T18:11:44.156+0000] {logging_mixin.py:188} INFO - [openphish] rows after normalize: 300
[2025-10-29T18:11:44.166+0000] {python.py:237} INFO - Done. Returned value was: None
[2025-10-29T18:11:44.167+0000] {taskinstance.py:441} INFO - ::group::Post task execution logs
[2025-10-29T18:11:44.169+0000] {taskinstance.py:1206} INFO - Marking task as SUCCESS. dag_id=openphish_ingest, task_id=openphish_fetch_normalize_bronze, run_id=scheduled__2025-09-27T00:00:00+00:00, execution_date=20250927T000000, start_date=20251029T181143, end_date=20251029T181144
[2025-10-29T18:11:44.191+0000] {local_task_job_runner.py:243} INFO - Task exited with return code 0
[2025-10-29T18:11:44.196+0000] {taskinstance.py:3503} INFO - 0 downstream tasks scheduled from follow-on schedule check
[2025-10-29T18:11:44.197+0000] {local_task_job_runner.py:222} INFO - ::endgroup::
