[2025-10-06T00:17:45.045+0000] {local_task_job_runner.py:120} INFO - ::group::Pre task execution logs
[2025-10-06T00:17:45.059+0000] {taskinstance.py:2076} INFO - Dependencies all met for dep_context=non-requeueable deps ti=<TaskInstance: urlhaus_silver.urlhaus_bronze_to_silver scheduled__2025-10-05T00:00:00+00:00 [queued]>
[2025-10-06T00:17:45.061+0000] {taskinstance.py:2076} INFO - Dependencies all met for dep_context=requeueable deps ti=<TaskInstance: urlhaus_silver.urlhaus_bronze_to_silver scheduled__2025-10-05T00:00:00+00:00 [queued]>
[2025-10-06T00:17:45.061+0000] {taskinstance.py:2306} INFO - Starting attempt 1 of 1
[2025-10-06T00:17:45.067+0000] {taskinstance.py:2330} INFO - Executing <Task(PythonOperator): urlhaus_bronze_to_silver> on 2025-10-05 00:00:00+00:00
[2025-10-06T00:17:45.081+0000] {standard_task_runner.py:90} INFO - Running: ['airflow', 'tasks', 'run', 'urlhaus_silver', 'urlhaus_bronze_to_silver', 'scheduled__2025-10-05T00:00:00+00:00', '--job-id', '101', '--raw', '--subdir', 'DAGS_FOLDER/urlhaus_silver.py', '--cfg-path', '/tmp/tmp17lg4f57']
[2025-10-06T00:17:45.085+0000] {standard_task_runner.py:91} INFO - Job 101: Subtask urlhaus_bronze_to_silver
[2025-10-06T00:17:45.085+0000] {logging_mixin.py:188} WARNING - /home/airflow/.local/lib/python3.12/site-packages/airflow/task/task_runner/standard_task_runner.py:62 DeprecationWarning: This process (pid=88024) is multi-threaded, use of fork() may lead to deadlocks in the child.
[2025-10-06T00:17:45.090+0000] {standard_task_runner.py:64} INFO - Started process 88035 to run task
[2025-10-06T00:17:45.101+0000] {task_command.py:426} INFO - Running <TaskInstance: urlhaus_silver.urlhaus_bronze_to_silver scheduled__2025-10-05T00:00:00+00:00 [running]> on host 539ffd8f219e
[2025-10-06T00:17:45.135+0000] {taskinstance.py:2648} INFO - Exporting env vars: AIRFLOW_CTX_DAG_OWNER='you' AIRFLOW_CTX_DAG_ID='urlhaus_silver' AIRFLOW_CTX_TASK_ID='urlhaus_bronze_to_silver' AIRFLOW_CTX_EXECUTION_DATE='2025-10-05T00:00:00+00:00' AIRFLOW_CTX_TRY_NUMBER='1' AIRFLOW_CTX_DAG_RUN_ID='scheduled__2025-10-05T00:00:00+00:00'
[2025-10-06T00:17:45.135+0000] {taskinstance.py:430} INFO - ::endgroup::
[2025-10-06T00:17:45.259+0000] {logging_mixin.py:188} INFO - [urlhaus_silver] wrote 5804 rows -> /opt/airflow/silver/urlhaus/ingest_date=2025-10-05
[2025-10-06T00:17:45.261+0000] {python.py:237} INFO - Done. Returned value was: None
[2025-10-06T00:17:45.261+0000] {taskinstance.py:441} INFO - ::group::Post task execution logs
[2025-10-06T00:17:45.264+0000] {taskinstance.py:1206} INFO - Marking task as SUCCESS. dag_id=urlhaus_silver, task_id=urlhaus_bronze_to_silver, run_id=scheduled__2025-10-05T00:00:00+00:00, execution_date=20251005T000000, start_date=20251006T001745, end_date=20251006T001745
[2025-10-06T00:17:45.278+0000] {local_task_job_runner.py:243} INFO - Task exited with return code 0
[2025-10-06T00:17:45.283+0000] {taskinstance.py:3503} INFO - 0 downstream tasks scheduled from follow-on schedule check
[2025-10-06T00:17:45.284+0000] {local_task_job_runner.py:222} INFO - ::endgroup::
[2025-10-29T18:13:34.989+0000] {local_task_job_runner.py:120} INFO - ::group::Pre task execution logs
[2025-10-29T18:13:34.997+0000] {taskinstance.py:2076} INFO - Dependencies all met for dep_context=non-requeueable deps ti=<TaskInstance: urlhaus_silver.urlhaus_bronze_to_silver scheduled__2025-10-05T00:00:00+00:00 [queued]>
[2025-10-29T18:13:34.999+0000] {taskinstance.py:2076} INFO - Dependencies all met for dep_context=requeueable deps ti=<TaskInstance: urlhaus_silver.urlhaus_bronze_to_silver scheduled__2025-10-05T00:00:00+00:00 [queued]>
[2025-10-29T18:13:34.999+0000] {taskinstance.py:2306} INFO - Starting attempt 1 of 1
[2025-10-29T18:13:35.004+0000] {taskinstance.py:2330} INFO - Executing <Task(PythonOperator): urlhaus_bronze_to_silver> on 2025-10-05 00:00:00+00:00
[2025-10-29T18:13:35.006+0000] {standard_task_runner.py:90} INFO - Running: ['airflow', 'tasks', 'run', 'urlhaus_silver', 'urlhaus_bronze_to_silver', 'scheduled__2025-10-05T00:00:00+00:00', '--job-id', '175', '--raw', '--subdir', 'DAGS_FOLDER/urlhaus_silver.py', '--cfg-path', '/tmp/tmpnm41l7xn']
[2025-10-29T18:13:35.007+0000] {standard_task_runner.py:91} INFO - Job 175: Subtask urlhaus_bronze_to_silver
[2025-10-29T18:13:35.007+0000] {logging_mixin.py:188} WARNING - /home/airflow/.local/lib/python3.12/site-packages/airflow/task/task_runner/standard_task_runner.py:62 DeprecationWarning: This process (pid=4494) is multi-threaded, use of fork() may lead to deadlocks in the child.
[2025-10-29T18:13:35.010+0000] {standard_task_runner.py:64} INFO - Started process 4505 to run task
[2025-10-29T18:13:35.018+0000] {task_command.py:426} INFO - Running <TaskInstance: urlhaus_silver.urlhaus_bronze_to_silver scheduled__2025-10-05T00:00:00+00:00 [running]> on host 9a4b1d75930e
[2025-10-29T18:13:35.038+0000] {taskinstance.py:2648} INFO - Exporting env vars: AIRFLOW_CTX_DAG_OWNER='you' AIRFLOW_CTX_DAG_ID='urlhaus_silver' AIRFLOW_CTX_TASK_ID='urlhaus_bronze_to_silver' AIRFLOW_CTX_EXECUTION_DATE='2025-10-05T00:00:00+00:00' AIRFLOW_CTX_TRY_NUMBER='1' AIRFLOW_CTX_DAG_RUN_ID='scheduled__2025-10-05T00:00:00+00:00'
[2025-10-29T18:13:35.038+0000] {taskinstance.py:430} INFO - ::endgroup::
[2025-10-29T18:13:35.072+0000] {logging_mixin.py:188} INFO - [urlhaus_silver] 2025-10-05: wrote 2908 rows -> /opt/airflow/silver/urlhaus/ingest_date=2025-10-05
[2025-10-29T18:13:35.073+0000] {python.py:237} INFO - Done. Returned value was: None
[2025-10-29T18:13:35.073+0000] {taskinstance.py:441} INFO - ::group::Post task execution logs
[2025-10-29T18:13:35.075+0000] {taskinstance.py:1206} INFO - Marking task as SUCCESS. dag_id=urlhaus_silver, task_id=urlhaus_bronze_to_silver, run_id=scheduled__2025-10-05T00:00:00+00:00, execution_date=20251005T000000, start_date=20251029T181334, end_date=20251029T181335
[2025-10-29T18:13:35.111+0000] {local_task_job_runner.py:243} INFO - Task exited with return code 0
[2025-10-29T18:13:35.116+0000] {taskinstance.py:3503} INFO - 0 downstream tasks scheduled from follow-on schedule check
[2025-10-29T18:13:35.116+0000] {local_task_job_runner.py:222} INFO - ::endgroup::
