[2025-11-07T01:42:20.492+0000] {local_task_job_runner.py:120} INFO - ::group::Pre task execution logs
[2025-11-07T01:42:20.503+0000] {taskinstance.py:2076} INFO - Dependencies all met for dep_context=non-requeueable deps ti=<TaskInstance: urlhaus_ingest.urlhaus_fetch_normalize_bronze scheduled__2025-11-06T00:00:00+00:00 [queued]>
[2025-11-07T01:42:20.505+0000] {taskinstance.py:2076} INFO - Dependencies all met for dep_context=requeueable deps ti=<TaskInstance: urlhaus_ingest.urlhaus_fetch_normalize_bronze scheduled__2025-11-06T00:00:00+00:00 [queued]>
[2025-11-07T01:42:20.505+0000] {taskinstance.py:2306} INFO - Starting attempt 2 of 2
[2025-11-07T01:42:20.512+0000] {taskinstance.py:2330} INFO - Executing <Task(PythonOperator): urlhaus_fetch_normalize_bronze> on 2025-11-06 00:00:00+00:00
[2025-11-07T01:42:20.517+0000] {warnings.py:112} WARNING - /home/airflow/.local/lib/python3.12/site-packages/airflow/task/task_runner/standard_task_runner.py:62: DeprecationWarning: This process (pid=42883) is multi-threaded, use of fork() may lead to deadlocks in the child.
  pid = os.fork()

[2025-11-07T01:42:20.519+0000] {standard_task_runner.py:64} INFO - Started process 42904 to run task
[2025-11-07T01:42:20.520+0000] {standard_task_runner.py:90} INFO - Running: ['airflow', 'tasks', 'run', 'urlhaus_ingest', 'urlhaus_fetch_normalize_bronze', 'scheduled__2025-11-06T00:00:00+00:00', '--job-id', '43', '--raw', '--subdir', 'DAGS_FOLDER/urlhaus_ingest.py', '--cfg-path', '/tmp/tmp4gy_11y4']
[2025-11-07T01:42:20.521+0000] {standard_task_runner.py:91} INFO - Job 43: Subtask urlhaus_fetch_normalize_bronze
[2025-11-07T01:42:20.543+0000] {task_command.py:426} INFO - Running <TaskInstance: urlhaus_ingest.urlhaus_fetch_normalize_bronze scheduled__2025-11-06T00:00:00+00:00 [running]> on host 7e98baed574a
[2025-11-07T01:42:20.576+0000] {taskinstance.py:2648} INFO - Exporting env vars: AIRFLOW_CTX_DAG_OWNER='you' AIRFLOW_CTX_DAG_ID='urlhaus_ingest' AIRFLOW_CTX_TASK_ID='urlhaus_fetch_normalize_bronze' AIRFLOW_CTX_EXECUTION_DATE='2025-11-06T00:00:00+00:00' AIRFLOW_CTX_TRY_NUMBER='2' AIRFLOW_CTX_DAG_RUN_ID='scheduled__2025-11-06T00:00:00+00:00'
[2025-11-07T01:42:20.577+0000] {taskinstance.py:430} INFO - ::endgroup::
[2025-11-07T01:42:21.198+0000] {logging_mixin.py:188} INFO - [urlhaus_ingest] rows after normalize: 22881
[2025-11-07T01:42:21.214+0000] {logging_mixin.py:188} INFO - [urlhaus] rows after normalize: 22881
[2025-11-07T01:42:21.253+0000] {python.py:237} INFO - Done. Returned value was: None
[2025-11-07T01:42:21.254+0000] {taskinstance.py:441} INFO - ::group::Post task execution logs
[2025-11-07T01:42:21.256+0000] {taskinstance.py:1206} INFO - Marking task as SUCCESS. dag_id=urlhaus_ingest, task_id=urlhaus_fetch_normalize_bronze, run_id=scheduled__2025-11-06T00:00:00+00:00, execution_date=20251106T000000, start_date=20251107T014220, end_date=20251107T014221
[2025-11-07T01:42:21.295+0000] {local_task_job_runner.py:243} INFO - Task exited with return code 0
[2025-11-07T01:42:21.301+0000] {taskinstance.py:3503} INFO - 0 downstream tasks scheduled from follow-on schedule check
[2025-11-07T01:42:21.301+0000] {local_task_job_runner.py:222} INFO - ::endgroup::
