[2025-10-29T17:13:01.530+0000] {local_task_job_runner.py:120} INFO - ::group::Pre task execution logs
[2025-10-29T17:13:01.537+0000] {taskinstance.py:2076} INFO - Dependencies all met for dep_context=non-requeueable deps ti=<TaskInstance: openphish_ingest.openphish_fetch_normalize_bronze scheduled__2025-09-11T00:00:00+00:00 [queued]>
[2025-10-29T17:13:01.539+0000] {taskinstance.py:2076} INFO - Dependencies all met for dep_context=requeueable deps ti=<TaskInstance: openphish_ingest.openphish_fetch_normalize_bronze scheduled__2025-09-11T00:00:00+00:00 [queued]>
[2025-10-29T17:13:01.539+0000] {taskinstance.py:2306} INFO - Starting attempt 1 of 2
[2025-10-29T17:13:01.543+0000] {taskinstance.py:2330} INFO - Executing <Task(PythonOperator): openphish_fetch_normalize_bronze> on 2025-09-11 00:00:00+00:00
[2025-10-29T17:13:01.545+0000] {warnings.py:112} WARNING - /home/airflow/.local/lib/python3.12/site-packages/airflow/task/task_runner/standard_task_runner.py:62: DeprecationWarning: This process (pid=612) is multi-threaded, use of fork() may lead to deadlocks in the child.
  pid = os.fork()

[2025-10-29T17:13:01.545+0000] {standard_task_runner.py:64} INFO - Started process 633 to run task
[2025-10-29T17:13:01.546+0000] {standard_task_runner.py:90} INFO - Running: ['airflow', 'tasks', 'run', 'openphish_ingest', 'openphish_fetch_normalize_bronze', 'scheduled__2025-09-11T00:00:00+00:00', '--job-id', '20', '--raw', '--subdir', 'DAGS_FOLDER/openphish_ingest.py', '--cfg-path', '/tmp/tmpelse3889']
[2025-10-29T17:13:01.546+0000] {standard_task_runner.py:91} INFO - Job 20: Subtask openphish_fetch_normalize_bronze
[2025-10-29T17:13:01.557+0000] {task_command.py:426} INFO - Running <TaskInstance: openphish_ingest.openphish_fetch_normalize_bronze scheduled__2025-09-11T00:00:00+00:00 [running]> on host 109bbc934e0f
[2025-10-29T17:13:01.576+0000] {taskinstance.py:2648} INFO - Exporting env vars: AIRFLOW_CTX_DAG_OWNER='you' AIRFLOW_CTX_DAG_ID='openphish_ingest' AIRFLOW_CTX_TASK_ID='openphish_fetch_normalize_bronze' AIRFLOW_CTX_EXECUTION_DATE='2025-09-11T00:00:00+00:00' AIRFLOW_CTX_TRY_NUMBER='1' AIRFLOW_CTX_DAG_RUN_ID='scheduled__2025-09-11T00:00:00+00:00'
[2025-10-29T17:13:01.576+0000] {taskinstance.py:430} INFO - ::endgroup::
[2025-10-29T17:13:02.241+0000] {logging_mixin.py:188} INFO - [openphish_ingest] rows after normalize: 300
[2025-10-29T17:13:02.246+0000] {logging_mixin.py:188} INFO - [openphish] rows after normalize: 300
[2025-10-29T17:13:02.264+0000] {python.py:237} INFO - Done. Returned value was: None
[2025-10-29T17:13:02.264+0000] {taskinstance.py:441} INFO - ::group::Post task execution logs
[2025-10-29T17:13:02.267+0000] {taskinstance.py:1206} INFO - Marking task as SUCCESS. dag_id=openphish_ingest, task_id=openphish_fetch_normalize_bronze, run_id=scheduled__2025-09-11T00:00:00+00:00, execution_date=20250911T000000, start_date=20251029T171301, end_date=20251029T171302
[2025-10-29T17:13:02.290+0000] {local_task_job_runner.py:243} INFO - Task exited with return code 0
[2025-10-29T17:13:02.296+0000] {taskinstance.py:3503} INFO - 0 downstream tasks scheduled from follow-on schedule check
[2025-10-29T17:13:02.296+0000] {local_task_job_runner.py:222} INFO - ::endgroup::
[2025-10-29T18:08:34.063+0000] {local_task_job_runner.py:120} INFO - ::group::Pre task execution logs
[2025-10-29T18:08:34.071+0000] {taskinstance.py:2076} INFO - Dependencies all met for dep_context=non-requeueable deps ti=<TaskInstance: openphish_ingest.openphish_fetch_normalize_bronze scheduled__2025-09-11T00:00:00+00:00 [queued]>
[2025-10-29T18:08:34.072+0000] {taskinstance.py:2076} INFO - Dependencies all met for dep_context=requeueable deps ti=<TaskInstance: openphish_ingest.openphish_fetch_normalize_bronze scheduled__2025-09-11T00:00:00+00:00 [queued]>
[2025-10-29T18:08:34.072+0000] {taskinstance.py:2306} INFO - Starting attempt 1 of 2
[2025-10-29T18:08:34.076+0000] {taskinstance.py:2330} INFO - Executing <Task(PythonOperator): openphish_fetch_normalize_bronze> on 2025-09-11 00:00:00+00:00
[2025-10-29T18:08:34.079+0000] {warnings.py:112} WARNING - /home/airflow/.local/lib/python3.12/site-packages/airflow/task/task_runner/standard_task_runner.py:62: DeprecationWarning: This process (pid=1384) is multi-threaded, use of fork() may lead to deadlocks in the child.
  pid = os.fork()

[2025-10-29T18:08:34.079+0000] {standard_task_runner.py:64} INFO - Started process 1405 to run task
[2025-10-29T18:08:34.080+0000] {standard_task_runner.py:90} INFO - Running: ['airflow', 'tasks', 'run', 'openphish_ingest', 'openphish_fetch_normalize_bronze', 'scheduled__2025-09-11T00:00:00+00:00', '--job-id', '49', '--raw', '--subdir', 'DAGS_FOLDER/openphish_ingest.py', '--cfg-path', '/tmp/tmptclblxx4']
[2025-10-29T18:08:34.080+0000] {standard_task_runner.py:91} INFO - Job 49: Subtask openphish_fetch_normalize_bronze
[2025-10-29T18:08:34.092+0000] {task_command.py:426} INFO - Running <TaskInstance: openphish_ingest.openphish_fetch_normalize_bronze scheduled__2025-09-11T00:00:00+00:00 [running]> on host 9a4b1d75930e
[2025-10-29T18:08:34.116+0000] {taskinstance.py:2648} INFO - Exporting env vars: AIRFLOW_CTX_DAG_OWNER='you' AIRFLOW_CTX_DAG_ID='openphish_ingest' AIRFLOW_CTX_TASK_ID='openphish_fetch_normalize_bronze' AIRFLOW_CTX_EXECUTION_DATE='2025-09-11T00:00:00+00:00' AIRFLOW_CTX_TRY_NUMBER='1' AIRFLOW_CTX_DAG_RUN_ID='scheduled__2025-09-11T00:00:00+00:00'
[2025-10-29T18:08:34.116+0000] {taskinstance.py:430} INFO - ::endgroup::
[2025-10-29T18:08:34.774+0000] {logging_mixin.py:188} INFO - [openphish_ingest] rows after normalize: 300
[2025-10-29T18:08:34.778+0000] {logging_mixin.py:188} INFO - [openphish] rows after normalize: 300
[2025-10-29T18:08:34.793+0000] {python.py:237} INFO - Done. Returned value was: None
[2025-10-29T18:08:34.793+0000] {taskinstance.py:441} INFO - ::group::Post task execution logs
[2025-10-29T18:08:34.796+0000] {taskinstance.py:1206} INFO - Marking task as SUCCESS. dag_id=openphish_ingest, task_id=openphish_fetch_normalize_bronze, run_id=scheduled__2025-09-11T00:00:00+00:00, execution_date=20250911T000000, start_date=20251029T180834, end_date=20251029T180834
[2025-10-29T18:08:34.837+0000] {local_task_job_runner.py:243} INFO - Task exited with return code 0
[2025-10-29T18:08:34.844+0000] {taskinstance.py:3503} INFO - 0 downstream tasks scheduled from follow-on schedule check
[2025-10-29T18:08:34.844+0000] {local_task_job_runner.py:222} INFO - ::endgroup::
