[2025-09-22T18:03:03.713+0000] {local_task_job_runner.py:120} INFO - ::group::Pre task execution logs
[2025-09-22T18:03:03.724+0000] {taskinstance.py:2076} INFO - Dependencies all met for dep_context=non-requeueable deps ti=<TaskInstance: urlhaus_silver.urlhaus_bronze_to_silver scheduled__2025-09-21T00:00:00+00:00 [queued]>
[2025-09-22T18:03:03.727+0000] {taskinstance.py:2076} INFO - Dependencies all met for dep_context=requeueable deps ti=<TaskInstance: urlhaus_silver.urlhaus_bronze_to_silver scheduled__2025-09-21T00:00:00+00:00 [queued]>
[2025-09-22T18:03:03.727+0000] {taskinstance.py:2306} INFO - Starting attempt 1 of 1
[2025-09-22T18:03:03.734+0000] {taskinstance.py:2330} INFO - Executing <Task(PythonOperator): urlhaus_bronze_to_silver> on 2025-09-21 00:00:00+00:00
[2025-09-22T18:03:03.738+0000] {standard_task_runner.py:90} INFO - Running: ['airflow', 'tasks', 'run', 'urlhaus_silver', 'urlhaus_bronze_to_silver', 'scheduled__2025-09-21T00:00:00+00:00', '--job-id', '33', '--raw', '--subdir', 'DAGS_FOLDER/urlhaus_silver.py', '--cfg-path', '/tmp/tmpymoqldbq']
[2025-09-22T18:03:03.741+0000] {standard_task_runner.py:91} INFO - Job 33: Subtask urlhaus_bronze_to_silver
[2025-09-22T18:03:03.741+0000] {logging_mixin.py:188} WARNING - /home/airflow/.local/lib/python3.12/site-packages/airflow/task/task_runner/standard_task_runner.py:62 DeprecationWarning: This process (pid=180) is multi-threaded, use of fork() may lead to deadlocks in the child.
[2025-09-22T18:03:03.742+0000] {standard_task_runner.py:64} INFO - Started process 191 to run task
[2025-09-22T18:03:03.762+0000] {task_command.py:426} INFO - Running <TaskInstance: urlhaus_silver.urlhaus_bronze_to_silver scheduled__2025-09-21T00:00:00+00:00 [running]> on host 367d1d51de70
[2025-09-22T18:03:03.788+0000] {taskinstance.py:2648} INFO - Exporting env vars: AIRFLOW_CTX_DAG_OWNER='you' AIRFLOW_CTX_DAG_ID='urlhaus_silver' AIRFLOW_CTX_TASK_ID='urlhaus_bronze_to_silver' AIRFLOW_CTX_EXECUTION_DATE='2025-09-21T00:00:00+00:00' AIRFLOW_CTX_TRY_NUMBER='1' AIRFLOW_CTX_DAG_RUN_ID='scheduled__2025-09-21T00:00:00+00:00'
[2025-09-22T18:03:03.789+0000] {taskinstance.py:430} INFO - ::endgroup::
[2025-09-22T18:03:03.884+0000] {logging_mixin.py:188} INFO - [urlhaus_silver] wrote 5646 rows -> /opt/airflow/silver/urlhaus/ingest_date=2025-09-21
[2025-09-22T18:03:03.886+0000] {python.py:237} INFO - Done. Returned value was: None
[2025-09-22T18:03:03.886+0000] {taskinstance.py:441} INFO - ::group::Post task execution logs
[2025-09-22T18:03:03.889+0000] {taskinstance.py:1206} INFO - Marking task as SUCCESS. dag_id=urlhaus_silver, task_id=urlhaus_bronze_to_silver, run_id=scheduled__2025-09-21T00:00:00+00:00, execution_date=20250921T000000, start_date=20250922T180303, end_date=20250922T180303
[2025-09-22T18:03:03.922+0000] {local_task_job_runner.py:243} INFO - Task exited with return code 0
[2025-09-22T18:03:03.927+0000] {taskinstance.py:3503} INFO - 0 downstream tasks scheduled from follow-on schedule check
[2025-09-22T18:03:03.927+0000] {local_task_job_runner.py:222} INFO - ::endgroup::
[2025-09-22T18:11:43.347+0000] {local_task_job_runner.py:120} INFO - ::group::Pre task execution logs
[2025-09-22T18:11:43.357+0000] {taskinstance.py:2076} INFO - Dependencies all met for dep_context=non-requeueable deps ti=<TaskInstance: urlhaus_silver.urlhaus_bronze_to_silver scheduled__2025-09-21T00:00:00+00:00 [queued]>
[2025-09-22T18:11:43.358+0000] {taskinstance.py:2076} INFO - Dependencies all met for dep_context=requeueable deps ti=<TaskInstance: urlhaus_silver.urlhaus_bronze_to_silver scheduled__2025-09-21T00:00:00+00:00 [queued]>
[2025-09-22T18:11:43.359+0000] {taskinstance.py:2306} INFO - Starting attempt 1 of 1
[2025-09-22T18:11:43.362+0000] {taskinstance.py:2330} INFO - Executing <Task(PythonOperator): urlhaus_bronze_to_silver> on 2025-09-21 00:00:00+00:00
[2025-09-22T18:11:43.366+0000] {standard_task_runner.py:90} INFO - Running: ['airflow', 'tasks', 'run', 'urlhaus_silver', 'urlhaus_bronze_to_silver', 'scheduled__2025-09-21T00:00:00+00:00', '--job-id', '5', '--raw', '--subdir', 'DAGS_FOLDER/urlhaus_silver.py', '--cfg-path', '/tmp/tmpaz8ooy2o']
[2025-09-22T18:11:43.369+0000] {standard_task_runner.py:91} INFO - Job 5: Subtask urlhaus_bronze_to_silver
[2025-09-22T18:11:43.368+0000] {logging_mixin.py:188} WARNING - /home/airflow/.local/lib/python3.12/site-packages/airflow/task/task_runner/standard_task_runner.py:62 DeprecationWarning: This process (pid=257) is multi-threaded, use of fork() may lead to deadlocks in the child.
[2025-09-22T18:11:43.371+0000] {standard_task_runner.py:64} INFO - Started process 268 to run task
[2025-09-22T18:11:43.383+0000] {task_command.py:426} INFO - Running <TaskInstance: urlhaus_silver.urlhaus_bronze_to_silver scheduled__2025-09-21T00:00:00+00:00 [running]> on host 2f88845a25ff
[2025-09-22T18:11:43.404+0000] {taskinstance.py:2648} INFO - Exporting env vars: AIRFLOW_CTX_DAG_OWNER='you' AIRFLOW_CTX_DAG_ID='urlhaus_silver' AIRFLOW_CTX_TASK_ID='urlhaus_bronze_to_silver' AIRFLOW_CTX_EXECUTION_DATE='2025-09-21T00:00:00+00:00' AIRFLOW_CTX_TRY_NUMBER='1' AIRFLOW_CTX_DAG_RUN_ID='scheduled__2025-09-21T00:00:00+00:00'
[2025-09-22T18:11:43.404+0000] {taskinstance.py:430} INFO - ::endgroup::
[2025-09-22T18:11:43.654+0000] {logging_mixin.py:188} INFO - [urlhaus_silver] wrote 5622 rows -> /opt/airflow/silver/urlhaus/ingest_date=2025-09-21
[2025-09-22T18:11:43.656+0000] {python.py:237} INFO - Done. Returned value was: None
[2025-09-22T18:11:43.657+0000] {taskinstance.py:441} INFO - ::group::Post task execution logs
[2025-09-22T18:11:43.659+0000] {taskinstance.py:1206} INFO - Marking task as SUCCESS. dag_id=urlhaus_silver, task_id=urlhaus_bronze_to_silver, run_id=scheduled__2025-09-21T00:00:00+00:00, execution_date=20250921T000000, start_date=20250922T181143, end_date=20250922T181143
[2025-09-22T18:11:43.676+0000] {local_task_job_runner.py:243} INFO - Task exited with return code 0
[2025-09-22T18:11:43.680+0000] {taskinstance.py:3503} INFO - 0 downstream tasks scheduled from follow-on schedule check
[2025-09-22T18:11:43.681+0000] {local_task_job_runner.py:222} INFO - ::endgroup::
[2025-09-22T18:22:20.601+0000] {local_task_job_runner.py:120} INFO - ::group::Pre task execution logs
[2025-09-22T18:22:20.614+0000] {taskinstance.py:2076} INFO - Dependencies all met for dep_context=non-requeueable deps ti=<TaskInstance: urlhaus_silver.urlhaus_bronze_to_silver scheduled__2025-09-21T00:00:00+00:00 [queued]>
[2025-09-22T18:22:20.616+0000] {taskinstance.py:2076} INFO - Dependencies all met for dep_context=requeueable deps ti=<TaskInstance: urlhaus_silver.urlhaus_bronze_to_silver scheduled__2025-09-21T00:00:00+00:00 [queued]>
[2025-09-22T18:22:20.617+0000] {taskinstance.py:2306} INFO - Starting attempt 1 of 1
[2025-09-22T18:22:20.623+0000] {taskinstance.py:2330} INFO - Executing <Task(PythonOperator): urlhaus_bronze_to_silver> on 2025-09-21 00:00:00+00:00
[2025-09-22T18:22:20.627+0000] {standard_task_runner.py:90} INFO - Running: ['airflow', 'tasks', 'run', 'urlhaus_silver', 'urlhaus_bronze_to_silver', 'scheduled__2025-09-21T00:00:00+00:00', '--job-id', '5', '--raw', '--subdir', 'DAGS_FOLDER/urlhaus_silver.py', '--cfg-path', '/tmp/tmpwup1ynwg']
[2025-09-22T18:22:20.630+0000] {standard_task_runner.py:91} INFO - Job 5: Subtask urlhaus_bronze_to_silver
[2025-09-22T18:22:20.630+0000] {logging_mixin.py:188} WARNING - /home/airflow/.local/lib/python3.12/site-packages/airflow/task/task_runner/standard_task_runner.py:62 DeprecationWarning: This process (pid=237) is multi-threaded, use of fork() may lead to deadlocks in the child.
[2025-09-22T18:22:20.633+0000] {standard_task_runner.py:64} INFO - Started process 248 to run task
[2025-09-22T18:22:20.646+0000] {task_command.py:426} INFO - Running <TaskInstance: urlhaus_silver.urlhaus_bronze_to_silver scheduled__2025-09-21T00:00:00+00:00 [running]> on host 539ffd8f219e
[2025-09-22T18:22:20.668+0000] {taskinstance.py:2648} INFO - Exporting env vars: AIRFLOW_CTX_DAG_OWNER='you' AIRFLOW_CTX_DAG_ID='urlhaus_silver' AIRFLOW_CTX_TASK_ID='urlhaus_bronze_to_silver' AIRFLOW_CTX_EXECUTION_DATE='2025-09-21T00:00:00+00:00' AIRFLOW_CTX_TRY_NUMBER='1' AIRFLOW_CTX_DAG_RUN_ID='scheduled__2025-09-21T00:00:00+00:00'
[2025-09-22T18:22:20.669+0000] {taskinstance.py:430} INFO - ::endgroup::
[2025-09-22T18:22:20.914+0000] {logging_mixin.py:188} INFO - [urlhaus_silver] wrote 5644 rows -> /opt/airflow/silver/urlhaus/ingest_date=2025-09-21
[2025-09-22T18:22:20.915+0000] {python.py:237} INFO - Done. Returned value was: None
[2025-09-22T18:22:20.915+0000] {taskinstance.py:441} INFO - ::group::Post task execution logs
[2025-09-22T18:22:20.917+0000] {taskinstance.py:1206} INFO - Marking task as SUCCESS. dag_id=urlhaus_silver, task_id=urlhaus_bronze_to_silver, run_id=scheduled__2025-09-21T00:00:00+00:00, execution_date=20250921T000000, start_date=20250922T182220, end_date=20250922T182220
[2025-09-22T18:22:20.935+0000] {local_task_job_runner.py:243} INFO - Task exited with return code 0
[2025-09-22T18:22:20.940+0000] {taskinstance.py:3503} INFO - 0 downstream tasks scheduled from follow-on schedule check
[2025-09-22T18:22:20.940+0000] {local_task_job_runner.py:222} INFO - ::endgroup::
[2025-10-29T18:10:47.534+0000] {local_task_job_runner.py:120} INFO - ::group::Pre task execution logs
[2025-10-29T18:10:47.542+0000] {taskinstance.py:2076} INFO - Dependencies all met for dep_context=non-requeueable deps ti=<TaskInstance: urlhaus_silver.urlhaus_bronze_to_silver scheduled__2025-09-21T00:00:00+00:00 [queued]>
[2025-10-29T18:10:47.544+0000] {taskinstance.py:2076} INFO - Dependencies all met for dep_context=requeueable deps ti=<TaskInstance: urlhaus_silver.urlhaus_bronze_to_silver scheduled__2025-09-21T00:00:00+00:00 [queued]>
[2025-10-29T18:10:47.544+0000] {taskinstance.py:2306} INFO - Starting attempt 1 of 1
[2025-10-29T18:10:47.548+0000] {taskinstance.py:2330} INFO - Executing <Task(PythonOperator): urlhaus_bronze_to_silver> on 2025-09-21 00:00:00+00:00
[2025-10-29T18:10:47.551+0000] {standard_task_runner.py:90} INFO - Running: ['airflow', 'tasks', 'run', 'urlhaus_silver', 'urlhaus_bronze_to_silver', 'scheduled__2025-09-21T00:00:00+00:00', '--job-id', '105', '--raw', '--subdir', 'DAGS_FOLDER/urlhaus_silver.py', '--cfg-path', '/tmp/tmp9qb5f4xd']
[2025-10-29T18:10:47.552+0000] {standard_task_runner.py:91} INFO - Job 105: Subtask urlhaus_bronze_to_silver
[2025-10-29T18:10:47.552+0000] {logging_mixin.py:188} WARNING - /home/airflow/.local/lib/python3.12/site-packages/airflow/task/task_runner/standard_task_runner.py:62 DeprecationWarning: This process (pid=2766) is multi-threaded, use of fork() may lead to deadlocks in the child.
[2025-10-29T18:10:47.554+0000] {standard_task_runner.py:64} INFO - Started process 2777 to run task
[2025-10-29T18:10:47.563+0000] {task_command.py:426} INFO - Running <TaskInstance: urlhaus_silver.urlhaus_bronze_to_silver scheduled__2025-09-21T00:00:00+00:00 [running]> on host 9a4b1d75930e
[2025-10-29T18:10:47.581+0000] {taskinstance.py:2648} INFO - Exporting env vars: AIRFLOW_CTX_DAG_OWNER='you' AIRFLOW_CTX_DAG_ID='urlhaus_silver' AIRFLOW_CTX_TASK_ID='urlhaus_bronze_to_silver' AIRFLOW_CTX_EXECUTION_DATE='2025-09-21T00:00:00+00:00' AIRFLOW_CTX_TRY_NUMBER='1' AIRFLOW_CTX_DAG_RUN_ID='scheduled__2025-09-21T00:00:00+00:00'
[2025-10-29T18:10:47.581+0000] {taskinstance.py:430} INFO - ::endgroup::
[2025-10-29T18:10:47.617+0000] {logging_mixin.py:188} INFO - [urlhaus_silver] 2025-09-21: wrote 2908 rows -> /opt/airflow/silver/urlhaus/ingest_date=2025-09-21
[2025-10-29T18:10:47.618+0000] {python.py:237} INFO - Done. Returned value was: None
[2025-10-29T18:10:47.618+0000] {taskinstance.py:441} INFO - ::group::Post task execution logs
[2025-10-29T18:10:47.620+0000] {taskinstance.py:1206} INFO - Marking task as SUCCESS. dag_id=urlhaus_silver, task_id=urlhaus_bronze_to_silver, run_id=scheduled__2025-09-21T00:00:00+00:00, execution_date=20250921T000000, start_date=20251029T181047, end_date=20251029T181047
[2025-10-29T18:10:47.659+0000] {local_task_job_runner.py:243} INFO - Task exited with return code 0
[2025-10-29T18:10:47.663+0000] {taskinstance.py:3503} INFO - 0 downstream tasks scheduled from follow-on schedule check
[2025-10-29T18:10:47.663+0000] {local_task_job_runner.py:222} INFO - ::endgroup::
