[2025-10-29T17:17:04.451+0000] {local_task_job_runner.py:120} INFO - ::group::Pre task execution logs
[2025-10-29T17:17:04.459+0000] {taskinstance.py:2076} INFO - Dependencies all met for dep_context=non-requeueable deps ti=<TaskInstance: openphish_ingest.openphish_fetch_normalize_bronze scheduled__2025-10-13T00:00:00+00:00 [queued]>
[2025-10-29T17:17:04.460+0000] {taskinstance.py:2076} INFO - Dependencies all met for dep_context=requeueable deps ti=<TaskInstance: openphish_ingest.openphish_fetch_normalize_bronze scheduled__2025-10-13T00:00:00+00:00 [queued]>
[2025-10-29T17:17:04.460+0000] {taskinstance.py:2306} INFO - Starting attempt 1 of 2
[2025-10-29T17:17:04.464+0000] {taskinstance.py:2330} INFO - Executing <Task(PythonOperator): openphish_fetch_normalize_bronze> on 2025-10-13 00:00:00+00:00
[2025-10-29T17:17:04.467+0000] {warnings.py:112} WARNING - /home/airflow/.local/lib/python3.12/site-packages/airflow/task/task_runner/standard_task_runner.py:62: DeprecationWarning: This process (pid=2367) is multi-threaded, use of fork() may lead to deadlocks in the child.
  pid = os.fork()

[2025-10-29T17:17:04.467+0000] {standard_task_runner.py:64} INFO - Started process 2388 to run task
[2025-10-29T17:17:04.468+0000] {standard_task_runner.py:90} INFO - Running: ['airflow', 'tasks', 'run', 'openphish_ingest', 'openphish_fetch_normalize_bronze', 'scheduled__2025-10-13T00:00:00+00:00', '--job-id', '84', '--raw', '--subdir', 'DAGS_FOLDER/openphish_ingest.py', '--cfg-path', '/tmp/tmpc3rqj9nk']
[2025-10-29T17:17:04.468+0000] {standard_task_runner.py:91} INFO - Job 84: Subtask openphish_fetch_normalize_bronze
[2025-10-29T17:17:04.479+0000] {task_command.py:426} INFO - Running <TaskInstance: openphish_ingest.openphish_fetch_normalize_bronze scheduled__2025-10-13T00:00:00+00:00 [running]> on host 109bbc934e0f
[2025-10-29T17:17:04.500+0000] {taskinstance.py:2648} INFO - Exporting env vars: AIRFLOW_CTX_DAG_OWNER='you' AIRFLOW_CTX_DAG_ID='openphish_ingest' AIRFLOW_CTX_TASK_ID='openphish_fetch_normalize_bronze' AIRFLOW_CTX_EXECUTION_DATE='2025-10-13T00:00:00+00:00' AIRFLOW_CTX_TRY_NUMBER='1' AIRFLOW_CTX_DAG_RUN_ID='scheduled__2025-10-13T00:00:00+00:00'
[2025-10-29T17:17:04.500+0000] {taskinstance.py:430} INFO - ::endgroup::
[2025-10-29T17:17:05.170+0000] {logging_mixin.py:188} INFO - [openphish_ingest] rows after normalize: 300
[2025-10-29T17:17:05.175+0000] {logging_mixin.py:188} INFO - [openphish] rows after normalize: 300
[2025-10-29T17:17:05.192+0000] {python.py:237} INFO - Done. Returned value was: None
[2025-10-29T17:17:05.192+0000] {taskinstance.py:441} INFO - ::group::Post task execution logs
[2025-10-29T17:17:05.195+0000] {taskinstance.py:1206} INFO - Marking task as SUCCESS. dag_id=openphish_ingest, task_id=openphish_fetch_normalize_bronze, run_id=scheduled__2025-10-13T00:00:00+00:00, execution_date=20251013T000000, start_date=20251029T171704, end_date=20251029T171705
[2025-10-29T17:17:05.216+0000] {local_task_job_runner.py:243} INFO - Task exited with return code 0
[2025-10-29T17:17:05.223+0000] {taskinstance.py:3503} INFO - 0 downstream tasks scheduled from follow-on schedule check
[2025-10-29T17:17:05.224+0000] {local_task_job_runner.py:222} INFO - ::endgroup::
[2025-10-29T18:14:53.418+0000] {local_task_job_runner.py:120} INFO - ::group::Pre task execution logs
[2025-10-29T18:14:53.425+0000] {taskinstance.py:2076} INFO - Dependencies all met for dep_context=non-requeueable deps ti=<TaskInstance: openphish_ingest.openphish_fetch_normalize_bronze scheduled__2025-10-13T00:00:00+00:00 [queued]>
[2025-10-29T18:14:53.427+0000] {taskinstance.py:2076} INFO - Dependencies all met for dep_context=requeueable deps ti=<TaskInstance: openphish_ingest.openphish_fetch_normalize_bronze scheduled__2025-10-13T00:00:00+00:00 [queued]>
[2025-10-29T18:14:53.427+0000] {taskinstance.py:2306} INFO - Starting attempt 1 of 2
[2025-10-29T18:14:53.431+0000] {taskinstance.py:2330} INFO - Executing <Task(PythonOperator): openphish_fetch_normalize_bronze> on 2025-10-13 00:00:00+00:00
[2025-10-29T18:14:53.434+0000] {warnings.py:112} WARNING - /home/airflow/.local/lib/python3.12/site-packages/airflow/task/task_runner/standard_task_runner.py:62: DeprecationWarning: This process (pid=5328) is multi-threaded, use of fork() may lead to deadlocks in the child.
  pid = os.fork()

[2025-10-29T18:14:53.434+0000] {standard_task_runner.py:64} INFO - Started process 5349 to run task
[2025-10-29T18:14:53.434+0000] {standard_task_runner.py:90} INFO - Running: ['airflow', 'tasks', 'run', 'openphish_ingest', 'openphish_fetch_normalize_bronze', 'scheduled__2025-10-13T00:00:00+00:00', '--job-id', '209', '--raw', '--subdir', 'DAGS_FOLDER/openphish_ingest.py', '--cfg-path', '/tmp/tmpvt_gxlt1']
[2025-10-29T18:14:53.435+0000] {standard_task_runner.py:91} INFO - Job 209: Subtask openphish_fetch_normalize_bronze
[2025-10-29T18:14:53.446+0000] {task_command.py:426} INFO - Running <TaskInstance: openphish_ingest.openphish_fetch_normalize_bronze scheduled__2025-10-13T00:00:00+00:00 [running]> on host 9a4b1d75930e
[2025-10-29T18:14:53.467+0000] {taskinstance.py:2648} INFO - Exporting env vars: AIRFLOW_CTX_DAG_OWNER='you' AIRFLOW_CTX_DAG_ID='openphish_ingest' AIRFLOW_CTX_TASK_ID='openphish_fetch_normalize_bronze' AIRFLOW_CTX_EXECUTION_DATE='2025-10-13T00:00:00+00:00' AIRFLOW_CTX_TRY_NUMBER='1' AIRFLOW_CTX_DAG_RUN_ID='scheduled__2025-10-13T00:00:00+00:00'
[2025-10-29T18:14:53.468+0000] {taskinstance.py:430} INFO - ::endgroup::
[2025-10-29T18:14:54.137+0000] {logging_mixin.py:188} INFO - [openphish_ingest] rows after normalize: 300
[2025-10-29T18:14:54.142+0000] {logging_mixin.py:188} INFO - [openphish] rows after normalize: 300
[2025-10-29T18:14:54.160+0000] {python.py:237} INFO - Done. Returned value was: None
[2025-10-29T18:14:54.161+0000] {taskinstance.py:441} INFO - ::group::Post task execution logs
[2025-10-29T18:14:54.164+0000] {taskinstance.py:1206} INFO - Marking task as SUCCESS. dag_id=openphish_ingest, task_id=openphish_fetch_normalize_bronze, run_id=scheduled__2025-10-13T00:00:00+00:00, execution_date=20251013T000000, start_date=20251029T181453, end_date=20251029T181454
[2025-10-29T18:14:54.189+0000] {local_task_job_runner.py:243} INFO - Task exited with return code 0
[2025-10-29T18:14:54.196+0000] {taskinstance.py:3503} INFO - 0 downstream tasks scheduled from follow-on schedule check
[2025-10-29T18:14:54.196+0000] {local_task_job_runner.py:222} INFO - ::endgroup::
