[2025-09-21T00:28:31.784+0000] {local_task_job_runner.py:120} INFO - ::group::Pre task execution logs
[2025-09-21T00:28:31.794+0000] {taskinstance.py:2076} INFO - Dependencies all met for dep_context=non-requeueable deps ti=<TaskInstance: openphish_ingest.openphish_fetch_normalize_bronze scheduled__2025-09-20T00:00:00+00:00 [queued]>
[2025-09-21T00:28:31.796+0000] {taskinstance.py:2076} INFO - Dependencies all met for dep_context=requeueable deps ti=<TaskInstance: openphish_ingest.openphish_fetch_normalize_bronze scheduled__2025-09-20T00:00:00+00:00 [queued]>
[2025-09-21T00:28:31.796+0000] {taskinstance.py:2306} INFO - Starting attempt 1 of 2
[2025-09-21T00:28:31.800+0000] {taskinstance.py:2330} INFO - Executing <Task(PythonOperator): openphish_fetch_normalize_bronze> on 2025-09-20 00:00:00+00:00
[2025-09-21T00:28:31.806+0000] {warnings.py:112} WARNING - /home/airflow/.local/lib/python3.12/site-packages/airflow/task/task_runner/standard_task_runner.py:62: DeprecationWarning: This process (pid=49455) is multi-threaded, use of fork() may lead to deadlocks in the child.
  pid = os.fork()

[2025-09-21T00:28:31.807+0000] {standard_task_runner.py:64} INFO - Started process 49476 to run task
[2025-09-21T00:28:31.807+0000] {standard_task_runner.py:90} INFO - Running: ['airflow', 'tasks', 'run', 'openphish_ingest', 'openphish_fetch_normalize_bronze', 'scheduled__2025-09-20T00:00:00+00:00', '--job-id', '21', '--raw', '--subdir', 'DAGS_FOLDER/openphish_ingest.py', '--cfg-path', '/tmp/tmpi1sszvaq']
[2025-09-21T00:28:31.808+0000] {standard_task_runner.py:91} INFO - Job 21: Subtask openphish_fetch_normalize_bronze
[2025-09-21T00:28:31.825+0000] {task_command.py:426} INFO - Running <TaskInstance: openphish_ingest.openphish_fetch_normalize_bronze scheduled__2025-09-20T00:00:00+00:00 [running]> on host 367d1d51de70
[2025-09-21T00:28:31.846+0000] {taskinstance.py:2648} INFO - Exporting env vars: AIRFLOW_CTX_DAG_OWNER='you' AIRFLOW_CTX_DAG_ID='openphish_ingest' AIRFLOW_CTX_TASK_ID='openphish_fetch_normalize_bronze' AIRFLOW_CTX_EXECUTION_DATE='2025-09-20T00:00:00+00:00' AIRFLOW_CTX_TRY_NUMBER='1' AIRFLOW_CTX_DAG_RUN_ID='scheduled__2025-09-20T00:00:00+00:00'
[2025-09-21T00:28:31.847+0000] {taskinstance.py:430} INFO - ::endgroup::
[2025-09-21T00:28:32.741+0000] {logging_mixin.py:188} INFO - [openphish] rows after normalize: 300
[2025-09-21T00:28:32.756+0000] {python.py:237} INFO - Done. Returned value was: None
[2025-09-21T00:28:32.756+0000] {taskinstance.py:441} INFO - ::group::Post task execution logs
[2025-09-21T00:28:32.759+0000] {taskinstance.py:1206} INFO - Marking task as SUCCESS. dag_id=openphish_ingest, task_id=openphish_fetch_normalize_bronze, run_id=scheduled__2025-09-20T00:00:00+00:00, execution_date=20250920T000000, start_date=20250921T002831, end_date=20250921T002832
[2025-09-21T00:28:32.778+0000] {local_task_job_runner.py:243} INFO - Task exited with return code 0
[2025-09-21T00:28:32.785+0000] {taskinstance.py:3503} INFO - 0 downstream tasks scheduled from follow-on schedule check
[2025-09-21T00:28:32.786+0000] {local_task_job_runner.py:222} INFO - ::endgroup::
[2025-10-29T17:14:08.232+0000] {local_task_job_runner.py:120} INFO - ::group::Pre task execution logs
[2025-10-29T17:14:08.240+0000] {taskinstance.py:2076} INFO - Dependencies all met for dep_context=non-requeueable deps ti=<TaskInstance: openphish_ingest.openphish_fetch_normalize_bronze scheduled__2025-09-20T00:00:00+00:00 [queued]>
[2025-10-29T17:14:08.242+0000] {taskinstance.py:2076} INFO - Dependencies all met for dep_context=requeueable deps ti=<TaskInstance: openphish_ingest.openphish_fetch_normalize_bronze scheduled__2025-09-20T00:00:00+00:00 [queued]>
[2025-10-29T17:14:08.242+0000] {taskinstance.py:2306} INFO - Starting attempt 1 of 2
[2025-10-29T17:14:08.246+0000] {taskinstance.py:2330} INFO - Executing <Task(PythonOperator): openphish_fetch_normalize_bronze> on 2025-09-20 00:00:00+00:00
[2025-10-29T17:14:08.249+0000] {warnings.py:112} WARNING - /home/airflow/.local/lib/python3.12/site-packages/airflow/task/task_runner/standard_task_runner.py:62: DeprecationWarning: This process (pid=1104) is multi-threaded, use of fork() may lead to deadlocks in the child.
  pid = os.fork()

[2025-10-29T17:14:08.249+0000] {standard_task_runner.py:64} INFO - Started process 1125 to run task
[2025-10-29T17:14:08.250+0000] {standard_task_runner.py:90} INFO - Running: ['airflow', 'tasks', 'run', 'openphish_ingest', 'openphish_fetch_normalize_bronze', 'scheduled__2025-09-20T00:00:00+00:00', '--job-id', '38', '--raw', '--subdir', 'DAGS_FOLDER/openphish_ingest.py', '--cfg-path', '/tmp/tmpctngv4p0']
[2025-10-29T17:14:08.250+0000] {standard_task_runner.py:91} INFO - Job 38: Subtask openphish_fetch_normalize_bronze
[2025-10-29T17:14:08.262+0000] {task_command.py:426} INFO - Running <TaskInstance: openphish_ingest.openphish_fetch_normalize_bronze scheduled__2025-09-20T00:00:00+00:00 [running]> on host 109bbc934e0f
[2025-10-29T17:14:08.282+0000] {taskinstance.py:2648} INFO - Exporting env vars: AIRFLOW_CTX_DAG_OWNER='you' AIRFLOW_CTX_DAG_ID='openphish_ingest' AIRFLOW_CTX_TASK_ID='openphish_fetch_normalize_bronze' AIRFLOW_CTX_EXECUTION_DATE='2025-09-20T00:00:00+00:00' AIRFLOW_CTX_TRY_NUMBER='1' AIRFLOW_CTX_DAG_RUN_ID='scheduled__2025-09-20T00:00:00+00:00'
[2025-10-29T17:14:08.283+0000] {taskinstance.py:430} INFO - ::endgroup::
[2025-10-29T17:14:08.955+0000] {logging_mixin.py:188} INFO - [openphish_ingest] rows after normalize: 300
[2025-10-29T17:14:08.959+0000] {logging_mixin.py:188} INFO - [openphish] rows after normalize: 300
[2025-10-29T17:14:08.969+0000] {python.py:237} INFO - Done. Returned value was: None
[2025-10-29T17:14:08.970+0000] {taskinstance.py:441} INFO - ::group::Post task execution logs
[2025-10-29T17:14:08.971+0000] {taskinstance.py:1206} INFO - Marking task as SUCCESS. dag_id=openphish_ingest, task_id=openphish_fetch_normalize_bronze, run_id=scheduled__2025-09-20T00:00:00+00:00, execution_date=20250920T000000, start_date=20251029T171408, end_date=20251029T171408
[2025-10-29T17:14:08.996+0000] {local_task_job_runner.py:243} INFO - Task exited with return code 0
[2025-10-29T17:14:09.001+0000] {taskinstance.py:3503} INFO - 0 downstream tasks scheduled from follow-on schedule check
[2025-10-29T17:14:09.001+0000] {local_task_job_runner.py:222} INFO - ::endgroup::
[2025-10-29T18:10:21.909+0000] {local_task_job_runner.py:120} INFO - ::group::Pre task execution logs
[2025-10-29T18:10:21.916+0000] {taskinstance.py:2076} INFO - Dependencies all met for dep_context=non-requeueable deps ti=<TaskInstance: openphish_ingest.openphish_fetch_normalize_bronze scheduled__2025-09-20T00:00:00+00:00 [queued]>
[2025-10-29T18:10:21.918+0000] {taskinstance.py:2076} INFO - Dependencies all met for dep_context=requeueable deps ti=<TaskInstance: openphish_ingest.openphish_fetch_normalize_bronze scheduled__2025-09-20T00:00:00+00:00 [queued]>
[2025-10-29T18:10:21.918+0000] {taskinstance.py:2306} INFO - Starting attempt 1 of 2
[2025-10-29T18:10:21.921+0000] {taskinstance.py:2330} INFO - Executing <Task(PythonOperator): openphish_fetch_normalize_bronze> on 2025-09-20 00:00:00+00:00
[2025-10-29T18:10:21.924+0000] {warnings.py:112} WARNING - /home/airflow/.local/lib/python3.12/site-packages/airflow/task/task_runner/standard_task_runner.py:62: DeprecationWarning: This process (pid=2498) is multi-threaded, use of fork() may lead to deadlocks in the child.
  pid = os.fork()

[2025-10-29T18:10:21.924+0000] {standard_task_runner.py:64} INFO - Started process 2519 to run task
[2025-10-29T18:10:21.925+0000] {standard_task_runner.py:90} INFO - Running: ['airflow', 'tasks', 'run', 'openphish_ingest', 'openphish_fetch_normalize_bronze', 'scheduled__2025-09-20T00:00:00+00:00', '--job-id', '94', '--raw', '--subdir', 'DAGS_FOLDER/openphish_ingest.py', '--cfg-path', '/tmp/tmpzqmd4cql']
[2025-10-29T18:10:21.925+0000] {standard_task_runner.py:91} INFO - Job 94: Subtask openphish_fetch_normalize_bronze
[2025-10-29T18:10:21.936+0000] {task_command.py:426} INFO - Running <TaskInstance: openphish_ingest.openphish_fetch_normalize_bronze scheduled__2025-09-20T00:00:00+00:00 [running]> on host 9a4b1d75930e
[2025-10-29T18:10:21.956+0000] {taskinstance.py:2648} INFO - Exporting env vars: AIRFLOW_CTX_DAG_OWNER='you' AIRFLOW_CTX_DAG_ID='openphish_ingest' AIRFLOW_CTX_TASK_ID='openphish_fetch_normalize_bronze' AIRFLOW_CTX_EXECUTION_DATE='2025-09-20T00:00:00+00:00' AIRFLOW_CTX_TRY_NUMBER='1' AIRFLOW_CTX_DAG_RUN_ID='scheduled__2025-09-20T00:00:00+00:00'
[2025-10-29T18:10:21.956+0000] {taskinstance.py:430} INFO - ::endgroup::
[2025-10-29T18:10:22.629+0000] {logging_mixin.py:188} INFO - [openphish_ingest] rows after normalize: 300
[2025-10-29T18:10:22.633+0000] {logging_mixin.py:188} INFO - [openphish] rows after normalize: 300
[2025-10-29T18:10:22.650+0000] {python.py:237} INFO - Done. Returned value was: None
[2025-10-29T18:10:22.650+0000] {taskinstance.py:441} INFO - ::group::Post task execution logs
[2025-10-29T18:10:22.653+0000] {taskinstance.py:1206} INFO - Marking task as SUCCESS. dag_id=openphish_ingest, task_id=openphish_fetch_normalize_bronze, run_id=scheduled__2025-09-20T00:00:00+00:00, execution_date=20250920T000000, start_date=20251029T181021, end_date=20251029T181022
[2025-10-29T18:10:22.682+0000] {local_task_job_runner.py:243} INFO - Task exited with return code 0
[2025-10-29T18:10:22.687+0000] {taskinstance.py:3503} INFO - 0 downstream tasks scheduled from follow-on schedule check
[2025-10-29T18:10:22.687+0000] {local_task_job_runner.py:222} INFO - ::endgroup::
