[2025-09-25T00:04:09.944+0000] {local_task_job_runner.py:120} INFO - ::group::Pre task execution logs
[2025-09-25T00:04:09.956+0000] {taskinstance.py:2076} INFO - Dependencies all met for dep_context=non-requeueable deps ti=<TaskInstance: urlhaus_ingest.urlhaus_fetch_normalize_bronze scheduled__2025-09-24T00:00:00+00:00 [queued]>
[2025-09-25T00:04:09.960+0000] {taskinstance.py:2076} INFO - Dependencies all met for dep_context=requeueable deps ti=<TaskInstance: urlhaus_ingest.urlhaus_fetch_normalize_bronze scheduled__2025-09-24T00:00:00+00:00 [queued]>
[2025-09-25T00:04:09.960+0000] {taskinstance.py:2306} INFO - Starting attempt 1 of 2
[2025-09-25T00:04:09.968+0000] {taskinstance.py:2330} INFO - Executing <Task(PythonOperator): urlhaus_fetch_normalize_bronze> on 2025-09-24 00:00:00+00:00
[2025-09-25T00:04:09.975+0000] {warnings.py:112} WARNING - /home/airflow/.local/lib/python3.12/site-packages/airflow/task/task_runner/standard_task_runner.py:62: DeprecationWarning: This process (pid=43867) is multi-threaded, use of fork() may lead to deadlocks in the child.
  pid = os.fork()

[2025-09-25T00:04:09.975+0000] {standard_task_runner.py:90} INFO - Running: ['airflow', 'tasks', 'run', 'urlhaus_ingest', 'urlhaus_fetch_normalize_bronze', 'scheduled__2025-09-24T00:00:00+00:00', '--job-id', '25', '--raw', '--subdir', 'DAGS_FOLDER/urlhaus_ingest.py', '--cfg-path', '/tmp/tmpo024n56v']
[2025-09-25T00:04:09.976+0000] {standard_task_runner.py:91} INFO - Job 25: Subtask urlhaus_fetch_normalize_bronze
[2025-09-25T00:04:09.976+0000] {standard_task_runner.py:64} INFO - Started process 43888 to run task
[2025-09-25T00:04:10.009+0000] {task_command.py:426} INFO - Running <TaskInstance: urlhaus_ingest.urlhaus_fetch_normalize_bronze scheduled__2025-09-24T00:00:00+00:00 [running]> on host 539ffd8f219e
[2025-09-25T00:04:10.053+0000] {taskinstance.py:2648} INFO - Exporting env vars: AIRFLOW_CTX_DAG_OWNER='you' AIRFLOW_CTX_DAG_ID='urlhaus_ingest' AIRFLOW_CTX_TASK_ID='urlhaus_fetch_normalize_bronze' AIRFLOW_CTX_EXECUTION_DATE='2025-09-24T00:00:00+00:00' AIRFLOW_CTX_TRY_NUMBER='1' AIRFLOW_CTX_DAG_RUN_ID='scheduled__2025-09-24T00:00:00+00:00'
[2025-09-25T00:04:10.053+0000] {taskinstance.py:430} INFO - ::endgroup::
[2025-09-25T00:04:10.489+0000] {logging_mixin.py:188} INFO - [urlhaus_ingest] rows after normalize: 5752
[2025-09-25T00:04:10.497+0000] {logging_mixin.py:188} INFO - [urlhaus] rows after normalize: 5752
[2025-09-25T00:04:10.564+0000] {python.py:237} INFO - Done. Returned value was: None
[2025-09-25T00:04:10.565+0000] {taskinstance.py:441} INFO - ::group::Post task execution logs
[2025-09-25T00:04:10.568+0000] {taskinstance.py:1206} INFO - Marking task as SUCCESS. dag_id=urlhaus_ingest, task_id=urlhaus_fetch_normalize_bronze, run_id=scheduled__2025-09-24T00:00:00+00:00, execution_date=20250924T000000, start_date=20250925T000409, end_date=20250925T000410
[2025-09-25T00:04:10.619+0000] {local_task_job_runner.py:243} INFO - Task exited with return code 0
[2025-09-25T00:04:10.631+0000] {taskinstance.py:3503} INFO - 0 downstream tasks scheduled from follow-on schedule check
[2025-09-25T00:04:10.632+0000] {local_task_job_runner.py:222} INFO - ::endgroup::
[2025-10-29T17:15:17.627+0000] {local_task_job_runner.py:120} INFO - ::group::Pre task execution logs
[2025-10-29T17:15:17.635+0000] {taskinstance.py:2076} INFO - Dependencies all met for dep_context=non-requeueable deps ti=<TaskInstance: urlhaus_ingest.urlhaus_fetch_normalize_bronze scheduled__2025-09-24T00:00:00+00:00 [queued]>
[2025-10-29T17:15:17.636+0000] {taskinstance.py:2076} INFO - Dependencies all met for dep_context=requeueable deps ti=<TaskInstance: urlhaus_ingest.urlhaus_fetch_normalize_bronze scheduled__2025-09-24T00:00:00+00:00 [queued]>
[2025-10-29T17:15:17.636+0000] {taskinstance.py:2306} INFO - Starting attempt 1 of 2
[2025-10-29T17:15:17.640+0000] {taskinstance.py:2330} INFO - Executing <Task(PythonOperator): urlhaus_fetch_normalize_bronze> on 2025-09-24 00:00:00+00:00
[2025-10-29T17:15:17.643+0000] {warnings.py:112} WARNING - /home/airflow/.local/lib/python3.12/site-packages/airflow/task/task_runner/standard_task_runner.py:62: DeprecationWarning: This process (pid=1623) is multi-threaded, use of fork() may lead to deadlocks in the child.
  pid = os.fork()

[2025-10-29T17:15:17.643+0000] {standard_task_runner.py:64} INFO - Started process 1644 to run task
[2025-10-29T17:15:17.644+0000] {standard_task_runner.py:90} INFO - Running: ['airflow', 'tasks', 'run', 'urlhaus_ingest', 'urlhaus_fetch_normalize_bronze', 'scheduled__2025-09-24T00:00:00+00:00', '--job-id', '57', '--raw', '--subdir', 'DAGS_FOLDER/urlhaus_ingest.py', '--cfg-path', '/tmp/tmphq36rm13']
[2025-10-29T17:15:17.644+0000] {standard_task_runner.py:91} INFO - Job 57: Subtask urlhaus_fetch_normalize_bronze
[2025-10-29T17:15:17.655+0000] {task_command.py:426} INFO - Running <TaskInstance: urlhaus_ingest.urlhaus_fetch_normalize_bronze scheduled__2025-09-24T00:00:00+00:00 [running]> on host 109bbc934e0f
[2025-10-29T17:15:17.675+0000] {taskinstance.py:2648} INFO - Exporting env vars: AIRFLOW_CTX_DAG_OWNER='you' AIRFLOW_CTX_DAG_ID='urlhaus_ingest' AIRFLOW_CTX_TASK_ID='urlhaus_fetch_normalize_bronze' AIRFLOW_CTX_EXECUTION_DATE='2025-09-24T00:00:00+00:00' AIRFLOW_CTX_TRY_NUMBER='1' AIRFLOW_CTX_DAG_RUN_ID='scheduled__2025-09-24T00:00:00+00:00'
[2025-10-29T17:15:17.676+0000] {taskinstance.py:430} INFO - ::endgroup::
[2025-10-29T17:15:17.826+0000] {logging_mixin.py:188} INFO - [urlhaus_ingest] rows after normalize: 21315
[2025-10-29T17:15:17.837+0000] {logging_mixin.py:188} INFO - [urlhaus] rows after normalize: 21315
[2025-10-29T17:15:17.861+0000] {python.py:237} INFO - Done. Returned value was: None
[2025-10-29T17:15:17.861+0000] {taskinstance.py:441} INFO - ::group::Post task execution logs
[2025-10-29T17:15:17.863+0000] {taskinstance.py:1206} INFO - Marking task as SUCCESS. dag_id=urlhaus_ingest, task_id=urlhaus_fetch_normalize_bronze, run_id=scheduled__2025-09-24T00:00:00+00:00, execution_date=20250924T000000, start_date=20251029T171517, end_date=20251029T171517
[2025-10-29T17:15:17.871+0000] {local_task_job_runner.py:243} INFO - Task exited with return code 0
[2025-10-29T17:15:17.876+0000] {taskinstance.py:3503} INFO - 0 downstream tasks scheduled from follow-on schedule check
[2025-10-29T17:15:17.876+0000] {local_task_job_runner.py:222} INFO - ::endgroup::
[2025-10-29T18:11:12.495+0000] {local_task_job_runner.py:120} INFO - ::group::Pre task execution logs
[2025-10-29T18:11:12.503+0000] {taskinstance.py:2076} INFO - Dependencies all met for dep_context=non-requeueable deps ti=<TaskInstance: urlhaus_ingest.urlhaus_fetch_normalize_bronze scheduled__2025-09-24T00:00:00+00:00 [queued]>
[2025-10-29T18:11:12.504+0000] {taskinstance.py:2076} INFO - Dependencies all met for dep_context=requeueable deps ti=<TaskInstance: urlhaus_ingest.urlhaus_fetch_normalize_bronze scheduled__2025-09-24T00:00:00+00:00 [queued]>
[2025-10-29T18:11:12.504+0000] {taskinstance.py:2306} INFO - Starting attempt 1 of 2
[2025-10-29T18:11:12.508+0000] {taskinstance.py:2330} INFO - Executing <Task(PythonOperator): urlhaus_fetch_normalize_bronze> on 2025-09-24 00:00:00+00:00
[2025-10-29T18:11:12.511+0000] {warnings.py:112} WARNING - /home/airflow/.local/lib/python3.12/site-packages/airflow/task/task_runner/standard_task_runner.py:62: DeprecationWarning: This process (pid=3036) is multi-threaded, use of fork() may lead to deadlocks in the child.
  pid = os.fork()

[2025-10-29T18:11:12.511+0000] {standard_task_runner.py:64} INFO - Started process 3057 to run task
[2025-10-29T18:11:12.512+0000] {standard_task_runner.py:90} INFO - Running: ['airflow', 'tasks', 'run', 'urlhaus_ingest', 'urlhaus_fetch_normalize_bronze', 'scheduled__2025-09-24T00:00:00+00:00', '--job-id', '116', '--raw', '--subdir', 'DAGS_FOLDER/urlhaus_ingest.py', '--cfg-path', '/tmp/tmp03sl97y9']
[2025-10-29T18:11:12.512+0000] {standard_task_runner.py:91} INFO - Job 116: Subtask urlhaus_fetch_normalize_bronze
[2025-10-29T18:11:12.525+0000] {task_command.py:426} INFO - Running <TaskInstance: urlhaus_ingest.urlhaus_fetch_normalize_bronze scheduled__2025-09-24T00:00:00+00:00 [running]> on host 9a4b1d75930e
[2025-10-29T18:11:12.545+0000] {taskinstance.py:2648} INFO - Exporting env vars: AIRFLOW_CTX_DAG_OWNER='you' AIRFLOW_CTX_DAG_ID='urlhaus_ingest' AIRFLOW_CTX_TASK_ID='urlhaus_fetch_normalize_bronze' AIRFLOW_CTX_EXECUTION_DATE='2025-09-24T00:00:00+00:00' AIRFLOW_CTX_TRY_NUMBER='1' AIRFLOW_CTX_DAG_RUN_ID='scheduled__2025-09-24T00:00:00+00:00'
[2025-10-29T18:11:12.545+0000] {taskinstance.py:430} INFO - ::endgroup::
[2025-10-29T18:11:12.693+0000] {logging_mixin.py:188} INFO - [urlhaus_ingest] rows after normalize: 21302
[2025-10-29T18:11:12.705+0000] {logging_mixin.py:188} INFO - [urlhaus] rows after normalize: 21302
[2025-10-29T18:11:12.726+0000] {python.py:237} INFO - Done. Returned value was: None
[2025-10-29T18:11:12.726+0000] {taskinstance.py:441} INFO - ::group::Post task execution logs
[2025-10-29T18:11:12.728+0000] {taskinstance.py:1206} INFO - Marking task as SUCCESS. dag_id=urlhaus_ingest, task_id=urlhaus_fetch_normalize_bronze, run_id=scheduled__2025-09-24T00:00:00+00:00, execution_date=20250924T000000, start_date=20251029T181112, end_date=20251029T181112
[2025-10-29T18:11:12.740+0000] {local_task_job_runner.py:243} INFO - Task exited with return code 0
[2025-10-29T18:11:12.744+0000] {taskinstance.py:3503} INFO - 0 downstream tasks scheduled from follow-on schedule check
[2025-10-29T18:11:12.744+0000] {local_task_job_runner.py:222} INFO - ::endgroup::
