[2025-10-02T00:00:06.125+0000] {local_task_job_runner.py:120} INFO - ::group::Pre task execution logs
[2025-10-02T00:00:06.141+0000] {taskinstance.py:2076} INFO - Dependencies all met for dep_context=non-requeueable deps ti=<TaskInstance: openphish_ingest.openphish_fetch_normalize_bronze scheduled__2025-10-01T00:00:00+00:00 [queued]>
[2025-10-02T00:00:06.143+0000] {taskinstance.py:2076} INFO - Dependencies all met for dep_context=requeueable deps ti=<TaskInstance: openphish_ingest.openphish_fetch_normalize_bronze scheduled__2025-10-01T00:00:00+00:00 [queued]>
[2025-10-02T00:00:06.143+0000] {taskinstance.py:2306} INFO - Starting attempt 1 of 2
[2025-10-02T00:00:06.150+0000] {taskinstance.py:2330} INFO - Executing <Task(PythonOperator): openphish_fetch_normalize_bronze> on 2025-10-01 00:00:00+00:00
[2025-10-02T00:00:06.158+0000] {warnings.py:112} WARNING - /home/airflow/.local/lib/python3.12/site-packages/airflow/task/task_runner/standard_task_runner.py:62: DeprecationWarning: This process (pid=13605) is multi-threaded, use of fork() may lead to deadlocks in the child.
  pid = os.fork()

[2025-10-02T00:00:06.158+0000] {standard_task_runner.py:64} INFO - Started process 13626 to run task
[2025-10-02T00:00:06.159+0000] {standard_task_runner.py:90} INFO - Running: ['airflow', 'tasks', 'run', 'openphish_ingest', 'openphish_fetch_normalize_bronze', 'scheduled__2025-10-01T00:00:00+00:00', '--job-id', '72', '--raw', '--subdir', 'DAGS_FOLDER/openphish_ingest.py', '--cfg-path', '/tmp/tmpvmb521b8']
[2025-10-02T00:00:06.159+0000] {standard_task_runner.py:91} INFO - Job 72: Subtask openphish_fetch_normalize_bronze
[2025-10-02T00:00:06.180+0000] {task_command.py:426} INFO - Running <TaskInstance: openphish_ingest.openphish_fetch_normalize_bronze scheduled__2025-10-01T00:00:00+00:00 [running]> on host 539ffd8f219e
[2025-10-02T00:00:06.217+0000] {taskinstance.py:2648} INFO - Exporting env vars: AIRFLOW_CTX_DAG_OWNER='you' AIRFLOW_CTX_DAG_ID='openphish_ingest' AIRFLOW_CTX_TASK_ID='openphish_fetch_normalize_bronze' AIRFLOW_CTX_EXECUTION_DATE='2025-10-01T00:00:00+00:00' AIRFLOW_CTX_TRY_NUMBER='1' AIRFLOW_CTX_DAG_RUN_ID='scheduled__2025-10-01T00:00:00+00:00'
[2025-10-02T00:00:06.217+0000] {taskinstance.py:430} INFO - ::endgroup::
[2025-10-02T00:00:06.950+0000] {logging_mixin.py:188} INFO - [openphish_ingest] rows after normalize: 300
[2025-10-02T00:00:06.957+0000] {logging_mixin.py:188} INFO - [openphish] rows after normalize: 300
[2025-10-02T00:00:07.005+0000] {python.py:237} INFO - Done. Returned value was: None
[2025-10-02T00:00:07.006+0000] {taskinstance.py:441} INFO - ::group::Post task execution logs
[2025-10-02T00:00:07.009+0000] {taskinstance.py:1206} INFO - Marking task as SUCCESS. dag_id=openphish_ingest, task_id=openphish_fetch_normalize_bronze, run_id=scheduled__2025-10-01T00:00:00+00:00, execution_date=20251001T000000, start_date=20251002T000006, end_date=20251002T000007
[2025-10-02T00:00:07.042+0000] {local_task_job_runner.py:243} INFO - Task exited with return code 0
[2025-10-02T00:00:07.048+0000] {taskinstance.py:3503} INFO - 0 downstream tasks scheduled from follow-on schedule check
[2025-10-02T00:00:07.049+0000] {local_task_job_runner.py:222} INFO - ::endgroup::
[2025-10-29T17:15:27.411+0000] {local_task_job_runner.py:120} INFO - ::group::Pre task execution logs
[2025-10-29T17:15:27.419+0000] {taskinstance.py:2076} INFO - Dependencies all met for dep_context=non-requeueable deps ti=<TaskInstance: openphish_ingest.openphish_fetch_normalize_bronze scheduled__2025-10-01T00:00:00+00:00 [queued]>
[2025-10-29T17:15:27.421+0000] {taskinstance.py:2076} INFO - Dependencies all met for dep_context=requeueable deps ti=<TaskInstance: openphish_ingest.openphish_fetch_normalize_bronze scheduled__2025-10-01T00:00:00+00:00 [queued]>
[2025-10-29T17:15:27.421+0000] {taskinstance.py:2306} INFO - Starting attempt 1 of 2
[2025-10-29T17:15:27.425+0000] {taskinstance.py:2330} INFO - Executing <Task(PythonOperator): openphish_fetch_normalize_bronze> on 2025-10-01 00:00:00+00:00
[2025-10-29T17:15:27.428+0000] {warnings.py:112} WARNING - /home/airflow/.local/lib/python3.12/site-packages/airflow/task/task_runner/standard_task_runner.py:62: DeprecationWarning: This process (pid=1698) is multi-threaded, use of fork() may lead to deadlocks in the child.
  pid = os.fork()

[2025-10-29T17:15:27.428+0000] {standard_task_runner.py:64} INFO - Started process 1719 to run task
[2025-10-29T17:15:27.429+0000] {standard_task_runner.py:90} INFO - Running: ['airflow', 'tasks', 'run', 'openphish_ingest', 'openphish_fetch_normalize_bronze', 'scheduled__2025-10-01T00:00:00+00:00', '--job-id', '60', '--raw', '--subdir', 'DAGS_FOLDER/openphish_ingest.py', '--cfg-path', '/tmp/tmptq6qo_fb']
[2025-10-29T17:15:27.429+0000] {standard_task_runner.py:91} INFO - Job 60: Subtask openphish_fetch_normalize_bronze
[2025-10-29T17:15:27.441+0000] {task_command.py:426} INFO - Running <TaskInstance: openphish_ingest.openphish_fetch_normalize_bronze scheduled__2025-10-01T00:00:00+00:00 [running]> on host 109bbc934e0f
[2025-10-29T17:15:27.466+0000] {taskinstance.py:2648} INFO - Exporting env vars: AIRFLOW_CTX_DAG_OWNER='you' AIRFLOW_CTX_DAG_ID='openphish_ingest' AIRFLOW_CTX_TASK_ID='openphish_fetch_normalize_bronze' AIRFLOW_CTX_EXECUTION_DATE='2025-10-01T00:00:00+00:00' AIRFLOW_CTX_TRY_NUMBER='1' AIRFLOW_CTX_DAG_RUN_ID='scheduled__2025-10-01T00:00:00+00:00'
[2025-10-29T17:15:27.466+0000] {taskinstance.py:430} INFO - ::endgroup::
[2025-10-29T17:15:28.120+0000] {logging_mixin.py:188} INFO - [openphish_ingest] rows after normalize: 300
[2025-10-29T17:15:28.123+0000] {logging_mixin.py:188} INFO - [openphish] rows after normalize: 300
[2025-10-29T17:15:28.135+0000] {python.py:237} INFO - Done. Returned value was: None
[2025-10-29T17:15:28.135+0000] {taskinstance.py:441} INFO - ::group::Post task execution logs
[2025-10-29T17:15:28.137+0000] {taskinstance.py:1206} INFO - Marking task as SUCCESS. dag_id=openphish_ingest, task_id=openphish_fetch_normalize_bronze, run_id=scheduled__2025-10-01T00:00:00+00:00, execution_date=20251001T000000, start_date=20251029T171527, end_date=20251029T171528
[2025-10-29T17:15:28.179+0000] {local_task_job_runner.py:243} INFO - Task exited with return code 0
[2025-10-29T17:15:28.183+0000] {taskinstance.py:3503} INFO - 0 downstream tasks scheduled from follow-on schedule check
[2025-10-29T17:15:28.184+0000] {local_task_job_runner.py:222} INFO - ::endgroup::
[2025-10-29T18:12:33.888+0000] {local_task_job_runner.py:120} INFO - ::group::Pre task execution logs
[2025-10-29T18:12:33.895+0000] {taskinstance.py:2076} INFO - Dependencies all met for dep_context=non-requeueable deps ti=<TaskInstance: openphish_ingest.openphish_fetch_normalize_bronze scheduled__2025-10-01T00:00:00+00:00 [queued]>
[2025-10-29T18:12:33.897+0000] {taskinstance.py:2076} INFO - Dependencies all met for dep_context=requeueable deps ti=<TaskInstance: openphish_ingest.openphish_fetch_normalize_bronze scheduled__2025-10-01T00:00:00+00:00 [queued]>
[2025-10-29T18:12:33.897+0000] {taskinstance.py:2306} INFO - Starting attempt 1 of 2
[2025-10-29T18:12:33.901+0000] {taskinstance.py:2330} INFO - Executing <Task(PythonOperator): openphish_fetch_normalize_bronze> on 2025-10-01 00:00:00+00:00
[2025-10-29T18:12:33.904+0000] {warnings.py:112} WARNING - /home/airflow/.local/lib/python3.12/site-packages/airflow/task/task_runner/standard_task_runner.py:62: DeprecationWarning: This process (pid=3846) is multi-threaded, use of fork() may lead to deadlocks in the child.
  pid = os.fork()

[2025-10-29T18:12:33.904+0000] {standard_task_runner.py:64} INFO - Started process 3867 to run task
[2025-10-29T18:12:33.905+0000] {standard_task_runner.py:90} INFO - Running: ['airflow', 'tasks', 'run', 'openphish_ingest', 'openphish_fetch_normalize_bronze', 'scheduled__2025-10-01T00:00:00+00:00', '--job-id', '149', '--raw', '--subdir', 'DAGS_FOLDER/openphish_ingest.py', '--cfg-path', '/tmp/tmpq1h62aqt']
[2025-10-29T18:12:33.905+0000] {standard_task_runner.py:91} INFO - Job 149: Subtask openphish_fetch_normalize_bronze
[2025-10-29T18:12:33.918+0000] {task_command.py:426} INFO - Running <TaskInstance: openphish_ingest.openphish_fetch_normalize_bronze scheduled__2025-10-01T00:00:00+00:00 [running]> on host 9a4b1d75930e
[2025-10-29T18:12:33.939+0000] {taskinstance.py:2648} INFO - Exporting env vars: AIRFLOW_CTX_DAG_OWNER='you' AIRFLOW_CTX_DAG_ID='openphish_ingest' AIRFLOW_CTX_TASK_ID='openphish_fetch_normalize_bronze' AIRFLOW_CTX_EXECUTION_DATE='2025-10-01T00:00:00+00:00' AIRFLOW_CTX_TRY_NUMBER='1' AIRFLOW_CTX_DAG_RUN_ID='scheduled__2025-10-01T00:00:00+00:00'
[2025-10-29T18:12:33.939+0000] {taskinstance.py:430} INFO - ::endgroup::
[2025-10-29T18:12:34.598+0000] {logging_mixin.py:188} INFO - [openphish_ingest] rows after normalize: 300
[2025-10-29T18:12:34.602+0000] {logging_mixin.py:188} INFO - [openphish] rows after normalize: 300
[2025-10-29T18:12:34.614+0000] {python.py:237} INFO - Done. Returned value was: None
[2025-10-29T18:12:34.614+0000] {taskinstance.py:441} INFO - ::group::Post task execution logs
[2025-10-29T18:12:34.616+0000] {taskinstance.py:1206} INFO - Marking task as SUCCESS. dag_id=openphish_ingest, task_id=openphish_fetch_normalize_bronze, run_id=scheduled__2025-10-01T00:00:00+00:00, execution_date=20251001T000000, start_date=20251029T181233, end_date=20251029T181234
[2025-10-29T18:12:34.641+0000] {local_task_job_runner.py:243} INFO - Task exited with return code 0
[2025-10-29T18:12:34.646+0000] {taskinstance.py:3503} INFO - 0 downstream tasks scheduled from follow-on schedule check
[2025-10-29T18:12:34.646+0000] {local_task_job_runner.py:222} INFO - ::endgroup::
