[2025-11-13T01:39:39.362+0000] {local_task_job_runner.py:120} INFO - ::group::Pre task execution logs
[2025-11-13T01:39:39.369+0000] {taskinstance.py:2076} INFO - Dependencies all met for dep_context=non-requeueable deps ti=<TaskInstance: pipeline_orchestrator.silver.openphish_silver manual__2025-11-13T00:00:00+00:00 [queued]>
[2025-11-13T01:39:39.372+0000] {taskinstance.py:2076} INFO - Dependencies all met for dep_context=requeueable deps ti=<TaskInstance: pipeline_orchestrator.silver.openphish_silver manual__2025-11-13T00:00:00+00:00 [queued]>
[2025-11-13T01:39:39.372+0000] {taskinstance.py:2306} INFO - Starting attempt 1 of 1
[2025-11-13T01:39:39.377+0000] {taskinstance.py:2330} INFO - Executing <Task(TriggerDagRunOperator): silver.openphish_silver> on 2025-11-13 00:00:00+00:00
[2025-11-13T01:39:39.379+0000] {standard_task_runner.py:64} INFO - Started process 12552 to run task
[2025-11-13T01:39:39.380+0000] {standard_task_runner.py:90} INFO - Running: ['airflow', 'tasks', 'run', 'pipeline_orchestrator', 'silver.openphish_silver', 'manual__2025-11-13T00:00:00+00:00', '--job-id', '61', '--raw', '--subdir', 'DAGS_FOLDER/pipeline_orchestrator.py', '--cfg-path', '/tmp/tmpjjyc1e2u']
[2025-11-13T01:39:39.380+0000] {standard_task_runner.py:91} INFO - Job 61: Subtask silver.openphish_silver
[2025-11-13T01:39:39.392+0000] {task_command.py:426} INFO - Running <TaskInstance: pipeline_orchestrator.silver.openphish_silver manual__2025-11-13T00:00:00+00:00 [running]> on host 1fd82182dcce
[2025-11-13T01:39:39.462+0000] {taskinstance.py:2648} INFO - Exporting env vars: AIRFLOW_CTX_DAG_OWNER='airflow' AIRFLOW_CTX_DAG_ID='pipeline_orchestrator' AIRFLOW_CTX_TASK_ID='silver.openphish_silver' AIRFLOW_CTX_EXECUTION_DATE='2025-11-13T00:00:00+00:00' AIRFLOW_CTX_TRY_NUMBER='1' AIRFLOW_CTX_DAG_RUN_ID='manual__2025-11-13T00:00:00+00:00'
[2025-11-13T01:39:39.462+0000] {taskinstance.py:430} INFO - ::endgroup::
[2025-11-13T01:39:39.481+0000] {taskinstance.py:441} INFO - ::group::Post task execution logs
[2025-11-13T01:39:39.482+0000] {crypto.py:82} WARNING - empty cryptography key - values will not be stored encrypted.
[2025-11-13T01:39:39.482+0000] {taskinstance.py:2489} INFO - Pausing task as DEFERRED. dag_id=pipeline_orchestrator, task_id=silver.openphish_silver, run_id=manual__2025-11-13T00:00:00+00:00, execution_date=20251113T000000, start_date=20251113T013939
[2025-11-13T01:39:39.524+0000] {local_task_job_runner.py:237} INFO - Task exited with return code 100 (task deferral)
[2025-11-13T01:39:39.525+0000] {local_task_job_runner.py:222} INFO - ::endgroup::
[2025-11-13T01:40:42.036+0000] {local_task_job_runner.py:120} INFO - ::group::Pre task execution logs
[2025-11-13T01:40:42.045+0000] {taskinstance.py:2076} INFO - Dependencies all met for dep_context=non-requeueable deps ti=<TaskInstance: pipeline_orchestrator.silver.openphish_silver manual__2025-11-13T00:00:00+00:00 [queued]>
[2025-11-13T01:40:42.047+0000] {taskinstance.py:2076} INFO - Dependencies all met for dep_context=requeueable deps ti=<TaskInstance: pipeline_orchestrator.silver.openphish_silver manual__2025-11-13T00:00:00+00:00 [queued]>
[2025-11-13T01:40:42.047+0000] {taskinstance.py:2304} INFO - Resuming after deferral
[2025-11-13T01:40:42.051+0000] {taskinstance.py:2330} INFO - Executing <Task(TriggerDagRunOperator): silver.openphish_silver> on 2025-11-13 00:00:00+00:00
[2025-11-13T01:40:42.053+0000] {standard_task_runner.py:64} INFO - Started process 12788 to run task
[2025-11-13T01:40:42.054+0000] {standard_task_runner.py:90} INFO - Running: ['airflow', 'tasks', 'run', 'pipeline_orchestrator', 'silver.openphish_silver', 'manual__2025-11-13T00:00:00+00:00', '--job-id', '66', '--raw', '--subdir', 'DAGS_FOLDER/pipeline_orchestrator.py', '--cfg-path', '/tmp/tmpsesf0zym']
[2025-11-13T01:40:42.055+0000] {standard_task_runner.py:91} INFO - Job 66: Subtask silver.openphish_silver
[2025-11-13T01:40:42.067+0000] {task_command.py:426} INFO - Running <TaskInstance: pipeline_orchestrator.silver.openphish_silver manual__2025-11-13T00:00:00+00:00 [running]> on host 1fd82182dcce
[2025-11-13T01:40:42.137+0000] {taskinstance.py:430} INFO - ::endgroup::
[2025-11-13T01:40:42.138+0000] {trigger_dagrun.py:262} INFO - openphish_silver finished with allowed state success
[2025-11-13T01:40:42.138+0000] {taskinstance.py:441} INFO - ::group::Post task execution logs
[2025-11-13T01:40:42.140+0000] {taskinstance.py:1206} INFO - Marking task as SUCCESS. dag_id=pipeline_orchestrator, task_id=silver.openphish_silver, run_id=manual__2025-11-13T00:00:00+00:00, execution_date=20251113T000000, start_date=20251113T013939, end_date=20251113T014042
[2025-11-13T01:40:42.156+0000] {local_task_job_runner.py:243} INFO - Task exited with return code 0
[2025-11-13T01:40:42.163+0000] {taskinstance.py:3503} INFO - 0 downstream tasks scheduled from follow-on schedule check
[2025-11-13T01:40:42.163+0000] {local_task_job_runner.py:222} INFO - ::endgroup::
