[2025-10-05T00:10:30.134+0000] {local_task_job_runner.py:120} INFO - ::group::Pre task execution logs
[2025-10-05T00:10:30.143+0000] {taskinstance.py:2076} INFO - Dependencies all met for dep_context=non-requeueable deps ti=<TaskInstance: urlhaus_ingest.urlhaus_fetch_normalize_bronze scheduled__2025-10-04T00:00:00+00:00 [queued]>
[2025-10-05T00:10:30.144+0000] {taskinstance.py:2076} INFO - Dependencies all met for dep_context=requeueable deps ti=<TaskInstance: urlhaus_ingest.urlhaus_fetch_normalize_bronze scheduled__2025-10-04T00:00:00+00:00 [queued]>
[2025-10-05T00:10:30.144+0000] {taskinstance.py:2306} INFO - Starting attempt 1 of 2
[2025-10-05T00:10:30.148+0000] {taskinstance.py:2330} INFO - Executing <Task(PythonOperator): urlhaus_fetch_normalize_bronze> on 2025-10-04 00:00:00+00:00
[2025-10-05T00:10:30.152+0000] {warnings.py:112} WARNING - /home/airflow/.local/lib/python3.12/site-packages/airflow/task/task_runner/standard_task_runner.py:62: DeprecationWarning: This process (pid=70157) is multi-threaded, use of fork() may lead to deadlocks in the child.
  pid = os.fork()

[2025-10-05T00:10:30.153+0000] {standard_task_runner.py:64} INFO - Started process 70178 to run task
[2025-10-05T00:10:30.153+0000] {standard_task_runner.py:90} INFO - Running: ['airflow', 'tasks', 'run', 'urlhaus_ingest', 'urlhaus_fetch_normalize_bronze', 'scheduled__2025-10-04T00:00:00+00:00', '--job-id', '98', '--raw', '--subdir', 'DAGS_FOLDER/urlhaus_ingest.py', '--cfg-path', '/tmp/tmpfw9aip3h']
[2025-10-05T00:10:30.153+0000] {standard_task_runner.py:91} INFO - Job 98: Subtask urlhaus_fetch_normalize_bronze
[2025-10-05T00:10:30.166+0000] {task_command.py:426} INFO - Running <TaskInstance: urlhaus_ingest.urlhaus_fetch_normalize_bronze scheduled__2025-10-04T00:00:00+00:00 [running]> on host 539ffd8f219e
[2025-10-05T00:10:30.186+0000] {taskinstance.py:2648} INFO - Exporting env vars: AIRFLOW_CTX_DAG_OWNER='you' AIRFLOW_CTX_DAG_ID='urlhaus_ingest' AIRFLOW_CTX_TASK_ID='urlhaus_fetch_normalize_bronze' AIRFLOW_CTX_EXECUTION_DATE='2025-10-04T00:00:00+00:00' AIRFLOW_CTX_TRY_NUMBER='1' AIRFLOW_CTX_DAG_RUN_ID='scheduled__2025-10-04T00:00:00+00:00'
[2025-10-05T00:10:30.186+0000] {taskinstance.py:430} INFO - ::endgroup::
[2025-10-05T00:10:31.168+0000] {logging_mixin.py:188} INFO - [urlhaus_ingest] rows after normalize: 26333
[2025-10-05T00:10:31.185+0000] {logging_mixin.py:188} INFO - [urlhaus] rows after normalize: 26333
[2025-10-05T00:10:31.215+0000] {python.py:237} INFO - Done. Returned value was: None
[2025-10-05T00:10:31.215+0000] {taskinstance.py:441} INFO - ::group::Post task execution logs
[2025-10-05T00:10:31.217+0000] {taskinstance.py:1206} INFO - Marking task as SUCCESS. dag_id=urlhaus_ingest, task_id=urlhaus_fetch_normalize_bronze, run_id=scheduled__2025-10-04T00:00:00+00:00, execution_date=20251004T000000, start_date=20251005T001030, end_date=20251005T001031
[2025-10-05T00:10:31.268+0000] {local_task_job_runner.py:243} INFO - Task exited with return code 0
[2025-10-05T00:10:31.273+0000] {taskinstance.py:3503} INFO - 0 downstream tasks scheduled from follow-on schedule check
[2025-10-05T00:10:31.273+0000] {local_task_job_runner.py:222} INFO - ::endgroup::
[2025-10-29T17:16:39.225+0000] {local_task_job_runner.py:120} INFO - ::group::Pre task execution logs
[2025-10-29T17:16:39.235+0000] {taskinstance.py:2076} INFO - Dependencies all met for dep_context=non-requeueable deps ti=<TaskInstance: urlhaus_ingest.urlhaus_fetch_normalize_bronze scheduled__2025-10-04T00:00:00+00:00 [queued]>
[2025-10-29T17:16:39.237+0000] {taskinstance.py:2076} INFO - Dependencies all met for dep_context=requeueable deps ti=<TaskInstance: urlhaus_ingest.urlhaus_fetch_normalize_bronze scheduled__2025-10-04T00:00:00+00:00 [queued]>
[2025-10-29T17:16:39.237+0000] {taskinstance.py:2306} INFO - Starting attempt 1 of 2
[2025-10-29T17:16:39.246+0000] {taskinstance.py:2330} INFO - Executing <Task(PythonOperator): urlhaus_fetch_normalize_bronze> on 2025-10-04 00:00:00+00:00
[2025-10-29T17:16:39.255+0000] {warnings.py:112} WARNING - /home/airflow/.local/lib/python3.12/site-packages/airflow/task/task_runner/standard_task_runner.py:62: DeprecationWarning: This process (pid=2178) is multi-threaded, use of fork() may lead to deadlocks in the child.
  pid = os.fork()

[2025-10-29T17:16:39.256+0000] {standard_task_runner.py:64} INFO - Started process 2199 to run task
[2025-10-29T17:16:39.257+0000] {standard_task_runner.py:90} INFO - Running: ['airflow', 'tasks', 'run', 'urlhaus_ingest', 'urlhaus_fetch_normalize_bronze', 'scheduled__2025-10-04T00:00:00+00:00', '--job-id', '77', '--raw', '--subdir', 'DAGS_FOLDER/urlhaus_ingest.py', '--cfg-path', '/tmp/tmpxb_he_01']
[2025-10-29T17:16:39.257+0000] {standard_task_runner.py:91} INFO - Job 77: Subtask urlhaus_fetch_normalize_bronze
[2025-10-29T17:16:39.277+0000] {task_command.py:426} INFO - Running <TaskInstance: urlhaus_ingest.urlhaus_fetch_normalize_bronze scheduled__2025-10-04T00:00:00+00:00 [running]> on host 109bbc934e0f
[2025-10-29T17:16:39.302+0000] {taskinstance.py:2648} INFO - Exporting env vars: AIRFLOW_CTX_DAG_OWNER='you' AIRFLOW_CTX_DAG_ID='urlhaus_ingest' AIRFLOW_CTX_TASK_ID='urlhaus_fetch_normalize_bronze' AIRFLOW_CTX_EXECUTION_DATE='2025-10-04T00:00:00+00:00' AIRFLOW_CTX_TRY_NUMBER='1' AIRFLOW_CTX_DAG_RUN_ID='scheduled__2025-10-04T00:00:00+00:00'
[2025-10-29T17:16:39.302+0000] {taskinstance.py:430} INFO - ::endgroup::
[2025-10-29T17:16:39.455+0000] {logging_mixin.py:188} INFO - [urlhaus_ingest] rows after normalize: 21313
[2025-10-29T17:16:39.467+0000] {logging_mixin.py:188} INFO - [urlhaus] rows after normalize: 21313
[2025-10-29T17:16:39.490+0000] {python.py:237} INFO - Done. Returned value was: None
[2025-10-29T17:16:39.490+0000] {taskinstance.py:441} INFO - ::group::Post task execution logs
[2025-10-29T17:16:39.492+0000] {taskinstance.py:1206} INFO - Marking task as SUCCESS. dag_id=urlhaus_ingest, task_id=urlhaus_fetch_normalize_bronze, run_id=scheduled__2025-10-04T00:00:00+00:00, execution_date=20251004T000000, start_date=20251029T171639, end_date=20251029T171639
[2025-10-29T17:16:39.538+0000] {local_task_job_runner.py:243} INFO - Task exited with return code 0
[2025-10-29T17:16:39.543+0000] {taskinstance.py:3503} INFO - 0 downstream tasks scheduled from follow-on schedule check
[2025-10-29T17:16:39.544+0000] {local_task_job_runner.py:222} INFO - ::endgroup::
[2025-10-29T18:13:14.604+0000] {local_task_job_runner.py:120} INFO - ::group::Pre task execution logs
[2025-10-29T18:13:14.611+0000] {taskinstance.py:2076} INFO - Dependencies all met for dep_context=non-requeueable deps ti=<TaskInstance: urlhaus_ingest.urlhaus_fetch_normalize_bronze scheduled__2025-10-04T00:00:00+00:00 [queued]>
[2025-10-29T18:13:14.613+0000] {taskinstance.py:2076} INFO - Dependencies all met for dep_context=requeueable deps ti=<TaskInstance: urlhaus_ingest.urlhaus_fetch_normalize_bronze scheduled__2025-10-04T00:00:00+00:00 [queued]>
[2025-10-29T18:13:14.613+0000] {taskinstance.py:2306} INFO - Starting attempt 1 of 2
[2025-10-29T18:13:14.617+0000] {taskinstance.py:2330} INFO - Executing <Task(PythonOperator): urlhaus_fetch_normalize_bronze> on 2025-10-04 00:00:00+00:00
[2025-10-29T18:13:14.620+0000] {warnings.py:112} WARNING - /home/airflow/.local/lib/python3.12/site-packages/airflow/task/task_runner/standard_task_runner.py:62: DeprecationWarning: This process (pid=4276) is multi-threaded, use of fork() may lead to deadlocks in the child.
  pid = os.fork()

[2025-10-29T18:13:14.620+0000] {standard_task_runner.py:64} INFO - Started process 4297 to run task
[2025-10-29T18:13:14.621+0000] {standard_task_runner.py:90} INFO - Running: ['airflow', 'tasks', 'run', 'urlhaus_ingest', 'urlhaus_fetch_normalize_bronze', 'scheduled__2025-10-04T00:00:00+00:00', '--job-id', '166', '--raw', '--subdir', 'DAGS_FOLDER/urlhaus_ingest.py', '--cfg-path', '/tmp/tmpxh5253w7']
[2025-10-29T18:13:14.621+0000] {standard_task_runner.py:91} INFO - Job 166: Subtask urlhaus_fetch_normalize_bronze
[2025-10-29T18:13:14.633+0000] {task_command.py:426} INFO - Running <TaskInstance: urlhaus_ingest.urlhaus_fetch_normalize_bronze scheduled__2025-10-04T00:00:00+00:00 [running]> on host 9a4b1d75930e
[2025-10-29T18:13:14.655+0000] {taskinstance.py:2648} INFO - Exporting env vars: AIRFLOW_CTX_DAG_OWNER='you' AIRFLOW_CTX_DAG_ID='urlhaus_ingest' AIRFLOW_CTX_TASK_ID='urlhaus_fetch_normalize_bronze' AIRFLOW_CTX_EXECUTION_DATE='2025-10-04T00:00:00+00:00' AIRFLOW_CTX_TRY_NUMBER='1' AIRFLOW_CTX_DAG_RUN_ID='scheduled__2025-10-04T00:00:00+00:00'
[2025-10-29T18:13:14.655+0000] {taskinstance.py:430} INFO - ::endgroup::
[2025-10-29T18:13:14.798+0000] {logging_mixin.py:188} INFO - [urlhaus_ingest] rows after normalize: 21301
[2025-10-29T18:13:14.809+0000] {logging_mixin.py:188} INFO - [urlhaus] rows after normalize: 21301
[2025-10-29T18:13:14.831+0000] {python.py:237} INFO - Done. Returned value was: None
[2025-10-29T18:13:14.832+0000] {taskinstance.py:441} INFO - ::group::Post task execution logs
[2025-10-29T18:13:14.833+0000] {taskinstance.py:1206} INFO - Marking task as SUCCESS. dag_id=urlhaus_ingest, task_id=urlhaus_fetch_normalize_bronze, run_id=scheduled__2025-10-04T00:00:00+00:00, execution_date=20251004T000000, start_date=20251029T181314, end_date=20251029T181314
[2025-10-29T18:13:14.855+0000] {local_task_job_runner.py:243} INFO - Task exited with return code 0
[2025-10-29T18:13:14.860+0000] {taskinstance.py:3503} INFO - 0 downstream tasks scheduled from follow-on schedule check
[2025-10-29T18:13:14.860+0000] {local_task_job_runner.py:222} INFO - ::endgroup::
