[2025-11-04T00:02:17.039+0000] {local_task_job_runner.py:120} INFO - ::group::Pre task execution logs
[2025-11-04T00:02:17.047+0000] {taskinstance.py:2076} INFO - Dependencies all met for dep_context=non-requeueable deps ti=<TaskInstance: dns_ip_geo_ingest.dns_ip_geo_fetch manual__2025-11-03T23:57:39.291962+00:00 [queued]>
[2025-11-04T00:02:17.049+0000] {taskinstance.py:2076} INFO - Dependencies all met for dep_context=requeueable deps ti=<TaskInstance: dns_ip_geo_ingest.dns_ip_geo_fetch manual__2025-11-03T23:57:39.291962+00:00 [queued]>
[2025-11-04T00:02:17.049+0000] {taskinstance.py:2306} INFO - Starting attempt 1 of 1
[2025-11-04T00:02:17.052+0000] {taskinstance.py:2330} INFO - Executing <Task(PythonOperator): dns_ip_geo_fetch> on 2025-11-03 23:57:39.291962+00:00
[2025-11-04T00:02:17.055+0000] {standard_task_runner.py:90} INFO - Running: ['airflow', 'tasks', 'run', 'dns_ip_geo_ingest', 'dns_ip_geo_fetch', 'manual__2025-11-03T23:57:39.291962+00:00', '--job-id', '12', '--raw', '--subdir', 'DAGS_FOLDER/dns_ip_geo_dag.py', '--cfg-path', '/tmp/tmpdz_t9aq5']
[2025-11-04T00:02:17.056+0000] {standard_task_runner.py:91} INFO - Job 12: Subtask dns_ip_geo_fetch
[2025-11-04T00:02:17.056+0000] {logging_mixin.py:188} WARNING - /home/airflow/.local/lib/python3.12/site-packages/airflow/task/task_runner/standard_task_runner.py:62 DeprecationWarning: This process (pid=447) is multi-threaded, use of fork() may lead to deadlocks in the child.
[2025-11-04T00:02:17.059+0000] {standard_task_runner.py:64} INFO - Started process 458 to run task
[2025-11-04T00:02:17.067+0000] {task_command.py:426} INFO - Running <TaskInstance: dns_ip_geo_ingest.dns_ip_geo_fetch manual__2025-11-03T23:57:39.291962+00:00 [running]> on host 90fcab7a3fd8
[2025-11-04T00:02:17.086+0000] {taskinstance.py:2648} INFO - Exporting env vars: AIRFLOW_CTX_DAG_OWNER='you' AIRFLOW_CTX_DAG_ID='dns_ip_geo_ingest' AIRFLOW_CTX_TASK_ID='dns_ip_geo_fetch' AIRFLOW_CTX_EXECUTION_DATE='2025-11-03T23:57:39.291962+00:00' AIRFLOW_CTX_TRY_NUMBER='1' AIRFLOW_CTX_DAG_RUN_ID='manual__2025-11-03T23:57:39.291962+00:00'
[2025-11-04T00:02:17.086+0000] {taskinstance.py:430} INFO - ::endgroup::
[2025-11-04T00:28:34.013+0000] {logging_mixin.py:188} WARNING - /opt/airflow/dags/dns_ip_geo_dag.py:124 FutureWarning: The behavior of DataFrame concatenation with empty or all-NA entries is deprecated. In a future version, this will no longer exclude empty or all-NA columns when determining the result dtypes. To retain the old behavior, exclude the relevant entries before the concat operation.
[2025-11-04T00:28:34.047+0000] {logging_mixin.py:188} INFO - [dns_ip_geo] ds=2025-11-03 domains=3038 new_pairs=365 daily_rows=365
[2025-11-04T00:28:34.047+0000] {python.py:237} INFO - Done. Returned value was: None
[2025-11-04T00:28:34.047+0000] {taskinstance.py:441} INFO - ::group::Post task execution logs
[2025-11-04T00:28:34.056+0000] {taskinstance.py:1206} INFO - Marking task as SUCCESS. dag_id=dns_ip_geo_ingest, task_id=dns_ip_geo_fetch, run_id=manual__2025-11-03T23:57:39.291962+00:00, execution_date=20251103T235739, start_date=20251104T000217, end_date=20251104T002834
[2025-11-04T00:28:34.084+0000] {local_task_job_runner.py:243} INFO - Task exited with return code 0
[2025-11-04T00:28:34.091+0000] {taskinstance.py:3503} INFO - 0 downstream tasks scheduled from follow-on schedule check
[2025-11-04T00:28:34.091+0000] {local_task_job_runner.py:222} INFO - ::endgroup::
