[2025-11-04T00:02:04.886+0000] {local_task_job_runner.py:120} INFO - ::group::Pre task execution logs
[2025-11-04T00:02:04.900+0000] {taskinstance.py:2076} INFO - Dependencies all met for dep_context=non-requeueable deps ti=<TaskInstance: urlhaus_silver.urlhaus_bronze_to_silver scheduled__2025-11-03T00:00:00+00:00 [queued]>
[2025-11-04T00:02:04.901+0000] {taskinstance.py:2076} INFO - Dependencies all met for dep_context=requeueable deps ti=<TaskInstance: urlhaus_silver.urlhaus_bronze_to_silver scheduled__2025-11-03T00:00:00+00:00 [queued]>
[2025-11-04T00:02:04.901+0000] {taskinstance.py:2306} INFO - Starting attempt 1 of 1
[2025-11-04T00:02:04.909+0000] {taskinstance.py:2330} INFO - Executing <Task(PythonOperator): urlhaus_bronze_to_silver> on 2025-11-03 00:00:00+00:00
[2025-11-04T00:02:04.912+0000] {standard_task_runner.py:90} INFO - Running: ['airflow', 'tasks', 'run', 'urlhaus_silver', 'urlhaus_bronze_to_silver', 'scheduled__2025-11-03T00:00:00+00:00', '--job-id', '6', '--raw', '--subdir', 'DAGS_FOLDER/urlhaus_silver.py', '--cfg-path', '/tmp/tmpju9cxcjo']
[2025-11-04T00:02:04.914+0000] {logging_mixin.py:188} WARNING - /home/airflow/.local/lib/python3.12/site-packages/airflow/task/task_runner/standard_task_runner.py:62 DeprecationWarning: This process (pid=322) is multi-threaded, use of fork() may lead to deadlocks in the child.
[2025-11-04T00:02:04.914+0000] {standard_task_runner.py:91} INFO - Job 6: Subtask urlhaus_bronze_to_silver
[2025-11-04T00:02:04.914+0000] {standard_task_runner.py:64} INFO - Started process 333 to run task
[2025-11-04T00:02:04.927+0000] {task_command.py:426} INFO - Running <TaskInstance: urlhaus_silver.urlhaus_bronze_to_silver scheduled__2025-11-03T00:00:00+00:00 [running]> on host 90fcab7a3fd8
[2025-11-04T00:02:04.944+0000] {taskinstance.py:2648} INFO - Exporting env vars: AIRFLOW_CTX_DAG_OWNER='you' AIRFLOW_CTX_DAG_ID='urlhaus_silver' AIRFLOW_CTX_TASK_ID='urlhaus_bronze_to_silver' AIRFLOW_CTX_EXECUTION_DATE='2025-11-03T00:00:00+00:00' AIRFLOW_CTX_TRY_NUMBER='1' AIRFLOW_CTX_DAG_RUN_ID='scheduled__2025-11-03T00:00:00+00:00'
[2025-11-04T00:02:04.944+0000] {taskinstance.py:430} INFO - ::endgroup::
[2025-11-04T00:02:05.021+0000] {logging_mixin.py:188} INFO - [urlhaus_silver] 2025-11-03: wrote 3038 rows -> /opt/airflow/silver/urlhaus/ingest_date=2025-11-03
[2025-11-04T00:02:05.021+0000] {python.py:237} INFO - Done. Returned value was: None
[2025-11-04T00:02:05.022+0000] {taskinstance.py:441} INFO - ::group::Post task execution logs
[2025-11-04T00:02:05.023+0000] {taskinstance.py:1206} INFO - Marking task as SUCCESS. dag_id=urlhaus_silver, task_id=urlhaus_bronze_to_silver, run_id=scheduled__2025-11-03T00:00:00+00:00, execution_date=20251103T000000, start_date=20251104T000204, end_date=20251104T000205
[2025-11-04T00:02:05.063+0000] {local_task_job_runner.py:243} INFO - Task exited with return code 0
[2025-11-04T00:02:05.067+0000] {taskinstance.py:3503} INFO - 0 downstream tasks scheduled from follow-on schedule check
[2025-11-04T00:02:05.068+0000] {local_task_job_runner.py:222} INFO - ::endgroup::
[2025-11-04T18:08:17.764+0000] {local_task_job_runner.py:120} INFO - ::group::Pre task execution logs
[2025-11-04T18:08:17.772+0000] {taskinstance.py:2076} INFO - Dependencies all met for dep_context=non-requeueable deps ti=<TaskInstance: urlhaus_silver.urlhaus_bronze_to_silver scheduled__2025-11-03T00:00:00+00:00 [queued]>
[2025-11-04T18:08:17.774+0000] {taskinstance.py:2076} INFO - Dependencies all met for dep_context=requeueable deps ti=<TaskInstance: urlhaus_silver.urlhaus_bronze_to_silver scheduled__2025-11-03T00:00:00+00:00 [queued]>
[2025-11-04T18:08:17.774+0000] {taskinstance.py:2306} INFO - Starting attempt 1 of 1
[2025-11-04T18:08:17.777+0000] {taskinstance.py:2330} INFO - Executing <Task(PythonOperator): urlhaus_bronze_to_silver> on 2025-11-03 00:00:00+00:00
[2025-11-04T18:08:17.780+0000] {standard_task_runner.py:90} INFO - Running: ['airflow', 'tasks', 'run', 'urlhaus_silver', 'urlhaus_bronze_to_silver', 'scheduled__2025-11-03T00:00:00+00:00', '--job-id', '6', '--raw', '--subdir', 'DAGS_FOLDER/urlhaus_silver.py', '--cfg-path', '/tmp/tmpcjpynop4']
[2025-11-04T18:08:17.782+0000] {standard_task_runner.py:91} INFO - Job 6: Subtask urlhaus_bronze_to_silver
[2025-11-04T18:08:17.782+0000] {logging_mixin.py:188} WARNING - /home/airflow/.local/lib/python3.12/site-packages/airflow/task/task_runner/standard_task_runner.py:62 DeprecationWarning: This process (pid=1575) is multi-threaded, use of fork() may lead to deadlocks in the child.
[2025-11-04T18:08:17.784+0000] {standard_task_runner.py:64} INFO - Started process 1586 to run task
[2025-11-04T18:08:17.793+0000] {task_command.py:426} INFO - Running <TaskInstance: urlhaus_silver.urlhaus_bronze_to_silver scheduled__2025-11-03T00:00:00+00:00 [running]> on host 7e98baed574a
[2025-11-04T18:08:17.809+0000] {taskinstance.py:2648} INFO - Exporting env vars: AIRFLOW_CTX_DAG_OWNER='you' AIRFLOW_CTX_DAG_ID='urlhaus_silver' AIRFLOW_CTX_TASK_ID='urlhaus_bronze_to_silver' AIRFLOW_CTX_EXECUTION_DATE='2025-11-03T00:00:00+00:00' AIRFLOW_CTX_TRY_NUMBER='1' AIRFLOW_CTX_DAG_RUN_ID='scheduled__2025-11-03T00:00:00+00:00'
[2025-11-04T18:08:17.809+0000] {taskinstance.py:430} INFO - ::endgroup::
[2025-11-04T18:08:17.952+0000] {logging_mixin.py:188} INFO - [urlhaus_silver] 2025-11-03: wrote 3060 rows -> /opt/airflow/silver/urlhaus/ingest_date=2025-11-03
[2025-11-04T18:08:17.953+0000] {python.py:237} INFO - Done. Returned value was: None
[2025-11-04T18:08:17.953+0000] {taskinstance.py:441} INFO - ::group::Post task execution logs
[2025-11-04T18:08:17.955+0000] {taskinstance.py:1206} INFO - Marking task as SUCCESS. dag_id=urlhaus_silver, task_id=urlhaus_bronze_to_silver, run_id=scheduled__2025-11-03T00:00:00+00:00, execution_date=20251103T000000, start_date=20251104T180817, end_date=20251104T180817
[2025-11-04T18:08:17.968+0000] {local_task_job_runner.py:243} INFO - Task exited with return code 0
[2025-11-04T18:08:17.972+0000] {taskinstance.py:3503} INFO - 0 downstream tasks scheduled from follow-on schedule check
[2025-11-04T18:08:17.972+0000] {local_task_job_runner.py:222} INFO - ::endgroup::
