[2025-09-28T00:01:37.846+0000] {local_task_job_runner.py:120} INFO - ::group::Pre task execution logs
[2025-09-28T00:01:37.923+0000] {taskinstance.py:2076} INFO - Dependencies all met for dep_context=non-requeueable deps ti=<TaskInstance: labels_union.build_union scheduled__2025-09-27T00:00:00+00:00 [queued]>
[2025-09-28T00:01:37.939+0000] {taskinstance.py:2076} INFO - Dependencies all met for dep_context=requeueable deps ti=<TaskInstance: labels_union.build_union scheduled__2025-09-27T00:00:00+00:00 [queued]>
[2025-09-28T00:01:37.940+0000] {taskinstance.py:2306} INFO - Starting attempt 1 of 1
[2025-09-28T00:01:37.987+0000] {taskinstance.py:2330} INFO - Executing <Task(PythonOperator): build_union> on 2025-09-27 00:00:00+00:00
[2025-09-28T00:01:38.012+0000] {standard_task_runner.py:90} INFO - Running: ['airflow', 'tasks', 'run', 'labels_union', 'build_union', 'scheduled__2025-09-27T00:00:00+00:00', '--job-id', '44', '--raw', '--subdir', 'DAGS_FOLDER/labels_union.py', '--cfg-path', '/tmp/tmp6a0r10ci']
[2025-09-28T00:01:38.017+0000] {standard_task_runner.py:91} INFO - Job 44: Subtask build_union
[2025-09-28T00:01:38.021+0000] {logging_mixin.py:188} WARNING - /home/airflow/.local/lib/python3.12/site-packages/airflow/task/task_runner/standard_task_runner.py:62 DeprecationWarning: This process (pid=12568) is multi-threaded, use of fork() may lead to deadlocks in the child.
[2025-09-28T00:01:38.023+0000] {standard_task_runner.py:64} INFO - Started process 12579 to run task
[2025-09-28T00:01:38.138+0000] {task_command.py:426} INFO - Running <TaskInstance: labels_union.build_union scheduled__2025-09-27T00:00:00+00:00 [running]> on host 539ffd8f219e
[2025-09-28T00:01:38.302+0000] {taskinstance.py:2648} INFO - Exporting env vars: AIRFLOW_CTX_DAG_OWNER='you' AIRFLOW_CTX_DAG_ID='labels_union' AIRFLOW_CTX_TASK_ID='build_union' AIRFLOW_CTX_EXECUTION_DATE='2025-09-27T00:00:00+00:00' AIRFLOW_CTX_TRY_NUMBER='1' AIRFLOW_CTX_DAG_RUN_ID='scheduled__2025-09-27T00:00:00+00:00'
[2025-09-28T00:01:38.305+0000] {taskinstance.py:430} INFO - ::endgroup::
[2025-09-28T00:01:38.549+0000] {logging_mixin.py:188} INFO - [labels_union] wrote 6195 rows -> /opt/airflow/silver/labels_union/ingest_date=2025-09-27
[2025-09-28T00:01:38.551+0000] {python.py:237} INFO - Done. Returned value was: None
[2025-09-28T00:01:38.552+0000] {taskinstance.py:441} INFO - ::group::Post task execution logs
[2025-09-28T00:01:38.564+0000] {taskinstance.py:1206} INFO - Marking task as SUCCESS. dag_id=labels_union, task_id=build_union, run_id=scheduled__2025-09-27T00:00:00+00:00, execution_date=20250927T000000, start_date=20250928T000137, end_date=20250928T000138
[2025-09-28T00:01:38.623+0000] {local_task_job_runner.py:243} INFO - Task exited with return code 0
[2025-09-28T00:01:38.651+0000] {taskinstance.py:3503} INFO - 0 downstream tasks scheduled from follow-on schedule check
[2025-09-28T00:01:38.653+0000] {local_task_job_runner.py:222} INFO - ::endgroup::
[2025-10-29T18:12:17.323+0000] {local_task_job_runner.py:120} INFO - ::group::Pre task execution logs
[2025-10-29T18:12:17.332+0000] {taskinstance.py:2076} INFO - Dependencies all met for dep_context=non-requeueable deps ti=<TaskInstance: labels_union.build_union scheduled__2025-09-27T00:00:00+00:00 [queued]>
[2025-10-29T18:12:17.335+0000] {taskinstance.py:2076} INFO - Dependencies all met for dep_context=requeueable deps ti=<TaskInstance: labels_union.build_union scheduled__2025-09-27T00:00:00+00:00 [queued]>
[2025-10-29T18:12:17.335+0000] {taskinstance.py:2306} INFO - Starting attempt 1 of 1
[2025-10-29T18:12:17.340+0000] {taskinstance.py:2330} INFO - Executing <Task(PythonOperator): build_union> on 2025-09-27 00:00:00+00:00
[2025-10-29T18:12:17.343+0000] {standard_task_runner.py:90} INFO - Running: ['airflow', 'tasks', 'run', 'labels_union', 'build_union', 'scheduled__2025-09-27T00:00:00+00:00', '--job-id', '142', '--raw', '--subdir', 'DAGS_FOLDER/labels_union.py', '--cfg-path', '/tmp/tmpssy43bnp']
[2025-10-29T18:12:17.344+0000] {standard_task_runner.py:91} INFO - Job 142: Subtask build_union
[2025-10-29T18:12:17.344+0000] {logging_mixin.py:188} WARNING - /home/airflow/.local/lib/python3.12/site-packages/airflow/task/task_runner/standard_task_runner.py:62 DeprecationWarning: This process (pid=3689) is multi-threaded, use of fork() may lead to deadlocks in the child.
[2025-10-29T18:12:17.347+0000] {standard_task_runner.py:64} INFO - Started process 3700 to run task
[2025-10-29T18:12:17.357+0000] {task_command.py:426} INFO - Running <TaskInstance: labels_union.build_union scheduled__2025-09-27T00:00:00+00:00 [running]> on host 9a4b1d75930e
[2025-10-29T18:12:17.380+0000] {taskinstance.py:2648} INFO - Exporting env vars: AIRFLOW_CTX_DAG_OWNER='you' AIRFLOW_CTX_DAG_ID='labels_union' AIRFLOW_CTX_TASK_ID='build_union' AIRFLOW_CTX_EXECUTION_DATE='2025-09-27T00:00:00+00:00' AIRFLOW_CTX_TRY_NUMBER='1' AIRFLOW_CTX_DAG_RUN_ID='scheduled__2025-09-27T00:00:00+00:00'
[2025-10-29T18:12:17.381+0000] {taskinstance.py:430} INFO - ::endgroup::
[2025-10-29T18:12:17.413+0000] {logging_mixin.py:188} INFO - [labels_union] 2025-09-27: wrote 3114 rows -> /opt/airflow/silver/labels_union/ingest_date=2025-09-27
[2025-10-29T18:12:17.413+0000] {python.py:237} INFO - Done. Returned value was: None
[2025-10-29T18:12:17.413+0000] {taskinstance.py:441} INFO - ::group::Post task execution logs
[2025-10-29T18:12:17.415+0000] {taskinstance.py:1206} INFO - Marking task as SUCCESS. dag_id=labels_union, task_id=build_union, run_id=scheduled__2025-09-27T00:00:00+00:00, execution_date=20250927T000000, start_date=20251029T181217, end_date=20251029T181217
[2025-10-29T18:12:17.450+0000] {local_task_job_runner.py:243} INFO - Task exited with return code 0
[2025-10-29T18:12:17.455+0000] {taskinstance.py:3503} INFO - 0 downstream tasks scheduled from follow-on schedule check
[2025-10-29T18:12:17.456+0000] {local_task_job_runner.py:222} INFO - ::endgroup::
