[2025-10-29T17:18:12.201+0000] {local_task_job_runner.py:120} INFO - ::group::Pre task execution logs
[2025-10-29T17:18:12.208+0000] {taskinstance.py:2076} INFO - Dependencies all met for dep_context=non-requeueable deps ti=<TaskInstance: openphish_ingest.openphish_fetch_normalize_bronze scheduled__2025-10-23T00:00:00+00:00 [queued]>
[2025-10-29T17:18:12.210+0000] {taskinstance.py:2076} INFO - Dependencies all met for dep_context=requeueable deps ti=<TaskInstance: openphish_ingest.openphish_fetch_normalize_bronze scheduled__2025-10-23T00:00:00+00:00 [queued]>
[2025-10-29T17:18:12.210+0000] {taskinstance.py:2306} INFO - Starting attempt 1 of 2
[2025-10-29T17:18:12.214+0000] {taskinstance.py:2330} INFO - Executing <Task(PythonOperator): openphish_fetch_normalize_bronze> on 2025-10-23 00:00:00+00:00
[2025-10-29T17:18:12.217+0000] {warnings.py:112} WARNING - /home/airflow/.local/lib/python3.12/site-packages/airflow/task/task_runner/standard_task_runner.py:62: DeprecationWarning: This process (pid=2909) is multi-threaded, use of fork() may lead to deadlocks in the child.
  pid = os.fork()

[2025-10-29T17:18:12.217+0000] {standard_task_runner.py:64} INFO - Started process 2930 to run task
[2025-10-29T17:18:12.218+0000] {standard_task_runner.py:90} INFO - Running: ['airflow', 'tasks', 'run', 'openphish_ingest', 'openphish_fetch_normalize_bronze', 'scheduled__2025-10-23T00:00:00+00:00', '--job-id', '104', '--raw', '--subdir', 'DAGS_FOLDER/openphish_ingest.py', '--cfg-path', '/tmp/tmpgxyqnpe1']
[2025-10-29T17:18:12.218+0000] {standard_task_runner.py:91} INFO - Job 104: Subtask openphish_fetch_normalize_bronze
[2025-10-29T17:18:12.229+0000] {task_command.py:426} INFO - Running <TaskInstance: openphish_ingest.openphish_fetch_normalize_bronze scheduled__2025-10-23T00:00:00+00:00 [running]> on host 109bbc934e0f
[2025-10-29T17:18:12.249+0000] {taskinstance.py:2648} INFO - Exporting env vars: AIRFLOW_CTX_DAG_OWNER='you' AIRFLOW_CTX_DAG_ID='openphish_ingest' AIRFLOW_CTX_TASK_ID='openphish_fetch_normalize_bronze' AIRFLOW_CTX_EXECUTION_DATE='2025-10-23T00:00:00+00:00' AIRFLOW_CTX_TRY_NUMBER='1' AIRFLOW_CTX_DAG_RUN_ID='scheduled__2025-10-23T00:00:00+00:00'
[2025-10-29T17:18:12.249+0000] {taskinstance.py:430} INFO - ::endgroup::
[2025-10-29T17:18:12.919+0000] {logging_mixin.py:188} INFO - [openphish_ingest] rows after normalize: 300
[2025-10-29T17:18:12.923+0000] {logging_mixin.py:188} INFO - [openphish] rows after normalize: 300
[2025-10-29T17:18:12.941+0000] {python.py:237} INFO - Done. Returned value was: None
[2025-10-29T17:18:12.941+0000] {taskinstance.py:441} INFO - ::group::Post task execution logs
[2025-10-29T17:18:12.944+0000] {taskinstance.py:1206} INFO - Marking task as SUCCESS. dag_id=openphish_ingest, task_id=openphish_fetch_normalize_bronze, run_id=scheduled__2025-10-23T00:00:00+00:00, execution_date=20251023T000000, start_date=20251029T171812, end_date=20251029T171812
[2025-10-29T17:18:12.980+0000] {local_task_job_runner.py:243} INFO - Task exited with return code 0
[2025-10-29T17:18:12.988+0000] {taskinstance.py:3503} INFO - 0 downstream tasks scheduled from follow-on schedule check
[2025-10-29T17:18:12.988+0000] {local_task_job_runner.py:222} INFO - ::endgroup::
[2025-10-29T18:16:56.806+0000] {local_task_job_runner.py:120} INFO - ::group::Pre task execution logs
[2025-10-29T18:16:56.815+0000] {taskinstance.py:2076} INFO - Dependencies all met for dep_context=non-requeueable deps ti=<TaskInstance: openphish_ingest.openphish_fetch_normalize_bronze scheduled__2025-10-23T00:00:00+00:00 [queued]>
[2025-10-29T18:16:56.817+0000] {taskinstance.py:2076} INFO - Dependencies all met for dep_context=requeueable deps ti=<TaskInstance: openphish_ingest.openphish_fetch_normalize_bronze scheduled__2025-10-23T00:00:00+00:00 [queued]>
[2025-10-29T18:16:56.817+0000] {taskinstance.py:2306} INFO - Starting attempt 1 of 2
[2025-10-29T18:16:56.822+0000] {taskinstance.py:2330} INFO - Executing <Task(PythonOperator): openphish_fetch_normalize_bronze> on 2025-10-23 00:00:00+00:00
[2025-10-29T18:16:56.825+0000] {warnings.py:112} WARNING - /home/airflow/.local/lib/python3.12/site-packages/airflow/task/task_runner/standard_task_runner.py:62: DeprecationWarning: This process (pid=6579) is multi-threaded, use of fork() may lead to deadlocks in the child.
  pid = os.fork()

[2025-10-29T18:16:56.825+0000] {standard_task_runner.py:64} INFO - Started process 6600 to run task
[2025-10-29T18:16:56.826+0000] {standard_task_runner.py:90} INFO - Running: ['airflow', 'tasks', 'run', 'openphish_ingest', 'openphish_fetch_normalize_bronze', 'scheduled__2025-10-23T00:00:00+00:00', '--job-id', '259', '--raw', '--subdir', 'DAGS_FOLDER/openphish_ingest.py', '--cfg-path', '/tmp/tmp_0h5dpoz']
[2025-10-29T18:16:56.826+0000] {standard_task_runner.py:91} INFO - Job 259: Subtask openphish_fetch_normalize_bronze
[2025-10-29T18:16:56.840+0000] {task_command.py:426} INFO - Running <TaskInstance: openphish_ingest.openphish_fetch_normalize_bronze scheduled__2025-10-23T00:00:00+00:00 [running]> on host 9a4b1d75930e
[2025-10-29T18:16:56.862+0000] {taskinstance.py:2648} INFO - Exporting env vars: AIRFLOW_CTX_DAG_OWNER='you' AIRFLOW_CTX_DAG_ID='openphish_ingest' AIRFLOW_CTX_TASK_ID='openphish_fetch_normalize_bronze' AIRFLOW_CTX_EXECUTION_DATE='2025-10-23T00:00:00+00:00' AIRFLOW_CTX_TRY_NUMBER='1' AIRFLOW_CTX_DAG_RUN_ID='scheduled__2025-10-23T00:00:00+00:00'
[2025-10-29T18:16:56.862+0000] {taskinstance.py:430} INFO - ::endgroup::
[2025-10-29T18:16:57.520+0000] {logging_mixin.py:188} INFO - [openphish_ingest] rows after normalize: 300
[2025-10-29T18:16:57.524+0000] {logging_mixin.py:188} INFO - [openphish] rows after normalize: 300
[2025-10-29T18:16:57.535+0000] {python.py:237} INFO - Done. Returned value was: None
[2025-10-29T18:16:57.535+0000] {taskinstance.py:441} INFO - ::group::Post task execution logs
[2025-10-29T18:16:57.537+0000] {taskinstance.py:1206} INFO - Marking task as SUCCESS. dag_id=openphish_ingest, task_id=openphish_fetch_normalize_bronze, run_id=scheduled__2025-10-23T00:00:00+00:00, execution_date=20251023T000000, start_date=20251029T181656, end_date=20251029T181657
[2025-10-29T18:16:57.582+0000] {local_task_job_runner.py:243} INFO - Task exited with return code 0
[2025-10-29T18:16:57.587+0000] {taskinstance.py:3503} INFO - 0 downstream tasks scheduled from follow-on schedule check
[2025-10-29T18:16:57.587+0000] {local_task_job_runner.py:222} INFO - ::endgroup::
