[2025-09-25T00:04:13.244+0000] {local_task_job_runner.py:120} INFO - ::group::Pre task execution logs
[2025-09-25T00:04:13.256+0000] {taskinstance.py:2076} INFO - Dependencies all met for dep_context=non-requeueable deps ti=<TaskInstance: openphish_silver.openphish_bronze_to_silver scheduled__2025-09-24T00:00:00+00:00 [queued]>
[2025-09-25T00:04:13.258+0000] {taskinstance.py:2076} INFO - Dependencies all met for dep_context=requeueable deps ti=<TaskInstance: openphish_silver.openphish_bronze_to_silver scheduled__2025-09-24T00:00:00+00:00 [queued]>
[2025-09-25T00:04:13.258+0000] {taskinstance.py:2306} INFO - Starting attempt 1 of 1
[2025-09-25T00:04:13.264+0000] {taskinstance.py:2330} INFO - Executing <Task(PythonOperator): openphish_bronze_to_silver> on 2025-09-24 00:00:00+00:00
[2025-09-25T00:04:13.269+0000] {standard_task_runner.py:90} INFO - Running: ['airflow', 'tasks', 'run', 'openphish_silver', 'openphish_bronze_to_silver', 'scheduled__2025-09-24T00:00:00+00:00', '--job-id', '26', '--raw', '--subdir', 'DAGS_FOLDER/openphish_silver.py', '--cfg-path', '/tmp/tmphvnd6iaa']
[2025-09-25T00:04:13.271+0000] {standard_task_runner.py:91} INFO - Job 26: Subtask openphish_bronze_to_silver
[2025-09-25T00:04:13.270+0000] {logging_mixin.py:188} WARNING - /home/airflow/.local/lib/python3.12/site-packages/airflow/task/task_runner/standard_task_runner.py:62 DeprecationWarning: This process (pid=43893) is multi-threaded, use of fork() may lead to deadlocks in the child.
[2025-09-25T00:04:13.275+0000] {standard_task_runner.py:64} INFO - Started process 43904 to run task
[2025-09-25T00:04:13.286+0000] {task_command.py:426} INFO - Running <TaskInstance: openphish_silver.openphish_bronze_to_silver scheduled__2025-09-24T00:00:00+00:00 [running]> on host 539ffd8f219e
[2025-09-25T00:04:13.308+0000] {taskinstance.py:2648} INFO - Exporting env vars: AIRFLOW_CTX_DAG_OWNER='you' AIRFLOW_CTX_DAG_ID='openphish_silver' AIRFLOW_CTX_TASK_ID='openphish_bronze_to_silver' AIRFLOW_CTX_EXECUTION_DATE='2025-09-24T00:00:00+00:00' AIRFLOW_CTX_TRY_NUMBER='1' AIRFLOW_CTX_DAG_RUN_ID='scheduled__2025-09-24T00:00:00+00:00'
[2025-09-25T00:04:13.309+0000] {taskinstance.py:430} INFO - ::endgroup::
[2025-09-25T00:04:13.376+0000] {logging_mixin.py:188} INFO - [openphish_silver] wrote 553 rows -> /opt/airflow/silver/openphish/ingest_date=2025-09-24
[2025-09-25T00:04:13.377+0000] {python.py:237} INFO - Done. Returned value was: None
[2025-09-25T00:04:13.377+0000] {taskinstance.py:441} INFO - ::group::Post task execution logs
[2025-09-25T00:04:13.380+0000] {taskinstance.py:1206} INFO - Marking task as SUCCESS. dag_id=openphish_silver, task_id=openphish_bronze_to_silver, run_id=scheduled__2025-09-24T00:00:00+00:00, execution_date=20250924T000000, start_date=20250925T000413, end_date=20250925T000413
[2025-09-25T00:04:13.418+0000] {local_task_job_runner.py:243} INFO - Task exited with return code 0
[2025-09-25T00:04:13.423+0000] {taskinstance.py:3503} INFO - 0 downstream tasks scheduled from follow-on schedule check
[2025-09-25T00:04:13.423+0000] {local_task_job_runner.py:222} INFO - ::endgroup::
[2025-10-29T18:11:16.298+0000] {local_task_job_runner.py:120} INFO - ::group::Pre task execution logs
[2025-10-29T18:11:16.307+0000] {taskinstance.py:2076} INFO - Dependencies all met for dep_context=non-requeueable deps ti=<TaskInstance: openphish_silver.openphish_bronze_to_silver scheduled__2025-09-24T00:00:00+00:00 [queued]>
[2025-10-29T18:11:16.309+0000] {taskinstance.py:2076} INFO - Dependencies all met for dep_context=requeueable deps ti=<TaskInstance: openphish_silver.openphish_bronze_to_silver scheduled__2025-09-24T00:00:00+00:00 [queued]>
[2025-10-29T18:11:16.309+0000] {taskinstance.py:2306} INFO - Starting attempt 1 of 1
[2025-10-29T18:11:16.314+0000] {taskinstance.py:2330} INFO - Executing <Task(PythonOperator): openphish_bronze_to_silver> on 2025-09-24 00:00:00+00:00
[2025-10-29T18:11:16.318+0000] {standard_task_runner.py:90} INFO - Running: ['airflow', 'tasks', 'run', 'openphish_silver', 'openphish_bronze_to_silver', 'scheduled__2025-09-24T00:00:00+00:00', '--job-id', '118', '--raw', '--subdir', 'DAGS_FOLDER/openphish_silver.py', '--cfg-path', '/tmp/tmpg2wfkoeq']
[2025-10-29T18:11:16.320+0000] {standard_task_runner.py:91} INFO - Job 118: Subtask openphish_bronze_to_silver
[2025-10-29T18:11:16.319+0000] {logging_mixin.py:188} WARNING - /home/airflow/.local/lib/python3.12/site-packages/airflow/task/task_runner/standard_task_runner.py:62 DeprecationWarning: This process (pid=3086) is multi-threaded, use of fork() may lead to deadlocks in the child.
[2025-10-29T18:11:16.322+0000] {standard_task_runner.py:64} INFO - Started process 3097 to run task
[2025-10-29T18:11:16.336+0000] {task_command.py:426} INFO - Running <TaskInstance: openphish_silver.openphish_bronze_to_silver scheduled__2025-09-24T00:00:00+00:00 [running]> on host 9a4b1d75930e
[2025-10-29T18:11:16.377+0000] {taskinstance.py:2648} INFO - Exporting env vars: AIRFLOW_CTX_DAG_OWNER='you' AIRFLOW_CTX_DAG_ID='openphish_silver' AIRFLOW_CTX_TASK_ID='openphish_bronze_to_silver' AIRFLOW_CTX_EXECUTION_DATE='2025-09-24T00:00:00+00:00' AIRFLOW_CTX_TRY_NUMBER='1' AIRFLOW_CTX_DAG_RUN_ID='scheduled__2025-09-24T00:00:00+00:00'
[2025-10-29T18:11:16.377+0000] {taskinstance.py:430} INFO - ::endgroup::
[2025-10-29T18:11:16.403+0000] {logging_mixin.py:188} INFO - [openphish_silver] 2025-09-24: wrote 206 rows -> /opt/airflow/silver/openphish/ingest_date=2025-09-24
[2025-10-29T18:11:16.403+0000] {python.py:237} INFO - Done. Returned value was: None
[2025-10-29T18:11:16.403+0000] {taskinstance.py:441} INFO - ::group::Post task execution logs
[2025-10-29T18:11:16.405+0000] {taskinstance.py:1206} INFO - Marking task as SUCCESS. dag_id=openphish_silver, task_id=openphish_bronze_to_silver, run_id=scheduled__2025-09-24T00:00:00+00:00, execution_date=20250924T000000, start_date=20251029T181116, end_date=20251029T181116
[2025-10-29T18:11:16.425+0000] {local_task_job_runner.py:243} INFO - Task exited with return code 0
[2025-10-29T18:11:16.430+0000] {taskinstance.py:3503} INFO - 0 downstream tasks scheduled from follow-on schedule check
[2025-10-29T18:11:16.430+0000] {local_task_job_runner.py:222} INFO - ::endgroup::
