[2025-09-27T00:40:00.275+0000] {local_task_job_runner.py:120} INFO - ::group::Pre task execution logs
[2025-09-27T00:40:00.286+0000] {taskinstance.py:2076} INFO - Dependencies all met for dep_context=non-requeueable deps ti=<TaskInstance: openphish_ingest.openphish_fetch_normalize_bronze scheduled__2025-09-26T00:00:00+00:00 [queued]>
[2025-09-27T00:40:00.288+0000] {taskinstance.py:2076} INFO - Dependencies all met for dep_context=requeueable deps ti=<TaskInstance: openphish_ingest.openphish_fetch_normalize_bronze scheduled__2025-09-26T00:00:00+00:00 [queued]>
[2025-09-27T00:40:00.289+0000] {taskinstance.py:2306} INFO - Starting attempt 1 of 2
[2025-09-27T00:40:00.295+0000] {taskinstance.py:2330} INFO - Executing <Task(PythonOperator): openphish_fetch_normalize_bronze> on 2025-09-26 00:00:00+00:00
[2025-09-27T00:40:00.307+0000] {warnings.py:112} WARNING - /home/airflow/.local/lib/python3.12/site-packages/airflow/task/task_runner/standard_task_runner.py:62: DeprecationWarning: This process (pid=92369) is multi-threaded, use of fork() may lead to deadlocks in the child.
  pid = os.fork()

[2025-09-27T00:40:00.307+0000] {standard_task_runner.py:64} INFO - Started process 92390 to run task
[2025-09-27T00:40:00.309+0000] {standard_task_runner.py:90} INFO - Running: ['airflow', 'tasks', 'run', 'openphish_ingest', 'openphish_fetch_normalize_bronze', 'scheduled__2025-09-26T00:00:00+00:00', '--job-id', '40', '--raw', '--subdir', 'DAGS_FOLDER/openphish_ingest.py', '--cfg-path', '/tmp/tmp8gno8cz7']
[2025-09-27T00:40:00.309+0000] {standard_task_runner.py:91} INFO - Job 40: Subtask openphish_fetch_normalize_bronze
[2025-09-27T00:40:00.328+0000] {task_command.py:426} INFO - Running <TaskInstance: openphish_ingest.openphish_fetch_normalize_bronze scheduled__2025-09-26T00:00:00+00:00 [running]> on host 539ffd8f219e
[2025-09-27T00:40:00.374+0000] {taskinstance.py:2648} INFO - Exporting env vars: AIRFLOW_CTX_DAG_OWNER='you' AIRFLOW_CTX_DAG_ID='openphish_ingest' AIRFLOW_CTX_TASK_ID='openphish_fetch_normalize_bronze' AIRFLOW_CTX_EXECUTION_DATE='2025-09-26T00:00:00+00:00' AIRFLOW_CTX_TRY_NUMBER='1' AIRFLOW_CTX_DAG_RUN_ID='scheduled__2025-09-26T00:00:00+00:00'
[2025-09-27T00:40:00.374+0000] {taskinstance.py:430} INFO - ::endgroup::
[2025-09-27T00:40:01.282+0000] {logging_mixin.py:188} INFO - [openphish_ingest] rows after normalize: 300
[2025-09-27T00:40:01.285+0000] {logging_mixin.py:188} INFO - [openphish] rows after normalize: 300
[2025-09-27T00:40:01.313+0000] {python.py:237} INFO - Done. Returned value was: None
[2025-09-27T00:40:01.314+0000] {taskinstance.py:441} INFO - ::group::Post task execution logs
[2025-09-27T00:40:01.317+0000] {taskinstance.py:1206} INFO - Marking task as SUCCESS. dag_id=openphish_ingest, task_id=openphish_fetch_normalize_bronze, run_id=scheduled__2025-09-26T00:00:00+00:00, execution_date=20250926T000000, start_date=20250927T004000, end_date=20250927T004001
[2025-09-27T00:40:01.358+0000] {local_task_job_runner.py:243} INFO - Task exited with return code 0
[2025-09-27T00:40:01.363+0000] {taskinstance.py:3503} INFO - 0 downstream tasks scheduled from follow-on schedule check
[2025-09-27T00:40:01.363+0000] {local_task_job_runner.py:222} INFO - ::endgroup::
[2025-10-29T17:14:50.766+0000] {local_task_job_runner.py:120} INFO - ::group::Pre task execution logs
[2025-10-29T17:14:50.776+0000] {taskinstance.py:2076} INFO - Dependencies all met for dep_context=non-requeueable deps ti=<TaskInstance: openphish_ingest.openphish_fetch_normalize_bronze scheduled__2025-09-26T00:00:00+00:00 [queued]>
[2025-10-29T17:14:50.777+0000] {taskinstance.py:2076} INFO - Dependencies all met for dep_context=requeueable deps ti=<TaskInstance: openphish_ingest.openphish_fetch_normalize_bronze scheduled__2025-09-26T00:00:00+00:00 [queued]>
[2025-10-29T17:14:50.778+0000] {taskinstance.py:2306} INFO - Starting attempt 1 of 2
[2025-10-29T17:14:50.782+0000] {taskinstance.py:2330} INFO - Executing <Task(PythonOperator): openphish_fetch_normalize_bronze> on 2025-09-26 00:00:00+00:00
[2025-10-29T17:14:50.787+0000] {warnings.py:112} WARNING - /home/airflow/.local/lib/python3.12/site-packages/airflow/task/task_runner/standard_task_runner.py:62: DeprecationWarning: This process (pid=1426) is multi-threaded, use of fork() may lead to deadlocks in the child.
  pid = os.fork()

[2025-10-29T17:14:50.787+0000] {standard_task_runner.py:64} INFO - Started process 1447 to run task
[2025-10-29T17:14:50.788+0000] {standard_task_runner.py:90} INFO - Running: ['airflow', 'tasks', 'run', 'openphish_ingest', 'openphish_fetch_normalize_bronze', 'scheduled__2025-09-26T00:00:00+00:00', '--job-id', '50', '--raw', '--subdir', 'DAGS_FOLDER/openphish_ingest.py', '--cfg-path', '/tmp/tmpdtacqoez']
[2025-10-29T17:14:50.788+0000] {standard_task_runner.py:91} INFO - Job 50: Subtask openphish_fetch_normalize_bronze
[2025-10-29T17:14:50.802+0000] {task_command.py:426} INFO - Running <TaskInstance: openphish_ingest.openphish_fetch_normalize_bronze scheduled__2025-09-26T00:00:00+00:00 [running]> on host 109bbc934e0f
[2025-10-29T17:14:50.827+0000] {taskinstance.py:2648} INFO - Exporting env vars: AIRFLOW_CTX_DAG_OWNER='you' AIRFLOW_CTX_DAG_ID='openphish_ingest' AIRFLOW_CTX_TASK_ID='openphish_fetch_normalize_bronze' AIRFLOW_CTX_EXECUTION_DATE='2025-09-26T00:00:00+00:00' AIRFLOW_CTX_TRY_NUMBER='1' AIRFLOW_CTX_DAG_RUN_ID='scheduled__2025-09-26T00:00:00+00:00'
[2025-10-29T17:14:50.827+0000] {taskinstance.py:430} INFO - ::endgroup::
[2025-10-29T17:14:51.496+0000] {logging_mixin.py:188} INFO - [openphish_ingest] rows after normalize: 300
[2025-10-29T17:14:51.500+0000] {logging_mixin.py:188} INFO - [openphish] rows after normalize: 300
[2025-10-29T17:14:51.510+0000] {python.py:237} INFO - Done. Returned value was: None
[2025-10-29T17:14:51.511+0000] {taskinstance.py:441} INFO - ::group::Post task execution logs
[2025-10-29T17:14:51.512+0000] {taskinstance.py:1206} INFO - Marking task as SUCCESS. dag_id=openphish_ingest, task_id=openphish_fetch_normalize_bronze, run_id=scheduled__2025-09-26T00:00:00+00:00, execution_date=20250926T000000, start_date=20251029T171450, end_date=20251029T171451
[2025-10-29T17:14:51.542+0000] {local_task_job_runner.py:243} INFO - Task exited with return code 0
[2025-10-29T17:14:51.547+0000] {taskinstance.py:3503} INFO - 0 downstream tasks scheduled from follow-on schedule check
[2025-10-29T17:14:51.547+0000] {local_task_job_runner.py:222} INFO - ::endgroup::
[2025-10-29T18:11:31.915+0000] {local_task_job_runner.py:120} INFO - ::group::Pre task execution logs
[2025-10-29T18:11:31.923+0000] {taskinstance.py:2076} INFO - Dependencies all met for dep_context=non-requeueable deps ti=<TaskInstance: openphish_ingest.openphish_fetch_normalize_bronze scheduled__2025-09-26T00:00:00+00:00 [queued]>
[2025-10-29T18:11:31.924+0000] {taskinstance.py:2076} INFO - Dependencies all met for dep_context=requeueable deps ti=<TaskInstance: openphish_ingest.openphish_fetch_normalize_bronze scheduled__2025-09-26T00:00:00+00:00 [queued]>
[2025-10-29T18:11:31.925+0000] {taskinstance.py:2306} INFO - Starting attempt 1 of 2
[2025-10-29T18:11:31.928+0000] {taskinstance.py:2330} INFO - Executing <Task(PythonOperator): openphish_fetch_normalize_bronze> on 2025-09-26 00:00:00+00:00
[2025-10-29T18:11:31.931+0000] {warnings.py:112} WARNING - /home/airflow/.local/lib/python3.12/site-packages/airflow/task/task_runner/standard_task_runner.py:62: DeprecationWarning: This process (pid=3240) is multi-threaded, use of fork() may lead to deadlocks in the child.
  pid = os.fork()

[2025-10-29T18:11:31.931+0000] {standard_task_runner.py:64} INFO - Started process 3261 to run task
[2025-10-29T18:11:31.932+0000] {standard_task_runner.py:90} INFO - Running: ['airflow', 'tasks', 'run', 'openphish_ingest', 'openphish_fetch_normalize_bronze', 'scheduled__2025-09-26T00:00:00+00:00', '--job-id', '124', '--raw', '--subdir', 'DAGS_FOLDER/openphish_ingest.py', '--cfg-path', '/tmp/tmpykz830oy']
[2025-10-29T18:11:31.932+0000] {standard_task_runner.py:91} INFO - Job 124: Subtask openphish_fetch_normalize_bronze
[2025-10-29T18:11:31.945+0000] {task_command.py:426} INFO - Running <TaskInstance: openphish_ingest.openphish_fetch_normalize_bronze scheduled__2025-09-26T00:00:00+00:00 [running]> on host 9a4b1d75930e
[2025-10-29T18:11:31.966+0000] {taskinstance.py:2648} INFO - Exporting env vars: AIRFLOW_CTX_DAG_OWNER='you' AIRFLOW_CTX_DAG_ID='openphish_ingest' AIRFLOW_CTX_TASK_ID='openphish_fetch_normalize_bronze' AIRFLOW_CTX_EXECUTION_DATE='2025-09-26T00:00:00+00:00' AIRFLOW_CTX_TRY_NUMBER='1' AIRFLOW_CTX_DAG_RUN_ID='scheduled__2025-09-26T00:00:00+00:00'
[2025-10-29T18:11:31.967+0000] {taskinstance.py:430} INFO - ::endgroup::
[2025-10-29T18:11:32.642+0000] {logging_mixin.py:188} INFO - [openphish_ingest] rows after normalize: 300
[2025-10-29T18:11:32.645+0000] {logging_mixin.py:188} INFO - [openphish] rows after normalize: 300
[2025-10-29T18:11:32.659+0000] {python.py:237} INFO - Done. Returned value was: None
[2025-10-29T18:11:32.660+0000] {taskinstance.py:441} INFO - ::group::Post task execution logs
[2025-10-29T18:11:32.662+0000] {taskinstance.py:1206} INFO - Marking task as SUCCESS. dag_id=openphish_ingest, task_id=openphish_fetch_normalize_bronze, run_id=scheduled__2025-09-26T00:00:00+00:00, execution_date=20250926T000000, start_date=20251029T181131, end_date=20251029T181132
[2025-10-29T18:11:32.677+0000] {local_task_job_runner.py:243} INFO - Task exited with return code 0
[2025-10-29T18:11:32.682+0000] {taskinstance.py:3503} INFO - 0 downstream tasks scheduled from follow-on schedule check
[2025-10-29T18:11:32.682+0000] {local_task_job_runner.py:222} INFO - ::endgroup::
