[2025-11-13T01:23:19.820+0000] {local_task_job_runner.py:120} INFO - ::group::Pre task execution logs
[2025-11-13T01:23:19.838+0000] {taskinstance.py:2076} INFO - Dependencies all met for dep_context=non-requeueable deps ti=<TaskInstance: urlhaus_silver.urlhaus_bronze_to_silver manual__2025-11-13T01:23:16.935216+00:00 [queued]>
[2025-11-13T01:23:19.839+0000] {taskinstance.py:2076} INFO - Dependencies all met for dep_context=requeueable deps ti=<TaskInstance: urlhaus_silver.urlhaus_bronze_to_silver manual__2025-11-13T01:23:16.935216+00:00 [queued]>
[2025-11-13T01:23:19.839+0000] {taskinstance.py:2306} INFO - Starting attempt 1 of 1
[2025-11-13T01:23:19.844+0000] {taskinstance.py:2330} INFO - Executing <Task(PythonOperator): urlhaus_bronze_to_silver> on 2025-11-13 01:23:16.935216+00:00
[2025-11-13T01:23:19.850+0000] {logging_mixin.py:188} WARNING - /home/airflow/.local/lib/python3.12/site-packages/airflow/task/task_runner/standard_task_runner.py:62 DeprecationWarning: This process (pid=11277) is multi-threaded, use of fork() may lead to deadlocks in the child.
[2025-11-13T01:23:19.851+0000] {standard_task_runner.py:64} INFO - Started process 11288 to run task
[2025-11-13T01:23:19.851+0000] {standard_task_runner.py:90} INFO - Running: ['airflow', 'tasks', 'run', 'urlhaus_silver', 'urlhaus_bronze_to_silver', 'manual__2025-11-13T01:23:16.935216+00:00', '--job-id', '38', '--raw', '--subdir', 'DAGS_FOLDER/urlhaus_silver.py', '--cfg-path', '/tmp/tmpr5_684t6']
[2025-11-13T01:23:19.854+0000] {standard_task_runner.py:91} INFO - Job 38: Subtask urlhaus_bronze_to_silver
[2025-11-13T01:23:19.867+0000] {task_command.py:426} INFO - Running <TaskInstance: urlhaus_silver.urlhaus_bronze_to_silver manual__2025-11-13T01:23:16.935216+00:00 [running]> on host 1fd82182dcce
[2025-11-13T01:23:19.886+0000] {taskinstance.py:2648} INFO - Exporting env vars: AIRFLOW_CTX_DAG_OWNER='you' AIRFLOW_CTX_DAG_ID='urlhaus_silver' AIRFLOW_CTX_TASK_ID='urlhaus_bronze_to_silver' AIRFLOW_CTX_EXECUTION_DATE='2025-11-13T01:23:16.935216+00:00' AIRFLOW_CTX_TRY_NUMBER='1' AIRFLOW_CTX_DAG_RUN_ID='manual__2025-11-13T01:23:16.935216+00:00'
[2025-11-13T01:23:19.886+0000] {taskinstance.py:430} INFO - ::endgroup::
[2025-11-13T01:23:19.891+0000] {urlhaus_silver.py:21} INFO - Overriding ds/ts from dag_run.conf: 2025-11-13,2025-11-13T01:23:16.935216+00:00 -> 2025-11-12,2025-11-12T00:00:00+00:00
[2025-11-13T01:23:20.111+0000] {urlhaus_silver.py:71} INFO - [urlhaus_silver] 2025-11-12: wrote 2934 rows -> /opt/airflow/silver/urlhaus/ingest_date=2025-11-12/urlhaus_silver.parquet
[2025-11-13T01:23:20.112+0000] {python.py:237} INFO - Done. Returned value was: None
[2025-11-13T01:23:20.112+0000] {taskinstance.py:441} INFO - ::group::Post task execution logs
[2025-11-13T01:23:20.114+0000] {taskinstance.py:1206} INFO - Marking task as SUCCESS. dag_id=urlhaus_silver, task_id=urlhaus_bronze_to_silver, run_id=manual__2025-11-13T01:23:16.935216+00:00, execution_date=20251113T012316, start_date=20251113T012319, end_date=20251113T012320
[2025-11-13T01:23:20.164+0000] {local_task_job_runner.py:243} INFO - Task exited with return code 0
[2025-11-13T01:23:20.168+0000] {taskinstance.py:3503} INFO - 0 downstream tasks scheduled from follow-on schedule check
[2025-11-13T01:23:20.169+0000] {local_task_job_runner.py:222} INFO - ::endgroup::
