[2025-11-03T23:57:39.608+0000] {local_task_job_runner.py:120} INFO - ::group::Pre task execution logs
[2025-11-03T23:57:39.616+0000] {taskinstance.py:2076} INFO - Dependencies all met for dep_context=non-requeueable deps ti=<TaskInstance: whois_rdap_ingest.whois_rdap_fetch manual__2025-11-03T23:57:37.863608+00:00 [queued]>
[2025-11-03T23:57:39.617+0000] {taskinstance.py:2076} INFO - Dependencies all met for dep_context=requeueable deps ti=<TaskInstance: whois_rdap_ingest.whois_rdap_fetch manual__2025-11-03T23:57:37.863608+00:00 [queued]>
[2025-11-03T23:57:39.617+0000] {taskinstance.py:2306} INFO - Starting attempt 1 of 1
[2025-11-03T23:57:39.622+0000] {taskinstance.py:2330} INFO - Executing <Task(PythonOperator): whois_rdap_fetch> on 2025-11-03 23:57:37.863608+00:00
[2025-11-03T23:57:39.626+0000] {standard_task_runner.py:90} INFO - Running: ['airflow', 'tasks', 'run', 'whois_rdap_ingest', 'whois_rdap_fetch', 'manual__2025-11-03T23:57:37.863608+00:00', '--job-id', '5', '--raw', '--subdir', 'DAGS_FOLDER/whois_rdap_dag.py', '--cfg-path', '/tmp/tmpxlm6n27j']
[2025-11-03T23:57:39.627+0000] {standard_task_runner.py:91} INFO - Job 5: Subtask whois_rdap_fetch
[2025-11-03T23:57:39.626+0000] {logging_mixin.py:188} WARNING - /home/airflow/.local/lib/python3.12/site-packages/airflow/task/task_runner/standard_task_runner.py:62 DeprecationWarning: This process (pid=290) is multi-threaded, use of fork() may lead to deadlocks in the child.
[2025-11-03T23:57:39.629+0000] {standard_task_runner.py:64} INFO - Started process 301 to run task
[2025-11-03T23:57:39.637+0000] {task_command.py:426} INFO - Running <TaskInstance: whois_rdap_ingest.whois_rdap_fetch manual__2025-11-03T23:57:37.863608+00:00 [running]> on host 90fcab7a3fd8
[2025-11-03T23:57:39.655+0000] {taskinstance.py:2648} INFO - Exporting env vars: AIRFLOW_CTX_DAG_OWNER='you' AIRFLOW_CTX_DAG_ID='whois_rdap_ingest' AIRFLOW_CTX_TASK_ID='whois_rdap_fetch' AIRFLOW_CTX_EXECUTION_DATE='2025-11-03T23:57:37.863608+00:00' AIRFLOW_CTX_TRY_NUMBER='1' AIRFLOW_CTX_DAG_RUN_ID='manual__2025-11-03T23:57:37.863608+00:00'
[2025-11-03T23:57:39.655+0000] {taskinstance.py:430} INFO - ::endgroup::
[2025-11-04T00:02:02.798+0000] {logging_mixin.py:188} WARNING - /opt/airflow/dags/whois_rdap_dag.py:102 FutureWarning: The behavior of DataFrame concatenation with empty or all-NA entries is deprecated. In a future version, this will no longer exclude empty or all-NA columns when determining the result dtypes. To retain the old behavior, exclude the relevant entries before the concat operation.
[2025-11-04T00:02:02.857+0000] {logging_mixin.py:188} INFO - [whois_rdap] ds=2025-11-03 domains=3038 fetched=3038 daily_rows=3038
[2025-11-04T00:02:02.859+0000] {python.py:237} INFO - Done. Returned value was: None
[2025-11-04T00:02:02.859+0000] {taskinstance.py:441} INFO - ::group::Post task execution logs
[2025-11-04T00:02:02.864+0000] {taskinstance.py:1206} INFO - Marking task as SUCCESS. dag_id=whois_rdap_ingest, task_id=whois_rdap_fetch, run_id=manual__2025-11-03T23:57:37.863608+00:00, execution_date=20251103T235737, start_date=20251103T235739, end_date=20251104T000202
[2025-11-04T00:02:02.917+0000] {local_task_job_runner.py:243} INFO - Task exited with return code 0
[2025-11-04T00:02:02.924+0000] {taskinstance.py:3503} INFO - 0 downstream tasks scheduled from follow-on schedule check
[2025-11-04T00:02:02.924+0000] {local_task_job_runner.py:222} INFO - ::endgroup::
