[2025-11-12T16:18:26.867+0000] {local_task_job_runner.py:120} INFO - ::group::Pre task execution logs
[2025-11-12T16:18:26.883+0000] {taskinstance.py:2076} INFO - Dependencies all met for dep_context=non-requeueable deps ti=<TaskInstance: openphish_ingest.openphish_fetch_normalize_bronze manual__2025-11-12T05:59:52.220339+00:00 [queued]>
[2025-11-12T16:18:26.885+0000] {taskinstance.py:2076} INFO - Dependencies all met for dep_context=requeueable deps ti=<TaskInstance: openphish_ingest.openphish_fetch_normalize_bronze manual__2025-11-12T05:59:52.220339+00:00 [queued]>
[2025-11-12T16:18:26.885+0000] {taskinstance.py:2306} INFO - Starting attempt 1 of 2
[2025-11-12T16:18:26.889+0000] {taskinstance.py:2330} INFO - Executing <Task(PythonOperator): openphish_fetch_normalize_bronze> on 2025-11-12 05:59:52.220339+00:00
[2025-11-12T16:18:26.894+0000] {standard_task_runner.py:90} INFO - Running: ['airflow', 'tasks', 'run', 'openphish_ingest', 'openphish_fetch_normalize_bronze', 'manual__2025-11-12T05:59:52.220339+00:00', '--job-id', '5', '--raw', '--subdir', 'DAGS_FOLDER/openphish_ingest.py', '--cfg-path', '/tmp/tmpklck60yc']
[2025-11-12T16:18:26.896+0000] {standard_task_runner.py:91} INFO - Job 5: Subtask openphish_fetch_normalize_bronze
[2025-11-12T16:18:26.898+0000] {warnings.py:112} WARNING - /home/airflow/.local/lib/python3.12/site-packages/airflow/task/task_runner/standard_task_runner.py:62: DeprecationWarning: This process (pid=2287) is multi-threaded, use of fork() may lead to deadlocks in the child.
  pid = os.fork()

[2025-11-12T16:18:26.898+0000] {standard_task_runner.py:64} INFO - Started process 2310 to run task
[2025-11-12T16:18:26.933+0000] {task_command.py:426} INFO - Running <TaskInstance: openphish_ingest.openphish_fetch_normalize_bronze manual__2025-11-12T05:59:52.220339+00:00 [running]> on host 1fd82182dcce
[2025-11-12T16:18:27.033+0000] {taskinstance.py:2648} INFO - Exporting env vars: AIRFLOW_CTX_DAG_OWNER='you' AIRFLOW_CTX_DAG_ID='openphish_ingest' AIRFLOW_CTX_TASK_ID='openphish_fetch_normalize_bronze' AIRFLOW_CTX_EXECUTION_DATE='2025-11-12T05:59:52.220339+00:00' AIRFLOW_CTX_TRY_NUMBER='1' AIRFLOW_CTX_DAG_RUN_ID='manual__2025-11-12T05:59:52.220339+00:00'
[2025-11-12T16:18:27.033+0000] {taskinstance.py:430} INFO - ::endgroup::
[2025-11-12T16:18:27.048+0000] {openphish_ingest.py:27} INFO - Overriding ds/ts from dag_run.conf: 2025-11-12,2025-11-12T05:59:52.220339+00:00 -> 2025-11-11,2025-11-11T00:00:00+00:00
[2025-11-12T16:18:27.067+0000] {taskinstance.py:441} INFO - ::group::Post task execution logs
[2025-11-12T16:18:27.067+0000] {taskinstance.py:2506} INFO - OpenPhish has no historical feed; skipping backfill.
[2025-11-12T16:18:27.070+0000] {taskinstance.py:1206} INFO - Marking task as SKIPPED. dag_id=openphish_ingest, task_id=openphish_fetch_normalize_bronze, run_id=manual__2025-11-12T05:59:52.220339+00:00, execution_date=20251112T055952, start_date=20251112T161826, end_date=20251112T161827
[2025-11-12T16:18:27.086+0000] {local_task_job_runner.py:243} INFO - Task exited with return code 0
[2025-11-12T16:18:27.091+0000] {taskinstance.py:3503} INFO - 0 downstream tasks scheduled from follow-on schedule check
[2025-11-12T16:18:27.091+0000] {local_task_job_runner.py:222} INFO - ::endgroup::
