[2025-11-13T00:15:34.187+0000] {local_task_job_runner.py:120} INFO - ::group::Pre task execution logs
[2025-11-13T00:15:34.211+0000] {taskinstance.py:2076} INFO - Dependencies all met for dep_context=non-requeueable deps ti=<TaskInstance: dns_ip_geo_ingest.dns_ip_geo_fetch scheduled__2025-11-12T00:00:00+00:00 [queued]>
[2025-11-13T00:15:34.216+0000] {taskinstance.py:2076} INFO - Dependencies all met for dep_context=requeueable deps ti=<TaskInstance: dns_ip_geo_ingest.dns_ip_geo_fetch scheduled__2025-11-12T00:00:00+00:00 [queued]>
[2025-11-13T00:15:34.216+0000] {taskinstance.py:2306} INFO - Starting attempt 1 of 1
[2025-11-13T00:15:34.227+0000] {taskinstance.py:2330} INFO - Executing <Task(PythonOperator): dns_ip_geo_fetch> on 2025-11-12 00:00:00+00:00
[2025-11-13T00:15:34.237+0000] {standard_task_runner.py:90} INFO - Running: ['airflow', 'tasks', 'run', 'dns_ip_geo_ingest', 'dns_ip_geo_fetch', 'scheduled__2025-11-12T00:00:00+00:00', '--job-id', '28', '--raw', '--subdir', 'DAGS_FOLDER/dns_ip_geo_dag.py', '--cfg-path', '/tmp/tmpfb3902x0']
[2025-11-13T00:15:34.240+0000] {standard_task_runner.py:91} INFO - Job 28: Subtask dns_ip_geo_fetch
[2025-11-13T00:15:34.240+0000] {logging_mixin.py:188} WARNING - /home/airflow/.local/lib/python3.12/site-packages/airflow/task/task_runner/standard_task_runner.py:62 DeprecationWarning: This process (pid=10599) is multi-threaded, use of fork() may lead to deadlocks in the child.
[2025-11-13T00:15:34.246+0000] {standard_task_runner.py:64} INFO - Started process 10610 to run task
[2025-11-13T00:15:34.279+0000] {task_command.py:426} INFO - Running <TaskInstance: dns_ip_geo_ingest.dns_ip_geo_fetch scheduled__2025-11-12T00:00:00+00:00 [running]> on host 1fd82182dcce
[2025-11-13T00:15:34.335+0000] {taskinstance.py:2648} INFO - Exporting env vars: AIRFLOW_CTX_DAG_OWNER='you' AIRFLOW_CTX_DAG_ID='dns_ip_geo_ingest' AIRFLOW_CTX_TASK_ID='dns_ip_geo_fetch' AIRFLOW_CTX_EXECUTION_DATE='2025-11-12T00:00:00+00:00' AIRFLOW_CTX_TRY_NUMBER='1' AIRFLOW_CTX_DAG_RUN_ID='scheduled__2025-11-12T00:00:00+00:00'
[2025-11-13T00:15:34.336+0000] {taskinstance.py:430} INFO - ::endgroup::
[2025-11-13T00:41:40.186+0000] {logging_mixin.py:188} WARNING - /opt/airflow/dags/dns_ip_geo_dag.py:235 FutureWarning: The behavior of DataFrame concatenation with empty or all-NA entries is deprecated. In a future version, this will no longer exclude empty or all-NA columns when determining the result dtypes. To retain the old behavior, exclude the relevant entries before the concat operation.
[2025-11-13T00:41:40.209+0000] {dns_ip_geo_dag.py:245} INFO - [dns_ip_geo] ds=2025-11-12 domains=701 new_pairs=0 daily_rows=249 cache_size=249 -> /opt/airflow/lookups/dns_geo/ingest_date=2025-11-12
[2025-11-13T00:41:40.209+0000] {python.py:237} INFO - Done. Returned value was: None
[2025-11-13T00:41:40.210+0000] {taskinstance.py:441} INFO - ::group::Post task execution logs
[2025-11-13T00:41:40.215+0000] {taskinstance.py:1206} INFO - Marking task as SUCCESS. dag_id=dns_ip_geo_ingest, task_id=dns_ip_geo_fetch, run_id=scheduled__2025-11-12T00:00:00+00:00, execution_date=20251112T000000, start_date=20251113T001534, end_date=20251113T004140
[2025-11-13T00:41:40.274+0000] {local_task_job_runner.py:243} INFO - Task exited with return code 0
[2025-11-13T00:41:40.291+0000] {taskinstance.py:3503} INFO - 0 downstream tasks scheduled from follow-on schedule check
[2025-11-13T00:41:40.292+0000] {local_task_job_runner.py:222} INFO - ::endgroup::
