[2025-10-29T17:18:31.172+0000] {local_task_job_runner.py:120} INFO - ::group::Pre task execution logs
[2025-10-29T17:18:31.179+0000] {taskinstance.py:2076} INFO - Dependencies all met for dep_context=non-requeueable deps ti=<TaskInstance: urlhaus_ingest.urlhaus_fetch_normalize_bronze scheduled__2025-10-20T00:00:00+00:00 [queued]>
[2025-10-29T17:18:31.181+0000] {taskinstance.py:2076} INFO - Dependencies all met for dep_context=requeueable deps ti=<TaskInstance: urlhaus_ingest.urlhaus_fetch_normalize_bronze scheduled__2025-10-20T00:00:00+00:00 [queued]>
[2025-10-29T17:18:31.181+0000] {taskinstance.py:2306} INFO - Starting attempt 1 of 2
[2025-10-29T17:18:31.185+0000] {taskinstance.py:2330} INFO - Executing <Task(PythonOperator): urlhaus_fetch_normalize_bronze> on 2025-10-20 00:00:00+00:00
[2025-10-29T17:18:31.187+0000] {warnings.py:112} WARNING - /home/airflow/.local/lib/python3.12/site-packages/airflow/task/task_runner/standard_task_runner.py:62: DeprecationWarning: This process (pid=3055) is multi-threaded, use of fork() may lead to deadlocks in the child.
  pid = os.fork()

[2025-10-29T17:18:31.188+0000] {standard_task_runner.py:64} INFO - Started process 3076 to run task
[2025-10-29T17:18:31.188+0000] {standard_task_runner.py:90} INFO - Running: ['airflow', 'tasks', 'run', 'urlhaus_ingest', 'urlhaus_fetch_normalize_bronze', 'scheduled__2025-10-20T00:00:00+00:00', '--job-id', '109', '--raw', '--subdir', 'DAGS_FOLDER/urlhaus_ingest.py', '--cfg-path', '/tmp/tmpvon9q3fj']
[2025-10-29T17:18:31.188+0000] {standard_task_runner.py:91} INFO - Job 109: Subtask urlhaus_fetch_normalize_bronze
[2025-10-29T17:18:31.200+0000] {task_command.py:426} INFO - Running <TaskInstance: urlhaus_ingest.urlhaus_fetch_normalize_bronze scheduled__2025-10-20T00:00:00+00:00 [running]> on host 109bbc934e0f
[2025-10-29T17:18:31.220+0000] {taskinstance.py:2648} INFO - Exporting env vars: AIRFLOW_CTX_DAG_OWNER='you' AIRFLOW_CTX_DAG_ID='urlhaus_ingest' AIRFLOW_CTX_TASK_ID='urlhaus_fetch_normalize_bronze' AIRFLOW_CTX_EXECUTION_DATE='2025-10-20T00:00:00+00:00' AIRFLOW_CTX_TRY_NUMBER='1' AIRFLOW_CTX_DAG_RUN_ID='scheduled__2025-10-20T00:00:00+00:00'
[2025-10-29T17:18:31.220+0000] {taskinstance.py:430} INFO - ::endgroup::
[2025-10-29T17:18:31.364+0000] {logging_mixin.py:188} INFO - [urlhaus_ingest] rows after normalize: 21313
[2025-10-29T17:18:31.375+0000] {logging_mixin.py:188} INFO - [urlhaus] rows after normalize: 21313
[2025-10-29T17:18:31.396+0000] {python.py:237} INFO - Done. Returned value was: None
[2025-10-29T17:18:31.396+0000] {taskinstance.py:441} INFO - ::group::Post task execution logs
[2025-10-29T17:18:31.398+0000] {taskinstance.py:1206} INFO - Marking task as SUCCESS. dag_id=urlhaus_ingest, task_id=urlhaus_fetch_normalize_bronze, run_id=scheduled__2025-10-20T00:00:00+00:00, execution_date=20251020T000000, start_date=20251029T171831, end_date=20251029T171831
[2025-10-29T17:18:31.418+0000] {local_task_job_runner.py:243} INFO - Task exited with return code 0
[2025-10-29T17:18:31.421+0000] {taskinstance.py:3503} INFO - 0 downstream tasks scheduled from follow-on schedule check
[2025-10-29T17:18:31.422+0000] {local_task_job_runner.py:222} INFO - ::endgroup::
[2025-10-29T18:16:23.662+0000] {local_task_job_runner.py:120} INFO - ::group::Pre task execution logs
[2025-10-29T18:16:23.670+0000] {taskinstance.py:2076} INFO - Dependencies all met for dep_context=non-requeueable deps ti=<TaskInstance: urlhaus_ingest.urlhaus_fetch_normalize_bronze scheduled__2025-10-20T00:00:00+00:00 [queued]>
[2025-10-29T18:16:23.671+0000] {taskinstance.py:2076} INFO - Dependencies all met for dep_context=requeueable deps ti=<TaskInstance: urlhaus_ingest.urlhaus_fetch_normalize_bronze scheduled__2025-10-20T00:00:00+00:00 [queued]>
[2025-10-29T18:16:23.672+0000] {taskinstance.py:2306} INFO - Starting attempt 1 of 2
[2025-10-29T18:16:23.675+0000] {taskinstance.py:2330} INFO - Executing <Task(PythonOperator): urlhaus_fetch_normalize_bronze> on 2025-10-20 00:00:00+00:00
[2025-10-29T18:16:23.678+0000] {warnings.py:112} WARNING - /home/airflow/.local/lib/python3.12/site-packages/airflow/task/task_runner/standard_task_runner.py:62: DeprecationWarning: This process (pid=6257) is multi-threaded, use of fork() may lead to deadlocks in the child.
  pid = os.fork()

[2025-10-29T18:16:23.679+0000] {standard_task_runner.py:64} INFO - Started process 6278 to run task
[2025-10-29T18:16:23.679+0000] {standard_task_runner.py:90} INFO - Running: ['airflow', 'tasks', 'run', 'urlhaus_ingest', 'urlhaus_fetch_normalize_bronze', 'scheduled__2025-10-20T00:00:00+00:00', '--job-id', '246', '--raw', '--subdir', 'DAGS_FOLDER/urlhaus_ingest.py', '--cfg-path', '/tmp/tmp8b9avclk']
[2025-10-29T18:16:23.679+0000] {standard_task_runner.py:91} INFO - Job 246: Subtask urlhaus_fetch_normalize_bronze
[2025-10-29T18:16:23.692+0000] {task_command.py:426} INFO - Running <TaskInstance: urlhaus_ingest.urlhaus_fetch_normalize_bronze scheduled__2025-10-20T00:00:00+00:00 [running]> on host 9a4b1d75930e
[2025-10-29T18:16:23.715+0000] {taskinstance.py:2648} INFO - Exporting env vars: AIRFLOW_CTX_DAG_OWNER='you' AIRFLOW_CTX_DAG_ID='urlhaus_ingest' AIRFLOW_CTX_TASK_ID='urlhaus_fetch_normalize_bronze' AIRFLOW_CTX_EXECUTION_DATE='2025-10-20T00:00:00+00:00' AIRFLOW_CTX_TRY_NUMBER='1' AIRFLOW_CTX_DAG_RUN_ID='scheduled__2025-10-20T00:00:00+00:00'
[2025-10-29T18:16:23.715+0000] {taskinstance.py:430} INFO - ::endgroup::
[2025-10-29T18:16:23.865+0000] {logging_mixin.py:188} INFO - [urlhaus_ingest] rows after normalize: 21301
[2025-10-29T18:16:23.876+0000] {logging_mixin.py:188} INFO - [urlhaus] rows after normalize: 21301
[2025-10-29T18:16:23.907+0000] {python.py:237} INFO - Done. Returned value was: None
[2025-10-29T18:16:23.907+0000] {taskinstance.py:441} INFO - ::group::Post task execution logs
[2025-10-29T18:16:23.909+0000] {taskinstance.py:1206} INFO - Marking task as SUCCESS. dag_id=urlhaus_ingest, task_id=urlhaus_fetch_normalize_bronze, run_id=scheduled__2025-10-20T00:00:00+00:00, execution_date=20251020T000000, start_date=20251029T181623, end_date=20251029T181623
[2025-10-29T18:16:23.944+0000] {local_task_job_runner.py:243} INFO - Task exited with return code 0
[2025-10-29T18:16:23.949+0000] {taskinstance.py:3503} INFO - 0 downstream tasks scheduled from follow-on schedule check
[2025-10-29T18:16:23.949+0000] {local_task_job_runner.py:222} INFO - ::endgroup::
