[2025-10-29T17:13:25.897+0000] {local_task_job_runner.py:120} INFO - ::group::Pre task execution logs
[2025-10-29T17:13:25.904+0000] {taskinstance.py:2076} INFO - Dependencies all met for dep_context=non-requeueable deps ti=<TaskInstance: urlhaus_ingest.urlhaus_fetch_normalize_bronze scheduled__2025-09-09T00:00:00+00:00 [queued]>
[2025-10-29T17:13:25.905+0000] {taskinstance.py:2076} INFO - Dependencies all met for dep_context=requeueable deps ti=<TaskInstance: urlhaus_ingest.urlhaus_fetch_normalize_bronze scheduled__2025-09-09T00:00:00+00:00 [queued]>
[2025-10-29T17:13:25.906+0000] {taskinstance.py:2306} INFO - Starting attempt 1 of 2
[2025-10-29T17:13:25.909+0000] {taskinstance.py:2330} INFO - Executing <Task(PythonOperator): urlhaus_fetch_normalize_bronze> on 2025-09-09 00:00:00+00:00
[2025-10-29T17:13:25.912+0000] {warnings.py:112} WARNING - /home/airflow/.local/lib/python3.12/site-packages/airflow/task/task_runner/standard_task_runner.py:62: DeprecationWarning: This process (pid=803) is multi-threaded, use of fork() may lead to deadlocks in the child.
  pid = os.fork()

[2025-10-29T17:13:25.912+0000] {standard_task_runner.py:64} INFO - Started process 824 to run task
[2025-10-29T17:13:25.913+0000] {standard_task_runner.py:90} INFO - Running: ['airflow', 'tasks', 'run', 'urlhaus_ingest', 'urlhaus_fetch_normalize_bronze', 'scheduled__2025-09-09T00:00:00+00:00', '--job-id', '27', '--raw', '--subdir', 'DAGS_FOLDER/urlhaus_ingest.py', '--cfg-path', '/tmp/tmpw_ydc0uj']
[2025-10-29T17:13:25.913+0000] {standard_task_runner.py:91} INFO - Job 27: Subtask urlhaus_fetch_normalize_bronze
[2025-10-29T17:13:25.926+0000] {task_command.py:426} INFO - Running <TaskInstance: urlhaus_ingest.urlhaus_fetch_normalize_bronze scheduled__2025-09-09T00:00:00+00:00 [running]> on host 109bbc934e0f
[2025-10-29T17:13:25.946+0000] {taskinstance.py:2648} INFO - Exporting env vars: AIRFLOW_CTX_DAG_OWNER='you' AIRFLOW_CTX_DAG_ID='urlhaus_ingest' AIRFLOW_CTX_TASK_ID='urlhaus_fetch_normalize_bronze' AIRFLOW_CTX_EXECUTION_DATE='2025-09-09T00:00:00+00:00' AIRFLOW_CTX_TRY_NUMBER='1' AIRFLOW_CTX_DAG_RUN_ID='scheduled__2025-09-09T00:00:00+00:00'
[2025-10-29T17:13:25.947+0000] {taskinstance.py:430} INFO - ::endgroup::
[2025-10-29T17:13:26.101+0000] {logging_mixin.py:188} INFO - [urlhaus_ingest] rows after normalize: 21315
[2025-10-29T17:13:26.111+0000] {logging_mixin.py:188} INFO - [urlhaus] rows after normalize: 21315
[2025-10-29T17:13:26.132+0000] {python.py:237} INFO - Done. Returned value was: None
[2025-10-29T17:13:26.132+0000] {taskinstance.py:441} INFO - ::group::Post task execution logs
[2025-10-29T17:13:26.134+0000] {taskinstance.py:1206} INFO - Marking task as SUCCESS. dag_id=urlhaus_ingest, task_id=urlhaus_fetch_normalize_bronze, run_id=scheduled__2025-09-09T00:00:00+00:00, execution_date=20250909T000000, start_date=20251029T171325, end_date=20251029T171326
[2025-10-29T17:13:26.183+0000] {local_task_job_runner.py:243} INFO - Task exited with return code 0
[2025-10-29T17:13:26.188+0000] {taskinstance.py:3503} INFO - 0 downstream tasks scheduled from follow-on schedule check
[2025-10-29T17:13:26.188+0000] {local_task_job_runner.py:222} INFO - ::endgroup::
[2025-10-29T18:08:15.220+0000] {local_task_job_runner.py:120} INFO - ::group::Pre task execution logs
[2025-10-29T18:08:15.228+0000] {taskinstance.py:2076} INFO - Dependencies all met for dep_context=non-requeueable deps ti=<TaskInstance: urlhaus_ingest.urlhaus_fetch_normalize_bronze scheduled__2025-09-09T00:00:00+00:00 [queued]>
[2025-10-29T18:08:15.230+0000] {taskinstance.py:2076} INFO - Dependencies all met for dep_context=requeueable deps ti=<TaskInstance: urlhaus_ingest.urlhaus_fetch_normalize_bronze scheduled__2025-09-09T00:00:00+00:00 [queued]>
[2025-10-29T18:08:15.230+0000] {taskinstance.py:2306} INFO - Starting attempt 1 of 2
[2025-10-29T18:08:15.234+0000] {taskinstance.py:2330} INFO - Executing <Task(PythonOperator): urlhaus_fetch_normalize_bronze> on 2025-09-09 00:00:00+00:00
[2025-10-29T18:08:15.236+0000] {warnings.py:112} WARNING - /home/airflow/.local/lib/python3.12/site-packages/airflow/task/task_runner/standard_task_runner.py:62: DeprecationWarning: This process (pid=1179) is multi-threaded, use of fork() may lead to deadlocks in the child.
  pid = os.fork()

[2025-10-29T18:08:15.237+0000] {standard_task_runner.py:64} INFO - Started process 1200 to run task
[2025-10-29T18:08:15.237+0000] {standard_task_runner.py:90} INFO - Running: ['airflow', 'tasks', 'run', 'urlhaus_ingest', 'urlhaus_fetch_normalize_bronze', 'scheduled__2025-09-09T00:00:00+00:00', '--job-id', '41', '--raw', '--subdir', 'DAGS_FOLDER/urlhaus_ingest.py', '--cfg-path', '/tmp/tmpcn4iutal']
[2025-10-29T18:08:15.237+0000] {standard_task_runner.py:91} INFO - Job 41: Subtask urlhaus_fetch_normalize_bronze
[2025-10-29T18:08:15.249+0000] {task_command.py:426} INFO - Running <TaskInstance: urlhaus_ingest.urlhaus_fetch_normalize_bronze scheduled__2025-09-09T00:00:00+00:00 [running]> on host 9a4b1d75930e
[2025-10-29T18:08:15.269+0000] {taskinstance.py:2648} INFO - Exporting env vars: AIRFLOW_CTX_DAG_OWNER='you' AIRFLOW_CTX_DAG_ID='urlhaus_ingest' AIRFLOW_CTX_TASK_ID='urlhaus_fetch_normalize_bronze' AIRFLOW_CTX_EXECUTION_DATE='2025-09-09T00:00:00+00:00' AIRFLOW_CTX_TRY_NUMBER='1' AIRFLOW_CTX_DAG_RUN_ID='scheduled__2025-09-09T00:00:00+00:00'
[2025-10-29T18:08:15.269+0000] {taskinstance.py:430} INFO - ::endgroup::
[2025-10-29T18:08:15.426+0000] {logging_mixin.py:188} INFO - [urlhaus_ingest] rows after normalize: 21302
[2025-10-29T18:08:15.436+0000] {logging_mixin.py:188} INFO - [urlhaus] rows after normalize: 21302
[2025-10-29T18:08:15.457+0000] {python.py:237} INFO - Done. Returned value was: None
[2025-10-29T18:08:15.457+0000] {taskinstance.py:441} INFO - ::group::Post task execution logs
[2025-10-29T18:08:15.459+0000] {taskinstance.py:1206} INFO - Marking task as SUCCESS. dag_id=urlhaus_ingest, task_id=urlhaus_fetch_normalize_bronze, run_id=scheduled__2025-09-09T00:00:00+00:00, execution_date=20250909T000000, start_date=20251029T180815, end_date=20251029T180815
[2025-10-29T18:08:15.507+0000] {local_task_job_runner.py:243} INFO - Task exited with return code 0
[2025-10-29T18:08:15.512+0000] {taskinstance.py:3503} INFO - 0 downstream tasks scheduled from follow-on schedule check
[2025-10-29T18:08:15.512+0000] {local_task_job_runner.py:222} INFO - ::endgroup::
