[2025-11-04T18:07:47.483+0000] {local_task_job_runner.py:120} INFO - ::group::Pre task execution logs
[2025-11-04T18:07:47.491+0000] {taskinstance.py:2076} INFO - Dependencies all met for dep_context=non-requeueable deps ti=<TaskInstance: urlhaus_ingest.urlhaus_fetch_normalize_bronze manual__2025-11-04T18:07:44.533061+00:00 [queued]>
[2025-11-04T18:07:47.492+0000] {taskinstance.py:2076} INFO - Dependencies all met for dep_context=requeueable deps ti=<TaskInstance: urlhaus_ingest.urlhaus_fetch_normalize_bronze manual__2025-11-04T18:07:44.533061+00:00 [queued]>
[2025-11-04T18:07:47.493+0000] {taskinstance.py:2306} INFO - Starting attempt 1 of 2
[2025-11-04T18:07:47.496+0000] {taskinstance.py:2330} INFO - Executing <Task(PythonOperator): urlhaus_fetch_normalize_bronze> on 2025-11-04 18:07:44.533061+00:00
[2025-11-04T18:07:47.499+0000] {warnings.py:112} WARNING - /home/airflow/.local/lib/python3.12/site-packages/airflow/task/task_runner/standard_task_runner.py:62: DeprecationWarning: This process (pid=1456) is multi-threaded, use of fork() may lead to deadlocks in the child.
  pid = os.fork()

[2025-11-04T18:07:47.499+0000] {standard_task_runner.py:64} INFO - Started process 1477 to run task
[2025-11-04T18:07:47.500+0000] {standard_task_runner.py:90} INFO - Running: ['airflow', 'tasks', 'run', 'urlhaus_ingest', 'urlhaus_fetch_normalize_bronze', 'manual__2025-11-04T18:07:44.533061+00:00', '--job-id', '3', '--raw', '--subdir', 'DAGS_FOLDER/urlhaus_ingest.py', '--cfg-path', '/tmp/tmpqwvqxqkq']
[2025-11-04T18:07:47.500+0000] {standard_task_runner.py:91} INFO - Job 3: Subtask urlhaus_fetch_normalize_bronze
[2025-11-04T18:07:47.510+0000] {task_command.py:426} INFO - Running <TaskInstance: urlhaus_ingest.urlhaus_fetch_normalize_bronze manual__2025-11-04T18:07:44.533061+00:00 [running]> on host 7e98baed574a
[2025-11-04T18:07:47.529+0000] {taskinstance.py:2648} INFO - Exporting env vars: AIRFLOW_CTX_DAG_OWNER='you' AIRFLOW_CTX_DAG_ID='urlhaus_ingest' AIRFLOW_CTX_TASK_ID='urlhaus_fetch_normalize_bronze' AIRFLOW_CTX_EXECUTION_DATE='2025-11-04T18:07:44.533061+00:00' AIRFLOW_CTX_TRY_NUMBER='1' AIRFLOW_CTX_DAG_RUN_ID='manual__2025-11-04T18:07:44.533061+00:00'
[2025-11-04T18:07:47.529+0000] {taskinstance.py:430} INFO - ::endgroup::
[2025-11-04T18:07:47.722+0000] {logging_mixin.py:188} INFO - [urlhaus_ingest] rows after normalize: 20723
[2025-11-04T18:07:47.733+0000] {logging_mixin.py:188} INFO - [urlhaus] rows after normalize: 20723
[2025-11-04T18:07:47.760+0000] {python.py:237} INFO - Done. Returned value was: None
[2025-11-04T18:07:47.760+0000] {taskinstance.py:441} INFO - ::group::Post task execution logs
[2025-11-04T18:07:47.761+0000] {taskinstance.py:1206} INFO - Marking task as SUCCESS. dag_id=urlhaus_ingest, task_id=urlhaus_fetch_normalize_bronze, run_id=manual__2025-11-04T18:07:44.533061+00:00, execution_date=20251104T180744, start_date=20251104T180747, end_date=20251104T180747
[2025-11-04T18:07:47.772+0000] {local_task_job_runner.py:243} INFO - Task exited with return code 0
[2025-11-04T18:07:47.776+0000] {taskinstance.py:3503} INFO - 0 downstream tasks scheduled from follow-on schedule check
[2025-11-04T18:07:47.776+0000] {local_task_job_runner.py:222} INFO - ::endgroup::
