[2025-10-02T00:00:15.349+0000] {local_task_job_runner.py:120} INFO - ::group::Pre task execution logs
[2025-10-02T00:00:15.360+0000] {taskinstance.py:2076} INFO - Dependencies all met for dep_context=non-requeueable deps ti=<TaskInstance: urlhaus_ingest.urlhaus_fetch_normalize_bronze scheduled__2025-10-01T00:00:00+00:00 [queued]>
[2025-10-02T00:00:15.363+0000] {taskinstance.py:2076} INFO - Dependencies all met for dep_context=requeueable deps ti=<TaskInstance: urlhaus_ingest.urlhaus_fetch_normalize_bronze scheduled__2025-10-01T00:00:00+00:00 [queued]>
[2025-10-02T00:00:15.363+0000] {taskinstance.py:2306} INFO - Starting attempt 1 of 2
[2025-10-02T00:00:15.368+0000] {taskinstance.py:2330} INFO - Executing <Task(PythonOperator): urlhaus_fetch_normalize_bronze> on 2025-10-01 00:00:00+00:00
[2025-10-02T00:00:15.373+0000] {warnings.py:112} WARNING - /home/airflow/.local/lib/python3.12/site-packages/airflow/task/task_runner/standard_task_runner.py:62: DeprecationWarning: This process (pid=13684) is multi-threaded, use of fork() may lead to deadlocks in the child.
  pid = os.fork()

[2025-10-02T00:00:15.373+0000] {standard_task_runner.py:64} INFO - Started process 13705 to run task
[2025-10-02T00:00:15.373+0000] {standard_task_runner.py:90} INFO - Running: ['airflow', 'tasks', 'run', 'urlhaus_ingest', 'urlhaus_fetch_normalize_bronze', 'scheduled__2025-10-01T00:00:00+00:00', '--job-id', '76', '--raw', '--subdir', 'DAGS_FOLDER/urlhaus_ingest.py', '--cfg-path', '/tmp/tmpnwqzwj3k']
[2025-10-02T00:00:15.374+0000] {standard_task_runner.py:91} INFO - Job 76: Subtask urlhaus_fetch_normalize_bronze
[2025-10-02T00:00:15.397+0000] {task_command.py:426} INFO - Running <TaskInstance: urlhaus_ingest.urlhaus_fetch_normalize_bronze scheduled__2025-10-01T00:00:00+00:00 [running]> on host 539ffd8f219e
[2025-10-02T00:00:15.421+0000] {taskinstance.py:2648} INFO - Exporting env vars: AIRFLOW_CTX_DAG_OWNER='you' AIRFLOW_CTX_DAG_ID='urlhaus_ingest' AIRFLOW_CTX_TASK_ID='urlhaus_fetch_normalize_bronze' AIRFLOW_CTX_EXECUTION_DATE='2025-10-01T00:00:00+00:00' AIRFLOW_CTX_TRY_NUMBER='1' AIRFLOW_CTX_DAG_RUN_ID='scheduled__2025-10-01T00:00:00+00:00'
[2025-10-02T00:00:15.421+0000] {taskinstance.py:430} INFO - ::endgroup::
[2025-10-02T00:00:15.776+0000] {logging_mixin.py:188} INFO - [urlhaus_ingest] rows after normalize: 12687
[2025-10-02T00:00:15.783+0000] {logging_mixin.py:188} INFO - [urlhaus] rows after normalize: 12687
[2025-10-02T00:00:15.810+0000] {python.py:237} INFO - Done. Returned value was: None
[2025-10-02T00:00:15.810+0000] {taskinstance.py:441} INFO - ::group::Post task execution logs
[2025-10-02T00:00:15.811+0000] {taskinstance.py:1206} INFO - Marking task as SUCCESS. dag_id=urlhaus_ingest, task_id=urlhaus_fetch_normalize_bronze, run_id=scheduled__2025-10-01T00:00:00+00:00, execution_date=20251001T000000, start_date=20251002T000015, end_date=20251002T000015
[2025-10-02T00:00:15.842+0000] {local_task_job_runner.py:243} INFO - Task exited with return code 0
[2025-10-02T00:00:15.846+0000] {taskinstance.py:3503} INFO - 0 downstream tasks scheduled from follow-on schedule check
[2025-10-02T00:00:15.847+0000] {local_task_job_runner.py:222} INFO - ::endgroup::
[2025-10-29T17:16:16.793+0000] {local_task_job_runner.py:120} INFO - ::group::Pre task execution logs
[2025-10-29T17:16:16.802+0000] {taskinstance.py:2076} INFO - Dependencies all met for dep_context=non-requeueable deps ti=<TaskInstance: urlhaus_ingest.urlhaus_fetch_normalize_bronze scheduled__2025-10-01T00:00:00+00:00 [queued]>
[2025-10-29T17:16:16.804+0000] {taskinstance.py:2076} INFO - Dependencies all met for dep_context=requeueable deps ti=<TaskInstance: urlhaus_ingest.urlhaus_fetch_normalize_bronze scheduled__2025-10-01T00:00:00+00:00 [queued]>
[2025-10-29T17:16:16.804+0000] {taskinstance.py:2306} INFO - Starting attempt 1 of 2
[2025-10-29T17:16:16.809+0000] {taskinstance.py:2330} INFO - Executing <Task(PythonOperator): urlhaus_fetch_normalize_bronze> on 2025-10-01 00:00:00+00:00
[2025-10-29T17:16:16.812+0000] {warnings.py:112} WARNING - /home/airflow/.local/lib/python3.12/site-packages/airflow/task/task_runner/standard_task_runner.py:62: DeprecationWarning: This process (pid=2017) is multi-threaded, use of fork() may lead to deadlocks in the child.
  pid = os.fork()

[2025-10-29T17:16:16.813+0000] {standard_task_runner.py:64} INFO - Started process 2038 to run task
[2025-10-29T17:16:16.814+0000] {standard_task_runner.py:90} INFO - Running: ['airflow', 'tasks', 'run', 'urlhaus_ingest', 'urlhaus_fetch_normalize_bronze', 'scheduled__2025-10-01T00:00:00+00:00', '--job-id', '71', '--raw', '--subdir', 'DAGS_FOLDER/urlhaus_ingest.py', '--cfg-path', '/tmp/tmpkuaoblxm']
[2025-10-29T17:16:16.814+0000] {standard_task_runner.py:91} INFO - Job 71: Subtask urlhaus_fetch_normalize_bronze
[2025-10-29T17:16:16.829+0000] {task_command.py:426} INFO - Running <TaskInstance: urlhaus_ingest.urlhaus_fetch_normalize_bronze scheduled__2025-10-01T00:00:00+00:00 [running]> on host 109bbc934e0f
[2025-10-29T17:16:16.853+0000] {taskinstance.py:2648} INFO - Exporting env vars: AIRFLOW_CTX_DAG_OWNER='you' AIRFLOW_CTX_DAG_ID='urlhaus_ingest' AIRFLOW_CTX_TASK_ID='urlhaus_fetch_normalize_bronze' AIRFLOW_CTX_EXECUTION_DATE='2025-10-01T00:00:00+00:00' AIRFLOW_CTX_TRY_NUMBER='1' AIRFLOW_CTX_DAG_RUN_ID='scheduled__2025-10-01T00:00:00+00:00'
[2025-10-29T17:16:16.853+0000] {taskinstance.py:430} INFO - ::endgroup::
[2025-10-29T17:16:17.005+0000] {logging_mixin.py:188} INFO - [urlhaus_ingest] rows after normalize: 21313
[2025-10-29T17:16:17.016+0000] {logging_mixin.py:188} INFO - [urlhaus] rows after normalize: 21313
[2025-10-29T17:16:17.039+0000] {python.py:237} INFO - Done. Returned value was: None
[2025-10-29T17:16:17.039+0000] {taskinstance.py:441} INFO - ::group::Post task execution logs
[2025-10-29T17:16:17.041+0000] {taskinstance.py:1206} INFO - Marking task as SUCCESS. dag_id=urlhaus_ingest, task_id=urlhaus_fetch_normalize_bronze, run_id=scheduled__2025-10-01T00:00:00+00:00, execution_date=20251001T000000, start_date=20251029T171616, end_date=20251029T171617
[2025-10-29T17:16:17.083+0000] {local_task_job_runner.py:243} INFO - Task exited with return code 0
[2025-10-29T17:16:17.089+0000] {taskinstance.py:3503} INFO - 0 downstream tasks scheduled from follow-on schedule check
[2025-10-29T17:16:17.089+0000] {local_task_job_runner.py:222} INFO - ::endgroup::
[2025-10-29T18:12:40.404+0000] {local_task_job_runner.py:120} INFO - ::group::Pre task execution logs
[2025-10-29T18:12:40.411+0000] {taskinstance.py:2076} INFO - Dependencies all met for dep_context=non-requeueable deps ti=<TaskInstance: urlhaus_ingest.urlhaus_fetch_normalize_bronze scheduled__2025-10-01T00:00:00+00:00 [queued]>
[2025-10-29T18:12:40.413+0000] {taskinstance.py:2076} INFO - Dependencies all met for dep_context=requeueable deps ti=<TaskInstance: urlhaus_ingest.urlhaus_fetch_normalize_bronze scheduled__2025-10-01T00:00:00+00:00 [queued]>
[2025-10-29T18:12:40.413+0000] {taskinstance.py:2306} INFO - Starting attempt 1 of 2
[2025-10-29T18:12:40.417+0000] {taskinstance.py:2330} INFO - Executing <Task(PythonOperator): urlhaus_fetch_normalize_bronze> on 2025-10-01 00:00:00+00:00
[2025-10-29T18:12:40.420+0000] {warnings.py:112} WARNING - /home/airflow/.local/lib/python3.12/site-packages/airflow/task/task_runner/standard_task_runner.py:62: DeprecationWarning: This process (pid=3906) is multi-threaded, use of fork() may lead to deadlocks in the child.
  pid = os.fork()

[2025-10-29T18:12:40.420+0000] {standard_task_runner.py:64} INFO - Started process 3927 to run task
[2025-10-29T18:12:40.420+0000] {standard_task_runner.py:90} INFO - Running: ['airflow', 'tasks', 'run', 'urlhaus_ingest', 'urlhaus_fetch_normalize_bronze', 'scheduled__2025-10-01T00:00:00+00:00', '--job-id', '151', '--raw', '--subdir', 'DAGS_FOLDER/urlhaus_ingest.py', '--cfg-path', '/tmp/tmpdgpbtoe1']
[2025-10-29T18:12:40.421+0000] {standard_task_runner.py:91} INFO - Job 151: Subtask urlhaus_fetch_normalize_bronze
[2025-10-29T18:12:40.433+0000] {task_command.py:426} INFO - Running <TaskInstance: urlhaus_ingest.urlhaus_fetch_normalize_bronze scheduled__2025-10-01T00:00:00+00:00 [running]> on host 9a4b1d75930e
[2025-10-29T18:12:40.454+0000] {taskinstance.py:2648} INFO - Exporting env vars: AIRFLOW_CTX_DAG_OWNER='you' AIRFLOW_CTX_DAG_ID='urlhaus_ingest' AIRFLOW_CTX_TASK_ID='urlhaus_fetch_normalize_bronze' AIRFLOW_CTX_EXECUTION_DATE='2025-10-01T00:00:00+00:00' AIRFLOW_CTX_TRY_NUMBER='1' AIRFLOW_CTX_DAG_RUN_ID='scheduled__2025-10-01T00:00:00+00:00'
[2025-10-29T18:12:40.455+0000] {taskinstance.py:430} INFO - ::endgroup::
[2025-10-29T18:12:40.604+0000] {logging_mixin.py:188} INFO - [urlhaus_ingest] rows after normalize: 21301
[2025-10-29T18:12:40.615+0000] {logging_mixin.py:188} INFO - [urlhaus] rows after normalize: 21301
[2025-10-29T18:12:40.639+0000] {python.py:237} INFO - Done. Returned value was: None
[2025-10-29T18:12:40.639+0000] {taskinstance.py:441} INFO - ::group::Post task execution logs
[2025-10-29T18:12:40.641+0000] {taskinstance.py:1206} INFO - Marking task as SUCCESS. dag_id=urlhaus_ingest, task_id=urlhaus_fetch_normalize_bronze, run_id=scheduled__2025-10-01T00:00:00+00:00, execution_date=20251001T000000, start_date=20251029T181240, end_date=20251029T181240
[2025-10-29T18:12:40.651+0000] {local_task_job_runner.py:243} INFO - Task exited with return code 0
[2025-10-29T18:12:40.655+0000] {taskinstance.py:3503} INFO - 0 downstream tasks scheduled from follow-on schedule check
[2025-10-29T18:12:40.655+0000] {local_task_job_runner.py:222} INFO - ::endgroup::
