[2025-11-04T00:02:11.960+0000] {local_task_job_runner.py:120} INFO - ::group::Pre task execution logs
[2025-11-04T00:02:11.967+0000] {taskinstance.py:2076} INFO - Dependencies all met for dep_context=non-requeueable deps ti=<TaskInstance: openphish_ingest.openphish_fetch_normalize_bronze scheduled__2025-11-03T00:00:00+00:00 [queued]>
[2025-11-04T00:02:11.969+0000] {taskinstance.py:2076} INFO - Dependencies all met for dep_context=requeueable deps ti=<TaskInstance: openphish_ingest.openphish_fetch_normalize_bronze scheduled__2025-11-03T00:00:00+00:00 [queued]>
[2025-11-04T00:02:11.969+0000] {taskinstance.py:2306} INFO - Starting attempt 1 of 2
[2025-11-04T00:02:11.972+0000] {taskinstance.py:2330} INFO - Executing <Task(PythonOperator): openphish_fetch_normalize_bronze> on 2025-11-03 00:00:00+00:00
[2025-11-04T00:02:11.975+0000] {warnings.py:112} WARNING - /home/airflow/.local/lib/python3.12/site-packages/airflow/task/task_runner/standard_task_runner.py:62: DeprecationWarning: This process (pid=391) is multi-threaded, use of fork() may lead to deadlocks in the child.
  pid = os.fork()

[2025-11-04T00:02:11.975+0000] {standard_task_runner.py:64} INFO - Started process 412 to run task
[2025-11-04T00:02:11.976+0000] {standard_task_runner.py:90} INFO - Running: ['airflow', 'tasks', 'run', 'openphish_ingest', 'openphish_fetch_normalize_bronze', 'scheduled__2025-11-03T00:00:00+00:00', '--job-id', '9', '--raw', '--subdir', 'DAGS_FOLDER/openphish_ingest.py', '--cfg-path', '/tmp/tmpdazvx9a_']
[2025-11-04T00:02:11.976+0000] {standard_task_runner.py:91} INFO - Job 9: Subtask openphish_fetch_normalize_bronze
[2025-11-04T00:02:11.988+0000] {task_command.py:426} INFO - Running <TaskInstance: openphish_ingest.openphish_fetch_normalize_bronze scheduled__2025-11-03T00:00:00+00:00 [running]> on host 90fcab7a3fd8
[2025-11-04T00:02:12.006+0000] {taskinstance.py:2648} INFO - Exporting env vars: AIRFLOW_CTX_DAG_OWNER='you' AIRFLOW_CTX_DAG_ID='openphish_ingest' AIRFLOW_CTX_TASK_ID='openphish_fetch_normalize_bronze' AIRFLOW_CTX_EXECUTION_DATE='2025-11-03T00:00:00+00:00' AIRFLOW_CTX_TRY_NUMBER='1' AIRFLOW_CTX_DAG_RUN_ID='scheduled__2025-11-03T00:00:00+00:00'
[2025-11-04T00:02:12.006+0000] {taskinstance.py:430} INFO - ::endgroup::
[2025-11-04T00:02:12.742+0000] {logging_mixin.py:188} INFO - [openphish_ingest] rows after normalize: 300
[2025-11-04T00:02:12.748+0000] {logging_mixin.py:188} INFO - [openphish] rows after normalize: 300
[2025-11-04T00:02:12.764+0000] {python.py:237} INFO - Done. Returned value was: None
[2025-11-04T00:02:12.765+0000] {taskinstance.py:441} INFO - ::group::Post task execution logs
[2025-11-04T00:02:12.768+0000] {taskinstance.py:1206} INFO - Marking task as SUCCESS. dag_id=openphish_ingest, task_id=openphish_fetch_normalize_bronze, run_id=scheduled__2025-11-03T00:00:00+00:00, execution_date=20251103T000000, start_date=20251104T000211, end_date=20251104T000212
[2025-11-04T00:02:12.815+0000] {local_task_job_runner.py:243} INFO - Task exited with return code 0
[2025-11-04T00:02:12.821+0000] {taskinstance.py:3503} INFO - 0 downstream tasks scheduled from follow-on schedule check
[2025-11-04T00:02:12.822+0000] {local_task_job_runner.py:222} INFO - ::endgroup::
[2025-11-04T18:07:50.306+0000] {local_task_job_runner.py:120} INFO - ::group::Pre task execution logs
[2025-11-04T18:07:50.313+0000] {taskinstance.py:2076} INFO - Dependencies all met for dep_context=non-requeueable deps ti=<TaskInstance: openphish_ingest.openphish_fetch_normalize_bronze scheduled__2025-11-03T00:00:00+00:00 [queued]>
[2025-11-04T18:07:50.314+0000] {taskinstance.py:2076} INFO - Dependencies all met for dep_context=requeueable deps ti=<TaskInstance: openphish_ingest.openphish_fetch_normalize_bronze scheduled__2025-11-03T00:00:00+00:00 [queued]>
[2025-11-04T18:07:50.314+0000] {taskinstance.py:2306} INFO - Starting attempt 1 of 2
[2025-11-04T18:07:50.318+0000] {taskinstance.py:2330} INFO - Executing <Task(PythonOperator): openphish_fetch_normalize_bronze> on 2025-11-03 00:00:00+00:00
[2025-11-04T18:07:50.321+0000] {warnings.py:112} WARNING - /home/airflow/.local/lib/python3.12/site-packages/airflow/task/task_runner/standard_task_runner.py:62: DeprecationWarning: This process (pid=1482) is multi-threaded, use of fork() may lead to deadlocks in the child.
  pid = os.fork()

[2025-11-04T18:07:50.321+0000] {standard_task_runner.py:64} INFO - Started process 1503 to run task
[2025-11-04T18:07:50.322+0000] {standard_task_runner.py:90} INFO - Running: ['airflow', 'tasks', 'run', 'openphish_ingest', 'openphish_fetch_normalize_bronze', 'scheduled__2025-11-03T00:00:00+00:00', '--job-id', '4', '--raw', '--subdir', 'DAGS_FOLDER/openphish_ingest.py', '--cfg-path', '/tmp/tmprbkqs_c3']
[2025-11-04T18:07:50.322+0000] {standard_task_runner.py:91} INFO - Job 4: Subtask openphish_fetch_normalize_bronze
[2025-11-04T18:07:50.334+0000] {task_command.py:426} INFO - Running <TaskInstance: openphish_ingest.openphish_fetch_normalize_bronze scheduled__2025-11-03T00:00:00+00:00 [running]> on host 7e98baed574a
[2025-11-04T18:07:50.352+0000] {taskinstance.py:2648} INFO - Exporting env vars: AIRFLOW_CTX_DAG_OWNER='you' AIRFLOW_CTX_DAG_ID='openphish_ingest' AIRFLOW_CTX_TASK_ID='openphish_fetch_normalize_bronze' AIRFLOW_CTX_EXECUTION_DATE='2025-11-03T00:00:00+00:00' AIRFLOW_CTX_TRY_NUMBER='1' AIRFLOW_CTX_DAG_RUN_ID='scheduled__2025-11-03T00:00:00+00:00'
[2025-11-04T18:07:50.352+0000] {taskinstance.py:430} INFO - ::endgroup::
[2025-11-04T18:07:51.076+0000] {logging_mixin.py:188} INFO - [openphish_ingest] rows after normalize: 300
[2025-11-04T18:07:51.080+0000] {logging_mixin.py:188} INFO - [openphish] rows after normalize: 300
[2025-11-04T18:07:51.096+0000] {python.py:237} INFO - Done. Returned value was: None
[2025-11-04T18:07:51.096+0000] {taskinstance.py:441} INFO - ::group::Post task execution logs
[2025-11-04T18:07:51.100+0000] {taskinstance.py:1206} INFO - Marking task as SUCCESS. dag_id=openphish_ingest, task_id=openphish_fetch_normalize_bronze, run_id=scheduled__2025-11-03T00:00:00+00:00, execution_date=20251103T000000, start_date=20251104T180750, end_date=20251104T180751
[2025-11-04T18:07:51.116+0000] {local_task_job_runner.py:243} INFO - Task exited with return code 0
[2025-11-04T18:07:51.122+0000] {taskinstance.py:3503} INFO - 0 downstream tasks scheduled from follow-on schedule check
[2025-11-04T18:07:51.122+0000] {local_task_job_runner.py:222} INFO - ::endgroup::
