[2025-10-05T00:10:21.875+0000] {local_task_job_runner.py:120} INFO - ::group::Pre task execution logs
[2025-10-05T00:10:21.884+0000] {taskinstance.py:2076} INFO - Dependencies all met for dep_context=non-requeueable deps ti=<TaskInstance: openphish_silver.openphish_bronze_to_silver scheduled__2025-10-04T00:00:00+00:00 [queued]>
[2025-10-05T00:10:21.886+0000] {taskinstance.py:2076} INFO - Dependencies all met for dep_context=requeueable deps ti=<TaskInstance: openphish_silver.openphish_bronze_to_silver scheduled__2025-10-04T00:00:00+00:00 [queued]>
[2025-10-05T00:10:21.886+0000] {taskinstance.py:2306} INFO - Starting attempt 1 of 1
[2025-10-05T00:10:21.897+0000] {taskinstance.py:2330} INFO - Executing <Task(PythonOperator): openphish_bronze_to_silver> on 2025-10-04 00:00:00+00:00
[2025-10-05T00:10:21.900+0000] {standard_task_runner.py:90} INFO - Running: ['airflow', 'tasks', 'run', 'openphish_silver', 'openphish_bronze_to_silver', 'scheduled__2025-10-04T00:00:00+00:00', '--job-id', '95', '--raw', '--subdir', 'DAGS_FOLDER/openphish_silver.py', '--cfg-path', '/tmp/tmpctrihg58']
[2025-10-05T00:10:21.901+0000] {standard_task_runner.py:91} INFO - Job 95: Subtask openphish_bronze_to_silver
[2025-10-05T00:10:21.901+0000] {logging_mixin.py:188} WARNING - /home/airflow/.local/lib/python3.12/site-packages/airflow/task/task_runner/standard_task_runner.py:62 DeprecationWarning: This process (pid=70090) is multi-threaded, use of fork() may lead to deadlocks in the child.
[2025-10-05T00:10:21.904+0000] {standard_task_runner.py:64} INFO - Started process 70101 to run task
[2025-10-05T00:10:21.913+0000] {task_command.py:426} INFO - Running <TaskInstance: openphish_silver.openphish_bronze_to_silver scheduled__2025-10-04T00:00:00+00:00 [running]> on host 539ffd8f219e
[2025-10-05T00:10:21.940+0000] {taskinstance.py:2648} INFO - Exporting env vars: AIRFLOW_CTX_DAG_OWNER='you' AIRFLOW_CTX_DAG_ID='openphish_silver' AIRFLOW_CTX_TASK_ID='openphish_bronze_to_silver' AIRFLOW_CTX_EXECUTION_DATE='2025-10-04T00:00:00+00:00' AIRFLOW_CTX_TRY_NUMBER='1' AIRFLOW_CTX_DAG_RUN_ID='scheduled__2025-10-04T00:00:00+00:00'
[2025-10-05T00:10:21.941+0000] {taskinstance.py:430} INFO - ::endgroup::
[2025-10-05T00:10:21.987+0000] {logging_mixin.py:188} INFO - [openphish_silver] wrote 538 rows -> /opt/airflow/silver/openphish/ingest_date=2025-10-04
[2025-10-05T00:10:21.987+0000] {python.py:237} INFO - Done. Returned value was: None
[2025-10-05T00:10:21.987+0000] {taskinstance.py:441} INFO - ::group::Post task execution logs
[2025-10-05T00:10:21.989+0000] {taskinstance.py:1206} INFO - Marking task as SUCCESS. dag_id=openphish_silver, task_id=openphish_bronze_to_silver, run_id=scheduled__2025-10-04T00:00:00+00:00, execution_date=20251004T000000, start_date=20251005T001021, end_date=20251005T001021
[2025-10-05T00:10:22.002+0000] {local_task_job_runner.py:243} INFO - Task exited with return code 0
[2025-10-05T00:10:22.008+0000] {taskinstance.py:3503} INFO - 0 downstream tasks scheduled from follow-on schedule check
[2025-10-05T00:10:22.008+0000] {local_task_job_runner.py:222} INFO - ::endgroup::
[2025-10-29T18:13:19.196+0000] {local_task_job_runner.py:120} INFO - ::group::Pre task execution logs
[2025-10-29T18:13:19.205+0000] {taskinstance.py:2076} INFO - Dependencies all met for dep_context=non-requeueable deps ti=<TaskInstance: openphish_silver.openphish_bronze_to_silver scheduled__2025-10-04T00:00:00+00:00 [queued]>
[2025-10-29T18:13:19.206+0000] {taskinstance.py:2076} INFO - Dependencies all met for dep_context=requeueable deps ti=<TaskInstance: openphish_silver.openphish_bronze_to_silver scheduled__2025-10-04T00:00:00+00:00 [queued]>
[2025-10-29T18:13:19.206+0000] {taskinstance.py:2306} INFO - Starting attempt 1 of 1
[2025-10-29T18:13:19.211+0000] {taskinstance.py:2330} INFO - Executing <Task(PythonOperator): openphish_bronze_to_silver> on 2025-10-04 00:00:00+00:00
[2025-10-29T18:13:19.214+0000] {standard_task_runner.py:90} INFO - Running: ['airflow', 'tasks', 'run', 'openphish_silver', 'openphish_bronze_to_silver', 'scheduled__2025-10-04T00:00:00+00:00', '--job-id', '168', '--raw', '--subdir', 'DAGS_FOLDER/openphish_silver.py', '--cfg-path', '/tmp/tmp7v9i_bvz']
[2025-10-29T18:13:19.215+0000] {standard_task_runner.py:91} INFO - Job 168: Subtask openphish_bronze_to_silver
[2025-10-29T18:13:19.215+0000] {logging_mixin.py:188} WARNING - /home/airflow/.local/lib/python3.12/site-packages/airflow/task/task_runner/standard_task_runner.py:62 DeprecationWarning: This process (pid=4336) is multi-threaded, use of fork() may lead to deadlocks in the child.
[2025-10-29T18:13:19.218+0000] {standard_task_runner.py:64} INFO - Started process 4347 to run task
[2025-10-29T18:13:19.227+0000] {task_command.py:426} INFO - Running <TaskInstance: openphish_silver.openphish_bronze_to_silver scheduled__2025-10-04T00:00:00+00:00 [running]> on host 9a4b1d75930e
[2025-10-29T18:13:19.246+0000] {taskinstance.py:2648} INFO - Exporting env vars: AIRFLOW_CTX_DAG_OWNER='you' AIRFLOW_CTX_DAG_ID='openphish_silver' AIRFLOW_CTX_TASK_ID='openphish_bronze_to_silver' AIRFLOW_CTX_EXECUTION_DATE='2025-10-04T00:00:00+00:00' AIRFLOW_CTX_TRY_NUMBER='1' AIRFLOW_CTX_DAG_RUN_ID='scheduled__2025-10-04T00:00:00+00:00'
[2025-10-29T18:13:19.247+0000] {taskinstance.py:430} INFO - ::endgroup::
[2025-10-29T18:13:19.267+0000] {logging_mixin.py:188} INFO - [openphish_silver] 2025-10-04: wrote 206 rows -> /opt/airflow/silver/openphish/ingest_date=2025-10-04
[2025-10-29T18:13:19.267+0000] {python.py:237} INFO - Done. Returned value was: None
[2025-10-29T18:13:19.267+0000] {taskinstance.py:441} INFO - ::group::Post task execution logs
[2025-10-29T18:13:19.269+0000] {taskinstance.py:1206} INFO - Marking task as SUCCESS. dag_id=openphish_silver, task_id=openphish_bronze_to_silver, run_id=scheduled__2025-10-04T00:00:00+00:00, execution_date=20251004T000000, start_date=20251029T181319, end_date=20251029T181319
[2025-10-29T18:13:19.278+0000] {local_task_job_runner.py:243} INFO - Task exited with return code 0
[2025-10-29T18:13:19.282+0000] {taskinstance.py:3503} INFO - 0 downstream tasks scheduled from follow-on schedule check
[2025-10-29T18:13:19.282+0000] {local_task_job_runner.py:222} INFO - ::endgroup::
