[2025-09-28T00:01:53.524+0000] {local_task_job_runner.py:120} INFO - ::group::Pre task execution logs
[2025-09-28T00:01:53.564+0000] {taskinstance.py:2076} INFO - Dependencies all met for dep_context=non-requeueable deps ti=<TaskInstance: urlhaus_ingest.urlhaus_fetch_normalize_bronze scheduled__2025-09-27T00:00:00+00:00 [queued]>
[2025-09-28T00:01:53.573+0000] {taskinstance.py:2076} INFO - Dependencies all met for dep_context=requeueable deps ti=<TaskInstance: urlhaus_ingest.urlhaus_fetch_normalize_bronze scheduled__2025-09-27T00:00:00+00:00 [queued]>
[2025-09-28T00:01:53.573+0000] {taskinstance.py:2306} INFO - Starting attempt 1 of 2
[2025-09-28T00:01:53.590+0000] {taskinstance.py:2330} INFO - Executing <Task(PythonOperator): urlhaus_fetch_normalize_bronze> on 2025-09-27 00:00:00+00:00
[2025-09-28T00:01:53.605+0000] {warnings.py:112} WARNING - /home/airflow/.local/lib/python3.12/site-packages/airflow/task/task_runner/standard_task_runner.py:62: DeprecationWarning: This process (pid=12610) is multi-threaded, use of fork() may lead to deadlocks in the child.
  pid = os.fork()

[2025-09-28T00:01:53.607+0000] {standard_task_runner.py:64} INFO - Started process 12631 to run task
[2025-09-28T00:01:53.608+0000] {standard_task_runner.py:90} INFO - Running: ['airflow', 'tasks', 'run', 'urlhaus_ingest', 'urlhaus_fetch_normalize_bronze', 'scheduled__2025-09-27T00:00:00+00:00', '--job-id', '46', '--raw', '--subdir', 'DAGS_FOLDER/urlhaus_ingest.py', '--cfg-path', '/tmp/tmp1u_fbxsf']
[2025-09-28T00:01:53.610+0000] {standard_task_runner.py:91} INFO - Job 46: Subtask urlhaus_fetch_normalize_bronze
[2025-09-28T00:01:53.679+0000] {task_command.py:426} INFO - Running <TaskInstance: urlhaus_ingest.urlhaus_fetch_normalize_bronze scheduled__2025-09-27T00:00:00+00:00 [running]> on host 539ffd8f219e
[2025-09-28T00:01:53.780+0000] {taskinstance.py:2648} INFO - Exporting env vars: AIRFLOW_CTX_DAG_OWNER='you' AIRFLOW_CTX_DAG_ID='urlhaus_ingest' AIRFLOW_CTX_TASK_ID='urlhaus_fetch_normalize_bronze' AIRFLOW_CTX_EXECUTION_DATE='2025-09-27T00:00:00+00:00' AIRFLOW_CTX_TRY_NUMBER='1' AIRFLOW_CTX_DAG_RUN_ID='scheduled__2025-09-27T00:00:00+00:00'
[2025-09-28T00:01:53.781+0000] {taskinstance.py:430} INFO - ::endgroup::
[2025-09-28T00:01:53.820+0000] {taskinstance.py:441} INFO - ::group::Post task execution logs
[2025-09-28T00:01:53.821+0000] {taskinstance.py:2905} ERROR - Task failed with exception
Traceback (most recent call last):
  File "/home/airflow/.local/lib/python3.12/site-packages/urllib3/connection.py", line 203, in _new_conn
    sock = connection.create_connection(
           ^^^^^^^^^^^^^^^^^^^^^^^^^^^^^
  File "/home/airflow/.local/lib/python3.12/site-packages/urllib3/util/connection.py", line 60, in create_connection
    for res in socket.getaddrinfo(host, port, family, socket.SOCK_STREAM):
               ^^^^^^^^^^^^^^^^^^^^^^^^^^^^^^^^^^^^^^^^^^^^^^^^^^^^^^^^^^
  File "/usr/local/lib/python3.12/socket.py", line 964, in getaddrinfo
    for res in _socket.getaddrinfo(host, port, family, type, proto, flags):
               ^^^^^^^^^^^^^^^^^^^^^^^^^^^^^^^^^^^^^^^^^^^^^^^^^^^^^^^^^^^
socket.gaierror: [Errno -2] Name or service not known

The above exception was the direct cause of the following exception:

Traceback (most recent call last):
  File "/home/airflow/.local/lib/python3.12/site-packages/urllib3/connectionpool.py", line 791, in urlopen
    response = self._make_request(
               ^^^^^^^^^^^^^^^^^^^
  File "/home/airflow/.local/lib/python3.12/site-packages/urllib3/connectionpool.py", line 492, in _make_request
    raise new_e
  File "/home/airflow/.local/lib/python3.12/site-packages/urllib3/connectionpool.py", line 468, in _make_request
    self._validate_conn(conn)
  File "/home/airflow/.local/lib/python3.12/site-packages/urllib3/connectionpool.py", line 1097, in _validate_conn
    conn.connect()
  File "/home/airflow/.local/lib/python3.12/site-packages/urllib3/connection.py", line 611, in connect
    self.sock = sock = self._new_conn()
                       ^^^^^^^^^^^^^^^^
  File "/home/airflow/.local/lib/python3.12/site-packages/urllib3/connection.py", line 210, in _new_conn
    raise NameResolutionError(self.host, self, e) from e
urllib3.exceptions.NameResolutionError: <urllib3.connection.HTTPSConnection object at 0xffff46a0ba40>: Failed to resolve 'urlhaus.abuse.ch' ([Errno -2] Name or service not known)

The above exception was the direct cause of the following exception:

Traceback (most recent call last):
  File "/home/airflow/.local/lib/python3.12/site-packages/requests/adapters.py", line 667, in send
    resp = conn.urlopen(
           ^^^^^^^^^^^^^
  File "/home/airflow/.local/lib/python3.12/site-packages/urllib3/connectionpool.py", line 845, in urlopen
    retries = retries.increment(
              ^^^^^^^^^^^^^^^^^^
  File "/home/airflow/.local/lib/python3.12/site-packages/urllib3/util/retry.py", line 515, in increment
    raise MaxRetryError(_pool, url, reason) from reason  # type: ignore[arg-type]
    ^^^^^^^^^^^^^^^^^^^^^^^^^^^^^^^^^^^^^^^^^^^^^^^^^^^
urllib3.exceptions.MaxRetryError: HTTPSConnectionPool(host='urlhaus.abuse.ch', port=443): Max retries exceeded with url: /downloads/csv_online/ (Caused by NameResolutionError("<urllib3.connection.HTTPSConnection object at 0xffff46a0ba40>: Failed to resolve 'urlhaus.abuse.ch' ([Errno -2] Name or service not known)"))

During handling of the above exception, another exception occurred:

Traceback (most recent call last):
  File "/home/airflow/.local/lib/python3.12/site-packages/airflow/models/taskinstance.py", line 465, in _execute_task
    result = _execute_callable(context=context, **execute_callable_kwargs)
             ^^^^^^^^^^^^^^^^^^^^^^^^^^^^^^^^^^^^^^^^^^^^^^^^^^^^^^^^^^^^^
  File "/home/airflow/.local/lib/python3.12/site-packages/airflow/models/taskinstance.py", line 432, in _execute_callable
    return execute_callable(context=context, **execute_callable_kwargs)
           ^^^^^^^^^^^^^^^^^^^^^^^^^^^^^^^^^^^^^^^^^^^^^^^^^^^^^^^^^^^^
  File "/home/airflow/.local/lib/python3.12/site-packages/airflow/models/baseoperator.py", line 401, in wrapper
    return func(self, *args, **kwargs)
           ^^^^^^^^^^^^^^^^^^^^^^^^^^^
  File "/home/airflow/.local/lib/python3.12/site-packages/airflow/operators/python.py", line 235, in execute
    return_value = self.execute_callable()
                   ^^^^^^^^^^^^^^^^^^^^^^^
  File "/home/airflow/.local/lib/python3.12/site-packages/airflow/operators/python.py", line 252, in execute_callable
    return self.python_callable(*self.op_args, **self.op_kwargs)
           ^^^^^^^^^^^^^^^^^^^^^^^^^^^^^^^^^^^^^^^^^^^^^^^^^^^^^
  File "/opt/airflow/dags/urlhaus_ingest.py", line 25, in fetch_and_write_urlhaus
    r = sess.get(url, timeout=60, headers={"User-Agent":"threat-intel-lab/0.1"})
        ^^^^^^^^^^^^^^^^^^^^^^^^^^^^^^^^^^^^^^^^^^^^^^^^^^^^^^^^^^^^^^^^^^^^^^^^
  File "/home/airflow/.local/lib/python3.12/site-packages/requests/sessions.py", line 602, in get
    return self.request("GET", url, **kwargs)
           ^^^^^^^^^^^^^^^^^^^^^^^^^^^^^^^^^^
  File "/home/airflow/.local/lib/python3.12/site-packages/requests/sessions.py", line 589, in request
    resp = self.send(prep, **send_kwargs)
           ^^^^^^^^^^^^^^^^^^^^^^^^^^^^^^
  File "/home/airflow/.local/lib/python3.12/site-packages/requests/sessions.py", line 703, in send
    r = adapter.send(request, **kwargs)
        ^^^^^^^^^^^^^^^^^^^^^^^^^^^^^^^
  File "/home/airflow/.local/lib/python3.12/site-packages/requests/adapters.py", line 700, in send
    raise ConnectionError(e, request=request)
requests.exceptions.ConnectionError: HTTPSConnectionPool(host='urlhaus.abuse.ch', port=443): Max retries exceeded with url: /downloads/csv_online/ (Caused by NameResolutionError("<urllib3.connection.HTTPSConnection object at 0xffff46a0ba40>: Failed to resolve 'urlhaus.abuse.ch' ([Errno -2] Name or service not known)"))
[2025-09-28T00:01:53.838+0000] {taskinstance.py:1206} INFO - Marking task as UP_FOR_RETRY. dag_id=urlhaus_ingest, task_id=urlhaus_fetch_normalize_bronze, run_id=scheduled__2025-09-27T00:00:00+00:00, execution_date=20250927T000000, start_date=20250928T000153, end_date=20250928T000153
[2025-09-28T00:01:53.855+0000] {standard_task_runner.py:110} ERROR - Failed to execute job 46 for task urlhaus_fetch_normalize_bronze (HTTPSConnectionPool(host='urlhaus.abuse.ch', port=443): Max retries exceeded with url: /downloads/csv_online/ (Caused by NameResolutionError("<urllib3.connection.HTTPSConnection object at 0xffff46a0ba40>: Failed to resolve 'urlhaus.abuse.ch' ([Errno -2] Name or service not known)")); 12631)
[2025-09-28T00:01:53.913+0000] {local_task_job_runner.py:243} INFO - Task exited with return code 1
[2025-09-28T00:01:53.940+0000] {taskinstance.py:3503} INFO - 0 downstream tasks scheduled from follow-on schedule check
[2025-09-28T00:01:53.941+0000] {local_task_job_runner.py:222} INFO - ::endgroup::
[2025-10-29T17:15:40.022+0000] {local_task_job_runner.py:120} INFO - ::group::Pre task execution logs
[2025-10-29T17:15:40.030+0000] {taskinstance.py:2076} INFO - Dependencies all met for dep_context=non-requeueable deps ti=<TaskInstance: urlhaus_ingest.urlhaus_fetch_normalize_bronze scheduled__2025-09-27T00:00:00+00:00 [queued]>
[2025-10-29T17:15:40.032+0000] {taskinstance.py:2076} INFO - Dependencies all met for dep_context=requeueable deps ti=<TaskInstance: urlhaus_ingest.urlhaus_fetch_normalize_bronze scheduled__2025-09-27T00:00:00+00:00 [queued]>
[2025-10-29T17:15:40.032+0000] {taskinstance.py:2306} INFO - Starting attempt 1 of 2
[2025-10-29T17:15:40.036+0000] {taskinstance.py:2330} INFO - Executing <Task(PythonOperator): urlhaus_fetch_normalize_bronze> on 2025-09-27 00:00:00+00:00
[2025-10-29T17:15:40.039+0000] {warnings.py:112} WARNING - /home/airflow/.local/lib/python3.12/site-packages/airflow/task/task_runner/standard_task_runner.py:62: DeprecationWarning: This process (pid=1792) is multi-threaded, use of fork() may lead to deadlocks in the child.
  pid = os.fork()

[2025-10-29T17:15:40.039+0000] {standard_task_runner.py:64} INFO - Started process 1813 to run task
[2025-10-29T17:15:40.040+0000] {standard_task_runner.py:90} INFO - Running: ['airflow', 'tasks', 'run', 'urlhaus_ingest', 'urlhaus_fetch_normalize_bronze', 'scheduled__2025-09-27T00:00:00+00:00', '--job-id', '63', '--raw', '--subdir', 'DAGS_FOLDER/urlhaus_ingest.py', '--cfg-path', '/tmp/tmpip_0xcnr']
[2025-10-29T17:15:40.040+0000] {standard_task_runner.py:91} INFO - Job 63: Subtask urlhaus_fetch_normalize_bronze
[2025-10-29T17:15:40.052+0000] {task_command.py:426} INFO - Running <TaskInstance: urlhaus_ingest.urlhaus_fetch_normalize_bronze scheduled__2025-09-27T00:00:00+00:00 [running]> on host 109bbc934e0f
[2025-10-29T17:15:40.072+0000] {taskinstance.py:2648} INFO - Exporting env vars: AIRFLOW_CTX_DAG_OWNER='you' AIRFLOW_CTX_DAG_ID='urlhaus_ingest' AIRFLOW_CTX_TASK_ID='urlhaus_fetch_normalize_bronze' AIRFLOW_CTX_EXECUTION_DATE='2025-09-27T00:00:00+00:00' AIRFLOW_CTX_TRY_NUMBER='1' AIRFLOW_CTX_DAG_RUN_ID='scheduled__2025-09-27T00:00:00+00:00'
[2025-10-29T17:15:40.072+0000] {taskinstance.py:430} INFO - ::endgroup::
[2025-10-29T17:15:40.223+0000] {logging_mixin.py:188} INFO - [urlhaus_ingest] rows after normalize: 21315
[2025-10-29T17:15:40.234+0000] {logging_mixin.py:188} INFO - [urlhaus] rows after normalize: 21315
[2025-10-29T17:15:40.259+0000] {python.py:237} INFO - Done. Returned value was: None
[2025-10-29T17:15:40.260+0000] {taskinstance.py:441} INFO - ::group::Post task execution logs
[2025-10-29T17:15:40.262+0000] {taskinstance.py:1206} INFO - Marking task as SUCCESS. dag_id=urlhaus_ingest, task_id=urlhaus_fetch_normalize_bronze, run_id=scheduled__2025-09-27T00:00:00+00:00, execution_date=20250927T000000, start_date=20251029T171540, end_date=20251029T171540
[2025-10-29T17:15:40.271+0000] {local_task_job_runner.py:243} INFO - Task exited with return code 0
[2025-10-29T17:15:40.276+0000] {taskinstance.py:3503} INFO - 0 downstream tasks scheduled from follow-on schedule check
[2025-10-29T17:15:40.276+0000] {local_task_job_runner.py:222} INFO - ::endgroup::
[2025-10-29T18:11:48.831+0000] {local_task_job_runner.py:120} INFO - ::group::Pre task execution logs
[2025-10-29T18:11:48.839+0000] {taskinstance.py:2076} INFO - Dependencies all met for dep_context=non-requeueable deps ti=<TaskInstance: urlhaus_ingest.urlhaus_fetch_normalize_bronze scheduled__2025-09-27T00:00:00+00:00 [queued]>
[2025-10-29T18:11:48.841+0000] {taskinstance.py:2076} INFO - Dependencies all met for dep_context=requeueable deps ti=<TaskInstance: urlhaus_ingest.urlhaus_fetch_normalize_bronze scheduled__2025-09-27T00:00:00+00:00 [queued]>
[2025-10-29T18:11:48.841+0000] {taskinstance.py:2306} INFO - Starting attempt 1 of 2
[2025-10-29T18:11:48.845+0000] {taskinstance.py:2330} INFO - Executing <Task(PythonOperator): urlhaus_fetch_normalize_bronze> on 2025-09-27 00:00:00+00:00
[2025-10-29T18:11:48.848+0000] {warnings.py:112} WARNING - /home/airflow/.local/lib/python3.12/site-packages/airflow/task/task_runner/standard_task_runner.py:62: DeprecationWarning: This process (pid=3407) is multi-threaded, use of fork() may lead to deadlocks in the child.
  pid = os.fork()

[2025-10-29T18:11:48.849+0000] {standard_task_runner.py:64} INFO - Started process 3428 to run task
[2025-10-29T18:11:48.849+0000] {standard_task_runner.py:90} INFO - Running: ['airflow', 'tasks', 'run', 'urlhaus_ingest', 'urlhaus_fetch_normalize_bronze', 'scheduled__2025-09-27T00:00:00+00:00', '--job-id', '131', '--raw', '--subdir', 'DAGS_FOLDER/urlhaus_ingest.py', '--cfg-path', '/tmp/tmp0p15nu4x']
[2025-10-29T18:11:48.849+0000] {standard_task_runner.py:91} INFO - Job 131: Subtask urlhaus_fetch_normalize_bronze
[2025-10-29T18:11:48.862+0000] {task_command.py:426} INFO - Running <TaskInstance: urlhaus_ingest.urlhaus_fetch_normalize_bronze scheduled__2025-09-27T00:00:00+00:00 [running]> on host 9a4b1d75930e
[2025-10-29T18:11:48.882+0000] {taskinstance.py:2648} INFO - Exporting env vars: AIRFLOW_CTX_DAG_OWNER='you' AIRFLOW_CTX_DAG_ID='urlhaus_ingest' AIRFLOW_CTX_TASK_ID='urlhaus_fetch_normalize_bronze' AIRFLOW_CTX_EXECUTION_DATE='2025-09-27T00:00:00+00:00' AIRFLOW_CTX_TRY_NUMBER='1' AIRFLOW_CTX_DAG_RUN_ID='scheduled__2025-09-27T00:00:00+00:00'
[2025-10-29T18:11:48.883+0000] {taskinstance.py:430} INFO - ::endgroup::
[2025-10-29T18:11:49.038+0000] {logging_mixin.py:188} INFO - [urlhaus_ingest] rows after normalize: 21301
[2025-10-29T18:11:49.049+0000] {logging_mixin.py:188} INFO - [urlhaus] rows after normalize: 21301
[2025-10-29T18:11:49.073+0000] {python.py:237} INFO - Done. Returned value was: None
[2025-10-29T18:11:49.073+0000] {taskinstance.py:441} INFO - ::group::Post task execution logs
[2025-10-29T18:11:49.075+0000] {taskinstance.py:1206} INFO - Marking task as SUCCESS. dag_id=urlhaus_ingest, task_id=urlhaus_fetch_normalize_bronze, run_id=scheduled__2025-09-27T00:00:00+00:00, execution_date=20250927T000000, start_date=20251029T181148, end_date=20251029T181149
[2025-10-29T18:11:49.119+0000] {local_task_job_runner.py:243} INFO - Task exited with return code 0
[2025-10-29T18:11:49.123+0000] {taskinstance.py:3503} INFO - 0 downstream tasks scheduled from follow-on schedule check
[2025-10-29T18:11:49.123+0000] {local_task_job_runner.py:222} INFO - ::endgroup::
