[2025-11-12T19:50:48.105+0000] {local_task_job_runner.py:120} INFO - ::group::Pre task execution logs
[2025-11-12T19:50:48.112+0000] {taskinstance.py:2076} INFO - Dependencies all met for dep_context=non-requeueable deps ti=<TaskInstance: pipeline_orchestrator.misp.misp_osint manual__2025-11-12T00:00:00+00:00 [queued]>
[2025-11-12T19:50:48.113+0000] {taskinstance.py:2076} INFO - Dependencies all met for dep_context=requeueable deps ti=<TaskInstance: pipeline_orchestrator.misp.misp_osint manual__2025-11-12T00:00:00+00:00 [queued]>
[2025-11-12T19:50:48.113+0000] {taskinstance.py:2306} INFO - Starting attempt 1 of 1
[2025-11-12T19:50:48.117+0000] {taskinstance.py:2330} INFO - Executing <Task(TriggerDagRunOperator): misp.misp_osint> on 2025-11-12 00:00:00+00:00
[2025-11-12T19:50:48.119+0000] {standard_task_runner.py:64} INFO - Started process 9616 to run task
[2025-11-12T19:50:48.120+0000] {standard_task_runner.py:90} INFO - Running: ['airflow', 'tasks', 'run', 'pipeline_orchestrator', 'misp.misp_osint', 'manual__2025-11-12T00:00:00+00:00', '--job-id', '18', '--raw', '--subdir', 'DAGS_FOLDER/pipeline_orchestrator.py', '--cfg-path', '/tmp/tmp3x4r8u1k']
[2025-11-12T19:50:48.120+0000] {standard_task_runner.py:91} INFO - Job 18: Subtask misp.misp_osint
[2025-11-12T19:50:48.131+0000] {task_command.py:426} INFO - Running <TaskInstance: pipeline_orchestrator.misp.misp_osint manual__2025-11-12T00:00:00+00:00 [running]> on host 1fd82182dcce
[2025-11-12T19:50:48.195+0000] {taskinstance.py:2648} INFO - Exporting env vars: AIRFLOW_CTX_DAG_OWNER='airflow' AIRFLOW_CTX_DAG_ID='pipeline_orchestrator' AIRFLOW_CTX_TASK_ID='misp.misp_osint' AIRFLOW_CTX_EXECUTION_DATE='2025-11-12T00:00:00+00:00' AIRFLOW_CTX_TRY_NUMBER='1' AIRFLOW_CTX_DAG_RUN_ID='manual__2025-11-12T00:00:00+00:00'
[2025-11-12T19:50:48.195+0000] {taskinstance.py:430} INFO - ::endgroup::
[2025-11-12T19:50:48.211+0000] {taskinstance.py:441} INFO - ::group::Post task execution logs
[2025-11-12T19:50:48.211+0000] {crypto.py:82} WARNING - empty cryptography key - values will not be stored encrypted.
[2025-11-12T19:50:48.212+0000] {taskinstance.py:2489} INFO - Pausing task as DEFERRED. dag_id=pipeline_orchestrator, task_id=misp.misp_osint, run_id=manual__2025-11-12T00:00:00+00:00, execution_date=20251112T000000, start_date=20251112T195048
[2025-11-12T19:50:48.229+0000] {local_task_job_runner.py:237} INFO - Task exited with return code 100 (task deferral)
[2025-11-12T19:50:48.229+0000] {local_task_job_runner.py:222} INFO - ::endgroup::
[2025-11-13T01:23:13.802+0000] {local_task_job_runner.py:120} INFO - ::group::Pre task execution logs
[2025-11-13T01:23:13.810+0000] {taskinstance.py:2076} INFO - Dependencies all met for dep_context=non-requeueable deps ti=<TaskInstance: pipeline_orchestrator.misp.misp_osint manual__2025-11-12T00:00:00+00:00 [queued]>
[2025-11-13T01:23:13.812+0000] {taskinstance.py:2076} INFO - Dependencies all met for dep_context=requeueable deps ti=<TaskInstance: pipeline_orchestrator.misp.misp_osint manual__2025-11-12T00:00:00+00:00 [queued]>
[2025-11-13T01:23:13.812+0000] {taskinstance.py:2304} INFO - Resuming after deferral
[2025-11-13T01:23:13.816+0000] {taskinstance.py:2330} INFO - Executing <Task(TriggerDagRunOperator): misp.misp_osint> on 2025-11-12 00:00:00+00:00
[2025-11-13T01:23:13.817+0000] {standard_task_runner.py:64} INFO - Started process 11236 to run task
[2025-11-13T01:23:13.818+0000] {standard_task_runner.py:90} INFO - Running: ['airflow', 'tasks', 'run', 'pipeline_orchestrator', 'misp.misp_osint', 'manual__2025-11-12T00:00:00+00:00', '--job-id', '34', '--raw', '--subdir', 'DAGS_FOLDER/pipeline_orchestrator.py', '--cfg-path', '/tmp/tmpfh8lz5hp']
[2025-11-13T01:23:13.819+0000] {standard_task_runner.py:91} INFO - Job 34: Subtask misp.misp_osint
[2025-11-13T01:23:13.831+0000] {task_command.py:426} INFO - Running <TaskInstance: pipeline_orchestrator.misp.misp_osint manual__2025-11-12T00:00:00+00:00 [running]> on host 1fd82182dcce
[2025-11-13T01:23:13.988+0000] {taskinstance.py:430} INFO - ::endgroup::
[2025-11-13T01:23:13.988+0000] {trigger_dagrun.py:262} INFO - misp_osint_ingest finished with allowed state success
[2025-11-13T01:23:13.988+0000] {taskinstance.py:441} INFO - ::group::Post task execution logs
[2025-11-13T01:23:13.990+0000] {taskinstance.py:1206} INFO - Marking task as SUCCESS. dag_id=pipeline_orchestrator, task_id=misp.misp_osint, run_id=manual__2025-11-12T00:00:00+00:00, execution_date=20251112T000000, start_date=20251112T195048, end_date=20251113T012313
[2025-11-13T01:23:14.000+0000] {local_task_job_runner.py:243} INFO - Task exited with return code 0
[2025-11-13T01:23:14.006+0000] {taskinstance.py:3503} INFO - 0 downstream tasks scheduled from follow-on schedule check
[2025-11-13T01:23:14.006+0000] {local_task_job_runner.py:222} INFO - ::endgroup::
