[2025-10-29T17:17:38.171+0000] {local_task_job_runner.py:120} INFO - ::group::Pre task execution logs
[2025-10-29T17:17:38.179+0000] {taskinstance.py:2076} INFO - Dependencies all met for dep_context=non-requeueable deps ti=<TaskInstance: openphish_ingest.openphish_fetch_normalize_bronze scheduled__2025-10-18T00:00:00+00:00 [queued]>
[2025-10-29T17:17:38.180+0000] {taskinstance.py:2076} INFO - Dependencies all met for dep_context=requeueable deps ti=<TaskInstance: openphish_ingest.openphish_fetch_normalize_bronze scheduled__2025-10-18T00:00:00+00:00 [queued]>
[2025-10-29T17:17:38.181+0000] {taskinstance.py:2306} INFO - Starting attempt 1 of 2
[2025-10-29T17:17:38.184+0000] {taskinstance.py:2330} INFO - Executing <Task(PythonOperator): openphish_fetch_normalize_bronze> on 2025-10-18 00:00:00+00:00
[2025-10-29T17:17:38.187+0000] {warnings.py:112} WARNING - /home/airflow/.local/lib/python3.12/site-packages/airflow/task/task_runner/standard_task_runner.py:62: DeprecationWarning: This process (pid=2638) is multi-threaded, use of fork() may lead to deadlocks in the child.
  pid = os.fork()

[2025-10-29T17:17:38.187+0000] {standard_task_runner.py:64} INFO - Started process 2659 to run task
[2025-10-29T17:17:38.188+0000] {standard_task_runner.py:90} INFO - Running: ['airflow', 'tasks', 'run', 'openphish_ingest', 'openphish_fetch_normalize_bronze', 'scheduled__2025-10-18T00:00:00+00:00', '--job-id', '94', '--raw', '--subdir', 'DAGS_FOLDER/openphish_ingest.py', '--cfg-path', '/tmp/tmpp00gsdtm']
[2025-10-29T17:17:38.188+0000] {standard_task_runner.py:91} INFO - Job 94: Subtask openphish_fetch_normalize_bronze
[2025-10-29T17:17:38.200+0000] {task_command.py:426} INFO - Running <TaskInstance: openphish_ingest.openphish_fetch_normalize_bronze scheduled__2025-10-18T00:00:00+00:00 [running]> on host 109bbc934e0f
[2025-10-29T17:17:38.221+0000] {taskinstance.py:2648} INFO - Exporting env vars: AIRFLOW_CTX_DAG_OWNER='you' AIRFLOW_CTX_DAG_ID='openphish_ingest' AIRFLOW_CTX_TASK_ID='openphish_fetch_normalize_bronze' AIRFLOW_CTX_EXECUTION_DATE='2025-10-18T00:00:00+00:00' AIRFLOW_CTX_TRY_NUMBER='1' AIRFLOW_CTX_DAG_RUN_ID='scheduled__2025-10-18T00:00:00+00:00'
[2025-10-29T17:17:38.221+0000] {taskinstance.py:430} INFO - ::endgroup::
[2025-10-29T17:17:38.888+0000] {logging_mixin.py:188} INFO - [openphish_ingest] rows after normalize: 300
[2025-10-29T17:17:38.892+0000] {logging_mixin.py:188} INFO - [openphish] rows after normalize: 300
[2025-10-29T17:17:38.907+0000] {python.py:237} INFO - Done. Returned value was: None
[2025-10-29T17:17:38.907+0000] {taskinstance.py:441} INFO - ::group::Post task execution logs
[2025-10-29T17:17:38.910+0000] {taskinstance.py:1206} INFO - Marking task as SUCCESS. dag_id=openphish_ingest, task_id=openphish_fetch_normalize_bronze, run_id=scheduled__2025-10-18T00:00:00+00:00, execution_date=20251018T000000, start_date=20251029T171738, end_date=20251029T171738
[2025-10-29T17:17:38.946+0000] {local_task_job_runner.py:243} INFO - Task exited with return code 0
[2025-10-29T17:17:38.951+0000] {taskinstance.py:3503} INFO - 0 downstream tasks scheduled from follow-on schedule check
[2025-10-29T17:17:38.951+0000] {local_task_job_runner.py:222} INFO - ::endgroup::
[2025-10-29T18:15:53.142+0000] {local_task_job_runner.py:120} INFO - ::group::Pre task execution logs
[2025-10-29T18:15:53.149+0000] {taskinstance.py:2076} INFO - Dependencies all met for dep_context=non-requeueable deps ti=<TaskInstance: openphish_ingest.openphish_fetch_normalize_bronze scheduled__2025-10-18T00:00:00+00:00 [queued]>
[2025-10-29T18:15:53.151+0000] {taskinstance.py:2076} INFO - Dependencies all met for dep_context=requeueable deps ti=<TaskInstance: openphish_ingest.openphish_fetch_normalize_bronze scheduled__2025-10-18T00:00:00+00:00 [queued]>
[2025-10-29T18:15:53.151+0000] {taskinstance.py:2306} INFO - Starting attempt 1 of 2
[2025-10-29T18:15:53.155+0000] {taskinstance.py:2330} INFO - Executing <Task(PythonOperator): openphish_fetch_normalize_bronze> on 2025-10-18 00:00:00+00:00
[2025-10-29T18:15:53.158+0000] {warnings.py:112} WARNING - /home/airflow/.local/lib/python3.12/site-packages/airflow/task/task_runner/standard_task_runner.py:62: DeprecationWarning: This process (pid=5952) is multi-threaded, use of fork() may lead to deadlocks in the child.
  pid = os.fork()

[2025-10-29T18:15:53.158+0000] {standard_task_runner.py:64} INFO - Started process 5973 to run task
[2025-10-29T18:15:53.159+0000] {standard_task_runner.py:90} INFO - Running: ['airflow', 'tasks', 'run', 'openphish_ingest', 'openphish_fetch_normalize_bronze', 'scheduled__2025-10-18T00:00:00+00:00', '--job-id', '234', '--raw', '--subdir', 'DAGS_FOLDER/openphish_ingest.py', '--cfg-path', '/tmp/tmpc50wkwof']
[2025-10-29T18:15:53.159+0000] {standard_task_runner.py:91} INFO - Job 234: Subtask openphish_fetch_normalize_bronze
[2025-10-29T18:15:53.171+0000] {task_command.py:426} INFO - Running <TaskInstance: openphish_ingest.openphish_fetch_normalize_bronze scheduled__2025-10-18T00:00:00+00:00 [running]> on host 9a4b1d75930e
[2025-10-29T18:15:53.191+0000] {taskinstance.py:2648} INFO - Exporting env vars: AIRFLOW_CTX_DAG_OWNER='you' AIRFLOW_CTX_DAG_ID='openphish_ingest' AIRFLOW_CTX_TASK_ID='openphish_fetch_normalize_bronze' AIRFLOW_CTX_EXECUTION_DATE='2025-10-18T00:00:00+00:00' AIRFLOW_CTX_TRY_NUMBER='1' AIRFLOW_CTX_DAG_RUN_ID='scheduled__2025-10-18T00:00:00+00:00'
[2025-10-29T18:15:53.192+0000] {taskinstance.py:430} INFO - ::endgroup::
[2025-10-29T18:15:53.862+0000] {logging_mixin.py:188} INFO - [openphish_ingest] rows after normalize: 300
[2025-10-29T18:15:53.865+0000] {logging_mixin.py:188} INFO - [openphish] rows after normalize: 300
[2025-10-29T18:15:53.876+0000] {python.py:237} INFO - Done. Returned value was: None
[2025-10-29T18:15:53.877+0000] {taskinstance.py:441} INFO - ::group::Post task execution logs
[2025-10-29T18:15:53.879+0000] {taskinstance.py:1206} INFO - Marking task as SUCCESS. dag_id=openphish_ingest, task_id=openphish_fetch_normalize_bronze, run_id=scheduled__2025-10-18T00:00:00+00:00, execution_date=20251018T000000, start_date=20251029T181553, end_date=20251029T181553
[2025-10-29T18:15:53.931+0000] {local_task_job_runner.py:243} INFO - Task exited with return code 0
[2025-10-29T18:15:53.936+0000] {taskinstance.py:3503} INFO - 0 downstream tasks scheduled from follow-on schedule check
[2025-10-29T18:15:53.936+0000] {local_task_job_runner.py:222} INFO - ::endgroup::
