[2025-10-29T17:12:44.379+0000] {local_task_job_runner.py:120} INFO - ::group::Pre task execution logs
[2025-10-29T17:12:44.386+0000] {taskinstance.py:2076} INFO - Dependencies all met for dep_context=non-requeueable deps ti=<TaskInstance: urlhaus_ingest.urlhaus_fetch_normalize_bronze scheduled__2025-09-03T00:00:00+00:00 [queued]>
[2025-10-29T17:12:44.388+0000] {taskinstance.py:2076} INFO - Dependencies all met for dep_context=requeueable deps ti=<TaskInstance: urlhaus_ingest.urlhaus_fetch_normalize_bronze scheduled__2025-09-03T00:00:00+00:00 [queued]>
[2025-10-29T17:12:44.388+0000] {taskinstance.py:2306} INFO - Starting attempt 1 of 2
[2025-10-29T17:12:44.392+0000] {taskinstance.py:2330} INFO - Executing <Task(PythonOperator): urlhaus_fetch_normalize_bronze> on 2025-09-03 00:00:00+00:00
[2025-10-29T17:12:44.394+0000] {warnings.py:112} WARNING - /home/airflow/.local/lib/python3.12/site-packages/airflow/task/task_runner/standard_task_runner.py:62: DeprecationWarning: This process (pid=472) is multi-threaded, use of fork() may lead to deadlocks in the child.
  pid = os.fork()

[2025-10-29T17:12:44.394+0000] {standard_task_runner.py:64} INFO - Started process 493 to run task
[2025-10-29T17:12:44.395+0000] {standard_task_runner.py:90} INFO - Running: ['airflow', 'tasks', 'run', 'urlhaus_ingest', 'urlhaus_fetch_normalize_bronze', 'scheduled__2025-09-03T00:00:00+00:00', '--job-id', '15', '--raw', '--subdir', 'DAGS_FOLDER/urlhaus_ingest.py', '--cfg-path', '/tmp/tmpitf106bk']
[2025-10-29T17:12:44.395+0000] {standard_task_runner.py:91} INFO - Job 15: Subtask urlhaus_fetch_normalize_bronze
[2025-10-29T17:12:44.406+0000] {task_command.py:426} INFO - Running <TaskInstance: urlhaus_ingest.urlhaus_fetch_normalize_bronze scheduled__2025-09-03T00:00:00+00:00 [running]> on host 109bbc934e0f
[2025-10-29T17:12:44.425+0000] {taskinstance.py:2648} INFO - Exporting env vars: AIRFLOW_CTX_DAG_OWNER='you' AIRFLOW_CTX_DAG_ID='urlhaus_ingest' AIRFLOW_CTX_TASK_ID='urlhaus_fetch_normalize_bronze' AIRFLOW_CTX_EXECUTION_DATE='2025-09-03T00:00:00+00:00' AIRFLOW_CTX_TRY_NUMBER='1' AIRFLOW_CTX_DAG_RUN_ID='scheduled__2025-09-03T00:00:00+00:00'
[2025-10-29T17:12:44.425+0000] {taskinstance.py:430} INFO - ::endgroup::
[2025-10-29T17:12:44.574+0000] {logging_mixin.py:188} INFO - [urlhaus_ingest] rows after normalize: 21315
[2025-10-29T17:12:44.584+0000] {logging_mixin.py:188} INFO - [urlhaus] rows after normalize: 21315
[2025-10-29T17:12:44.608+0000] {python.py:237} INFO - Done. Returned value was: None
[2025-10-29T17:12:44.608+0000] {taskinstance.py:441} INFO - ::group::Post task execution logs
[2025-10-29T17:12:44.609+0000] {taskinstance.py:1206} INFO - Marking task as SUCCESS. dag_id=urlhaus_ingest, task_id=urlhaus_fetch_normalize_bronze, run_id=scheduled__2025-09-03T00:00:00+00:00, execution_date=20250903T000000, start_date=20251029T171244, end_date=20251029T171244
[2025-10-29T17:12:44.619+0000] {local_task_job_runner.py:243} INFO - Task exited with return code 0
[2025-10-29T17:12:44.623+0000] {taskinstance.py:3503} INFO - 0 downstream tasks scheduled from follow-on schedule check
[2025-10-29T17:12:44.623+0000] {local_task_job_runner.py:222} INFO - ::endgroup::
[2025-10-29T18:07:05.895+0000] {local_task_job_runner.py:120} INFO - ::group::Pre task execution logs
[2025-10-29T18:07:05.902+0000] {taskinstance.py:2076} INFO - Dependencies all met for dep_context=non-requeueable deps ti=<TaskInstance: urlhaus_ingest.urlhaus_fetch_normalize_bronze scheduled__2025-09-03T00:00:00+00:00 [queued]>
[2025-10-29T18:07:05.904+0000] {taskinstance.py:2076} INFO - Dependencies all met for dep_context=requeueable deps ti=<TaskInstance: urlhaus_ingest.urlhaus_fetch_normalize_bronze scheduled__2025-09-03T00:00:00+00:00 [queued]>
[2025-10-29T18:07:05.904+0000] {taskinstance.py:2306} INFO - Starting attempt 1 of 2
[2025-10-29T18:07:05.907+0000] {taskinstance.py:2330} INFO - Executing <Task(PythonOperator): urlhaus_fetch_normalize_bronze> on 2025-09-03 00:00:00+00:00
[2025-10-29T18:07:05.910+0000] {warnings.py:112} WARNING - /home/airflow/.local/lib/python3.12/site-packages/airflow/task/task_runner/standard_task_runner.py:62: DeprecationWarning: This process (pid=437) is multi-threaded, use of fork() may lead to deadlocks in the child.
  pid = os.fork()

[2025-10-29T18:07:05.910+0000] {standard_task_runner.py:64} INFO - Started process 458 to run task
[2025-10-29T18:07:05.911+0000] {standard_task_runner.py:90} INFO - Running: ['airflow', 'tasks', 'run', 'urlhaus_ingest', 'urlhaus_fetch_normalize_bronze', 'scheduled__2025-09-03T00:00:00+00:00', '--job-id', '11', '--raw', '--subdir', 'DAGS_FOLDER/urlhaus_ingest.py', '--cfg-path', '/tmp/tmpd8xjdp36']
[2025-10-29T18:07:05.911+0000] {standard_task_runner.py:91} INFO - Job 11: Subtask urlhaus_fetch_normalize_bronze
[2025-10-29T18:07:05.921+0000] {task_command.py:426} INFO - Running <TaskInstance: urlhaus_ingest.urlhaus_fetch_normalize_bronze scheduled__2025-09-03T00:00:00+00:00 [running]> on host 9a4b1d75930e
[2025-10-29T18:07:05.940+0000] {taskinstance.py:2648} INFO - Exporting env vars: AIRFLOW_CTX_DAG_OWNER='you' AIRFLOW_CTX_DAG_ID='urlhaus_ingest' AIRFLOW_CTX_TASK_ID='urlhaus_fetch_normalize_bronze' AIRFLOW_CTX_EXECUTION_DATE='2025-09-03T00:00:00+00:00' AIRFLOW_CTX_TRY_NUMBER='1' AIRFLOW_CTX_DAG_RUN_ID='scheduled__2025-09-03T00:00:00+00:00'
[2025-10-29T18:07:05.940+0000] {taskinstance.py:430} INFO - ::endgroup::
[2025-10-29T18:07:06.086+0000] {logging_mixin.py:188} INFO - [urlhaus_ingest] rows after normalize: 21302
[2025-10-29T18:07:06.096+0000] {logging_mixin.py:188} INFO - [urlhaus] rows after normalize: 21302
[2025-10-29T18:07:06.117+0000] {python.py:237} INFO - Done. Returned value was: None
[2025-10-29T18:07:06.117+0000] {taskinstance.py:441} INFO - ::group::Post task execution logs
[2025-10-29T18:07:06.119+0000] {taskinstance.py:1206} INFO - Marking task as SUCCESS. dag_id=urlhaus_ingest, task_id=urlhaus_fetch_normalize_bronze, run_id=scheduled__2025-09-03T00:00:00+00:00, execution_date=20250903T000000, start_date=20251029T180705, end_date=20251029T180706
[2025-10-29T18:07:06.143+0000] {local_task_job_runner.py:243} INFO - Task exited with return code 0
[2025-10-29T18:07:06.147+0000] {taskinstance.py:3503} INFO - 0 downstream tasks scheduled from follow-on schedule check
[2025-10-29T18:07:06.148+0000] {local_task_job_runner.py:222} INFO - ::endgroup::
