[2025-11-13T01:24:22.057+0000] {local_task_job_runner.py:120} INFO - ::group::Pre task execution logs
[2025-11-13T01:24:22.065+0000] {taskinstance.py:2076} INFO - Dependencies all met for dep_context=non-requeueable deps ti=<TaskInstance: pipeline_orchestrator.labels_union manual__2025-11-12T00:00:00+00:00 [queued]>
[2025-11-13T01:24:22.067+0000] {taskinstance.py:2076} INFO - Dependencies all met for dep_context=requeueable deps ti=<TaskInstance: pipeline_orchestrator.labels_union manual__2025-11-12T00:00:00+00:00 [queued]>
[2025-11-13T01:24:22.067+0000] {taskinstance.py:2306} INFO - Starting attempt 1 of 1
[2025-11-13T01:24:22.072+0000] {taskinstance.py:2330} INFO - Executing <Task(TriggerDagRunOperator): labels_union> on 2025-11-12 00:00:00+00:00
[2025-11-13T01:24:22.074+0000] {standard_task_runner.py:64} INFO - Started process 11435 to run task
[2025-11-13T01:24:22.075+0000] {standard_task_runner.py:90} INFO - Running: ['airflow', 'tasks', 'run', 'pipeline_orchestrator', 'labels_union', 'manual__2025-11-12T00:00:00+00:00', '--job-id', '41', '--raw', '--subdir', 'DAGS_FOLDER/pipeline_orchestrator.py', '--cfg-path', '/tmp/tmp7bdss0nc']
[2025-11-13T01:24:22.075+0000] {standard_task_runner.py:91} INFO - Job 41: Subtask labels_union
[2025-11-13T01:24:22.086+0000] {task_command.py:426} INFO - Running <TaskInstance: pipeline_orchestrator.labels_union manual__2025-11-12T00:00:00+00:00 [running]> on host 1fd82182dcce
[2025-11-13T01:24:22.148+0000] {taskinstance.py:2648} INFO - Exporting env vars: AIRFLOW_CTX_DAG_OWNER='airflow' AIRFLOW_CTX_DAG_ID='pipeline_orchestrator' AIRFLOW_CTX_TASK_ID='labels_union' AIRFLOW_CTX_EXECUTION_DATE='2025-11-12T00:00:00+00:00' AIRFLOW_CTX_TRY_NUMBER='1' AIRFLOW_CTX_DAG_RUN_ID='manual__2025-11-12T00:00:00+00:00'
[2025-11-13T01:24:22.148+0000] {taskinstance.py:430} INFO - ::endgroup::
[2025-11-13T01:24:22.164+0000] {taskinstance.py:441} INFO - ::group::Post task execution logs
[2025-11-13T01:24:22.165+0000] {crypto.py:82} WARNING - empty cryptography key - values will not be stored encrypted.
[2025-11-13T01:24:22.165+0000] {taskinstance.py:2489} INFO - Pausing task as DEFERRED. dag_id=pipeline_orchestrator, task_id=labels_union, run_id=manual__2025-11-12T00:00:00+00:00, execution_date=20251112T000000, start_date=20251113T012422
[2025-11-13T01:24:22.178+0000] {local_task_job_runner.py:237} INFO - Task exited with return code 100 (task deferral)
[2025-11-13T01:24:22.178+0000] {local_task_job_runner.py:222} INFO - ::endgroup::
[2025-11-13T01:25:25.272+0000] {local_task_job_runner.py:120} INFO - ::group::Pre task execution logs
[2025-11-13T01:25:25.282+0000] {taskinstance.py:2076} INFO - Dependencies all met for dep_context=non-requeueable deps ti=<TaskInstance: pipeline_orchestrator.labels_union manual__2025-11-12T00:00:00+00:00 [queued]>
[2025-11-13T01:25:25.284+0000] {taskinstance.py:2076} INFO - Dependencies all met for dep_context=requeueable deps ti=<TaskInstance: pipeline_orchestrator.labels_union manual__2025-11-12T00:00:00+00:00 [queued]>
[2025-11-13T01:25:25.284+0000] {taskinstance.py:2304} INFO - Resuming after deferral
[2025-11-13T01:25:25.289+0000] {taskinstance.py:2330} INFO - Executing <Task(TriggerDagRunOperator): labels_union> on 2025-11-12 00:00:00+00:00
[2025-11-13T01:25:25.292+0000] {standard_task_runner.py:64} INFO - Started process 11548 to run task
[2025-11-13T01:25:25.293+0000] {standard_task_runner.py:90} INFO - Running: ['airflow', 'tasks', 'run', 'pipeline_orchestrator', 'labels_union', 'manual__2025-11-12T00:00:00+00:00', '--job-id', '43', '--raw', '--subdir', 'DAGS_FOLDER/pipeline_orchestrator.py', '--cfg-path', '/tmp/tmp1fclgcyr']
[2025-11-13T01:25:25.294+0000] {standard_task_runner.py:91} INFO - Job 43: Subtask labels_union
[2025-11-13T01:25:25.311+0000] {task_command.py:426} INFO - Running <TaskInstance: pipeline_orchestrator.labels_union manual__2025-11-12T00:00:00+00:00 [running]> on host 1fd82182dcce
[2025-11-13T01:25:25.410+0000] {taskinstance.py:430} INFO - ::endgroup::
[2025-11-13T01:25:25.411+0000] {trigger_dagrun.py:262} INFO - labels_union finished with allowed state success
[2025-11-13T01:25:25.411+0000] {taskinstance.py:441} INFO - ::group::Post task execution logs
[2025-11-13T01:25:25.412+0000] {taskinstance.py:1206} INFO - Marking task as SUCCESS. dag_id=pipeline_orchestrator, task_id=labels_union, run_id=manual__2025-11-12T00:00:00+00:00, execution_date=20251112T000000, start_date=20251113T012422, end_date=20251113T012525
[2025-11-13T01:25:25.435+0000] {local_task_job_runner.py:243} INFO - Task exited with return code 0
[2025-11-13T01:25:25.442+0000] {taskinstance.py:3503} INFO - 2 downstream tasks scheduled from follow-on schedule check
[2025-11-13T01:25:25.444+0000] {local_task_job_runner.py:222} INFO - ::endgroup::
