[2025-11-04T00:28:36.092+0000] {local_task_job_runner.py:120} INFO - ::group::Pre task execution logs
[2025-11-04T00:28:36.099+0000] {taskinstance.py:2076} INFO - Dependencies all met for dep_context=non-requeueable deps ti=<TaskInstance: whois_rdap_ingest.whois_rdap_fetch scheduled__2025-11-03T00:00:00+00:00 [queued]>
[2025-11-04T00:28:36.101+0000] {taskinstance.py:2076} INFO - Dependencies all met for dep_context=requeueable deps ti=<TaskInstance: whois_rdap_ingest.whois_rdap_fetch scheduled__2025-11-03T00:00:00+00:00 [queued]>
[2025-11-04T00:28:36.101+0000] {taskinstance.py:2306} INFO - Starting attempt 1 of 1
[2025-11-04T00:28:36.105+0000] {taskinstance.py:2330} INFO - Executing <Task(PythonOperator): whois_rdap_fetch> on 2025-11-03 00:00:00+00:00
[2025-11-04T00:28:36.108+0000] {standard_task_runner.py:90} INFO - Running: ['airflow', 'tasks', 'run', 'whois_rdap_ingest', 'whois_rdap_fetch', 'scheduled__2025-11-03T00:00:00+00:00', '--job-id', '13', '--raw', '--subdir', 'DAGS_FOLDER/whois_rdap_dag.py', '--cfg-path', '/tmp/tmp6h_bq3mw']
[2025-11-04T00:28:36.108+0000] {logging_mixin.py:188} WARNING - /home/airflow/.local/lib/python3.12/site-packages/airflow/task/task_runner/standard_task_runner.py:62 DeprecationWarning: This process (pid=481) is multi-threaded, use of fork() may lead to deadlocks in the child.
[2025-11-04T00:28:36.108+0000] {standard_task_runner.py:91} INFO - Job 13: Subtask whois_rdap_fetch
[2025-11-04T00:28:36.108+0000] {standard_task_runner.py:64} INFO - Started process 492 to run task
[2025-11-04T00:28:36.119+0000] {task_command.py:426} INFO - Running <TaskInstance: whois_rdap_ingest.whois_rdap_fetch scheduled__2025-11-03T00:00:00+00:00 [running]> on host 90fcab7a3fd8
[2025-11-04T00:28:36.135+0000] {taskinstance.py:2648} INFO - Exporting env vars: AIRFLOW_CTX_DAG_OWNER='you' AIRFLOW_CTX_DAG_ID='whois_rdap_ingest' AIRFLOW_CTX_TASK_ID='whois_rdap_fetch' AIRFLOW_CTX_EXECUTION_DATE='2025-11-03T00:00:00+00:00' AIRFLOW_CTX_TRY_NUMBER='1' AIRFLOW_CTX_DAG_RUN_ID='scheduled__2025-11-03T00:00:00+00:00'
[2025-11-04T00:28:36.135+0000] {taskinstance.py:430} INFO - ::endgroup::
[2025-11-04T00:28:36.251+0000] {logging_mixin.py:188} WARNING - /opt/airflow/dags/whois_rdap_dag.py:102 FutureWarning: The behavior of DataFrame concatenation with empty or all-NA entries is deprecated. In a future version, this will no longer exclude empty or all-NA columns when determining the result dtypes. To retain the old behavior, exclude the relevant entries before the concat operation.
[2025-11-04T00:28:36.270+0000] {logging_mixin.py:188} INFO - [whois_rdap] ds=2025-11-03 domains=3038 fetched=0 daily_rows=3038
[2025-11-04T00:28:36.270+0000] {python.py:237} INFO - Done. Returned value was: None
[2025-11-04T00:28:36.270+0000] {taskinstance.py:441} INFO - ::group::Post task execution logs
[2025-11-04T00:28:36.272+0000] {taskinstance.py:1206} INFO - Marking task as SUCCESS. dag_id=whois_rdap_ingest, task_id=whois_rdap_fetch, run_id=scheduled__2025-11-03T00:00:00+00:00, execution_date=20251103T000000, start_date=20251104T002836, end_date=20251104T002836
[2025-11-04T00:28:36.301+0000] {local_task_job_runner.py:243} INFO - Task exited with return code 0
[2025-11-04T00:28:36.306+0000] {taskinstance.py:3503} INFO - 0 downstream tasks scheduled from follow-on schedule check
[2025-11-04T00:28:36.306+0000] {local_task_job_runner.py:222} INFO - ::endgroup::
[2025-11-04T18:12:58.167+0000] {local_task_job_runner.py:120} INFO - ::group::Pre task execution logs
[2025-11-04T18:12:58.174+0000] {taskinstance.py:2076} INFO - Dependencies all met for dep_context=non-requeueable deps ti=<TaskInstance: whois_rdap_ingest.whois_rdap_fetch scheduled__2025-11-03T00:00:00+00:00 [queued]>
[2025-11-04T18:12:58.176+0000] {taskinstance.py:2076} INFO - Dependencies all met for dep_context=requeueable deps ti=<TaskInstance: whois_rdap_ingest.whois_rdap_fetch scheduled__2025-11-03T00:00:00+00:00 [queued]>
[2025-11-04T18:12:58.176+0000] {taskinstance.py:2306} INFO - Starting attempt 1 of 1
[2025-11-04T18:12:58.180+0000] {taskinstance.py:2330} INFO - Executing <Task(PythonOperator): whois_rdap_fetch> on 2025-11-03 00:00:00+00:00
[2025-11-04T18:12:58.183+0000] {standard_task_runner.py:90} INFO - Running: ['airflow', 'tasks', 'run', 'whois_rdap_ingest', 'whois_rdap_fetch', 'scheduled__2025-11-03T00:00:00+00:00', '--job-id', '9', '--raw', '--subdir', 'DAGS_FOLDER/whois_rdap_dag.py', '--cfg-path', '/tmp/tmp5v6wq4sa']
[2025-11-04T18:12:58.184+0000] {standard_task_runner.py:91} INFO - Job 9: Subtask whois_rdap_fetch
[2025-11-04T18:12:58.183+0000] {logging_mixin.py:188} WARNING - /home/airflow/.local/lib/python3.12/site-packages/airflow/task/task_runner/standard_task_runner.py:62 DeprecationWarning: This process (pid=2081) is multi-threaded, use of fork() may lead to deadlocks in the child.
[2025-11-04T18:12:58.186+0000] {standard_task_runner.py:64} INFO - Started process 2092 to run task
[2025-11-04T18:12:58.195+0000] {task_command.py:426} INFO - Running <TaskInstance: whois_rdap_ingest.whois_rdap_fetch scheduled__2025-11-03T00:00:00+00:00 [running]> on host 7e98baed574a
[2025-11-04T18:12:58.210+0000] {taskinstance.py:2648} INFO - Exporting env vars: AIRFLOW_CTX_DAG_OWNER='you' AIRFLOW_CTX_DAG_ID='whois_rdap_ingest' AIRFLOW_CTX_TASK_ID='whois_rdap_fetch' AIRFLOW_CTX_EXECUTION_DATE='2025-11-03T00:00:00+00:00' AIRFLOW_CTX_TRY_NUMBER='1' AIRFLOW_CTX_DAG_RUN_ID='scheduled__2025-11-03T00:00:00+00:00'
[2025-11-04T18:12:58.211+0000] {taskinstance.py:430} INFO - ::endgroup::
[2025-11-04T18:13:58.780+0000] {logging_mixin.py:188} INFO - [whois_rdap] ds=2025-11-03 domains=3025 fetched=417 daily_rows=3025
[2025-11-04T18:13:58.783+0000] {python.py:237} INFO - Done. Returned value was: None
[2025-11-04T18:13:58.783+0000] {taskinstance.py:441} INFO - ::group::Post task execution logs
[2025-11-04T18:13:58.788+0000] {taskinstance.py:1206} INFO - Marking task as SUCCESS. dag_id=whois_rdap_ingest, task_id=whois_rdap_fetch, run_id=scheduled__2025-11-03T00:00:00+00:00, execution_date=20251103T000000, start_date=20251104T181258, end_date=20251104T181358
[2025-11-04T18:13:58.822+0000] {local_task_job_runner.py:243} INFO - Task exited with return code 0
[2025-11-04T18:13:58.829+0000] {taskinstance.py:3503} INFO - 0 downstream tasks scheduled from follow-on schedule check
[2025-11-04T18:13:58.829+0000] {local_task_job_runner.py:222} INFO - ::endgroup::
