[2025-11-05T00:02:17.917+0000] {local_task_job_runner.py:120} INFO - ::group::Pre task execution logs
[2025-11-05T00:02:17.927+0000] {taskinstance.py:2076} INFO - Dependencies all met for dep_context=non-requeueable deps ti=<TaskInstance: urlhaus_ingest.urlhaus_fetch_normalize_bronze scheduled__2025-11-04T00:00:00+00:00 [queued]>
[2025-11-05T00:02:17.929+0000] {taskinstance.py:2076} INFO - Dependencies all met for dep_context=requeueable deps ti=<TaskInstance: urlhaus_ingest.urlhaus_fetch_normalize_bronze scheduled__2025-11-04T00:00:00+00:00 [queued]>
[2025-11-05T00:02:17.929+0000] {taskinstance.py:2306} INFO - Starting attempt 1 of 2
[2025-11-05T00:02:17.932+0000] {taskinstance.py:2330} INFO - Executing <Task(PythonOperator): urlhaus_fetch_normalize_bronze> on 2025-11-04 00:00:00+00:00
[2025-11-05T00:02:17.937+0000] {warnings.py:112} WARNING - /home/airflow/.local/lib/python3.12/site-packages/airflow/task/task_runner/standard_task_runner.py:62: DeprecationWarning: This process (pid=13117) is multi-threaded, use of fork() may lead to deadlocks in the child.
  pid = os.fork()

[2025-11-05T00:02:17.938+0000] {standard_task_runner.py:64} INFO - Started process 13138 to run task
[2025-11-05T00:02:17.939+0000] {standard_task_runner.py:90} INFO - Running: ['airflow', 'tasks', 'run', 'urlhaus_ingest', 'urlhaus_fetch_normalize_bronze', 'scheduled__2025-11-04T00:00:00+00:00', '--job-id', '18', '--raw', '--subdir', 'DAGS_FOLDER/urlhaus_ingest.py', '--cfg-path', '/tmp/tmpyjilqfck']
[2025-11-05T00:02:17.940+0000] {standard_task_runner.py:91} INFO - Job 18: Subtask urlhaus_fetch_normalize_bronze
[2025-11-05T00:02:17.962+0000] {task_command.py:426} INFO - Running <TaskInstance: urlhaus_ingest.urlhaus_fetch_normalize_bronze scheduled__2025-11-04T00:00:00+00:00 [running]> on host 7e98baed574a
[2025-11-05T00:02:17.986+0000] {taskinstance.py:2648} INFO - Exporting env vars: AIRFLOW_CTX_DAG_OWNER='you' AIRFLOW_CTX_DAG_ID='urlhaus_ingest' AIRFLOW_CTX_TASK_ID='urlhaus_fetch_normalize_bronze' AIRFLOW_CTX_EXECUTION_DATE='2025-11-04T00:00:00+00:00' AIRFLOW_CTX_TRY_NUMBER='1' AIRFLOW_CTX_DAG_RUN_ID='scheduled__2025-11-04T00:00:00+00:00'
[2025-11-05T00:02:17.986+0000] {taskinstance.py:430} INFO - ::endgroup::
[2025-11-05T00:02:19.433+0000] {logging_mixin.py:188} INFO - [urlhaus_ingest] rows after normalize: 21983
[2025-11-05T00:02:19.445+0000] {logging_mixin.py:188} INFO - [urlhaus] rows after normalize: 21983
[2025-11-05T00:02:19.516+0000] {python.py:237} INFO - Done. Returned value was: None
[2025-11-05T00:02:19.517+0000] {taskinstance.py:441} INFO - ::group::Post task execution logs
[2025-11-05T00:02:19.518+0000] {taskinstance.py:1206} INFO - Marking task as SUCCESS. dag_id=urlhaus_ingest, task_id=urlhaus_fetch_normalize_bronze, run_id=scheduled__2025-11-04T00:00:00+00:00, execution_date=20251104T000000, start_date=20251105T000217, end_date=20251105T000219
[2025-11-05T00:02:19.563+0000] {local_task_job_runner.py:243} INFO - Task exited with return code 0
[2025-11-05T00:02:19.568+0000] {taskinstance.py:3503} INFO - 0 downstream tasks scheduled from follow-on schedule check
[2025-11-05T00:02:19.568+0000] {local_task_job_runner.py:222} INFO - ::endgroup::
