[2025-10-02T00:00:12.383+0000] {local_task_job_runner.py:120} INFO - ::group::Pre task execution logs
[2025-10-02T00:00:12.393+0000] {taskinstance.py:2076} INFO - Dependencies all met for dep_context=non-requeueable deps ti=<TaskInstance: urlhaus_silver.urlhaus_bronze_to_silver scheduled__2025-10-01T00:00:00+00:00 [queued]>
[2025-10-02T00:00:12.395+0000] {taskinstance.py:2076} INFO - Dependencies all met for dep_context=requeueable deps ti=<TaskInstance: urlhaus_silver.urlhaus_bronze_to_silver scheduled__2025-10-01T00:00:00+00:00 [queued]>
[2025-10-02T00:00:12.395+0000] {taskinstance.py:2306} INFO - Starting attempt 1 of 1
[2025-10-02T00:00:12.400+0000] {taskinstance.py:2330} INFO - Executing <Task(PythonOperator): urlhaus_bronze_to_silver> on 2025-10-01 00:00:00+00:00
[2025-10-02T00:00:12.405+0000] {logging_mixin.py:188} WARNING - /home/airflow/.local/lib/python3.12/site-packages/airflow/task/task_runner/standard_task_runner.py:62 DeprecationWarning: This process (pid=13658) is multi-threaded, use of fork() may lead to deadlocks in the child.
[2025-10-02T00:00:12.404+0000] {standard_task_runner.py:90} INFO - Running: ['airflow', 'tasks', 'run', 'urlhaus_silver', 'urlhaus_bronze_to_silver', 'scheduled__2025-10-01T00:00:00+00:00', '--job-id', '75', '--raw', '--subdir', 'DAGS_FOLDER/urlhaus_silver.py', '--cfg-path', '/tmp/tmpzlbb4q5w']
[2025-10-02T00:00:12.405+0000] {standard_task_runner.py:91} INFO - Job 75: Subtask urlhaus_bronze_to_silver
[2025-10-02T00:00:12.405+0000] {standard_task_runner.py:64} INFO - Started process 13669 to run task
[2025-10-02T00:00:12.417+0000] {task_command.py:426} INFO - Running <TaskInstance: urlhaus_silver.urlhaus_bronze_to_silver scheduled__2025-10-01T00:00:00+00:00 [running]> on host 539ffd8f219e
[2025-10-02T00:00:12.438+0000] {taskinstance.py:2648} INFO - Exporting env vars: AIRFLOW_CTX_DAG_OWNER='you' AIRFLOW_CTX_DAG_ID='urlhaus_silver' AIRFLOW_CTX_TASK_ID='urlhaus_bronze_to_silver' AIRFLOW_CTX_EXECUTION_DATE='2025-10-01T00:00:00+00:00' AIRFLOW_CTX_TRY_NUMBER='1' AIRFLOW_CTX_DAG_RUN_ID='scheduled__2025-10-01T00:00:00+00:00'
[2025-10-02T00:00:12.439+0000] {taskinstance.py:430} INFO - ::endgroup::
[2025-10-02T00:00:12.488+0000] {logging_mixin.py:188} INFO - [urlhaus_silver] wrote 5578 rows -> /opt/airflow/silver/urlhaus/ingest_date=2025-10-01
[2025-10-02T00:00:12.489+0000] {python.py:237} INFO - Done. Returned value was: None
[2025-10-02T00:00:12.489+0000] {taskinstance.py:441} INFO - ::group::Post task execution logs
[2025-10-02T00:00:12.491+0000] {taskinstance.py:1206} INFO - Marking task as SUCCESS. dag_id=urlhaus_silver, task_id=urlhaus_bronze_to_silver, run_id=scheduled__2025-10-01T00:00:00+00:00, execution_date=20251001T000000, start_date=20251002T000012, end_date=20251002T000012
[2025-10-02T00:00:12.506+0000] {local_task_job_runner.py:243} INFO - Task exited with return code 0
[2025-10-02T00:00:12.512+0000] {taskinstance.py:3503} INFO - 0 downstream tasks scheduled from follow-on schedule check
[2025-10-02T00:00:12.512+0000] {local_task_job_runner.py:222} INFO - ::endgroup::
[2025-10-29T18:12:49.830+0000] {local_task_job_runner.py:120} INFO - ::group::Pre task execution logs
[2025-10-29T18:12:49.838+0000] {taskinstance.py:2076} INFO - Dependencies all met for dep_context=non-requeueable deps ti=<TaskInstance: urlhaus_silver.urlhaus_bronze_to_silver scheduled__2025-10-01T00:00:00+00:00 [queued]>
[2025-10-29T18:12:49.840+0000] {taskinstance.py:2076} INFO - Dependencies all met for dep_context=requeueable deps ti=<TaskInstance: urlhaus_silver.urlhaus_bronze_to_silver scheduled__2025-10-01T00:00:00+00:00 [queued]>
[2025-10-29T18:12:49.840+0000] {taskinstance.py:2306} INFO - Starting attempt 1 of 1
[2025-10-29T18:12:49.845+0000] {taskinstance.py:2330} INFO - Executing <Task(PythonOperator): urlhaus_bronze_to_silver> on 2025-10-01 00:00:00+00:00
[2025-10-29T18:12:49.848+0000] {standard_task_runner.py:90} INFO - Running: ['airflow', 'tasks', 'run', 'urlhaus_silver', 'urlhaus_bronze_to_silver', 'scheduled__2025-10-01T00:00:00+00:00', '--job-id', '155', '--raw', '--subdir', 'DAGS_FOLDER/urlhaus_silver.py', '--cfg-path', '/tmp/tmp995mpmkc']
[2025-10-29T18:12:49.849+0000] {standard_task_runner.py:91} INFO - Job 155: Subtask urlhaus_bronze_to_silver
[2025-10-29T18:12:49.849+0000] {logging_mixin.py:188} WARNING - /home/airflow/.local/lib/python3.12/site-packages/airflow/task/task_runner/standard_task_runner.py:62 DeprecationWarning: This process (pid=4007) is multi-threaded, use of fork() may lead to deadlocks in the child.
[2025-10-29T18:12:49.851+0000] {standard_task_runner.py:64} INFO - Started process 4018 to run task
[2025-10-29T18:12:49.859+0000] {task_command.py:426} INFO - Running <TaskInstance: urlhaus_silver.urlhaus_bronze_to_silver scheduled__2025-10-01T00:00:00+00:00 [running]> on host 9a4b1d75930e
[2025-10-29T18:12:49.878+0000] {taskinstance.py:2648} INFO - Exporting env vars: AIRFLOW_CTX_DAG_OWNER='you' AIRFLOW_CTX_DAG_ID='urlhaus_silver' AIRFLOW_CTX_TASK_ID='urlhaus_bronze_to_silver' AIRFLOW_CTX_EXECUTION_DATE='2025-10-01T00:00:00+00:00' AIRFLOW_CTX_TRY_NUMBER='1' AIRFLOW_CTX_DAG_RUN_ID='scheduled__2025-10-01T00:00:00+00:00'
[2025-10-29T18:12:49.879+0000] {taskinstance.py:430} INFO - ::endgroup::
[2025-10-29T18:12:49.915+0000] {logging_mixin.py:188} INFO - [urlhaus_silver] 2025-10-01: wrote 2908 rows -> /opt/airflow/silver/urlhaus/ingest_date=2025-10-01
[2025-10-29T18:12:49.916+0000] {python.py:237} INFO - Done. Returned value was: None
[2025-10-29T18:12:49.916+0000] {taskinstance.py:441} INFO - ::group::Post task execution logs
[2025-10-29T18:12:49.917+0000] {taskinstance.py:1206} INFO - Marking task as SUCCESS. dag_id=urlhaus_silver, task_id=urlhaus_bronze_to_silver, run_id=scheduled__2025-10-01T00:00:00+00:00, execution_date=20251001T000000, start_date=20251029T181249, end_date=20251029T181249
[2025-10-29T18:12:49.954+0000] {local_task_job_runner.py:243} INFO - Task exited with return code 0
[2025-10-29T18:12:49.959+0000] {taskinstance.py:3503} INFO - 0 downstream tasks scheduled from follow-on schedule check
[2025-10-29T18:12:49.959+0000] {local_task_job_runner.py:222} INFO - ::endgroup::
