[2025-10-29T17:13:04.903+0000] {local_task_job_runner.py:120} INFO - ::group::Pre task execution logs
[2025-10-29T17:13:04.910+0000] {taskinstance.py:2076} INFO - Dependencies all met for dep_context=non-requeueable deps ti=<TaskInstance: urlhaus_ingest.urlhaus_fetch_normalize_bronze scheduled__2025-09-06T00:00:00+00:00 [queued]>
[2025-10-29T17:13:04.912+0000] {taskinstance.py:2076} INFO - Dependencies all met for dep_context=requeueable deps ti=<TaskInstance: urlhaus_ingest.urlhaus_fetch_normalize_bronze scheduled__2025-09-06T00:00:00+00:00 [queued]>
[2025-10-29T17:13:04.912+0000] {taskinstance.py:2306} INFO - Starting attempt 1 of 2
[2025-10-29T17:13:04.915+0000] {taskinstance.py:2330} INFO - Executing <Task(PythonOperator): urlhaus_fetch_normalize_bronze> on 2025-09-06 00:00:00+00:00
[2025-10-29T17:13:04.918+0000] {warnings.py:112} WARNING - /home/airflow/.local/lib/python3.12/site-packages/airflow/task/task_runner/standard_task_runner.py:62: DeprecationWarning: This process (pid=635) is multi-threaded, use of fork() may lead to deadlocks in the child.
  pid = os.fork()

[2025-10-29T17:13:04.918+0000] {standard_task_runner.py:64} INFO - Started process 656 to run task
[2025-10-29T17:13:04.919+0000] {standard_task_runner.py:90} INFO - Running: ['airflow', 'tasks', 'run', 'urlhaus_ingest', 'urlhaus_fetch_normalize_bronze', 'scheduled__2025-09-06T00:00:00+00:00', '--job-id', '21', '--raw', '--subdir', 'DAGS_FOLDER/urlhaus_ingest.py', '--cfg-path', '/tmp/tmp65dwar0m']
[2025-10-29T17:13:04.919+0000] {standard_task_runner.py:91} INFO - Job 21: Subtask urlhaus_fetch_normalize_bronze
[2025-10-29T17:13:04.930+0000] {task_command.py:426} INFO - Running <TaskInstance: urlhaus_ingest.urlhaus_fetch_normalize_bronze scheduled__2025-09-06T00:00:00+00:00 [running]> on host 109bbc934e0f
[2025-10-29T17:13:04.949+0000] {taskinstance.py:2648} INFO - Exporting env vars: AIRFLOW_CTX_DAG_OWNER='you' AIRFLOW_CTX_DAG_ID='urlhaus_ingest' AIRFLOW_CTX_TASK_ID='urlhaus_fetch_normalize_bronze' AIRFLOW_CTX_EXECUTION_DATE='2025-09-06T00:00:00+00:00' AIRFLOW_CTX_TRY_NUMBER='1' AIRFLOW_CTX_DAG_RUN_ID='scheduled__2025-09-06T00:00:00+00:00'
[2025-10-29T17:13:04.949+0000] {taskinstance.py:430} INFO - ::endgroup::
[2025-10-29T17:13:05.092+0000] {logging_mixin.py:188} INFO - [urlhaus_ingest] rows after normalize: 21315
[2025-10-29T17:13:05.102+0000] {logging_mixin.py:188} INFO - [urlhaus] rows after normalize: 21315
[2025-10-29T17:13:05.123+0000] {python.py:237} INFO - Done. Returned value was: None
[2025-10-29T17:13:05.123+0000] {taskinstance.py:441} INFO - ::group::Post task execution logs
[2025-10-29T17:13:05.125+0000] {taskinstance.py:1206} INFO - Marking task as SUCCESS. dag_id=urlhaus_ingest, task_id=urlhaus_fetch_normalize_bronze, run_id=scheduled__2025-09-06T00:00:00+00:00, execution_date=20250906T000000, start_date=20251029T171304, end_date=20251029T171305
[2025-10-29T17:13:05.147+0000] {local_task_job_runner.py:243} INFO - Task exited with return code 0
[2025-10-29T17:13:05.151+0000] {taskinstance.py:3503} INFO - 0 downstream tasks scheduled from follow-on schedule check
[2025-10-29T17:13:05.151+0000] {local_task_job_runner.py:222} INFO - ::endgroup::
[2025-10-29T18:07:39.476+0000] {local_task_job_runner.py:120} INFO - ::group::Pre task execution logs
[2025-10-29T18:07:39.483+0000] {taskinstance.py:2076} INFO - Dependencies all met for dep_context=non-requeueable deps ti=<TaskInstance: urlhaus_ingest.urlhaus_fetch_normalize_bronze scheduled__2025-09-06T00:00:00+00:00 [queued]>
[2025-10-29T18:07:39.485+0000] {taskinstance.py:2076} INFO - Dependencies all met for dep_context=requeueable deps ti=<TaskInstance: urlhaus_ingest.urlhaus_fetch_normalize_bronze scheduled__2025-09-06T00:00:00+00:00 [queued]>
[2025-10-29T18:07:39.485+0000] {taskinstance.py:2306} INFO - Starting attempt 1 of 2
[2025-10-29T18:07:39.489+0000] {taskinstance.py:2330} INFO - Executing <Task(PythonOperator): urlhaus_fetch_normalize_bronze> on 2025-09-06 00:00:00+00:00
[2025-10-29T18:07:39.491+0000] {warnings.py:112} WARNING - /home/airflow/.local/lib/python3.12/site-packages/airflow/task/task_runner/standard_task_runner.py:62: DeprecationWarning: This process (pid=809) is multi-threaded, use of fork() may lead to deadlocks in the child.
  pid = os.fork()

[2025-10-29T18:07:39.491+0000] {standard_task_runner.py:64} INFO - Started process 830 to run task
[2025-10-29T18:07:39.492+0000] {standard_task_runner.py:90} INFO - Running: ['airflow', 'tasks', 'run', 'urlhaus_ingest', 'urlhaus_fetch_normalize_bronze', 'scheduled__2025-09-06T00:00:00+00:00', '--job-id', '26', '--raw', '--subdir', 'DAGS_FOLDER/urlhaus_ingest.py', '--cfg-path', '/tmp/tmpz2eh12ir']
[2025-10-29T18:07:39.492+0000] {standard_task_runner.py:91} INFO - Job 26: Subtask urlhaus_fetch_normalize_bronze
[2025-10-29T18:07:39.503+0000] {task_command.py:426} INFO - Running <TaskInstance: urlhaus_ingest.urlhaus_fetch_normalize_bronze scheduled__2025-09-06T00:00:00+00:00 [running]> on host 9a4b1d75930e
[2025-10-29T18:07:39.522+0000] {taskinstance.py:2648} INFO - Exporting env vars: AIRFLOW_CTX_DAG_OWNER='you' AIRFLOW_CTX_DAG_ID='urlhaus_ingest' AIRFLOW_CTX_TASK_ID='urlhaus_fetch_normalize_bronze' AIRFLOW_CTX_EXECUTION_DATE='2025-09-06T00:00:00+00:00' AIRFLOW_CTX_TRY_NUMBER='1' AIRFLOW_CTX_DAG_RUN_ID='scheduled__2025-09-06T00:00:00+00:00'
[2025-10-29T18:07:39.522+0000] {taskinstance.py:430} INFO - ::endgroup::
[2025-10-29T18:07:39.682+0000] {logging_mixin.py:188} INFO - [urlhaus_ingest] rows after normalize: 21302
[2025-10-29T18:07:39.693+0000] {logging_mixin.py:188} INFO - [urlhaus] rows after normalize: 21302
[2025-10-29T18:07:39.717+0000] {python.py:237} INFO - Done. Returned value was: None
[2025-10-29T18:07:39.717+0000] {taskinstance.py:441} INFO - ::group::Post task execution logs
[2025-10-29T18:07:39.719+0000] {taskinstance.py:1206} INFO - Marking task as SUCCESS. dag_id=urlhaus_ingest, task_id=urlhaus_fetch_normalize_bronze, run_id=scheduled__2025-09-06T00:00:00+00:00, execution_date=20250906T000000, start_date=20251029T180739, end_date=20251029T180739
[2025-10-29T18:07:39.727+0000] {local_task_job_runner.py:243} INFO - Task exited with return code 0
[2025-10-29T18:07:39.732+0000] {taskinstance.py:3503} INFO - 0 downstream tasks scheduled from follow-on schedule check
[2025-10-29T18:07:39.732+0000] {local_task_job_runner.py:222} INFO - ::endgroup::
