[2025-09-29T05:29:28.240+0000] {local_task_job_runner.py:120} INFO - ::group::Pre task execution logs
[2025-09-29T05:29:28.254+0000] {taskinstance.py:2076} INFO - Dependencies all met for dep_context=non-requeueable deps ti=<TaskInstance: urlhaus_ingest.urlhaus_fetch_normalize_bronze manual__2025-09-29T05:29:23.486155+00:00 [queued]>
[2025-09-29T05:29:28.256+0000] {taskinstance.py:2076} INFO - Dependencies all met for dep_context=requeueable deps ti=<TaskInstance: urlhaus_ingest.urlhaus_fetch_normalize_bronze manual__2025-09-29T05:29:23.486155+00:00 [queued]>
[2025-09-29T05:29:28.256+0000] {taskinstance.py:2306} INFO - Starting attempt 1 of 2
[2025-09-29T05:29:28.263+0000] {taskinstance.py:2330} INFO - Executing <Task(PythonOperator): urlhaus_fetch_normalize_bronze> on 2025-09-29 05:29:23.486155+00:00
[2025-09-29T05:29:28.269+0000] {warnings.py:112} WARNING - /home/airflow/.local/lib/python3.12/site-packages/airflow/task/task_runner/standard_task_runner.py:62: DeprecationWarning: This process (pid=44867) is multi-threaded, use of fork() may lead to deadlocks in the child.
  pid = os.fork()

[2025-09-29T05:29:28.270+0000] {standard_task_runner.py:64} INFO - Started process 44888 to run task
[2025-09-29T05:29:28.270+0000] {standard_task_runner.py:90} INFO - Running: ['airflow', 'tasks', 'run', 'urlhaus_ingest', 'urlhaus_fetch_normalize_bronze', 'manual__2025-09-29T05:29:23.486155+00:00', '--job-id', '57', '--raw', '--subdir', 'DAGS_FOLDER/urlhaus_ingest.py', '--cfg-path', '/tmp/tmpcxaf3sge']
[2025-09-29T05:29:28.270+0000] {standard_task_runner.py:91} INFO - Job 57: Subtask urlhaus_fetch_normalize_bronze
[2025-09-29T05:29:28.298+0000] {task_command.py:426} INFO - Running <TaskInstance: urlhaus_ingest.urlhaus_fetch_normalize_bronze manual__2025-09-29T05:29:23.486155+00:00 [running]> on host 539ffd8f219e
[2025-09-29T05:29:28.324+0000] {taskinstance.py:2648} INFO - Exporting env vars: AIRFLOW_CTX_DAG_OWNER='you' AIRFLOW_CTX_DAG_ID='urlhaus_ingest' AIRFLOW_CTX_TASK_ID='urlhaus_fetch_normalize_bronze' AIRFLOW_CTX_EXECUTION_DATE='2025-09-29T05:29:23.486155+00:00' AIRFLOW_CTX_TRY_NUMBER='1' AIRFLOW_CTX_DAG_RUN_ID='manual__2025-09-29T05:29:23.486155+00:00'
[2025-09-29T05:29:28.324+0000] {taskinstance.py:430} INFO - ::endgroup::
[2025-09-29T05:29:28.902+0000] {logging_mixin.py:188} INFO - [urlhaus_ingest] rows after normalize: 10622
[2025-09-29T05:29:28.909+0000] {logging_mixin.py:188} INFO - [urlhaus] rows after normalize: 10622
[2025-09-29T05:29:29.018+0000] {python.py:237} INFO - Done. Returned value was: None
[2025-09-29T05:29:29.018+0000] {taskinstance.py:441} INFO - ::group::Post task execution logs
[2025-09-29T05:29:29.022+0000] {taskinstance.py:1206} INFO - Marking task as SUCCESS. dag_id=urlhaus_ingest, task_id=urlhaus_fetch_normalize_bronze, run_id=manual__2025-09-29T05:29:23.486155+00:00, execution_date=20250929T052923, start_date=20250929T052928, end_date=20250929T052929
[2025-09-29T05:29:29.071+0000] {local_task_job_runner.py:243} INFO - Task exited with return code 0
[2025-09-29T05:29:29.076+0000] {taskinstance.py:3503} INFO - 0 downstream tasks scheduled from follow-on schedule check
[2025-09-29T05:29:29.077+0000] {local_task_job_runner.py:222} INFO - ::endgroup::
