[2025-10-29T17:19:08.343+0000] {local_task_job_runner.py:120} INFO - ::group::Pre task execution logs
[2025-10-29T17:19:08.350+0000] {taskinstance.py:2076} INFO - Dependencies all met for dep_context=non-requeueable deps ti=<TaskInstance: urlhaus_ingest.urlhaus_fetch_normalize_bronze scheduled__2025-10-27T00:00:00+00:00 [queued]>
[2025-10-29T17:19:08.352+0000] {taskinstance.py:2076} INFO - Dependencies all met for dep_context=requeueable deps ti=<TaskInstance: urlhaus_ingest.urlhaus_fetch_normalize_bronze scheduled__2025-10-27T00:00:00+00:00 [queued]>
[2025-10-29T17:19:08.352+0000] {taskinstance.py:2306} INFO - Starting attempt 1 of 2
[2025-10-29T17:19:08.355+0000] {taskinstance.py:2330} INFO - Executing <Task(PythonOperator): urlhaus_fetch_normalize_bronze> on 2025-10-27 00:00:00+00:00
[2025-10-29T17:19:08.358+0000] {warnings.py:112} WARNING - /home/airflow/.local/lib/python3.12/site-packages/airflow/task/task_runner/standard_task_runner.py:62: DeprecationWarning: This process (pid=3337) is multi-threaded, use of fork() may lead to deadlocks in the child.
  pid = os.fork()

[2025-10-29T17:19:08.358+0000] {standard_task_runner.py:64} INFO - Started process 3358 to run task
[2025-10-29T17:19:08.359+0000] {standard_task_runner.py:90} INFO - Running: ['airflow', 'tasks', 'run', 'urlhaus_ingest', 'urlhaus_fetch_normalize_bronze', 'scheduled__2025-10-27T00:00:00+00:00', '--job-id', '119', '--raw', '--subdir', 'DAGS_FOLDER/urlhaus_ingest.py', '--cfg-path', '/tmp/tmpa2dgu94k']
[2025-10-29T17:19:08.359+0000] {standard_task_runner.py:91} INFO - Job 119: Subtask urlhaus_fetch_normalize_bronze
[2025-10-29T17:19:08.370+0000] {task_command.py:426} INFO - Running <TaskInstance: urlhaus_ingest.urlhaus_fetch_normalize_bronze scheduled__2025-10-27T00:00:00+00:00 [running]> on host 109bbc934e0f
[2025-10-29T17:19:08.391+0000] {taskinstance.py:2648} INFO - Exporting env vars: AIRFLOW_CTX_DAG_OWNER='you' AIRFLOW_CTX_DAG_ID='urlhaus_ingest' AIRFLOW_CTX_TASK_ID='urlhaus_fetch_normalize_bronze' AIRFLOW_CTX_EXECUTION_DATE='2025-10-27T00:00:00+00:00' AIRFLOW_CTX_TRY_NUMBER='1' AIRFLOW_CTX_DAG_RUN_ID='scheduled__2025-10-27T00:00:00+00:00'
[2025-10-29T17:19:08.391+0000] {taskinstance.py:430} INFO - ::endgroup::
[2025-10-29T17:19:08.538+0000] {logging_mixin.py:188} INFO - [urlhaus_ingest] rows after normalize: 21313
[2025-10-29T17:19:08.549+0000] {logging_mixin.py:188} INFO - [urlhaus] rows after normalize: 21313
[2025-10-29T17:19:08.570+0000] {python.py:237} INFO - Done. Returned value was: None
[2025-10-29T17:19:08.570+0000] {taskinstance.py:441} INFO - ::group::Post task execution logs
[2025-10-29T17:19:08.572+0000] {taskinstance.py:1206} INFO - Marking task as SUCCESS. dag_id=urlhaus_ingest, task_id=urlhaus_fetch_normalize_bronze, run_id=scheduled__2025-10-27T00:00:00+00:00, execution_date=20251027T000000, start_date=20251029T171908, end_date=20251029T171908
[2025-10-29T17:19:08.582+0000] {local_task_job_runner.py:243} INFO - Task exited with return code 0
[2025-10-29T17:19:08.586+0000] {taskinstance.py:3503} INFO - 0 downstream tasks scheduled from follow-on schedule check
[2025-10-29T17:19:08.586+0000] {local_task_job_runner.py:222} INFO - ::endgroup::
[2025-10-29T18:17:50.193+0000] {local_task_job_runner.py:120} INFO - ::group::Pre task execution logs
[2025-10-29T18:17:50.201+0000] {taskinstance.py:2076} INFO - Dependencies all met for dep_context=non-requeueable deps ti=<TaskInstance: urlhaus_ingest.urlhaus_fetch_normalize_bronze scheduled__2025-10-27T00:00:00+00:00 [queued]>
[2025-10-29T18:17:50.203+0000] {taskinstance.py:2076} INFO - Dependencies all met for dep_context=requeueable deps ti=<TaskInstance: urlhaus_ingest.urlhaus_fetch_normalize_bronze scheduled__2025-10-27T00:00:00+00:00 [queued]>
[2025-10-29T18:17:50.203+0000] {taskinstance.py:2306} INFO - Starting attempt 1 of 2
[2025-10-29T18:17:50.207+0000] {taskinstance.py:2330} INFO - Executing <Task(PythonOperator): urlhaus_fetch_normalize_bronze> on 2025-10-27 00:00:00+00:00
[2025-10-29T18:17:50.210+0000] {warnings.py:112} WARNING - /home/airflow/.local/lib/python3.12/site-packages/airflow/task/task_runner/standard_task_runner.py:62: DeprecationWarning: This process (pid=7119) is multi-threaded, use of fork() may lead to deadlocks in the child.
  pid = os.fork()

[2025-10-29T18:17:50.210+0000] {standard_task_runner.py:64} INFO - Started process 7140 to run task
[2025-10-29T18:17:50.211+0000] {standard_task_runner.py:90} INFO - Running: ['airflow', 'tasks', 'run', 'urlhaus_ingest', 'urlhaus_fetch_normalize_bronze', 'scheduled__2025-10-27T00:00:00+00:00', '--job-id', '281', '--raw', '--subdir', 'DAGS_FOLDER/urlhaus_ingest.py', '--cfg-path', '/tmp/tmp4o8f5tbo']
[2025-10-29T18:17:50.211+0000] {standard_task_runner.py:91} INFO - Job 281: Subtask urlhaus_fetch_normalize_bronze
[2025-10-29T18:17:50.222+0000] {task_command.py:426} INFO - Running <TaskInstance: urlhaus_ingest.urlhaus_fetch_normalize_bronze scheduled__2025-10-27T00:00:00+00:00 [running]> on host 9a4b1d75930e
[2025-10-29T18:17:50.243+0000] {taskinstance.py:2648} INFO - Exporting env vars: AIRFLOW_CTX_DAG_OWNER='you' AIRFLOW_CTX_DAG_ID='urlhaus_ingest' AIRFLOW_CTX_TASK_ID='urlhaus_fetch_normalize_bronze' AIRFLOW_CTX_EXECUTION_DATE='2025-10-27T00:00:00+00:00' AIRFLOW_CTX_TRY_NUMBER='1' AIRFLOW_CTX_DAG_RUN_ID='scheduled__2025-10-27T00:00:00+00:00'
[2025-10-29T18:17:50.243+0000] {taskinstance.py:430} INFO - ::endgroup::
[2025-10-29T18:17:50.391+0000] {logging_mixin.py:188} INFO - [urlhaus_ingest] rows after normalize: 21293
[2025-10-29T18:17:50.402+0000] {logging_mixin.py:188} INFO - [urlhaus] rows after normalize: 21293
[2025-10-29T18:17:50.424+0000] {python.py:237} INFO - Done. Returned value was: None
[2025-10-29T18:17:50.424+0000] {taskinstance.py:441} INFO - ::group::Post task execution logs
[2025-10-29T18:17:50.426+0000] {taskinstance.py:1206} INFO - Marking task as SUCCESS. dag_id=urlhaus_ingest, task_id=urlhaus_fetch_normalize_bronze, run_id=scheduled__2025-10-27T00:00:00+00:00, execution_date=20251027T000000, start_date=20251029T181750, end_date=20251029T181750
[2025-10-29T18:17:50.438+0000] {local_task_job_runner.py:243} INFO - Task exited with return code 0
[2025-10-29T18:17:50.442+0000] {taskinstance.py:3503} INFO - 0 downstream tasks scheduled from follow-on schedule check
[2025-10-29T18:17:50.442+0000] {local_task_job_runner.py:222} INFO - ::endgroup::
