[2025-09-29T00:00:13.265+0000] {local_task_job_runner.py:120} INFO - ::group::Pre task execution logs
[2025-09-29T00:00:13.273+0000] {taskinstance.py:2076} INFO - Dependencies all met for dep_context=non-requeueable deps ti=<TaskInstance: urlhaus_ingest.urlhaus_fetch_normalize_bronze scheduled__2025-09-28T00:00:00+00:00 [queued]>
[2025-09-29T00:00:13.275+0000] {taskinstance.py:2076} INFO - Dependencies all met for dep_context=requeueable deps ti=<TaskInstance: urlhaus_ingest.urlhaus_fetch_normalize_bronze scheduled__2025-09-28T00:00:00+00:00 [queued]>
[2025-09-29T00:00:13.275+0000] {taskinstance.py:2306} INFO - Starting attempt 1 of 2
[2025-09-29T00:00:13.280+0000] {taskinstance.py:2330} INFO - Executing <Task(PythonOperator): urlhaus_fetch_normalize_bronze> on 2025-09-28 00:00:00+00:00
[2025-09-29T00:00:13.283+0000] {warnings.py:112} WARNING - /home/airflow/.local/lib/python3.12/site-packages/airflow/task/task_runner/standard_task_runner.py:62: DeprecationWarning: This process (pid=28329) is multi-threaded, use of fork() may lead to deadlocks in the child.
  pid = os.fork()

[2025-09-29T00:00:13.284+0000] {standard_task_runner.py:64} INFO - Started process 28350 to run task
[2025-09-29T00:00:13.284+0000] {standard_task_runner.py:90} INFO - Running: ['airflow', 'tasks', 'run', 'urlhaus_ingest', 'urlhaus_fetch_normalize_bronze', 'scheduled__2025-09-28T00:00:00+00:00', '--job-id', '55', '--raw', '--subdir', 'DAGS_FOLDER/urlhaus_ingest.py', '--cfg-path', '/tmp/tmpv136iw5e']
[2025-09-29T00:00:13.285+0000] {standard_task_runner.py:91} INFO - Job 55: Subtask urlhaus_fetch_normalize_bronze
[2025-09-29T00:00:13.300+0000] {task_command.py:426} INFO - Running <TaskInstance: urlhaus_ingest.urlhaus_fetch_normalize_bronze scheduled__2025-09-28T00:00:00+00:00 [running]> on host 539ffd8f219e
[2025-09-29T00:00:13.331+0000] {taskinstance.py:2648} INFO - Exporting env vars: AIRFLOW_CTX_DAG_OWNER='you' AIRFLOW_CTX_DAG_ID='urlhaus_ingest' AIRFLOW_CTX_TASK_ID='urlhaus_fetch_normalize_bronze' AIRFLOW_CTX_EXECUTION_DATE='2025-09-28T00:00:00+00:00' AIRFLOW_CTX_TRY_NUMBER='1' AIRFLOW_CTX_DAG_RUN_ID='scheduled__2025-09-28T00:00:00+00:00'
[2025-09-29T00:00:13.332+0000] {taskinstance.py:430} INFO - ::endgroup::
[2025-09-29T00:00:13.571+0000] {logging_mixin.py:188} INFO - [urlhaus_ingest] rows after normalize: 10617
[2025-09-29T00:00:13.579+0000] {logging_mixin.py:188} INFO - [urlhaus] rows after normalize: 10617
[2025-09-29T00:00:13.600+0000] {python.py:237} INFO - Done. Returned value was: None
[2025-09-29T00:00:13.600+0000] {taskinstance.py:441} INFO - ::group::Post task execution logs
[2025-09-29T00:00:13.602+0000] {taskinstance.py:1206} INFO - Marking task as SUCCESS. dag_id=urlhaus_ingest, task_id=urlhaus_fetch_normalize_bronze, run_id=scheduled__2025-09-28T00:00:00+00:00, execution_date=20250928T000000, start_date=20250929T000013, end_date=20250929T000013
[2025-09-29T00:00:13.632+0000] {local_task_job_runner.py:243} INFO - Task exited with return code 0
[2025-09-29T00:00:13.641+0000] {taskinstance.py:3503} INFO - 0 downstream tasks scheduled from follow-on schedule check
[2025-09-29T00:00:13.641+0000] {local_task_job_runner.py:222} INFO - ::endgroup::
[2025-10-29T17:15:48.345+0000] {local_task_job_runner.py:120} INFO - ::group::Pre task execution logs
[2025-10-29T17:15:48.356+0000] {taskinstance.py:2076} INFO - Dependencies all met for dep_context=non-requeueable deps ti=<TaskInstance: urlhaus_ingest.urlhaus_fetch_normalize_bronze scheduled__2025-09-28T00:00:00+00:00 [queued]>
[2025-10-29T17:15:48.358+0000] {taskinstance.py:2076} INFO - Dependencies all met for dep_context=requeueable deps ti=<TaskInstance: urlhaus_ingest.urlhaus_fetch_normalize_bronze scheduled__2025-09-28T00:00:00+00:00 [queued]>
[2025-10-29T17:15:48.359+0000] {taskinstance.py:2306} INFO - Starting attempt 1 of 2
[2025-10-29T17:15:48.365+0000] {taskinstance.py:2330} INFO - Executing <Task(PythonOperator): urlhaus_fetch_normalize_bronze> on 2025-09-28 00:00:00+00:00
[2025-10-29T17:15:48.370+0000] {warnings.py:112} WARNING - /home/airflow/.local/lib/python3.12/site-packages/airflow/task/task_runner/standard_task_runner.py:62: DeprecationWarning: This process (pid=1844) is multi-threaded, use of fork() may lead to deadlocks in the child.
  pid = os.fork()

[2025-10-29T17:15:48.371+0000] {standard_task_runner.py:64} INFO - Started process 1865 to run task
[2025-10-29T17:15:48.372+0000] {standard_task_runner.py:90} INFO - Running: ['airflow', 'tasks', 'run', 'urlhaus_ingest', 'urlhaus_fetch_normalize_bronze', 'scheduled__2025-09-28T00:00:00+00:00', '--job-id', '65', '--raw', '--subdir', 'DAGS_FOLDER/urlhaus_ingest.py', '--cfg-path', '/tmp/tmp3_89so0d']
[2025-10-29T17:15:48.372+0000] {standard_task_runner.py:91} INFO - Job 65: Subtask urlhaus_fetch_normalize_bronze
[2025-10-29T17:15:48.391+0000] {task_command.py:426} INFO - Running <TaskInstance: urlhaus_ingest.urlhaus_fetch_normalize_bronze scheduled__2025-09-28T00:00:00+00:00 [running]> on host 109bbc934e0f
[2025-10-29T17:15:48.424+0000] {taskinstance.py:2648} INFO - Exporting env vars: AIRFLOW_CTX_DAG_OWNER='you' AIRFLOW_CTX_DAG_ID='urlhaus_ingest' AIRFLOW_CTX_TASK_ID='urlhaus_fetch_normalize_bronze' AIRFLOW_CTX_EXECUTION_DATE='2025-09-28T00:00:00+00:00' AIRFLOW_CTX_TRY_NUMBER='1' AIRFLOW_CTX_DAG_RUN_ID='scheduled__2025-09-28T00:00:00+00:00'
[2025-10-29T17:15:48.424+0000] {taskinstance.py:430} INFO - ::endgroup::
[2025-10-29T17:15:48.747+0000] {logging_mixin.py:188} INFO - [urlhaus_ingest] rows after normalize: 21313
[2025-10-29T17:15:48.761+0000] {logging_mixin.py:188} INFO - [urlhaus] rows after normalize: 21313
[2025-10-29T17:15:48.790+0000] {python.py:237} INFO - Done. Returned value was: None
[2025-10-29T17:15:48.790+0000] {taskinstance.py:441} INFO - ::group::Post task execution logs
[2025-10-29T17:15:48.793+0000] {taskinstance.py:1206} INFO - Marking task as SUCCESS. dag_id=urlhaus_ingest, task_id=urlhaus_fetch_normalize_bronze, run_id=scheduled__2025-09-28T00:00:00+00:00, execution_date=20250928T000000, start_date=20251029T171548, end_date=20251029T171548
[2025-10-29T17:15:48.815+0000] {local_task_job_runner.py:243} INFO - Task exited with return code 0
[2025-10-29T17:15:48.821+0000] {taskinstance.py:3503} INFO - 0 downstream tasks scheduled from follow-on schedule check
[2025-10-29T17:15:48.822+0000] {local_task_job_runner.py:222} INFO - ::endgroup::
[2025-10-29T18:12:01.024+0000] {local_task_job_runner.py:120} INFO - ::group::Pre task execution logs
[2025-10-29T18:12:01.031+0000] {taskinstance.py:2076} INFO - Dependencies all met for dep_context=non-requeueable deps ti=<TaskInstance: urlhaus_ingest.urlhaus_fetch_normalize_bronze scheduled__2025-09-28T00:00:00+00:00 [queued]>
[2025-10-29T18:12:01.033+0000] {taskinstance.py:2076} INFO - Dependencies all met for dep_context=requeueable deps ti=<TaskInstance: urlhaus_ingest.urlhaus_fetch_normalize_bronze scheduled__2025-09-28T00:00:00+00:00 [queued]>
[2025-10-29T18:12:01.033+0000] {taskinstance.py:2306} INFO - Starting attempt 1 of 2
[2025-10-29T18:12:01.037+0000] {taskinstance.py:2330} INFO - Executing <Task(PythonOperator): urlhaus_fetch_normalize_bronze> on 2025-09-28 00:00:00+00:00
[2025-10-29T18:12:01.040+0000] {warnings.py:112} WARNING - /home/airflow/.local/lib/python3.12/site-packages/airflow/task/task_runner/standard_task_runner.py:62: DeprecationWarning: This process (pid=3534) is multi-threaded, use of fork() may lead to deadlocks in the child.
  pid = os.fork()

[2025-10-29T18:12:01.040+0000] {standard_task_runner.py:64} INFO - Started process 3555 to run task
[2025-10-29T18:12:01.041+0000] {standard_task_runner.py:90} INFO - Running: ['airflow', 'tasks', 'run', 'urlhaus_ingest', 'urlhaus_fetch_normalize_bronze', 'scheduled__2025-09-28T00:00:00+00:00', '--job-id', '136', '--raw', '--subdir', 'DAGS_FOLDER/urlhaus_ingest.py', '--cfg-path', '/tmp/tmp2w4xuopf']
[2025-10-29T18:12:01.041+0000] {standard_task_runner.py:91} INFO - Job 136: Subtask urlhaus_fetch_normalize_bronze
[2025-10-29T18:12:01.054+0000] {task_command.py:426} INFO - Running <TaskInstance: urlhaus_ingest.urlhaus_fetch_normalize_bronze scheduled__2025-09-28T00:00:00+00:00 [running]> on host 9a4b1d75930e
[2025-10-29T18:12:01.076+0000] {taskinstance.py:2648} INFO - Exporting env vars: AIRFLOW_CTX_DAG_OWNER='you' AIRFLOW_CTX_DAG_ID='urlhaus_ingest' AIRFLOW_CTX_TASK_ID='urlhaus_fetch_normalize_bronze' AIRFLOW_CTX_EXECUTION_DATE='2025-09-28T00:00:00+00:00' AIRFLOW_CTX_TRY_NUMBER='1' AIRFLOW_CTX_DAG_RUN_ID='scheduled__2025-09-28T00:00:00+00:00'
[2025-10-29T18:12:01.076+0000] {taskinstance.py:430} INFO - ::endgroup::
[2025-10-29T18:12:01.331+0000] {logging_mixin.py:188} INFO - [urlhaus_ingest] rows after normalize: 21301
[2025-10-29T18:12:01.345+0000] {logging_mixin.py:188} INFO - [urlhaus] rows after normalize: 21301
[2025-10-29T18:12:01.375+0000] {python.py:237} INFO - Done. Returned value was: None
[2025-10-29T18:12:01.375+0000] {taskinstance.py:441} INFO - ::group::Post task execution logs
[2025-10-29T18:12:01.378+0000] {taskinstance.py:1206} INFO - Marking task as SUCCESS. dag_id=urlhaus_ingest, task_id=urlhaus_fetch_normalize_bronze, run_id=scheduled__2025-09-28T00:00:00+00:00, execution_date=20250928T000000, start_date=20251029T181201, end_date=20251029T181201
[2025-10-29T18:12:01.405+0000] {local_task_job_runner.py:243} INFO - Task exited with return code 0
[2025-10-29T18:12:01.411+0000] {taskinstance.py:3503} INFO - 0 downstream tasks scheduled from follow-on schedule check
[2025-10-29T18:12:01.412+0000] {local_task_job_runner.py:222} INFO - ::endgroup::
