[2025-09-26T00:10:04.238+0000] {local_task_job_runner.py:120} INFO - ::group::Pre task execution logs
[2025-09-26T00:10:04.247+0000] {taskinstance.py:2076} INFO - Dependencies all met for dep_context=non-requeueable deps ti=<TaskInstance: labels_union.build_union scheduled__2025-09-25T00:00:00+00:00 [queued]>
[2025-09-26T00:10:04.249+0000] {taskinstance.py:2076} INFO - Dependencies all met for dep_context=requeueable deps ti=<TaskInstance: labels_union.build_union scheduled__2025-09-25T00:00:00+00:00 [queued]>
[2025-09-26T00:10:04.249+0000] {taskinstance.py:2306} INFO - Starting attempt 1 of 1
[2025-09-26T00:10:04.255+0000] {taskinstance.py:2330} INFO - Executing <Task(PythonOperator): build_union> on 2025-09-25 00:00:00+00:00
[2025-09-26T00:10:04.258+0000] {standard_task_runner.py:90} INFO - Running: ['airflow', 'tasks', 'run', 'labels_union', 'build_union', 'scheduled__2025-09-25T00:00:00+00:00', '--job-id', '36', '--raw', '--subdir', 'DAGS_FOLDER/labels_union.py', '--cfg-path', '/tmp/tmp44ap81t1']
[2025-09-26T00:10:04.259+0000] {standard_task_runner.py:91} INFO - Job 36: Subtask build_union
[2025-09-26T00:10:04.259+0000] {logging_mixin.py:188} WARNING - /home/airflow/.local/lib/python3.12/site-packages/airflow/task/task_runner/standard_task_runner.py:62 DeprecationWarning: This process (pid=71465) is multi-threaded, use of fork() may lead to deadlocks in the child.
[2025-09-26T00:10:04.262+0000] {standard_task_runner.py:64} INFO - Started process 71476 to run task
[2025-09-26T00:10:04.272+0000] {task_command.py:426} INFO - Running <TaskInstance: labels_union.build_union scheduled__2025-09-25T00:00:00+00:00 [running]> on host 539ffd8f219e
[2025-09-26T00:10:04.293+0000] {taskinstance.py:2648} INFO - Exporting env vars: AIRFLOW_CTX_DAG_OWNER='you' AIRFLOW_CTX_DAG_ID='labels_union' AIRFLOW_CTX_TASK_ID='build_union' AIRFLOW_CTX_EXECUTION_DATE='2025-09-25T00:00:00+00:00' AIRFLOW_CTX_TRY_NUMBER='1' AIRFLOW_CTX_DAG_RUN_ID='scheduled__2025-09-25T00:00:00+00:00'
[2025-09-26T00:10:04.294+0000] {taskinstance.py:430} INFO - ::endgroup::
[2025-09-26T00:10:04.326+0000] {logging_mixin.py:188} INFO - [labels_union] wrote 4535 rows -> /opt/airflow/silver/labels_union/ingest_date=2025-09-25
[2025-09-26T00:10:04.327+0000] {python.py:237} INFO - Done. Returned value was: None
[2025-09-26T00:10:04.327+0000] {taskinstance.py:441} INFO - ::group::Post task execution logs
[2025-09-26T00:10:04.328+0000] {taskinstance.py:1206} INFO - Marking task as SUCCESS. dag_id=labels_union, task_id=build_union, run_id=scheduled__2025-09-25T00:00:00+00:00, execution_date=20250925T000000, start_date=20250926T001004, end_date=20250926T001004
[2025-09-26T00:10:04.363+0000] {local_task_job_runner.py:243} INFO - Task exited with return code 0
[2025-09-26T00:10:04.368+0000] {taskinstance.py:3503} INFO - 0 downstream tasks scheduled from follow-on schedule check
[2025-09-26T00:10:04.368+0000] {local_task_job_runner.py:222} INFO - ::endgroup::
[2025-10-29T18:11:51.012+0000] {local_task_job_runner.py:120} INFO - ::group::Pre task execution logs
[2025-10-29T18:11:51.021+0000] {taskinstance.py:2076} INFO - Dependencies all met for dep_context=non-requeueable deps ti=<TaskInstance: labels_union.build_union scheduled__2025-09-25T00:00:00+00:00 [queued]>
[2025-10-29T18:11:51.023+0000] {taskinstance.py:2076} INFO - Dependencies all met for dep_context=requeueable deps ti=<TaskInstance: labels_union.build_union scheduled__2025-09-25T00:00:00+00:00 [queued]>
[2025-10-29T18:11:51.023+0000] {taskinstance.py:2306} INFO - Starting attempt 1 of 1
[2025-10-29T18:11:51.027+0000] {taskinstance.py:2330} INFO - Executing <Task(PythonOperator): build_union> on 2025-09-25 00:00:00+00:00
[2025-10-29T18:11:51.030+0000] {standard_task_runner.py:90} INFO - Running: ['airflow', 'tasks', 'run', 'labels_union', 'build_union', 'scheduled__2025-09-25T00:00:00+00:00', '--job-id', '132', '--raw', '--subdir', 'DAGS_FOLDER/labels_union.py', '--cfg-path', '/tmp/tmp1h02tale']
[2025-10-29T18:11:51.031+0000] {standard_task_runner.py:91} INFO - Job 132: Subtask build_union
[2025-10-29T18:11:51.031+0000] {logging_mixin.py:188} WARNING - /home/airflow/.local/lib/python3.12/site-packages/airflow/task/task_runner/standard_task_runner.py:62 DeprecationWarning: This process (pid=3435) is multi-threaded, use of fork() may lead to deadlocks in the child.
[2025-10-29T18:11:51.034+0000] {standard_task_runner.py:64} INFO - Started process 3446 to run task
[2025-10-29T18:11:51.044+0000] {task_command.py:426} INFO - Running <TaskInstance: labels_union.build_union scheduled__2025-09-25T00:00:00+00:00 [running]> on host 9a4b1d75930e
[2025-10-29T18:11:51.063+0000] {taskinstance.py:2648} INFO - Exporting env vars: AIRFLOW_CTX_DAG_OWNER='you' AIRFLOW_CTX_DAG_ID='labels_union' AIRFLOW_CTX_TASK_ID='build_union' AIRFLOW_CTX_EXECUTION_DATE='2025-09-25T00:00:00+00:00' AIRFLOW_CTX_TRY_NUMBER='1' AIRFLOW_CTX_DAG_RUN_ID='scheduled__2025-09-25T00:00:00+00:00'
[2025-10-29T18:11:51.064+0000] {taskinstance.py:430} INFO - ::endgroup::
[2025-10-29T18:11:51.091+0000] {logging_mixin.py:188} INFO - [labels_union] 2025-09-25: wrote 3114 rows -> /opt/airflow/silver/labels_union/ingest_date=2025-09-25
[2025-10-29T18:11:51.091+0000] {python.py:237} INFO - Done. Returned value was: None
[2025-10-29T18:11:51.091+0000] {taskinstance.py:441} INFO - ::group::Post task execution logs
[2025-10-29T18:11:51.093+0000] {taskinstance.py:1206} INFO - Marking task as SUCCESS. dag_id=labels_union, task_id=build_union, run_id=scheduled__2025-09-25T00:00:00+00:00, execution_date=20250925T000000, start_date=20251029T181151, end_date=20251029T181151
[2025-10-29T18:11:51.138+0000] {local_task_job_runner.py:243} INFO - Task exited with return code 0
[2025-10-29T18:11:51.142+0000] {taskinstance.py:3503} INFO - 0 downstream tasks scheduled from follow-on schedule check
[2025-10-29T18:11:51.142+0000] {local_task_job_runner.py:222} INFO - ::endgroup::
