[2025-10-29T17:19:04.408+0000] {local_task_job_runner.py:120} INFO - ::group::Pre task execution logs
[2025-10-29T17:19:04.415+0000] {taskinstance.py:2076} INFO - Dependencies all met for dep_context=non-requeueable deps ti=<TaskInstance: urlhaus_ingest.urlhaus_fetch_normalize_bronze scheduled__2025-10-26T00:00:00+00:00 [queued]>
[2025-10-29T17:19:04.417+0000] {taskinstance.py:2076} INFO - Dependencies all met for dep_context=requeueable deps ti=<TaskInstance: urlhaus_ingest.urlhaus_fetch_normalize_bronze scheduled__2025-10-26T00:00:00+00:00 [queued]>
[2025-10-29T17:19:04.417+0000] {taskinstance.py:2306} INFO - Starting attempt 1 of 2
[2025-10-29T17:19:04.420+0000] {taskinstance.py:2330} INFO - Executing <Task(PythonOperator): urlhaus_fetch_normalize_bronze> on 2025-10-26 00:00:00+00:00
[2025-10-29T17:19:04.430+0000] {warnings.py:112} WARNING - /home/airflow/.local/lib/python3.12/site-packages/airflow/task/task_runner/standard_task_runner.py:62: DeprecationWarning: This process (pid=3310) is multi-threaded, use of fork() may lead to deadlocks in the child.
  pid = os.fork()

[2025-10-29T17:19:04.430+0000] {standard_task_runner.py:64} INFO - Started process 3331 to run task
[2025-10-29T17:19:04.430+0000] {standard_task_runner.py:90} INFO - Running: ['airflow', 'tasks', 'run', 'urlhaus_ingest', 'urlhaus_fetch_normalize_bronze', 'scheduled__2025-10-26T00:00:00+00:00', '--job-id', '118', '--raw', '--subdir', 'DAGS_FOLDER/urlhaus_ingest.py', '--cfg-path', '/tmp/tmpya35wt5r']
[2025-10-29T17:19:04.431+0000] {standard_task_runner.py:91} INFO - Job 118: Subtask urlhaus_fetch_normalize_bronze
[2025-10-29T17:19:04.442+0000] {task_command.py:426} INFO - Running <TaskInstance: urlhaus_ingest.urlhaus_fetch_normalize_bronze scheduled__2025-10-26T00:00:00+00:00 [running]> on host 109bbc934e0f
[2025-10-29T17:19:04.462+0000] {taskinstance.py:2648} INFO - Exporting env vars: AIRFLOW_CTX_DAG_OWNER='you' AIRFLOW_CTX_DAG_ID='urlhaus_ingest' AIRFLOW_CTX_TASK_ID='urlhaus_fetch_normalize_bronze' AIRFLOW_CTX_EXECUTION_DATE='2025-10-26T00:00:00+00:00' AIRFLOW_CTX_TRY_NUMBER='1' AIRFLOW_CTX_DAG_RUN_ID='scheduled__2025-10-26T00:00:00+00:00'
[2025-10-29T17:19:04.463+0000] {taskinstance.py:430} INFO - ::endgroup::
[2025-10-29T17:19:04.607+0000] {logging_mixin.py:188} INFO - [urlhaus_ingest] rows after normalize: 21313
[2025-10-29T17:19:04.618+0000] {logging_mixin.py:188} INFO - [urlhaus] rows after normalize: 21313
[2025-10-29T17:19:04.639+0000] {python.py:237} INFO - Done. Returned value was: None
[2025-10-29T17:19:04.639+0000] {taskinstance.py:441} INFO - ::group::Post task execution logs
[2025-10-29T17:19:04.641+0000] {taskinstance.py:1206} INFO - Marking task as SUCCESS. dag_id=urlhaus_ingest, task_id=urlhaus_fetch_normalize_bronze, run_id=scheduled__2025-10-26T00:00:00+00:00, execution_date=20251026T000000, start_date=20251029T171904, end_date=20251029T171904
[2025-10-29T17:19:04.655+0000] {local_task_job_runner.py:243} INFO - Task exited with return code 0
[2025-10-29T17:19:04.659+0000] {taskinstance.py:3503} INFO - 0 downstream tasks scheduled from follow-on schedule check
[2025-10-29T17:19:04.659+0000] {local_task_job_runner.py:222} INFO - ::endgroup::
[2025-10-29T18:17:38.837+0000] {local_task_job_runner.py:120} INFO - ::group::Pre task execution logs
[2025-10-29T18:17:38.846+0000] {taskinstance.py:2076} INFO - Dependencies all met for dep_context=non-requeueable deps ti=<TaskInstance: urlhaus_ingest.urlhaus_fetch_normalize_bronze scheduled__2025-10-26T00:00:00+00:00 [queued]>
[2025-10-29T18:17:38.848+0000] {taskinstance.py:2076} INFO - Dependencies all met for dep_context=requeueable deps ti=<TaskInstance: urlhaus_ingest.urlhaus_fetch_normalize_bronze scheduled__2025-10-26T00:00:00+00:00 [queued]>
[2025-10-29T18:17:38.848+0000] {taskinstance.py:2306} INFO - Starting attempt 1 of 2
[2025-10-29T18:17:38.852+0000] {taskinstance.py:2330} INFO - Executing <Task(PythonOperator): urlhaus_fetch_normalize_bronze> on 2025-10-26 00:00:00+00:00
[2025-10-29T18:17:38.855+0000] {warnings.py:112} WARNING - /home/airflow/.local/lib/python3.12/site-packages/airflow/task/task_runner/standard_task_runner.py:62: DeprecationWarning: This process (pid=7003) is multi-threaded, use of fork() may lead to deadlocks in the child.
  pid = os.fork()

[2025-10-29T18:17:38.855+0000] {standard_task_runner.py:64} INFO - Started process 7024 to run task
[2025-10-29T18:17:38.856+0000] {standard_task_runner.py:90} INFO - Running: ['airflow', 'tasks', 'run', 'urlhaus_ingest', 'urlhaus_fetch_normalize_bronze', 'scheduled__2025-10-26T00:00:00+00:00', '--job-id', '276', '--raw', '--subdir', 'DAGS_FOLDER/urlhaus_ingest.py', '--cfg-path', '/tmp/tmp8f004qg_']
[2025-10-29T18:17:38.856+0000] {standard_task_runner.py:91} INFO - Job 276: Subtask urlhaus_fetch_normalize_bronze
[2025-10-29T18:17:38.869+0000] {task_command.py:426} INFO - Running <TaskInstance: urlhaus_ingest.urlhaus_fetch_normalize_bronze scheduled__2025-10-26T00:00:00+00:00 [running]> on host 9a4b1d75930e
[2025-10-29T18:17:38.891+0000] {taskinstance.py:2648} INFO - Exporting env vars: AIRFLOW_CTX_DAG_OWNER='you' AIRFLOW_CTX_DAG_ID='urlhaus_ingest' AIRFLOW_CTX_TASK_ID='urlhaus_fetch_normalize_bronze' AIRFLOW_CTX_EXECUTION_DATE='2025-10-26T00:00:00+00:00' AIRFLOW_CTX_TRY_NUMBER='1' AIRFLOW_CTX_DAG_RUN_ID='scheduled__2025-10-26T00:00:00+00:00'
[2025-10-29T18:17:38.891+0000] {taskinstance.py:430} INFO - ::endgroup::
[2025-10-29T18:17:39.044+0000] {logging_mixin.py:188} INFO - [urlhaus_ingest] rows after normalize: 21293
[2025-10-29T18:17:39.055+0000] {logging_mixin.py:188} INFO - [urlhaus] rows after normalize: 21293
[2025-10-29T18:17:39.078+0000] {python.py:237} INFO - Done. Returned value was: None
[2025-10-29T18:17:39.078+0000] {taskinstance.py:441} INFO - ::group::Post task execution logs
[2025-10-29T18:17:39.079+0000] {taskinstance.py:1206} INFO - Marking task as SUCCESS. dag_id=urlhaus_ingest, task_id=urlhaus_fetch_normalize_bronze, run_id=scheduled__2025-10-26T00:00:00+00:00, execution_date=20251026T000000, start_date=20251029T181738, end_date=20251029T181739
[2025-10-29T18:17:39.128+0000] {local_task_job_runner.py:243} INFO - Task exited with return code 0
[2025-10-29T18:17:39.132+0000] {taskinstance.py:3503} INFO - 0 downstream tasks scheduled from follow-on schedule check
[2025-10-29T18:17:39.132+0000] {local_task_job_runner.py:222} INFO - ::endgroup::
