[2025-11-08T23:47:18.816+0000] {processor.py:161} INFO - Started process (PID=72399) to work on /opt/airflow/dags/pipeline_orchestrator.py
[2025-11-08T23:47:18.817+0000] {processor.py:830} INFO - Processing file /opt/airflow/dags/pipeline_orchestrator.py for tasks to queue
[2025-11-08T23:47:18.817+0000] {logging_mixin.py:188} INFO - [2025-11-08T23:47:18.817+0000] {dagbag.py:545} INFO - Filling up the DagBag from /opt/airflow/dags/pipeline_orchestrator.py
[2025-11-08T23:47:18.823+0000] {processor.py:840} INFO - DAG(s) 'pipeline_orchestrator' retrieved from /opt/airflow/dags/pipeline_orchestrator.py
[2025-11-08T23:47:18.888+0000] {logging_mixin.py:188} INFO - [2025-11-08T23:47:18.888+0000] {override.py:1858} INFO - Created Permission View: can edit on DAG:pipeline_orchestrator
[2025-11-08T23:47:18.892+0000] {logging_mixin.py:188} INFO - [2025-11-08T23:47:18.892+0000] {override.py:1858} INFO - Created Permission View: can delete on DAG:pipeline_orchestrator
[2025-11-08T23:47:18.895+0000] {logging_mixin.py:188} INFO - [2025-11-08T23:47:18.895+0000] {override.py:1858} INFO - Created Permission View: can read on DAG:pipeline_orchestrator
[2025-11-08T23:47:18.895+0000] {logging_mixin.py:188} INFO - [2025-11-08T23:47:18.895+0000] {dag.py:3089} INFO - Sync 1 DAGs
[2025-11-08T23:47:18.898+0000] {logging_mixin.py:188} INFO - [2025-11-08T23:47:18.898+0000] {dag.py:3111} INFO - Creating ORM DAG for pipeline_orchestrator
[2025-11-08T23:47:18.900+0000] {logging_mixin.py:188} INFO - [2025-11-08T23:47:18.900+0000] {dag.py:3947} INFO - Setting next_dagrun for pipeline_orchestrator to 2025-11-07 00:00:00+00:00, run_after=2025-11-08 00:00:00+00:00
[2025-11-08T23:47:18.906+0000] {processor.py:183} INFO - Processing /opt/airflow/dags/pipeline_orchestrator.py took 0.094 seconds
[2025-11-08T23:47:50.351+0000] {processor.py:161} INFO - Started process (PID=72439) to work on /opt/airflow/dags/pipeline_orchestrator.py
[2025-11-08T23:47:50.352+0000] {processor.py:830} INFO - Processing file /opt/airflow/dags/pipeline_orchestrator.py for tasks to queue
[2025-11-08T23:47:50.352+0000] {logging_mixin.py:188} INFO - [2025-11-08T23:47:50.352+0000] {dagbag.py:545} INFO - Filling up the DagBag from /opt/airflow/dags/pipeline_orchestrator.py
[2025-11-08T23:47:50.360+0000] {processor.py:840} INFO - DAG(s) 'pipeline_orchestrator' retrieved from /opt/airflow/dags/pipeline_orchestrator.py
[2025-11-08T23:47:50.373+0000] {logging_mixin.py:188} INFO - [2025-11-08T23:47:50.373+0000] {dag.py:3089} INFO - Sync 1 DAGs
[2025-11-08T23:47:50.380+0000] {logging_mixin.py:188} INFO - [2025-11-08T23:47:50.380+0000] {dag.py:3947} INFO - Setting next_dagrun for pipeline_orchestrator to 2025-11-07 00:00:00+00:00, run_after=2025-11-08 00:00:00+00:00
[2025-11-08T23:47:50.388+0000] {processor.py:183} INFO - Processing /opt/airflow/dags/pipeline_orchestrator.py took 0.042 seconds
[2025-11-08T23:48:21.916+0000] {processor.py:161} INFO - Started process (PID=72479) to work on /opt/airflow/dags/pipeline_orchestrator.py
[2025-11-08T23:48:21.917+0000] {processor.py:830} INFO - Processing file /opt/airflow/dags/pipeline_orchestrator.py for tasks to queue
[2025-11-08T23:48:21.918+0000] {logging_mixin.py:188} INFO - [2025-11-08T23:48:21.917+0000] {dagbag.py:545} INFO - Filling up the DagBag from /opt/airflow/dags/pipeline_orchestrator.py
[2025-11-08T23:48:21.926+0000] {processor.py:840} INFO - DAG(s) 'pipeline_orchestrator' retrieved from /opt/airflow/dags/pipeline_orchestrator.py
[2025-11-08T23:48:21.939+0000] {logging_mixin.py:188} INFO - [2025-11-08T23:48:21.939+0000] {dag.py:3089} INFO - Sync 1 DAGs
[2025-11-08T23:48:21.946+0000] {logging_mixin.py:188} INFO - [2025-11-08T23:48:21.946+0000] {dag.py:3947} INFO - Setting next_dagrun for pipeline_orchestrator to 2025-11-07 00:00:00+00:00, run_after=2025-11-08 00:00:00+00:00
[2025-11-08T23:48:21.953+0000] {processor.py:183} INFO - Processing /opt/airflow/dags/pipeline_orchestrator.py took 0.043 seconds
[2025-11-08T23:48:53.469+0000] {processor.py:161} INFO - Started process (PID=72519) to work on /opt/airflow/dags/pipeline_orchestrator.py
[2025-11-08T23:48:53.469+0000] {processor.py:830} INFO - Processing file /opt/airflow/dags/pipeline_orchestrator.py for tasks to queue
[2025-11-08T23:48:53.470+0000] {logging_mixin.py:188} INFO - [2025-11-08T23:48:53.470+0000] {dagbag.py:545} INFO - Filling up the DagBag from /opt/airflow/dags/pipeline_orchestrator.py
[2025-11-08T23:48:53.476+0000] {processor.py:840} INFO - DAG(s) 'pipeline_orchestrator' retrieved from /opt/airflow/dags/pipeline_orchestrator.py
[2025-11-08T23:48:53.487+0000] {logging_mixin.py:188} INFO - [2025-11-08T23:48:53.487+0000] {dag.py:3089} INFO - Sync 1 DAGs
[2025-11-08T23:48:53.492+0000] {logging_mixin.py:188} INFO - [2025-11-08T23:48:53.492+0000] {dag.py:3947} INFO - Setting next_dagrun for pipeline_orchestrator to 2025-11-07 00:00:00+00:00, run_after=2025-11-08 00:00:00+00:00
[2025-11-08T23:48:53.499+0000] {processor.py:183} INFO - Processing /opt/airflow/dags/pipeline_orchestrator.py took 0.035 seconds
[2025-11-08T23:49:25.037+0000] {processor.py:161} INFO - Started process (PID=72559) to work on /opt/airflow/dags/pipeline_orchestrator.py
[2025-11-08T23:49:25.038+0000] {processor.py:830} INFO - Processing file /opt/airflow/dags/pipeline_orchestrator.py for tasks to queue
[2025-11-08T23:49:25.038+0000] {logging_mixin.py:188} INFO - [2025-11-08T23:49:25.038+0000] {dagbag.py:545} INFO - Filling up the DagBag from /opt/airflow/dags/pipeline_orchestrator.py
[2025-11-08T23:49:25.045+0000] {processor.py:840} INFO - DAG(s) 'pipeline_orchestrator' retrieved from /opt/airflow/dags/pipeline_orchestrator.py
[2025-11-08T23:49:25.057+0000] {logging_mixin.py:188} INFO - [2025-11-08T23:49:25.057+0000] {dag.py:3089} INFO - Sync 1 DAGs
[2025-11-08T23:49:25.064+0000] {logging_mixin.py:188} INFO - [2025-11-08T23:49:25.064+0000] {dag.py:3947} INFO - Setting next_dagrun for pipeline_orchestrator to 2025-11-07 00:00:00+00:00, run_after=2025-11-08 00:00:00+00:00
[2025-11-08T23:49:25.071+0000] {processor.py:183} INFO - Processing /opt/airflow/dags/pipeline_orchestrator.py took 0.039 seconds
[2025-11-08T23:49:56.642+0000] {processor.py:161} INFO - Started process (PID=72599) to work on /opt/airflow/dags/pipeline_orchestrator.py
[2025-11-08T23:49:56.643+0000] {processor.py:830} INFO - Processing file /opt/airflow/dags/pipeline_orchestrator.py for tasks to queue
[2025-11-08T23:49:56.644+0000] {logging_mixin.py:188} INFO - [2025-11-08T23:49:56.644+0000] {dagbag.py:545} INFO - Filling up the DagBag from /opt/airflow/dags/pipeline_orchestrator.py
[2025-11-08T23:49:56.651+0000] {processor.py:840} INFO - DAG(s) 'pipeline_orchestrator' retrieved from /opt/airflow/dags/pipeline_orchestrator.py
[2025-11-08T23:49:56.663+0000] {logging_mixin.py:188} INFO - [2025-11-08T23:49:56.663+0000] {dag.py:3089} INFO - Sync 1 DAGs
[2025-11-08T23:49:56.671+0000] {logging_mixin.py:188} INFO - [2025-11-08T23:49:56.671+0000] {dag.py:3947} INFO - Setting next_dagrun for pipeline_orchestrator to 2025-11-07 00:00:00+00:00, run_after=2025-11-08 00:00:00+00:00
[2025-11-08T23:49:56.678+0000] {processor.py:183} INFO - Processing /opt/airflow/dags/pipeline_orchestrator.py took 0.041 seconds
[2025-11-08T23:50:28.232+0000] {processor.py:161} INFO - Started process (PID=72639) to work on /opt/airflow/dags/pipeline_orchestrator.py
[2025-11-08T23:50:28.233+0000] {processor.py:830} INFO - Processing file /opt/airflow/dags/pipeline_orchestrator.py for tasks to queue
[2025-11-08T23:50:28.233+0000] {logging_mixin.py:188} INFO - [2025-11-08T23:50:28.233+0000] {dagbag.py:545} INFO - Filling up the DagBag from /opt/airflow/dags/pipeline_orchestrator.py
[2025-11-08T23:50:28.240+0000] {processor.py:840} INFO - DAG(s) 'pipeline_orchestrator' retrieved from /opt/airflow/dags/pipeline_orchestrator.py
[2025-11-08T23:50:28.252+0000] {logging_mixin.py:188} INFO - [2025-11-08T23:50:28.252+0000] {dag.py:3089} INFO - Sync 1 DAGs
[2025-11-08T23:50:28.259+0000] {logging_mixin.py:188} INFO - [2025-11-08T23:50:28.259+0000] {dag.py:3947} INFO - Setting next_dagrun for pipeline_orchestrator to 2025-11-07 00:00:00+00:00, run_after=2025-11-08 00:00:00+00:00
[2025-11-08T23:50:28.266+0000] {processor.py:183} INFO - Processing /opt/airflow/dags/pipeline_orchestrator.py took 0.039 seconds
[2025-11-08T23:50:59.702+0000] {processor.py:161} INFO - Started process (PID=72679) to work on /opt/airflow/dags/pipeline_orchestrator.py
[2025-11-08T23:50:59.703+0000] {processor.py:830} INFO - Processing file /opt/airflow/dags/pipeline_orchestrator.py for tasks to queue
[2025-11-08T23:50:59.704+0000] {logging_mixin.py:188} INFO - [2025-11-08T23:50:59.704+0000] {dagbag.py:545} INFO - Filling up the DagBag from /opt/airflow/dags/pipeline_orchestrator.py
[2025-11-08T23:50:59.711+0000] {processor.py:840} INFO - DAG(s) 'pipeline_orchestrator' retrieved from /opt/airflow/dags/pipeline_orchestrator.py
[2025-11-08T23:50:59.724+0000] {logging_mixin.py:188} INFO - [2025-11-08T23:50:59.724+0000] {dag.py:3089} INFO - Sync 1 DAGs
[2025-11-08T23:50:59.732+0000] {logging_mixin.py:188} INFO - [2025-11-08T23:50:59.732+0000] {dag.py:3947} INFO - Setting next_dagrun for pipeline_orchestrator to 2025-11-07 00:00:00+00:00, run_after=2025-11-08 00:00:00+00:00
[2025-11-08T23:50:59.740+0000] {processor.py:183} INFO - Processing /opt/airflow/dags/pipeline_orchestrator.py took 0.043 seconds
[2025-11-08T23:51:30.910+0000] {processor.py:161} INFO - Started process (PID=72719) to work on /opt/airflow/dags/pipeline_orchestrator.py
[2025-11-08T23:51:30.911+0000] {processor.py:830} INFO - Processing file /opt/airflow/dags/pipeline_orchestrator.py for tasks to queue
[2025-11-08T23:51:30.912+0000] {logging_mixin.py:188} INFO - [2025-11-08T23:51:30.911+0000] {dagbag.py:545} INFO - Filling up the DagBag from /opt/airflow/dags/pipeline_orchestrator.py
[2025-11-08T23:51:30.919+0000] {processor.py:840} INFO - DAG(s) 'pipeline_orchestrator' retrieved from /opt/airflow/dags/pipeline_orchestrator.py
[2025-11-08T23:51:30.932+0000] {logging_mixin.py:188} INFO - [2025-11-08T23:51:30.932+0000] {dag.py:3089} INFO - Sync 1 DAGs
[2025-11-08T23:51:30.940+0000] {logging_mixin.py:188} INFO - [2025-11-08T23:51:30.940+0000] {dag.py:3947} INFO - Setting next_dagrun for pipeline_orchestrator to 2025-11-07 00:00:00+00:00, run_after=2025-11-08 00:00:00+00:00
[2025-11-08T23:51:30.949+0000] {processor.py:183} INFO - Processing /opt/airflow/dags/pipeline_orchestrator.py took 0.044 seconds
[2025-11-08T23:52:02.304+0000] {processor.py:161} INFO - Started process (PID=72759) to work on /opt/airflow/dags/pipeline_orchestrator.py
[2025-11-08T23:52:02.304+0000] {processor.py:830} INFO - Processing file /opt/airflow/dags/pipeline_orchestrator.py for tasks to queue
[2025-11-08T23:52:02.305+0000] {logging_mixin.py:188} INFO - [2025-11-08T23:52:02.305+0000] {dagbag.py:545} INFO - Filling up the DagBag from /opt/airflow/dags/pipeline_orchestrator.py
[2025-11-08T23:52:02.311+0000] {processor.py:840} INFO - DAG(s) 'pipeline_orchestrator' retrieved from /opt/airflow/dags/pipeline_orchestrator.py
[2025-11-08T23:52:02.324+0000] {logging_mixin.py:188} INFO - [2025-11-08T23:52:02.324+0000] {dag.py:3089} INFO - Sync 1 DAGs
[2025-11-08T23:52:02.331+0000] {logging_mixin.py:188} INFO - [2025-11-08T23:52:02.331+0000] {dag.py:3947} INFO - Setting next_dagrun for pipeline_orchestrator to 2025-11-07 00:00:00+00:00, run_after=2025-11-08 00:00:00+00:00
[2025-11-08T23:52:02.339+0000] {processor.py:183} INFO - Processing /opt/airflow/dags/pipeline_orchestrator.py took 0.040 seconds
[2025-11-08T23:52:33.682+0000] {processor.py:161} INFO - Started process (PID=72799) to work on /opt/airflow/dags/pipeline_orchestrator.py
[2025-11-08T23:52:33.683+0000] {processor.py:830} INFO - Processing file /opt/airflow/dags/pipeline_orchestrator.py for tasks to queue
[2025-11-08T23:52:33.683+0000] {logging_mixin.py:188} INFO - [2025-11-08T23:52:33.683+0000] {dagbag.py:545} INFO - Filling up the DagBag from /opt/airflow/dags/pipeline_orchestrator.py
[2025-11-08T23:52:33.690+0000] {processor.py:840} INFO - DAG(s) 'pipeline_orchestrator' retrieved from /opt/airflow/dags/pipeline_orchestrator.py
[2025-11-08T23:52:33.703+0000] {logging_mixin.py:188} INFO - [2025-11-08T23:52:33.702+0000] {dag.py:3089} INFO - Sync 1 DAGs
[2025-11-08T23:52:33.711+0000] {logging_mixin.py:188} INFO - [2025-11-08T23:52:33.711+0000] {dag.py:3947} INFO - Setting next_dagrun for pipeline_orchestrator to 2025-11-07 00:00:00+00:00, run_after=2025-11-08 00:00:00+00:00
[2025-11-08T23:52:33.720+0000] {processor.py:183} INFO - Processing /opt/airflow/dags/pipeline_orchestrator.py took 0.044 seconds
[2025-11-08T23:53:05.105+0000] {processor.py:161} INFO - Started process (PID=72839) to work on /opt/airflow/dags/pipeline_orchestrator.py
[2025-11-08T23:53:05.106+0000] {processor.py:830} INFO - Processing file /opt/airflow/dags/pipeline_orchestrator.py for tasks to queue
[2025-11-08T23:53:05.107+0000] {logging_mixin.py:188} INFO - [2025-11-08T23:53:05.107+0000] {dagbag.py:545} INFO - Filling up the DagBag from /opt/airflow/dags/pipeline_orchestrator.py
[2025-11-08T23:53:05.113+0000] {processor.py:840} INFO - DAG(s) 'pipeline_orchestrator' retrieved from /opt/airflow/dags/pipeline_orchestrator.py
[2025-11-08T23:53:05.127+0000] {logging_mixin.py:188} INFO - [2025-11-08T23:53:05.127+0000] {dag.py:3089} INFO - Sync 1 DAGs
[2025-11-08T23:53:05.135+0000] {logging_mixin.py:188} INFO - [2025-11-08T23:53:05.135+0000] {dag.py:3947} INFO - Setting next_dagrun for pipeline_orchestrator to 2025-11-07 00:00:00+00:00, run_after=2025-11-08 00:00:00+00:00
[2025-11-08T23:53:05.144+0000] {processor.py:183} INFO - Processing /opt/airflow/dags/pipeline_orchestrator.py took 0.044 seconds
[2025-11-08T23:53:36.514+0000] {processor.py:161} INFO - Started process (PID=72879) to work on /opt/airflow/dags/pipeline_orchestrator.py
[2025-11-08T23:53:36.515+0000] {processor.py:830} INFO - Processing file /opt/airflow/dags/pipeline_orchestrator.py for tasks to queue
[2025-11-08T23:53:36.515+0000] {logging_mixin.py:188} INFO - [2025-11-08T23:53:36.515+0000] {dagbag.py:545} INFO - Filling up the DagBag from /opt/airflow/dags/pipeline_orchestrator.py
[2025-11-08T23:53:36.522+0000] {processor.py:840} INFO - DAG(s) 'pipeline_orchestrator' retrieved from /opt/airflow/dags/pipeline_orchestrator.py
[2025-11-08T23:53:36.535+0000] {logging_mixin.py:188} INFO - [2025-11-08T23:53:36.535+0000] {dag.py:3089} INFO - Sync 1 DAGs
[2025-11-08T23:53:36.543+0000] {logging_mixin.py:188} INFO - [2025-11-08T23:53:36.543+0000] {dag.py:3947} INFO - Setting next_dagrun for pipeline_orchestrator to 2025-11-07 00:00:00+00:00, run_after=2025-11-08 00:00:00+00:00
[2025-11-08T23:53:36.550+0000] {processor.py:183} INFO - Processing /opt/airflow/dags/pipeline_orchestrator.py took 0.041 seconds
[2025-11-08T23:54:07.935+0000] {processor.py:161} INFO - Started process (PID=72919) to work on /opt/airflow/dags/pipeline_orchestrator.py
[2025-11-08T23:54:07.936+0000] {processor.py:830} INFO - Processing file /opt/airflow/dags/pipeline_orchestrator.py for tasks to queue
[2025-11-08T23:54:07.936+0000] {logging_mixin.py:188} INFO - [2025-11-08T23:54:07.936+0000] {dagbag.py:545} INFO - Filling up the DagBag from /opt/airflow/dags/pipeline_orchestrator.py
[2025-11-08T23:54:07.942+0000] {processor.py:840} INFO - DAG(s) 'pipeline_orchestrator' retrieved from /opt/airflow/dags/pipeline_orchestrator.py
[2025-11-08T23:54:07.953+0000] {logging_mixin.py:188} INFO - [2025-11-08T23:54:07.953+0000] {dag.py:3089} INFO - Sync 1 DAGs
[2025-11-08T23:54:07.959+0000] {logging_mixin.py:188} INFO - [2025-11-08T23:54:07.959+0000] {dag.py:3947} INFO - Setting next_dagrun for pipeline_orchestrator to 2025-11-07 00:00:00+00:00, run_after=2025-11-08 00:00:00+00:00
[2025-11-08T23:54:07.968+0000] {processor.py:183} INFO - Processing /opt/airflow/dags/pipeline_orchestrator.py took 0.037 seconds
[2025-11-08T23:54:39.273+0000] {processor.py:161} INFO - Started process (PID=72959) to work on /opt/airflow/dags/pipeline_orchestrator.py
[2025-11-08T23:54:39.274+0000] {processor.py:830} INFO - Processing file /opt/airflow/dags/pipeline_orchestrator.py for tasks to queue
[2025-11-08T23:54:39.275+0000] {logging_mixin.py:188} INFO - [2025-11-08T23:54:39.274+0000] {dagbag.py:545} INFO - Filling up the DagBag from /opt/airflow/dags/pipeline_orchestrator.py
[2025-11-08T23:54:39.281+0000] {processor.py:840} INFO - DAG(s) 'pipeline_orchestrator' retrieved from /opt/airflow/dags/pipeline_orchestrator.py
[2025-11-08T23:54:39.294+0000] {logging_mixin.py:188} INFO - [2025-11-08T23:54:39.294+0000] {dag.py:3089} INFO - Sync 1 DAGs
[2025-11-08T23:54:39.302+0000] {logging_mixin.py:188} INFO - [2025-11-08T23:54:39.302+0000] {dag.py:3947} INFO - Setting next_dagrun for pipeline_orchestrator to 2025-11-07 00:00:00+00:00, run_after=2025-11-08 00:00:00+00:00
[2025-11-08T23:54:39.311+0000] {processor.py:183} INFO - Processing /opt/airflow/dags/pipeline_orchestrator.py took 0.043 seconds
[2025-11-08T23:55:10.172+0000] {processor.py:161} INFO - Started process (PID=72999) to work on /opt/airflow/dags/pipeline_orchestrator.py
[2025-11-08T23:55:10.172+0000] {processor.py:830} INFO - Processing file /opt/airflow/dags/pipeline_orchestrator.py for tasks to queue
[2025-11-08T23:55:10.173+0000] {logging_mixin.py:188} INFO - [2025-11-08T23:55:10.173+0000] {dagbag.py:545} INFO - Filling up the DagBag from /opt/airflow/dags/pipeline_orchestrator.py
[2025-11-08T23:55:10.178+0000] {processor.py:840} INFO - DAG(s) 'pipeline_orchestrator' retrieved from /opt/airflow/dags/pipeline_orchestrator.py
[2025-11-08T23:55:10.186+0000] {logging_mixin.py:188} INFO - [2025-11-08T23:55:10.186+0000] {dag.py:3089} INFO - Sync 1 DAGs
[2025-11-08T23:55:10.192+0000] {logging_mixin.py:188} INFO - [2025-11-08T23:55:10.192+0000] {dag.py:3947} INFO - Setting next_dagrun for pipeline_orchestrator to 2025-11-07 00:00:00+00:00, run_after=2025-11-08 00:00:00+00:00
[2025-11-08T23:55:10.199+0000] {processor.py:183} INFO - Processing /opt/airflow/dags/pipeline_orchestrator.py took 0.031 seconds
[2025-11-08T23:55:42.446+0000] {processor.py:161} INFO - Started process (PID=73039) to work on /opt/airflow/dags/pipeline_orchestrator.py
[2025-11-08T23:55:42.448+0000] {processor.py:830} INFO - Processing file /opt/airflow/dags/pipeline_orchestrator.py for tasks to queue
[2025-11-08T23:55:42.449+0000] {logging_mixin.py:188} INFO - [2025-11-08T23:55:42.448+0000] {dagbag.py:545} INFO - Filling up the DagBag from /opt/airflow/dags/pipeline_orchestrator.py
[2025-11-08T23:55:42.455+0000] {processor.py:840} INFO - DAG(s) 'pipeline_orchestrator' retrieved from /opt/airflow/dags/pipeline_orchestrator.py
[2025-11-08T23:55:42.467+0000] {logging_mixin.py:188} INFO - [2025-11-08T23:55:42.467+0000] {dag.py:3089} INFO - Sync 1 DAGs
[2025-11-08T23:55:42.475+0000] {logging_mixin.py:188} INFO - [2025-11-08T23:55:42.474+0000] {dag.py:3947} INFO - Setting next_dagrun for pipeline_orchestrator to 2025-11-07 00:00:00+00:00, run_after=2025-11-08 00:00:00+00:00
[2025-11-08T23:55:42.481+0000] {processor.py:183} INFO - Processing /opt/airflow/dags/pipeline_orchestrator.py took 0.040 seconds
[2025-11-08T23:56:14.013+0000] {processor.py:161} INFO - Started process (PID=73079) to work on /opt/airflow/dags/pipeline_orchestrator.py
[2025-11-08T23:56:14.014+0000] {processor.py:830} INFO - Processing file /opt/airflow/dags/pipeline_orchestrator.py for tasks to queue
[2025-11-08T23:56:14.015+0000] {logging_mixin.py:188} INFO - [2025-11-08T23:56:14.015+0000] {dagbag.py:545} INFO - Filling up the DagBag from /opt/airflow/dags/pipeline_orchestrator.py
[2025-11-08T23:56:14.021+0000] {processor.py:840} INFO - DAG(s) 'pipeline_orchestrator' retrieved from /opt/airflow/dags/pipeline_orchestrator.py
[2025-11-08T23:56:14.033+0000] {logging_mixin.py:188} INFO - [2025-11-08T23:56:14.033+0000] {dag.py:3089} INFO - Sync 1 DAGs
[2025-11-08T23:56:14.042+0000] {logging_mixin.py:188} INFO - [2025-11-08T23:56:14.042+0000] {dag.py:3947} INFO - Setting next_dagrun for pipeline_orchestrator to 2025-11-07 00:00:00+00:00, run_after=2025-11-08 00:00:00+00:00
[2025-11-08T23:56:14.051+0000] {processor.py:183} INFO - Processing /opt/airflow/dags/pipeline_orchestrator.py took 0.043 seconds
[2025-11-08T23:56:45.541+0000] {processor.py:161} INFO - Started process (PID=73119) to work on /opt/airflow/dags/pipeline_orchestrator.py
[2025-11-08T23:56:45.542+0000] {processor.py:830} INFO - Processing file /opt/airflow/dags/pipeline_orchestrator.py for tasks to queue
[2025-11-08T23:56:45.542+0000] {logging_mixin.py:188} INFO - [2025-11-08T23:56:45.542+0000] {dagbag.py:545} INFO - Filling up the DagBag from /opt/airflow/dags/pipeline_orchestrator.py
[2025-11-08T23:56:45.549+0000] {processor.py:840} INFO - DAG(s) 'pipeline_orchestrator' retrieved from /opt/airflow/dags/pipeline_orchestrator.py
[2025-11-08T23:56:45.562+0000] {logging_mixin.py:188} INFO - [2025-11-08T23:56:45.562+0000] {dag.py:3089} INFO - Sync 1 DAGs
[2025-11-08T23:56:45.570+0000] {logging_mixin.py:188} INFO - [2025-11-08T23:56:45.570+0000] {dag.py:3947} INFO - Setting next_dagrun for pipeline_orchestrator to 2025-11-07 00:00:00+00:00, run_after=2025-11-08 00:00:00+00:00
[2025-11-08T23:56:45.578+0000] {processor.py:183} INFO - Processing /opt/airflow/dags/pipeline_orchestrator.py took 0.043 seconds
[2025-11-08T23:57:16.691+0000] {processor.py:161} INFO - Started process (PID=73159) to work on /opt/airflow/dags/pipeline_orchestrator.py
[2025-11-08T23:57:16.691+0000] {processor.py:830} INFO - Processing file /opt/airflow/dags/pipeline_orchestrator.py for tasks to queue
[2025-11-08T23:57:16.692+0000] {logging_mixin.py:188} INFO - [2025-11-08T23:57:16.692+0000] {dagbag.py:545} INFO - Filling up the DagBag from /opt/airflow/dags/pipeline_orchestrator.py
[2025-11-08T23:57:16.698+0000] {processor.py:840} INFO - DAG(s) 'pipeline_orchestrator' retrieved from /opt/airflow/dags/pipeline_orchestrator.py
[2025-11-08T23:57:16.710+0000] {logging_mixin.py:188} INFO - [2025-11-08T23:57:16.709+0000] {dag.py:3089} INFO - Sync 1 DAGs
[2025-11-08T23:57:16.717+0000] {logging_mixin.py:188} INFO - [2025-11-08T23:57:16.717+0000] {dag.py:3947} INFO - Setting next_dagrun for pipeline_orchestrator to 2025-11-07 00:00:00+00:00, run_after=2025-11-08 00:00:00+00:00
[2025-11-08T23:57:16.724+0000] {processor.py:183} INFO - Processing /opt/airflow/dags/pipeline_orchestrator.py took 0.038 seconds
[2025-11-08T23:57:47.907+0000] {processor.py:161} INFO - Started process (PID=73199) to work on /opt/airflow/dags/pipeline_orchestrator.py
[2025-11-08T23:57:47.907+0000] {processor.py:830} INFO - Processing file /opt/airflow/dags/pipeline_orchestrator.py for tasks to queue
[2025-11-08T23:57:47.908+0000] {logging_mixin.py:188} INFO - [2025-11-08T23:57:47.908+0000] {dagbag.py:545} INFO - Filling up the DagBag from /opt/airflow/dags/pipeline_orchestrator.py
[2025-11-08T23:57:47.914+0000] {processor.py:840} INFO - DAG(s) 'pipeline_orchestrator' retrieved from /opt/airflow/dags/pipeline_orchestrator.py
[2025-11-08T23:57:47.928+0000] {logging_mixin.py:188} INFO - [2025-11-08T23:57:47.927+0000] {dag.py:3089} INFO - Sync 1 DAGs
[2025-11-08T23:57:47.936+0000] {logging_mixin.py:188} INFO - [2025-11-08T23:57:47.936+0000] {dag.py:3947} INFO - Setting next_dagrun for pipeline_orchestrator to 2025-11-07 00:00:00+00:00, run_after=2025-11-08 00:00:00+00:00
[2025-11-08T23:57:47.943+0000] {processor.py:183} INFO - Processing /opt/airflow/dags/pipeline_orchestrator.py took 0.042 seconds
[2025-11-08T23:58:19.351+0000] {processor.py:161} INFO - Started process (PID=73239) to work on /opt/airflow/dags/pipeline_orchestrator.py
[2025-11-08T23:58:19.352+0000] {processor.py:830} INFO - Processing file /opt/airflow/dags/pipeline_orchestrator.py for tasks to queue
[2025-11-08T23:58:19.352+0000] {logging_mixin.py:188} INFO - [2025-11-08T23:58:19.352+0000] {dagbag.py:545} INFO - Filling up the DagBag from /opt/airflow/dags/pipeline_orchestrator.py
[2025-11-08T23:58:19.359+0000] {processor.py:840} INFO - DAG(s) 'pipeline_orchestrator' retrieved from /opt/airflow/dags/pipeline_orchestrator.py
[2025-11-08T23:58:19.371+0000] {logging_mixin.py:188} INFO - [2025-11-08T23:58:19.371+0000] {dag.py:3089} INFO - Sync 1 DAGs
[2025-11-08T23:58:19.380+0000] {logging_mixin.py:188} INFO - [2025-11-08T23:58:19.380+0000] {dag.py:3947} INFO - Setting next_dagrun for pipeline_orchestrator to 2025-11-07 00:00:00+00:00, run_after=2025-11-08 00:00:00+00:00
[2025-11-08T23:58:19.387+0000] {processor.py:183} INFO - Processing /opt/airflow/dags/pipeline_orchestrator.py took 0.042 seconds
[2025-11-08T23:58:51.125+0000] {processor.py:161} INFO - Started process (PID=73279) to work on /opt/airflow/dags/pipeline_orchestrator.py
[2025-11-08T23:58:51.126+0000] {processor.py:830} INFO - Processing file /opt/airflow/dags/pipeline_orchestrator.py for tasks to queue
[2025-11-08T23:58:51.127+0000] {logging_mixin.py:188} INFO - [2025-11-08T23:58:51.127+0000] {dagbag.py:545} INFO - Filling up the DagBag from /opt/airflow/dags/pipeline_orchestrator.py
[2025-11-08T23:58:51.134+0000] {processor.py:840} INFO - DAG(s) 'pipeline_orchestrator' retrieved from /opt/airflow/dags/pipeline_orchestrator.py
[2025-11-08T23:58:51.148+0000] {logging_mixin.py:188} INFO - [2025-11-08T23:58:51.148+0000] {dag.py:3089} INFO - Sync 1 DAGs
[2025-11-08T23:58:51.156+0000] {logging_mixin.py:188} INFO - [2025-11-08T23:58:51.156+0000] {dag.py:3947} INFO - Setting next_dagrun for pipeline_orchestrator to 2025-11-07 00:00:00+00:00, run_after=2025-11-08 00:00:00+00:00
[2025-11-08T23:58:51.164+0000] {processor.py:183} INFO - Processing /opt/airflow/dags/pipeline_orchestrator.py took 0.047 seconds
[2025-11-08T23:59:22.672+0000] {processor.py:161} INFO - Started process (PID=73319) to work on /opt/airflow/dags/pipeline_orchestrator.py
[2025-11-08T23:59:22.673+0000] {processor.py:830} INFO - Processing file /opt/airflow/dags/pipeline_orchestrator.py for tasks to queue
[2025-11-08T23:59:22.673+0000] {logging_mixin.py:188} INFO - [2025-11-08T23:59:22.673+0000] {dagbag.py:545} INFO - Filling up the DagBag from /opt/airflow/dags/pipeline_orchestrator.py
[2025-11-08T23:59:22.679+0000] {processor.py:840} INFO - DAG(s) 'pipeline_orchestrator' retrieved from /opt/airflow/dags/pipeline_orchestrator.py
[2025-11-08T23:59:22.693+0000] {logging_mixin.py:188} INFO - [2025-11-08T23:59:22.693+0000] {dag.py:3089} INFO - Sync 1 DAGs
[2025-11-08T23:59:22.701+0000] {logging_mixin.py:188} INFO - [2025-11-08T23:59:22.701+0000] {dag.py:3947} INFO - Setting next_dagrun for pipeline_orchestrator to 2025-11-07 00:00:00+00:00, run_after=2025-11-08 00:00:00+00:00
[2025-11-08T23:59:22.709+0000] {processor.py:183} INFO - Processing /opt/airflow/dags/pipeline_orchestrator.py took 0.043 seconds
[2025-11-08T23:59:54.001+0000] {processor.py:161} INFO - Started process (PID=73359) to work on /opt/airflow/dags/pipeline_orchestrator.py
[2025-11-08T23:59:54.002+0000] {processor.py:830} INFO - Processing file /opt/airflow/dags/pipeline_orchestrator.py for tasks to queue
[2025-11-08T23:59:54.003+0000] {logging_mixin.py:188} INFO - [2025-11-08T23:59:54.002+0000] {dagbag.py:545} INFO - Filling up the DagBag from /opt/airflow/dags/pipeline_orchestrator.py
[2025-11-08T23:59:54.009+0000] {processor.py:840} INFO - DAG(s) 'pipeline_orchestrator' retrieved from /opt/airflow/dags/pipeline_orchestrator.py
[2025-11-08T23:59:54.021+0000] {logging_mixin.py:188} INFO - [2025-11-08T23:59:54.020+0000] {dag.py:3089} INFO - Sync 1 DAGs
[2025-11-08T23:59:54.027+0000] {logging_mixin.py:188} INFO - [2025-11-08T23:59:54.027+0000] {dag.py:3947} INFO - Setting next_dagrun for pipeline_orchestrator to 2025-11-07 00:00:00+00:00, run_after=2025-11-08 00:00:00+00:00
[2025-11-08T23:59:54.034+0000] {processor.py:183} INFO - Processing /opt/airflow/dags/pipeline_orchestrator.py took 0.037 seconds
