[2025-11-14T02:06:33.340+0000] {local_task_job_runner.py:120} INFO - ::group::Pre task execution logs
[2025-11-14T02:06:33.350+0000] {taskinstance.py:2076} INFO - Dependencies all met for dep_context=non-requeueable deps ti=<TaskInstance: whois_rdap_ingest.whois_rdap_fetch scheduled__2025-11-13T00:00:00+00:00 [queued]>
[2025-11-14T02:06:33.352+0000] {taskinstance.py:2076} INFO - Dependencies all met for dep_context=requeueable deps ti=<TaskInstance: whois_rdap_ingest.whois_rdap_fetch scheduled__2025-11-13T00:00:00+00:00 [queued]>
[2025-11-14T02:06:33.355+0000] {taskinstance.py:2306} INFO - Starting attempt 1 of 1
[2025-11-14T02:06:33.362+0000] {taskinstance.py:2330} INFO - Executing <Task(PythonOperator): whois_rdap_fetch> on 2025-11-13 00:00:00+00:00
[2025-11-14T02:06:33.366+0000] {standard_task_runner.py:90} INFO - Running: ['airflow', 'tasks', 'run', 'whois_rdap_ingest', 'whois_rdap_fetch', 'scheduled__2025-11-13T00:00:00+00:00', '--job-id', '84', '--raw', '--subdir', 'DAGS_FOLDER/whois_rdap_dag.py', '--cfg-path', '/tmp/tmpuno24r37']
[2025-11-14T02:06:33.367+0000] {logging_mixin.py:188} WARNING - /home/airflow/.local/lib/python3.12/site-packages/airflow/task/task_runner/standard_task_runner.py:62 DeprecationWarning: This process (pid=25980) is multi-threaded, use of fork() may lead to deadlocks in the child.
[2025-11-14T02:06:33.367+0000] {standard_task_runner.py:91} INFO - Job 84: Subtask whois_rdap_fetch
[2025-11-14T02:06:33.367+0000] {standard_task_runner.py:64} INFO - Started process 26002 to run task
[2025-11-14T02:06:33.381+0000] {task_command.py:426} INFO - Running <TaskInstance: whois_rdap_ingest.whois_rdap_fetch scheduled__2025-11-13T00:00:00+00:00 [running]> on host 1fd82182dcce
[2025-11-14T02:06:33.402+0000] {taskinstance.py:2648} INFO - Exporting env vars: AIRFLOW_CTX_DAG_OWNER='you' AIRFLOW_CTX_DAG_ID='whois_rdap_ingest' AIRFLOW_CTX_TASK_ID='whois_rdap_fetch' AIRFLOW_CTX_EXECUTION_DATE='2025-11-13T00:00:00+00:00' AIRFLOW_CTX_TRY_NUMBER='1' AIRFLOW_CTX_DAG_RUN_ID='scheduled__2025-11-13T00:00:00+00:00'
[2025-11-14T02:06:33.403+0000] {taskinstance.py:430} INFO - ::endgroup::
[2025-11-14T02:06:33.543+0000] {whois_rdap_dag.py:171} INFO - [whois_rdap] ds=2025-11-13 total=2957 to_fetch=0 cached=4572
[2025-11-14T02:06:33.546+0000] {logging_mixin.py:188} WARNING - /opt/airflow/dags/whois_rdap_dag.py:193 FutureWarning: The behavior of DataFrame concatenation with empty or all-NA entries is deprecated. In a future version, this will no longer exclude empty or all-NA columns when determining the result dtypes. To retain the old behavior, exclude the relevant entries before the concat operation.
[2025-11-14T02:06:33.546+0000] {logging_mixin.py:188} WARNING - /opt/airflow/dags/whois_rdap_dag.py:193 FutureWarning: The behavior of DataFrame concatenation with empty or all-NA entries is deprecated. In a future version, this will no longer exclude empty or all-NA columns when determining the result dtypes. To retain the old behavior, exclude the relevant entries before the concat operation.
[2025-11-14T02:06:33.579+0000] {whois_rdap_dag.py:210} INFO - [whois_rdap] ds=2025-11-13 fetched=0 daily_rows=2957 cache_size=4572 -> /opt/airflow/lookups/whois/ingest_date=2025-11-13
[2025-11-14T02:06:33.579+0000] {python.py:237} INFO - Done. Returned value was: None
[2025-11-14T02:06:33.579+0000] {taskinstance.py:441} INFO - ::group::Post task execution logs
[2025-11-14T02:06:33.581+0000] {taskinstance.py:1206} INFO - Marking task as SUCCESS. dag_id=whois_rdap_ingest, task_id=whois_rdap_fetch, run_id=scheduled__2025-11-13T00:00:00+00:00, execution_date=20251113T000000, start_date=20251114T020633, end_date=20251114T020633
[2025-11-14T02:06:33.589+0000] {local_task_job_runner.py:243} INFO - Task exited with return code 0
[2025-11-14T02:06:33.594+0000] {taskinstance.py:3503} INFO - 0 downstream tasks scheduled from follow-on schedule check
[2025-11-14T02:06:33.594+0000] {local_task_job_runner.py:222} INFO - ::endgroup::
