[2025-10-03T00:05:36.154+0000] {local_task_job_runner.py:120} INFO - ::group::Pre task execution logs
[2025-10-03T00:05:36.167+0000] {taskinstance.py:2076} INFO - Dependencies all met for dep_context=non-requeueable deps ti=<TaskInstance: urlhaus_silver.urlhaus_bronze_to_silver scheduled__2025-10-02T00:00:00+00:00 [queued]>
[2025-10-03T00:05:36.169+0000] {taskinstance.py:2076} INFO - Dependencies all met for dep_context=requeueable deps ti=<TaskInstance: urlhaus_silver.urlhaus_bronze_to_silver scheduled__2025-10-02T00:00:00+00:00 [queued]>
[2025-10-03T00:05:36.169+0000] {taskinstance.py:2306} INFO - Starting attempt 1 of 1
[2025-10-03T00:05:36.174+0000] {taskinstance.py:2330} INFO - Executing <Task(PythonOperator): urlhaus_bronze_to_silver> on 2025-10-02 00:00:00+00:00
[2025-10-03T00:05:36.180+0000] {logging_mixin.py:188} WARNING - /home/airflow/.local/lib/python3.12/site-packages/airflow/task/task_runner/standard_task_runner.py:62 DeprecationWarning: This process (pid=37343) is multi-threaded, use of fork() may lead to deadlocks in the child.
[2025-10-03T00:05:36.179+0000] {standard_task_runner.py:90} INFO - Running: ['airflow', 'tasks', 'run', 'urlhaus_silver', 'urlhaus_bronze_to_silver', 'scheduled__2025-10-02T00:00:00+00:00', '--job-id', '78', '--raw', '--subdir', 'DAGS_FOLDER/urlhaus_silver.py', '--cfg-path', '/tmp/tmp7040oy9e']
[2025-10-03T00:05:36.180+0000] {standard_task_runner.py:91} INFO - Job 78: Subtask urlhaus_bronze_to_silver
[2025-10-03T00:05:36.180+0000] {standard_task_runner.py:64} INFO - Started process 37354 to run task
[2025-10-03T00:05:36.191+0000] {task_command.py:426} INFO - Running <TaskInstance: urlhaus_silver.urlhaus_bronze_to_silver scheduled__2025-10-02T00:00:00+00:00 [running]> on host 539ffd8f219e
[2025-10-03T00:05:36.211+0000] {taskinstance.py:2648} INFO - Exporting env vars: AIRFLOW_CTX_DAG_OWNER='you' AIRFLOW_CTX_DAG_ID='urlhaus_silver' AIRFLOW_CTX_TASK_ID='urlhaus_bronze_to_silver' AIRFLOW_CTX_EXECUTION_DATE='2025-10-02T00:00:00+00:00' AIRFLOW_CTX_TRY_NUMBER='1' AIRFLOW_CTX_DAG_RUN_ID='scheduled__2025-10-02T00:00:00+00:00'
[2025-10-03T00:05:36.211+0000] {taskinstance.py:430} INFO - ::endgroup::
[2025-10-03T00:05:36.351+0000] {logging_mixin.py:188} INFO - [urlhaus_silver] wrote 5583 rows -> /opt/airflow/silver/urlhaus/ingest_date=2025-10-02
[2025-10-03T00:05:36.352+0000] {python.py:237} INFO - Done. Returned value was: None
[2025-10-03T00:05:36.352+0000] {taskinstance.py:441} INFO - ::group::Post task execution logs
[2025-10-03T00:05:36.355+0000] {taskinstance.py:1206} INFO - Marking task as SUCCESS. dag_id=urlhaus_silver, task_id=urlhaus_bronze_to_silver, run_id=scheduled__2025-10-02T00:00:00+00:00, execution_date=20251002T000000, start_date=20251003T000536, end_date=20251003T000536
[2025-10-03T00:05:36.365+0000] {local_task_job_runner.py:243} INFO - Task exited with return code 0
[2025-10-03T00:05:36.370+0000] {taskinstance.py:3503} INFO - 0 downstream tasks scheduled from follow-on schedule check
[2025-10-03T00:05:36.371+0000] {local_task_job_runner.py:222} INFO - ::endgroup::
[2025-10-29T18:13:00.452+0000] {local_task_job_runner.py:120} INFO - ::group::Pre task execution logs
[2025-10-29T18:13:00.460+0000] {taskinstance.py:2076} INFO - Dependencies all met for dep_context=non-requeueable deps ti=<TaskInstance: urlhaus_silver.urlhaus_bronze_to_silver scheduled__2025-10-02T00:00:00+00:00 [queued]>
[2025-10-29T18:13:00.462+0000] {taskinstance.py:2076} INFO - Dependencies all met for dep_context=requeueable deps ti=<TaskInstance: urlhaus_silver.urlhaus_bronze_to_silver scheduled__2025-10-02T00:00:00+00:00 [queued]>
[2025-10-29T18:13:00.462+0000] {taskinstance.py:2306} INFO - Starting attempt 1 of 1
[2025-10-29T18:13:00.466+0000] {taskinstance.py:2330} INFO - Executing <Task(PythonOperator): urlhaus_bronze_to_silver> on 2025-10-02 00:00:00+00:00
[2025-10-29T18:13:00.469+0000] {standard_task_runner.py:90} INFO - Running: ['airflow', 'tasks', 'run', 'urlhaus_silver', 'urlhaus_bronze_to_silver', 'scheduled__2025-10-02T00:00:00+00:00', '--job-id', '160', '--raw', '--subdir', 'DAGS_FOLDER/urlhaus_silver.py', '--cfg-path', '/tmp/tmpipy_vc0y']
[2025-10-29T18:13:00.470+0000] {standard_task_runner.py:91} INFO - Job 160: Subtask urlhaus_bronze_to_silver
[2025-10-29T18:13:00.469+0000] {logging_mixin.py:188} WARNING - /home/airflow/.local/lib/python3.12/site-packages/airflow/task/task_runner/standard_task_runner.py:62 DeprecationWarning: This process (pid=4123) is multi-threaded, use of fork() may lead to deadlocks in the child.
[2025-10-29T18:13:00.472+0000] {standard_task_runner.py:64} INFO - Started process 4134 to run task
[2025-10-29T18:13:00.481+0000] {task_command.py:426} INFO - Running <TaskInstance: urlhaus_silver.urlhaus_bronze_to_silver scheduled__2025-10-02T00:00:00+00:00 [running]> on host 9a4b1d75930e
[2025-10-29T18:13:00.500+0000] {taskinstance.py:2648} INFO - Exporting env vars: AIRFLOW_CTX_DAG_OWNER='you' AIRFLOW_CTX_DAG_ID='urlhaus_silver' AIRFLOW_CTX_TASK_ID='urlhaus_bronze_to_silver' AIRFLOW_CTX_EXECUTION_DATE='2025-10-02T00:00:00+00:00' AIRFLOW_CTX_TRY_NUMBER='1' AIRFLOW_CTX_DAG_RUN_ID='scheduled__2025-10-02T00:00:00+00:00'
[2025-10-29T18:13:00.500+0000] {taskinstance.py:430} INFO - ::endgroup::
[2025-10-29T18:13:00.535+0000] {logging_mixin.py:188} INFO - [urlhaus_silver] 2025-10-02: wrote 2908 rows -> /opt/airflow/silver/urlhaus/ingest_date=2025-10-02
[2025-10-29T18:13:00.536+0000] {python.py:237} INFO - Done. Returned value was: None
[2025-10-29T18:13:00.536+0000] {taskinstance.py:441} INFO - ::group::Post task execution logs
[2025-10-29T18:13:00.538+0000] {taskinstance.py:1206} INFO - Marking task as SUCCESS. dag_id=urlhaus_silver, task_id=urlhaus_bronze_to_silver, run_id=scheduled__2025-10-02T00:00:00+00:00, execution_date=20251002T000000, start_date=20251029T181300, end_date=20251029T181300
[2025-10-29T18:13:00.574+0000] {local_task_job_runner.py:243} INFO - Task exited with return code 0
[2025-10-29T18:13:00.578+0000] {taskinstance.py:3503} INFO - 0 downstream tasks scheduled from follow-on schedule check
[2025-10-29T18:13:00.578+0000] {local_task_job_runner.py:222} INFO - ::endgroup::
