[2025-10-29T17:13:39.727+0000] {local_task_job_runner.py:120} INFO - ::group::Pre task execution logs
[2025-10-29T17:13:39.735+0000] {taskinstance.py:2076} INFO - Dependencies all met for dep_context=non-requeueable deps ti=<TaskInstance: urlhaus_ingest.urlhaus_fetch_normalize_bronze scheduled__2025-09-11T00:00:00+00:00 [queued]>
[2025-10-29T17:13:39.737+0000] {taskinstance.py:2076} INFO - Dependencies all met for dep_context=requeueable deps ti=<TaskInstance: urlhaus_ingest.urlhaus_fetch_normalize_bronze scheduled__2025-09-11T00:00:00+00:00 [queued]>
[2025-10-29T17:13:39.737+0000] {taskinstance.py:2306} INFO - Starting attempt 1 of 2
[2025-10-29T17:13:39.741+0000] {taskinstance.py:2330} INFO - Executing <Task(PythonOperator): urlhaus_fetch_normalize_bronze> on 2025-09-11 00:00:00+00:00
[2025-10-29T17:13:39.744+0000] {warnings.py:112} WARNING - /home/airflow/.local/lib/python3.12/site-packages/airflow/task/task_runner/standard_task_runner.py:62: DeprecationWarning: This process (pid=906) is multi-threaded, use of fork() may lead to deadlocks in the child.
  pid = os.fork()

[2025-10-29T17:13:39.745+0000] {standard_task_runner.py:64} INFO - Started process 927 to run task
[2025-10-29T17:13:39.745+0000] {standard_task_runner.py:90} INFO - Running: ['airflow', 'tasks', 'run', 'urlhaus_ingest', 'urlhaus_fetch_normalize_bronze', 'scheduled__2025-09-11T00:00:00+00:00', '--job-id', '31', '--raw', '--subdir', 'DAGS_FOLDER/urlhaus_ingest.py', '--cfg-path', '/tmp/tmpohs97ew0']
[2025-10-29T17:13:39.746+0000] {standard_task_runner.py:91} INFO - Job 31: Subtask urlhaus_fetch_normalize_bronze
[2025-10-29T17:13:39.759+0000] {task_command.py:426} INFO - Running <TaskInstance: urlhaus_ingest.urlhaus_fetch_normalize_bronze scheduled__2025-09-11T00:00:00+00:00 [running]> on host 109bbc934e0f
[2025-10-29T17:13:39.783+0000] {taskinstance.py:2648} INFO - Exporting env vars: AIRFLOW_CTX_DAG_OWNER='you' AIRFLOW_CTX_DAG_ID='urlhaus_ingest' AIRFLOW_CTX_TASK_ID='urlhaus_fetch_normalize_bronze' AIRFLOW_CTX_EXECUTION_DATE='2025-09-11T00:00:00+00:00' AIRFLOW_CTX_TRY_NUMBER='1' AIRFLOW_CTX_DAG_RUN_ID='scheduled__2025-09-11T00:00:00+00:00'
[2025-10-29T17:13:39.783+0000] {taskinstance.py:430} INFO - ::endgroup::
[2025-10-29T17:13:39.947+0000] {logging_mixin.py:188} INFO - [urlhaus_ingest] rows after normalize: 21315
[2025-10-29T17:13:39.958+0000] {logging_mixin.py:188} INFO - [urlhaus] rows after normalize: 21315
[2025-10-29T17:13:39.983+0000] {python.py:237} INFO - Done. Returned value was: None
[2025-10-29T17:13:39.983+0000] {taskinstance.py:441} INFO - ::group::Post task execution logs
[2025-10-29T17:13:39.985+0000] {taskinstance.py:1206} INFO - Marking task as SUCCESS. dag_id=urlhaus_ingest, task_id=urlhaus_fetch_normalize_bronze, run_id=scheduled__2025-09-11T00:00:00+00:00, execution_date=20250911T000000, start_date=20251029T171339, end_date=20251029T171339
[2025-10-29T17:13:40.015+0000] {local_task_job_runner.py:243} INFO - Task exited with return code 0
[2025-10-29T17:13:40.020+0000] {taskinstance.py:3503} INFO - 0 downstream tasks scheduled from follow-on schedule check
[2025-10-29T17:13:40.020+0000] {local_task_job_runner.py:222} INFO - ::endgroup::
[2025-10-29T18:08:39.165+0000] {local_task_job_runner.py:120} INFO - ::group::Pre task execution logs
[2025-10-29T18:08:39.172+0000] {taskinstance.py:2076} INFO - Dependencies all met for dep_context=non-requeueable deps ti=<TaskInstance: urlhaus_ingest.urlhaus_fetch_normalize_bronze scheduled__2025-09-11T00:00:00+00:00 [queued]>
[2025-10-29T18:08:39.174+0000] {taskinstance.py:2076} INFO - Dependencies all met for dep_context=requeueable deps ti=<TaskInstance: urlhaus_ingest.urlhaus_fetch_normalize_bronze scheduled__2025-09-11T00:00:00+00:00 [queued]>
[2025-10-29T18:08:39.174+0000] {taskinstance.py:2306} INFO - Starting attempt 1 of 2
[2025-10-29T18:08:39.178+0000] {taskinstance.py:2330} INFO - Executing <Task(PythonOperator): urlhaus_fetch_normalize_bronze> on 2025-09-11 00:00:00+00:00
[2025-10-29T18:08:39.181+0000] {warnings.py:112} WARNING - /home/airflow/.local/lib/python3.12/site-packages/airflow/task/task_runner/standard_task_runner.py:62: DeprecationWarning: This process (pid=1434) is multi-threaded, use of fork() may lead to deadlocks in the child.
  pid = os.fork()

[2025-10-29T18:08:39.181+0000] {standard_task_runner.py:64} INFO - Started process 1455 to run task
[2025-10-29T18:08:39.182+0000] {standard_task_runner.py:90} INFO - Running: ['airflow', 'tasks', 'run', 'urlhaus_ingest', 'urlhaus_fetch_normalize_bronze', 'scheduled__2025-09-11T00:00:00+00:00', '--job-id', '51', '--raw', '--subdir', 'DAGS_FOLDER/urlhaus_ingest.py', '--cfg-path', '/tmp/tmpqrxwlrix']
[2025-10-29T18:08:39.182+0000] {standard_task_runner.py:91} INFO - Job 51: Subtask urlhaus_fetch_normalize_bronze
[2025-10-29T18:08:39.193+0000] {task_command.py:426} INFO - Running <TaskInstance: urlhaus_ingest.urlhaus_fetch_normalize_bronze scheduled__2025-09-11T00:00:00+00:00 [running]> on host 9a4b1d75930e
[2025-10-29T18:08:39.212+0000] {taskinstance.py:2648} INFO - Exporting env vars: AIRFLOW_CTX_DAG_OWNER='you' AIRFLOW_CTX_DAG_ID='urlhaus_ingest' AIRFLOW_CTX_TASK_ID='urlhaus_fetch_normalize_bronze' AIRFLOW_CTX_EXECUTION_DATE='2025-09-11T00:00:00+00:00' AIRFLOW_CTX_TRY_NUMBER='1' AIRFLOW_CTX_DAG_RUN_ID='scheduled__2025-09-11T00:00:00+00:00'
[2025-10-29T18:08:39.213+0000] {taskinstance.py:430} INFO - ::endgroup::
[2025-10-29T18:08:39.392+0000] {logging_mixin.py:188} INFO - [urlhaus_ingest] rows after normalize: 21302
[2025-10-29T18:08:39.403+0000] {logging_mixin.py:188} INFO - [urlhaus] rows after normalize: 21302
[2025-10-29T18:08:39.425+0000] {python.py:237} INFO - Done. Returned value was: None
[2025-10-29T18:08:39.425+0000] {taskinstance.py:441} INFO - ::group::Post task execution logs
[2025-10-29T18:08:39.427+0000] {taskinstance.py:1206} INFO - Marking task as SUCCESS. dag_id=urlhaus_ingest, task_id=urlhaus_fetch_normalize_bronze, run_id=scheduled__2025-09-11T00:00:00+00:00, execution_date=20250911T000000, start_date=20251029T180839, end_date=20251029T180839
[2025-10-29T18:08:39.458+0000] {local_task_job_runner.py:243} INFO - Task exited with return code 0
[2025-10-29T18:08:39.462+0000] {taskinstance.py:3503} INFO - 0 downstream tasks scheduled from follow-on schedule check
[2025-10-29T18:08:39.463+0000] {local_task_job_runner.py:222} INFO - ::endgroup::
