[2025-09-27T00:40:03.657+0000] {local_task_job_runner.py:120} INFO - ::group::Pre task execution logs
[2025-09-27T00:40:03.671+0000] {taskinstance.py:2076} INFO - Dependencies all met for dep_context=non-requeueable deps ti=<TaskInstance: openphish_silver.openphish_bronze_to_silver scheduled__2025-09-26T00:00:00+00:00 [queued]>
[2025-09-27T00:40:03.673+0000] {taskinstance.py:2076} INFO - Dependencies all met for dep_context=requeueable deps ti=<TaskInstance: openphish_silver.openphish_bronze_to_silver scheduled__2025-09-26T00:00:00+00:00 [queued]>
[2025-09-27T00:40:03.673+0000] {taskinstance.py:2306} INFO - Starting attempt 1 of 1
[2025-09-27T00:40:03.678+0000] {taskinstance.py:2330} INFO - Executing <Task(PythonOperator): openphish_bronze_to_silver> on 2025-09-26 00:00:00+00:00
[2025-09-27T00:40:03.685+0000] {standard_task_runner.py:90} INFO - Running: ['airflow', 'tasks', 'run', 'openphish_silver', 'openphish_bronze_to_silver', 'scheduled__2025-09-26T00:00:00+00:00', '--job-id', '41', '--raw', '--subdir', 'DAGS_FOLDER/openphish_silver.py', '--cfg-path', '/tmp/tmp_kzpllym']
[2025-09-27T00:40:03.686+0000] {standard_task_runner.py:91} INFO - Job 41: Subtask openphish_bronze_to_silver
[2025-09-27T00:40:03.686+0000] {logging_mixin.py:188} WARNING - /home/airflow/.local/lib/python3.12/site-packages/airflow/task/task_runner/standard_task_runner.py:62 DeprecationWarning: This process (pid=92391) is multi-threaded, use of fork() may lead to deadlocks in the child.
[2025-09-27T00:40:03.691+0000] {standard_task_runner.py:64} INFO - Started process 92402 to run task
[2025-09-27T00:40:03.708+0000] {task_command.py:426} INFO - Running <TaskInstance: openphish_silver.openphish_bronze_to_silver scheduled__2025-09-26T00:00:00+00:00 [running]> on host 539ffd8f219e
[2025-09-27T00:40:03.736+0000] {taskinstance.py:2648} INFO - Exporting env vars: AIRFLOW_CTX_DAG_OWNER='you' AIRFLOW_CTX_DAG_ID='openphish_silver' AIRFLOW_CTX_TASK_ID='openphish_bronze_to_silver' AIRFLOW_CTX_EXECUTION_DATE='2025-09-26T00:00:00+00:00' AIRFLOW_CTX_TRY_NUMBER='1' AIRFLOW_CTX_DAG_RUN_ID='scheduled__2025-09-26T00:00:00+00:00'
[2025-09-27T00:40:03.736+0000] {taskinstance.py:430} INFO - ::endgroup::
[2025-09-27T00:40:03.773+0000] {logging_mixin.py:188} INFO - [openphish_silver] wrote 564 rows -> /opt/airflow/silver/openphish/ingest_date=2025-09-26
[2025-09-27T00:40:03.773+0000] {python.py:237} INFO - Done. Returned value was: None
[2025-09-27T00:40:03.774+0000] {taskinstance.py:441} INFO - ::group::Post task execution logs
[2025-09-27T00:40:03.775+0000] {taskinstance.py:1206} INFO - Marking task as SUCCESS. dag_id=openphish_silver, task_id=openphish_bronze_to_silver, run_id=scheduled__2025-09-26T00:00:00+00:00, execution_date=20250926T000000, start_date=20250927T004003, end_date=20250927T004003
[2025-09-27T00:40:03.795+0000] {local_task_job_runner.py:243} INFO - Task exited with return code 0
[2025-09-27T00:40:03.800+0000] {taskinstance.py:3503} INFO - 0 downstream tasks scheduled from follow-on schedule check
[2025-09-27T00:40:03.800+0000] {local_task_job_runner.py:222} INFO - ::endgroup::
[2025-10-29T18:11:40.960+0000] {local_task_job_runner.py:120} INFO - ::group::Pre task execution logs
[2025-10-29T18:11:40.969+0000] {taskinstance.py:2076} INFO - Dependencies all met for dep_context=non-requeueable deps ti=<TaskInstance: openphish_silver.openphish_bronze_to_silver scheduled__2025-09-26T00:00:00+00:00 [queued]>
[2025-10-29T18:11:40.971+0000] {taskinstance.py:2076} INFO - Dependencies all met for dep_context=requeueable deps ti=<TaskInstance: openphish_silver.openphish_bronze_to_silver scheduled__2025-09-26T00:00:00+00:00 [queued]>
[2025-10-29T18:11:40.971+0000] {taskinstance.py:2306} INFO - Starting attempt 1 of 1
[2025-10-29T18:11:40.976+0000] {taskinstance.py:2330} INFO - Executing <Task(PythonOperator): openphish_bronze_to_silver> on 2025-09-26 00:00:00+00:00
[2025-10-29T18:11:40.979+0000] {standard_task_runner.py:90} INFO - Running: ['airflow', 'tasks', 'run', 'openphish_silver', 'openphish_bronze_to_silver', 'scheduled__2025-09-26T00:00:00+00:00', '--job-id', '128', '--raw', '--subdir', 'DAGS_FOLDER/openphish_silver.py', '--cfg-path', '/tmp/tmpn07uf2ll']
[2025-10-29T18:11:40.980+0000] {standard_task_runner.py:91} INFO - Job 128: Subtask openphish_bronze_to_silver
[2025-10-29T18:11:40.980+0000] {logging_mixin.py:188} WARNING - /home/airflow/.local/lib/python3.12/site-packages/airflow/task/task_runner/standard_task_runner.py:62 DeprecationWarning: This process (pid=3340) is multi-threaded, use of fork() may lead to deadlocks in the child.
[2025-10-29T18:11:40.982+0000] {standard_task_runner.py:64} INFO - Started process 3351 to run task
[2025-10-29T18:11:40.991+0000] {task_command.py:426} INFO - Running <TaskInstance: openphish_silver.openphish_bronze_to_silver scheduled__2025-09-26T00:00:00+00:00 [running]> on host 9a4b1d75930e
[2025-10-29T18:11:41.010+0000] {taskinstance.py:2648} INFO - Exporting env vars: AIRFLOW_CTX_DAG_OWNER='you' AIRFLOW_CTX_DAG_ID='openphish_silver' AIRFLOW_CTX_TASK_ID='openphish_bronze_to_silver' AIRFLOW_CTX_EXECUTION_DATE='2025-09-26T00:00:00+00:00' AIRFLOW_CTX_TRY_NUMBER='1' AIRFLOW_CTX_DAG_RUN_ID='scheduled__2025-09-26T00:00:00+00:00'
[2025-10-29T18:11:41.010+0000] {taskinstance.py:430} INFO - ::endgroup::
[2025-10-29T18:11:41.030+0000] {logging_mixin.py:188} INFO - [openphish_silver] 2025-09-26: wrote 206 rows -> /opt/airflow/silver/openphish/ingest_date=2025-09-26
[2025-10-29T18:11:41.031+0000] {python.py:237} INFO - Done. Returned value was: None
[2025-10-29T18:11:41.031+0000] {taskinstance.py:441} INFO - ::group::Post task execution logs
[2025-10-29T18:11:41.032+0000] {taskinstance.py:1206} INFO - Marking task as SUCCESS. dag_id=openphish_silver, task_id=openphish_bronze_to_silver, run_id=scheduled__2025-09-26T00:00:00+00:00, execution_date=20250926T000000, start_date=20251029T181140, end_date=20251029T181141
[2025-10-29T18:11:41.043+0000] {local_task_job_runner.py:243} INFO - Task exited with return code 0
[2025-10-29T18:11:41.047+0000] {taskinstance.py:3503} INFO - 0 downstream tasks scheduled from follow-on schedule check
[2025-10-29T18:11:41.047+0000] {local_task_job_runner.py:222} INFO - ::endgroup::
