[2025-10-29T17:16:27.617+0000] {local_task_job_runner.py:120} INFO - ::group::Pre task execution logs
[2025-10-29T17:16:27.625+0000] {taskinstance.py:2076} INFO - Dependencies all met for dep_context=non-requeueable deps ti=<TaskInstance: openphish_ingest.openphish_fetch_normalize_bronze scheduled__2025-10-08T00:00:00+00:00 [queued]>
[2025-10-29T17:16:27.626+0000] {taskinstance.py:2076} INFO - Dependencies all met for dep_context=requeueable deps ti=<TaskInstance: openphish_ingest.openphish_fetch_normalize_bronze scheduled__2025-10-08T00:00:00+00:00 [queued]>
[2025-10-29T17:16:27.626+0000] {taskinstance.py:2306} INFO - Starting attempt 1 of 2
[2025-10-29T17:16:27.630+0000] {taskinstance.py:2330} INFO - Executing <Task(PythonOperator): openphish_fetch_normalize_bronze> on 2025-10-08 00:00:00+00:00
[2025-10-29T17:16:27.633+0000] {warnings.py:112} WARNING - /home/airflow/.local/lib/python3.12/site-packages/airflow/task/task_runner/standard_task_runner.py:62: DeprecationWarning: This process (pid=2096) is multi-threaded, use of fork() may lead to deadlocks in the child.
  pid = os.fork()

[2025-10-29T17:16:27.633+0000] {standard_task_runner.py:64} INFO - Started process 2117 to run task
[2025-10-29T17:16:27.634+0000] {standard_task_runner.py:90} INFO - Running: ['airflow', 'tasks', 'run', 'openphish_ingest', 'openphish_fetch_normalize_bronze', 'scheduled__2025-10-08T00:00:00+00:00', '--job-id', '74', '--raw', '--subdir', 'DAGS_FOLDER/openphish_ingest.py', '--cfg-path', '/tmp/tmpxvlywhcj']
[2025-10-29T17:16:27.634+0000] {standard_task_runner.py:91} INFO - Job 74: Subtask openphish_fetch_normalize_bronze
[2025-10-29T17:16:27.646+0000] {task_command.py:426} INFO - Running <TaskInstance: openphish_ingest.openphish_fetch_normalize_bronze scheduled__2025-10-08T00:00:00+00:00 [running]> on host 109bbc934e0f
[2025-10-29T17:16:27.667+0000] {taskinstance.py:2648} INFO - Exporting env vars: AIRFLOW_CTX_DAG_OWNER='you' AIRFLOW_CTX_DAG_ID='openphish_ingest' AIRFLOW_CTX_TASK_ID='openphish_fetch_normalize_bronze' AIRFLOW_CTX_EXECUTION_DATE='2025-10-08T00:00:00+00:00' AIRFLOW_CTX_TRY_NUMBER='1' AIRFLOW_CTX_DAG_RUN_ID='scheduled__2025-10-08T00:00:00+00:00'
[2025-10-29T17:16:27.667+0000] {taskinstance.py:430} INFO - ::endgroup::
[2025-10-29T17:16:28.325+0000] {logging_mixin.py:188} INFO - [openphish_ingest] rows after normalize: 300
[2025-10-29T17:16:28.327+0000] {logging_mixin.py:188} INFO - [openphish] rows after normalize: 300
[2025-10-29T17:16:28.338+0000] {python.py:237} INFO - Done. Returned value was: None
[2025-10-29T17:16:28.338+0000] {taskinstance.py:441} INFO - ::group::Post task execution logs
[2025-10-29T17:16:28.340+0000] {taskinstance.py:1206} INFO - Marking task as SUCCESS. dag_id=openphish_ingest, task_id=openphish_fetch_normalize_bronze, run_id=scheduled__2025-10-08T00:00:00+00:00, execution_date=20251008T000000, start_date=20251029T171627, end_date=20251029T171628
[2025-10-29T17:16:28.371+0000] {local_task_job_runner.py:243} INFO - Task exited with return code 0
[2025-10-29T17:16:28.379+0000] {taskinstance.py:3503} INFO - 0 downstream tasks scheduled from follow-on schedule check
[2025-10-29T17:16:28.380+0000] {local_task_job_runner.py:222} INFO - ::endgroup::
[2025-10-29T18:13:55.740+0000] {local_task_job_runner.py:120} INFO - ::group::Pre task execution logs
[2025-10-29T18:13:55.747+0000] {taskinstance.py:2076} INFO - Dependencies all met for dep_context=non-requeueable deps ti=<TaskInstance: openphish_ingest.openphish_fetch_normalize_bronze scheduled__2025-10-08T00:00:00+00:00 [queued]>
[2025-10-29T18:13:55.749+0000] {taskinstance.py:2076} INFO - Dependencies all met for dep_context=requeueable deps ti=<TaskInstance: openphish_ingest.openphish_fetch_normalize_bronze scheduled__2025-10-08T00:00:00+00:00 [queued]>
[2025-10-29T18:13:55.749+0000] {taskinstance.py:2306} INFO - Starting attempt 1 of 2
[2025-10-29T18:13:55.752+0000] {taskinstance.py:2330} INFO - Executing <Task(PythonOperator): openphish_fetch_normalize_bronze> on 2025-10-08 00:00:00+00:00
[2025-10-29T18:13:55.755+0000] {warnings.py:112} WARNING - /home/airflow/.local/lib/python3.12/site-packages/airflow/task/task_runner/standard_task_runner.py:62: DeprecationWarning: This process (pid=4725) is multi-threaded, use of fork() may lead to deadlocks in the child.
  pid = os.fork()

[2025-10-29T18:13:55.756+0000] {standard_task_runner.py:64} INFO - Started process 4746 to run task
[2025-10-29T18:13:55.756+0000] {standard_task_runner.py:90} INFO - Running: ['airflow', 'tasks', 'run', 'openphish_ingest', 'openphish_fetch_normalize_bronze', 'scheduled__2025-10-08T00:00:00+00:00', '--job-id', '184', '--raw', '--subdir', 'DAGS_FOLDER/openphish_ingest.py', '--cfg-path', '/tmp/tmp58dwceof']
[2025-10-29T18:13:55.757+0000] {standard_task_runner.py:91} INFO - Job 184: Subtask openphish_fetch_normalize_bronze
[2025-10-29T18:13:55.768+0000] {task_command.py:426} INFO - Running <TaskInstance: openphish_ingest.openphish_fetch_normalize_bronze scheduled__2025-10-08T00:00:00+00:00 [running]> on host 9a4b1d75930e
[2025-10-29T18:13:55.789+0000] {taskinstance.py:2648} INFO - Exporting env vars: AIRFLOW_CTX_DAG_OWNER='you' AIRFLOW_CTX_DAG_ID='openphish_ingest' AIRFLOW_CTX_TASK_ID='openphish_fetch_normalize_bronze' AIRFLOW_CTX_EXECUTION_DATE='2025-10-08T00:00:00+00:00' AIRFLOW_CTX_TRY_NUMBER='1' AIRFLOW_CTX_DAG_RUN_ID='scheduled__2025-10-08T00:00:00+00:00'
[2025-10-29T18:13:55.789+0000] {taskinstance.py:430} INFO - ::endgroup::
[2025-10-29T18:13:56.440+0000] {logging_mixin.py:188} INFO - [openphish_ingest] rows after normalize: 300
[2025-10-29T18:13:56.442+0000] {logging_mixin.py:188} INFO - [openphish] rows after normalize: 300
[2025-10-29T18:13:56.452+0000] {python.py:237} INFO - Done. Returned value was: None
[2025-10-29T18:13:56.453+0000] {taskinstance.py:441} INFO - ::group::Post task execution logs
[2025-10-29T18:13:56.455+0000] {taskinstance.py:1206} INFO - Marking task as SUCCESS. dag_id=openphish_ingest, task_id=openphish_fetch_normalize_bronze, run_id=scheduled__2025-10-08T00:00:00+00:00, execution_date=20251008T000000, start_date=20251029T181355, end_date=20251029T181356
[2025-10-29T18:13:56.471+0000] {local_task_job_runner.py:243} INFO - Task exited with return code 0
[2025-10-29T18:13:56.476+0000] {taskinstance.py:3503} INFO - 0 downstream tasks scheduled from follow-on schedule check
[2025-10-29T18:13:56.476+0000] {local_task_job_runner.py:222} INFO - ::endgroup::
