[2025-09-29T00:00:04.831+0000] {local_task_job_runner.py:120} INFO - ::group::Pre task execution logs
[2025-09-29T00:00:04.840+0000] {taskinstance.py:2076} INFO - Dependencies all met for dep_context=non-requeueable deps ti=<TaskInstance: openphish_silver.openphish_bronze_to_silver scheduled__2025-09-28T00:00:00+00:00 [queued]>
[2025-09-29T00:00:04.842+0000] {taskinstance.py:2076} INFO - Dependencies all met for dep_context=requeueable deps ti=<TaskInstance: openphish_silver.openphish_bronze_to_silver scheduled__2025-09-28T00:00:00+00:00 [queued]>
[2025-09-29T00:00:04.842+0000] {taskinstance.py:2306} INFO - Starting attempt 1 of 1
[2025-09-29T00:00:04.847+0000] {taskinstance.py:2330} INFO - Executing <Task(PythonOperator): openphish_bronze_to_silver> on 2025-09-28 00:00:00+00:00
[2025-09-29T00:00:04.851+0000] {standard_task_runner.py:90} INFO - Running: ['airflow', 'tasks', 'run', 'openphish_silver', 'openphish_bronze_to_silver', 'scheduled__2025-09-28T00:00:00+00:00', '--job-id', '52', '--raw', '--subdir', 'DAGS_FOLDER/openphish_silver.py', '--cfg-path', '/tmp/tmpleqew4r1']
[2025-09-29T00:00:04.852+0000] {standard_task_runner.py:91} INFO - Job 52: Subtask openphish_bronze_to_silver
[2025-09-29T00:00:04.852+0000] {logging_mixin.py:188} WARNING - /home/airflow/.local/lib/python3.12/site-packages/airflow/task/task_runner/standard_task_runner.py:62 DeprecationWarning: This process (pid=28265) is multi-threaded, use of fork() may lead to deadlocks in the child.
[2025-09-29T00:00:04.854+0000] {standard_task_runner.py:64} INFO - Started process 28276 to run task
[2025-09-29T00:00:04.864+0000] {task_command.py:426} INFO - Running <TaskInstance: openphish_silver.openphish_bronze_to_silver scheduled__2025-09-28T00:00:00+00:00 [running]> on host 539ffd8f219e
[2025-09-29T00:00:04.884+0000] {taskinstance.py:2648} INFO - Exporting env vars: AIRFLOW_CTX_DAG_OWNER='you' AIRFLOW_CTX_DAG_ID='openphish_silver' AIRFLOW_CTX_TASK_ID='openphish_bronze_to_silver' AIRFLOW_CTX_EXECUTION_DATE='2025-09-28T00:00:00+00:00' AIRFLOW_CTX_TRY_NUMBER='1' AIRFLOW_CTX_DAG_RUN_ID='scheduled__2025-09-28T00:00:00+00:00'
[2025-09-29T00:00:04.885+0000] {taskinstance.py:430} INFO - ::endgroup::
[2025-09-29T00:00:04.995+0000] {logging_mixin.py:188} INFO - [openphish_silver] wrote 561 rows -> /opt/airflow/silver/openphish/ingest_date=2025-09-28
[2025-09-29T00:00:04.995+0000] {python.py:237} INFO - Done. Returned value was: None
[2025-09-29T00:00:04.995+0000] {taskinstance.py:441} INFO - ::group::Post task execution logs
[2025-09-29T00:00:04.997+0000] {taskinstance.py:1206} INFO - Marking task as SUCCESS. dag_id=openphish_silver, task_id=openphish_bronze_to_silver, run_id=scheduled__2025-09-28T00:00:00+00:00, execution_date=20250928T000000, start_date=20250929T000004, end_date=20250929T000004
[2025-09-29T00:00:05.039+0000] {local_task_job_runner.py:243} INFO - Task exited with return code 0
[2025-09-29T00:00:05.043+0000] {taskinstance.py:3503} INFO - 0 downstream tasks scheduled from follow-on schedule check
[2025-09-29T00:00:05.043+0000] {local_task_job_runner.py:222} INFO - ::endgroup::
[2025-10-29T18:12:06.136+0000] {local_task_job_runner.py:120} INFO - ::group::Pre task execution logs
[2025-10-29T18:12:06.145+0000] {taskinstance.py:2076} INFO - Dependencies all met for dep_context=non-requeueable deps ti=<TaskInstance: openphish_silver.openphish_bronze_to_silver scheduled__2025-09-28T00:00:00+00:00 [queued]>
[2025-10-29T18:12:06.147+0000] {taskinstance.py:2076} INFO - Dependencies all met for dep_context=requeueable deps ti=<TaskInstance: openphish_silver.openphish_bronze_to_silver scheduled__2025-09-28T00:00:00+00:00 [queued]>
[2025-10-29T18:12:06.147+0000] {taskinstance.py:2306} INFO - Starting attempt 1 of 1
[2025-10-29T18:12:06.152+0000] {taskinstance.py:2330} INFO - Executing <Task(PythonOperator): openphish_bronze_to_silver> on 2025-09-28 00:00:00+00:00
[2025-10-29T18:12:06.155+0000] {standard_task_runner.py:90} INFO - Running: ['airflow', 'tasks', 'run', 'openphish_silver', 'openphish_bronze_to_silver', 'scheduled__2025-09-28T00:00:00+00:00', '--job-id', '138', '--raw', '--subdir', 'DAGS_FOLDER/openphish_silver.py', '--cfg-path', '/tmp/tmpkcgdket1']
[2025-10-29T18:12:06.156+0000] {standard_task_runner.py:91} INFO - Job 138: Subtask openphish_bronze_to_silver
[2025-10-29T18:12:06.156+0000] {logging_mixin.py:188} WARNING - /home/airflow/.local/lib/python3.12/site-packages/airflow/task/task_runner/standard_task_runner.py:62 DeprecationWarning: This process (pid=3595) is multi-threaded, use of fork() may lead to deadlocks in the child.
[2025-10-29T18:12:06.159+0000] {standard_task_runner.py:64} INFO - Started process 3606 to run task
[2025-10-29T18:12:06.169+0000] {task_command.py:426} INFO - Running <TaskInstance: openphish_silver.openphish_bronze_to_silver scheduled__2025-09-28T00:00:00+00:00 [running]> on host 9a4b1d75930e
[2025-10-29T18:12:06.189+0000] {taskinstance.py:2648} INFO - Exporting env vars: AIRFLOW_CTX_DAG_OWNER='you' AIRFLOW_CTX_DAG_ID='openphish_silver' AIRFLOW_CTX_TASK_ID='openphish_bronze_to_silver' AIRFLOW_CTX_EXECUTION_DATE='2025-09-28T00:00:00+00:00' AIRFLOW_CTX_TRY_NUMBER='1' AIRFLOW_CTX_DAG_RUN_ID='scheduled__2025-09-28T00:00:00+00:00'
[2025-10-29T18:12:06.190+0000] {taskinstance.py:430} INFO - ::endgroup::
[2025-10-29T18:12:06.213+0000] {logging_mixin.py:188} INFO - [openphish_silver] 2025-09-28: wrote 206 rows -> /opt/airflow/silver/openphish/ingest_date=2025-09-28
[2025-10-29T18:12:06.213+0000] {python.py:237} INFO - Done. Returned value was: None
[2025-10-29T18:12:06.213+0000] {taskinstance.py:441} INFO - ::group::Post task execution logs
[2025-10-29T18:12:06.215+0000] {taskinstance.py:1206} INFO - Marking task as SUCCESS. dag_id=openphish_silver, task_id=openphish_bronze_to_silver, run_id=scheduled__2025-09-28T00:00:00+00:00, execution_date=20250928T000000, start_date=20251029T181206, end_date=20251029T181206
[2025-10-29T18:12:06.261+0000] {local_task_job_runner.py:243} INFO - Task exited with return code 0
[2025-10-29T18:12:06.265+0000] {taskinstance.py:3503} INFO - 0 downstream tasks scheduled from follow-on schedule check
[2025-10-29T18:12:06.265+0000] {local_task_job_runner.py:222} INFO - ::endgroup::
