[2025-10-29T17:18:37.587+0000] {local_task_job_runner.py:120} INFO - ::group::Pre task execution logs
[2025-10-29T17:18:37.594+0000] {taskinstance.py:2076} INFO - Dependencies all met for dep_context=non-requeueable deps ti=<TaskInstance: urlhaus_ingest.urlhaus_fetch_normalize_bronze scheduled__2025-10-21T00:00:00+00:00 [queued]>
[2025-10-29T17:18:37.596+0000] {taskinstance.py:2076} INFO - Dependencies all met for dep_context=requeueable deps ti=<TaskInstance: urlhaus_ingest.urlhaus_fetch_normalize_bronze scheduled__2025-10-21T00:00:00+00:00 [queued]>
[2025-10-29T17:18:37.596+0000] {taskinstance.py:2306} INFO - Starting attempt 1 of 2
[2025-10-29T17:18:37.600+0000] {taskinstance.py:2330} INFO - Executing <Task(PythonOperator): urlhaus_fetch_normalize_bronze> on 2025-10-21 00:00:00+00:00
[2025-10-29T17:18:37.603+0000] {warnings.py:112} WARNING - /home/airflow/.local/lib/python3.12/site-packages/airflow/task/task_runner/standard_task_runner.py:62: DeprecationWarning: This process (pid=3106) is multi-threaded, use of fork() may lead to deadlocks in the child.
  pid = os.fork()

[2025-10-29T17:18:37.603+0000] {standard_task_runner.py:64} INFO - Started process 3127 to run task
[2025-10-29T17:18:37.603+0000] {standard_task_runner.py:90} INFO - Running: ['airflow', 'tasks', 'run', 'urlhaus_ingest', 'urlhaus_fetch_normalize_bronze', 'scheduled__2025-10-21T00:00:00+00:00', '--job-id', '111', '--raw', '--subdir', 'DAGS_FOLDER/urlhaus_ingest.py', '--cfg-path', '/tmp/tmp2myx6zof']
[2025-10-29T17:18:37.604+0000] {standard_task_runner.py:91} INFO - Job 111: Subtask urlhaus_fetch_normalize_bronze
[2025-10-29T17:18:37.615+0000] {task_command.py:426} INFO - Running <TaskInstance: urlhaus_ingest.urlhaus_fetch_normalize_bronze scheduled__2025-10-21T00:00:00+00:00 [running]> on host 109bbc934e0f
[2025-10-29T17:18:37.636+0000] {taskinstance.py:2648} INFO - Exporting env vars: AIRFLOW_CTX_DAG_OWNER='you' AIRFLOW_CTX_DAG_ID='urlhaus_ingest' AIRFLOW_CTX_TASK_ID='urlhaus_fetch_normalize_bronze' AIRFLOW_CTX_EXECUTION_DATE='2025-10-21T00:00:00+00:00' AIRFLOW_CTX_TRY_NUMBER='1' AIRFLOW_CTX_DAG_RUN_ID='scheduled__2025-10-21T00:00:00+00:00'
[2025-10-29T17:18:37.636+0000] {taskinstance.py:430} INFO - ::endgroup::
[2025-10-29T17:18:37.787+0000] {logging_mixin.py:188} INFO - [urlhaus_ingest] rows after normalize: 21313
[2025-10-29T17:18:37.798+0000] {logging_mixin.py:188} INFO - [urlhaus] rows after normalize: 21313
[2025-10-29T17:18:37.820+0000] {python.py:237} INFO - Done. Returned value was: None
[2025-10-29T17:18:37.820+0000] {taskinstance.py:441} INFO - ::group::Post task execution logs
[2025-10-29T17:18:37.822+0000] {taskinstance.py:1206} INFO - Marking task as SUCCESS. dag_id=urlhaus_ingest, task_id=urlhaus_fetch_normalize_bronze, run_id=scheduled__2025-10-21T00:00:00+00:00, execution_date=20251021T000000, start_date=20251029T171837, end_date=20251029T171837
[2025-10-29T17:18:37.831+0000] {local_task_job_runner.py:243} INFO - Task exited with return code 0
[2025-10-29T17:18:37.835+0000] {taskinstance.py:3503} INFO - 0 downstream tasks scheduled from follow-on schedule check
[2025-10-29T17:18:37.835+0000] {local_task_job_runner.py:222} INFO - ::endgroup::
[2025-10-29T18:16:35.107+0000] {local_task_job_runner.py:120} INFO - ::group::Pre task execution logs
[2025-10-29T18:16:35.115+0000] {taskinstance.py:2076} INFO - Dependencies all met for dep_context=non-requeueable deps ti=<TaskInstance: urlhaus_ingest.urlhaus_fetch_normalize_bronze scheduled__2025-10-21T00:00:00+00:00 [queued]>
[2025-10-29T18:16:35.117+0000] {taskinstance.py:2076} INFO - Dependencies all met for dep_context=requeueable deps ti=<TaskInstance: urlhaus_ingest.urlhaus_fetch_normalize_bronze scheduled__2025-10-21T00:00:00+00:00 [queued]>
[2025-10-29T18:16:35.117+0000] {taskinstance.py:2306} INFO - Starting attempt 1 of 2
[2025-10-29T18:16:35.121+0000] {taskinstance.py:2330} INFO - Executing <Task(PythonOperator): urlhaus_fetch_normalize_bronze> on 2025-10-21 00:00:00+00:00
[2025-10-29T18:16:35.124+0000] {warnings.py:112} WARNING - /home/airflow/.local/lib/python3.12/site-packages/airflow/task/task_runner/standard_task_runner.py:62: DeprecationWarning: This process (pid=6374) is multi-threaded, use of fork() may lead to deadlocks in the child.
  pid = os.fork()

[2025-10-29T18:16:35.124+0000] {standard_task_runner.py:64} INFO - Started process 6395 to run task
[2025-10-29T18:16:35.125+0000] {standard_task_runner.py:90} INFO - Running: ['airflow', 'tasks', 'run', 'urlhaus_ingest', 'urlhaus_fetch_normalize_bronze', 'scheduled__2025-10-21T00:00:00+00:00', '--job-id', '251', '--raw', '--subdir', 'DAGS_FOLDER/urlhaus_ingest.py', '--cfg-path', '/tmp/tmpf_qz7icd']
[2025-10-29T18:16:35.125+0000] {standard_task_runner.py:91} INFO - Job 251: Subtask urlhaus_fetch_normalize_bronze
[2025-10-29T18:16:35.138+0000] {task_command.py:426} INFO - Running <TaskInstance: urlhaus_ingest.urlhaus_fetch_normalize_bronze scheduled__2025-10-21T00:00:00+00:00 [running]> on host 9a4b1d75930e
[2025-10-29T18:16:35.159+0000] {taskinstance.py:2648} INFO - Exporting env vars: AIRFLOW_CTX_DAG_OWNER='you' AIRFLOW_CTX_DAG_ID='urlhaus_ingest' AIRFLOW_CTX_TASK_ID='urlhaus_fetch_normalize_bronze' AIRFLOW_CTX_EXECUTION_DATE='2025-10-21T00:00:00+00:00' AIRFLOW_CTX_TRY_NUMBER='1' AIRFLOW_CTX_DAG_RUN_ID='scheduled__2025-10-21T00:00:00+00:00'
[2025-10-29T18:16:35.159+0000] {taskinstance.py:430} INFO - ::endgroup::
[2025-10-29T18:16:35.557+0000] {logging_mixin.py:188} INFO - [urlhaus_ingest] rows after normalize: 21293
[2025-10-29T18:16:35.569+0000] {logging_mixin.py:188} INFO - [urlhaus] rows after normalize: 21293
[2025-10-29T18:16:35.595+0000] {python.py:237} INFO - Done. Returned value was: None
[2025-10-29T18:16:35.595+0000] {taskinstance.py:441} INFO - ::group::Post task execution logs
[2025-10-29T18:16:35.599+0000] {taskinstance.py:1206} INFO - Marking task as SUCCESS. dag_id=urlhaus_ingest, task_id=urlhaus_fetch_normalize_bronze, run_id=scheduled__2025-10-21T00:00:00+00:00, execution_date=20251021T000000, start_date=20251029T181635, end_date=20251029T181635
[2025-10-29T18:16:35.616+0000] {local_task_job_runner.py:243} INFO - Task exited with return code 0
[2025-10-29T18:16:35.622+0000] {taskinstance.py:3503} INFO - 0 downstream tasks scheduled from follow-on schedule check
[2025-10-29T18:16:35.623+0000] {local_task_job_runner.py:222} INFO - ::endgroup::
