[2025-10-29T17:16:42.762+0000] {local_task_job_runner.py:120} INFO - ::group::Pre task execution logs
[2025-10-29T17:16:42.772+0000] {taskinstance.py:2076} INFO - Dependencies all met for dep_context=non-requeueable deps ti=<TaskInstance: openphish_ingest.openphish_fetch_normalize_bronze scheduled__2025-10-10T00:00:00+00:00 [queued]>
[2025-10-29T17:16:42.778+0000] {taskinstance.py:2076} INFO - Dependencies all met for dep_context=requeueable deps ti=<TaskInstance: openphish_ingest.openphish_fetch_normalize_bronze scheduled__2025-10-10T00:00:00+00:00 [queued]>
[2025-10-29T17:16:42.780+0000] {taskinstance.py:2306} INFO - Starting attempt 1 of 2
[2025-10-29T17:16:42.784+0000] {taskinstance.py:2330} INFO - Executing <Task(PythonOperator): openphish_fetch_normalize_bronze> on 2025-10-10 00:00:00+00:00
[2025-10-29T17:16:42.787+0000] {warnings.py:112} WARNING - /home/airflow/.local/lib/python3.12/site-packages/airflow/task/task_runner/standard_task_runner.py:62: DeprecationWarning: This process (pid=2204) is multi-threaded, use of fork() may lead to deadlocks in the child.
  pid = os.fork()

[2025-10-29T17:16:42.788+0000] {standard_task_runner.py:64} INFO - Started process 2225 to run task
[2025-10-29T17:16:42.789+0000] {standard_task_runner.py:90} INFO - Running: ['airflow', 'tasks', 'run', 'openphish_ingest', 'openphish_fetch_normalize_bronze', 'scheduled__2025-10-10T00:00:00+00:00', '--job-id', '78', '--raw', '--subdir', 'DAGS_FOLDER/openphish_ingest.py', '--cfg-path', '/tmp/tmp0t1bdpwg']
[2025-10-29T17:16:42.789+0000] {standard_task_runner.py:91} INFO - Job 78: Subtask openphish_fetch_normalize_bronze
[2025-10-29T17:16:42.801+0000] {task_command.py:426} INFO - Running <TaskInstance: openphish_ingest.openphish_fetch_normalize_bronze scheduled__2025-10-10T00:00:00+00:00 [running]> on host 109bbc934e0f
[2025-10-29T17:16:42.824+0000] {taskinstance.py:2648} INFO - Exporting env vars: AIRFLOW_CTX_DAG_OWNER='you' AIRFLOW_CTX_DAG_ID='openphish_ingest' AIRFLOW_CTX_TASK_ID='openphish_fetch_normalize_bronze' AIRFLOW_CTX_EXECUTION_DATE='2025-10-10T00:00:00+00:00' AIRFLOW_CTX_TRY_NUMBER='1' AIRFLOW_CTX_DAG_RUN_ID='scheduled__2025-10-10T00:00:00+00:00'
[2025-10-29T17:16:42.824+0000] {taskinstance.py:430} INFO - ::endgroup::
[2025-10-29T17:16:43.475+0000] {logging_mixin.py:188} INFO - [openphish_ingest] rows after normalize: 300
[2025-10-29T17:16:43.479+0000] {logging_mixin.py:188} INFO - [openphish] rows after normalize: 300
[2025-10-29T17:16:43.489+0000] {python.py:237} INFO - Done. Returned value was: None
[2025-10-29T17:16:43.489+0000] {taskinstance.py:441} INFO - ::group::Post task execution logs
[2025-10-29T17:16:43.491+0000] {taskinstance.py:1206} INFO - Marking task as SUCCESS. dag_id=openphish_ingest, task_id=openphish_fetch_normalize_bronze, run_id=scheduled__2025-10-10T00:00:00+00:00, execution_date=20251010T000000, start_date=20251029T171642, end_date=20251029T171643
[2025-10-29T17:16:43.521+0000] {local_task_job_runner.py:243} INFO - Task exited with return code 0
[2025-10-29T17:16:43.526+0000] {taskinstance.py:3503} INFO - 0 downstream tasks scheduled from follow-on schedule check
[2025-10-29T17:16:43.526+0000] {local_task_job_runner.py:222} INFO - ::endgroup::
[2025-10-29T18:14:17.233+0000] {local_task_job_runner.py:120} INFO - ::group::Pre task execution logs
[2025-10-29T18:14:17.241+0000] {taskinstance.py:2076} INFO - Dependencies all met for dep_context=non-requeueable deps ti=<TaskInstance: openphish_ingest.openphish_fetch_normalize_bronze scheduled__2025-10-10T00:00:00+00:00 [queued]>
[2025-10-29T18:14:17.243+0000] {taskinstance.py:2076} INFO - Dependencies all met for dep_context=requeueable deps ti=<TaskInstance: openphish_ingest.openphish_fetch_normalize_bronze scheduled__2025-10-10T00:00:00+00:00 [queued]>
[2025-10-29T18:14:17.243+0000] {taskinstance.py:2306} INFO - Starting attempt 1 of 2
[2025-10-29T18:14:17.246+0000] {taskinstance.py:2330} INFO - Executing <Task(PythonOperator): openphish_fetch_normalize_bronze> on 2025-10-10 00:00:00+00:00
[2025-10-29T18:14:17.249+0000] {warnings.py:112} WARNING - /home/airflow/.local/lib/python3.12/site-packages/airflow/task/task_runner/standard_task_runner.py:62: DeprecationWarning: This process (pid=4958) is multi-threaded, use of fork() may lead to deadlocks in the child.
  pid = os.fork()

[2025-10-29T18:14:17.249+0000] {standard_task_runner.py:64} INFO - Started process 4979 to run task
[2025-10-29T18:14:17.250+0000] {standard_task_runner.py:90} INFO - Running: ['airflow', 'tasks', 'run', 'openphish_ingest', 'openphish_fetch_normalize_bronze', 'scheduled__2025-10-10T00:00:00+00:00', '--job-id', '194', '--raw', '--subdir', 'DAGS_FOLDER/openphish_ingest.py', '--cfg-path', '/tmp/tmp2yfm3t4j']
[2025-10-29T18:14:17.250+0000] {standard_task_runner.py:91} INFO - Job 194: Subtask openphish_fetch_normalize_bronze
[2025-10-29T18:14:17.262+0000] {task_command.py:426} INFO - Running <TaskInstance: openphish_ingest.openphish_fetch_normalize_bronze scheduled__2025-10-10T00:00:00+00:00 [running]> on host 9a4b1d75930e
[2025-10-29T18:14:17.282+0000] {taskinstance.py:2648} INFO - Exporting env vars: AIRFLOW_CTX_DAG_OWNER='you' AIRFLOW_CTX_DAG_ID='openphish_ingest' AIRFLOW_CTX_TASK_ID='openphish_fetch_normalize_bronze' AIRFLOW_CTX_EXECUTION_DATE='2025-10-10T00:00:00+00:00' AIRFLOW_CTX_TRY_NUMBER='1' AIRFLOW_CTX_DAG_RUN_ID='scheduled__2025-10-10T00:00:00+00:00'
[2025-10-29T18:14:17.283+0000] {taskinstance.py:430} INFO - ::endgroup::
[2025-10-29T18:14:18.912+0000] {logging_mixin.py:188} INFO - [openphish_ingest] rows after normalize: 300
[2025-10-29T18:14:18.917+0000] {logging_mixin.py:188} INFO - [openphish] rows after normalize: 300
[2025-10-29T18:14:18.936+0000] {python.py:237} INFO - Done. Returned value was: None
[2025-10-29T18:14:18.937+0000] {taskinstance.py:441} INFO - ::group::Post task execution logs
[2025-10-29T18:14:18.939+0000] {taskinstance.py:1206} INFO - Marking task as SUCCESS. dag_id=openphish_ingest, task_id=openphish_fetch_normalize_bronze, run_id=scheduled__2025-10-10T00:00:00+00:00, execution_date=20251010T000000, start_date=20251029T181417, end_date=20251029T181418
[2025-10-29T18:14:18.974+0000] {local_task_job_runner.py:243} INFO - Task exited with return code 0
[2025-10-29T18:14:18.979+0000] {taskinstance.py:3503} INFO - 0 downstream tasks scheduled from follow-on schedule check
[2025-10-29T18:14:18.979+0000] {local_task_job_runner.py:222} INFO - ::endgroup::
