[2025-09-22T00:01:34.326+0000] {local_task_job_runner.py:120} INFO - ::group::Pre task execution logs
[2025-09-22T00:01:34.338+0000] {taskinstance.py:2076} INFO - Dependencies all met for dep_context=non-requeueable deps ti=<TaskInstance: urlhaus_ingest.urlhaus_fetch_normalize_bronze scheduled__2025-09-21T00:00:00+00:00 [queued]>
[2025-09-22T00:01:34.340+0000] {taskinstance.py:2076} INFO - Dependencies all met for dep_context=requeueable deps ti=<TaskInstance: urlhaus_ingest.urlhaus_fetch_normalize_bronze scheduled__2025-09-21T00:00:00+00:00 [queued]>
[2025-09-22T00:01:34.340+0000] {taskinstance.py:2306} INFO - Starting attempt 1 of 2
[2025-09-22T00:01:34.345+0000] {taskinstance.py:2330} INFO - Executing <Task(PythonOperator): urlhaus_fetch_normalize_bronze> on 2025-09-21 00:00:00+00:00
[2025-09-22T00:01:34.350+0000] {warnings.py:112} WARNING - /home/airflow/.local/lib/python3.12/site-packages/airflow/task/task_runner/standard_task_runner.py:62: DeprecationWarning: This process (pid=57588) is multi-threaded, use of fork() may lead to deadlocks in the child.
  pid = os.fork()

[2025-09-22T00:01:34.351+0000] {standard_task_runner.py:64} INFO - Started process 57609 to run task
[2025-09-22T00:01:34.351+0000] {standard_task_runner.py:90} INFO - Running: ['airflow', 'tasks', 'run', 'urlhaus_ingest', 'urlhaus_fetch_normalize_bronze', 'scheduled__2025-09-21T00:00:00+00:00', '--job-id', '23', '--raw', '--subdir', 'DAGS_FOLDER/urlhaus_ingest.py', '--cfg-path', '/tmp/tmpqdpnqvek']
[2025-09-22T00:01:34.352+0000] {standard_task_runner.py:91} INFO - Job 23: Subtask urlhaus_fetch_normalize_bronze
[2025-09-22T00:01:34.371+0000] {task_command.py:426} INFO - Running <TaskInstance: urlhaus_ingest.urlhaus_fetch_normalize_bronze scheduled__2025-09-21T00:00:00+00:00 [running]> on host 367d1d51de70
[2025-09-22T00:01:34.400+0000] {taskinstance.py:2648} INFO - Exporting env vars: AIRFLOW_CTX_DAG_OWNER='you' AIRFLOW_CTX_DAG_ID='urlhaus_ingest' AIRFLOW_CTX_TASK_ID='urlhaus_fetch_normalize_bronze' AIRFLOW_CTX_EXECUTION_DATE='2025-09-21T00:00:00+00:00' AIRFLOW_CTX_TRY_NUMBER='1' AIRFLOW_CTX_DAG_RUN_ID='scheduled__2025-09-21T00:00:00+00:00'
[2025-09-22T00:01:34.401+0000] {taskinstance.py:430} INFO - ::endgroup::
[2025-09-22T00:01:34.976+0000] {logging_mixin.py:188} INFO - [urlhaus] rows after normalize: 10841
[2025-09-22T00:01:35.023+0000] {python.py:237} INFO - Done. Returned value was: None
[2025-09-22T00:01:35.023+0000] {taskinstance.py:441} INFO - ::group::Post task execution logs
[2025-09-22T00:01:35.025+0000] {taskinstance.py:1206} INFO - Marking task as SUCCESS. dag_id=urlhaus_ingest, task_id=urlhaus_fetch_normalize_bronze, run_id=scheduled__2025-09-21T00:00:00+00:00, execution_date=20250921T000000, start_date=20250922T000134, end_date=20250922T000135
[2025-09-22T00:01:35.034+0000] {local_task_job_runner.py:243} INFO - Task exited with return code 0
[2025-09-22T00:01:35.042+0000] {taskinstance.py:3503} INFO - 0 downstream tasks scheduled from follow-on schedule check
[2025-09-22T00:01:35.042+0000] {local_task_job_runner.py:222} INFO - ::endgroup::
[2025-09-22T18:11:40.625+0000] {local_task_job_runner.py:120} INFO - ::group::Pre task execution logs
[2025-09-22T18:11:40.633+0000] {taskinstance.py:2076} INFO - Dependencies all met for dep_context=non-requeueable deps ti=<TaskInstance: urlhaus_ingest.urlhaus_fetch_normalize_bronze scheduled__2025-09-21T00:00:00+00:00 [queued]>
[2025-09-22T18:11:40.635+0000] {taskinstance.py:2076} INFO - Dependencies all met for dep_context=requeueable deps ti=<TaskInstance: urlhaus_ingest.urlhaus_fetch_normalize_bronze scheduled__2025-09-21T00:00:00+00:00 [queued]>
[2025-09-22T18:11:40.635+0000] {taskinstance.py:2306} INFO - Starting attempt 1 of 2
[2025-09-22T18:11:40.640+0000] {taskinstance.py:2330} INFO - Executing <Task(PythonOperator): urlhaus_fetch_normalize_bronze> on 2025-09-21 00:00:00+00:00
[2025-09-22T18:11:40.643+0000] {warnings.py:112} WARNING - /home/airflow/.local/lib/python3.12/site-packages/airflow/task/task_runner/standard_task_runner.py:62: DeprecationWarning: This process (pid=231) is multi-threaded, use of fork() may lead to deadlocks in the child.
  pid = os.fork()

[2025-09-22T18:11:40.643+0000] {standard_task_runner.py:64} INFO - Started process 252 to run task
[2025-09-22T18:11:40.644+0000] {standard_task_runner.py:90} INFO - Running: ['airflow', 'tasks', 'run', 'urlhaus_ingest', 'urlhaus_fetch_normalize_bronze', 'scheduled__2025-09-21T00:00:00+00:00', '--job-id', '4', '--raw', '--subdir', 'DAGS_FOLDER/urlhaus_ingest.py', '--cfg-path', '/tmp/tmpc26rjqow']
[2025-09-22T18:11:40.644+0000] {standard_task_runner.py:91} INFO - Job 4: Subtask urlhaus_fetch_normalize_bronze
[2025-09-22T18:11:40.659+0000] {task_command.py:426} INFO - Running <TaskInstance: urlhaus_ingest.urlhaus_fetch_normalize_bronze scheduled__2025-09-21T00:00:00+00:00 [running]> on host 2f88845a25ff
[2025-09-22T18:11:40.681+0000] {taskinstance.py:2648} INFO - Exporting env vars: AIRFLOW_CTX_DAG_OWNER='you' AIRFLOW_CTX_DAG_ID='urlhaus_ingest' AIRFLOW_CTX_TASK_ID='urlhaus_fetch_normalize_bronze' AIRFLOW_CTX_EXECUTION_DATE='2025-09-21T00:00:00+00:00' AIRFLOW_CTX_TRY_NUMBER='1' AIRFLOW_CTX_DAG_RUN_ID='scheduled__2025-09-21T00:00:00+00:00'
[2025-09-22T18:11:40.681+0000] {taskinstance.py:430} INFO - ::endgroup::
[2025-09-22T18:11:40.942+0000] {logging_mixin.py:188} INFO - [urlhaus_ingest] rows after normalize: 10603
[2025-09-22T18:11:40.949+0000] {logging_mixin.py:188} INFO - [urlhaus] rows after normalize: 10603
[2025-09-22T18:11:40.989+0000] {python.py:237} INFO - Done. Returned value was: None
[2025-09-22T18:11:40.990+0000] {taskinstance.py:441} INFO - ::group::Post task execution logs
[2025-09-22T18:11:40.991+0000] {taskinstance.py:1206} INFO - Marking task as SUCCESS. dag_id=urlhaus_ingest, task_id=urlhaus_fetch_normalize_bronze, run_id=scheduled__2025-09-21T00:00:00+00:00, execution_date=20250921T000000, start_date=20250922T181140, end_date=20250922T181140
[2025-09-22T18:11:41.031+0000] {local_task_job_runner.py:243} INFO - Task exited with return code 0
[2025-09-22T18:11:41.037+0000] {taskinstance.py:3503} INFO - 0 downstream tasks scheduled from follow-on schedule check
[2025-09-22T18:11:41.038+0000] {local_task_job_runner.py:222} INFO - ::endgroup::
[2025-09-22T18:22:13.507+0000] {local_task_job_runner.py:120} INFO - ::group::Pre task execution logs
[2025-09-22T18:22:13.518+0000] {taskinstance.py:2076} INFO - Dependencies all met for dep_context=non-requeueable deps ti=<TaskInstance: urlhaus_ingest.urlhaus_fetch_normalize_bronze scheduled__2025-09-21T00:00:00+00:00 [queued]>
[2025-09-22T18:22:13.520+0000] {taskinstance.py:2076} INFO - Dependencies all met for dep_context=requeueable deps ti=<TaskInstance: urlhaus_ingest.urlhaus_fetch_normalize_bronze scheduled__2025-09-21T00:00:00+00:00 [queued]>
[2025-09-22T18:22:13.520+0000] {taskinstance.py:2306} INFO - Starting attempt 1 of 2
[2025-09-22T18:22:13.526+0000] {taskinstance.py:2330} INFO - Executing <Task(PythonOperator): urlhaus_fetch_normalize_bronze> on 2025-09-21 00:00:00+00:00
[2025-09-22T18:22:13.530+0000] {warnings.py:112} WARNING - /home/airflow/.local/lib/python3.12/site-packages/airflow/task/task_runner/standard_task_runner.py:62: DeprecationWarning: This process (pid=189) is multi-threaded, use of fork() may lead to deadlocks in the child.
  pid = os.fork()

[2025-09-22T18:22:13.530+0000] {standard_task_runner.py:64} INFO - Started process 210 to run task
[2025-09-22T18:22:13.531+0000] {standard_task_runner.py:90} INFO - Running: ['airflow', 'tasks', 'run', 'urlhaus_ingest', 'urlhaus_fetch_normalize_bronze', 'scheduled__2025-09-21T00:00:00+00:00', '--job-id', '3', '--raw', '--subdir', 'DAGS_FOLDER/urlhaus_ingest.py', '--cfg-path', '/tmp/tmpjujvk2de']
[2025-09-22T18:22:13.533+0000] {standard_task_runner.py:91} INFO - Job 3: Subtask urlhaus_fetch_normalize_bronze
[2025-09-22T18:22:13.547+0000] {task_command.py:426} INFO - Running <TaskInstance: urlhaus_ingest.urlhaus_fetch_normalize_bronze scheduled__2025-09-21T00:00:00+00:00 [running]> on host 539ffd8f219e
[2025-09-22T18:22:13.570+0000] {taskinstance.py:2648} INFO - Exporting env vars: AIRFLOW_CTX_DAG_OWNER='you' AIRFLOW_CTX_DAG_ID='urlhaus_ingest' AIRFLOW_CTX_TASK_ID='urlhaus_fetch_normalize_bronze' AIRFLOW_CTX_EXECUTION_DATE='2025-09-21T00:00:00+00:00' AIRFLOW_CTX_TRY_NUMBER='1' AIRFLOW_CTX_DAG_RUN_ID='scheduled__2025-09-21T00:00:00+00:00'
[2025-09-22T18:22:13.570+0000] {taskinstance.py:430} INFO - ::endgroup::
[2025-09-22T18:22:14.338+0000] {logging_mixin.py:188} INFO - [urlhaus_ingest] rows after normalize: 10611
[2025-09-22T18:22:14.345+0000] {logging_mixin.py:188} INFO - [urlhaus] rows after normalize: 10611
[2025-09-22T18:22:14.373+0000] {python.py:237} INFO - Done. Returned value was: None
[2025-09-22T18:22:14.373+0000] {taskinstance.py:441} INFO - ::group::Post task execution logs
[2025-09-22T18:22:14.376+0000] {taskinstance.py:1206} INFO - Marking task as SUCCESS. dag_id=urlhaus_ingest, task_id=urlhaus_fetch_normalize_bronze, run_id=scheduled__2025-09-21T00:00:00+00:00, execution_date=20250921T000000, start_date=20250922T182213, end_date=20250922T182214
[2025-09-22T18:22:14.412+0000] {local_task_job_runner.py:243} INFO - Task exited with return code 0
[2025-09-22T18:22:14.419+0000] {taskinstance.py:3503} INFO - 0 downstream tasks scheduled from follow-on schedule check
[2025-09-22T18:22:14.419+0000] {local_task_job_runner.py:222} INFO - ::endgroup::
[2025-10-29T17:14:54.512+0000] {local_task_job_runner.py:120} INFO - ::group::Pre task execution logs
[2025-10-29T17:14:54.519+0000] {taskinstance.py:2076} INFO - Dependencies all met for dep_context=non-requeueable deps ti=<TaskInstance: urlhaus_ingest.urlhaus_fetch_normalize_bronze scheduled__2025-09-21T00:00:00+00:00 [queued]>
[2025-10-29T17:14:54.521+0000] {taskinstance.py:2076} INFO - Dependencies all met for dep_context=requeueable deps ti=<TaskInstance: urlhaus_ingest.urlhaus_fetch_normalize_bronze scheduled__2025-09-21T00:00:00+00:00 [queued]>
[2025-10-29T17:14:54.521+0000] {taskinstance.py:2306} INFO - Starting attempt 1 of 2
[2025-10-29T17:14:54.525+0000] {taskinstance.py:2330} INFO - Executing <Task(PythonOperator): urlhaus_fetch_normalize_bronze> on 2025-09-21 00:00:00+00:00
[2025-10-29T17:14:54.528+0000] {warnings.py:112} WARNING - /home/airflow/.local/lib/python3.12/site-packages/airflow/task/task_runner/standard_task_runner.py:62: DeprecationWarning: This process (pid=1448) is multi-threaded, use of fork() may lead to deadlocks in the child.
  pid = os.fork()

[2025-10-29T17:14:54.528+0000] {standard_task_runner.py:64} INFO - Started process 1469 to run task
[2025-10-29T17:14:54.529+0000] {standard_task_runner.py:90} INFO - Running: ['airflow', 'tasks', 'run', 'urlhaus_ingest', 'urlhaus_fetch_normalize_bronze', 'scheduled__2025-09-21T00:00:00+00:00', '--job-id', '51', '--raw', '--subdir', 'DAGS_FOLDER/urlhaus_ingest.py', '--cfg-path', '/tmp/tmpbvrwqcyq']
[2025-10-29T17:14:54.529+0000] {standard_task_runner.py:91} INFO - Job 51: Subtask urlhaus_fetch_normalize_bronze
[2025-10-29T17:14:54.543+0000] {task_command.py:426} INFO - Running <TaskInstance: urlhaus_ingest.urlhaus_fetch_normalize_bronze scheduled__2025-09-21T00:00:00+00:00 [running]> on host 109bbc934e0f
[2025-10-29T17:14:54.564+0000] {taskinstance.py:2648} INFO - Exporting env vars: AIRFLOW_CTX_DAG_OWNER='you' AIRFLOW_CTX_DAG_ID='urlhaus_ingest' AIRFLOW_CTX_TASK_ID='urlhaus_fetch_normalize_bronze' AIRFLOW_CTX_EXECUTION_DATE='2025-09-21T00:00:00+00:00' AIRFLOW_CTX_TRY_NUMBER='1' AIRFLOW_CTX_DAG_RUN_ID='scheduled__2025-09-21T00:00:00+00:00'
[2025-10-29T17:14:54.564+0000] {taskinstance.py:430} INFO - ::endgroup::
[2025-10-29T17:14:54.716+0000] {logging_mixin.py:188} INFO - [urlhaus_ingest] rows after normalize: 21315
[2025-10-29T17:14:54.728+0000] {logging_mixin.py:188} INFO - [urlhaus] rows after normalize: 21315
[2025-10-29T17:14:54.752+0000] {python.py:237} INFO - Done. Returned value was: None
[2025-10-29T17:14:54.752+0000] {taskinstance.py:441} INFO - ::group::Post task execution logs
[2025-10-29T17:14:54.754+0000] {taskinstance.py:1206} INFO - Marking task as SUCCESS. dag_id=urlhaus_ingest, task_id=urlhaus_fetch_normalize_bronze, run_id=scheduled__2025-09-21T00:00:00+00:00, execution_date=20250921T000000, start_date=20251029T171454, end_date=20251029T171454
[2025-10-29T17:14:54.804+0000] {local_task_job_runner.py:243} INFO - Task exited with return code 0
[2025-10-29T17:14:54.809+0000] {taskinstance.py:3503} INFO - 0 downstream tasks scheduled from follow-on schedule check
[2025-10-29T17:14:54.809+0000] {local_task_job_runner.py:222} INFO - ::endgroup::
[2025-10-29T18:10:37.788+0000] {local_task_job_runner.py:120} INFO - ::group::Pre task execution logs
[2025-10-29T18:10:37.795+0000] {taskinstance.py:2076} INFO - Dependencies all met for dep_context=non-requeueable deps ti=<TaskInstance: urlhaus_ingest.urlhaus_fetch_normalize_bronze scheduled__2025-09-21T00:00:00+00:00 [queued]>
[2025-10-29T18:10:37.797+0000] {taskinstance.py:2076} INFO - Dependencies all met for dep_context=requeueable deps ti=<TaskInstance: urlhaus_ingest.urlhaus_fetch_normalize_bronze scheduled__2025-09-21T00:00:00+00:00 [queued]>
[2025-10-29T18:10:37.797+0000] {taskinstance.py:2306} INFO - Starting attempt 1 of 2
[2025-10-29T18:10:37.801+0000] {taskinstance.py:2330} INFO - Executing <Task(PythonOperator): urlhaus_fetch_normalize_bronze> on 2025-09-21 00:00:00+00:00
[2025-10-29T18:10:37.804+0000] {warnings.py:112} WARNING - /home/airflow/.local/lib/python3.12/site-packages/airflow/task/task_runner/standard_task_runner.py:62: DeprecationWarning: This process (pid=2664) is multi-threaded, use of fork() may lead to deadlocks in the child.
  pid = os.fork()

[2025-10-29T18:10:37.804+0000] {standard_task_runner.py:64} INFO - Started process 2685 to run task
[2025-10-29T18:10:37.805+0000] {standard_task_runner.py:90} INFO - Running: ['airflow', 'tasks', 'run', 'urlhaus_ingest', 'urlhaus_fetch_normalize_bronze', 'scheduled__2025-09-21T00:00:00+00:00', '--job-id', '101', '--raw', '--subdir', 'DAGS_FOLDER/urlhaus_ingest.py', '--cfg-path', '/tmp/tmpnaeit7wc']
[2025-10-29T18:10:37.805+0000] {standard_task_runner.py:91} INFO - Job 101: Subtask urlhaus_fetch_normalize_bronze
[2025-10-29T18:10:37.818+0000] {task_command.py:426} INFO - Running <TaskInstance: urlhaus_ingest.urlhaus_fetch_normalize_bronze scheduled__2025-09-21T00:00:00+00:00 [running]> on host 9a4b1d75930e
[2025-10-29T18:10:37.838+0000] {taskinstance.py:2648} INFO - Exporting env vars: AIRFLOW_CTX_DAG_OWNER='you' AIRFLOW_CTX_DAG_ID='urlhaus_ingest' AIRFLOW_CTX_TASK_ID='urlhaus_fetch_normalize_bronze' AIRFLOW_CTX_EXECUTION_DATE='2025-09-21T00:00:00+00:00' AIRFLOW_CTX_TRY_NUMBER='1' AIRFLOW_CTX_DAG_RUN_ID='scheduled__2025-09-21T00:00:00+00:00'
[2025-10-29T18:10:37.838+0000] {taskinstance.py:430} INFO - ::endgroup::
[2025-10-29T18:10:37.981+0000] {logging_mixin.py:188} INFO - [urlhaus_ingest] rows after normalize: 21302
[2025-10-29T18:10:37.992+0000] {logging_mixin.py:188} INFO - [urlhaus] rows after normalize: 21302
[2025-10-29T18:10:38.015+0000] {python.py:237} INFO - Done. Returned value was: None
[2025-10-29T18:10:38.015+0000] {taskinstance.py:441} INFO - ::group::Post task execution logs
[2025-10-29T18:10:38.017+0000] {taskinstance.py:1206} INFO - Marking task as SUCCESS. dag_id=urlhaus_ingest, task_id=urlhaus_fetch_normalize_bronze, run_id=scheduled__2025-09-21T00:00:00+00:00, execution_date=20250921T000000, start_date=20251029T181037, end_date=20251029T181038
[2025-10-29T18:10:38.040+0000] {local_task_job_runner.py:243} INFO - Task exited with return code 0
[2025-10-29T18:10:38.045+0000] {taskinstance.py:3503} INFO - 0 downstream tasks scheduled from follow-on schedule check
[2025-10-29T18:10:38.045+0000] {local_task_job_runner.py:222} INFO - ::endgroup::
