[2025-10-29T17:18:24.671+0000] {local_task_job_runner.py:120} INFO - ::group::Pre task execution logs
[2025-10-29T17:18:24.679+0000] {taskinstance.py:2076} INFO - Dependencies all met for dep_context=non-requeueable deps ti=<TaskInstance: urlhaus_ingest.urlhaus_fetch_normalize_bronze scheduled__2025-10-19T00:00:00+00:00 [queued]>
[2025-10-29T17:18:24.681+0000] {taskinstance.py:2076} INFO - Dependencies all met for dep_context=requeueable deps ti=<TaskInstance: urlhaus_ingest.urlhaus_fetch_normalize_bronze scheduled__2025-10-19T00:00:00+00:00 [queued]>
[2025-10-29T17:18:24.681+0000] {taskinstance.py:2306} INFO - Starting attempt 1 of 2
[2025-10-29T17:18:24.685+0000] {taskinstance.py:2330} INFO - Executing <Task(PythonOperator): urlhaus_fetch_normalize_bronze> on 2025-10-19 00:00:00+00:00
[2025-10-29T17:18:24.687+0000] {warnings.py:112} WARNING - /home/airflow/.local/lib/python3.12/site-packages/airflow/task/task_runner/standard_task_runner.py:62: DeprecationWarning: This process (pid=3003) is multi-threaded, use of fork() may lead to deadlocks in the child.
  pid = os.fork()

[2025-10-29T17:18:24.688+0000] {standard_task_runner.py:64} INFO - Started process 3024 to run task
[2025-10-29T17:18:24.688+0000] {standard_task_runner.py:90} INFO - Running: ['airflow', 'tasks', 'run', 'urlhaus_ingest', 'urlhaus_fetch_normalize_bronze', 'scheduled__2025-10-19T00:00:00+00:00', '--job-id', '107', '--raw', '--subdir', 'DAGS_FOLDER/urlhaus_ingest.py', '--cfg-path', '/tmp/tmp9uxl5yla']
[2025-10-29T17:18:24.689+0000] {standard_task_runner.py:91} INFO - Job 107: Subtask urlhaus_fetch_normalize_bronze
[2025-10-29T17:18:24.700+0000] {task_command.py:426} INFO - Running <TaskInstance: urlhaus_ingest.urlhaus_fetch_normalize_bronze scheduled__2025-10-19T00:00:00+00:00 [running]> on host 109bbc934e0f
[2025-10-29T17:18:24.721+0000] {taskinstance.py:2648} INFO - Exporting env vars: AIRFLOW_CTX_DAG_OWNER='you' AIRFLOW_CTX_DAG_ID='urlhaus_ingest' AIRFLOW_CTX_TASK_ID='urlhaus_fetch_normalize_bronze' AIRFLOW_CTX_EXECUTION_DATE='2025-10-19T00:00:00+00:00' AIRFLOW_CTX_TRY_NUMBER='1' AIRFLOW_CTX_DAG_RUN_ID='scheduled__2025-10-19T00:00:00+00:00'
[2025-10-29T17:18:24.721+0000] {taskinstance.py:430} INFO - ::endgroup::
[2025-10-29T17:18:24.868+0000] {logging_mixin.py:188} INFO - [urlhaus_ingest] rows after normalize: 21313
[2025-10-29T17:18:24.879+0000] {logging_mixin.py:188} INFO - [urlhaus] rows after normalize: 21313
[2025-10-29T17:18:24.901+0000] {python.py:237} INFO - Done. Returned value was: None
[2025-10-29T17:18:24.901+0000] {taskinstance.py:441} INFO - ::group::Post task execution logs
[2025-10-29T17:18:24.903+0000] {taskinstance.py:1206} INFO - Marking task as SUCCESS. dag_id=urlhaus_ingest, task_id=urlhaus_fetch_normalize_bronze, run_id=scheduled__2025-10-19T00:00:00+00:00, execution_date=20251019T000000, start_date=20251029T171824, end_date=20251029T171824
[2025-10-29T17:18:24.916+0000] {local_task_job_runner.py:243} INFO - Task exited with return code 0
[2025-10-29T17:18:24.920+0000] {taskinstance.py:3503} INFO - 0 downstream tasks scheduled from follow-on schedule check
[2025-10-29T17:18:24.921+0000] {local_task_job_runner.py:222} INFO - ::endgroup::
[2025-10-29T18:16:10.830+0000] {local_task_job_runner.py:120} INFO - ::group::Pre task execution logs
[2025-10-29T18:16:10.838+0000] {taskinstance.py:2076} INFO - Dependencies all met for dep_context=non-requeueable deps ti=<TaskInstance: urlhaus_ingest.urlhaus_fetch_normalize_bronze scheduled__2025-10-19T00:00:00+00:00 [queued]>
[2025-10-29T18:16:10.840+0000] {taskinstance.py:2076} INFO - Dependencies all met for dep_context=requeueable deps ti=<TaskInstance: urlhaus_ingest.urlhaus_fetch_normalize_bronze scheduled__2025-10-19T00:00:00+00:00 [queued]>
[2025-10-29T18:16:10.840+0000] {taskinstance.py:2306} INFO - Starting attempt 1 of 2
[2025-10-29T18:16:10.843+0000] {taskinstance.py:2330} INFO - Executing <Task(PythonOperator): urlhaus_fetch_normalize_bronze> on 2025-10-19 00:00:00+00:00
[2025-10-29T18:16:10.846+0000] {warnings.py:112} WARNING - /home/airflow/.local/lib/python3.12/site-packages/airflow/task/task_runner/standard_task_runner.py:62: DeprecationWarning: This process (pid=6129) is multi-threaded, use of fork() may lead to deadlocks in the child.
  pid = os.fork()

[2025-10-29T18:16:10.846+0000] {standard_task_runner.py:64} INFO - Started process 6150 to run task
[2025-10-29T18:16:10.847+0000] {standard_task_runner.py:90} INFO - Running: ['airflow', 'tasks', 'run', 'urlhaus_ingest', 'urlhaus_fetch_normalize_bronze', 'scheduled__2025-10-19T00:00:00+00:00', '--job-id', '241', '--raw', '--subdir', 'DAGS_FOLDER/urlhaus_ingest.py', '--cfg-path', '/tmp/tmpgm3emc0n']
[2025-10-29T18:16:10.847+0000] {standard_task_runner.py:91} INFO - Job 241: Subtask urlhaus_fetch_normalize_bronze
[2025-10-29T18:16:10.859+0000] {task_command.py:426} INFO - Running <TaskInstance: urlhaus_ingest.urlhaus_fetch_normalize_bronze scheduled__2025-10-19T00:00:00+00:00 [running]> on host 9a4b1d75930e
[2025-10-29T18:16:10.880+0000] {taskinstance.py:2648} INFO - Exporting env vars: AIRFLOW_CTX_DAG_OWNER='you' AIRFLOW_CTX_DAG_ID='urlhaus_ingest' AIRFLOW_CTX_TASK_ID='urlhaus_fetch_normalize_bronze' AIRFLOW_CTX_EXECUTION_DATE='2025-10-19T00:00:00+00:00' AIRFLOW_CTX_TRY_NUMBER='1' AIRFLOW_CTX_DAG_RUN_ID='scheduled__2025-10-19T00:00:00+00:00'
[2025-10-29T18:16:10.880+0000] {taskinstance.py:430} INFO - ::endgroup::
[2025-10-29T18:16:11.306+0000] {logging_mixin.py:188} INFO - [urlhaus_ingest] rows after normalize: 21301
[2025-10-29T18:16:11.317+0000] {logging_mixin.py:188} INFO - [urlhaus] rows after normalize: 21301
[2025-10-29T18:16:11.340+0000] {python.py:237} INFO - Done. Returned value was: None
[2025-10-29T18:16:11.340+0000] {taskinstance.py:441} INFO - ::group::Post task execution logs
[2025-10-29T18:16:11.342+0000] {taskinstance.py:1206} INFO - Marking task as SUCCESS. dag_id=urlhaus_ingest, task_id=urlhaus_fetch_normalize_bronze, run_id=scheduled__2025-10-19T00:00:00+00:00, execution_date=20251019T000000, start_date=20251029T181610, end_date=20251029T181611
[2025-10-29T18:16:11.374+0000] {local_task_job_runner.py:243} INFO - Task exited with return code 0
[2025-10-29T18:16:11.378+0000] {taskinstance.py:3503} INFO - 0 downstream tasks scheduled from follow-on schedule check
[2025-10-29T18:16:11.378+0000] {local_task_job_runner.py:222} INFO - ::endgroup::
