[2025-09-18T00:10:34.392+0000] {local_task_job_runner.py:120} INFO - ::group::Pre task execution logs
[2025-09-18T00:10:34.401+0000] {taskinstance.py:2076} INFO - Dependencies all met for dep_context=non-requeueable deps ti=<TaskInstance: urlhaus_ingest.urlhaus_fetch_normalize_bronze scheduled__2025-09-17T00:00:00+00:00 [queued]>
[2025-09-18T00:10:34.402+0000] {taskinstance.py:2076} INFO - Dependencies all met for dep_context=requeueable deps ti=<TaskInstance: urlhaus_ingest.urlhaus_fetch_normalize_bronze scheduled__2025-09-17T00:00:00+00:00 [queued]>
[2025-09-18T00:10:34.402+0000] {taskinstance.py:2306} INFO - Starting attempt 1 of 2
[2025-09-18T00:10:34.406+0000] {taskinstance.py:2330} INFO - Executing <Task(PythonOperator): urlhaus_fetch_normalize_bronze> on 2025-09-17 00:00:00+00:00
[2025-09-18T00:10:34.410+0000] {warnings.py:112} WARNING - /home/airflow/.local/lib/python3.12/site-packages/airflow/task/task_runner/standard_task_runner.py:62: DeprecationWarning: This process (pid=126) is multi-threaded, use of fork() may lead to deadlocks in the child.
  pid = os.fork()

[2025-09-18T00:10:34.410+0000] {standard_task_runner.py:64} INFO - Started process 147 to run task
[2025-09-18T00:10:34.411+0000] {standard_task_runner.py:90} INFO - Running: ['airflow', 'tasks', 'run', 'urlhaus_ingest', 'urlhaus_fetch_normalize_bronze', 'scheduled__2025-09-17T00:00:00+00:00', '--job-id', '5', '--raw', '--subdir', 'DAGS_FOLDER/urlhaus_ingest.py', '--cfg-path', '/tmp/tmprw3oy57m']
[2025-09-18T00:10:34.411+0000] {standard_task_runner.py:91} INFO - Job 5: Subtask urlhaus_fetch_normalize_bronze
[2025-09-18T00:10:34.429+0000] {task_command.py:426} INFO - Running <TaskInstance: urlhaus_ingest.urlhaus_fetch_normalize_bronze scheduled__2025-09-17T00:00:00+00:00 [running]> on host 367d1d51de70
[2025-09-18T00:10:34.449+0000] {taskinstance.py:2648} INFO - Exporting env vars: AIRFLOW_CTX_DAG_OWNER='you' AIRFLOW_CTX_DAG_ID='urlhaus_ingest' AIRFLOW_CTX_TASK_ID='urlhaus_fetch_normalize_bronze' AIRFLOW_CTX_EXECUTION_DATE='2025-09-17T00:00:00+00:00' AIRFLOW_CTX_TRY_NUMBER='1' AIRFLOW_CTX_DAG_RUN_ID='scheduled__2025-09-17T00:00:00+00:00'
[2025-09-18T00:10:34.450+0000] {taskinstance.py:430} INFO - ::endgroup::
[2025-09-18T00:10:34.587+0000] {python.py:237} INFO - Done. Returned value was: None
[2025-09-18T00:10:34.587+0000] {taskinstance.py:441} INFO - ::group::Post task execution logs
[2025-09-18T00:10:34.589+0000] {taskinstance.py:1206} INFO - Marking task as SUCCESS. dag_id=urlhaus_ingest, task_id=urlhaus_fetch_normalize_bronze, run_id=scheduled__2025-09-17T00:00:00+00:00, execution_date=20250917T000000, start_date=20250918T001034, end_date=20250918T001034
[2025-09-18T00:10:34.636+0000] {local_task_job_runner.py:243} INFO - Task exited with return code 0
[2025-09-18T00:10:34.641+0000] {taskinstance.py:3503} INFO - 0 downstream tasks scheduled from follow-on schedule check
[2025-09-18T00:10:34.641+0000] {local_task_job_runner.py:222} INFO - ::endgroup::
[2025-10-29T17:14:26.133+0000] {local_task_job_runner.py:120} INFO - ::group::Pre task execution logs
[2025-10-29T17:14:26.140+0000] {taskinstance.py:2076} INFO - Dependencies all met for dep_context=non-requeueable deps ti=<TaskInstance: urlhaus_ingest.urlhaus_fetch_normalize_bronze scheduled__2025-09-17T00:00:00+00:00 [queued]>
[2025-10-29T17:14:26.142+0000] {taskinstance.py:2076} INFO - Dependencies all met for dep_context=requeueable deps ti=<TaskInstance: urlhaus_ingest.urlhaus_fetch_normalize_bronze scheduled__2025-09-17T00:00:00+00:00 [queued]>
[2025-10-29T17:14:26.142+0000] {taskinstance.py:2306} INFO - Starting attempt 1 of 2
[2025-10-29T17:14:26.145+0000] {taskinstance.py:2330} INFO - Executing <Task(PythonOperator): urlhaus_fetch_normalize_bronze> on 2025-09-17 00:00:00+00:00
[2025-10-29T17:14:26.148+0000] {warnings.py:112} WARNING - /home/airflow/.local/lib/python3.12/site-packages/airflow/task/task_runner/standard_task_runner.py:62: DeprecationWarning: This process (pid=1237) is multi-threaded, use of fork() may lead to deadlocks in the child.
  pid = os.fork()

[2025-10-29T17:14:26.148+0000] {standard_task_runner.py:64} INFO - Started process 1258 to run task
[2025-10-29T17:14:26.149+0000] {standard_task_runner.py:90} INFO - Running: ['airflow', 'tasks', 'run', 'urlhaus_ingest', 'urlhaus_fetch_normalize_bronze', 'scheduled__2025-09-17T00:00:00+00:00', '--job-id', '43', '--raw', '--subdir', 'DAGS_FOLDER/urlhaus_ingest.py', '--cfg-path', '/tmp/tmpljsb3je9']
[2025-10-29T17:14:26.149+0000] {standard_task_runner.py:91} INFO - Job 43: Subtask urlhaus_fetch_normalize_bronze
[2025-10-29T17:14:26.161+0000] {task_command.py:426} INFO - Running <TaskInstance: urlhaus_ingest.urlhaus_fetch_normalize_bronze scheduled__2025-09-17T00:00:00+00:00 [running]> on host 109bbc934e0f
[2025-10-29T17:14:26.181+0000] {taskinstance.py:2648} INFO - Exporting env vars: AIRFLOW_CTX_DAG_OWNER='you' AIRFLOW_CTX_DAG_ID='urlhaus_ingest' AIRFLOW_CTX_TASK_ID='urlhaus_fetch_normalize_bronze' AIRFLOW_CTX_EXECUTION_DATE='2025-09-17T00:00:00+00:00' AIRFLOW_CTX_TRY_NUMBER='1' AIRFLOW_CTX_DAG_RUN_ID='scheduled__2025-09-17T00:00:00+00:00'
[2025-10-29T17:14:26.181+0000] {taskinstance.py:430} INFO - ::endgroup::
[2025-10-29T17:14:26.327+0000] {logging_mixin.py:188} INFO - [urlhaus_ingest] rows after normalize: 21315
[2025-10-29T17:14:26.337+0000] {logging_mixin.py:188} INFO - [urlhaus] rows after normalize: 21315
[2025-10-29T17:14:26.359+0000] {python.py:237} INFO - Done. Returned value was: None
[2025-10-29T17:14:26.359+0000] {taskinstance.py:441} INFO - ::group::Post task execution logs
[2025-10-29T17:14:26.361+0000] {taskinstance.py:1206} INFO - Marking task as SUCCESS. dag_id=urlhaus_ingest, task_id=urlhaus_fetch_normalize_bronze, run_id=scheduled__2025-09-17T00:00:00+00:00, execution_date=20250917T000000, start_date=20251029T171426, end_date=20251029T171426
[2025-10-29T17:14:26.383+0000] {local_task_job_runner.py:243} INFO - Task exited with return code 0
[2025-10-29T17:14:26.387+0000] {taskinstance.py:3503} INFO - 0 downstream tasks scheduled from follow-on schedule check
[2025-10-29T17:14:26.388+0000] {local_task_job_runner.py:222} INFO - ::endgroup::
[2025-10-29T18:09:52.472+0000] {local_task_job_runner.py:120} INFO - ::group::Pre task execution logs
[2025-10-29T18:09:52.479+0000] {taskinstance.py:2076} INFO - Dependencies all met for dep_context=non-requeueable deps ti=<TaskInstance: urlhaus_ingest.urlhaus_fetch_normalize_bronze scheduled__2025-09-17T00:00:00+00:00 [queued]>
[2025-10-29T18:09:52.481+0000] {taskinstance.py:2076} INFO - Dependencies all met for dep_context=requeueable deps ti=<TaskInstance: urlhaus_ingest.urlhaus_fetch_normalize_bronze scheduled__2025-09-17T00:00:00+00:00 [queued]>
[2025-10-29T18:09:52.481+0000] {taskinstance.py:2306} INFO - Starting attempt 1 of 2
[2025-10-29T18:09:52.485+0000] {taskinstance.py:2330} INFO - Executing <Task(PythonOperator): urlhaus_fetch_normalize_bronze> on 2025-09-17 00:00:00+00:00
[2025-10-29T18:09:52.488+0000] {warnings.py:112} WARNING - /home/airflow/.local/lib/python3.12/site-packages/airflow/task/task_runner/standard_task_runner.py:62: DeprecationWarning: This process (pid=2178) is multi-threaded, use of fork() may lead to deadlocks in the child.
  pid = os.fork()

[2025-10-29T18:09:52.488+0000] {standard_task_runner.py:64} INFO - Started process 2199 to run task
[2025-10-29T18:09:52.489+0000] {standard_task_runner.py:90} INFO - Running: ['airflow', 'tasks', 'run', 'urlhaus_ingest', 'urlhaus_fetch_normalize_bronze', 'scheduled__2025-09-17T00:00:00+00:00', '--job-id', '81', '--raw', '--subdir', 'DAGS_FOLDER/urlhaus_ingest.py', '--cfg-path', '/tmp/tmpufsgyx7m']
[2025-10-29T18:09:52.489+0000] {standard_task_runner.py:91} INFO - Job 81: Subtask urlhaus_fetch_normalize_bronze
[2025-10-29T18:09:52.502+0000] {task_command.py:426} INFO - Running <TaskInstance: urlhaus_ingest.urlhaus_fetch_normalize_bronze scheduled__2025-09-17T00:00:00+00:00 [running]> on host 9a4b1d75930e
[2025-10-29T18:09:52.522+0000] {taskinstance.py:2648} INFO - Exporting env vars: AIRFLOW_CTX_DAG_OWNER='you' AIRFLOW_CTX_DAG_ID='urlhaus_ingest' AIRFLOW_CTX_TASK_ID='urlhaus_fetch_normalize_bronze' AIRFLOW_CTX_EXECUTION_DATE='2025-09-17T00:00:00+00:00' AIRFLOW_CTX_TRY_NUMBER='1' AIRFLOW_CTX_DAG_RUN_ID='scheduled__2025-09-17T00:00:00+00:00'
[2025-10-29T18:09:52.523+0000] {taskinstance.py:430} INFO - ::endgroup::
[2025-10-29T18:09:52.671+0000] {logging_mixin.py:188} INFO - [urlhaus_ingest] rows after normalize: 21302
[2025-10-29T18:09:52.682+0000] {logging_mixin.py:188} INFO - [urlhaus] rows after normalize: 21302
[2025-10-29T18:09:52.706+0000] {python.py:237} INFO - Done. Returned value was: None
[2025-10-29T18:09:52.706+0000] {taskinstance.py:441} INFO - ::group::Post task execution logs
[2025-10-29T18:09:52.707+0000] {taskinstance.py:1206} INFO - Marking task as SUCCESS. dag_id=urlhaus_ingest, task_id=urlhaus_fetch_normalize_bronze, run_id=scheduled__2025-09-17T00:00:00+00:00, execution_date=20250917T000000, start_date=20251029T180952, end_date=20251029T180952
[2025-10-29T18:09:52.719+0000] {local_task_job_runner.py:243} INFO - Task exited with return code 0
[2025-10-29T18:09:52.724+0000] {taskinstance.py:3503} INFO - 0 downstream tasks scheduled from follow-on schedule check
[2025-10-29T18:09:52.724+0000] {local_task_job_runner.py:222} INFO - ::endgroup::
