[2025-11-13T00:15:23.212+0000] {local_task_job_runner.py:120} INFO - ::group::Pre task execution logs
[2025-11-13T00:15:23.219+0000] {taskinstance.py:2076} INFO - Dependencies all met for dep_context=non-requeueable deps ti=<TaskInstance: whois_rdap_ingest.whois_rdap_fetch scheduled__2025-11-12T00:00:00+00:00 [queued]>
[2025-11-13T00:15:23.222+0000] {taskinstance.py:2076} INFO - Dependencies all met for dep_context=requeueable deps ti=<TaskInstance: whois_rdap_ingest.whois_rdap_fetch scheduled__2025-11-12T00:00:00+00:00 [queued]>
[2025-11-13T00:15:23.222+0000] {taskinstance.py:2306} INFO - Starting attempt 1 of 1
[2025-11-13T00:15:23.226+0000] {taskinstance.py:2330} INFO - Executing <Task(PythonOperator): whois_rdap_fetch> on 2025-11-12 00:00:00+00:00
[2025-11-13T00:15:23.236+0000] {logging_mixin.py:188} WARNING - /home/airflow/.local/lib/python3.12/site-packages/airflow/task/task_runner/standard_task_runner.py:62 DeprecationWarning: This process (pid=10505) is multi-threaded, use of fork() may lead to deadlocks in the child.
[2025-11-13T00:15:23.234+0000] {standard_task_runner.py:90} INFO - Running: ['airflow', 'tasks', 'run', 'whois_rdap_ingest', 'whois_rdap_fetch', 'scheduled__2025-11-12T00:00:00+00:00', '--job-id', '24', '--raw', '--subdir', 'DAGS_FOLDER/whois_rdap_dag.py', '--cfg-path', '/tmp/tmpkdfeciy3']
[2025-11-13T00:15:23.237+0000] {standard_task_runner.py:91} INFO - Job 24: Subtask whois_rdap_fetch
[2025-11-13T00:15:23.237+0000] {standard_task_runner.py:64} INFO - Started process 10516 to run task
[2025-11-13T00:15:23.255+0000] {task_command.py:426} INFO - Running <TaskInstance: whois_rdap_ingest.whois_rdap_fetch scheduled__2025-11-12T00:00:00+00:00 [running]> on host 1fd82182dcce
[2025-11-13T00:15:23.276+0000] {taskinstance.py:2648} INFO - Exporting env vars: AIRFLOW_CTX_DAG_OWNER='you' AIRFLOW_CTX_DAG_ID='whois_rdap_ingest' AIRFLOW_CTX_TASK_ID='whois_rdap_fetch' AIRFLOW_CTX_EXECUTION_DATE='2025-11-12T00:00:00+00:00' AIRFLOW_CTX_TRY_NUMBER='1' AIRFLOW_CTX_DAG_RUN_ID='scheduled__2025-11-12T00:00:00+00:00'
[2025-11-13T00:15:23.276+0000] {taskinstance.py:430} INFO - ::endgroup::
[2025-11-13T00:15:23.634+0000] {whois_rdap_dag.py:171} INFO - [whois_rdap] ds=2025-11-12 total=2914 to_fetch=0 cached=4250
[2025-11-13T00:15:23.636+0000] {logging_mixin.py:188} WARNING - /opt/airflow/dags/whois_rdap_dag.py:193 FutureWarning: The behavior of DataFrame concatenation with empty or all-NA entries is deprecated. In a future version, this will no longer exclude empty or all-NA columns when determining the result dtypes. To retain the old behavior, exclude the relevant entries before the concat operation.
[2025-11-13T00:15:23.637+0000] {logging_mixin.py:188} WARNING - /opt/airflow/dags/whois_rdap_dag.py:193 FutureWarning: The behavior of DataFrame concatenation with empty or all-NA entries is deprecated. In a future version, this will no longer exclude empty or all-NA columns when determining the result dtypes. To retain the old behavior, exclude the relevant entries before the concat operation.
[2025-11-13T00:15:23.747+0000] {whois_rdap_dag.py:210} INFO - [whois_rdap] ds=2025-11-12 fetched=0 daily_rows=2914 cache_size=4250 -> /opt/airflow/lookups/whois/ingest_date=2025-11-12
[2025-11-13T00:15:23.748+0000] {python.py:237} INFO - Done. Returned value was: None
[2025-11-13T00:15:23.748+0000] {taskinstance.py:441} INFO - ::group::Post task execution logs
[2025-11-13T00:15:23.750+0000] {taskinstance.py:1206} INFO - Marking task as SUCCESS. dag_id=whois_rdap_ingest, task_id=whois_rdap_fetch, run_id=scheduled__2025-11-12T00:00:00+00:00, execution_date=20251112T000000, start_date=20251113T001523, end_date=20251113T001523
[2025-11-13T00:15:23.800+0000] {local_task_job_runner.py:243} INFO - Task exited with return code 0
[2025-11-13T00:15:23.804+0000] {taskinstance.py:3503} INFO - 0 downstream tasks scheduled from follow-on schedule check
[2025-11-13T00:15:23.804+0000] {local_task_job_runner.py:222} INFO - ::endgroup::
