[2025-11-04T19:33:44.517+0000] {local_task_job_runner.py:120} INFO - ::group::Pre task execution logs
[2025-11-04T19:33:44.527+0000] {taskinstance.py:2076} INFO - Dependencies all met for dep_context=non-requeueable deps ti=<TaskInstance: misp_osint_ingest.misp_osint_fetch manual__2025-11-04T19:33:42.936975+00:00 [queued]>
[2025-11-04T19:33:44.529+0000] {taskinstance.py:2076} INFO - Dependencies all met for dep_context=requeueable deps ti=<TaskInstance: misp_osint_ingest.misp_osint_fetch manual__2025-11-04T19:33:42.936975+00:00 [queued]>
[2025-11-04T19:33:44.529+0000] {taskinstance.py:2306} INFO - Starting attempt 1 of 1
[2025-11-04T19:33:44.533+0000] {taskinstance.py:2330} INFO - Executing <Task(PythonOperator): misp_osint_fetch> on 2025-11-04 19:33:42.936975+00:00
[2025-11-04T19:33:44.537+0000] {standard_task_runner.py:90} INFO - Running: ['airflow', 'tasks', 'run', 'misp_osint_ingest', 'misp_osint_fetch', 'manual__2025-11-04T19:33:42.936975+00:00', '--job-id', '17', '--raw', '--subdir', 'DAGS_FOLDER/misp_osint_ingest.py', '--cfg-path', '/tmp/tmprkgjavzj']
[2025-11-04T19:33:44.540+0000] {standard_task_runner.py:91} INFO - Job 17: Subtask misp_osint_fetch
[2025-11-04T19:33:44.539+0000] {logging_mixin.py:188} WARNING - /home/airflow/.local/lib/python3.12/site-packages/airflow/task/task_runner/standard_task_runner.py:62 DeprecationWarning: This process (pid=7355) is multi-threaded, use of fork() may lead to deadlocks in the child.
[2025-11-04T19:33:44.542+0000] {standard_task_runner.py:64} INFO - Started process 7366 to run task
[2025-11-04T19:33:44.553+0000] {task_command.py:426} INFO - Running <TaskInstance: misp_osint_ingest.misp_osint_fetch manual__2025-11-04T19:33:42.936975+00:00 [running]> on host 7e98baed574a
[2025-11-04T19:33:44.575+0000] {taskinstance.py:2648} INFO - Exporting env vars: AIRFLOW_CTX_DAG_OWNER='you' AIRFLOW_CTX_DAG_ID='misp_osint_ingest' AIRFLOW_CTX_TASK_ID='misp_osint_fetch' AIRFLOW_CTX_EXECUTION_DATE='2025-11-04T19:33:42.936975+00:00' AIRFLOW_CTX_TRY_NUMBER='1' AIRFLOW_CTX_DAG_RUN_ID='manual__2025-11-04T19:33:42.936975+00:00'
[2025-11-04T19:33:44.575+0000] {taskinstance.py:430} INFO - ::endgroup::
[2025-11-04T19:34:09.778+0000] {logging_mixin.py:188} INFO - [misp_osint] fetched files: 40, rows extracted: 2856, file errors: 0
[2025-11-04T19:34:09.822+0000] {logging_mixin.py:188} INFO - [misp_osint] wrote 2856 rows -> /opt/airflow/silver/misp_osint/ingest_date=2025-11-04/misp_osint.parquet
[2025-11-04T19:34:09.824+0000] {python.py:237} INFO - Done. Returned value was: None
[2025-11-04T19:34:09.825+0000] {taskinstance.py:441} INFO - ::group::Post task execution logs
[2025-11-04T19:34:09.835+0000] {taskinstance.py:1206} INFO - Marking task as SUCCESS. dag_id=misp_osint_ingest, task_id=misp_osint_fetch, run_id=manual__2025-11-04T19:33:42.936975+00:00, execution_date=20251104T193342, start_date=20251104T193344, end_date=20251104T193409
[2025-11-04T19:34:09.872+0000] {local_task_job_runner.py:243} INFO - Task exited with return code 0
[2025-11-04T19:34:09.879+0000] {taskinstance.py:3503} INFO - 0 downstream tasks scheduled from follow-on schedule check
[2025-11-04T19:34:09.879+0000] {local_task_job_runner.py:222} INFO - ::endgroup::
