[2025-09-26T00:09:49.888+0000] {local_task_job_runner.py:120} INFO - ::group::Pre task execution logs
[2025-09-26T00:09:49.901+0000] {taskinstance.py:2076} INFO - Dependencies all met for dep_context=non-requeueable deps ti=<TaskInstance: openphish_ingest.openphish_fetch_normalize_bronze scheduled__2025-09-25T00:00:00+00:00 [queued]>
[2025-09-26T00:09:49.903+0000] {taskinstance.py:2076} INFO - Dependencies all met for dep_context=requeueable deps ti=<TaskInstance: openphish_ingest.openphish_fetch_normalize_bronze scheduled__2025-09-25T00:00:00+00:00 [queued]>
[2025-09-26T00:09:49.903+0000] {taskinstance.py:2306} INFO - Starting attempt 1 of 2
[2025-09-26T00:09:49.907+0000] {taskinstance.py:2330} INFO - Executing <Task(PythonOperator): openphish_fetch_normalize_bronze> on 2025-09-25 00:00:00+00:00
[2025-09-26T00:09:49.912+0000] {warnings.py:112} WARNING - /home/airflow/.local/lib/python3.12/site-packages/airflow/task/task_runner/standard_task_runner.py:62: DeprecationWarning: This process (pid=71360) is multi-threaded, use of fork() may lead to deadlocks in the child.
  pid = os.fork()

[2025-09-26T00:09:49.912+0000] {standard_task_runner.py:64} INFO - Started process 71381 to run task
[2025-09-26T00:09:49.913+0000] {standard_task_runner.py:90} INFO - Running: ['airflow', 'tasks', 'run', 'openphish_ingest', 'openphish_fetch_normalize_bronze', 'scheduled__2025-09-25T00:00:00+00:00', '--job-id', '31', '--raw', '--subdir', 'DAGS_FOLDER/openphish_ingest.py', '--cfg-path', '/tmp/tmphk5c493w']
[2025-09-26T00:09:49.913+0000] {standard_task_runner.py:91} INFO - Job 31: Subtask openphish_fetch_normalize_bronze
[2025-09-26T00:09:49.931+0000] {task_command.py:426} INFO - Running <TaskInstance: openphish_ingest.openphish_fetch_normalize_bronze scheduled__2025-09-25T00:00:00+00:00 [running]> on host 539ffd8f219e
[2025-09-26T00:09:49.971+0000] {taskinstance.py:2648} INFO - Exporting env vars: AIRFLOW_CTX_DAG_OWNER='you' AIRFLOW_CTX_DAG_ID='openphish_ingest' AIRFLOW_CTX_TASK_ID='openphish_fetch_normalize_bronze' AIRFLOW_CTX_EXECUTION_DATE='2025-09-25T00:00:00+00:00' AIRFLOW_CTX_TRY_NUMBER='1' AIRFLOW_CTX_DAG_RUN_ID='scheduled__2025-09-25T00:00:00+00:00'
[2025-09-26T00:09:49.971+0000] {taskinstance.py:430} INFO - ::endgroup::
[2025-09-26T00:09:52.605+0000] {logging_mixin.py:188} INFO - [openphish_ingest] rows after normalize: 300
[2025-09-26T00:09:52.609+0000] {logging_mixin.py:188} INFO - [openphish] rows after normalize: 300
[2025-09-26T00:09:52.652+0000] {python.py:237} INFO - Done. Returned value was: None
[2025-09-26T00:09:52.652+0000] {taskinstance.py:441} INFO - ::group::Post task execution logs
[2025-09-26T00:09:52.654+0000] {taskinstance.py:1206} INFO - Marking task as SUCCESS. dag_id=openphish_ingest, task_id=openphish_fetch_normalize_bronze, run_id=scheduled__2025-09-25T00:00:00+00:00, execution_date=20250925T000000, start_date=20250926T000949, end_date=20250926T000952
[2025-09-26T00:09:52.700+0000] {local_task_job_runner.py:243} INFO - Task exited with return code 0
[2025-09-26T00:09:52.707+0000] {taskinstance.py:3503} INFO - 0 downstream tasks scheduled from follow-on schedule check
[2025-09-26T00:09:52.708+0000] {local_task_job_runner.py:222} INFO - ::endgroup::
[2025-10-29T17:14:44.030+0000] {local_task_job_runner.py:120} INFO - ::group::Pre task execution logs
[2025-10-29T17:14:44.037+0000] {taskinstance.py:2076} INFO - Dependencies all met for dep_context=non-requeueable deps ti=<TaskInstance: openphish_ingest.openphish_fetch_normalize_bronze scheduled__2025-09-25T00:00:00+00:00 [queued]>
[2025-10-29T17:14:44.039+0000] {taskinstance.py:2076} INFO - Dependencies all met for dep_context=requeueable deps ti=<TaskInstance: openphish_ingest.openphish_fetch_normalize_bronze scheduled__2025-09-25T00:00:00+00:00 [queued]>
[2025-10-29T17:14:44.039+0000] {taskinstance.py:2306} INFO - Starting attempt 1 of 2
[2025-10-29T17:14:44.042+0000] {taskinstance.py:2330} INFO - Executing <Task(PythonOperator): openphish_fetch_normalize_bronze> on 2025-09-25 00:00:00+00:00
[2025-10-29T17:14:44.045+0000] {warnings.py:112} WARNING - /home/airflow/.local/lib/python3.12/site-packages/airflow/task/task_runner/standard_task_runner.py:62: DeprecationWarning: This process (pid=1377) is multi-threaded, use of fork() may lead to deadlocks in the child.
  pid = os.fork()

[2025-10-29T17:14:44.045+0000] {standard_task_runner.py:64} INFO - Started process 1398 to run task
[2025-10-29T17:14:44.046+0000] {standard_task_runner.py:90} INFO - Running: ['airflow', 'tasks', 'run', 'openphish_ingest', 'openphish_fetch_normalize_bronze', 'scheduled__2025-09-25T00:00:00+00:00', '--job-id', '48', '--raw', '--subdir', 'DAGS_FOLDER/openphish_ingest.py', '--cfg-path', '/tmp/tmpcwdz6dn8']
[2025-10-29T17:14:44.046+0000] {standard_task_runner.py:91} INFO - Job 48: Subtask openphish_fetch_normalize_bronze
[2025-10-29T17:14:44.058+0000] {task_command.py:426} INFO - Running <TaskInstance: openphish_ingest.openphish_fetch_normalize_bronze scheduled__2025-09-25T00:00:00+00:00 [running]> on host 109bbc934e0f
[2025-10-29T17:14:44.077+0000] {taskinstance.py:2648} INFO - Exporting env vars: AIRFLOW_CTX_DAG_OWNER='you' AIRFLOW_CTX_DAG_ID='openphish_ingest' AIRFLOW_CTX_TASK_ID='openphish_fetch_normalize_bronze' AIRFLOW_CTX_EXECUTION_DATE='2025-09-25T00:00:00+00:00' AIRFLOW_CTX_TRY_NUMBER='1' AIRFLOW_CTX_DAG_RUN_ID='scheduled__2025-09-25T00:00:00+00:00'
[2025-10-29T17:14:44.077+0000] {taskinstance.py:430} INFO - ::endgroup::
[2025-10-29T17:14:44.736+0000] {logging_mixin.py:188} INFO - [openphish_ingest] rows after normalize: 300
[2025-10-29T17:14:44.740+0000] {logging_mixin.py:188} INFO - [openphish] rows after normalize: 300
[2025-10-29T17:14:44.751+0000] {python.py:237} INFO - Done. Returned value was: None
[2025-10-29T17:14:44.751+0000] {taskinstance.py:441} INFO - ::group::Post task execution logs
[2025-10-29T17:14:44.753+0000] {taskinstance.py:1206} INFO - Marking task as SUCCESS. dag_id=openphish_ingest, task_id=openphish_fetch_normalize_bronze, run_id=scheduled__2025-09-25T00:00:00+00:00, execution_date=20250925T000000, start_date=20251029T171444, end_date=20251029T171444
[2025-10-29T17:14:44.791+0000] {local_task_job_runner.py:243} INFO - Task exited with return code 0
[2025-10-29T17:14:44.796+0000] {taskinstance.py:3503} INFO - 0 downstream tasks scheduled from follow-on schedule check
[2025-10-29T17:14:44.796+0000] {local_task_job_runner.py:222} INFO - ::endgroup::
[2025-10-29T18:11:18.887+0000] {local_task_job_runner.py:120} INFO - ::group::Pre task execution logs
[2025-10-29T18:11:18.895+0000] {taskinstance.py:2076} INFO - Dependencies all met for dep_context=non-requeueable deps ti=<TaskInstance: openphish_ingest.openphish_fetch_normalize_bronze scheduled__2025-09-25T00:00:00+00:00 [queued]>
[2025-10-29T18:11:18.897+0000] {taskinstance.py:2076} INFO - Dependencies all met for dep_context=requeueable deps ti=<TaskInstance: openphish_ingest.openphish_fetch_normalize_bronze scheduled__2025-09-25T00:00:00+00:00 [queued]>
[2025-10-29T18:11:18.897+0000] {taskinstance.py:2306} INFO - Starting attempt 1 of 2
[2025-10-29T18:11:18.901+0000] {taskinstance.py:2330} INFO - Executing <Task(PythonOperator): openphish_fetch_normalize_bronze> on 2025-09-25 00:00:00+00:00
[2025-10-29T18:11:18.904+0000] {warnings.py:112} WARNING - /home/airflow/.local/lib/python3.12/site-packages/airflow/task/task_runner/standard_task_runner.py:62: DeprecationWarning: This process (pid=3103) is multi-threaded, use of fork() may lead to deadlocks in the child.
  pid = os.fork()

[2025-10-29T18:11:18.905+0000] {standard_task_runner.py:64} INFO - Started process 3124 to run task
[2025-10-29T18:11:18.905+0000] {standard_task_runner.py:90} INFO - Running: ['airflow', 'tasks', 'run', 'openphish_ingest', 'openphish_fetch_normalize_bronze', 'scheduled__2025-09-25T00:00:00+00:00', '--job-id', '119', '--raw', '--subdir', 'DAGS_FOLDER/openphish_ingest.py', '--cfg-path', '/tmp/tmp2kvju3c4']
[2025-10-29T18:11:18.906+0000] {standard_task_runner.py:91} INFO - Job 119: Subtask openphish_fetch_normalize_bronze
[2025-10-29T18:11:18.919+0000] {task_command.py:426} INFO - Running <TaskInstance: openphish_ingest.openphish_fetch_normalize_bronze scheduled__2025-09-25T00:00:00+00:00 [running]> on host 9a4b1d75930e
[2025-10-29T18:11:18.944+0000] {taskinstance.py:2648} INFO - Exporting env vars: AIRFLOW_CTX_DAG_OWNER='you' AIRFLOW_CTX_DAG_ID='openphish_ingest' AIRFLOW_CTX_TASK_ID='openphish_fetch_normalize_bronze' AIRFLOW_CTX_EXECUTION_DATE='2025-09-25T00:00:00+00:00' AIRFLOW_CTX_TRY_NUMBER='1' AIRFLOW_CTX_DAG_RUN_ID='scheduled__2025-09-25T00:00:00+00:00'
[2025-10-29T18:11:18.944+0000] {taskinstance.py:430} INFO - ::endgroup::
[2025-10-29T18:11:19.621+0000] {logging_mixin.py:188} INFO - [openphish_ingest] rows after normalize: 300
[2025-10-29T18:11:19.626+0000] {logging_mixin.py:188} INFO - [openphish] rows after normalize: 300
[2025-10-29T18:11:19.638+0000] {python.py:237} INFO - Done. Returned value was: None
[2025-10-29T18:11:19.638+0000] {taskinstance.py:441} INFO - ::group::Post task execution logs
[2025-10-29T18:11:19.641+0000] {taskinstance.py:1206} INFO - Marking task as SUCCESS. dag_id=openphish_ingest, task_id=openphish_fetch_normalize_bronze, run_id=scheduled__2025-09-25T00:00:00+00:00, execution_date=20250925T000000, start_date=20251029T181118, end_date=20251029T181119
[2025-10-29T18:11:19.656+0000] {local_task_job_runner.py:243} INFO - Task exited with return code 0
[2025-10-29T18:11:19.661+0000] {taskinstance.py:3503} INFO - 0 downstream tasks scheduled from follow-on schedule check
[2025-10-29T18:11:19.662+0000] {local_task_job_runner.py:222} INFO - ::endgroup::
