[2025-09-23T00:02:15.328+0000] {local_task_job_runner.py:120} INFO - ::group::Pre task execution logs
[2025-09-23T00:02:15.386+0000] {taskinstance.py:2076} INFO - Dependencies all met for dep_context=non-requeueable deps ti=<TaskInstance: urlhaus_silver.urlhaus_bronze_to_silver scheduled__2025-09-22T00:00:00+00:00 [queued]>
[2025-09-23T00:02:15.395+0000] {taskinstance.py:2076} INFO - Dependencies all met for dep_context=requeueable deps ti=<TaskInstance: urlhaus_silver.urlhaus_bronze_to_silver scheduled__2025-09-22T00:00:00+00:00 [queued]>
[2025-09-23T00:02:15.396+0000] {taskinstance.py:2306} INFO - Starting attempt 1 of 1
[2025-09-23T00:02:15.421+0000] {taskinstance.py:2330} INFO - Executing <Task(PythonOperator): urlhaus_bronze_to_silver> on 2025-09-22 00:00:00+00:00
[2025-09-23T00:02:15.441+0000] {standard_task_runner.py:90} INFO - Running: ['airflow', 'tasks', 'run', 'urlhaus_silver', 'urlhaus_bronze_to_silver', 'scheduled__2025-09-22T00:00:00+00:00', '--job-id', '13', '--raw', '--subdir', 'DAGS_FOLDER/urlhaus_silver.py', '--cfg-path', '/tmp/tmpyoyfu8dm']
[2025-09-23T00:02:15.448+0000] {standard_task_runner.py:91} INFO - Job 13: Subtask urlhaus_bronze_to_silver
[2025-09-23T00:02:15.447+0000] {logging_mixin.py:188} WARNING - /home/airflow/.local/lib/python3.12/site-packages/airflow/task/task_runner/standard_task_runner.py:62 DeprecationWarning: This process (pid=16757) is multi-threaded, use of fork() may lead to deadlocks in the child.
[2025-09-23T00:02:15.452+0000] {standard_task_runner.py:64} INFO - Started process 16768 to run task
[2025-09-23T00:02:15.499+0000] {task_command.py:426} INFO - Running <TaskInstance: urlhaus_silver.urlhaus_bronze_to_silver scheduled__2025-09-22T00:00:00+00:00 [running]> on host 539ffd8f219e
[2025-09-23T00:02:15.584+0000] {taskinstance.py:2648} INFO - Exporting env vars: AIRFLOW_CTX_DAG_OWNER='you' AIRFLOW_CTX_DAG_ID='urlhaus_silver' AIRFLOW_CTX_TASK_ID='urlhaus_bronze_to_silver' AIRFLOW_CTX_EXECUTION_DATE='2025-09-22T00:00:00+00:00' AIRFLOW_CTX_TRY_NUMBER='1' AIRFLOW_CTX_DAG_RUN_ID='scheduled__2025-09-22T00:00:00+00:00'
[2025-09-23T00:02:15.586+0000] {taskinstance.py:430} INFO - ::endgroup::
[2025-09-23T00:02:15.901+0000] {logging_mixin.py:188} INFO - [urlhaus_silver] wrote 5650 rows -> /opt/airflow/silver/urlhaus/ingest_date=2025-09-22
[2025-09-23T00:02:15.904+0000] {python.py:237} INFO - Done. Returned value was: None
[2025-09-23T00:02:15.904+0000] {taskinstance.py:441} INFO - ::group::Post task execution logs
[2025-09-23T00:02:15.910+0000] {taskinstance.py:1206} INFO - Marking task as SUCCESS. dag_id=urlhaus_silver, task_id=urlhaus_bronze_to_silver, run_id=scheduled__2025-09-22T00:00:00+00:00, execution_date=20250922T000000, start_date=20250923T000215, end_date=20250923T000215
[2025-09-23T00:02:15.932+0000] {local_task_job_runner.py:243} INFO - Task exited with return code 0
[2025-09-23T00:02:15.943+0000] {taskinstance.py:3503} INFO - 0 downstream tasks scheduled from follow-on schedule check
[2025-09-23T00:02:15.944+0000] {local_task_job_runner.py:222} INFO - ::endgroup::
[2025-10-29T18:10:59.169+0000] {local_task_job_runner.py:120} INFO - ::group::Pre task execution logs
[2025-10-29T18:10:59.177+0000] {taskinstance.py:2076} INFO - Dependencies all met for dep_context=non-requeueable deps ti=<TaskInstance: urlhaus_silver.urlhaus_bronze_to_silver scheduled__2025-09-22T00:00:00+00:00 [queued]>
[2025-10-29T18:10:59.179+0000] {taskinstance.py:2076} INFO - Dependencies all met for dep_context=requeueable deps ti=<TaskInstance: urlhaus_silver.urlhaus_bronze_to_silver scheduled__2025-09-22T00:00:00+00:00 [queued]>
[2025-10-29T18:10:59.179+0000] {taskinstance.py:2306} INFO - Starting attempt 1 of 1
[2025-10-29T18:10:59.183+0000] {taskinstance.py:2330} INFO - Executing <Task(PythonOperator): urlhaus_bronze_to_silver> on 2025-09-22 00:00:00+00:00
[2025-10-29T18:10:59.186+0000] {standard_task_runner.py:90} INFO - Running: ['airflow', 'tasks', 'run', 'urlhaus_silver', 'urlhaus_bronze_to_silver', 'scheduled__2025-09-22T00:00:00+00:00', '--job-id', '110', '--raw', '--subdir', 'DAGS_FOLDER/urlhaus_silver.py', '--cfg-path', '/tmp/tmp7c3slcep']
[2025-10-29T18:10:59.187+0000] {logging_mixin.py:188} WARNING - /home/airflow/.local/lib/python3.12/site-packages/airflow/task/task_runner/standard_task_runner.py:62 DeprecationWarning: This process (pid=2894) is multi-threaded, use of fork() may lead to deadlocks in the child.
[2025-10-29T18:10:59.187+0000] {standard_task_runner.py:91} INFO - Job 110: Subtask urlhaus_bronze_to_silver
[2025-10-29T18:10:59.187+0000] {standard_task_runner.py:64} INFO - Started process 2905 to run task
[2025-10-29T18:10:59.198+0000] {task_command.py:426} INFO - Running <TaskInstance: urlhaus_silver.urlhaus_bronze_to_silver scheduled__2025-09-22T00:00:00+00:00 [running]> on host 9a4b1d75930e
[2025-10-29T18:10:59.216+0000] {taskinstance.py:2648} INFO - Exporting env vars: AIRFLOW_CTX_DAG_OWNER='you' AIRFLOW_CTX_DAG_ID='urlhaus_silver' AIRFLOW_CTX_TASK_ID='urlhaus_bronze_to_silver' AIRFLOW_CTX_EXECUTION_DATE='2025-09-22T00:00:00+00:00' AIRFLOW_CTX_TRY_NUMBER='1' AIRFLOW_CTX_DAG_RUN_ID='scheduled__2025-09-22T00:00:00+00:00'
[2025-10-29T18:10:59.217+0000] {taskinstance.py:430} INFO - ::endgroup::
[2025-10-29T18:10:59.251+0000] {logging_mixin.py:188} INFO - [urlhaus_silver] 2025-09-22: wrote 2908 rows -> /opt/airflow/silver/urlhaus/ingest_date=2025-09-22
[2025-10-29T18:10:59.252+0000] {python.py:237} INFO - Done. Returned value was: None
[2025-10-29T18:10:59.252+0000] {taskinstance.py:441} INFO - ::group::Post task execution logs
[2025-10-29T18:10:59.254+0000] {taskinstance.py:1206} INFO - Marking task as SUCCESS. dag_id=urlhaus_silver, task_id=urlhaus_bronze_to_silver, run_id=scheduled__2025-09-22T00:00:00+00:00, execution_date=20250922T000000, start_date=20251029T181059, end_date=20251029T181059
[2025-10-29T18:10:59.288+0000] {local_task_job_runner.py:243} INFO - Task exited with return code 0
[2025-10-29T18:10:59.291+0000] {taskinstance.py:3503} INFO - 0 downstream tasks scheduled from follow-on schedule check
[2025-10-29T18:10:59.292+0000] {local_task_job_runner.py:222} INFO - ::endgroup::
