[2025-10-07T00:51:00.339+0000] {local_task_job_runner.py:120} INFO - ::group::Pre task execution logs
[2025-10-07T00:51:00.350+0000] {taskinstance.py:2076} INFO - Dependencies all met for dep_context=non-requeueable deps ti=<TaskInstance: openphish_ingest.openphish_fetch_normalize_bronze scheduled__2025-10-06T00:00:00+00:00 [queued]>
[2025-10-07T00:51:00.353+0000] {taskinstance.py:2076} INFO - Dependencies all met for dep_context=requeueable deps ti=<TaskInstance: openphish_ingest.openphish_fetch_normalize_bronze scheduled__2025-10-06T00:00:00+00:00 [queued]>
[2025-10-07T00:51:00.354+0000] {taskinstance.py:2306} INFO - Starting attempt 1 of 2
[2025-10-07T00:51:00.359+0000] {taskinstance.py:2330} INFO - Executing <Task(PythonOperator): openphish_fetch_normalize_bronze> on 2025-10-06 00:00:00+00:00
[2025-10-07T00:51:00.366+0000] {warnings.py:112} WARNING - /home/airflow/.local/lib/python3.12/site-packages/airflow/task/task_runner/standard_task_runner.py:62: DeprecationWarning: This process (pid=18172) is multi-threaded, use of fork() may lead to deadlocks in the child.
  pid = os.fork()

[2025-10-07T00:51:00.367+0000] {standard_task_runner.py:64} INFO - Started process 18193 to run task
[2025-10-07T00:51:00.367+0000] {standard_task_runner.py:90} INFO - Running: ['airflow', 'tasks', 'run', 'openphish_ingest', 'openphish_fetch_normalize_bronze', 'scheduled__2025-10-06T00:00:00+00:00', '--job-id', '110', '--raw', '--subdir', 'DAGS_FOLDER/openphish_ingest.py', '--cfg-path', '/tmp/tmpuxyz91r7']
[2025-10-07T00:51:00.367+0000] {standard_task_runner.py:91} INFO - Job 110: Subtask openphish_fetch_normalize_bronze
[2025-10-07T00:51:00.383+0000] {task_command.py:426} INFO - Running <TaskInstance: openphish_ingest.openphish_fetch_normalize_bronze scheduled__2025-10-06T00:00:00+00:00 [running]> on host 539ffd8f219e
[2025-10-07T00:51:00.409+0000] {taskinstance.py:2648} INFO - Exporting env vars: AIRFLOW_CTX_DAG_OWNER='you' AIRFLOW_CTX_DAG_ID='openphish_ingest' AIRFLOW_CTX_TASK_ID='openphish_fetch_normalize_bronze' AIRFLOW_CTX_EXECUTION_DATE='2025-10-06T00:00:00+00:00' AIRFLOW_CTX_TRY_NUMBER='1' AIRFLOW_CTX_DAG_RUN_ID='scheduled__2025-10-06T00:00:00+00:00'
[2025-10-07T00:51:00.410+0000] {taskinstance.py:430} INFO - ::endgroup::
[2025-10-07T00:51:01.525+0000] {logging_mixin.py:188} INFO - [openphish_ingest] rows after normalize: 300
[2025-10-07T00:51:01.528+0000] {logging_mixin.py:188} INFO - [openphish] rows after normalize: 300
[2025-10-07T00:51:01.546+0000] {python.py:237} INFO - Done. Returned value was: None
[2025-10-07T00:51:01.546+0000] {taskinstance.py:441} INFO - ::group::Post task execution logs
[2025-10-07T00:51:01.548+0000] {taskinstance.py:1206} INFO - Marking task as SUCCESS. dag_id=openphish_ingest, task_id=openphish_fetch_normalize_bronze, run_id=scheduled__2025-10-06T00:00:00+00:00, execution_date=20251006T000000, start_date=20251007T005100, end_date=20251007T005101
[2025-10-07T00:51:01.583+0000] {local_task_job_runner.py:243} INFO - Task exited with return code 0
[2025-10-07T00:51:01.590+0000] {taskinstance.py:3503} INFO - 0 downstream tasks scheduled from follow-on schedule check
[2025-10-07T00:51:01.590+0000] {local_task_job_runner.py:222} INFO - ::endgroup::
[2025-10-29T17:16:12.877+0000] {local_task_job_runner.py:120} INFO - ::group::Pre task execution logs
[2025-10-29T17:16:12.886+0000] {taskinstance.py:2076} INFO - Dependencies all met for dep_context=non-requeueable deps ti=<TaskInstance: openphish_ingest.openphish_fetch_normalize_bronze scheduled__2025-10-06T00:00:00+00:00 [queued]>
[2025-10-29T17:16:12.888+0000] {taskinstance.py:2076} INFO - Dependencies all met for dep_context=requeueable deps ti=<TaskInstance: openphish_ingest.openphish_fetch_normalize_bronze scheduled__2025-10-06T00:00:00+00:00 [queued]>
[2025-10-29T17:16:12.888+0000] {taskinstance.py:2306} INFO - Starting attempt 1 of 2
[2025-10-29T17:16:12.893+0000] {taskinstance.py:2330} INFO - Executing <Task(PythonOperator): openphish_fetch_normalize_bronze> on 2025-10-06 00:00:00+00:00
[2025-10-29T17:16:12.896+0000] {warnings.py:112} WARNING - /home/airflow/.local/lib/python3.12/site-packages/airflow/task/task_runner/standard_task_runner.py:62: DeprecationWarning: This process (pid=1993) is multi-threaded, use of fork() may lead to deadlocks in the child.
  pid = os.fork()

[2025-10-29T17:16:12.897+0000] {standard_task_runner.py:64} INFO - Started process 2014 to run task
[2025-10-29T17:16:12.897+0000] {standard_task_runner.py:90} INFO - Running: ['airflow', 'tasks', 'run', 'openphish_ingest', 'openphish_fetch_normalize_bronze', 'scheduled__2025-10-06T00:00:00+00:00', '--job-id', '70', '--raw', '--subdir', 'DAGS_FOLDER/openphish_ingest.py', '--cfg-path', '/tmp/tmp_8xrxz4v']
[2025-10-29T17:16:12.898+0000] {standard_task_runner.py:91} INFO - Job 70: Subtask openphish_fetch_normalize_bronze
[2025-10-29T17:16:12.912+0000] {task_command.py:426} INFO - Running <TaskInstance: openphish_ingest.openphish_fetch_normalize_bronze scheduled__2025-10-06T00:00:00+00:00 [running]> on host 109bbc934e0f
[2025-10-29T17:16:12.935+0000] {taskinstance.py:2648} INFO - Exporting env vars: AIRFLOW_CTX_DAG_OWNER='you' AIRFLOW_CTX_DAG_ID='openphish_ingest' AIRFLOW_CTX_TASK_ID='openphish_fetch_normalize_bronze' AIRFLOW_CTX_EXECUTION_DATE='2025-10-06T00:00:00+00:00' AIRFLOW_CTX_TRY_NUMBER='1' AIRFLOW_CTX_DAG_RUN_ID='scheduled__2025-10-06T00:00:00+00:00'
[2025-10-29T17:16:12.936+0000] {taskinstance.py:430} INFO - ::endgroup::
[2025-10-29T17:16:13.601+0000] {logging_mixin.py:188} INFO - [openphish_ingest] rows after normalize: 300
[2025-10-29T17:16:13.605+0000] {logging_mixin.py:188} INFO - [openphish] rows after normalize: 300
[2025-10-29T17:16:13.616+0000] {python.py:237} INFO - Done. Returned value was: None
[2025-10-29T17:16:13.616+0000] {taskinstance.py:441} INFO - ::group::Post task execution logs
[2025-10-29T17:16:13.618+0000] {taskinstance.py:1206} INFO - Marking task as SUCCESS. dag_id=openphish_ingest, task_id=openphish_fetch_normalize_bronze, run_id=scheduled__2025-10-06T00:00:00+00:00, execution_date=20251006T000000, start_date=20251029T171612, end_date=20251029T171613
[2025-10-29T17:16:13.646+0000] {local_task_job_runner.py:243} INFO - Task exited with return code 0
[2025-10-29T17:16:13.650+0000] {taskinstance.py:3503} INFO - 0 downstream tasks scheduled from follow-on schedule check
[2025-10-29T17:16:13.651+0000] {local_task_job_runner.py:222} INFO - ::endgroup::
[2025-10-29T18:13:32.434+0000] {local_task_job_runner.py:120} INFO - ::group::Pre task execution logs
[2025-10-29T18:13:32.441+0000] {taskinstance.py:2076} INFO - Dependencies all met for dep_context=non-requeueable deps ti=<TaskInstance: openphish_ingest.openphish_fetch_normalize_bronze scheduled__2025-10-06T00:00:00+00:00 [queued]>
[2025-10-29T18:13:32.443+0000] {taskinstance.py:2076} INFO - Dependencies all met for dep_context=requeueable deps ti=<TaskInstance: openphish_ingest.openphish_fetch_normalize_bronze scheduled__2025-10-06T00:00:00+00:00 [queued]>
[2025-10-29T18:13:32.443+0000] {taskinstance.py:2306} INFO - Starting attempt 1 of 2
[2025-10-29T18:13:32.446+0000] {taskinstance.py:2330} INFO - Executing <Task(PythonOperator): openphish_fetch_normalize_bronze> on 2025-10-06 00:00:00+00:00
[2025-10-29T18:13:32.449+0000] {warnings.py:112} WARNING - /home/airflow/.local/lib/python3.12/site-packages/airflow/task/task_runner/standard_task_runner.py:62: DeprecationWarning: This process (pid=4470) is multi-threaded, use of fork() may lead to deadlocks in the child.
  pid = os.fork()

[2025-10-29T18:13:32.450+0000] {standard_task_runner.py:64} INFO - Started process 4491 to run task
[2025-10-29T18:13:32.450+0000] {standard_task_runner.py:90} INFO - Running: ['airflow', 'tasks', 'run', 'openphish_ingest', 'openphish_fetch_normalize_bronze', 'scheduled__2025-10-06T00:00:00+00:00', '--job-id', '174', '--raw', '--subdir', 'DAGS_FOLDER/openphish_ingest.py', '--cfg-path', '/tmp/tmpe5xaj_70']
[2025-10-29T18:13:32.450+0000] {standard_task_runner.py:91} INFO - Job 174: Subtask openphish_fetch_normalize_bronze
[2025-10-29T18:13:32.462+0000] {task_command.py:426} INFO - Running <TaskInstance: openphish_ingest.openphish_fetch_normalize_bronze scheduled__2025-10-06T00:00:00+00:00 [running]> on host 9a4b1d75930e
[2025-10-29T18:13:32.482+0000] {taskinstance.py:2648} INFO - Exporting env vars: AIRFLOW_CTX_DAG_OWNER='you' AIRFLOW_CTX_DAG_ID='openphish_ingest' AIRFLOW_CTX_TASK_ID='openphish_fetch_normalize_bronze' AIRFLOW_CTX_EXECUTION_DATE='2025-10-06T00:00:00+00:00' AIRFLOW_CTX_TRY_NUMBER='1' AIRFLOW_CTX_DAG_RUN_ID='scheduled__2025-10-06T00:00:00+00:00'
[2025-10-29T18:13:32.482+0000] {taskinstance.py:430} INFO - ::endgroup::
[2025-10-29T18:13:33.158+0000] {logging_mixin.py:188} INFO - [openphish_ingest] rows after normalize: 300
[2025-10-29T18:13:33.163+0000] {logging_mixin.py:188} INFO - [openphish] rows after normalize: 300
[2025-10-29T18:13:33.180+0000] {python.py:237} INFO - Done. Returned value was: None
[2025-10-29T18:13:33.181+0000] {taskinstance.py:441} INFO - ::group::Post task execution logs
[2025-10-29T18:13:33.184+0000] {taskinstance.py:1206} INFO - Marking task as SUCCESS. dag_id=openphish_ingest, task_id=openphish_fetch_normalize_bronze, run_id=scheduled__2025-10-06T00:00:00+00:00, execution_date=20251006T000000, start_date=20251029T181332, end_date=20251029T181333
[2025-10-29T18:13:33.199+0000] {local_task_job_runner.py:243} INFO - Task exited with return code 0
[2025-10-29T18:13:33.206+0000] {taskinstance.py:3503} INFO - 0 downstream tasks scheduled from follow-on schedule check
[2025-10-29T18:13:33.206+0000] {local_task_job_runner.py:222} INFO - ::endgroup::
