[2025-10-29T17:18:17.354+0000] {local_task_job_runner.py:120} INFO - ::group::Pre task execution logs
[2025-10-29T17:18:17.361+0000] {taskinstance.py:2076} INFO - Dependencies all met for dep_context=non-requeueable deps ti=<TaskInstance: urlhaus_ingest.urlhaus_fetch_normalize_bronze scheduled__2025-10-18T00:00:00+00:00 [queued]>
[2025-10-29T17:18:17.363+0000] {taskinstance.py:2076} INFO - Dependencies all met for dep_context=requeueable deps ti=<TaskInstance: urlhaus_ingest.urlhaus_fetch_normalize_bronze scheduled__2025-10-18T00:00:00+00:00 [queued]>
[2025-10-29T17:18:17.363+0000] {taskinstance.py:2306} INFO - Starting attempt 1 of 2
[2025-10-29T17:18:17.367+0000] {taskinstance.py:2330} INFO - Executing <Task(PythonOperator): urlhaus_fetch_normalize_bronze> on 2025-10-18 00:00:00+00:00
[2025-10-29T17:18:17.370+0000] {warnings.py:112} WARNING - /home/airflow/.local/lib/python3.12/site-packages/airflow/task/task_runner/standard_task_runner.py:62: DeprecationWarning: This process (pid=2943) is multi-threaded, use of fork() may lead to deadlocks in the child.
  pid = os.fork()

[2025-10-29T17:18:17.370+0000] {standard_task_runner.py:64} INFO - Started process 2964 to run task
[2025-10-29T17:18:17.371+0000] {standard_task_runner.py:90} INFO - Running: ['airflow', 'tasks', 'run', 'urlhaus_ingest', 'urlhaus_fetch_normalize_bronze', 'scheduled__2025-10-18T00:00:00+00:00', '--job-id', '105', '--raw', '--subdir', 'DAGS_FOLDER/urlhaus_ingest.py', '--cfg-path', '/tmp/tmpj98ebat3']
[2025-10-29T17:18:17.371+0000] {standard_task_runner.py:91} INFO - Job 105: Subtask urlhaus_fetch_normalize_bronze
[2025-10-29T17:18:17.385+0000] {task_command.py:426} INFO - Running <TaskInstance: urlhaus_ingest.urlhaus_fetch_normalize_bronze scheduled__2025-10-18T00:00:00+00:00 [running]> on host 109bbc934e0f
[2025-10-29T17:18:17.407+0000] {taskinstance.py:2648} INFO - Exporting env vars: AIRFLOW_CTX_DAG_OWNER='you' AIRFLOW_CTX_DAG_ID='urlhaus_ingest' AIRFLOW_CTX_TASK_ID='urlhaus_fetch_normalize_bronze' AIRFLOW_CTX_EXECUTION_DATE='2025-10-18T00:00:00+00:00' AIRFLOW_CTX_TRY_NUMBER='1' AIRFLOW_CTX_DAG_RUN_ID='scheduled__2025-10-18T00:00:00+00:00'
[2025-10-29T17:18:17.407+0000] {taskinstance.py:430} INFO - ::endgroup::
[2025-10-29T17:18:17.565+0000] {logging_mixin.py:188} INFO - [urlhaus_ingest] rows after normalize: 21313
[2025-10-29T17:18:17.576+0000] {logging_mixin.py:188} INFO - [urlhaus] rows after normalize: 21313
[2025-10-29T17:18:17.600+0000] {python.py:237} INFO - Done. Returned value was: None
[2025-10-29T17:18:17.600+0000] {taskinstance.py:441} INFO - ::group::Post task execution logs
[2025-10-29T17:18:17.602+0000] {taskinstance.py:1206} INFO - Marking task as SUCCESS. dag_id=urlhaus_ingest, task_id=urlhaus_fetch_normalize_bronze, run_id=scheduled__2025-10-18T00:00:00+00:00, execution_date=20251018T000000, start_date=20251029T171817, end_date=20251029T171817
[2025-10-29T17:18:17.615+0000] {local_task_job_runner.py:243} INFO - Task exited with return code 0
[2025-10-29T17:18:17.619+0000] {taskinstance.py:3503} INFO - 0 downstream tasks scheduled from follow-on schedule check
[2025-10-29T17:18:17.619+0000] {local_task_job_runner.py:222} INFO - ::endgroup::
[2025-10-29T18:15:58.415+0000] {local_task_job_runner.py:120} INFO - ::group::Pre task execution logs
[2025-10-29T18:15:58.422+0000] {taskinstance.py:2076} INFO - Dependencies all met for dep_context=non-requeueable deps ti=<TaskInstance: urlhaus_ingest.urlhaus_fetch_normalize_bronze scheduled__2025-10-18T00:00:00+00:00 [queued]>
[2025-10-29T18:15:58.424+0000] {taskinstance.py:2076} INFO - Dependencies all met for dep_context=requeueable deps ti=<TaskInstance: urlhaus_ingest.urlhaus_fetch_normalize_bronze scheduled__2025-10-18T00:00:00+00:00 [queued]>
[2025-10-29T18:15:58.424+0000] {taskinstance.py:2306} INFO - Starting attempt 1 of 2
[2025-10-29T18:15:58.428+0000] {taskinstance.py:2330} INFO - Executing <Task(PythonOperator): urlhaus_fetch_normalize_bronze> on 2025-10-18 00:00:00+00:00
[2025-10-29T18:15:58.431+0000] {warnings.py:112} WARNING - /home/airflow/.local/lib/python3.12/site-packages/airflow/task/task_runner/standard_task_runner.py:62: DeprecationWarning: This process (pid=6002) is multi-threaded, use of fork() may lead to deadlocks in the child.
  pid = os.fork()

[2025-10-29T18:15:58.431+0000] {standard_task_runner.py:64} INFO - Started process 6023 to run task
[2025-10-29T18:15:58.432+0000] {standard_task_runner.py:90} INFO - Running: ['airflow', 'tasks', 'run', 'urlhaus_ingest', 'urlhaus_fetch_normalize_bronze', 'scheduled__2025-10-18T00:00:00+00:00', '--job-id', '236', '--raw', '--subdir', 'DAGS_FOLDER/urlhaus_ingest.py', '--cfg-path', '/tmp/tmpkp7w18h3']
[2025-10-29T18:15:58.432+0000] {standard_task_runner.py:91} INFO - Job 236: Subtask urlhaus_fetch_normalize_bronze
[2025-10-29T18:15:58.443+0000] {task_command.py:426} INFO - Running <TaskInstance: urlhaus_ingest.urlhaus_fetch_normalize_bronze scheduled__2025-10-18T00:00:00+00:00 [running]> on host 9a4b1d75930e
[2025-10-29T18:15:58.465+0000] {taskinstance.py:2648} INFO - Exporting env vars: AIRFLOW_CTX_DAG_OWNER='you' AIRFLOW_CTX_DAG_ID='urlhaus_ingest' AIRFLOW_CTX_TASK_ID='urlhaus_fetch_normalize_bronze' AIRFLOW_CTX_EXECUTION_DATE='2025-10-18T00:00:00+00:00' AIRFLOW_CTX_TRY_NUMBER='1' AIRFLOW_CTX_DAG_RUN_ID='scheduled__2025-10-18T00:00:00+00:00'
[2025-10-29T18:15:58.465+0000] {taskinstance.py:430} INFO - ::endgroup::
[2025-10-29T18:15:58.613+0000] {logging_mixin.py:188} INFO - [urlhaus_ingest] rows after normalize: 21301
[2025-10-29T18:15:58.624+0000] {logging_mixin.py:188} INFO - [urlhaus] rows after normalize: 21301
[2025-10-29T18:15:58.647+0000] {python.py:237} INFO - Done. Returned value was: None
[2025-10-29T18:15:58.647+0000] {taskinstance.py:441} INFO - ::group::Post task execution logs
[2025-10-29T18:15:58.648+0000] {taskinstance.py:1206} INFO - Marking task as SUCCESS. dag_id=urlhaus_ingest, task_id=urlhaus_fetch_normalize_bronze, run_id=scheduled__2025-10-18T00:00:00+00:00, execution_date=20251018T000000, start_date=20251029T181558, end_date=20251029T181558
[2025-10-29T18:15:58.661+0000] {local_task_job_runner.py:243} INFO - Task exited with return code 0
[2025-10-29T18:15:58.666+0000] {taskinstance.py:3503} INFO - 0 downstream tasks scheduled from follow-on schedule check
[2025-10-29T18:15:58.666+0000] {local_task_job_runner.py:222} INFO - ::endgroup::
