[2025-09-26T00:09:58.095+0000] {local_task_job_runner.py:120} INFO - ::group::Pre task execution logs
[2025-09-26T00:09:58.102+0000] {taskinstance.py:2076} INFO - Dependencies all met for dep_context=non-requeueable deps ti=<TaskInstance: urlhaus_ingest.urlhaus_fetch_normalize_bronze scheduled__2025-09-25T00:00:00+00:00 [queued]>
[2025-09-26T00:09:58.104+0000] {taskinstance.py:2076} INFO - Dependencies all met for dep_context=requeueable deps ti=<TaskInstance: urlhaus_ingest.urlhaus_fetch_normalize_bronze scheduled__2025-09-25T00:00:00+00:00 [queued]>
[2025-09-26T00:09:58.104+0000] {taskinstance.py:2306} INFO - Starting attempt 1 of 2
[2025-09-26T00:09:58.108+0000] {taskinstance.py:2330} INFO - Executing <Task(PythonOperator): urlhaus_fetch_normalize_bronze> on 2025-09-25 00:00:00+00:00
[2025-09-26T00:09:58.111+0000] {warnings.py:112} WARNING - /home/airflow/.local/lib/python3.12/site-packages/airflow/task/task_runner/standard_task_runner.py:62: DeprecationWarning: This process (pid=71413) is multi-threaded, use of fork() may lead to deadlocks in the child.
  pid = os.fork()

[2025-09-26T00:09:58.112+0000] {standard_task_runner.py:64} INFO - Started process 71434 to run task
[2025-09-26T00:09:58.112+0000] {standard_task_runner.py:90} INFO - Running: ['airflow', 'tasks', 'run', 'urlhaus_ingest', 'urlhaus_fetch_normalize_bronze', 'scheduled__2025-09-25T00:00:00+00:00', '--job-id', '34', '--raw', '--subdir', 'DAGS_FOLDER/urlhaus_ingest.py', '--cfg-path', '/tmp/tmpyex2f5pd']
[2025-09-26T00:09:58.112+0000] {standard_task_runner.py:91} INFO - Job 34: Subtask urlhaus_fetch_normalize_bronze
[2025-09-26T00:09:58.124+0000] {task_command.py:426} INFO - Running <TaskInstance: urlhaus_ingest.urlhaus_fetch_normalize_bronze scheduled__2025-09-25T00:00:00+00:00 [running]> on host 539ffd8f219e
[2025-09-26T00:09:58.144+0000] {taskinstance.py:2648} INFO - Exporting env vars: AIRFLOW_CTX_DAG_OWNER='you' AIRFLOW_CTX_DAG_ID='urlhaus_ingest' AIRFLOW_CTX_TASK_ID='urlhaus_fetch_normalize_bronze' AIRFLOW_CTX_EXECUTION_DATE='2025-09-25T00:00:00+00:00' AIRFLOW_CTX_TRY_NUMBER='1' AIRFLOW_CTX_DAG_RUN_ID='scheduled__2025-09-25T00:00:00+00:00'
[2025-09-26T00:09:58.144+0000] {taskinstance.py:430} INFO - ::endgroup::
[2025-09-26T00:10:00.990+0000] {logging_mixin.py:188} INFO - [urlhaus_ingest] rows after normalize: 10784
[2025-09-26T00:10:00.999+0000] {logging_mixin.py:188} INFO - [urlhaus] rows after normalize: 10784
[2025-09-26T00:10:01.021+0000] {python.py:237} INFO - Done. Returned value was: None
[2025-09-26T00:10:01.021+0000] {taskinstance.py:441} INFO - ::group::Post task execution logs
[2025-09-26T00:10:01.024+0000] {taskinstance.py:1206} INFO - Marking task as SUCCESS. dag_id=urlhaus_ingest, task_id=urlhaus_fetch_normalize_bronze, run_id=scheduled__2025-09-25T00:00:00+00:00, execution_date=20250925T000000, start_date=20250926T000958, end_date=20250926T001001
[2025-09-26T00:10:01.040+0000] {local_task_job_runner.py:243} INFO - Task exited with return code 0
[2025-09-26T00:10:01.046+0000] {taskinstance.py:3503} INFO - 0 downstream tasks scheduled from follow-on schedule check
[2025-09-26T00:10:01.046+0000] {local_task_job_runner.py:222} INFO - ::endgroup::
[2025-10-29T17:15:24.363+0000] {local_task_job_runner.py:120} INFO - ::group::Pre task execution logs
[2025-10-29T17:15:24.370+0000] {taskinstance.py:2076} INFO - Dependencies all met for dep_context=non-requeueable deps ti=<TaskInstance: urlhaus_ingest.urlhaus_fetch_normalize_bronze scheduled__2025-09-25T00:00:00+00:00 [queued]>
[2025-10-29T17:15:24.372+0000] {taskinstance.py:2076} INFO - Dependencies all met for dep_context=requeueable deps ti=<TaskInstance: urlhaus_ingest.urlhaus_fetch_normalize_bronze scheduled__2025-09-25T00:00:00+00:00 [queued]>
[2025-10-29T17:15:24.372+0000] {taskinstance.py:2306} INFO - Starting attempt 1 of 2
[2025-10-29T17:15:24.376+0000] {taskinstance.py:2330} INFO - Executing <Task(PythonOperator): urlhaus_fetch_normalize_bronze> on 2025-09-25 00:00:00+00:00
[2025-10-29T17:15:24.378+0000] {warnings.py:112} WARNING - /home/airflow/.local/lib/python3.12/site-packages/airflow/task/task_runner/standard_task_runner.py:62: DeprecationWarning: This process (pid=1672) is multi-threaded, use of fork() may lead to deadlocks in the child.
  pid = os.fork()

[2025-10-29T17:15:24.379+0000] {standard_task_runner.py:64} INFO - Started process 1693 to run task
[2025-10-29T17:15:24.379+0000] {standard_task_runner.py:90} INFO - Running: ['airflow', 'tasks', 'run', 'urlhaus_ingest', 'urlhaus_fetch_normalize_bronze', 'scheduled__2025-09-25T00:00:00+00:00', '--job-id', '59', '--raw', '--subdir', 'DAGS_FOLDER/urlhaus_ingest.py', '--cfg-path', '/tmp/tmpbwsn0vx2']
[2025-10-29T17:15:24.380+0000] {standard_task_runner.py:91} INFO - Job 59: Subtask urlhaus_fetch_normalize_bronze
[2025-10-29T17:15:24.391+0000] {task_command.py:426} INFO - Running <TaskInstance: urlhaus_ingest.urlhaus_fetch_normalize_bronze scheduled__2025-09-25T00:00:00+00:00 [running]> on host 109bbc934e0f
[2025-10-29T17:15:24.413+0000] {taskinstance.py:2648} INFO - Exporting env vars: AIRFLOW_CTX_DAG_OWNER='you' AIRFLOW_CTX_DAG_ID='urlhaus_ingest' AIRFLOW_CTX_TASK_ID='urlhaus_fetch_normalize_bronze' AIRFLOW_CTX_EXECUTION_DATE='2025-09-25T00:00:00+00:00' AIRFLOW_CTX_TRY_NUMBER='1' AIRFLOW_CTX_DAG_RUN_ID='scheduled__2025-09-25T00:00:00+00:00'
[2025-10-29T17:15:24.413+0000] {taskinstance.py:430} INFO - ::endgroup::
[2025-10-29T17:15:24.556+0000] {logging_mixin.py:188} INFO - [urlhaus_ingest] rows after normalize: 21315
[2025-10-29T17:15:24.567+0000] {logging_mixin.py:188} INFO - [urlhaus] rows after normalize: 21315
[2025-10-29T17:15:24.589+0000] {python.py:237} INFO - Done. Returned value was: None
[2025-10-29T17:15:24.589+0000] {taskinstance.py:441} INFO - ::group::Post task execution logs
[2025-10-29T17:15:24.591+0000] {taskinstance.py:1206} INFO - Marking task as SUCCESS. dag_id=urlhaus_ingest, task_id=urlhaus_fetch_normalize_bronze, run_id=scheduled__2025-09-25T00:00:00+00:00, execution_date=20250925T000000, start_date=20251029T171524, end_date=20251029T171524
[2025-10-29T17:15:24.611+0000] {local_task_job_runner.py:243} INFO - Task exited with return code 0
[2025-10-29T17:15:24.616+0000] {taskinstance.py:3503} INFO - 0 downstream tasks scheduled from follow-on schedule check
[2025-10-29T17:15:24.616+0000] {local_task_job_runner.py:222} INFO - ::endgroup::
[2025-10-29T18:11:25.065+0000] {local_task_job_runner.py:120} INFO - ::group::Pre task execution logs
[2025-10-29T18:11:25.072+0000] {taskinstance.py:2076} INFO - Dependencies all met for dep_context=non-requeueable deps ti=<TaskInstance: urlhaus_ingest.urlhaus_fetch_normalize_bronze scheduled__2025-09-25T00:00:00+00:00 [queued]>
[2025-10-29T18:11:25.073+0000] {taskinstance.py:2076} INFO - Dependencies all met for dep_context=requeueable deps ti=<TaskInstance: urlhaus_ingest.urlhaus_fetch_normalize_bronze scheduled__2025-09-25T00:00:00+00:00 [queued]>
[2025-10-29T18:11:25.074+0000] {taskinstance.py:2306} INFO - Starting attempt 1 of 2
[2025-10-29T18:11:25.077+0000] {taskinstance.py:2330} INFO - Executing <Task(PythonOperator): urlhaus_fetch_normalize_bronze> on 2025-09-25 00:00:00+00:00
[2025-10-29T18:11:25.080+0000] {warnings.py:112} WARNING - /home/airflow/.local/lib/python3.12/site-packages/airflow/task/task_runner/standard_task_runner.py:62: DeprecationWarning: This process (pid=3163) is multi-threaded, use of fork() may lead to deadlocks in the child.
  pid = os.fork()

[2025-10-29T18:11:25.080+0000] {standard_task_runner.py:64} INFO - Started process 3184 to run task
[2025-10-29T18:11:25.081+0000] {standard_task_runner.py:90} INFO - Running: ['airflow', 'tasks', 'run', 'urlhaus_ingest', 'urlhaus_fetch_normalize_bronze', 'scheduled__2025-09-25T00:00:00+00:00', '--job-id', '121', '--raw', '--subdir', 'DAGS_FOLDER/urlhaus_ingest.py', '--cfg-path', '/tmp/tmp1tgn9ts7']
[2025-10-29T18:11:25.081+0000] {standard_task_runner.py:91} INFO - Job 121: Subtask urlhaus_fetch_normalize_bronze
[2025-10-29T18:11:25.093+0000] {task_command.py:426} INFO - Running <TaskInstance: urlhaus_ingest.urlhaus_fetch_normalize_bronze scheduled__2025-09-25T00:00:00+00:00 [running]> on host 9a4b1d75930e
[2025-10-29T18:11:25.114+0000] {taskinstance.py:2648} INFO - Exporting env vars: AIRFLOW_CTX_DAG_OWNER='you' AIRFLOW_CTX_DAG_ID='urlhaus_ingest' AIRFLOW_CTX_TASK_ID='urlhaus_fetch_normalize_bronze' AIRFLOW_CTX_EXECUTION_DATE='2025-09-25T00:00:00+00:00' AIRFLOW_CTX_TRY_NUMBER='1' AIRFLOW_CTX_DAG_RUN_ID='scheduled__2025-09-25T00:00:00+00:00'
[2025-10-29T18:11:25.114+0000] {taskinstance.py:430} INFO - ::endgroup::
[2025-10-29T18:11:25.259+0000] {logging_mixin.py:188} INFO - [urlhaus_ingest] rows after normalize: 21302
[2025-10-29T18:11:25.270+0000] {logging_mixin.py:188} INFO - [urlhaus] rows after normalize: 21302
[2025-10-29T18:11:25.299+0000] {python.py:237} INFO - Done. Returned value was: None
[2025-10-29T18:11:25.299+0000] {taskinstance.py:441} INFO - ::group::Post task execution logs
[2025-10-29T18:11:25.301+0000] {taskinstance.py:1206} INFO - Marking task as SUCCESS. dag_id=urlhaus_ingest, task_id=urlhaus_fetch_normalize_bronze, run_id=scheduled__2025-09-25T00:00:00+00:00, execution_date=20250925T000000, start_date=20251029T181125, end_date=20251029T181125
[2025-10-29T18:11:25.312+0000] {local_task_job_runner.py:243} INFO - Task exited with return code 0
[2025-10-29T18:11:25.316+0000] {taskinstance.py:3503} INFO - 0 downstream tasks scheduled from follow-on schedule check
[2025-10-29T18:11:25.316+0000] {local_task_job_runner.py:222} INFO - ::endgroup::
