[2025-11-13T01:39:44.634+0000] {local_task_job_runner.py:120} INFO - ::group::Pre task execution logs
[2025-11-13T01:39:44.644+0000] {taskinstance.py:2076} INFO - Dependencies all met for dep_context=non-requeueable deps ti=<TaskInstance: urlhaus_silver.urlhaus_bronze_to_silver manual__2025-11-13T01:39:41.075657+00:00 [queued]>
[2025-11-13T01:39:44.646+0000] {taskinstance.py:2076} INFO - Dependencies all met for dep_context=requeueable deps ti=<TaskInstance: urlhaus_silver.urlhaus_bronze_to_silver manual__2025-11-13T01:39:41.075657+00:00 [queued]>
[2025-11-13T01:39:44.646+0000] {taskinstance.py:2306} INFO - Starting attempt 1 of 1
[2025-11-13T01:39:44.651+0000] {taskinstance.py:2330} INFO - Executing <Task(PythonOperator): urlhaus_bronze_to_silver> on 2025-11-13 01:39:41.075657+00:00
[2025-11-13T01:39:44.655+0000] {standard_task_runner.py:90} INFO - Running: ['airflow', 'tasks', 'run', 'urlhaus_silver', 'urlhaus_bronze_to_silver', 'manual__2025-11-13T01:39:41.075657+00:00', '--job-id', '65', '--raw', '--subdir', 'DAGS_FOLDER/urlhaus_silver.py', '--cfg-path', '/tmp/tmpj2jav5c0']
[2025-11-13T01:39:44.656+0000] {logging_mixin.py:188} WARNING - /home/airflow/.local/lib/python3.12/site-packages/airflow/task/task_runner/standard_task_runner.py:62 DeprecationWarning: This process (pid=12596) is multi-threaded, use of fork() may lead to deadlocks in the child.
[2025-11-13T01:39:44.656+0000] {standard_task_runner.py:91} INFO - Job 65: Subtask urlhaus_bronze_to_silver
[2025-11-13T01:39:44.656+0000] {standard_task_runner.py:64} INFO - Started process 12609 to run task
[2025-11-13T01:39:44.670+0000] {task_command.py:426} INFO - Running <TaskInstance: urlhaus_silver.urlhaus_bronze_to_silver manual__2025-11-13T01:39:41.075657+00:00 [running]> on host 1fd82182dcce
[2025-11-13T01:39:44.707+0000] {taskinstance.py:2648} INFO - Exporting env vars: AIRFLOW_CTX_DAG_OWNER='you' AIRFLOW_CTX_DAG_ID='urlhaus_silver' AIRFLOW_CTX_TASK_ID='urlhaus_bronze_to_silver' AIRFLOW_CTX_EXECUTION_DATE='2025-11-13T01:39:41.075657+00:00' AIRFLOW_CTX_TRY_NUMBER='1' AIRFLOW_CTX_DAG_RUN_ID='manual__2025-11-13T01:39:41.075657+00:00'
[2025-11-13T01:39:44.713+0000] {taskinstance.py:430} INFO - ::endgroup::
[2025-11-13T01:39:44.720+0000] {urlhaus_silver.py:21} INFO - Overriding ds/ts from dag_run.conf: 2025-11-13,2025-11-13T01:39:41.075657+00:00 -> 2025-11-13,2025-11-13T00:00:00+00:00
[2025-11-13T01:39:44.819+0000] {urlhaus_silver.py:71} INFO - [urlhaus_silver] 2025-11-13: wrote 2924 rows -> /opt/airflow/silver/urlhaus/ingest_date=2025-11-13/urlhaus_silver.parquet
[2025-11-13T01:39:44.822+0000] {python.py:237} INFO - Done. Returned value was: None
[2025-11-13T01:39:44.822+0000] {taskinstance.py:441} INFO - ::group::Post task execution logs
[2025-11-13T01:39:44.825+0000] {taskinstance.py:1206} INFO - Marking task as SUCCESS. dag_id=urlhaus_silver, task_id=urlhaus_bronze_to_silver, run_id=manual__2025-11-13T01:39:41.075657+00:00, execution_date=20251113T013941, start_date=20251113T013944, end_date=20251113T013944
[2025-11-13T01:39:44.880+0000] {local_task_job_runner.py:243} INFO - Task exited with return code 0
[2025-11-13T01:39:44.888+0000] {taskinstance.py:3503} INFO - 0 downstream tasks scheduled from follow-on schedule check
[2025-11-13T01:39:44.888+0000] {local_task_job_runner.py:222} INFO - ::endgroup::
