[2025-10-03T01:06:46.033+0000] {local_task_job_runner.py:120} INFO - ::group::Pre task execution logs
[2025-10-03T01:06:46.047+0000] {taskinstance.py:2076} INFO - Dependencies all met for dep_context=non-requeueable deps ti=<TaskInstance: labels_union.build_union scheduled__2025-10-02T00:00:00+00:00 [queued]>
[2025-10-03T01:06:46.051+0000] {taskinstance.py:2076} INFO - Dependencies all met for dep_context=requeueable deps ti=<TaskInstance: labels_union.build_union scheduled__2025-10-02T00:00:00+00:00 [queued]>
[2025-10-03T01:06:46.051+0000] {taskinstance.py:2306} INFO - Starting attempt 1 of 1
[2025-10-03T01:06:46.058+0000] {taskinstance.py:2330} INFO - Executing <Task(PythonOperator): build_union> on 2025-10-02 00:00:00+00:00
[2025-10-03T01:06:46.063+0000] {standard_task_runner.py:90} INFO - Running: ['airflow', 'tasks', 'run', 'labels_union', 'build_union', 'scheduled__2025-10-02T00:00:00+00:00', '--job-id', '83', '--raw', '--subdir', 'DAGS_FOLDER/labels_union.py', '--cfg-path', '/tmp/tmp5mm4tqp8']
[2025-10-03T01:06:46.066+0000] {standard_task_runner.py:91} INFO - Job 83: Subtask build_union
[2025-10-03T01:06:46.066+0000] {logging_mixin.py:188} WARNING - /home/airflow/.local/lib/python3.12/site-packages/airflow/task/task_runner/standard_task_runner.py:62 DeprecationWarning: This process (pid=37448) is multi-threaded, use of fork() may lead to deadlocks in the child.
[2025-10-03T01:06:46.070+0000] {standard_task_runner.py:64} INFO - Started process 37459 to run task
[2025-10-03T01:06:46.083+0000] {task_command.py:426} INFO - Running <TaskInstance: labels_union.build_union scheduled__2025-10-02T00:00:00+00:00 [running]> on host 539ffd8f219e
[2025-10-03T01:06:46.107+0000] {taskinstance.py:2648} INFO - Exporting env vars: AIRFLOW_CTX_DAG_OWNER='you' AIRFLOW_CTX_DAG_ID='labels_union' AIRFLOW_CTX_TASK_ID='build_union' AIRFLOW_CTX_EXECUTION_DATE='2025-10-02T00:00:00+00:00' AIRFLOW_CTX_TRY_NUMBER='1' AIRFLOW_CTX_DAG_RUN_ID='scheduled__2025-10-02T00:00:00+00:00'
[2025-10-03T01:06:46.107+0000] {taskinstance.py:430} INFO - ::endgroup::
[2025-10-03T01:06:46.152+0000] {logging_mixin.py:188} INFO - [labels_union] wrote 6142 rows -> /opt/airflow/silver/labels_union/ingest_date=2025-10-02
[2025-10-03T01:06:46.152+0000] {python.py:237} INFO - Done. Returned value was: None
[2025-10-03T01:06:46.152+0000] {taskinstance.py:441} INFO - ::group::Post task execution logs
[2025-10-03T01:06:46.154+0000] {taskinstance.py:1206} INFO - Marking task as SUCCESS. dag_id=labels_union, task_id=build_union, run_id=scheduled__2025-10-02T00:00:00+00:00, execution_date=20251002T000000, start_date=20251003T010646, end_date=20251003T010646
[2025-10-03T01:06:46.173+0000] {local_task_job_runner.py:243} INFO - Task exited with return code 0
[2025-10-03T01:06:46.177+0000] {taskinstance.py:3503} INFO - 0 downstream tasks scheduled from follow-on schedule check
[2025-10-03T01:06:46.178+0000] {local_task_job_runner.py:222} INFO - ::endgroup::
[2025-10-29T18:13:17.640+0000] {local_task_job_runner.py:120} INFO - ::group::Pre task execution logs
[2025-10-29T18:13:17.649+0000] {taskinstance.py:2076} INFO - Dependencies all met for dep_context=non-requeueable deps ti=<TaskInstance: labels_union.build_union scheduled__2025-10-02T00:00:00+00:00 [queued]>
[2025-10-29T18:13:17.650+0000] {taskinstance.py:2076} INFO - Dependencies all met for dep_context=requeueable deps ti=<TaskInstance: labels_union.build_union scheduled__2025-10-02T00:00:00+00:00 [queued]>
[2025-10-29T18:13:17.650+0000] {taskinstance.py:2306} INFO - Starting attempt 1 of 1
[2025-10-29T18:13:17.656+0000] {taskinstance.py:2330} INFO - Executing <Task(PythonOperator): build_union> on 2025-10-02 00:00:00+00:00
[2025-10-29T18:13:17.659+0000] {standard_task_runner.py:90} INFO - Running: ['airflow', 'tasks', 'run', 'labels_union', 'build_union', 'scheduled__2025-10-02T00:00:00+00:00', '--job-id', '167', '--raw', '--subdir', 'DAGS_FOLDER/labels_union.py', '--cfg-path', '/tmp/tmp7bumvvy9']
[2025-10-29T18:13:17.659+0000] {logging_mixin.py:188} WARNING - /home/airflow/.local/lib/python3.12/site-packages/airflow/task/task_runner/standard_task_runner.py:62 DeprecationWarning: This process (pid=4314) is multi-threaded, use of fork() may lead to deadlocks in the child.
[2025-10-29T18:13:17.660+0000] {standard_task_runner.py:91} INFO - Job 167: Subtask build_union
[2025-10-29T18:13:17.660+0000] {standard_task_runner.py:64} INFO - Started process 4325 to run task
[2025-10-29T18:13:17.671+0000] {task_command.py:426} INFO - Running <TaskInstance: labels_union.build_union scheduled__2025-10-02T00:00:00+00:00 [running]> on host 9a4b1d75930e
[2025-10-29T18:13:17.692+0000] {taskinstance.py:2648} INFO - Exporting env vars: AIRFLOW_CTX_DAG_OWNER='you' AIRFLOW_CTX_DAG_ID='labels_union' AIRFLOW_CTX_TASK_ID='build_union' AIRFLOW_CTX_EXECUTION_DATE='2025-10-02T00:00:00+00:00' AIRFLOW_CTX_TRY_NUMBER='1' AIRFLOW_CTX_DAG_RUN_ID='scheduled__2025-10-02T00:00:00+00:00'
[2025-10-29T18:13:17.692+0000] {taskinstance.py:430} INFO - ::endgroup::
[2025-10-29T18:13:17.718+0000] {logging_mixin.py:188} INFO - [labels_union] 2025-10-02: wrote 3114 rows -> /opt/airflow/silver/labels_union/ingest_date=2025-10-02
[2025-10-29T18:13:17.719+0000] {python.py:237} INFO - Done. Returned value was: None
[2025-10-29T18:13:17.719+0000] {taskinstance.py:441} INFO - ::group::Post task execution logs
[2025-10-29T18:13:17.720+0000] {taskinstance.py:1206} INFO - Marking task as SUCCESS. dag_id=labels_union, task_id=build_union, run_id=scheduled__2025-10-02T00:00:00+00:00, execution_date=20251002T000000, start_date=20251029T181317, end_date=20251029T181317
[2025-10-29T18:13:17.759+0000] {local_task_job_runner.py:243} INFO - Task exited with return code 0
[2025-10-29T18:13:17.763+0000] {taskinstance.py:3503} INFO - 0 downstream tasks scheduled from follow-on schedule check
[2025-10-29T18:13:17.764+0000] {local_task_job_runner.py:222} INFO - ::endgroup::
