[2025-10-06T00:17:36.424+0000] {local_task_job_runner.py:120} INFO - ::group::Pre task execution logs
[2025-10-06T00:17:36.603+0000] {taskinstance.py:2076} INFO - Dependencies all met for dep_context=non-requeueable deps ti=<TaskInstance: openphish_silver.openphish_bronze_to_silver scheduled__2025-10-05T00:00:00+00:00 [queued]>
[2025-10-06T00:17:36.641+0000] {taskinstance.py:2076} INFO - Dependencies all met for dep_context=requeueable deps ti=<TaskInstance: openphish_silver.openphish_bronze_to_silver scheduled__2025-10-05T00:00:00+00:00 [queued]>
[2025-10-06T00:17:36.642+0000] {taskinstance.py:2306} INFO - Starting attempt 1 of 1
[2025-10-06T00:17:36.754+0000] {taskinstance.py:2330} INFO - Executing <Task(PythonOperator): openphish_bronze_to_silver> on 2025-10-05 00:00:00+00:00
[2025-10-06T00:17:37.047+0000] {standard_task_runner.py:90} INFO - Running: ['airflow', 'tasks', 'run', 'openphish_silver', 'openphish_bronze_to_silver', 'scheduled__2025-10-05T00:00:00+00:00', '--job-id', '100', '--raw', '--subdir', 'DAGS_FOLDER/openphish_silver.py', '--cfg-path', '/tmp/tmpjcgvm827']
[2025-10-06T00:17:37.064+0000] {standard_task_runner.py:91} INFO - Job 100: Subtask openphish_bronze_to_silver
[2025-10-06T00:17:37.069+0000] {logging_mixin.py:188} WARNING - /home/airflow/.local/lib/python3.12/site-packages/airflow/task/task_runner/standard_task_runner.py:62 DeprecationWarning: This process (pid=88004) is multi-threaded, use of fork() may lead to deadlocks in the child.
[2025-10-06T00:17:37.080+0000] {standard_task_runner.py:64} INFO - Started process 88015 to run task
[2025-10-06T00:17:37.240+0000] {task_command.py:426} INFO - Running <TaskInstance: openphish_silver.openphish_bronze_to_silver scheduled__2025-10-05T00:00:00+00:00 [running]> on host 539ffd8f219e
[2025-10-06T00:17:37.466+0000] {taskinstance.py:2648} INFO - Exporting env vars: AIRFLOW_CTX_DAG_OWNER='you' AIRFLOW_CTX_DAG_ID='openphish_silver' AIRFLOW_CTX_TASK_ID='openphish_bronze_to_silver' AIRFLOW_CTX_EXECUTION_DATE='2025-10-05T00:00:00+00:00' AIRFLOW_CTX_TRY_NUMBER='1' AIRFLOW_CTX_DAG_RUN_ID='scheduled__2025-10-05T00:00:00+00:00'
[2025-10-06T00:17:37.469+0000] {taskinstance.py:430} INFO - ::endgroup::
[2025-10-06T00:17:38.162+0000] {logging_mixin.py:188} INFO - [openphish_silver] wrote 524 rows -> /opt/airflow/silver/openphish/ingest_date=2025-10-05
[2025-10-06T00:17:38.164+0000] {python.py:237} INFO - Done. Returned value was: None
[2025-10-06T00:17:38.166+0000] {taskinstance.py:441} INFO - ::group::Post task execution logs
[2025-10-06T00:17:38.191+0000] {taskinstance.py:1206} INFO - Marking task as SUCCESS. dag_id=openphish_silver, task_id=openphish_bronze_to_silver, run_id=scheduled__2025-10-05T00:00:00+00:00, execution_date=20251005T000000, start_date=20251006T001736, end_date=20251006T001738
[2025-10-06T00:17:38.261+0000] {local_task_job_runner.py:243} INFO - Task exited with return code 0
[2025-10-06T00:17:38.288+0000] {taskinstance.py:3503} INFO - 0 downstream tasks scheduled from follow-on schedule check
[2025-10-06T00:17:38.289+0000] {local_task_job_runner.py:222} INFO - ::endgroup::
[2025-10-29T18:13:30.135+0000] {local_task_job_runner.py:120} INFO - ::group::Pre task execution logs
[2025-10-29T18:13:30.143+0000] {taskinstance.py:2076} INFO - Dependencies all met for dep_context=non-requeueable deps ti=<TaskInstance: openphish_silver.openphish_bronze_to_silver scheduled__2025-10-05T00:00:00+00:00 [queued]>
[2025-10-29T18:13:30.145+0000] {taskinstance.py:2076} INFO - Dependencies all met for dep_context=requeueable deps ti=<TaskInstance: openphish_silver.openphish_bronze_to_silver scheduled__2025-10-05T00:00:00+00:00 [queued]>
[2025-10-29T18:13:30.145+0000] {taskinstance.py:2306} INFO - Starting attempt 1 of 1
[2025-10-29T18:13:30.149+0000] {taskinstance.py:2330} INFO - Executing <Task(PythonOperator): openphish_bronze_to_silver> on 2025-10-05 00:00:00+00:00
[2025-10-29T18:13:30.152+0000] {standard_task_runner.py:90} INFO - Running: ['airflow', 'tasks', 'run', 'openphish_silver', 'openphish_bronze_to_silver', 'scheduled__2025-10-05T00:00:00+00:00', '--job-id', '173', '--raw', '--subdir', 'DAGS_FOLDER/openphish_silver.py', '--cfg-path', '/tmp/tmp3ifxrhvz']
[2025-10-29T18:13:30.153+0000] {standard_task_runner.py:91} INFO - Job 173: Subtask openphish_bronze_to_silver
[2025-10-29T18:13:30.153+0000] {logging_mixin.py:188} WARNING - /home/airflow/.local/lib/python3.12/site-packages/airflow/task/task_runner/standard_task_runner.py:62 DeprecationWarning: This process (pid=4453) is multi-threaded, use of fork() may lead to deadlocks in the child.
[2025-10-29T18:13:30.156+0000] {standard_task_runner.py:64} INFO - Started process 4464 to run task
[2025-10-29T18:13:30.164+0000] {task_command.py:426} INFO - Running <TaskInstance: openphish_silver.openphish_bronze_to_silver scheduled__2025-10-05T00:00:00+00:00 [running]> on host 9a4b1d75930e
[2025-10-29T18:13:30.183+0000] {taskinstance.py:2648} INFO - Exporting env vars: AIRFLOW_CTX_DAG_OWNER='you' AIRFLOW_CTX_DAG_ID='openphish_silver' AIRFLOW_CTX_TASK_ID='openphish_bronze_to_silver' AIRFLOW_CTX_EXECUTION_DATE='2025-10-05T00:00:00+00:00' AIRFLOW_CTX_TRY_NUMBER='1' AIRFLOW_CTX_DAG_RUN_ID='scheduled__2025-10-05T00:00:00+00:00'
[2025-10-29T18:13:30.183+0000] {taskinstance.py:430} INFO - ::endgroup::
[2025-10-29T18:13:30.203+0000] {logging_mixin.py:188} INFO - [openphish_silver] 2025-10-05: wrote 206 rows -> /opt/airflow/silver/openphish/ingest_date=2025-10-05
[2025-10-29T18:13:30.203+0000] {python.py:237} INFO - Done. Returned value was: None
[2025-10-29T18:13:30.203+0000] {taskinstance.py:441} INFO - ::group::Post task execution logs
[2025-10-29T18:13:30.205+0000] {taskinstance.py:1206} INFO - Marking task as SUCCESS. dag_id=openphish_silver, task_id=openphish_bronze_to_silver, run_id=scheduled__2025-10-05T00:00:00+00:00, execution_date=20251005T000000, start_date=20251029T181330, end_date=20251029T181330
[2025-10-29T18:13:30.215+0000] {local_task_job_runner.py:243} INFO - Task exited with return code 0
[2025-10-29T18:13:30.219+0000] {taskinstance.py:3503} INFO - 0 downstream tasks scheduled from follow-on schedule check
[2025-10-29T18:13:30.219+0000] {local_task_job_runner.py:222} INFO - ::endgroup::
