[2025-11-13T01:40:45.127+0000] {local_task_job_runner.py:120} INFO - ::group::Pre task execution logs
[2025-11-13T01:40:45.135+0000] {taskinstance.py:2076} INFO - Dependencies all met for dep_context=non-requeueable deps ti=<TaskInstance: pipeline_orchestrator.labels_union manual__2025-11-13T00:00:00+00:00 [queued]>
[2025-11-13T01:40:45.137+0000] {taskinstance.py:2076} INFO - Dependencies all met for dep_context=requeueable deps ti=<TaskInstance: pipeline_orchestrator.labels_union manual__2025-11-13T00:00:00+00:00 [queued]>
[2025-11-13T01:40:45.137+0000] {taskinstance.py:2306} INFO - Starting attempt 1 of 1
[2025-11-13T01:40:45.142+0000] {taskinstance.py:2330} INFO - Executing <Task(TriggerDagRunOperator): labels_union> on 2025-11-13 00:00:00+00:00
[2025-11-13T01:40:45.143+0000] {standard_task_runner.py:64} INFO - Started process 12812 to run task
[2025-11-13T01:40:45.144+0000] {standard_task_runner.py:90} INFO - Running: ['airflow', 'tasks', 'run', 'pipeline_orchestrator', 'labels_union', 'manual__2025-11-13T00:00:00+00:00', '--job-id', '68', '--raw', '--subdir', 'DAGS_FOLDER/pipeline_orchestrator.py', '--cfg-path', '/tmp/tmp__tvpve7']
[2025-11-13T01:40:45.145+0000] {standard_task_runner.py:91} INFO - Job 68: Subtask labels_union
[2025-11-13T01:40:45.157+0000] {task_command.py:426} INFO - Running <TaskInstance: pipeline_orchestrator.labels_union manual__2025-11-13T00:00:00+00:00 [running]> on host 1fd82182dcce
[2025-11-13T01:40:45.228+0000] {taskinstance.py:2648} INFO - Exporting env vars: AIRFLOW_CTX_DAG_OWNER='airflow' AIRFLOW_CTX_DAG_ID='pipeline_orchestrator' AIRFLOW_CTX_TASK_ID='labels_union' AIRFLOW_CTX_EXECUTION_DATE='2025-11-13T00:00:00+00:00' AIRFLOW_CTX_TRY_NUMBER='1' AIRFLOW_CTX_DAG_RUN_ID='manual__2025-11-13T00:00:00+00:00'
[2025-11-13T01:40:45.229+0000] {taskinstance.py:430} INFO - ::endgroup::
[2025-11-13T01:40:45.247+0000] {taskinstance.py:441} INFO - ::group::Post task execution logs
[2025-11-13T01:40:45.248+0000] {crypto.py:82} WARNING - empty cryptography key - values will not be stored encrypted.
[2025-11-13T01:40:45.248+0000] {taskinstance.py:2489} INFO - Pausing task as DEFERRED. dag_id=pipeline_orchestrator, task_id=labels_union, run_id=manual__2025-11-13T00:00:00+00:00, execution_date=20251113T000000, start_date=20251113T014045
[2025-11-13T01:40:45.288+0000] {local_task_job_runner.py:237} INFO - Task exited with return code 100 (task deferral)
[2025-11-13T01:40:45.288+0000] {local_task_job_runner.py:222} INFO - ::endgroup::
[2025-11-13T01:41:48.136+0000] {local_task_job_runner.py:120} INFO - ::group::Pre task execution logs
[2025-11-13T01:41:48.148+0000] {taskinstance.py:2076} INFO - Dependencies all met for dep_context=non-requeueable deps ti=<TaskInstance: pipeline_orchestrator.labels_union manual__2025-11-13T00:00:00+00:00 [queued]>
[2025-11-13T01:41:48.153+0000] {taskinstance.py:2076} INFO - Dependencies all met for dep_context=requeueable deps ti=<TaskInstance: pipeline_orchestrator.labels_union manual__2025-11-13T00:00:00+00:00 [queued]>
[2025-11-13T01:41:48.154+0000] {taskinstance.py:2304} INFO - Resuming after deferral
[2025-11-13T01:41:48.162+0000] {taskinstance.py:2330} INFO - Executing <Task(TriggerDagRunOperator): labels_union> on 2025-11-13 00:00:00+00:00
[2025-11-13T01:41:48.164+0000] {standard_task_runner.py:64} INFO - Started process 13012 to run task
[2025-11-13T01:41:48.165+0000] {standard_task_runner.py:90} INFO - Running: ['airflow', 'tasks', 'run', 'pipeline_orchestrator', 'labels_union', 'manual__2025-11-13T00:00:00+00:00', '--job-id', '70', '--raw', '--subdir', 'DAGS_FOLDER/pipeline_orchestrator.py', '--cfg-path', '/tmp/tmp_kg95w_b']
[2025-11-13T01:41:48.166+0000] {standard_task_runner.py:91} INFO - Job 70: Subtask labels_union
[2025-11-13T01:41:48.180+0000] {task_command.py:426} INFO - Running <TaskInstance: pipeline_orchestrator.labels_union manual__2025-11-13T00:00:00+00:00 [running]> on host 1fd82182dcce
[2025-11-13T01:41:48.297+0000] {taskinstance.py:430} INFO - ::endgroup::
[2025-11-13T01:41:48.298+0000] {trigger_dagrun.py:262} INFO - labels_union finished with allowed state success
[2025-11-13T01:41:48.298+0000] {taskinstance.py:441} INFO - ::group::Post task execution logs
[2025-11-13T01:41:48.299+0000] {taskinstance.py:1206} INFO - Marking task as SUCCESS. dag_id=pipeline_orchestrator, task_id=labels_union, run_id=manual__2025-11-13T00:00:00+00:00, execution_date=20251113T000000, start_date=20251113T014045, end_date=20251113T014148
[2025-11-13T01:41:48.351+0000] {local_task_job_runner.py:243} INFO - Task exited with return code 0
[2025-11-13T01:41:48.359+0000] {taskinstance.py:3503} INFO - 2 downstream tasks scheduled from follow-on schedule check
[2025-11-13T01:41:48.360+0000] {local_task_job_runner.py:222} INFO - ::endgroup::
