[2025-11-08T00:01:23.875+0000] {local_task_job_runner.py:120} INFO - ::group::Pre task execution logs
[2025-11-08T00:01:23.891+0000] {taskinstance.py:2076} INFO - Dependencies all met for dep_context=non-requeueable deps ti=<TaskInstance: dns_ip_geo_ingest.dns_ip_geo_fetch scheduled__2025-11-07T00:00:00+00:00 [queued]>
[2025-11-08T00:01:23.895+0000] {taskinstance.py:2076} INFO - Dependencies all met for dep_context=requeueable deps ti=<TaskInstance: dns_ip_geo_ingest.dns_ip_geo_fetch scheduled__2025-11-07T00:00:00+00:00 [queued]>
[2025-11-08T00:01:23.895+0000] {taskinstance.py:2306} INFO - Starting attempt 1 of 1
[2025-11-08T00:01:23.902+0000] {taskinstance.py:2330} INFO - Executing <Task(PythonOperator): dns_ip_geo_fetch> on 2025-11-07 00:00:00+00:00
[2025-11-08T00:01:23.911+0000] {standard_task_runner.py:90} INFO - Running: ['airflow', 'tasks', 'run', 'dns_ip_geo_ingest', 'dns_ip_geo_fetch', 'scheduled__2025-11-07T00:00:00+00:00', '--job-id', '50', '--raw', '--subdir', 'DAGS_FOLDER/dns_ip_geo_dag.py', '--cfg-path', '/tmp/tmpjie9u5si']
[2025-11-08T00:01:23.913+0000] {standard_task_runner.py:91} INFO - Job 50: Subtask dns_ip_geo_fetch
[2025-11-08T00:01:23.913+0000] {logging_mixin.py:188} WARNING - /home/airflow/.local/lib/python3.12/site-packages/airflow/task/task_runner/standard_task_runner.py:62 DeprecationWarning: This process (pid=51116) is multi-threaded, use of fork() may lead to deadlocks in the child.
[2025-11-08T00:01:23.917+0000] {standard_task_runner.py:64} INFO - Started process 51127 to run task
[2025-11-08T00:01:23.937+0000] {task_command.py:426} INFO - Running <TaskInstance: dns_ip_geo_ingest.dns_ip_geo_fetch scheduled__2025-11-07T00:00:00+00:00 [running]> on host 7e98baed574a
[2025-11-08T00:01:23.977+0000] {taskinstance.py:2648} INFO - Exporting env vars: AIRFLOW_CTX_DAG_OWNER='you' AIRFLOW_CTX_DAG_ID='dns_ip_geo_ingest' AIRFLOW_CTX_TASK_ID='dns_ip_geo_fetch' AIRFLOW_CTX_EXECUTION_DATE='2025-11-07T00:00:00+00:00' AIRFLOW_CTX_TRY_NUMBER='1' AIRFLOW_CTX_DAG_RUN_ID='scheduled__2025-11-07T00:00:00+00:00'
[2025-11-08T00:01:23.978+0000] {taskinstance.py:430} INFO - ::endgroup::
[2025-11-08T00:01:23.987+0000] {taskinstance.py:441} INFO - ::group::Post task execution logs
[2025-11-08T00:01:23.988+0000] {taskinstance.py:2905} ERROR - Task failed with exception
Traceback (most recent call last):
  File "/home/airflow/.local/lib/python3.12/site-packages/airflow/models/taskinstance.py", line 465, in _execute_task
    result = _execute_callable(context=context, **execute_callable_kwargs)
             ^^^^^^^^^^^^^^^^^^^^^^^^^^^^^^^^^^^^^^^^^^^^^^^^^^^^^^^^^^^^^
  File "/home/airflow/.local/lib/python3.12/site-packages/airflow/models/taskinstance.py", line 432, in _execute_callable
    return execute_callable(context=context, **execute_callable_kwargs)
           ^^^^^^^^^^^^^^^^^^^^^^^^^^^^^^^^^^^^^^^^^^^^^^^^^^^^^^^^^^^^
  File "/home/airflow/.local/lib/python3.12/site-packages/airflow/models/baseoperator.py", line 401, in wrapper
    return func(self, *args, **kwargs)
           ^^^^^^^^^^^^^^^^^^^^^^^^^^^
  File "/home/airflow/.local/lib/python3.12/site-packages/airflow/operators/python.py", line 235, in execute
    return_value = self.execute_callable()
                   ^^^^^^^^^^^^^^^^^^^^^^^
  File "/home/airflow/.local/lib/python3.12/site-packages/airflow/operators/python.py", line 252, in execute_callable
    return self.python_callable(*self.op_args, **self.op_kwargs)
           ^^^^^^^^^^^^^^^^^^^^^^^^^^^^^^^^^^^^^^^^^^^^^^^^^^^^^
  File "/opt/airflow/dags/dns_ip_geo_dag.py", line 62, in dns_ip_geo_task
    labels = _load_labels_for_day(ds)
             ^^^^^^^^^^^^^^^^^^^^^^^^
  File "/opt/airflow/dags/dns_ip_geo_dag.py", line 23, in _load_labels_for_day
    raise FileNotFoundError(f"labels_union parquet not found for ds={ds}: {p}")
FileNotFoundError: labels_union parquet not found for ds=2025-11-07: /opt/airflow/silver/labels_union/ingest_date=2025-11-07/labels_union.parquet
[2025-11-08T00:01:23.991+0000] {taskinstance.py:1206} INFO - Marking task as FAILED. dag_id=dns_ip_geo_ingest, task_id=dns_ip_geo_fetch, run_id=scheduled__2025-11-07T00:00:00+00:00, execution_date=20251107T000000, start_date=20251108T000123, end_date=20251108T000123
[2025-11-08T00:01:23.996+0000] {standard_task_runner.py:110} ERROR - Failed to execute job 50 for task dns_ip_geo_fetch (labels_union parquet not found for ds=2025-11-07: /opt/airflow/silver/labels_union/ingest_date=2025-11-07/labels_union.parquet; 51127)
[2025-11-08T00:01:24.022+0000] {local_task_job_runner.py:243} INFO - Task exited with return code 1
[2025-11-08T00:01:24.030+0000] {taskinstance.py:3503} INFO - 0 downstream tasks scheduled from follow-on schedule check
[2025-11-08T00:01:24.030+0000] {local_task_job_runner.py:222} INFO - ::endgroup::
