[2025-10-29T17:18:03.207+0000] {local_task_job_runner.py:120} INFO - ::group::Pre task execution logs
[2025-10-29T17:18:03.214+0000] {taskinstance.py:2076} INFO - Dependencies all met for dep_context=non-requeueable deps ti=<TaskInstance: urlhaus_ingest.urlhaus_fetch_normalize_bronze scheduled__2025-10-16T00:00:00+00:00 [queued]>
[2025-10-29T17:18:03.215+0000] {taskinstance.py:2076} INFO - Dependencies all met for dep_context=requeueable deps ti=<TaskInstance: urlhaus_ingest.urlhaus_fetch_normalize_bronze scheduled__2025-10-16T00:00:00+00:00 [queued]>
[2025-10-29T17:18:03.216+0000] {taskinstance.py:2306} INFO - Starting attempt 1 of 2
[2025-10-29T17:18:03.219+0000] {taskinstance.py:2330} INFO - Executing <Task(PythonOperator): urlhaus_fetch_normalize_bronze> on 2025-10-16 00:00:00+00:00
[2025-10-29T17:18:03.222+0000] {warnings.py:112} WARNING - /home/airflow/.local/lib/python3.12/site-packages/airflow/task/task_runner/standard_task_runner.py:62: DeprecationWarning: This process (pid=2834) is multi-threaded, use of fork() may lead to deadlocks in the child.
  pid = os.fork()

[2025-10-29T17:18:03.222+0000] {standard_task_runner.py:64} INFO - Started process 2855 to run task
[2025-10-29T17:18:03.223+0000] {standard_task_runner.py:90} INFO - Running: ['airflow', 'tasks', 'run', 'urlhaus_ingest', 'urlhaus_fetch_normalize_bronze', 'scheduled__2025-10-16T00:00:00+00:00', '--job-id', '101', '--raw', '--subdir', 'DAGS_FOLDER/urlhaus_ingest.py', '--cfg-path', '/tmp/tmp9tao83dv']
[2025-10-29T17:18:03.223+0000] {standard_task_runner.py:91} INFO - Job 101: Subtask urlhaus_fetch_normalize_bronze
[2025-10-29T17:18:03.234+0000] {task_command.py:426} INFO - Running <TaskInstance: urlhaus_ingest.urlhaus_fetch_normalize_bronze scheduled__2025-10-16T00:00:00+00:00 [running]> on host 109bbc934e0f
[2025-10-29T17:18:03.254+0000] {taskinstance.py:2648} INFO - Exporting env vars: AIRFLOW_CTX_DAG_OWNER='you' AIRFLOW_CTX_DAG_ID='urlhaus_ingest' AIRFLOW_CTX_TASK_ID='urlhaus_fetch_normalize_bronze' AIRFLOW_CTX_EXECUTION_DATE='2025-10-16T00:00:00+00:00' AIRFLOW_CTX_TRY_NUMBER='1' AIRFLOW_CTX_DAG_RUN_ID='scheduled__2025-10-16T00:00:00+00:00'
[2025-10-29T17:18:03.254+0000] {taskinstance.py:430} INFO - ::endgroup::
[2025-10-29T17:18:03.398+0000] {logging_mixin.py:188} INFO - [urlhaus_ingest] rows after normalize: 21313
[2025-10-29T17:18:03.408+0000] {logging_mixin.py:188} INFO - [urlhaus] rows after normalize: 21313
[2025-10-29T17:18:03.429+0000] {python.py:237} INFO - Done. Returned value was: None
[2025-10-29T17:18:03.429+0000] {taskinstance.py:441} INFO - ::group::Post task execution logs
[2025-10-29T17:18:03.430+0000] {taskinstance.py:1206} INFO - Marking task as SUCCESS. dag_id=urlhaus_ingest, task_id=urlhaus_fetch_normalize_bronze, run_id=scheduled__2025-10-16T00:00:00+00:00, execution_date=20251016T000000, start_date=20251029T171803, end_date=20251029T171803
[2025-10-29T17:18:03.451+0000] {local_task_job_runner.py:243} INFO - Task exited with return code 0
[2025-10-29T17:18:03.455+0000] {taskinstance.py:3503} INFO - 0 downstream tasks scheduled from follow-on schedule check
[2025-10-29T17:18:03.455+0000] {local_task_job_runner.py:222} INFO - ::endgroup::
[2025-10-29T18:15:34.512+0000] {local_task_job_runner.py:120} INFO - ::group::Pre task execution logs
[2025-10-29T18:15:34.521+0000] {taskinstance.py:2076} INFO - Dependencies all met for dep_context=non-requeueable deps ti=<TaskInstance: urlhaus_ingest.urlhaus_fetch_normalize_bronze scheduled__2025-10-16T00:00:00+00:00 [queued]>
[2025-10-29T18:15:34.523+0000] {taskinstance.py:2076} INFO - Dependencies all met for dep_context=requeueable deps ti=<TaskInstance: urlhaus_ingest.urlhaus_fetch_normalize_bronze scheduled__2025-10-16T00:00:00+00:00 [queued]>
[2025-10-29T18:15:34.523+0000] {taskinstance.py:2306} INFO - Starting attempt 1 of 2
[2025-10-29T18:15:34.528+0000] {taskinstance.py:2330} INFO - Executing <Task(PythonOperator): urlhaus_fetch_normalize_bronze> on 2025-10-16 00:00:00+00:00
[2025-10-29T18:15:34.532+0000] {warnings.py:112} WARNING - /home/airflow/.local/lib/python3.12/site-packages/airflow/task/task_runner/standard_task_runner.py:62: DeprecationWarning: This process (pid=5758) is multi-threaded, use of fork() may lead to deadlocks in the child.
  pid = os.fork()

[2025-10-29T18:15:34.533+0000] {standard_task_runner.py:64} INFO - Started process 5779 to run task
[2025-10-29T18:15:34.533+0000] {standard_task_runner.py:90} INFO - Running: ['airflow', 'tasks', 'run', 'urlhaus_ingest', 'urlhaus_fetch_normalize_bronze', 'scheduled__2025-10-16T00:00:00+00:00', '--job-id', '226', '--raw', '--subdir', 'DAGS_FOLDER/urlhaus_ingest.py', '--cfg-path', '/tmp/tmpwrin8cp2']
[2025-10-29T18:15:34.533+0000] {standard_task_runner.py:91} INFO - Job 226: Subtask urlhaus_fetch_normalize_bronze
[2025-10-29T18:15:34.546+0000] {task_command.py:426} INFO - Running <TaskInstance: urlhaus_ingest.urlhaus_fetch_normalize_bronze scheduled__2025-10-16T00:00:00+00:00 [running]> on host 9a4b1d75930e
[2025-10-29T18:15:34.570+0000] {taskinstance.py:2648} INFO - Exporting env vars: AIRFLOW_CTX_DAG_OWNER='you' AIRFLOW_CTX_DAG_ID='urlhaus_ingest' AIRFLOW_CTX_TASK_ID='urlhaus_fetch_normalize_bronze' AIRFLOW_CTX_EXECUTION_DATE='2025-10-16T00:00:00+00:00' AIRFLOW_CTX_TRY_NUMBER='1' AIRFLOW_CTX_DAG_RUN_ID='scheduled__2025-10-16T00:00:00+00:00'
[2025-10-29T18:15:34.571+0000] {taskinstance.py:430} INFO - ::endgroup::
[2025-10-29T18:15:34.730+0000] {logging_mixin.py:188} INFO - [urlhaus_ingest] rows after normalize: 21301
[2025-10-29T18:15:34.742+0000] {logging_mixin.py:188} INFO - [urlhaus] rows after normalize: 21301
[2025-10-29T18:15:34.765+0000] {python.py:237} INFO - Done. Returned value was: None
[2025-10-29T18:15:34.765+0000] {taskinstance.py:441} INFO - ::group::Post task execution logs
[2025-10-29T18:15:34.767+0000] {taskinstance.py:1206} INFO - Marking task as SUCCESS. dag_id=urlhaus_ingest, task_id=urlhaus_fetch_normalize_bronze, run_id=scheduled__2025-10-16T00:00:00+00:00, execution_date=20251016T000000, start_date=20251029T181534, end_date=20251029T181534
[2025-10-29T18:15:34.799+0000] {local_task_job_runner.py:243} INFO - Task exited with return code 0
[2025-10-29T18:15:34.804+0000] {taskinstance.py:3503} INFO - 0 downstream tasks scheduled from follow-on schedule check
[2025-10-29T18:15:34.804+0000] {local_task_job_runner.py:222} INFO - ::endgroup::
