[2025-09-25T00:04:25.893+0000] {local_task_job_runner.py:120} INFO - ::group::Pre task execution logs
[2025-09-25T00:04:25.907+0000] {taskinstance.py:2076} INFO - Dependencies all met for dep_context=non-requeueable deps ti=<TaskInstance: urlhaus_silver.urlhaus_bronze_to_silver scheduled__2025-09-24T00:00:00+00:00 [queued]>
[2025-09-25T00:04:25.909+0000] {taskinstance.py:2076} INFO - Dependencies all met for dep_context=requeueable deps ti=<TaskInstance: urlhaus_silver.urlhaus_bronze_to_silver scheduled__2025-09-24T00:00:00+00:00 [queued]>
[2025-09-25T00:04:25.909+0000] {taskinstance.py:2306} INFO - Starting attempt 1 of 1
[2025-09-25T00:04:25.916+0000] {taskinstance.py:2330} INFO - Executing <Task(PythonOperator): urlhaus_bronze_to_silver> on 2025-09-24 00:00:00+00:00
[2025-09-25T00:04:25.930+0000] {logging_mixin.py:188} WARNING - /home/airflow/.local/lib/python3.12/site-packages/airflow/task/task_runner/standard_task_runner.py:62 DeprecationWarning: This process (pid=43946) is multi-threaded, use of fork() may lead to deadlocks in the child.
[2025-09-25T00:04:25.932+0000] {standard_task_runner.py:64} INFO - Started process 43957 to run task
[2025-09-25T00:04:25.929+0000] {standard_task_runner.py:90} INFO - Running: ['airflow', 'tasks', 'run', 'urlhaus_silver', 'urlhaus_bronze_to_silver', 'scheduled__2025-09-24T00:00:00+00:00', '--job-id', '29', '--raw', '--subdir', 'DAGS_FOLDER/urlhaus_silver.py', '--cfg-path', '/tmp/tmp_g2vea0t']
[2025-09-25T00:04:25.933+0000] {standard_task_runner.py:91} INFO - Job 29: Subtask urlhaus_bronze_to_silver
[2025-09-25T00:04:25.989+0000] {task_command.py:426} INFO - Running <TaskInstance: urlhaus_silver.urlhaus_bronze_to_silver scheduled__2025-09-24T00:00:00+00:00 [running]> on host 539ffd8f219e
[2025-09-25T00:04:26.026+0000] {taskinstance.py:2648} INFO - Exporting env vars: AIRFLOW_CTX_DAG_OWNER='you' AIRFLOW_CTX_DAG_ID='urlhaus_silver' AIRFLOW_CTX_TASK_ID='urlhaus_bronze_to_silver' AIRFLOW_CTX_EXECUTION_DATE='2025-09-24T00:00:00+00:00' AIRFLOW_CTX_TRY_NUMBER='1' AIRFLOW_CTX_DAG_RUN_ID='scheduled__2025-09-24T00:00:00+00:00'
[2025-09-25T00:04:26.026+0000] {taskinstance.py:430} INFO - ::endgroup::
[2025-09-25T00:04:26.098+0000] {logging_mixin.py:188} INFO - [urlhaus_silver] wrote 3983 rows -> /opt/airflow/silver/urlhaus/ingest_date=2025-09-24
[2025-09-25T00:04:26.099+0000] {python.py:237} INFO - Done. Returned value was: None
[2025-09-25T00:04:26.099+0000] {taskinstance.py:441} INFO - ::group::Post task execution logs
[2025-09-25T00:04:26.101+0000] {taskinstance.py:1206} INFO - Marking task as SUCCESS. dag_id=urlhaus_silver, task_id=urlhaus_bronze_to_silver, run_id=scheduled__2025-09-24T00:00:00+00:00, execution_date=20250924T000000, start_date=20250925T000425, end_date=20250925T000426
[2025-09-25T00:04:26.124+0000] {local_task_job_runner.py:243} INFO - Task exited with return code 0
[2025-09-25T00:04:26.131+0000] {taskinstance.py:3503} INFO - 0 downstream tasks scheduled from follow-on schedule check
[2025-09-25T00:04:26.132+0000] {local_task_job_runner.py:222} INFO - ::endgroup::
[2025-10-29T18:11:22.631+0000] {local_task_job_runner.py:120} INFO - ::group::Pre task execution logs
[2025-10-29T18:11:22.640+0000] {taskinstance.py:2076} INFO - Dependencies all met for dep_context=non-requeueable deps ti=<TaskInstance: urlhaus_silver.urlhaus_bronze_to_silver scheduled__2025-09-24T00:00:00+00:00 [queued]>
[2025-10-29T18:11:22.641+0000] {taskinstance.py:2076} INFO - Dependencies all met for dep_context=requeueable deps ti=<TaskInstance: urlhaus_silver.urlhaus_bronze_to_silver scheduled__2025-09-24T00:00:00+00:00 [queued]>
[2025-10-29T18:11:22.641+0000] {taskinstance.py:2306} INFO - Starting attempt 1 of 1
[2025-10-29T18:11:22.646+0000] {taskinstance.py:2330} INFO - Executing <Task(PythonOperator): urlhaus_bronze_to_silver> on 2025-09-24 00:00:00+00:00
[2025-10-29T18:11:22.649+0000] {standard_task_runner.py:90} INFO - Running: ['airflow', 'tasks', 'run', 'urlhaus_silver', 'urlhaus_bronze_to_silver', 'scheduled__2025-09-24T00:00:00+00:00', '--job-id', '120', '--raw', '--subdir', 'DAGS_FOLDER/urlhaus_silver.py', '--cfg-path', '/tmp/tmpn1pde5nc']
[2025-10-29T18:11:22.650+0000] {standard_task_runner.py:91} INFO - Job 120: Subtask urlhaus_bronze_to_silver
[2025-10-29T18:11:22.649+0000] {logging_mixin.py:188} WARNING - /home/airflow/.local/lib/python3.12/site-packages/airflow/task/task_runner/standard_task_runner.py:62 DeprecationWarning: This process (pid=3137) is multi-threaded, use of fork() may lead to deadlocks in the child.
[2025-10-29T18:11:22.652+0000] {standard_task_runner.py:64} INFO - Started process 3148 to run task
[2025-10-29T18:11:22.661+0000] {task_command.py:426} INFO - Running <TaskInstance: urlhaus_silver.urlhaus_bronze_to_silver scheduled__2025-09-24T00:00:00+00:00 [running]> on host 9a4b1d75930e
[2025-10-29T18:11:22.680+0000] {taskinstance.py:2648} INFO - Exporting env vars: AIRFLOW_CTX_DAG_OWNER='you' AIRFLOW_CTX_DAG_ID='urlhaus_silver' AIRFLOW_CTX_TASK_ID='urlhaus_bronze_to_silver' AIRFLOW_CTX_EXECUTION_DATE='2025-09-24T00:00:00+00:00' AIRFLOW_CTX_TRY_NUMBER='1' AIRFLOW_CTX_DAG_RUN_ID='scheduled__2025-09-24T00:00:00+00:00'
[2025-10-29T18:11:22.680+0000] {taskinstance.py:430} INFO - ::endgroup::
[2025-10-29T18:11:22.719+0000] {logging_mixin.py:188} INFO - [urlhaus_silver] 2025-09-24: wrote 2908 rows -> /opt/airflow/silver/urlhaus/ingest_date=2025-09-24
[2025-10-29T18:11:22.720+0000] {python.py:237} INFO - Done. Returned value was: None
[2025-10-29T18:11:22.720+0000] {taskinstance.py:441} INFO - ::group::Post task execution logs
[2025-10-29T18:11:22.721+0000] {taskinstance.py:1206} INFO - Marking task as SUCCESS. dag_id=urlhaus_silver, task_id=urlhaus_bronze_to_silver, run_id=scheduled__2025-09-24T00:00:00+00:00, execution_date=20250924T000000, start_date=20251029T181122, end_date=20251029T181122
[2025-10-29T18:11:22.760+0000] {local_task_job_runner.py:243} INFO - Task exited with return code 0
[2025-10-29T18:11:22.764+0000] {taskinstance.py:3503} INFO - 0 downstream tasks scheduled from follow-on schedule check
[2025-10-29T18:11:22.764+0000] {local_task_job_runner.py:222} INFO - ::endgroup::
