[2025-10-29T17:16:51.367+0000] {local_task_job_runner.py:120} INFO - ::group::Pre task execution logs
[2025-10-29T17:16:51.375+0000] {taskinstance.py:2076} INFO - Dependencies all met for dep_context=non-requeueable deps ti=<TaskInstance: openphish_ingest.openphish_fetch_normalize_bronze scheduled__2025-10-11T00:00:00+00:00 [queued]>
[2025-10-29T17:16:51.377+0000] {taskinstance.py:2076} INFO - Dependencies all met for dep_context=requeueable deps ti=<TaskInstance: openphish_ingest.openphish_fetch_normalize_bronze scheduled__2025-10-11T00:00:00+00:00 [queued]>
[2025-10-29T17:16:51.377+0000] {taskinstance.py:2306} INFO - Starting attempt 1 of 2
[2025-10-29T17:16:51.381+0000] {taskinstance.py:2330} INFO - Executing <Task(PythonOperator): openphish_fetch_normalize_bronze> on 2025-10-11 00:00:00+00:00
[2025-10-29T17:16:51.384+0000] {warnings.py:112} WARNING - /home/airflow/.local/lib/python3.12/site-packages/airflow/task/task_runner/standard_task_runner.py:62: DeprecationWarning: This process (pid=2266) is multi-threaded, use of fork() may lead to deadlocks in the child.
  pid = os.fork()

[2025-10-29T17:16:51.384+0000] {standard_task_runner.py:64} INFO - Started process 2287 to run task
[2025-10-29T17:16:51.385+0000] {standard_task_runner.py:90} INFO - Running: ['airflow', 'tasks', 'run', 'openphish_ingest', 'openphish_fetch_normalize_bronze', 'scheduled__2025-10-11T00:00:00+00:00', '--job-id', '80', '--raw', '--subdir', 'DAGS_FOLDER/openphish_ingest.py', '--cfg-path', '/tmp/tmp869_n_w9']
[2025-10-29T17:16:51.385+0000] {standard_task_runner.py:91} INFO - Job 80: Subtask openphish_fetch_normalize_bronze
[2025-10-29T17:16:51.397+0000] {task_command.py:426} INFO - Running <TaskInstance: openphish_ingest.openphish_fetch_normalize_bronze scheduled__2025-10-11T00:00:00+00:00 [running]> on host 109bbc934e0f
[2025-10-29T17:16:51.419+0000] {taskinstance.py:2648} INFO - Exporting env vars: AIRFLOW_CTX_DAG_OWNER='you' AIRFLOW_CTX_DAG_ID='openphish_ingest' AIRFLOW_CTX_TASK_ID='openphish_fetch_normalize_bronze' AIRFLOW_CTX_EXECUTION_DATE='2025-10-11T00:00:00+00:00' AIRFLOW_CTX_TRY_NUMBER='1' AIRFLOW_CTX_DAG_RUN_ID='scheduled__2025-10-11T00:00:00+00:00'
[2025-10-29T17:16:51.420+0000] {taskinstance.py:430} INFO - ::endgroup::
[2025-10-29T17:16:52.087+0000] {logging_mixin.py:188} INFO - [openphish_ingest] rows after normalize: 300
[2025-10-29T17:16:52.091+0000] {logging_mixin.py:188} INFO - [openphish] rows after normalize: 300
[2025-10-29T17:16:52.102+0000] {python.py:237} INFO - Done. Returned value was: None
[2025-10-29T17:16:52.102+0000] {taskinstance.py:441} INFO - ::group::Post task execution logs
[2025-10-29T17:16:52.105+0000] {taskinstance.py:1206} INFO - Marking task as SUCCESS. dag_id=openphish_ingest, task_id=openphish_fetch_normalize_bronze, run_id=scheduled__2025-10-11T00:00:00+00:00, execution_date=20251011T000000, start_date=20251029T171651, end_date=20251029T171652
[2025-10-29T17:16:52.136+0000] {local_task_job_runner.py:243} INFO - Task exited with return code 0
[2025-10-29T17:16:52.141+0000] {taskinstance.py:3503} INFO - 0 downstream tasks scheduled from follow-on schedule check
[2025-10-29T17:16:52.142+0000] {local_task_job_runner.py:222} INFO - ::endgroup::
[2025-10-29T18:14:31.063+0000] {local_task_job_runner.py:120} INFO - ::group::Pre task execution logs
[2025-10-29T18:14:31.070+0000] {taskinstance.py:2076} INFO - Dependencies all met for dep_context=non-requeueable deps ti=<TaskInstance: openphish_ingest.openphish_fetch_normalize_bronze scheduled__2025-10-11T00:00:00+00:00 [queued]>
[2025-10-29T18:14:31.071+0000] {taskinstance.py:2076} INFO - Dependencies all met for dep_context=requeueable deps ti=<TaskInstance: openphish_ingest.openphish_fetch_normalize_bronze scheduled__2025-10-11T00:00:00+00:00 [queued]>
[2025-10-29T18:14:31.071+0000] {taskinstance.py:2306} INFO - Starting attempt 1 of 2
[2025-10-29T18:14:31.075+0000] {taskinstance.py:2330} INFO - Executing <Task(PythonOperator): openphish_fetch_normalize_bronze> on 2025-10-11 00:00:00+00:00
[2025-10-29T18:14:31.078+0000] {warnings.py:112} WARNING - /home/airflow/.local/lib/python3.12/site-packages/airflow/task/task_runner/standard_task_runner.py:62: DeprecationWarning: This process (pid=5095) is multi-threaded, use of fork() may lead to deadlocks in the child.
  pid = os.fork()

[2025-10-29T18:14:31.078+0000] {standard_task_runner.py:64} INFO - Started process 5116 to run task
[2025-10-29T18:14:31.079+0000] {standard_task_runner.py:90} INFO - Running: ['airflow', 'tasks', 'run', 'openphish_ingest', 'openphish_fetch_normalize_bronze', 'scheduled__2025-10-11T00:00:00+00:00', '--job-id', '199', '--raw', '--subdir', 'DAGS_FOLDER/openphish_ingest.py', '--cfg-path', '/tmp/tmp_qzv8oaf']
[2025-10-29T18:14:31.079+0000] {standard_task_runner.py:91} INFO - Job 199: Subtask openphish_fetch_normalize_bronze
[2025-10-29T18:14:31.091+0000] {task_command.py:426} INFO - Running <TaskInstance: openphish_ingest.openphish_fetch_normalize_bronze scheduled__2025-10-11T00:00:00+00:00 [running]> on host 9a4b1d75930e
[2025-10-29T18:14:31.111+0000] {taskinstance.py:2648} INFO - Exporting env vars: AIRFLOW_CTX_DAG_OWNER='you' AIRFLOW_CTX_DAG_ID='openphish_ingest' AIRFLOW_CTX_TASK_ID='openphish_fetch_normalize_bronze' AIRFLOW_CTX_EXECUTION_DATE='2025-10-11T00:00:00+00:00' AIRFLOW_CTX_TRY_NUMBER='1' AIRFLOW_CTX_DAG_RUN_ID='scheduled__2025-10-11T00:00:00+00:00'
[2025-10-29T18:14:31.112+0000] {taskinstance.py:430} INFO - ::endgroup::
[2025-10-29T18:14:32.018+0000] {logging_mixin.py:188} INFO - [openphish_ingest] rows after normalize: 300
[2025-10-29T18:14:32.023+0000] {logging_mixin.py:188} INFO - [openphish] rows after normalize: 300
[2025-10-29T18:14:32.040+0000] {python.py:237} INFO - Done. Returned value was: None
[2025-10-29T18:14:32.041+0000] {taskinstance.py:441} INFO - ::group::Post task execution logs
[2025-10-29T18:14:32.044+0000] {taskinstance.py:1206} INFO - Marking task as SUCCESS. dag_id=openphish_ingest, task_id=openphish_fetch_normalize_bronze, run_id=scheduled__2025-10-11T00:00:00+00:00, execution_date=20251011T000000, start_date=20251029T181431, end_date=20251029T181432
[2025-10-29T18:14:32.096+0000] {local_task_job_runner.py:243} INFO - Task exited with return code 0
[2025-10-29T18:14:32.103+0000] {taskinstance.py:3503} INFO - 0 downstream tasks scheduled from follow-on schedule check
[2025-10-29T18:14:32.103+0000] {local_task_job_runner.py:222} INFO - ::endgroup::
