[2025-10-05T00:10:27.540+0000] {local_task_job_runner.py:120} INFO - ::group::Pre task execution logs
[2025-10-05T00:10:27.549+0000] {taskinstance.py:2076} INFO - Dependencies all met for dep_context=non-requeueable deps ti=<TaskInstance: urlhaus_silver.urlhaus_bronze_to_silver scheduled__2025-10-04T00:00:00+00:00 [queued]>
[2025-10-05T00:10:27.551+0000] {taskinstance.py:2076} INFO - Dependencies all met for dep_context=requeueable deps ti=<TaskInstance: urlhaus_silver.urlhaus_bronze_to_silver scheduled__2025-10-04T00:00:00+00:00 [queued]>
[2025-10-05T00:10:27.551+0000] {taskinstance.py:2306} INFO - Starting attempt 1 of 1
[2025-10-05T00:10:27.555+0000] {taskinstance.py:2330} INFO - Executing <Task(PythonOperator): urlhaus_bronze_to_silver> on 2025-10-04 00:00:00+00:00
[2025-10-05T00:10:27.559+0000] {standard_task_runner.py:90} INFO - Running: ['airflow', 'tasks', 'run', 'urlhaus_silver', 'urlhaus_bronze_to_silver', 'scheduled__2025-10-04T00:00:00+00:00', '--job-id', '97', '--raw', '--subdir', 'DAGS_FOLDER/urlhaus_silver.py', '--cfg-path', '/tmp/tmpxsg7km5j']
[2025-10-05T00:10:27.559+0000] {standard_task_runner.py:91} INFO - Job 97: Subtask urlhaus_bronze_to_silver
[2025-10-05T00:10:27.559+0000] {logging_mixin.py:188} WARNING - /home/airflow/.local/lib/python3.12/site-packages/airflow/task/task_runner/standard_task_runner.py:62 DeprecationWarning: This process (pid=70131) is multi-threaded, use of fork() may lead to deadlocks in the child.
[2025-10-05T00:10:27.562+0000] {standard_task_runner.py:64} INFO - Started process 70142 to run task
[2025-10-05T00:10:27.570+0000] {task_command.py:426} INFO - Running <TaskInstance: urlhaus_silver.urlhaus_bronze_to_silver scheduled__2025-10-04T00:00:00+00:00 [running]> on host 539ffd8f219e
[2025-10-05T00:10:27.589+0000] {taskinstance.py:2648} INFO - Exporting env vars: AIRFLOW_CTX_DAG_OWNER='you' AIRFLOW_CTX_DAG_ID='urlhaus_silver' AIRFLOW_CTX_TASK_ID='urlhaus_bronze_to_silver' AIRFLOW_CTX_EXECUTION_DATE='2025-10-04T00:00:00+00:00' AIRFLOW_CTX_TRY_NUMBER='1' AIRFLOW_CTX_DAG_RUN_ID='scheduled__2025-10-04T00:00:00+00:00'
[2025-10-05T00:10:27.589+0000] {taskinstance.py:430} INFO - ::endgroup::
[2025-10-05T00:10:27.652+0000] {logging_mixin.py:188} INFO - [urlhaus_silver] wrote 5614 rows -> /opt/airflow/silver/urlhaus/ingest_date=2025-10-04
[2025-10-05T00:10:27.653+0000] {python.py:237} INFO - Done. Returned value was: None
[2025-10-05T00:10:27.653+0000] {taskinstance.py:441} INFO - ::group::Post task execution logs
[2025-10-05T00:10:27.654+0000] {taskinstance.py:1206} INFO - Marking task as SUCCESS. dag_id=urlhaus_silver, task_id=urlhaus_bronze_to_silver, run_id=scheduled__2025-10-04T00:00:00+00:00, execution_date=20251004T000000, start_date=20251005T001027, end_date=20251005T001027
[2025-10-05T00:10:27.702+0000] {local_task_job_runner.py:243} INFO - Task exited with return code 0
[2025-10-05T00:10:27.714+0000] {taskinstance.py:3503} INFO - 0 downstream tasks scheduled from follow-on schedule check
[2025-10-05T00:10:27.714+0000] {local_task_job_runner.py:222} INFO - ::endgroup::
[2025-10-29T18:13:24.308+0000] {local_task_job_runner.py:120} INFO - ::group::Pre task execution logs
[2025-10-29T18:13:24.317+0000] {taskinstance.py:2076} INFO - Dependencies all met for dep_context=non-requeueable deps ti=<TaskInstance: urlhaus_silver.urlhaus_bronze_to_silver scheduled__2025-10-04T00:00:00+00:00 [queued]>
[2025-10-29T18:13:24.318+0000] {taskinstance.py:2076} INFO - Dependencies all met for dep_context=requeueable deps ti=<TaskInstance: urlhaus_silver.urlhaus_bronze_to_silver scheduled__2025-10-04T00:00:00+00:00 [queued]>
[2025-10-29T18:13:24.318+0000] {taskinstance.py:2306} INFO - Starting attempt 1 of 1
[2025-10-29T18:13:24.323+0000] {taskinstance.py:2330} INFO - Executing <Task(PythonOperator): urlhaus_bronze_to_silver> on 2025-10-04 00:00:00+00:00
[2025-10-29T18:13:24.326+0000] {standard_task_runner.py:90} INFO - Running: ['airflow', 'tasks', 'run', 'urlhaus_silver', 'urlhaus_bronze_to_silver', 'scheduled__2025-10-04T00:00:00+00:00', '--job-id', '170', '--raw', '--subdir', 'DAGS_FOLDER/urlhaus_silver.py', '--cfg-path', '/tmp/tmpfkcsx0qk']
[2025-10-29T18:13:24.327+0000] {standard_task_runner.py:91} INFO - Job 170: Subtask urlhaus_bronze_to_silver
[2025-10-29T18:13:24.327+0000] {logging_mixin.py:188} WARNING - /home/airflow/.local/lib/python3.12/site-packages/airflow/task/task_runner/standard_task_runner.py:62 DeprecationWarning: This process (pid=4377) is multi-threaded, use of fork() may lead to deadlocks in the child.
[2025-10-29T18:13:24.329+0000] {standard_task_runner.py:64} INFO - Started process 4388 to run task
[2025-10-29T18:13:24.338+0000] {task_command.py:426} INFO - Running <TaskInstance: urlhaus_silver.urlhaus_bronze_to_silver scheduled__2025-10-04T00:00:00+00:00 [running]> on host 9a4b1d75930e
[2025-10-29T18:13:24.358+0000] {taskinstance.py:2648} INFO - Exporting env vars: AIRFLOW_CTX_DAG_OWNER='you' AIRFLOW_CTX_DAG_ID='urlhaus_silver' AIRFLOW_CTX_TASK_ID='urlhaus_bronze_to_silver' AIRFLOW_CTX_EXECUTION_DATE='2025-10-04T00:00:00+00:00' AIRFLOW_CTX_TRY_NUMBER='1' AIRFLOW_CTX_DAG_RUN_ID='scheduled__2025-10-04T00:00:00+00:00'
[2025-10-29T18:13:24.359+0000] {taskinstance.py:430} INFO - ::endgroup::
[2025-10-29T18:13:24.402+0000] {logging_mixin.py:188} INFO - [urlhaus_silver] 2025-10-04: wrote 2908 rows -> /opt/airflow/silver/urlhaus/ingest_date=2025-10-04
[2025-10-29T18:13:24.403+0000] {python.py:237} INFO - Done. Returned value was: None
[2025-10-29T18:13:24.403+0000] {taskinstance.py:441} INFO - ::group::Post task execution logs
[2025-10-29T18:13:24.405+0000] {taskinstance.py:1206} INFO - Marking task as SUCCESS. dag_id=urlhaus_silver, task_id=urlhaus_bronze_to_silver, run_id=scheduled__2025-10-04T00:00:00+00:00, execution_date=20251004T000000, start_date=20251029T181324, end_date=20251029T181324
[2025-10-29T18:13:24.430+0000] {local_task_job_runner.py:243} INFO - Task exited with return code 0
[2025-10-29T18:13:24.433+0000] {taskinstance.py:3503} INFO - 0 downstream tasks scheduled from follow-on schedule check
[2025-10-29T18:13:24.434+0000] {local_task_job_runner.py:222} INFO - ::endgroup::
