[2025-11-13T01:23:16.833+0000] {local_task_job_runner.py:120} INFO - ::group::Pre task execution logs
[2025-11-13T01:23:16.842+0000] {taskinstance.py:2076} INFO - Dependencies all met for dep_context=non-requeueable deps ti=<TaskInstance: pipeline_orchestrator.silver.urlhaus_silver manual__2025-11-12T00:00:00+00:00 [queued]>
[2025-11-13T01:23:16.844+0000] {taskinstance.py:2076} INFO - Dependencies all met for dep_context=requeueable deps ti=<TaskInstance: pipeline_orchestrator.silver.urlhaus_silver manual__2025-11-12T00:00:00+00:00 [queued]>
[2025-11-13T01:23:16.844+0000] {taskinstance.py:2306} INFO - Starting attempt 1 of 1
[2025-11-13T01:23:16.849+0000] {taskinstance.py:2330} INFO - Executing <Task(TriggerDagRunOperator): silver.urlhaus_silver> on 2025-11-12 00:00:00+00:00
[2025-11-13T01:23:16.851+0000] {standard_task_runner.py:64} INFO - Started process 11258 to run task
[2025-11-13T01:23:16.853+0000] {standard_task_runner.py:90} INFO - Running: ['airflow', 'tasks', 'run', 'pipeline_orchestrator', 'silver.urlhaus_silver', 'manual__2025-11-12T00:00:00+00:00', '--job-id', '36', '--raw', '--subdir', 'DAGS_FOLDER/pipeline_orchestrator.py', '--cfg-path', '/tmp/tmpbm_ez13i']
[2025-11-13T01:23:16.853+0000] {standard_task_runner.py:91} INFO - Job 36: Subtask silver.urlhaus_silver
[2025-11-13T01:23:16.866+0000] {task_command.py:426} INFO - Running <TaskInstance: pipeline_orchestrator.silver.urlhaus_silver manual__2025-11-12T00:00:00+00:00 [running]> on host 1fd82182dcce
[2025-11-13T01:23:16.931+0000] {taskinstance.py:2648} INFO - Exporting env vars: AIRFLOW_CTX_DAG_OWNER='airflow' AIRFLOW_CTX_DAG_ID='pipeline_orchestrator' AIRFLOW_CTX_TASK_ID='silver.urlhaus_silver' AIRFLOW_CTX_EXECUTION_DATE='2025-11-12T00:00:00+00:00' AIRFLOW_CTX_TRY_NUMBER='1' AIRFLOW_CTX_DAG_RUN_ID='manual__2025-11-12T00:00:00+00:00'
[2025-11-13T01:23:16.931+0000] {taskinstance.py:430} INFO - ::endgroup::
[2025-11-13T01:23:16.947+0000] {taskinstance.py:441} INFO - ::group::Post task execution logs
[2025-11-13T01:23:16.947+0000] {crypto.py:82} WARNING - empty cryptography key - values will not be stored encrypted.
[2025-11-13T01:23:16.948+0000] {taskinstance.py:2489} INFO - Pausing task as DEFERRED. dag_id=pipeline_orchestrator, task_id=silver.urlhaus_silver, run_id=manual__2025-11-12T00:00:00+00:00, execution_date=20251112T000000, start_date=20251113T012316
[2025-11-13T01:23:16.961+0000] {local_task_job_runner.py:237} INFO - Task exited with return code 100 (task deferral)
[2025-11-13T01:23:16.962+0000] {local_task_job_runner.py:222} INFO - ::endgroup::
[2025-11-13T01:24:20.556+0000] {local_task_job_runner.py:120} INFO - ::group::Pre task execution logs
[2025-11-13T01:24:20.563+0000] {taskinstance.py:2076} INFO - Dependencies all met for dep_context=non-requeueable deps ti=<TaskInstance: pipeline_orchestrator.silver.urlhaus_silver manual__2025-11-12T00:00:00+00:00 [queued]>
[2025-11-13T01:24:20.564+0000] {taskinstance.py:2076} INFO - Dependencies all met for dep_context=requeueable deps ti=<TaskInstance: pipeline_orchestrator.silver.urlhaus_silver manual__2025-11-12T00:00:00+00:00 [queued]>
[2025-11-13T01:24:20.564+0000] {taskinstance.py:2304} INFO - Resuming after deferral
[2025-11-13T01:24:20.568+0000] {taskinstance.py:2330} INFO - Executing <Task(TriggerDagRunOperator): silver.urlhaus_silver> on 2025-11-12 00:00:00+00:00
[2025-11-13T01:24:20.570+0000] {standard_task_runner.py:64} INFO - Started process 11424 to run task
[2025-11-13T01:24:20.571+0000] {standard_task_runner.py:90} INFO - Running: ['airflow', 'tasks', 'run', 'pipeline_orchestrator', 'silver.urlhaus_silver', 'manual__2025-11-12T00:00:00+00:00', '--job-id', '40', '--raw', '--subdir', 'DAGS_FOLDER/pipeline_orchestrator.py', '--cfg-path', '/tmp/tmpe35wjjel']
[2025-11-13T01:24:20.572+0000] {standard_task_runner.py:91} INFO - Job 40: Subtask silver.urlhaus_silver
[2025-11-13T01:24:20.583+0000] {task_command.py:426} INFO - Running <TaskInstance: pipeline_orchestrator.silver.urlhaus_silver manual__2025-11-12T00:00:00+00:00 [running]> on host 1fd82182dcce
[2025-11-13T01:24:20.643+0000] {taskinstance.py:430} INFO - ::endgroup::
[2025-11-13T01:24:20.644+0000] {trigger_dagrun.py:262} INFO - urlhaus_silver finished with allowed state success
[2025-11-13T01:24:20.644+0000] {taskinstance.py:441} INFO - ::group::Post task execution logs
[2025-11-13T01:24:20.645+0000] {taskinstance.py:1206} INFO - Marking task as SUCCESS. dag_id=pipeline_orchestrator, task_id=silver.urlhaus_silver, run_id=manual__2025-11-12T00:00:00+00:00, execution_date=20251112T000000, start_date=20251113T012316, end_date=20251113T012420
[2025-11-13T01:24:20.676+0000] {local_task_job_runner.py:243} INFO - Task exited with return code 0
[2025-11-13T01:24:20.683+0000] {taskinstance.py:3503} INFO - 1 downstream tasks scheduled from follow-on schedule check
[2025-11-13T01:24:20.684+0000] {local_task_job_runner.py:222} INFO - ::endgroup::
