[2025-11-13T01:39:40.928+0000] {local_task_job_runner.py:120} INFO - ::group::Pre task execution logs
[2025-11-13T01:39:40.937+0000] {taskinstance.py:2076} INFO - Dependencies all met for dep_context=non-requeueable deps ti=<TaskInstance: pipeline_orchestrator.silver.urlhaus_silver manual__2025-11-13T00:00:00+00:00 [queued]>
[2025-11-13T01:39:40.939+0000] {taskinstance.py:2076} INFO - Dependencies all met for dep_context=requeueable deps ti=<TaskInstance: pipeline_orchestrator.silver.urlhaus_silver manual__2025-11-13T00:00:00+00:00 [queued]>
[2025-11-13T01:39:40.939+0000] {taskinstance.py:2306} INFO - Starting attempt 1 of 1
[2025-11-13T01:39:40.945+0000] {taskinstance.py:2330} INFO - Executing <Task(TriggerDagRunOperator): silver.urlhaus_silver> on 2025-11-13 00:00:00+00:00
[2025-11-13T01:39:40.947+0000] {standard_task_runner.py:64} INFO - Started process 12574 to run task
[2025-11-13T01:39:40.948+0000] {standard_task_runner.py:90} INFO - Running: ['airflow', 'tasks', 'run', 'pipeline_orchestrator', 'silver.urlhaus_silver', 'manual__2025-11-13T00:00:00+00:00', '--job-id', '63', '--raw', '--subdir', 'DAGS_FOLDER/pipeline_orchestrator.py', '--cfg-path', '/tmp/tmpz0m7rlcc']
[2025-11-13T01:39:40.949+0000] {standard_task_runner.py:91} INFO - Job 63: Subtask silver.urlhaus_silver
[2025-11-13T01:39:40.966+0000] {task_command.py:426} INFO - Running <TaskInstance: pipeline_orchestrator.silver.urlhaus_silver manual__2025-11-13T00:00:00+00:00 [running]> on host 1fd82182dcce
[2025-11-13T01:39:41.069+0000] {taskinstance.py:2648} INFO - Exporting env vars: AIRFLOW_CTX_DAG_OWNER='airflow' AIRFLOW_CTX_DAG_ID='pipeline_orchestrator' AIRFLOW_CTX_TASK_ID='silver.urlhaus_silver' AIRFLOW_CTX_EXECUTION_DATE='2025-11-13T00:00:00+00:00' AIRFLOW_CTX_TRY_NUMBER='1' AIRFLOW_CTX_DAG_RUN_ID='manual__2025-11-13T00:00:00+00:00'
[2025-11-13T01:39:41.070+0000] {taskinstance.py:430} INFO - ::endgroup::
[2025-11-13T01:39:41.099+0000] {taskinstance.py:441} INFO - ::group::Post task execution logs
[2025-11-13T01:39:41.099+0000] {crypto.py:82} WARNING - empty cryptography key - values will not be stored encrypted.
[2025-11-13T01:39:41.100+0000] {taskinstance.py:2489} INFO - Pausing task as DEFERRED. dag_id=pipeline_orchestrator, task_id=silver.urlhaus_silver, run_id=manual__2025-11-13T00:00:00+00:00, execution_date=20251113T000000, start_date=20251113T013940
[2025-11-13T01:39:41.139+0000] {local_task_job_runner.py:237} INFO - Task exited with return code 100 (task deferral)
[2025-11-13T01:39:41.139+0000] {local_task_job_runner.py:222} INFO - ::endgroup::
[2025-11-13T01:40:43.744+0000] {local_task_job_runner.py:120} INFO - ::group::Pre task execution logs
[2025-11-13T01:40:43.752+0000] {taskinstance.py:2076} INFO - Dependencies all met for dep_context=non-requeueable deps ti=<TaskInstance: pipeline_orchestrator.silver.urlhaus_silver manual__2025-11-13T00:00:00+00:00 [queued]>
[2025-11-13T01:40:43.754+0000] {taskinstance.py:2076} INFO - Dependencies all met for dep_context=requeueable deps ti=<TaskInstance: pipeline_orchestrator.silver.urlhaus_silver manual__2025-11-13T00:00:00+00:00 [queued]>
[2025-11-13T01:40:43.754+0000] {taskinstance.py:2304} INFO - Resuming after deferral
[2025-11-13T01:40:43.758+0000] {taskinstance.py:2330} INFO - Executing <Task(TriggerDagRunOperator): silver.urlhaus_silver> on 2025-11-13 00:00:00+00:00
[2025-11-13T01:40:43.760+0000] {standard_task_runner.py:64} INFO - Started process 12799 to run task
[2025-11-13T01:40:43.762+0000] {standard_task_runner.py:90} INFO - Running: ['airflow', 'tasks', 'run', 'pipeline_orchestrator', 'silver.urlhaus_silver', 'manual__2025-11-13T00:00:00+00:00', '--job-id', '67', '--raw', '--subdir', 'DAGS_FOLDER/pipeline_orchestrator.py', '--cfg-path', '/tmp/tmpbbxk2lai']
[2025-11-13T01:40:43.763+0000] {standard_task_runner.py:91} INFO - Job 67: Subtask silver.urlhaus_silver
[2025-11-13T01:40:43.778+0000] {task_command.py:426} INFO - Running <TaskInstance: pipeline_orchestrator.silver.urlhaus_silver manual__2025-11-13T00:00:00+00:00 [running]> on host 1fd82182dcce
[2025-11-13T01:40:43.877+0000] {taskinstance.py:430} INFO - ::endgroup::
[2025-11-13T01:40:43.878+0000] {trigger_dagrun.py:262} INFO - urlhaus_silver finished with allowed state success
[2025-11-13T01:40:43.878+0000] {taskinstance.py:441} INFO - ::group::Post task execution logs
[2025-11-13T01:40:43.880+0000] {taskinstance.py:1206} INFO - Marking task as SUCCESS. dag_id=pipeline_orchestrator, task_id=silver.urlhaus_silver, run_id=manual__2025-11-13T00:00:00+00:00, execution_date=20251113T000000, start_date=20251113T013940, end_date=20251113T014043
[2025-11-13T01:40:43.904+0000] {local_task_job_runner.py:243} INFO - Task exited with return code 0
[2025-11-13T01:40:43.912+0000] {taskinstance.py:3503} INFO - 1 downstream tasks scheduled from follow-on schedule check
[2025-11-13T01:40:43.914+0000] {local_task_job_runner.py:222} INFO - ::endgroup::
