[2025-10-07T00:14:03.941+0000] {local_task_job_runner.py:120} INFO - ::group::Pre task execution logs
[2025-10-07T00:14:03.952+0000] {taskinstance.py:2076} INFO - Dependencies all met for dep_context=non-requeueable deps ti=<TaskInstance: urlhaus_silver.urlhaus_bronze_to_silver scheduled__2025-10-06T00:00:00+00:00 [queued]>
[2025-10-07T00:14:03.954+0000] {taskinstance.py:2076} INFO - Dependencies all met for dep_context=requeueable deps ti=<TaskInstance: urlhaus_silver.urlhaus_bronze_to_silver scheduled__2025-10-06T00:00:00+00:00 [queued]>
[2025-10-07T00:14:03.954+0000] {taskinstance.py:2306} INFO - Starting attempt 1 of 1
[2025-10-07T00:14:03.960+0000] {taskinstance.py:2330} INFO - Executing <Task(PythonOperator): urlhaus_bronze_to_silver> on 2025-10-06 00:00:00+00:00
[2025-10-07T00:14:03.965+0000] {standard_task_runner.py:90} INFO - Running: ['airflow', 'tasks', 'run', 'urlhaus_silver', 'urlhaus_bronze_to_silver', 'scheduled__2025-10-06T00:00:00+00:00', '--job-id', '108', '--raw', '--subdir', 'DAGS_FOLDER/urlhaus_silver.py', '--cfg-path', '/tmp/tmp1i593dng']
[2025-10-07T00:14:03.967+0000] {standard_task_runner.py:91} INFO - Job 108: Subtask urlhaus_bronze_to_silver
[2025-10-07T00:14:03.967+0000] {logging_mixin.py:188} WARNING - /home/airflow/.local/lib/python3.12/site-packages/airflow/task/task_runner/standard_task_runner.py:62 DeprecationWarning: This process (pid=18124) is multi-threaded, use of fork() may lead to deadlocks in the child.
[2025-10-07T00:14:03.970+0000] {standard_task_runner.py:64} INFO - Started process 18135 to run task
[2025-10-07T00:14:03.987+0000] {task_command.py:426} INFO - Running <TaskInstance: urlhaus_silver.urlhaus_bronze_to_silver scheduled__2025-10-06T00:00:00+00:00 [running]> on host 539ffd8f219e
[2025-10-07T00:14:04.009+0000] {taskinstance.py:2648} INFO - Exporting env vars: AIRFLOW_CTX_DAG_OWNER='you' AIRFLOW_CTX_DAG_ID='urlhaus_silver' AIRFLOW_CTX_TASK_ID='urlhaus_bronze_to_silver' AIRFLOW_CTX_EXECUTION_DATE='2025-10-06T00:00:00+00:00' AIRFLOW_CTX_TRY_NUMBER='1' AIRFLOW_CTX_DAG_RUN_ID='scheduled__2025-10-06T00:00:00+00:00'
[2025-10-07T00:14:04.010+0000] {taskinstance.py:430} INFO - ::endgroup::
[2025-10-07T00:14:04.119+0000] {logging_mixin.py:188} INFO - [urlhaus_silver] wrote 6058 rows -> /opt/airflow/silver/urlhaus/ingest_date=2025-10-06
[2025-10-07T00:14:04.122+0000] {python.py:237} INFO - Done. Returned value was: None
[2025-10-07T00:14:04.122+0000] {taskinstance.py:441} INFO - ::group::Post task execution logs
[2025-10-07T00:14:04.126+0000] {taskinstance.py:1206} INFO - Marking task as SUCCESS. dag_id=urlhaus_silver, task_id=urlhaus_bronze_to_silver, run_id=scheduled__2025-10-06T00:00:00+00:00, execution_date=20251006T000000, start_date=20251007T001403, end_date=20251007T001404
[2025-10-07T00:14:04.159+0000] {local_task_job_runner.py:243} INFO - Task exited with return code 0
[2025-10-07T00:14:04.165+0000] {taskinstance.py:3503} INFO - 0 downstream tasks scheduled from follow-on schedule check
[2025-10-07T00:14:04.165+0000] {local_task_job_runner.py:222} INFO - ::endgroup::
[2025-10-29T18:13:46.672+0000] {local_task_job_runner.py:120} INFO - ::group::Pre task execution logs
[2025-10-29T18:13:46.680+0000] {taskinstance.py:2076} INFO - Dependencies all met for dep_context=non-requeueable deps ti=<TaskInstance: urlhaus_silver.urlhaus_bronze_to_silver scheduled__2025-10-06T00:00:00+00:00 [queued]>
[2025-10-29T18:13:46.682+0000] {taskinstance.py:2076} INFO - Dependencies all met for dep_context=requeueable deps ti=<TaskInstance: urlhaus_silver.urlhaus_bronze_to_silver scheduled__2025-10-06T00:00:00+00:00 [queued]>
[2025-10-29T18:13:46.682+0000] {taskinstance.py:2306} INFO - Starting attempt 1 of 1
[2025-10-29T18:13:46.686+0000] {taskinstance.py:2330} INFO - Executing <Task(PythonOperator): urlhaus_bronze_to_silver> on 2025-10-06 00:00:00+00:00
[2025-10-29T18:13:46.689+0000] {standard_task_runner.py:90} INFO - Running: ['airflow', 'tasks', 'run', 'urlhaus_silver', 'urlhaus_bronze_to_silver', 'scheduled__2025-10-06T00:00:00+00:00', '--job-id', '180', '--raw', '--subdir', 'DAGS_FOLDER/urlhaus_silver.py', '--cfg-path', '/tmp/tmp6mp4a4w3']
[2025-10-29T18:13:46.690+0000] {standard_task_runner.py:91} INFO - Job 180: Subtask urlhaus_bronze_to_silver
[2025-10-29T18:13:46.690+0000] {logging_mixin.py:188} WARNING - /home/airflow/.local/lib/python3.12/site-packages/airflow/task/task_runner/standard_task_runner.py:62 DeprecationWarning: This process (pid=4621) is multi-threaded, use of fork() may lead to deadlocks in the child.
[2025-10-29T18:13:46.692+0000] {standard_task_runner.py:64} INFO - Started process 4632 to run task
[2025-10-29T18:13:46.701+0000] {task_command.py:426} INFO - Running <TaskInstance: urlhaus_silver.urlhaus_bronze_to_silver scheduled__2025-10-06T00:00:00+00:00 [running]> on host 9a4b1d75930e
[2025-10-29T18:13:46.720+0000] {taskinstance.py:2648} INFO - Exporting env vars: AIRFLOW_CTX_DAG_OWNER='you' AIRFLOW_CTX_DAG_ID='urlhaus_silver' AIRFLOW_CTX_TASK_ID='urlhaus_bronze_to_silver' AIRFLOW_CTX_EXECUTION_DATE='2025-10-06T00:00:00+00:00' AIRFLOW_CTX_TRY_NUMBER='1' AIRFLOW_CTX_DAG_RUN_ID='scheduled__2025-10-06T00:00:00+00:00'
[2025-10-29T18:13:46.720+0000] {taskinstance.py:430} INFO - ::endgroup::
[2025-10-29T18:13:46.756+0000] {logging_mixin.py:188} INFO - [urlhaus_silver] 2025-10-06: wrote 2908 rows -> /opt/airflow/silver/urlhaus/ingest_date=2025-10-06
[2025-10-29T18:13:46.756+0000] {python.py:237} INFO - Done. Returned value was: None
[2025-10-29T18:13:46.756+0000] {taskinstance.py:441} INFO - ::group::Post task execution logs
[2025-10-29T18:13:46.758+0000] {taskinstance.py:1206} INFO - Marking task as SUCCESS. dag_id=urlhaus_silver, task_id=urlhaus_bronze_to_silver, run_id=scheduled__2025-10-06T00:00:00+00:00, execution_date=20251006T000000, start_date=20251029T181346, end_date=20251029T181346
[2025-10-29T18:13:46.794+0000] {local_task_job_runner.py:243} INFO - Task exited with return code 0
[2025-10-29T18:13:46.798+0000] {taskinstance.py:3503} INFO - 0 downstream tasks scheduled from follow-on schedule check
[2025-10-29T18:13:46.798+0000] {local_task_job_runner.py:222} INFO - ::endgroup::
