[2025-10-29T17:17:19.088+0000] {local_task_job_runner.py:120} INFO - ::group::Pre task execution logs
[2025-10-29T17:17:19.095+0000] {taskinstance.py:2076} INFO - Dependencies all met for dep_context=non-requeueable deps ti=<TaskInstance: openphish_ingest.openphish_fetch_normalize_bronze scheduled__2025-10-15T00:00:00+00:00 [queued]>
[2025-10-29T17:17:19.097+0000] {taskinstance.py:2076} INFO - Dependencies all met for dep_context=requeueable deps ti=<TaskInstance: openphish_ingest.openphish_fetch_normalize_bronze scheduled__2025-10-15T00:00:00+00:00 [queued]>
[2025-10-29T17:17:19.097+0000] {taskinstance.py:2306} INFO - Starting attempt 1 of 2
[2025-10-29T17:17:19.101+0000] {taskinstance.py:2330} INFO - Executing <Task(PythonOperator): openphish_fetch_normalize_bronze> on 2025-10-15 00:00:00+00:00
[2025-10-29T17:17:19.104+0000] {warnings.py:112} WARNING - /home/airflow/.local/lib/python3.12/site-packages/airflow/task/task_runner/standard_task_runner.py:62: DeprecationWarning: This process (pid=2487) is multi-threaded, use of fork() may lead to deadlocks in the child.
  pid = os.fork()

[2025-10-29T17:17:19.104+0000] {standard_task_runner.py:64} INFO - Started process 2508 to run task
[2025-10-29T17:17:19.105+0000] {standard_task_runner.py:90} INFO - Running: ['airflow', 'tasks', 'run', 'openphish_ingest', 'openphish_fetch_normalize_bronze', 'scheduled__2025-10-15T00:00:00+00:00', '--job-id', '88', '--raw', '--subdir', 'DAGS_FOLDER/openphish_ingest.py', '--cfg-path', '/tmp/tmpu3bf6jxk']
[2025-10-29T17:17:19.105+0000] {standard_task_runner.py:91} INFO - Job 88: Subtask openphish_fetch_normalize_bronze
[2025-10-29T17:17:19.117+0000] {task_command.py:426} INFO - Running <TaskInstance: openphish_ingest.openphish_fetch_normalize_bronze scheduled__2025-10-15T00:00:00+00:00 [running]> on host 109bbc934e0f
[2025-10-29T17:17:19.137+0000] {taskinstance.py:2648} INFO - Exporting env vars: AIRFLOW_CTX_DAG_OWNER='you' AIRFLOW_CTX_DAG_ID='openphish_ingest' AIRFLOW_CTX_TASK_ID='openphish_fetch_normalize_bronze' AIRFLOW_CTX_EXECUTION_DATE='2025-10-15T00:00:00+00:00' AIRFLOW_CTX_TRY_NUMBER='1' AIRFLOW_CTX_DAG_RUN_ID='scheduled__2025-10-15T00:00:00+00:00'
[2025-10-29T17:17:19.137+0000] {taskinstance.py:430} INFO - ::endgroup::
[2025-10-29T17:17:19.815+0000] {logging_mixin.py:188} INFO - [openphish_ingest] rows after normalize: 300
[2025-10-29T17:17:19.820+0000] {logging_mixin.py:188} INFO - [openphish] rows after normalize: 300
[2025-10-29T17:17:19.839+0000] {python.py:237} INFO - Done. Returned value was: None
[2025-10-29T17:17:19.839+0000] {taskinstance.py:441} INFO - ::group::Post task execution logs
[2025-10-29T17:17:19.842+0000] {taskinstance.py:1206} INFO - Marking task as SUCCESS. dag_id=openphish_ingest, task_id=openphish_fetch_normalize_bronze, run_id=scheduled__2025-10-15T00:00:00+00:00, execution_date=20251015T000000, start_date=20251029T171719, end_date=20251029T171719
[2025-10-29T17:17:19.850+0000] {local_task_job_runner.py:243} INFO - Task exited with return code 0
[2025-10-29T17:17:19.855+0000] {taskinstance.py:3503} INFO - 0 downstream tasks scheduled from follow-on schedule check
[2025-10-29T17:17:19.855+0000] {local_task_job_runner.py:222} INFO - ::endgroup::
[2025-10-29T18:15:17.086+0000] {local_task_job_runner.py:120} INFO - ::group::Pre task execution logs
[2025-10-29T18:15:17.094+0000] {taskinstance.py:2076} INFO - Dependencies all met for dep_context=non-requeueable deps ti=<TaskInstance: openphish_ingest.openphish_fetch_normalize_bronze scheduled__2025-10-15T00:00:00+00:00 [queued]>
[2025-10-29T18:15:17.095+0000] {taskinstance.py:2076} INFO - Dependencies all met for dep_context=requeueable deps ti=<TaskInstance: openphish_ingest.openphish_fetch_normalize_bronze scheduled__2025-10-15T00:00:00+00:00 [queued]>
[2025-10-29T18:15:17.096+0000] {taskinstance.py:2306} INFO - Starting attempt 1 of 2
[2025-10-29T18:15:17.099+0000] {taskinstance.py:2330} INFO - Executing <Task(PythonOperator): openphish_fetch_normalize_bronze> on 2025-10-15 00:00:00+00:00
[2025-10-29T18:15:17.102+0000] {warnings.py:112} WARNING - /home/airflow/.local/lib/python3.12/site-packages/airflow/task/task_runner/standard_task_runner.py:62: DeprecationWarning: This process (pid=5581) is multi-threaded, use of fork() may lead to deadlocks in the child.
  pid = os.fork()

[2025-10-29T18:15:17.103+0000] {standard_task_runner.py:64} INFO - Started process 5602 to run task
[2025-10-29T18:15:17.103+0000] {standard_task_runner.py:90} INFO - Running: ['airflow', 'tasks', 'run', 'openphish_ingest', 'openphish_fetch_normalize_bronze', 'scheduled__2025-10-15T00:00:00+00:00', '--job-id', '219', '--raw', '--subdir', 'DAGS_FOLDER/openphish_ingest.py', '--cfg-path', '/tmp/tmpih67evrs']
[2025-10-29T18:15:17.104+0000] {standard_task_runner.py:91} INFO - Job 219: Subtask openphish_fetch_normalize_bronze
[2025-10-29T18:15:17.115+0000] {task_command.py:426} INFO - Running <TaskInstance: openphish_ingest.openphish_fetch_normalize_bronze scheduled__2025-10-15T00:00:00+00:00 [running]> on host 9a4b1d75930e
[2025-10-29T18:15:17.137+0000] {taskinstance.py:2648} INFO - Exporting env vars: AIRFLOW_CTX_DAG_OWNER='you' AIRFLOW_CTX_DAG_ID='openphish_ingest' AIRFLOW_CTX_TASK_ID='openphish_fetch_normalize_bronze' AIRFLOW_CTX_EXECUTION_DATE='2025-10-15T00:00:00+00:00' AIRFLOW_CTX_TRY_NUMBER='1' AIRFLOW_CTX_DAG_RUN_ID='scheduled__2025-10-15T00:00:00+00:00'
[2025-10-29T18:15:17.138+0000] {taskinstance.py:430} INFO - ::endgroup::
[2025-10-29T18:15:17.809+0000] {logging_mixin.py:188} INFO - [openphish_ingest] rows after normalize: 300
[2025-10-29T18:15:17.814+0000] {logging_mixin.py:188} INFO - [openphish] rows after normalize: 300
[2025-10-29T18:15:17.830+0000] {python.py:237} INFO - Done. Returned value was: None
[2025-10-29T18:15:17.830+0000] {taskinstance.py:441} INFO - ::group::Post task execution logs
[2025-10-29T18:15:17.833+0000] {taskinstance.py:1206} INFO - Marking task as SUCCESS. dag_id=openphish_ingest, task_id=openphish_fetch_normalize_bronze, run_id=scheduled__2025-10-15T00:00:00+00:00, execution_date=20251015T000000, start_date=20251029T181517, end_date=20251029T181517
[2025-10-29T18:15:17.848+0000] {local_task_job_runner.py:243} INFO - Task exited with return code 0
[2025-10-29T18:15:17.853+0000] {taskinstance.py:3503} INFO - 0 downstream tasks scheduled from follow-on schedule check
[2025-10-29T18:15:17.854+0000] {local_task_job_runner.py:222} INFO - ::endgroup::
