[2025-10-29T17:12:23.440+0000] {local_task_job_runner.py:120} INFO - ::group::Pre task execution logs
[2025-10-29T17:12:23.448+0000] {taskinstance.py:2076} INFO - Dependencies all met for dep_context=non-requeueable deps ti=<TaskInstance: openphish_ingest.openphish_fetch_normalize_bronze scheduled__2025-09-04T00:00:00+00:00 [queued]>
[2025-10-29T17:12:23.449+0000] {taskinstance.py:2076} INFO - Dependencies all met for dep_context=requeueable deps ti=<TaskInstance: openphish_ingest.openphish_fetch_normalize_bronze scheduled__2025-09-04T00:00:00+00:00 [queued]>
[2025-10-29T17:12:23.449+0000] {taskinstance.py:2306} INFO - Starting attempt 1 of 2
[2025-10-29T17:12:23.453+0000] {taskinstance.py:2330} INFO - Executing <Task(PythonOperator): openphish_fetch_normalize_bronze> on 2025-09-04 00:00:00+00:00
[2025-10-29T17:12:23.455+0000] {warnings.py:112} WARNING - /home/airflow/.local/lib/python3.12/site-packages/airflow/task/task_runner/standard_task_runner.py:62: DeprecationWarning: This process (pid=347) is multi-threaded, use of fork() may lead to deadlocks in the child.
  pid = os.fork()

[2025-10-29T17:12:23.455+0000] {standard_task_runner.py:64} INFO - Started process 368 to run task
[2025-10-29T17:12:23.456+0000] {standard_task_runner.py:90} INFO - Running: ['airflow', 'tasks', 'run', 'openphish_ingest', 'openphish_fetch_normalize_bronze', 'scheduled__2025-09-04T00:00:00+00:00', '--job-id', '10', '--raw', '--subdir', 'DAGS_FOLDER/openphish_ingest.py', '--cfg-path', '/tmp/tmpy30snatx']
[2025-10-29T17:12:23.456+0000] {standard_task_runner.py:91} INFO - Job 10: Subtask openphish_fetch_normalize_bronze
[2025-10-29T17:12:23.468+0000] {task_command.py:426} INFO - Running <TaskInstance: openphish_ingest.openphish_fetch_normalize_bronze scheduled__2025-09-04T00:00:00+00:00 [running]> on host 109bbc934e0f
[2025-10-29T17:12:23.487+0000] {taskinstance.py:2648} INFO - Exporting env vars: AIRFLOW_CTX_DAG_OWNER='you' AIRFLOW_CTX_DAG_ID='openphish_ingest' AIRFLOW_CTX_TASK_ID='openphish_fetch_normalize_bronze' AIRFLOW_CTX_EXECUTION_DATE='2025-09-04T00:00:00+00:00' AIRFLOW_CTX_TRY_NUMBER='1' AIRFLOW_CTX_DAG_RUN_ID='scheduled__2025-09-04T00:00:00+00:00'
[2025-10-29T17:12:23.487+0000] {taskinstance.py:430} INFO - ::endgroup::
[2025-10-29T17:12:24.163+0000] {logging_mixin.py:188} INFO - [openphish_ingest] rows after normalize: 300
[2025-10-29T17:12:24.168+0000] {logging_mixin.py:188} INFO - [openphish] rows after normalize: 300
[2025-10-29T17:12:24.184+0000] {python.py:237} INFO - Done. Returned value was: None
[2025-10-29T17:12:24.184+0000] {taskinstance.py:441} INFO - ::group::Post task execution logs
[2025-10-29T17:12:24.187+0000] {taskinstance.py:1206} INFO - Marking task as SUCCESS. dag_id=openphish_ingest, task_id=openphish_fetch_normalize_bronze, run_id=scheduled__2025-09-04T00:00:00+00:00, execution_date=20250904T000000, start_date=20251029T171223, end_date=20251029T171224
[2025-10-29T17:12:24.211+0000] {local_task_job_runner.py:243} INFO - Task exited with return code 0
[2025-10-29T17:12:24.216+0000] {taskinstance.py:3503} INFO - 0 downstream tasks scheduled from follow-on schedule check
[2025-10-29T17:12:24.217+0000] {local_task_job_runner.py:222} INFO - ::endgroup::
[2025-10-29T18:07:11.540+0000] {local_task_job_runner.py:120} INFO - ::group::Pre task execution logs
[2025-10-29T18:07:11.548+0000] {taskinstance.py:2076} INFO - Dependencies all met for dep_context=non-requeueable deps ti=<TaskInstance: openphish_ingest.openphish_fetch_normalize_bronze scheduled__2025-09-04T00:00:00+00:00 [queued]>
[2025-10-29T18:07:11.549+0000] {taskinstance.py:2076} INFO - Dependencies all met for dep_context=requeueable deps ti=<TaskInstance: openphish_ingest.openphish_fetch_normalize_bronze scheduled__2025-09-04T00:00:00+00:00 [queued]>
[2025-10-29T18:07:11.549+0000] {taskinstance.py:2306} INFO - Starting attempt 1 of 2
[2025-10-29T18:07:11.553+0000] {taskinstance.py:2330} INFO - Executing <Task(PythonOperator): openphish_fetch_normalize_bronze> on 2025-09-04 00:00:00+00:00
[2025-10-29T18:07:11.555+0000] {warnings.py:112} WARNING - /home/airflow/.local/lib/python3.12/site-packages/airflow/task/task_runner/standard_task_runner.py:62: DeprecationWarning: This process (pid=505) is multi-threaded, use of fork() may lead to deadlocks in the child.
  pid = os.fork()

[2025-10-29T18:07:11.556+0000] {standard_task_runner.py:64} INFO - Started process 526 to run task
[2025-10-29T18:07:11.556+0000] {standard_task_runner.py:90} INFO - Running: ['airflow', 'tasks', 'run', 'openphish_ingest', 'openphish_fetch_normalize_bronze', 'scheduled__2025-09-04T00:00:00+00:00', '--job-id', '14', '--raw', '--subdir', 'DAGS_FOLDER/openphish_ingest.py', '--cfg-path', '/tmp/tmphraqxkls']
[2025-10-29T18:07:11.556+0000] {standard_task_runner.py:91} INFO - Job 14: Subtask openphish_fetch_normalize_bronze
[2025-10-29T18:07:11.567+0000] {task_command.py:426} INFO - Running <TaskInstance: openphish_ingest.openphish_fetch_normalize_bronze scheduled__2025-09-04T00:00:00+00:00 [running]> on host 9a4b1d75930e
[2025-10-29T18:07:11.586+0000] {taskinstance.py:2648} INFO - Exporting env vars: AIRFLOW_CTX_DAG_OWNER='you' AIRFLOW_CTX_DAG_ID='openphish_ingest' AIRFLOW_CTX_TASK_ID='openphish_fetch_normalize_bronze' AIRFLOW_CTX_EXECUTION_DATE='2025-09-04T00:00:00+00:00' AIRFLOW_CTX_TRY_NUMBER='1' AIRFLOW_CTX_DAG_RUN_ID='scheduled__2025-09-04T00:00:00+00:00'
[2025-10-29T18:07:11.586+0000] {taskinstance.py:430} INFO - ::endgroup::
[2025-10-29T18:07:12.260+0000] {logging_mixin.py:188} INFO - [openphish_ingest] rows after normalize: 300
[2025-10-29T18:07:12.266+0000] {logging_mixin.py:188} INFO - [openphish] rows after normalize: 300
[2025-10-29T18:07:12.283+0000] {python.py:237} INFO - Done. Returned value was: None
[2025-10-29T18:07:12.284+0000] {taskinstance.py:441} INFO - ::group::Post task execution logs
[2025-10-29T18:07:12.286+0000] {taskinstance.py:1206} INFO - Marking task as SUCCESS. dag_id=openphish_ingest, task_id=openphish_fetch_normalize_bronze, run_id=scheduled__2025-09-04T00:00:00+00:00, execution_date=20250904T000000, start_date=20251029T180711, end_date=20251029T180712
[2025-10-29T18:07:12.312+0000] {local_task_job_runner.py:243} INFO - Task exited with return code 0
[2025-10-29T18:07:12.319+0000] {taskinstance.py:3503} INFO - 0 downstream tasks scheduled from follow-on schedule check
[2025-10-29T18:07:12.319+0000] {local_task_job_runner.py:222} INFO - ::endgroup::
