[2025-10-07T00:13:59.496+0000] {local_task_job_runner.py:120} INFO - ::group::Pre task execution logs
[2025-10-07T00:13:59.510+0000] {taskinstance.py:2076} INFO - Dependencies all met for dep_context=non-requeueable deps ti=<TaskInstance: urlhaus_ingest.urlhaus_fetch_normalize_bronze scheduled__2025-10-06T00:00:00+00:00 [queued]>
[2025-10-07T00:13:59.513+0000] {taskinstance.py:2076} INFO - Dependencies all met for dep_context=requeueable deps ti=<TaskInstance: urlhaus_ingest.urlhaus_fetch_normalize_bronze scheduled__2025-10-06T00:00:00+00:00 [queued]>
[2025-10-07T00:13:59.513+0000] {taskinstance.py:2306} INFO - Starting attempt 1 of 2
[2025-10-07T00:13:59.521+0000] {taskinstance.py:2330} INFO - Executing <Task(PythonOperator): urlhaus_fetch_normalize_bronze> on 2025-10-06 00:00:00+00:00
[2025-10-07T00:13:59.534+0000] {standard_task_runner.py:90} INFO - Running: ['airflow', 'tasks', 'run', 'urlhaus_ingest', 'urlhaus_fetch_normalize_bronze', 'scheduled__2025-10-06T00:00:00+00:00', '--job-id', '107', '--raw', '--subdir', 'DAGS_FOLDER/urlhaus_ingest.py', '--cfg-path', '/tmp/tmp_42f5b1j']
[2025-10-07T00:13:59.534+0000] {standard_task_runner.py:91} INFO - Job 107: Subtask urlhaus_fetch_normalize_bronze
[2025-10-07T00:13:59.533+0000] {warnings.py:112} WARNING - /home/airflow/.local/lib/python3.12/site-packages/airflow/task/task_runner/standard_task_runner.py:62: DeprecationWarning: This process (pid=18097) is multi-threaded, use of fork() may lead to deadlocks in the child.
  pid = os.fork()

[2025-10-07T00:13:59.538+0000] {standard_task_runner.py:64} INFO - Started process 18118 to run task
[2025-10-07T00:13:59.579+0000] {task_command.py:426} INFO - Running <TaskInstance: urlhaus_ingest.urlhaus_fetch_normalize_bronze scheduled__2025-10-06T00:00:00+00:00 [running]> on host 539ffd8f219e
[2025-10-07T00:13:59.623+0000] {taskinstance.py:2648} INFO - Exporting env vars: AIRFLOW_CTX_DAG_OWNER='you' AIRFLOW_CTX_DAG_ID='urlhaus_ingest' AIRFLOW_CTX_TASK_ID='urlhaus_fetch_normalize_bronze' AIRFLOW_CTX_EXECUTION_DATE='2025-10-06T00:00:00+00:00' AIRFLOW_CTX_TRY_NUMBER='1' AIRFLOW_CTX_DAG_RUN_ID='scheduled__2025-10-06T00:00:00+00:00'
[2025-10-07T00:13:59.623+0000] {taskinstance.py:430} INFO - ::endgroup::
[2025-10-07T00:14:00.962+0000] {logging_mixin.py:188} INFO - [urlhaus_ingest] rows after normalize: 26923
[2025-10-07T00:14:01.000+0000] {logging_mixin.py:188} INFO - [urlhaus] rows after normalize: 26923
[2025-10-07T00:14:01.057+0000] {python.py:237} INFO - Done. Returned value was: None
[2025-10-07T00:14:01.057+0000] {taskinstance.py:441} INFO - ::group::Post task execution logs
[2025-10-07T00:14:01.059+0000] {taskinstance.py:1206} INFO - Marking task as SUCCESS. dag_id=urlhaus_ingest, task_id=urlhaus_fetch_normalize_bronze, run_id=scheduled__2025-10-06T00:00:00+00:00, execution_date=20251006T000000, start_date=20251007T001359, end_date=20251007T001401
[2025-10-07T00:14:01.072+0000] {local_task_job_runner.py:243} INFO - Task exited with return code 0
[2025-10-07T00:14:01.080+0000] {taskinstance.py:3503} INFO - 0 downstream tasks scheduled from follow-on schedule check
[2025-10-07T00:14:01.081+0000] {local_task_job_runner.py:222} INFO - ::endgroup::
[2025-10-29T17:16:55.201+0000] {local_task_job_runner.py:120} INFO - ::group::Pre task execution logs
[2025-10-29T17:16:55.208+0000] {taskinstance.py:2076} INFO - Dependencies all met for dep_context=non-requeueable deps ti=<TaskInstance: urlhaus_ingest.urlhaus_fetch_normalize_bronze scheduled__2025-10-06T00:00:00+00:00 [queued]>
[2025-10-29T17:16:55.210+0000] {taskinstance.py:2076} INFO - Dependencies all met for dep_context=requeueable deps ti=<TaskInstance: urlhaus_ingest.urlhaus_fetch_normalize_bronze scheduled__2025-10-06T00:00:00+00:00 [queued]>
[2025-10-29T17:16:55.210+0000] {taskinstance.py:2306} INFO - Starting attempt 1 of 2
[2025-10-29T17:16:55.214+0000] {taskinstance.py:2330} INFO - Executing <Task(PythonOperator): urlhaus_fetch_normalize_bronze> on 2025-10-06 00:00:00+00:00
[2025-10-29T17:16:55.217+0000] {warnings.py:112} WARNING - /home/airflow/.local/lib/python3.12/site-packages/airflow/task/task_runner/standard_task_runner.py:62: DeprecationWarning: This process (pid=2290) is multi-threaded, use of fork() may lead to deadlocks in the child.
  pid = os.fork()

[2025-10-29T17:16:55.217+0000] {standard_task_runner.py:64} INFO - Started process 2311 to run task
[2025-10-29T17:16:55.218+0000] {standard_task_runner.py:90} INFO - Running: ['airflow', 'tasks', 'run', 'urlhaus_ingest', 'urlhaus_fetch_normalize_bronze', 'scheduled__2025-10-06T00:00:00+00:00', '--job-id', '81', '--raw', '--subdir', 'DAGS_FOLDER/urlhaus_ingest.py', '--cfg-path', '/tmp/tmpgruwyos7']
[2025-10-29T17:16:55.218+0000] {standard_task_runner.py:91} INFO - Job 81: Subtask urlhaus_fetch_normalize_bronze
[2025-10-29T17:16:55.230+0000] {task_command.py:426} INFO - Running <TaskInstance: urlhaus_ingest.urlhaus_fetch_normalize_bronze scheduled__2025-10-06T00:00:00+00:00 [running]> on host 109bbc934e0f
[2025-10-29T17:16:55.251+0000] {taskinstance.py:2648} INFO - Exporting env vars: AIRFLOW_CTX_DAG_OWNER='you' AIRFLOW_CTX_DAG_ID='urlhaus_ingest' AIRFLOW_CTX_TASK_ID='urlhaus_fetch_normalize_bronze' AIRFLOW_CTX_EXECUTION_DATE='2025-10-06T00:00:00+00:00' AIRFLOW_CTX_TRY_NUMBER='1' AIRFLOW_CTX_DAG_RUN_ID='scheduled__2025-10-06T00:00:00+00:00'
[2025-10-29T17:16:55.252+0000] {taskinstance.py:430} INFO - ::endgroup::
[2025-10-29T17:16:55.398+0000] {logging_mixin.py:188} INFO - [urlhaus_ingest] rows after normalize: 21313
[2025-10-29T17:16:55.409+0000] {logging_mixin.py:188} INFO - [urlhaus] rows after normalize: 21313
[2025-10-29T17:16:55.432+0000] {python.py:237} INFO - Done. Returned value was: None
[2025-10-29T17:16:55.432+0000] {taskinstance.py:441} INFO - ::group::Post task execution logs
[2025-10-29T17:16:55.434+0000] {taskinstance.py:1206} INFO - Marking task as SUCCESS. dag_id=urlhaus_ingest, task_id=urlhaus_fetch_normalize_bronze, run_id=scheduled__2025-10-06T00:00:00+00:00, execution_date=20251006T000000, start_date=20251029T171655, end_date=20251029T171655
[2025-10-29T17:16:55.444+0000] {local_task_job_runner.py:243} INFO - Task exited with return code 0
[2025-10-29T17:16:55.449+0000] {taskinstance.py:3503} INFO - 0 downstream tasks scheduled from follow-on schedule check
[2025-10-29T17:16:55.449+0000] {local_task_job_runner.py:222} INFO - ::endgroup::
[2025-10-29T18:13:37.428+0000] {local_task_job_runner.py:120} INFO - ::group::Pre task execution logs
[2025-10-29T18:13:37.436+0000] {taskinstance.py:2076} INFO - Dependencies all met for dep_context=non-requeueable deps ti=<TaskInstance: urlhaus_ingest.urlhaus_fetch_normalize_bronze scheduled__2025-10-06T00:00:00+00:00 [queued]>
[2025-10-29T18:13:37.437+0000] {taskinstance.py:2076} INFO - Dependencies all met for dep_context=requeueable deps ti=<TaskInstance: urlhaus_ingest.urlhaus_fetch_normalize_bronze scheduled__2025-10-06T00:00:00+00:00 [queued]>
[2025-10-29T18:13:37.438+0000] {taskinstance.py:2306} INFO - Starting attempt 1 of 2
[2025-10-29T18:13:37.441+0000] {taskinstance.py:2330} INFO - Executing <Task(PythonOperator): urlhaus_fetch_normalize_bronze> on 2025-10-06 00:00:00+00:00
[2025-10-29T18:13:37.444+0000] {warnings.py:112} WARNING - /home/airflow/.local/lib/python3.12/site-packages/airflow/task/task_runner/standard_task_runner.py:62: DeprecationWarning: This process (pid=4520) is multi-threaded, use of fork() may lead to deadlocks in the child.
  pid = os.fork()

[2025-10-29T18:13:37.445+0000] {standard_task_runner.py:64} INFO - Started process 4541 to run task
[2025-10-29T18:13:37.445+0000] {standard_task_runner.py:90} INFO - Running: ['airflow', 'tasks', 'run', 'urlhaus_ingest', 'urlhaus_fetch_normalize_bronze', 'scheduled__2025-10-06T00:00:00+00:00', '--job-id', '176', '--raw', '--subdir', 'DAGS_FOLDER/urlhaus_ingest.py', '--cfg-path', '/tmp/tmpefzcj4v8']
[2025-10-29T18:13:37.446+0000] {standard_task_runner.py:91} INFO - Job 176: Subtask urlhaus_fetch_normalize_bronze
[2025-10-29T18:13:37.458+0000] {task_command.py:426} INFO - Running <TaskInstance: urlhaus_ingest.urlhaus_fetch_normalize_bronze scheduled__2025-10-06T00:00:00+00:00 [running]> on host 9a4b1d75930e
[2025-10-29T18:13:37.479+0000] {taskinstance.py:2648} INFO - Exporting env vars: AIRFLOW_CTX_DAG_OWNER='you' AIRFLOW_CTX_DAG_ID='urlhaus_ingest' AIRFLOW_CTX_TASK_ID='urlhaus_fetch_normalize_bronze' AIRFLOW_CTX_EXECUTION_DATE='2025-10-06T00:00:00+00:00' AIRFLOW_CTX_TRY_NUMBER='1' AIRFLOW_CTX_DAG_RUN_ID='scheduled__2025-10-06T00:00:00+00:00'
[2025-10-29T18:13:37.479+0000] {taskinstance.py:430} INFO - ::endgroup::
[2025-10-29T18:13:37.642+0000] {logging_mixin.py:188} INFO - [urlhaus_ingest] rows after normalize: 21301
[2025-10-29T18:13:37.653+0000] {logging_mixin.py:188} INFO - [urlhaus] rows after normalize: 21301
[2025-10-29T18:13:37.676+0000] {python.py:237} INFO - Done. Returned value was: None
[2025-10-29T18:13:37.676+0000] {taskinstance.py:441} INFO - ::group::Post task execution logs
[2025-10-29T18:13:37.678+0000] {taskinstance.py:1206} INFO - Marking task as SUCCESS. dag_id=urlhaus_ingest, task_id=urlhaus_fetch_normalize_bronze, run_id=scheduled__2025-10-06T00:00:00+00:00, execution_date=20251006T000000, start_date=20251029T181337, end_date=20251029T181337
[2025-10-29T18:13:37.715+0000] {local_task_job_runner.py:243} INFO - Task exited with return code 0
[2025-10-29T18:13:37.719+0000] {taskinstance.py:3503} INFO - 0 downstream tasks scheduled from follow-on schedule check
[2025-10-29T18:13:37.720+0000] {local_task_job_runner.py:222} INFO - ::endgroup::
