[2025-11-14T02:06:35.107+0000] {local_task_job_runner.py:120} INFO - ::group::Pre task execution logs
[2025-11-14T02:06:35.115+0000] {taskinstance.py:2076} INFO - Dependencies all met for dep_context=non-requeueable deps ti=<TaskInstance: dns_ip_geo_ingest.dns_ip_geo_fetch scheduled__2025-11-13T00:00:00+00:00 [queued]>
[2025-11-14T02:06:35.117+0000] {taskinstance.py:2076} INFO - Dependencies all met for dep_context=requeueable deps ti=<TaskInstance: dns_ip_geo_ingest.dns_ip_geo_fetch scheduled__2025-11-13T00:00:00+00:00 [queued]>
[2025-11-14T02:06:35.117+0000] {taskinstance.py:2306} INFO - Starting attempt 1 of 1
[2025-11-14T02:06:35.121+0000] {taskinstance.py:2330} INFO - Executing <Task(PythonOperator): dns_ip_geo_fetch> on 2025-11-13 00:00:00+00:00
[2025-11-14T02:06:35.124+0000] {standard_task_runner.py:90} INFO - Running: ['airflow', 'tasks', 'run', 'dns_ip_geo_ingest', 'dns_ip_geo_fetch', 'scheduled__2025-11-13T00:00:00+00:00', '--job-id', '86', '--raw', '--subdir', 'DAGS_FOLDER/dns_ip_geo_dag.py', '--cfg-path', '/tmp/tmp8_t5cr22']
[2025-11-14T02:06:35.125+0000] {logging_mixin.py:188} WARNING - /home/airflow/.local/lib/python3.12/site-packages/airflow/task/task_runner/standard_task_runner.py:62 DeprecationWarning: This process (pid=26019) is multi-threaded, use of fork() may lead to deadlocks in the child.
[2025-11-14T02:06:35.125+0000] {standard_task_runner.py:91} INFO - Job 86: Subtask dns_ip_geo_fetch
[2025-11-14T02:06:35.125+0000] {standard_task_runner.py:64} INFO - Started process 26040 to run task
[2025-11-14T02:06:35.138+0000] {task_command.py:426} INFO - Running <TaskInstance: dns_ip_geo_ingest.dns_ip_geo_fetch scheduled__2025-11-13T00:00:00+00:00 [running]> on host 1fd82182dcce
[2025-11-14T02:06:35.160+0000] {taskinstance.py:2648} INFO - Exporting env vars: AIRFLOW_CTX_DAG_OWNER='you' AIRFLOW_CTX_DAG_ID='dns_ip_geo_ingest' AIRFLOW_CTX_TASK_ID='dns_ip_geo_fetch' AIRFLOW_CTX_EXECUTION_DATE='2025-11-13T00:00:00+00:00' AIRFLOW_CTX_TRY_NUMBER='1' AIRFLOW_CTX_DAG_RUN_ID='scheduled__2025-11-13T00:00:00+00:00'
[2025-11-14T02:06:35.160+0000] {taskinstance.py:430} INFO - ::endgroup::
[2025-11-14T02:06:40.436+0000] {local_task_job_runner.py:120} INFO - ::group::Pre task execution logs
[2025-11-14T02:06:40.443+0000] {taskinstance.py:2066} INFO - Dependencies not met for <TaskInstance: dns_ip_geo_ingest.dns_ip_geo_fetch scheduled__2025-11-13T00:00:00+00:00 [running]>, dependency 'Task Instance State' FAILED: Task is in the 'running' state.
[2025-11-14T02:06:40.443+0000] {taskinstance.py:2066} INFO - Dependencies not met for <TaskInstance: dns_ip_geo_ingest.dns_ip_geo_fetch scheduled__2025-11-13T00:00:00+00:00 [running]>, dependency 'Task Instance Not Running' FAILED: Task is in the running state
[2025-11-14T02:06:40.444+0000] {local_task_job_runner.py:163} INFO - Task is not able to be run
[2025-11-14T02:14:26.853+0000] {dns_ip_geo_dag.py:245} INFO - [dns_ip_geo] ds=2025-11-13 domains=716 new_pairs=848 daily_rows=1082 cache_size=1097 -> /opt/airflow/lookups/dns_geo/ingest_date=2025-11-13
[2025-11-14T02:14:26.855+0000] {python.py:237} INFO - Done. Returned value was: None
[2025-11-14T02:14:26.855+0000] {taskinstance.py:441} INFO - ::group::Post task execution logs
[2025-11-14T02:14:26.870+0000] {taskinstance.py:1206} INFO - Marking task as SUCCESS. dag_id=dns_ip_geo_ingest, task_id=dns_ip_geo_fetch, run_id=scheduled__2025-11-13T00:00:00+00:00, execution_date=20251113T000000, start_date=20251114T020635, end_date=20251114T021426
[2025-11-14T02:14:26.926+0000] {local_task_job_runner.py:243} INFO - Task exited with return code 0
[2025-11-14T02:14:26.941+0000] {taskinstance.py:3503} INFO - 0 downstream tasks scheduled from follow-on schedule check
[2025-11-14T02:14:26.942+0000] {local_task_job_runner.py:222} INFO - ::endgroup::
