[2025-10-29T17:13:46.867+0000] {local_task_job_runner.py:120} INFO - ::group::Pre task execution logs
[2025-10-29T17:13:46.875+0000] {taskinstance.py:2076} INFO - Dependencies all met for dep_context=non-requeueable deps ti=<TaskInstance: urlhaus_ingest.urlhaus_fetch_normalize_bronze scheduled__2025-09-12T00:00:00+00:00 [queued]>
[2025-10-29T17:13:46.877+0000] {taskinstance.py:2076} INFO - Dependencies all met for dep_context=requeueable deps ti=<TaskInstance: urlhaus_ingest.urlhaus_fetch_normalize_bronze scheduled__2025-09-12T00:00:00+00:00 [queued]>
[2025-10-29T17:13:46.877+0000] {taskinstance.py:2306} INFO - Starting attempt 1 of 2
[2025-10-29T17:13:46.882+0000] {taskinstance.py:2330} INFO - Executing <Task(PythonOperator): urlhaus_fetch_normalize_bronze> on 2025-09-12 00:00:00+00:00
[2025-10-29T17:13:46.885+0000] {warnings.py:112} WARNING - /home/airflow/.local/lib/python3.12/site-packages/airflow/task/task_runner/standard_task_runner.py:62: DeprecationWarning: This process (pid=954) is multi-threaded, use of fork() may lead to deadlocks in the child.
  pid = os.fork()

[2025-10-29T17:13:46.885+0000] {standard_task_runner.py:64} INFO - Started process 975 to run task
[2025-10-29T17:13:46.886+0000] {standard_task_runner.py:90} INFO - Running: ['airflow', 'tasks', 'run', 'urlhaus_ingest', 'urlhaus_fetch_normalize_bronze', 'scheduled__2025-09-12T00:00:00+00:00', '--job-id', '33', '--raw', '--subdir', 'DAGS_FOLDER/urlhaus_ingest.py', '--cfg-path', '/tmp/tmpoept9s8k']
[2025-10-29T17:13:46.886+0000] {standard_task_runner.py:91} INFO - Job 33: Subtask urlhaus_fetch_normalize_bronze
[2025-10-29T17:13:46.899+0000] {task_command.py:426} INFO - Running <TaskInstance: urlhaus_ingest.urlhaus_fetch_normalize_bronze scheduled__2025-09-12T00:00:00+00:00 [running]> on host 109bbc934e0f
[2025-10-29T17:13:46.923+0000] {taskinstance.py:2648} INFO - Exporting env vars: AIRFLOW_CTX_DAG_OWNER='you' AIRFLOW_CTX_DAG_ID='urlhaus_ingest' AIRFLOW_CTX_TASK_ID='urlhaus_fetch_normalize_bronze' AIRFLOW_CTX_EXECUTION_DATE='2025-09-12T00:00:00+00:00' AIRFLOW_CTX_TRY_NUMBER='1' AIRFLOW_CTX_DAG_RUN_ID='scheduled__2025-09-12T00:00:00+00:00'
[2025-10-29T17:13:46.924+0000] {taskinstance.py:430} INFO - ::endgroup::
[2025-10-29T17:13:47.189+0000] {logging_mixin.py:188} INFO - [urlhaus_ingest] rows after normalize: 21315
[2025-10-29T17:13:47.201+0000] {logging_mixin.py:188} INFO - [urlhaus] rows after normalize: 21315
[2025-10-29T17:13:47.224+0000] {python.py:237} INFO - Done. Returned value was: None
[2025-10-29T17:13:47.224+0000] {taskinstance.py:441} INFO - ::group::Post task execution logs
[2025-10-29T17:13:47.226+0000] {taskinstance.py:1206} INFO - Marking task as SUCCESS. dag_id=urlhaus_ingest, task_id=urlhaus_fetch_normalize_bronze, run_id=scheduled__2025-09-12T00:00:00+00:00, execution_date=20250912T000000, start_date=20251029T171346, end_date=20251029T171347
[2025-10-29T17:13:47.278+0000] {local_task_job_runner.py:243} INFO - Task exited with return code 0
[2025-10-29T17:13:47.283+0000] {taskinstance.py:3503} INFO - 0 downstream tasks scheduled from follow-on schedule check
[2025-10-29T17:13:47.283+0000] {local_task_job_runner.py:222} INFO - ::endgroup::
[2025-10-29T18:08:50.475+0000] {local_task_job_runner.py:120} INFO - ::group::Pre task execution logs
[2025-10-29T18:08:50.485+0000] {taskinstance.py:2076} INFO - Dependencies all met for dep_context=non-requeueable deps ti=<TaskInstance: urlhaus_ingest.urlhaus_fetch_normalize_bronze scheduled__2025-09-12T00:00:00+00:00 [queued]>
[2025-10-29T18:08:50.486+0000] {taskinstance.py:2076} INFO - Dependencies all met for dep_context=requeueable deps ti=<TaskInstance: urlhaus_ingest.urlhaus_fetch_normalize_bronze scheduled__2025-09-12T00:00:00+00:00 [queued]>
[2025-10-29T18:08:50.487+0000] {taskinstance.py:2306} INFO - Starting attempt 1 of 2
[2025-10-29T18:08:50.491+0000] {taskinstance.py:2330} INFO - Executing <Task(PythonOperator): urlhaus_fetch_normalize_bronze> on 2025-09-12 00:00:00+00:00
[2025-10-29T18:08:50.494+0000] {warnings.py:112} WARNING - /home/airflow/.local/lib/python3.12/site-packages/airflow/task/task_runner/standard_task_runner.py:62: DeprecationWarning: This process (pid=1551) is multi-threaded, use of fork() may lead to deadlocks in the child.
  pid = os.fork()

[2025-10-29T18:08:50.494+0000] {standard_task_runner.py:64} INFO - Started process 1572 to run task
[2025-10-29T18:08:50.495+0000] {standard_task_runner.py:90} INFO - Running: ['airflow', 'tasks', 'run', 'urlhaus_ingest', 'urlhaus_fetch_normalize_bronze', 'scheduled__2025-09-12T00:00:00+00:00', '--job-id', '56', '--raw', '--subdir', 'DAGS_FOLDER/urlhaus_ingest.py', '--cfg-path', '/tmp/tmpzw9djlwq']
[2025-10-29T18:08:50.495+0000] {standard_task_runner.py:91} INFO - Job 56: Subtask urlhaus_fetch_normalize_bronze
[2025-10-29T18:08:50.507+0000] {task_command.py:426} INFO - Running <TaskInstance: urlhaus_ingest.urlhaus_fetch_normalize_bronze scheduled__2025-09-12T00:00:00+00:00 [running]> on host 9a4b1d75930e
[2025-10-29T18:08:50.528+0000] {taskinstance.py:2648} INFO - Exporting env vars: AIRFLOW_CTX_DAG_OWNER='you' AIRFLOW_CTX_DAG_ID='urlhaus_ingest' AIRFLOW_CTX_TASK_ID='urlhaus_fetch_normalize_bronze' AIRFLOW_CTX_EXECUTION_DATE='2025-09-12T00:00:00+00:00' AIRFLOW_CTX_TRY_NUMBER='1' AIRFLOW_CTX_DAG_RUN_ID='scheduled__2025-09-12T00:00:00+00:00'
[2025-10-29T18:08:50.528+0000] {taskinstance.py:430} INFO - ::endgroup::
[2025-10-29T18:08:50.677+0000] {logging_mixin.py:188} INFO - [urlhaus_ingest] rows after normalize: 21302
[2025-10-29T18:08:50.688+0000] {logging_mixin.py:188} INFO - [urlhaus] rows after normalize: 21302
[2025-10-29T18:08:50.711+0000] {python.py:237} INFO - Done. Returned value was: None
[2025-10-29T18:08:50.711+0000] {taskinstance.py:441} INFO - ::group::Post task execution logs
[2025-10-29T18:08:50.713+0000] {taskinstance.py:1206} INFO - Marking task as SUCCESS. dag_id=urlhaus_ingest, task_id=urlhaus_fetch_normalize_bronze, run_id=scheduled__2025-09-12T00:00:00+00:00, execution_date=20250912T000000, start_date=20251029T180850, end_date=20251029T180850
[2025-10-29T18:08:50.764+0000] {local_task_job_runner.py:243} INFO - Task exited with return code 0
[2025-10-29T18:08:50.768+0000] {taskinstance.py:3503} INFO - 0 downstream tasks scheduled from follow-on schedule check
[2025-10-29T18:08:50.769+0000] {local_task_job_runner.py:222} INFO - ::endgroup::
