[2025-11-06T00:05:47.175+0000] {local_task_job_runner.py:120} INFO - ::group::Pre task execution logs
[2025-11-06T00:05:47.183+0000] {taskinstance.py:2076} INFO - Dependencies all met for dep_context=non-requeueable deps ti=<TaskInstance: misp_osint_ingest.misp_osint_fetch scheduled__2025-11-05T00:00:00+00:00 [queued]>
[2025-11-06T00:05:47.184+0000] {taskinstance.py:2076} INFO - Dependencies all met for dep_context=requeueable deps ti=<TaskInstance: misp_osint_ingest.misp_osint_fetch scheduled__2025-11-05T00:00:00+00:00 [queued]>
[2025-11-06T00:05:47.185+0000] {taskinstance.py:2306} INFO - Starting attempt 1 of 1
[2025-11-06T00:05:47.189+0000] {taskinstance.py:2330} INFO - Executing <Task(PythonOperator): misp_osint_fetch> on 2025-11-05 00:00:00+00:00
[2025-11-06T00:05:47.193+0000] {logging_mixin.py:188} WARNING - /home/airflow/.local/lib/python3.12/site-packages/airflow/task/task_runner/standard_task_runner.py:62 DeprecationWarning: This process (pid=36540) is multi-threaded, use of fork() may lead to deadlocks in the child.
[2025-11-06T00:05:47.192+0000] {standard_task_runner.py:90} INFO - Running: ['airflow', 'tasks', 'run', 'misp_osint_ingest', 'misp_osint_fetch', 'scheduled__2025-11-05T00:00:00+00:00', '--job-id', '27', '--raw', '--subdir', 'DAGS_FOLDER/misp_osint_ingest.py', '--cfg-path', '/tmp/tmpmjjjdtmn']
[2025-11-06T00:05:47.193+0000] {standard_task_runner.py:91} INFO - Job 27: Subtask misp_osint_fetch
[2025-11-06T00:05:47.193+0000] {standard_task_runner.py:64} INFO - Started process 36551 to run task
[2025-11-06T00:05:47.205+0000] {task_command.py:426} INFO - Running <TaskInstance: misp_osint_ingest.misp_osint_fetch scheduled__2025-11-05T00:00:00+00:00 [running]> on host 7e98baed574a
[2025-11-06T00:05:47.223+0000] {taskinstance.py:2648} INFO - Exporting env vars: AIRFLOW_CTX_DAG_OWNER='you' AIRFLOW_CTX_DAG_ID='misp_osint_ingest' AIRFLOW_CTX_TASK_ID='misp_osint_fetch' AIRFLOW_CTX_EXECUTION_DATE='2025-11-05T00:00:00+00:00' AIRFLOW_CTX_TRY_NUMBER='1' AIRFLOW_CTX_DAG_RUN_ID='scheduled__2025-11-05T00:00:00+00:00'
[2025-11-06T00:05:47.223+0000] {taskinstance.py:430} INFO - ::endgroup::
[2025-11-06T00:06:49.397+0000] {logging_mixin.py:188} INFO - [misp_osint] fetched files: 40, rows extracted: 2856, file errors: 0
[2025-11-06T00:06:49.457+0000] {logging_mixin.py:188} INFO - [misp_osint] wrote 2856 rows -> /opt/airflow/silver/misp_osint/ingest_date=2025-11-05/misp_osint.parquet
[2025-11-06T00:06:49.459+0000] {python.py:237} INFO - Done. Returned value was: None
[2025-11-06T00:06:49.459+0000] {taskinstance.py:441} INFO - ::group::Post task execution logs
[2025-11-06T00:06:49.463+0000] {taskinstance.py:1206} INFO - Marking task as SUCCESS. dag_id=misp_osint_ingest, task_id=misp_osint_fetch, run_id=scheduled__2025-11-05T00:00:00+00:00, execution_date=20251105T000000, start_date=20251106T000547, end_date=20251106T000649
[2025-11-06T00:06:49.497+0000] {local_task_job_runner.py:243} INFO - Task exited with return code 0
[2025-11-06T00:06:49.503+0000] {taskinstance.py:3503} INFO - 0 downstream tasks scheduled from follow-on schedule check
[2025-11-06T00:06:49.503+0000] {local_task_job_runner.py:222} INFO - ::endgroup::
