[2025-10-03T01:06:44.082+0000] {local_task_job_runner.py:120} INFO - ::group::Pre task execution logs
[2025-10-03T01:06:44.092+0000] {taskinstance.py:2076} INFO - Dependencies all met for dep_context=non-requeueable deps ti=<TaskInstance: openphish_silver.openphish_bronze_to_silver scheduled__2025-10-02T00:00:00+00:00 [queued]>
[2025-10-03T01:06:44.094+0000] {taskinstance.py:2076} INFO - Dependencies all met for dep_context=requeueable deps ti=<TaskInstance: openphish_silver.openphish_bronze_to_silver scheduled__2025-10-02T00:00:00+00:00 [queued]>
[2025-10-03T01:06:44.094+0000] {taskinstance.py:2306} INFO - Starting attempt 1 of 1
[2025-10-03T01:06:44.100+0000] {taskinstance.py:2330} INFO - Executing <Task(PythonOperator): openphish_bronze_to_silver> on 2025-10-02 00:00:00+00:00
[2025-10-03T01:06:44.104+0000] {standard_task_runner.py:90} INFO - Running: ['airflow', 'tasks', 'run', 'openphish_silver', 'openphish_bronze_to_silver', 'scheduled__2025-10-02T00:00:00+00:00', '--job-id', '82', '--raw', '--subdir', 'DAGS_FOLDER/openphish_silver.py', '--cfg-path', '/tmp/tmpo56wusht']
[2025-10-03T01:06:44.105+0000] {standard_task_runner.py:91} INFO - Job 82: Subtask openphish_bronze_to_silver
[2025-10-03T01:06:44.105+0000] {logging_mixin.py:188} WARNING - /home/airflow/.local/lib/python3.12/site-packages/airflow/task/task_runner/standard_task_runner.py:62 DeprecationWarning: This process (pid=37428) is multi-threaded, use of fork() may lead to deadlocks in the child.
[2025-10-03T01:06:44.108+0000] {standard_task_runner.py:64} INFO - Started process 37439 to run task
[2025-10-03T01:06:44.120+0000] {task_command.py:426} INFO - Running <TaskInstance: openphish_silver.openphish_bronze_to_silver scheduled__2025-10-02T00:00:00+00:00 [running]> on host 539ffd8f219e
[2025-10-03T01:06:44.142+0000] {taskinstance.py:2648} INFO - Exporting env vars: AIRFLOW_CTX_DAG_OWNER='you' AIRFLOW_CTX_DAG_ID='openphish_silver' AIRFLOW_CTX_TASK_ID='openphish_bronze_to_silver' AIRFLOW_CTX_EXECUTION_DATE='2025-10-02T00:00:00+00:00' AIRFLOW_CTX_TRY_NUMBER='1' AIRFLOW_CTX_DAG_RUN_ID='scheduled__2025-10-02T00:00:00+00:00'
[2025-10-03T01:06:44.142+0000] {taskinstance.py:430} INFO - ::endgroup::
[2025-10-03T01:06:44.177+0000] {logging_mixin.py:188} INFO - [openphish_silver] wrote 559 rows -> /opt/airflow/silver/openphish/ingest_date=2025-10-02
[2025-10-03T01:06:44.177+0000] {python.py:237} INFO - Done. Returned value was: None
[2025-10-03T01:06:44.177+0000] {taskinstance.py:441} INFO - ::group::Post task execution logs
[2025-10-03T01:06:44.179+0000] {taskinstance.py:1206} INFO - Marking task as SUCCESS. dag_id=openphish_silver, task_id=openphish_bronze_to_silver, run_id=scheduled__2025-10-02T00:00:00+00:00, execution_date=20251002T000000, start_date=20251003T010644, end_date=20251003T010644
[2025-10-03T01:06:44.208+0000] {local_task_job_runner.py:243} INFO - Task exited with return code 0
[2025-10-03T01:06:44.213+0000] {taskinstance.py:3503} INFO - 0 downstream tasks scheduled from follow-on schedule check
[2025-10-03T01:06:44.214+0000] {local_task_job_runner.py:222} INFO - ::endgroup::
[2025-10-29T18:12:55.528+0000] {local_task_job_runner.py:120} INFO - ::group::Pre task execution logs
[2025-10-29T18:12:55.536+0000] {taskinstance.py:2076} INFO - Dependencies all met for dep_context=non-requeueable deps ti=<TaskInstance: openphish_silver.openphish_bronze_to_silver scheduled__2025-10-02T00:00:00+00:00 [queued]>
[2025-10-29T18:12:55.538+0000] {taskinstance.py:2076} INFO - Dependencies all met for dep_context=requeueable deps ti=<TaskInstance: openphish_silver.openphish_bronze_to_silver scheduled__2025-10-02T00:00:00+00:00 [queued]>
[2025-10-29T18:12:55.538+0000] {taskinstance.py:2306} INFO - Starting attempt 1 of 1
[2025-10-29T18:12:55.542+0000] {taskinstance.py:2330} INFO - Executing <Task(PythonOperator): openphish_bronze_to_silver> on 2025-10-02 00:00:00+00:00
[2025-10-29T18:12:55.545+0000] {standard_task_runner.py:90} INFO - Running: ['airflow', 'tasks', 'run', 'openphish_silver', 'openphish_bronze_to_silver', 'scheduled__2025-10-02T00:00:00+00:00', '--job-id', '158', '--raw', '--subdir', 'DAGS_FOLDER/openphish_silver.py', '--cfg-path', '/tmp/tmp09xwt6l4']
[2025-10-29T18:12:55.546+0000] {standard_task_runner.py:91} INFO - Job 158: Subtask openphish_bronze_to_silver
[2025-10-29T18:12:55.546+0000] {logging_mixin.py:188} WARNING - /home/airflow/.local/lib/python3.12/site-packages/airflow/task/task_runner/standard_task_runner.py:62 DeprecationWarning: This process (pid=4082) is multi-threaded, use of fork() may lead to deadlocks in the child.
[2025-10-29T18:12:55.548+0000] {standard_task_runner.py:64} INFO - Started process 4093 to run task
[2025-10-29T18:12:55.557+0000] {task_command.py:426} INFO - Running <TaskInstance: openphish_silver.openphish_bronze_to_silver scheduled__2025-10-02T00:00:00+00:00 [running]> on host 9a4b1d75930e
[2025-10-29T18:12:55.575+0000] {taskinstance.py:2648} INFO - Exporting env vars: AIRFLOW_CTX_DAG_OWNER='you' AIRFLOW_CTX_DAG_ID='openphish_silver' AIRFLOW_CTX_TASK_ID='openphish_bronze_to_silver' AIRFLOW_CTX_EXECUTION_DATE='2025-10-02T00:00:00+00:00' AIRFLOW_CTX_TRY_NUMBER='1' AIRFLOW_CTX_DAG_RUN_ID='scheduled__2025-10-02T00:00:00+00:00'
[2025-10-29T18:12:55.575+0000] {taskinstance.py:430} INFO - ::endgroup::
[2025-10-29T18:12:55.595+0000] {logging_mixin.py:188} INFO - [openphish_silver] 2025-10-02: wrote 206 rows -> /opt/airflow/silver/openphish/ingest_date=2025-10-02
[2025-10-29T18:12:55.595+0000] {python.py:237} INFO - Done. Returned value was: None
[2025-10-29T18:12:55.595+0000] {taskinstance.py:441} INFO - ::group::Post task execution logs
[2025-10-29T18:12:55.596+0000] {taskinstance.py:1206} INFO - Marking task as SUCCESS. dag_id=openphish_silver, task_id=openphish_bronze_to_silver, run_id=scheduled__2025-10-02T00:00:00+00:00, execution_date=20251002T000000, start_date=20251029T181255, end_date=20251029T181255
[2025-10-29T18:12:55.612+0000] {local_task_job_runner.py:243} INFO - Task exited with return code 0
[2025-10-29T18:12:55.615+0000] {taskinstance.py:3503} INFO - 0 downstream tasks scheduled from follow-on schedule check
[2025-10-29T18:12:55.616+0000] {local_task_job_runner.py:222} INFO - ::endgroup::
