[2025-10-29T17:12:58.335+0000] {local_task_job_runner.py:120} INFO - ::group::Pre task execution logs
[2025-10-29T17:12:58.342+0000] {taskinstance.py:2076} INFO - Dependencies all met for dep_context=non-requeueable deps ti=<TaskInstance: urlhaus_ingest.urlhaus_fetch_normalize_bronze scheduled__2025-09-05T00:00:00+00:00 [queued]>
[2025-10-29T17:12:58.344+0000] {taskinstance.py:2076} INFO - Dependencies all met for dep_context=requeueable deps ti=<TaskInstance: urlhaus_ingest.urlhaus_fetch_normalize_bronze scheduled__2025-09-05T00:00:00+00:00 [queued]>
[2025-10-29T17:12:58.344+0000] {taskinstance.py:2306} INFO - Starting attempt 1 of 2
[2025-10-29T17:12:58.348+0000] {taskinstance.py:2330} INFO - Executing <Task(PythonOperator): urlhaus_fetch_normalize_bronze> on 2025-09-05 00:00:00+00:00
[2025-10-29T17:12:58.350+0000] {warnings.py:112} WARNING - /home/airflow/.local/lib/python3.12/site-packages/airflow/task/task_runner/standard_task_runner.py:62: DeprecationWarning: This process (pid=584) is multi-threaded, use of fork() may lead to deadlocks in the child.
  pid = os.fork()

[2025-10-29T17:12:58.350+0000] {standard_task_runner.py:64} INFO - Started process 605 to run task
[2025-10-29T17:12:58.351+0000] {standard_task_runner.py:90} INFO - Running: ['airflow', 'tasks', 'run', 'urlhaus_ingest', 'urlhaus_fetch_normalize_bronze', 'scheduled__2025-09-05T00:00:00+00:00', '--job-id', '19', '--raw', '--subdir', 'DAGS_FOLDER/urlhaus_ingest.py', '--cfg-path', '/tmp/tmpqz6lhdmf']
[2025-10-29T17:12:58.351+0000] {standard_task_runner.py:91} INFO - Job 19: Subtask urlhaus_fetch_normalize_bronze
[2025-10-29T17:12:58.362+0000] {task_command.py:426} INFO - Running <TaskInstance: urlhaus_ingest.urlhaus_fetch_normalize_bronze scheduled__2025-09-05T00:00:00+00:00 [running]> on host 109bbc934e0f
[2025-10-29T17:12:58.381+0000] {taskinstance.py:2648} INFO - Exporting env vars: AIRFLOW_CTX_DAG_OWNER='you' AIRFLOW_CTX_DAG_ID='urlhaus_ingest' AIRFLOW_CTX_TASK_ID='urlhaus_fetch_normalize_bronze' AIRFLOW_CTX_EXECUTION_DATE='2025-09-05T00:00:00+00:00' AIRFLOW_CTX_TRY_NUMBER='1' AIRFLOW_CTX_DAG_RUN_ID='scheduled__2025-09-05T00:00:00+00:00'
[2025-10-29T17:12:58.381+0000] {taskinstance.py:430} INFO - ::endgroup::
[2025-10-29T17:12:58.532+0000] {logging_mixin.py:188} INFO - [urlhaus_ingest] rows after normalize: 21315
[2025-10-29T17:12:58.542+0000] {logging_mixin.py:188} INFO - [urlhaus] rows after normalize: 21315
[2025-10-29T17:12:58.567+0000] {python.py:237} INFO - Done. Returned value was: None
[2025-10-29T17:12:58.567+0000] {taskinstance.py:441} INFO - ::group::Post task execution logs
[2025-10-29T17:12:58.569+0000] {taskinstance.py:1206} INFO - Marking task as SUCCESS. dag_id=urlhaus_ingest, task_id=urlhaus_fetch_normalize_bronze, run_id=scheduled__2025-09-05T00:00:00+00:00, execution_date=20250905T000000, start_date=20251029T171258, end_date=20251029T171258
[2025-10-29T17:12:58.578+0000] {local_task_job_runner.py:243} INFO - Task exited with return code 0
[2025-10-29T17:12:58.581+0000] {taskinstance.py:3503} INFO - 0 downstream tasks scheduled from follow-on schedule check
[2025-10-29T17:12:58.581+0000] {local_task_job_runner.py:222} INFO - ::endgroup::
[2025-10-29T18:07:28.859+0000] {local_task_job_runner.py:120} INFO - ::group::Pre task execution logs
[2025-10-29T18:07:28.866+0000] {taskinstance.py:2076} INFO - Dependencies all met for dep_context=non-requeueable deps ti=<TaskInstance: urlhaus_ingest.urlhaus_fetch_normalize_bronze scheduled__2025-09-05T00:00:00+00:00 [queued]>
[2025-10-29T18:07:28.868+0000] {taskinstance.py:2076} INFO - Dependencies all met for dep_context=requeueable deps ti=<TaskInstance: urlhaus_ingest.urlhaus_fetch_normalize_bronze scheduled__2025-09-05T00:00:00+00:00 [queued]>
[2025-10-29T18:07:28.868+0000] {taskinstance.py:2306} INFO - Starting attempt 1 of 2
[2025-10-29T18:07:28.872+0000] {taskinstance.py:2330} INFO - Executing <Task(PythonOperator): urlhaus_fetch_normalize_bronze> on 2025-09-05 00:00:00+00:00
[2025-10-29T18:07:28.874+0000] {warnings.py:112} WARNING - /home/airflow/.local/lib/python3.12/site-packages/airflow/task/task_runner/standard_task_runner.py:62: DeprecationWarning: This process (pid=691) is multi-threaded, use of fork() may lead to deadlocks in the child.
  pid = os.fork()

[2025-10-29T18:07:28.875+0000] {standard_task_runner.py:64} INFO - Started process 712 to run task
[2025-10-29T18:07:28.875+0000] {standard_task_runner.py:90} INFO - Running: ['airflow', 'tasks', 'run', 'urlhaus_ingest', 'urlhaus_fetch_normalize_bronze', 'scheduled__2025-09-05T00:00:00+00:00', '--job-id', '21', '--raw', '--subdir', 'DAGS_FOLDER/urlhaus_ingest.py', '--cfg-path', '/tmp/tmp21r1vm5g']
[2025-10-29T18:07:28.875+0000] {standard_task_runner.py:91} INFO - Job 21: Subtask urlhaus_fetch_normalize_bronze
[2025-10-29T18:07:28.887+0000] {task_command.py:426} INFO - Running <TaskInstance: urlhaus_ingest.urlhaus_fetch_normalize_bronze scheduled__2025-09-05T00:00:00+00:00 [running]> on host 9a4b1d75930e
[2025-10-29T18:07:28.906+0000] {taskinstance.py:2648} INFO - Exporting env vars: AIRFLOW_CTX_DAG_OWNER='you' AIRFLOW_CTX_DAG_ID='urlhaus_ingest' AIRFLOW_CTX_TASK_ID='urlhaus_fetch_normalize_bronze' AIRFLOW_CTX_EXECUTION_DATE='2025-09-05T00:00:00+00:00' AIRFLOW_CTX_TRY_NUMBER='1' AIRFLOW_CTX_DAG_RUN_ID='scheduled__2025-09-05T00:00:00+00:00'
[2025-10-29T18:07:28.906+0000] {taskinstance.py:430} INFO - ::endgroup::
[2025-10-29T18:07:29.051+0000] {logging_mixin.py:188} INFO - [urlhaus_ingest] rows after normalize: 21302
[2025-10-29T18:07:29.061+0000] {logging_mixin.py:188} INFO - [urlhaus] rows after normalize: 21302
[2025-10-29T18:07:29.084+0000] {python.py:237} INFO - Done. Returned value was: None
[2025-10-29T18:07:29.084+0000] {taskinstance.py:441} INFO - ::group::Post task execution logs
[2025-10-29T18:07:29.085+0000] {taskinstance.py:1206} INFO - Marking task as SUCCESS. dag_id=urlhaus_ingest, task_id=urlhaus_fetch_normalize_bronze, run_id=scheduled__2025-09-05T00:00:00+00:00, execution_date=20250905T000000, start_date=20251029T180728, end_date=20251029T180729
[2025-10-29T18:07:29.098+0000] {local_task_job_runner.py:243} INFO - Task exited with return code 0
[2025-10-29T18:07:29.102+0000] {taskinstance.py:3503} INFO - 0 downstream tasks scheduled from follow-on schedule check
[2025-10-29T18:07:29.102+0000] {local_task_job_runner.py:222} INFO - ::endgroup::
