[2025-09-30T00:12:50.710+0000] {local_task_job_runner.py:120} INFO - ::group::Pre task execution logs
[2025-09-30T00:12:50.736+0000] {taskinstance.py:2076} INFO - Dependencies all met for dep_context=non-requeueable deps ti=<TaskInstance: labels_union.build_union scheduled__2025-09-29T00:00:00+00:00 [queued]>
[2025-09-30T00:12:50.738+0000] {taskinstance.py:2076} INFO - Dependencies all met for dep_context=requeueable deps ti=<TaskInstance: labels_union.build_union scheduled__2025-09-29T00:00:00+00:00 [queued]>
[2025-09-30T00:12:50.738+0000] {taskinstance.py:2306} INFO - Starting attempt 1 of 1
[2025-09-30T00:12:50.744+0000] {taskinstance.py:2330} INFO - Executing <Task(PythonOperator): build_union> on 2025-09-29 00:00:00+00:00
[2025-09-30T00:12:50.749+0000] {standard_task_runner.py:90} INFO - Running: ['airflow', 'tasks', 'run', 'labels_union', 'build_union', 'scheduled__2025-09-29T00:00:00+00:00', '--job-id', '63', '--raw', '--subdir', 'DAGS_FOLDER/labels_union.py', '--cfg-path', '/tmp/tmphihn42lx']
[2025-09-30T00:12:50.754+0000] {standard_task_runner.py:91} INFO - Job 63: Subtask build_union
[2025-09-30T00:12:50.754+0000] {logging_mixin.py:188} WARNING - /home/airflow/.local/lib/python3.12/site-packages/airflow/task/task_runner/standard_task_runner.py:62 DeprecationWarning: This process (pid=70434) is multi-threaded, use of fork() may lead to deadlocks in the child.
[2025-09-30T00:12:50.755+0000] {standard_task_runner.py:64} INFO - Started process 70445 to run task
[2025-09-30T00:12:50.777+0000] {task_command.py:426} INFO - Running <TaskInstance: labels_union.build_union scheduled__2025-09-29T00:00:00+00:00 [running]> on host 539ffd8f219e
[2025-09-30T00:12:50.818+0000] {taskinstance.py:2648} INFO - Exporting env vars: AIRFLOW_CTX_DAG_OWNER='you' AIRFLOW_CTX_DAG_ID='labels_union' AIRFLOW_CTX_TASK_ID='build_union' AIRFLOW_CTX_EXECUTION_DATE='2025-09-29T00:00:00+00:00' AIRFLOW_CTX_TRY_NUMBER='1' AIRFLOW_CTX_DAG_RUN_ID='scheduled__2025-09-29T00:00:00+00:00'
[2025-09-30T00:12:50.819+0000] {taskinstance.py:430} INFO - ::endgroup::
[2025-09-30T00:12:50.922+0000] {logging_mixin.py:188} INFO - [labels_union] wrote 6097 rows -> /opt/airflow/silver/labels_union/ingest_date=2025-09-29
[2025-09-30T00:12:50.923+0000] {python.py:237} INFO - Done. Returned value was: None
[2025-09-30T00:12:50.923+0000] {taskinstance.py:441} INFO - ::group::Post task execution logs
[2025-09-30T00:12:50.925+0000] {taskinstance.py:1206} INFO - Marking task as SUCCESS. dag_id=labels_union, task_id=build_union, run_id=scheduled__2025-09-29T00:00:00+00:00, execution_date=20250929T000000, start_date=20250930T001250, end_date=20250930T001250
[2025-09-30T00:12:50.936+0000] {local_task_job_runner.py:243} INFO - Task exited with return code 0
[2025-09-30T00:12:50.943+0000] {taskinstance.py:3503} INFO - 0 downstream tasks scheduled from follow-on schedule check
[2025-09-30T00:12:50.944+0000] {local_task_job_runner.py:222} INFO - ::endgroup::
[2025-10-29T18:12:43.421+0000] {local_task_job_runner.py:120} INFO - ::group::Pre task execution logs
[2025-10-29T18:12:43.429+0000] {taskinstance.py:2076} INFO - Dependencies all met for dep_context=non-requeueable deps ti=<TaskInstance: labels_union.build_union scheduled__2025-09-29T00:00:00+00:00 [queued]>
[2025-10-29T18:12:43.431+0000] {taskinstance.py:2076} INFO - Dependencies all met for dep_context=requeueable deps ti=<TaskInstance: labels_union.build_union scheduled__2025-09-29T00:00:00+00:00 [queued]>
[2025-10-29T18:12:43.431+0000] {taskinstance.py:2306} INFO - Starting attempt 1 of 1
[2025-10-29T18:12:43.435+0000] {taskinstance.py:2330} INFO - Executing <Task(PythonOperator): build_union> on 2025-09-29 00:00:00+00:00
[2025-10-29T18:12:43.438+0000] {standard_task_runner.py:90} INFO - Running: ['airflow', 'tasks', 'run', 'labels_union', 'build_union', 'scheduled__2025-09-29T00:00:00+00:00', '--job-id', '152', '--raw', '--subdir', 'DAGS_FOLDER/labels_union.py', '--cfg-path', '/tmp/tmpsmi9sd6m']
[2025-10-29T18:12:43.439+0000] {logging_mixin.py:188} WARNING - /home/airflow/.local/lib/python3.12/site-packages/airflow/task/task_runner/standard_task_runner.py:62 DeprecationWarning: This process (pid=3944) is multi-threaded, use of fork() may lead to deadlocks in the child.
[2025-10-29T18:12:43.439+0000] {standard_task_runner.py:91} INFO - Job 152: Subtask build_union
[2025-10-29T18:12:43.439+0000] {standard_task_runner.py:64} INFO - Started process 3955 to run task
[2025-10-29T18:12:43.450+0000] {task_command.py:426} INFO - Running <TaskInstance: labels_union.build_union scheduled__2025-09-29T00:00:00+00:00 [running]> on host 9a4b1d75930e
[2025-10-29T18:12:43.468+0000] {taskinstance.py:2648} INFO - Exporting env vars: AIRFLOW_CTX_DAG_OWNER='you' AIRFLOW_CTX_DAG_ID='labels_union' AIRFLOW_CTX_TASK_ID='build_union' AIRFLOW_CTX_EXECUTION_DATE='2025-09-29T00:00:00+00:00' AIRFLOW_CTX_TRY_NUMBER='1' AIRFLOW_CTX_DAG_RUN_ID='scheduled__2025-09-29T00:00:00+00:00'
[2025-10-29T18:12:43.469+0000] {taskinstance.py:430} INFO - ::endgroup::
[2025-10-29T18:12:43.494+0000] {logging_mixin.py:188} INFO - [labels_union] 2025-09-29: wrote 3114 rows -> /opt/airflow/silver/labels_union/ingest_date=2025-09-29
[2025-10-29T18:12:43.494+0000] {python.py:237} INFO - Done. Returned value was: None
[2025-10-29T18:12:43.494+0000] {taskinstance.py:441} INFO - ::group::Post task execution logs
[2025-10-29T18:12:43.496+0000] {taskinstance.py:1206} INFO - Marking task as SUCCESS. dag_id=labels_union, task_id=build_union, run_id=scheduled__2025-09-29T00:00:00+00:00, execution_date=20250929T000000, start_date=20251029T181243, end_date=20251029T181243
[2025-10-29T18:12:43.501+0000] {local_task_job_runner.py:243} INFO - Task exited with return code 0
[2025-10-29T18:12:43.505+0000] {taskinstance.py:3503} INFO - 0 downstream tasks scheduled from follow-on schedule check
[2025-10-29T18:12:43.505+0000] {local_task_job_runner.py:222} INFO - ::endgroup::
