[2025-11-04T18:07:56.917+0000] {local_task_job_runner.py:120} INFO - ::group::Pre task execution logs
[2025-11-04T18:07:56.925+0000] {taskinstance.py:2076} INFO - Dependencies all met for dep_context=non-requeueable deps ti=<TaskInstance: openphish_ingest.openphish_fetch_normalize_bronze manual__2025-11-04T18:07:53.632487+00:00 [queued]>
[2025-11-04T18:07:56.926+0000] {taskinstance.py:2076} INFO - Dependencies all met for dep_context=requeueable deps ti=<TaskInstance: openphish_ingest.openphish_fetch_normalize_bronze manual__2025-11-04T18:07:53.632487+00:00 [queued]>
[2025-11-04T18:07:56.926+0000] {taskinstance.py:2306} INFO - Starting attempt 1 of 2
[2025-11-04T18:07:56.930+0000] {taskinstance.py:2330} INFO - Executing <Task(PythonOperator): openphish_fetch_normalize_bronze> on 2025-11-04 18:07:53.632487+00:00
[2025-11-04T18:07:56.933+0000] {warnings.py:112} WARNING - /home/airflow/.local/lib/python3.12/site-packages/airflow/task/task_runner/standard_task_runner.py:62: DeprecationWarning: This process (pid=1504) is multi-threaded, use of fork() may lead to deadlocks in the child.
  pid = os.fork()

[2025-11-04T18:07:56.933+0000] {standard_task_runner.py:64} INFO - Started process 1525 to run task
[2025-11-04T18:07:56.934+0000] {standard_task_runner.py:90} INFO - Running: ['airflow', 'tasks', 'run', 'openphish_ingest', 'openphish_fetch_normalize_bronze', 'manual__2025-11-04T18:07:53.632487+00:00', '--job-id', '5', '--raw', '--subdir', 'DAGS_FOLDER/openphish_ingest.py', '--cfg-path', '/tmp/tmpz6njj6_d']
[2025-11-04T18:07:56.934+0000] {standard_task_runner.py:91} INFO - Job 5: Subtask openphish_fetch_normalize_bronze
[2025-11-04T18:07:56.946+0000] {task_command.py:426} INFO - Running <TaskInstance: openphish_ingest.openphish_fetch_normalize_bronze manual__2025-11-04T18:07:53.632487+00:00 [running]> on host 7e98baed574a
[2025-11-04T18:07:56.965+0000] {taskinstance.py:2648} INFO - Exporting env vars: AIRFLOW_CTX_DAG_OWNER='you' AIRFLOW_CTX_DAG_ID='openphish_ingest' AIRFLOW_CTX_TASK_ID='openphish_fetch_normalize_bronze' AIRFLOW_CTX_EXECUTION_DATE='2025-11-04T18:07:53.632487+00:00' AIRFLOW_CTX_TRY_NUMBER='1' AIRFLOW_CTX_DAG_RUN_ID='manual__2025-11-04T18:07:53.632487+00:00'
[2025-11-04T18:07:56.966+0000] {taskinstance.py:430} INFO - ::endgroup::
[2025-11-04T18:07:57.655+0000] {logging_mixin.py:188} INFO - [openphish_ingest] rows after normalize: 300
[2025-11-04T18:07:57.661+0000] {logging_mixin.py:188} INFO - [openphish] rows after normalize: 300
[2025-11-04T18:07:57.677+0000] {python.py:237} INFO - Done. Returned value was: None
[2025-11-04T18:07:57.677+0000] {taskinstance.py:441} INFO - ::group::Post task execution logs
[2025-11-04T18:07:57.681+0000] {taskinstance.py:1206} INFO - Marking task as SUCCESS. dag_id=openphish_ingest, task_id=openphish_fetch_normalize_bronze, run_id=manual__2025-11-04T18:07:53.632487+00:00, execution_date=20251104T180753, start_date=20251104T180756, end_date=20251104T180757
[2025-11-04T18:07:57.718+0000] {local_task_job_runner.py:243} INFO - Task exited with return code 0
[2025-11-04T18:07:57.724+0000] {taskinstance.py:3503} INFO - 0 downstream tasks scheduled from follow-on schedule check
[2025-11-04T18:07:57.725+0000] {local_task_job_runner.py:222} INFO - ::endgroup::
