[2025-09-24T00:06:41.276+0000] {local_task_job_runner.py:120} INFO - ::group::Pre task execution logs
[2025-09-24T00:06:41.285+0000] {taskinstance.py:2076} INFO - Dependencies all met for dep_context=non-requeueable deps ti=<TaskInstance: urlhaus_silver.urlhaus_bronze_to_silver scheduled__2025-09-23T00:00:00+00:00 [queued]>
[2025-09-24T00:06:41.287+0000] {taskinstance.py:2076} INFO - Dependencies all met for dep_context=requeueable deps ti=<TaskInstance: urlhaus_silver.urlhaus_bronze_to_silver scheduled__2025-09-23T00:00:00+00:00 [queued]>
[2025-09-24T00:06:41.287+0000] {taskinstance.py:2306} INFO - Starting attempt 1 of 1
[2025-09-24T00:06:41.292+0000] {taskinstance.py:2330} INFO - Executing <Task(PythonOperator): urlhaus_bronze_to_silver> on 2025-09-23 00:00:00+00:00
[2025-09-24T00:06:41.296+0000] {logging_mixin.py:188} WARNING - /home/airflow/.local/lib/python3.12/site-packages/airflow/task/task_runner/standard_task_runner.py:62 DeprecationWarning: This process (pid=33178) is multi-threaded, use of fork() may lead to deadlocks in the child.
[2025-09-24T00:06:41.295+0000] {standard_task_runner.py:90} INFO - Running: ['airflow', 'tasks', 'run', 'urlhaus_silver', 'urlhaus_bronze_to_silver', 'scheduled__2025-09-23T00:00:00+00:00', '--job-id', '24', '--raw', '--subdir', 'DAGS_FOLDER/urlhaus_silver.py', '--cfg-path', '/tmp/tmpo06nt848']
[2025-09-24T00:06:41.296+0000] {standard_task_runner.py:91} INFO - Job 24: Subtask urlhaus_bronze_to_silver
[2025-09-24T00:06:41.296+0000] {standard_task_runner.py:64} INFO - Started process 33189 to run task
[2025-09-24T00:06:41.308+0000] {task_command.py:426} INFO - Running <TaskInstance: urlhaus_silver.urlhaus_bronze_to_silver scheduled__2025-09-23T00:00:00+00:00 [running]> on host 539ffd8f219e
[2025-09-24T00:06:41.332+0000] {taskinstance.py:2648} INFO - Exporting env vars: AIRFLOW_CTX_DAG_OWNER='you' AIRFLOW_CTX_DAG_ID='urlhaus_silver' AIRFLOW_CTX_TASK_ID='urlhaus_bronze_to_silver' AIRFLOW_CTX_EXECUTION_DATE='2025-09-23T00:00:00+00:00' AIRFLOW_CTX_TRY_NUMBER='1' AIRFLOW_CTX_DAG_RUN_ID='scheduled__2025-09-23T00:00:00+00:00'
[2025-09-24T00:06:41.332+0000] {taskinstance.py:430} INFO - ::endgroup::
[2025-09-24T00:06:41.399+0000] {logging_mixin.py:188} INFO - [urlhaus_silver] wrote 5635 rows -> /opt/airflow/silver/urlhaus/ingest_date=2025-09-23
[2025-09-24T00:06:41.400+0000] {python.py:237} INFO - Done. Returned value was: None
[2025-09-24T00:06:41.400+0000] {taskinstance.py:441} INFO - ::group::Post task execution logs
[2025-09-24T00:06:41.402+0000] {taskinstance.py:1206} INFO - Marking task as SUCCESS. dag_id=urlhaus_silver, task_id=urlhaus_bronze_to_silver, run_id=scheduled__2025-09-23T00:00:00+00:00, execution_date=20250923T000000, start_date=20250924T000641, end_date=20250924T000641
[2025-09-24T00:06:41.446+0000] {local_task_job_runner.py:243} INFO - Task exited with return code 0
[2025-09-24T00:06:41.450+0000] {taskinstance.py:3503} INFO - 0 downstream tasks scheduled from follow-on schedule check
[2025-09-24T00:06:41.450+0000] {local_task_job_runner.py:222} INFO - ::endgroup::
[2025-10-29T18:11:10.047+0000] {local_task_job_runner.py:120} INFO - ::group::Pre task execution logs
[2025-10-29T18:11:10.055+0000] {taskinstance.py:2076} INFO - Dependencies all met for dep_context=non-requeueable deps ti=<TaskInstance: urlhaus_silver.urlhaus_bronze_to_silver scheduled__2025-09-23T00:00:00+00:00 [queued]>
[2025-10-29T18:11:10.057+0000] {taskinstance.py:2076} INFO - Dependencies all met for dep_context=requeueable deps ti=<TaskInstance: urlhaus_silver.urlhaus_bronze_to_silver scheduled__2025-09-23T00:00:00+00:00 [queued]>
[2025-10-29T18:11:10.057+0000] {taskinstance.py:2306} INFO - Starting attempt 1 of 1
[2025-10-29T18:11:10.061+0000] {taskinstance.py:2330} INFO - Executing <Task(PythonOperator): urlhaus_bronze_to_silver> on 2025-09-23 00:00:00+00:00
[2025-10-29T18:11:10.064+0000] {standard_task_runner.py:90} INFO - Running: ['airflow', 'tasks', 'run', 'urlhaus_silver', 'urlhaus_bronze_to_silver', 'scheduled__2025-09-23T00:00:00+00:00', '--job-id', '115', '--raw', '--subdir', 'DAGS_FOLDER/urlhaus_silver.py', '--cfg-path', '/tmp/tmpiwra87mm']
[2025-10-29T18:11:10.065+0000] {standard_task_runner.py:91} INFO - Job 115: Subtask urlhaus_bronze_to_silver
[2025-10-29T18:11:10.065+0000] {logging_mixin.py:188} WARNING - /home/airflow/.local/lib/python3.12/site-packages/airflow/task/task_runner/standard_task_runner.py:62 DeprecationWarning: This process (pid=3010) is multi-threaded, use of fork() may lead to deadlocks in the child.
[2025-10-29T18:11:10.068+0000] {standard_task_runner.py:64} INFO - Started process 3021 to run task
[2025-10-29T18:11:10.076+0000] {task_command.py:426} INFO - Running <TaskInstance: urlhaus_silver.urlhaus_bronze_to_silver scheduled__2025-09-23T00:00:00+00:00 [running]> on host 9a4b1d75930e
[2025-10-29T18:11:10.094+0000] {taskinstance.py:2648} INFO - Exporting env vars: AIRFLOW_CTX_DAG_OWNER='you' AIRFLOW_CTX_DAG_ID='urlhaus_silver' AIRFLOW_CTX_TASK_ID='urlhaus_bronze_to_silver' AIRFLOW_CTX_EXECUTION_DATE='2025-09-23T00:00:00+00:00' AIRFLOW_CTX_TRY_NUMBER='1' AIRFLOW_CTX_DAG_RUN_ID='scheduled__2025-09-23T00:00:00+00:00'
[2025-10-29T18:11:10.095+0000] {taskinstance.py:430} INFO - ::endgroup::
[2025-10-29T18:11:10.130+0000] {logging_mixin.py:188} INFO - [urlhaus_silver] 2025-09-23: wrote 2908 rows -> /opt/airflow/silver/urlhaus/ingest_date=2025-09-23
[2025-10-29T18:11:10.131+0000] {python.py:237} INFO - Done. Returned value was: None
[2025-10-29T18:11:10.131+0000] {taskinstance.py:441} INFO - ::group::Post task execution logs
[2025-10-29T18:11:10.132+0000] {taskinstance.py:1206} INFO - Marking task as SUCCESS. dag_id=urlhaus_silver, task_id=urlhaus_bronze_to_silver, run_id=scheduled__2025-09-23T00:00:00+00:00, execution_date=20250923T000000, start_date=20251029T181110, end_date=20251029T181110
[2025-10-29T18:11:10.172+0000] {local_task_job_runner.py:243} INFO - Task exited with return code 0
[2025-10-29T18:11:10.177+0000] {taskinstance.py:3503} INFO - 0 downstream tasks scheduled from follow-on schedule check
[2025-10-29T18:11:10.178+0000] {local_task_job_runner.py:222} INFO - ::endgroup::
