[2025-09-23T00:02:18.464+0000] {local_task_job_runner.py:120} INFO - ::group::Pre task execution logs
[2025-09-23T00:02:18.479+0000] {taskinstance.py:2076} INFO - Dependencies all met for dep_context=non-requeueable deps ti=<TaskInstance: openphish_silver.openphish_bronze_to_silver scheduled__2025-09-22T00:00:00+00:00 [queued]>
[2025-09-23T00:02:18.482+0000] {taskinstance.py:2076} INFO - Dependencies all met for dep_context=requeueable deps ti=<TaskInstance: openphish_silver.openphish_bronze_to_silver scheduled__2025-09-22T00:00:00+00:00 [queued]>
[2025-09-23T00:02:18.482+0000] {taskinstance.py:2306} INFO - Starting attempt 1 of 1
[2025-09-23T00:02:18.490+0000] {taskinstance.py:2330} INFO - Executing <Task(PythonOperator): openphish_bronze_to_silver> on 2025-09-22 00:00:00+00:00
[2025-09-23T00:02:18.495+0000] {standard_task_runner.py:90} INFO - Running: ['airflow', 'tasks', 'run', 'openphish_silver', 'openphish_bronze_to_silver', 'scheduled__2025-09-22T00:00:00+00:00', '--job-id', '14', '--raw', '--subdir', 'DAGS_FOLDER/openphish_silver.py', '--cfg-path', '/tmp/tmp79mk5nej']
[2025-09-23T00:02:18.497+0000] {standard_task_runner.py:91} INFO - Job 14: Subtask openphish_bronze_to_silver
[2025-09-23T00:02:18.496+0000] {logging_mixin.py:188} WARNING - /home/airflow/.local/lib/python3.12/site-packages/airflow/task/task_runner/standard_task_runner.py:62 DeprecationWarning: This process (pid=16783) is multi-threaded, use of fork() may lead to deadlocks in the child.
[2025-09-23T00:02:18.501+0000] {standard_task_runner.py:64} INFO - Started process 16794 to run task
[2025-09-23T00:02:18.514+0000] {task_command.py:426} INFO - Running <TaskInstance: openphish_silver.openphish_bronze_to_silver scheduled__2025-09-22T00:00:00+00:00 [running]> on host 539ffd8f219e
[2025-09-23T00:02:18.543+0000] {taskinstance.py:2648} INFO - Exporting env vars: AIRFLOW_CTX_DAG_OWNER='you' AIRFLOW_CTX_DAG_ID='openphish_silver' AIRFLOW_CTX_TASK_ID='openphish_bronze_to_silver' AIRFLOW_CTX_EXECUTION_DATE='2025-09-22T00:00:00+00:00' AIRFLOW_CTX_TRY_NUMBER='1' AIRFLOW_CTX_DAG_RUN_ID='scheduled__2025-09-22T00:00:00+00:00'
[2025-09-23T00:02:18.543+0000] {taskinstance.py:430} INFO - ::endgroup::
[2025-09-23T00:02:18.583+0000] {logging_mixin.py:188} INFO - [openphish_silver] wrote 520 rows -> /opt/airflow/silver/openphish/ingest_date=2025-09-22
[2025-09-23T00:02:18.584+0000] {python.py:237} INFO - Done. Returned value was: None
[2025-09-23T00:02:18.584+0000] {taskinstance.py:441} INFO - ::group::Post task execution logs
[2025-09-23T00:02:18.586+0000] {taskinstance.py:1206} INFO - Marking task as SUCCESS. dag_id=openphish_silver, task_id=openphish_bronze_to_silver, run_id=scheduled__2025-09-22T00:00:00+00:00, execution_date=20250922T000000, start_date=20250923T000218, end_date=20250923T000218
[2025-09-23T00:02:18.604+0000] {local_task_job_runner.py:243} INFO - Task exited with return code 0
[2025-09-23T00:02:18.610+0000] {taskinstance.py:3503} INFO - 0 downstream tasks scheduled from follow-on schedule check
[2025-09-23T00:02:18.610+0000] {local_task_job_runner.py:222} INFO - ::endgroup::
[2025-10-29T18:10:54.273+0000] {local_task_job_runner.py:120} INFO - ::group::Pre task execution logs
[2025-10-29T18:10:54.281+0000] {taskinstance.py:2076} INFO - Dependencies all met for dep_context=non-requeueable deps ti=<TaskInstance: openphish_silver.openphish_bronze_to_silver scheduled__2025-09-22T00:00:00+00:00 [queued]>
[2025-10-29T18:10:54.282+0000] {taskinstance.py:2076} INFO - Dependencies all met for dep_context=requeueable deps ti=<TaskInstance: openphish_silver.openphish_bronze_to_silver scheduled__2025-09-22T00:00:00+00:00 [queued]>
[2025-10-29T18:10:54.282+0000] {taskinstance.py:2306} INFO - Starting attempt 1 of 1
[2025-10-29T18:10:54.287+0000] {taskinstance.py:2330} INFO - Executing <Task(PythonOperator): openphish_bronze_to_silver> on 2025-09-22 00:00:00+00:00
[2025-10-29T18:10:54.289+0000] {standard_task_runner.py:90} INFO - Running: ['airflow', 'tasks', 'run', 'openphish_silver', 'openphish_bronze_to_silver', 'scheduled__2025-09-22T00:00:00+00:00', '--job-id', '108', '--raw', '--subdir', 'DAGS_FOLDER/openphish_silver.py', '--cfg-path', '/tmp/tmpciezrmoh']
[2025-10-29T18:10:54.290+0000] {standard_task_runner.py:91} INFO - Job 108: Subtask openphish_bronze_to_silver
[2025-10-29T18:10:54.290+0000] {logging_mixin.py:188} WARNING - /home/airflow/.local/lib/python3.12/site-packages/airflow/task/task_runner/standard_task_runner.py:62 DeprecationWarning: This process (pid=2853) is multi-threaded, use of fork() may lead to deadlocks in the child.
[2025-10-29T18:10:54.293+0000] {standard_task_runner.py:64} INFO - Started process 2864 to run task
[2025-10-29T18:10:54.301+0000] {task_command.py:426} INFO - Running <TaskInstance: openphish_silver.openphish_bronze_to_silver scheduled__2025-09-22T00:00:00+00:00 [running]> on host 9a4b1d75930e
[2025-10-29T18:10:54.319+0000] {taskinstance.py:2648} INFO - Exporting env vars: AIRFLOW_CTX_DAG_OWNER='you' AIRFLOW_CTX_DAG_ID='openphish_silver' AIRFLOW_CTX_TASK_ID='openphish_bronze_to_silver' AIRFLOW_CTX_EXECUTION_DATE='2025-09-22T00:00:00+00:00' AIRFLOW_CTX_TRY_NUMBER='1' AIRFLOW_CTX_DAG_RUN_ID='scheduled__2025-09-22T00:00:00+00:00'
[2025-10-29T18:10:54.319+0000] {taskinstance.py:430} INFO - ::endgroup::
[2025-10-29T18:10:54.338+0000] {logging_mixin.py:188} INFO - [openphish_silver] 2025-09-22: wrote 206 rows -> /opt/airflow/silver/openphish/ingest_date=2025-09-22
[2025-10-29T18:10:54.338+0000] {python.py:237} INFO - Done. Returned value was: None
[2025-10-29T18:10:54.338+0000] {taskinstance.py:441} INFO - ::group::Post task execution logs
[2025-10-29T18:10:54.339+0000] {taskinstance.py:1206} INFO - Marking task as SUCCESS. dag_id=openphish_silver, task_id=openphish_bronze_to_silver, run_id=scheduled__2025-09-22T00:00:00+00:00, execution_date=20250922T000000, start_date=20251029T181054, end_date=20251029T181054
[2025-10-29T18:10:54.349+0000] {local_task_job_runner.py:243} INFO - Task exited with return code 0
[2025-10-29T18:10:54.353+0000] {taskinstance.py:3503} INFO - 0 downstream tasks scheduled from follow-on schedule check
[2025-10-29T18:10:54.353+0000] {local_task_job_runner.py:222} INFO - ::endgroup::
