[2025-10-06T00:17:47.205+0000] {local_task_job_runner.py:120} INFO - ::group::Pre task execution logs
[2025-10-06T00:17:47.214+0000] {taskinstance.py:2076} INFO - Dependencies all met for dep_context=non-requeueable deps ti=<TaskInstance: labels_union.build_union scheduled__2025-10-05T00:00:00+00:00 [queued]>
[2025-10-06T00:17:47.216+0000] {taskinstance.py:2076} INFO - Dependencies all met for dep_context=requeueable deps ti=<TaskInstance: labels_union.build_union scheduled__2025-10-05T00:00:00+00:00 [queued]>
[2025-10-06T00:17:47.217+0000] {taskinstance.py:2306} INFO - Starting attempt 1 of 1
[2025-10-06T00:17:47.221+0000] {taskinstance.py:2330} INFO - Executing <Task(PythonOperator): build_union> on 2025-10-05 00:00:00+00:00
[2025-10-06T00:17:47.224+0000] {standard_task_runner.py:90} INFO - Running: ['airflow', 'tasks', 'run', 'labels_union', 'build_union', 'scheduled__2025-10-05T00:00:00+00:00', '--job-id', '102', '--raw', '--subdir', 'DAGS_FOLDER/labels_union.py', '--cfg-path', '/tmp/tmpw2holo86']
[2025-10-06T00:17:47.225+0000] {standard_task_runner.py:91} INFO - Job 102: Subtask build_union
[2025-10-06T00:17:47.225+0000] {logging_mixin.py:188} WARNING - /home/airflow/.local/lib/python3.12/site-packages/airflow/task/task_runner/standard_task_runner.py:62 DeprecationWarning: This process (pid=88050) is multi-threaded, use of fork() may lead to deadlocks in the child.
[2025-10-06T00:17:47.228+0000] {standard_task_runner.py:64} INFO - Started process 88061 to run task
[2025-10-06T00:17:47.237+0000] {task_command.py:426} INFO - Running <TaskInstance: labels_union.build_union scheduled__2025-10-05T00:00:00+00:00 [running]> on host 539ffd8f219e
[2025-10-06T00:17:47.256+0000] {taskinstance.py:2648} INFO - Exporting env vars: AIRFLOW_CTX_DAG_OWNER='you' AIRFLOW_CTX_DAG_ID='labels_union' AIRFLOW_CTX_TASK_ID='build_union' AIRFLOW_CTX_EXECUTION_DATE='2025-10-05T00:00:00+00:00' AIRFLOW_CTX_TRY_NUMBER='1' AIRFLOW_CTX_DAG_RUN_ID='scheduled__2025-10-05T00:00:00+00:00'
[2025-10-06T00:17:47.257+0000] {taskinstance.py:430} INFO - ::endgroup::
[2025-10-06T00:17:47.288+0000] {logging_mixin.py:188} INFO - [labels_union] wrote 6328 rows -> /opt/airflow/silver/labels_union/ingest_date=2025-10-05
[2025-10-06T00:17:47.289+0000] {python.py:237} INFO - Done. Returned value was: None
[2025-10-06T00:17:47.289+0000] {taskinstance.py:441} INFO - ::group::Post task execution logs
[2025-10-06T00:17:47.290+0000] {taskinstance.py:1206} INFO - Marking task as SUCCESS. dag_id=labels_union, task_id=build_union, run_id=scheduled__2025-10-05T00:00:00+00:00, execution_date=20251005T000000, start_date=20251006T001747, end_date=20251006T001747
[2025-10-06T00:17:47.337+0000] {local_task_job_runner.py:243} INFO - Task exited with return code 0
[2025-10-06T00:17:47.342+0000] {taskinstance.py:3503} INFO - 0 downstream tasks scheduled from follow-on schedule check
[2025-10-06T00:17:47.343+0000] {local_task_job_runner.py:222} INFO - ::endgroup::
[2025-10-29T18:13:51.983+0000] {local_task_job_runner.py:120} INFO - ::group::Pre task execution logs
[2025-10-29T18:13:51.991+0000] {taskinstance.py:2076} INFO - Dependencies all met for dep_context=non-requeueable deps ti=<TaskInstance: labels_union.build_union scheduled__2025-10-05T00:00:00+00:00 [queued]>
[2025-10-29T18:13:51.993+0000] {taskinstance.py:2076} INFO - Dependencies all met for dep_context=requeueable deps ti=<TaskInstance: labels_union.build_union scheduled__2025-10-05T00:00:00+00:00 [queued]>
[2025-10-29T18:13:51.993+0000] {taskinstance.py:2306} INFO - Starting attempt 1 of 1
[2025-10-29T18:13:51.998+0000] {taskinstance.py:2330} INFO - Executing <Task(PythonOperator): build_union> on 2025-10-05 00:00:00+00:00
[2025-10-29T18:13:52.000+0000] {standard_task_runner.py:90} INFO - Running: ['airflow', 'tasks', 'run', 'labels_union', 'build_union', 'scheduled__2025-10-05T00:00:00+00:00', '--job-id', '182', '--raw', '--subdir', 'DAGS_FOLDER/labels_union.py', '--cfg-path', '/tmp/tmpaam9s7v3']
[2025-10-29T18:13:52.001+0000] {standard_task_runner.py:91} INFO - Job 182: Subtask build_union
[2025-10-29T18:13:52.001+0000] {logging_mixin.py:188} WARNING - /home/airflow/.local/lib/python3.12/site-packages/airflow/task/task_runner/standard_task_runner.py:62 DeprecationWarning: This process (pid=4685) is multi-threaded, use of fork() may lead to deadlocks in the child.
[2025-10-29T18:13:52.004+0000] {standard_task_runner.py:64} INFO - Started process 4696 to run task
[2025-10-29T18:13:52.012+0000] {task_command.py:426} INFO - Running <TaskInstance: labels_union.build_union scheduled__2025-10-05T00:00:00+00:00 [running]> on host 9a4b1d75930e
[2025-10-29T18:13:52.031+0000] {taskinstance.py:2648} INFO - Exporting env vars: AIRFLOW_CTX_DAG_OWNER='you' AIRFLOW_CTX_DAG_ID='labels_union' AIRFLOW_CTX_TASK_ID='build_union' AIRFLOW_CTX_EXECUTION_DATE='2025-10-05T00:00:00+00:00' AIRFLOW_CTX_TRY_NUMBER='1' AIRFLOW_CTX_DAG_RUN_ID='scheduled__2025-10-05T00:00:00+00:00'
[2025-10-29T18:13:52.031+0000] {taskinstance.py:430} INFO - ::endgroup::
[2025-10-29T18:13:52.056+0000] {logging_mixin.py:188} INFO - [labels_union] 2025-10-05: wrote 3114 rows -> /opt/airflow/silver/labels_union/ingest_date=2025-10-05
[2025-10-29T18:13:52.056+0000] {python.py:237} INFO - Done. Returned value was: None
[2025-10-29T18:13:52.056+0000] {taskinstance.py:441} INFO - ::group::Post task execution logs
[2025-10-29T18:13:52.058+0000] {taskinstance.py:1206} INFO - Marking task as SUCCESS. dag_id=labels_union, task_id=build_union, run_id=scheduled__2025-10-05T00:00:00+00:00, execution_date=20251005T000000, start_date=20251029T181351, end_date=20251029T181352
[2025-10-29T18:13:52.106+0000] {local_task_job_runner.py:243} INFO - Task exited with return code 0
[2025-10-29T18:13:52.110+0000] {taskinstance.py:3503} INFO - 0 downstream tasks scheduled from follow-on schedule check
[2025-10-29T18:13:52.111+0000] {local_task_job_runner.py:222} INFO - ::endgroup::
