[2025-10-01T00:04:11.038+0000] {local_task_job_runner.py:120} INFO - ::group::Pre task execution logs
[2025-10-01T00:04:11.065+0000] {taskinstance.py:2076} INFO - Dependencies all met for dep_context=non-requeueable deps ti=<TaskInstance: openphish_silver.openphish_bronze_to_silver scheduled__2025-09-30T00:00:00+00:00 [queued]>
[2025-10-01T00:04:11.067+0000] {taskinstance.py:2076} INFO - Dependencies all met for dep_context=requeueable deps ti=<TaskInstance: openphish_silver.openphish_bronze_to_silver scheduled__2025-09-30T00:00:00+00:00 [queued]>
[2025-10-01T00:04:11.068+0000] {taskinstance.py:2306} INFO - Starting attempt 1 of 1
[2025-10-01T00:04:11.094+0000] {taskinstance.py:2330} INFO - Executing <Task(PythonOperator): openphish_bronze_to_silver> on 2025-09-30 00:00:00+00:00
[2025-10-01T00:04:11.102+0000] {logging_mixin.py:188} WARNING - /home/airflow/.local/lib/python3.12/site-packages/airflow/task/task_runner/standard_task_runner.py:62 DeprecationWarning: This process (pid=92237) is multi-threaded, use of fork() may lead to deadlocks in the child.
[2025-10-01T00:04:11.102+0000] {standard_task_runner.py:64} INFO - Started process 92248 to run task
[2025-10-01T00:04:11.102+0000] {standard_task_runner.py:90} INFO - Running: ['airflow', 'tasks', 'run', 'openphish_silver', 'openphish_bronze_to_silver', 'scheduled__2025-09-30T00:00:00+00:00', '--job-id', '67', '--raw', '--subdir', 'DAGS_FOLDER/openphish_silver.py', '--cfg-path', '/tmp/tmpvqd9pxxk']
[2025-10-01T00:04:11.105+0000] {standard_task_runner.py:91} INFO - Job 67: Subtask openphish_bronze_to_silver
[2025-10-01T00:04:11.128+0000] {task_command.py:426} INFO - Running <TaskInstance: openphish_silver.openphish_bronze_to_silver scheduled__2025-09-30T00:00:00+00:00 [running]> on host 539ffd8f219e
[2025-10-01T00:04:11.182+0000] {taskinstance.py:2648} INFO - Exporting env vars: AIRFLOW_CTX_DAG_OWNER='you' AIRFLOW_CTX_DAG_ID='openphish_silver' AIRFLOW_CTX_TASK_ID='openphish_bronze_to_silver' AIRFLOW_CTX_EXECUTION_DATE='2025-09-30T00:00:00+00:00' AIRFLOW_CTX_TRY_NUMBER='1' AIRFLOW_CTX_DAG_RUN_ID='scheduled__2025-09-30T00:00:00+00:00'
[2025-10-01T00:04:11.183+0000] {taskinstance.py:430} INFO - ::endgroup::
[2025-10-01T00:04:11.249+0000] {logging_mixin.py:188} INFO - [openphish_silver] wrote 506 rows -> /opt/airflow/silver/openphish/ingest_date=2025-09-30
[2025-10-01T00:04:11.249+0000] {python.py:237} INFO - Done. Returned value was: None
[2025-10-01T00:04:11.250+0000] {taskinstance.py:441} INFO - ::group::Post task execution logs
[2025-10-01T00:04:11.251+0000] {taskinstance.py:1206} INFO - Marking task as SUCCESS. dag_id=openphish_silver, task_id=openphish_bronze_to_silver, run_id=scheduled__2025-09-30T00:00:00+00:00, execution_date=20250930T000000, start_date=20251001T000411, end_date=20251001T000411
[2025-10-01T00:04:11.294+0000] {local_task_job_runner.py:243} INFO - Task exited with return code 0
[2025-10-01T00:04:11.321+0000] {taskinstance.py:3503} INFO - 0 downstream tasks scheduled from follow-on schedule check
[2025-10-01T00:04:11.322+0000] {local_task_job_runner.py:222} INFO - ::endgroup::
[2025-10-29T18:12:31.125+0000] {local_task_job_runner.py:120} INFO - ::group::Pre task execution logs
[2025-10-29T18:12:31.134+0000] {taskinstance.py:2076} INFO - Dependencies all met for dep_context=non-requeueable deps ti=<TaskInstance: openphish_silver.openphish_bronze_to_silver scheduled__2025-09-30T00:00:00+00:00 [queued]>
[2025-10-29T18:12:31.136+0000] {taskinstance.py:2076} INFO - Dependencies all met for dep_context=requeueable deps ti=<TaskInstance: openphish_silver.openphish_bronze_to_silver scheduled__2025-09-30T00:00:00+00:00 [queued]>
[2025-10-29T18:12:31.136+0000] {taskinstance.py:2306} INFO - Starting attempt 1 of 1
[2025-10-29T18:12:31.140+0000] {taskinstance.py:2330} INFO - Executing <Task(PythonOperator): openphish_bronze_to_silver> on 2025-09-30 00:00:00+00:00
[2025-10-29T18:12:31.143+0000] {standard_task_runner.py:90} INFO - Running: ['airflow', 'tasks', 'run', 'openphish_silver', 'openphish_bronze_to_silver', 'scheduled__2025-09-30T00:00:00+00:00', '--job-id', '148', '--raw', '--subdir', 'DAGS_FOLDER/openphish_silver.py', '--cfg-path', '/tmp/tmpjjmt2aum']
[2025-10-29T18:12:31.144+0000] {standard_task_runner.py:91} INFO - Job 148: Subtask openphish_bronze_to_silver
[2025-10-29T18:12:31.144+0000] {logging_mixin.py:188} WARNING - /home/airflow/.local/lib/python3.12/site-packages/airflow/task/task_runner/standard_task_runner.py:62 DeprecationWarning: This process (pid=3829) is multi-threaded, use of fork() may lead to deadlocks in the child.
[2025-10-29T18:12:31.147+0000] {standard_task_runner.py:64} INFO - Started process 3840 to run task
[2025-10-29T18:12:31.156+0000] {task_command.py:426} INFO - Running <TaskInstance: openphish_silver.openphish_bronze_to_silver scheduled__2025-09-30T00:00:00+00:00 [running]> on host 9a4b1d75930e
[2025-10-29T18:12:31.190+0000] {taskinstance.py:2648} INFO - Exporting env vars: AIRFLOW_CTX_DAG_OWNER='you' AIRFLOW_CTX_DAG_ID='openphish_silver' AIRFLOW_CTX_TASK_ID='openphish_bronze_to_silver' AIRFLOW_CTX_EXECUTION_DATE='2025-09-30T00:00:00+00:00' AIRFLOW_CTX_TRY_NUMBER='1' AIRFLOW_CTX_DAG_RUN_ID='scheduled__2025-09-30T00:00:00+00:00'
[2025-10-29T18:12:31.191+0000] {taskinstance.py:430} INFO - ::endgroup::
[2025-10-29T18:12:31.236+0000] {logging_mixin.py:188} INFO - [openphish_silver] 2025-09-30: wrote 206 rows -> /opt/airflow/silver/openphish/ingest_date=2025-09-30
[2025-10-29T18:12:31.237+0000] {python.py:237} INFO - Done. Returned value was: None
[2025-10-29T18:12:31.237+0000] {taskinstance.py:441} INFO - ::group::Post task execution logs
[2025-10-29T18:12:31.239+0000] {taskinstance.py:1206} INFO - Marking task as SUCCESS. dag_id=openphish_silver, task_id=openphish_bronze_to_silver, run_id=scheduled__2025-09-30T00:00:00+00:00, execution_date=20250930T000000, start_date=20251029T181231, end_date=20251029T181231
[2025-10-29T18:12:31.250+0000] {local_task_job_runner.py:243} INFO - Task exited with return code 0
[2025-10-29T18:12:31.260+0000] {taskinstance.py:3503} INFO - 0 downstream tasks scheduled from follow-on schedule check
[2025-10-29T18:12:31.260+0000] {local_task_job_runner.py:222} INFO - ::endgroup::
