[2025-11-03T22:59:32.492+0000] {processor.py:161} INFO - Started process (PID=416) to work on /opt/airflow/dags/misp_ingest.py
[2025-11-03T22:59:32.492+0000] {processor.py:830} INFO - Processing file /opt/airflow/dags/misp_ingest.py for tasks to queue
[2025-11-03T22:59:32.493+0000] {logging_mixin.py:188} INFO - [2025-11-03T22:59:32.493+0000] {dagbag.py:545} INFO - Filling up the DagBag from /opt/airflow/dags/misp_ingest.py
[2025-11-03T22:59:32.651+0000] {processor.py:840} INFO - DAG(s) 'misp_ingest' retrieved from /opt/airflow/dags/misp_ingest.py
[2025-11-03T22:59:32.840+0000] {logging_mixin.py:188} INFO - [2025-11-03T22:59:32.839+0000] {override.py:1858} INFO - Created Permission View: can edit on DAG:misp_ingest
[2025-11-03T22:59:32.843+0000] {logging_mixin.py:188} INFO - [2025-11-03T22:59:32.843+0000] {override.py:1858} INFO - Created Permission View: can read on DAG:misp_ingest
[2025-11-03T22:59:32.845+0000] {logging_mixin.py:188} INFO - [2025-11-03T22:59:32.845+0000] {override.py:1858} INFO - Created Permission View: can delete on DAG:misp_ingest
[2025-11-03T22:59:32.845+0000] {logging_mixin.py:188} INFO - [2025-11-03T22:59:32.845+0000] {dag.py:3089} INFO - Sync 1 DAGs
[2025-11-03T22:59:32.848+0000] {logging_mixin.py:188} INFO - [2025-11-03T22:59:32.848+0000] {dag.py:3111} INFO - Creating ORM DAG for misp_ingest
[2025-11-03T22:59:32.854+0000] {logging_mixin.py:188} INFO - [2025-11-03T22:59:32.854+0000] {dag.py:3947} INFO - Setting next_dagrun for misp_ingest to 2025-11-02 00:00:00+00:00, run_after=2025-11-03 00:00:00+00:00
[2025-11-03T22:59:32.860+0000] {processor.py:183} INFO - Processing /opt/airflow/dags/misp_ingest.py took 0.372 seconds
[2025-11-03T22:59:57.648+0000] {processor.py:161} INFO - Started process (PID=84) to work on /opt/airflow/dags/misp_ingest.py
[2025-11-03T22:59:57.648+0000] {processor.py:830} INFO - Processing file /opt/airflow/dags/misp_ingest.py for tasks to queue
[2025-11-03T22:59:57.649+0000] {logging_mixin.py:188} INFO - [2025-11-03T22:59:57.649+0000] {dagbag.py:545} INFO - Filling up the DagBag from /opt/airflow/dags/misp_ingest.py
[2025-11-03T22:59:58.296+0000] {processor.py:840} INFO - DAG(s) 'misp_ingest' retrieved from /opt/airflow/dags/misp_ingest.py
[2025-11-03T22:59:58.425+0000] {logging_mixin.py:188} INFO - [2025-11-03T22:59:58.424+0000] {override.py:1858} INFO - Created Permission View: can read on DAG:misp_ingest
[2025-11-03T22:59:58.429+0000] {logging_mixin.py:188} INFO - [2025-11-03T22:59:58.429+0000] {override.py:1858} INFO - Created Permission View: can edit on DAG:misp_ingest
[2025-11-03T22:59:58.432+0000] {logging_mixin.py:188} INFO - [2025-11-03T22:59:58.432+0000] {override.py:1858} INFO - Created Permission View: can delete on DAG:misp_ingest
[2025-11-03T22:59:58.432+0000] {logging_mixin.py:188} INFO - [2025-11-03T22:59:58.432+0000] {dag.py:3089} INFO - Sync 1 DAGs
[2025-11-03T22:59:58.436+0000] {logging_mixin.py:188} INFO - [2025-11-03T22:59:58.435+0000] {dag.py:3111} INFO - Creating ORM DAG for misp_ingest
[2025-11-03T22:59:58.439+0000] {logging_mixin.py:188} INFO - [2025-11-03T22:59:58.438+0000] {dag.py:3947} INFO - Setting next_dagrun for misp_ingest to 2025-11-02 00:00:00+00:00, run_after=2025-11-03 00:00:00+00:00
[2025-11-03T22:59:58.445+0000] {processor.py:183} INFO - Processing /opt/airflow/dags/misp_ingest.py took 0.800 seconds
[2025-11-03T23:00:28.860+0000] {processor.py:161} INFO - Started process (PID=139) to work on /opt/airflow/dags/misp_ingest.py
[2025-11-03T23:00:28.861+0000] {processor.py:830} INFO - Processing file /opt/airflow/dags/misp_ingest.py for tasks to queue
[2025-11-03T23:00:28.862+0000] {logging_mixin.py:188} INFO - [2025-11-03T23:00:28.862+0000] {dagbag.py:545} INFO - Filling up the DagBag from /opt/airflow/dags/misp_ingest.py
[2025-11-03T23:00:29.023+0000] {processor.py:840} INFO - DAG(s) 'misp_ingest' retrieved from /opt/airflow/dags/misp_ingest.py
[2025-11-03T23:00:29.036+0000] {logging_mixin.py:188} INFO - [2025-11-03T23:00:29.036+0000] {dag.py:3089} INFO - Sync 1 DAGs
[2025-11-03T23:00:29.148+0000] {logging_mixin.py:188} INFO - [2025-11-03T23:00:29.148+0000] {dag.py:3947} INFO - Setting next_dagrun for misp_ingest to 2025-11-02 00:00:00+00:00, run_after=2025-11-03 00:00:00+00:00
[2025-11-03T23:00:29.157+0000] {processor.py:183} INFO - Processing /opt/airflow/dags/misp_ingest.py took 0.309 seconds
[2025-11-03T23:00:59.813+0000] {processor.py:161} INFO - Started process (PID=196) to work on /opt/airflow/dags/misp_ingest.py
[2025-11-03T23:00:59.814+0000] {processor.py:830} INFO - Processing file /opt/airflow/dags/misp_ingest.py for tasks to queue
[2025-11-03T23:00:59.815+0000] {logging_mixin.py:188} INFO - [2025-11-03T23:00:59.815+0000] {dagbag.py:545} INFO - Filling up the DagBag from /opt/airflow/dags/misp_ingest.py
[2025-11-03T23:00:59.996+0000] {processor.py:840} INFO - DAG(s) 'misp_ingest' retrieved from /opt/airflow/dags/misp_ingest.py
[2025-11-03T23:01:00.121+0000] {logging_mixin.py:188} INFO - [2025-11-03T23:01:00.121+0000] {dag.py:3089} INFO - Sync 1 DAGs
[2025-11-03T23:01:00.128+0000] {logging_mixin.py:188} INFO - [2025-11-03T23:01:00.128+0000] {dag.py:3947} INFO - Setting next_dagrun for misp_ingest to 2025-11-03 00:00:00+00:00, run_after=2025-11-04 00:00:00+00:00
[2025-11-03T23:01:00.135+0000] {processor.py:183} INFO - Processing /opt/airflow/dags/misp_ingest.py took 0.328 seconds
[2025-11-03T23:01:30.433+0000] {processor.py:161} INFO - Started process (PID=229) to work on /opt/airflow/dags/misp_ingest.py
[2025-11-03T23:01:30.434+0000] {processor.py:830} INFO - Processing file /opt/airflow/dags/misp_ingest.py for tasks to queue
[2025-11-03T23:01:30.435+0000] {logging_mixin.py:188} INFO - [2025-11-03T23:01:30.435+0000] {dagbag.py:545} INFO - Filling up the DagBag from /opt/airflow/dags/misp_ingest.py
[2025-11-03T23:01:30.563+0000] {processor.py:840} INFO - DAG(s) 'misp_ingest' retrieved from /opt/airflow/dags/misp_ingest.py
[2025-11-03T23:01:30.671+0000] {logging_mixin.py:188} INFO - [2025-11-03T23:01:30.670+0000] {dag.py:3089} INFO - Sync 1 DAGs
[2025-11-03T23:01:30.676+0000] {logging_mixin.py:188} INFO - [2025-11-03T23:01:30.676+0000] {dag.py:3947} INFO - Setting next_dagrun for misp_ingest to 2025-11-03 00:00:00+00:00, run_after=2025-11-04 00:00:00+00:00
[2025-11-03T23:01:30.684+0000] {processor.py:183} INFO - Processing /opt/airflow/dags/misp_ingest.py took 0.253 seconds
[2025-11-03T23:02:00.973+0000] {processor.py:161} INFO - Started process (PID=262) to work on /opt/airflow/dags/misp_ingest.py
[2025-11-03T23:02:00.974+0000] {processor.py:830} INFO - Processing file /opt/airflow/dags/misp_ingest.py for tasks to queue
[2025-11-03T23:02:00.976+0000] {logging_mixin.py:188} INFO - [2025-11-03T23:02:00.976+0000] {dagbag.py:545} INFO - Filling up the DagBag from /opt/airflow/dags/misp_ingest.py
[2025-11-03T23:02:01.220+0000] {processor.py:840} INFO - DAG(s) 'misp_ingest' retrieved from /opt/airflow/dags/misp_ingest.py
[2025-11-03T23:02:01.228+0000] {logging_mixin.py:188} INFO - [2025-11-03T23:02:01.227+0000] {dag.py:3089} INFO - Sync 1 DAGs
[2025-11-03T23:02:01.233+0000] {logging_mixin.py:188} INFO - [2025-11-03T23:02:01.233+0000] {dag.py:3947} INFO - Setting next_dagrun for misp_ingest to 2025-11-03 00:00:00+00:00, run_after=2025-11-04 00:00:00+00:00
[2025-11-03T23:02:01.240+0000] {processor.py:183} INFO - Processing /opt/airflow/dags/misp_ingest.py took 0.272 seconds
[2025-11-03T23:02:31.339+0000] {processor.py:161} INFO - Started process (PID=295) to work on /opt/airflow/dags/misp_ingest.py
[2025-11-03T23:02:31.340+0000] {processor.py:830} INFO - Processing file /opt/airflow/dags/misp_ingest.py for tasks to queue
[2025-11-03T23:02:31.340+0000] {logging_mixin.py:188} INFO - [2025-11-03T23:02:31.340+0000] {dagbag.py:545} INFO - Filling up the DagBag from /opt/airflow/dags/misp_ingest.py
[2025-11-03T23:02:31.621+0000] {processor.py:840} INFO - DAG(s) 'misp_ingest' retrieved from /opt/airflow/dags/misp_ingest.py
[2025-11-03T23:02:31.628+0000] {logging_mixin.py:188} INFO - [2025-11-03T23:02:31.627+0000] {dag.py:3089} INFO - Sync 1 DAGs
[2025-11-03T23:02:31.635+0000] {logging_mixin.py:188} INFO - [2025-11-03T23:02:31.635+0000] {dag.py:3947} INFO - Setting next_dagrun for misp_ingest to 2025-11-03 00:00:00+00:00, run_after=2025-11-04 00:00:00+00:00
[2025-11-03T23:02:31.642+0000] {processor.py:183} INFO - Processing /opt/airflow/dags/misp_ingest.py took 0.308 seconds
[2025-11-03T23:03:02.761+0000] {processor.py:161} INFO - Started process (PID=328) to work on /opt/airflow/dags/misp_ingest.py
[2025-11-03T23:03:02.762+0000] {processor.py:830} INFO - Processing file /opt/airflow/dags/misp_ingest.py for tasks to queue
[2025-11-03T23:03:02.764+0000] {logging_mixin.py:188} INFO - [2025-11-03T23:03:02.764+0000] {dagbag.py:545} INFO - Filling up the DagBag from /opt/airflow/dags/misp_ingest.py
[2025-11-03T23:03:03.049+0000] {processor.py:840} INFO - DAG(s) 'misp_ingest' retrieved from /opt/airflow/dags/misp_ingest.py
[2025-11-03T23:03:03.056+0000] {logging_mixin.py:188} INFO - [2025-11-03T23:03:03.055+0000] {dag.py:3089} INFO - Sync 1 DAGs
[2025-11-03T23:03:03.062+0000] {logging_mixin.py:188} INFO - [2025-11-03T23:03:03.062+0000] {dag.py:3947} INFO - Setting next_dagrun for misp_ingest to 2025-11-03 00:00:00+00:00, run_after=2025-11-04 00:00:00+00:00
[2025-11-03T23:03:03.069+0000] {processor.py:183} INFO - Processing /opt/airflow/dags/misp_ingest.py took 0.313 seconds
[2025-11-03T23:03:33.381+0000] {processor.py:161} INFO - Started process (PID=361) to work on /opt/airflow/dags/misp_ingest.py
[2025-11-03T23:03:33.383+0000] {processor.py:830} INFO - Processing file /opt/airflow/dags/misp_ingest.py for tasks to queue
[2025-11-03T23:03:33.386+0000] {logging_mixin.py:188} INFO - [2025-11-03T23:03:33.385+0000] {dagbag.py:545} INFO - Filling up the DagBag from /opt/airflow/dags/misp_ingest.py
[2025-11-03T23:03:33.677+0000] {processor.py:840} INFO - DAG(s) 'misp_ingest' retrieved from /opt/airflow/dags/misp_ingest.py
[2025-11-03T23:03:33.684+0000] {logging_mixin.py:188} INFO - [2025-11-03T23:03:33.684+0000] {dag.py:3089} INFO - Sync 1 DAGs
[2025-11-03T23:03:33.690+0000] {logging_mixin.py:188} INFO - [2025-11-03T23:03:33.690+0000] {dag.py:3947} INFO - Setting next_dagrun for misp_ingest to 2025-11-03 00:00:00+00:00, run_after=2025-11-04 00:00:00+00:00
[2025-11-03T23:03:33.697+0000] {processor.py:183} INFO - Processing /opt/airflow/dags/misp_ingest.py took 0.325 seconds
[2025-11-03T23:04:04.805+0000] {processor.py:161} INFO - Started process (PID=394) to work on /opt/airflow/dags/misp_ingest.py
[2025-11-03T23:04:04.806+0000] {processor.py:830} INFO - Processing file /opt/airflow/dags/misp_ingest.py for tasks to queue
[2025-11-03T23:04:04.806+0000] {logging_mixin.py:188} INFO - [2025-11-03T23:04:04.806+0000] {dagbag.py:545} INFO - Filling up the DagBag from /opt/airflow/dags/misp_ingest.py
[2025-11-03T23:04:04.972+0000] {processor.py:840} INFO - DAG(s) 'misp_ingest' retrieved from /opt/airflow/dags/misp_ingest.py
[2025-11-03T23:04:04.978+0000] {logging_mixin.py:188} INFO - [2025-11-03T23:04:04.978+0000] {dag.py:3089} INFO - Sync 1 DAGs
[2025-11-03T23:04:04.983+0000] {logging_mixin.py:188} INFO - [2025-11-03T23:04:04.983+0000] {dag.py:3947} INFO - Setting next_dagrun for misp_ingest to 2025-11-03 00:00:00+00:00, run_after=2025-11-04 00:00:00+00:00
[2025-11-03T23:04:04.990+0000] {processor.py:183} INFO - Processing /opt/airflow/dags/misp_ingest.py took 0.190 seconds
[2025-11-03T23:04:35.372+0000] {processor.py:161} INFO - Started process (PID=427) to work on /opt/airflow/dags/misp_ingest.py
[2025-11-03T23:04:35.374+0000] {processor.py:830} INFO - Processing file /opt/airflow/dags/misp_ingest.py for tasks to queue
[2025-11-03T23:04:35.376+0000] {logging_mixin.py:188} INFO - [2025-11-03T23:04:35.375+0000] {dagbag.py:545} INFO - Filling up the DagBag from /opt/airflow/dags/misp_ingest.py
[2025-11-03T23:04:35.549+0000] {processor.py:840} INFO - DAG(s) 'misp_ingest' retrieved from /opt/airflow/dags/misp_ingest.py
[2025-11-03T23:04:35.719+0000] {logging_mixin.py:188} INFO - [2025-11-03T23:04:35.719+0000] {dag.py:3089} INFO - Sync 1 DAGs
[2025-11-03T23:04:35.724+0000] {logging_mixin.py:188} INFO - [2025-11-03T23:04:35.724+0000] {dag.py:3947} INFO - Setting next_dagrun for misp_ingest to 2025-11-03 00:00:00+00:00, run_after=2025-11-04 00:00:00+00:00
[2025-11-03T23:04:35.731+0000] {processor.py:183} INFO - Processing /opt/airflow/dags/misp_ingest.py took 0.363 seconds
[2025-11-03T23:05:06.820+0000] {processor.py:161} INFO - Started process (PID=460) to work on /opt/airflow/dags/misp_ingest.py
[2025-11-03T23:05:06.821+0000] {processor.py:830} INFO - Processing file /opt/airflow/dags/misp_ingest.py for tasks to queue
[2025-11-03T23:05:06.822+0000] {logging_mixin.py:188} INFO - [2025-11-03T23:05:06.822+0000] {dagbag.py:545} INFO - Filling up the DagBag from /opt/airflow/dags/misp_ingest.py
[2025-11-03T23:05:06.996+0000] {processor.py:840} INFO - DAG(s) 'misp_ingest' retrieved from /opt/airflow/dags/misp_ingest.py
[2025-11-03T23:05:07.002+0000] {logging_mixin.py:188} INFO - [2025-11-03T23:05:07.002+0000] {dag.py:3089} INFO - Sync 1 DAGs
[2025-11-03T23:05:07.007+0000] {logging_mixin.py:188} INFO - [2025-11-03T23:05:07.007+0000] {dag.py:3947} INFO - Setting next_dagrun for misp_ingest to 2025-11-03 00:00:00+00:00, run_after=2025-11-04 00:00:00+00:00
[2025-11-03T23:05:07.014+0000] {processor.py:183} INFO - Processing /opt/airflow/dags/misp_ingest.py took 0.197 seconds
[2025-11-03T23:05:37.636+0000] {processor.py:161} INFO - Started process (PID=493) to work on /opt/airflow/dags/misp_ingest.py
[2025-11-03T23:05:37.638+0000] {processor.py:830} INFO - Processing file /opt/airflow/dags/misp_ingest.py for tasks to queue
[2025-11-03T23:05:37.640+0000] {logging_mixin.py:188} INFO - [2025-11-03T23:05:37.639+0000] {dagbag.py:545} INFO - Filling up the DagBag from /opt/airflow/dags/misp_ingest.py
[2025-11-03T23:05:37.997+0000] {processor.py:840} INFO - DAG(s) 'misp_ingest' retrieved from /opt/airflow/dags/misp_ingest.py
[2025-11-03T23:05:38.005+0000] {logging_mixin.py:188} INFO - [2025-11-03T23:05:38.005+0000] {dag.py:3089} INFO - Sync 1 DAGs
[2025-11-03T23:05:38.012+0000] {logging_mixin.py:188} INFO - [2025-11-03T23:05:38.012+0000] {dag.py:3947} INFO - Setting next_dagrun for misp_ingest to 2025-11-03 00:00:00+00:00, run_after=2025-11-04 00:00:00+00:00
[2025-11-03T23:05:38.019+0000] {processor.py:183} INFO - Processing /opt/airflow/dags/misp_ingest.py took 0.392 seconds
[2025-11-03T23:06:08.336+0000] {processor.py:161} INFO - Started process (PID=526) to work on /opt/airflow/dags/misp_ingest.py
[2025-11-03T23:06:08.338+0000] {processor.py:830} INFO - Processing file /opt/airflow/dags/misp_ingest.py for tasks to queue
[2025-11-03T23:06:08.340+0000] {logging_mixin.py:188} INFO - [2025-11-03T23:06:08.339+0000] {dagbag.py:545} INFO - Filling up the DagBag from /opt/airflow/dags/misp_ingest.py
[2025-11-03T23:06:08.604+0000] {processor.py:840} INFO - DAG(s) 'misp_ingest' retrieved from /opt/airflow/dags/misp_ingest.py
[2025-11-03T23:06:08.611+0000] {logging_mixin.py:188} INFO - [2025-11-03T23:06:08.611+0000] {dag.py:3089} INFO - Sync 1 DAGs
[2025-11-03T23:06:08.620+0000] {logging_mixin.py:188} INFO - [2025-11-03T23:06:08.620+0000] {dag.py:3947} INFO - Setting next_dagrun for misp_ingest to 2025-11-03 00:00:00+00:00, run_after=2025-11-04 00:00:00+00:00
[2025-11-03T23:06:08.627+0000] {processor.py:183} INFO - Processing /opt/airflow/dags/misp_ingest.py took 0.295 seconds
[2025-11-03T23:06:39.181+0000] {processor.py:161} INFO - Started process (PID=559) to work on /opt/airflow/dags/misp_ingest.py
[2025-11-03T23:06:39.182+0000] {processor.py:830} INFO - Processing file /opt/airflow/dags/misp_ingest.py for tasks to queue
[2025-11-03T23:06:39.187+0000] {logging_mixin.py:188} INFO - [2025-11-03T23:06:39.186+0000] {dagbag.py:545} INFO - Filling up the DagBag from /opt/airflow/dags/misp_ingest.py
[2025-11-03T23:06:39.500+0000] {processor.py:840} INFO - DAG(s) 'misp_ingest' retrieved from /opt/airflow/dags/misp_ingest.py
[2025-11-03T23:06:39.508+0000] {logging_mixin.py:188} INFO - [2025-11-03T23:06:39.507+0000] {dag.py:3089} INFO - Sync 1 DAGs
[2025-11-03T23:06:39.514+0000] {logging_mixin.py:188} INFO - [2025-11-03T23:06:39.513+0000] {dag.py:3947} INFO - Setting next_dagrun for misp_ingest to 2025-11-03 00:00:00+00:00, run_after=2025-11-04 00:00:00+00:00
[2025-11-03T23:06:39.520+0000] {processor.py:183} INFO - Processing /opt/airflow/dags/misp_ingest.py took 0.344 seconds
[2025-11-03T23:07:10.580+0000] {processor.py:161} INFO - Started process (PID=592) to work on /opt/airflow/dags/misp_ingest.py
[2025-11-03T23:07:10.580+0000] {processor.py:830} INFO - Processing file /opt/airflow/dags/misp_ingest.py for tasks to queue
[2025-11-03T23:07:10.581+0000] {logging_mixin.py:188} INFO - [2025-11-03T23:07:10.581+0000] {dagbag.py:545} INFO - Filling up the DagBag from /opt/airflow/dags/misp_ingest.py
[2025-11-03T23:07:10.756+0000] {processor.py:840} INFO - DAG(s) 'misp_ingest' retrieved from /opt/airflow/dags/misp_ingest.py
[2025-11-03T23:07:10.762+0000] {logging_mixin.py:188} INFO - [2025-11-03T23:07:10.762+0000] {dag.py:3089} INFO - Sync 1 DAGs
[2025-11-03T23:07:10.768+0000] {logging_mixin.py:188} INFO - [2025-11-03T23:07:10.768+0000] {dag.py:3947} INFO - Setting next_dagrun for misp_ingest to 2025-11-03 00:00:00+00:00, run_after=2025-11-04 00:00:00+00:00
[2025-11-03T23:07:10.775+0000] {processor.py:183} INFO - Processing /opt/airflow/dags/misp_ingest.py took 0.198 seconds
[2025-11-03T23:07:41.308+0000] {processor.py:161} INFO - Started process (PID=625) to work on /opt/airflow/dags/misp_ingest.py
[2025-11-03T23:07:41.309+0000] {processor.py:830} INFO - Processing file /opt/airflow/dags/misp_ingest.py for tasks to queue
[2025-11-03T23:07:41.310+0000] {logging_mixin.py:188} INFO - [2025-11-03T23:07:41.309+0000] {dagbag.py:545} INFO - Filling up the DagBag from /opt/airflow/dags/misp_ingest.py
[2025-11-03T23:07:41.495+0000] {processor.py:840} INFO - DAG(s) 'misp_ingest' retrieved from /opt/airflow/dags/misp_ingest.py
[2025-11-03T23:07:41.502+0000] {logging_mixin.py:188} INFO - [2025-11-03T23:07:41.502+0000] {dag.py:3089} INFO - Sync 1 DAGs
[2025-11-03T23:07:41.508+0000] {logging_mixin.py:188} INFO - [2025-11-03T23:07:41.508+0000] {dag.py:3947} INFO - Setting next_dagrun for misp_ingest to 2025-11-03 00:00:00+00:00, run_after=2025-11-04 00:00:00+00:00
[2025-11-03T23:07:41.515+0000] {processor.py:183} INFO - Processing /opt/airflow/dags/misp_ingest.py took 0.210 seconds
[2025-11-03T23:08:11.800+0000] {processor.py:161} INFO - Started process (PID=658) to work on /opt/airflow/dags/misp_ingest.py
[2025-11-03T23:08:11.801+0000] {processor.py:830} INFO - Processing file /opt/airflow/dags/misp_ingest.py for tasks to queue
[2025-11-03T23:08:11.802+0000] {logging_mixin.py:188} INFO - [2025-11-03T23:08:11.802+0000] {dagbag.py:545} INFO - Filling up the DagBag from /opt/airflow/dags/misp_ingest.py
[2025-11-03T23:08:11.988+0000] {processor.py:840} INFO - DAG(s) 'misp_ingest' retrieved from /opt/airflow/dags/misp_ingest.py
[2025-11-03T23:08:11.993+0000] {logging_mixin.py:188} INFO - [2025-11-03T23:08:11.993+0000] {dag.py:3089} INFO - Sync 1 DAGs
[2025-11-03T23:08:11.999+0000] {logging_mixin.py:188} INFO - [2025-11-03T23:08:11.999+0000] {dag.py:3947} INFO - Setting next_dagrun for misp_ingest to 2025-11-03 00:00:00+00:00, run_after=2025-11-04 00:00:00+00:00
[2025-11-03T23:08:12.006+0000] {processor.py:183} INFO - Processing /opt/airflow/dags/misp_ingest.py took 0.208 seconds
[2025-11-03T23:08:43.078+0000] {processor.py:161} INFO - Started process (PID=691) to work on /opt/airflow/dags/misp_ingest.py
[2025-11-03T23:08:43.079+0000] {processor.py:830} INFO - Processing file /opt/airflow/dags/misp_ingest.py for tasks to queue
[2025-11-03T23:08:43.080+0000] {logging_mixin.py:188} INFO - [2025-11-03T23:08:43.080+0000] {dagbag.py:545} INFO - Filling up the DagBag from /opt/airflow/dags/misp_ingest.py
[2025-11-03T23:08:43.255+0000] {processor.py:840} INFO - DAG(s) 'misp_ingest' retrieved from /opt/airflow/dags/misp_ingest.py
[2025-11-03T23:08:43.261+0000] {logging_mixin.py:188} INFO - [2025-11-03T23:08:43.261+0000] {dag.py:3089} INFO - Sync 1 DAGs
[2025-11-03T23:08:43.267+0000] {logging_mixin.py:188} INFO - [2025-11-03T23:08:43.267+0000] {dag.py:3947} INFO - Setting next_dagrun for misp_ingest to 2025-11-03 00:00:00+00:00, run_after=2025-11-04 00:00:00+00:00
[2025-11-03T23:08:43.274+0000] {processor.py:183} INFO - Processing /opt/airflow/dags/misp_ingest.py took 0.201 seconds
[2025-11-03T23:09:13.445+0000] {processor.py:161} INFO - Started process (PID=724) to work on /opt/airflow/dags/misp_ingest.py
[2025-11-03T23:09:13.446+0000] {processor.py:830} INFO - Processing file /opt/airflow/dags/misp_ingest.py for tasks to queue
[2025-11-03T23:09:13.447+0000] {logging_mixin.py:188} INFO - [2025-11-03T23:09:13.447+0000] {dagbag.py:545} INFO - Filling up the DagBag from /opt/airflow/dags/misp_ingest.py
[2025-11-03T23:09:13.735+0000] {processor.py:840} INFO - DAG(s) 'misp_ingest' retrieved from /opt/airflow/dags/misp_ingest.py
[2025-11-03T23:09:13.743+0000] {logging_mixin.py:188} INFO - [2025-11-03T23:09:13.743+0000] {dag.py:3089} INFO - Sync 1 DAGs
[2025-11-03T23:09:13.749+0000] {logging_mixin.py:188} INFO - [2025-11-03T23:09:13.749+0000] {dag.py:3947} INFO - Setting next_dagrun for misp_ingest to 2025-11-03 00:00:00+00:00, run_after=2025-11-04 00:00:00+00:00
[2025-11-03T23:09:13.756+0000] {processor.py:183} INFO - Processing /opt/airflow/dags/misp_ingest.py took 0.315 seconds
[2025-11-03T23:09:44.888+0000] {processor.py:161} INFO - Started process (PID=757) to work on /opt/airflow/dags/misp_ingest.py
[2025-11-03T23:09:44.889+0000] {processor.py:830} INFO - Processing file /opt/airflow/dags/misp_ingest.py for tasks to queue
[2025-11-03T23:09:44.890+0000] {logging_mixin.py:188} INFO - [2025-11-03T23:09:44.890+0000] {dagbag.py:545} INFO - Filling up the DagBag from /opt/airflow/dags/misp_ingest.py
[2025-11-03T23:09:45.078+0000] {processor.py:840} INFO - DAG(s) 'misp_ingest' retrieved from /opt/airflow/dags/misp_ingest.py
[2025-11-03T23:09:45.084+0000] {logging_mixin.py:188} INFO - [2025-11-03T23:09:45.084+0000] {dag.py:3089} INFO - Sync 1 DAGs
[2025-11-03T23:09:45.090+0000] {logging_mixin.py:188} INFO - [2025-11-03T23:09:45.090+0000] {dag.py:3947} INFO - Setting next_dagrun for misp_ingest to 2025-11-03 00:00:00+00:00, run_after=2025-11-04 00:00:00+00:00
[2025-11-03T23:09:45.097+0000] {processor.py:183} INFO - Processing /opt/airflow/dags/misp_ingest.py took 0.212 seconds
[2025-11-03T23:10:15.537+0000] {processor.py:161} INFO - Started process (PID=790) to work on /opt/airflow/dags/misp_ingest.py
[2025-11-03T23:10:15.538+0000] {processor.py:830} INFO - Processing file /opt/airflow/dags/misp_ingest.py for tasks to queue
[2025-11-03T23:10:15.539+0000] {logging_mixin.py:188} INFO - [2025-11-03T23:10:15.539+0000] {dagbag.py:545} INFO - Filling up the DagBag from /opt/airflow/dags/misp_ingest.py
[2025-11-03T23:10:15.798+0000] {processor.py:840} INFO - DAG(s) 'misp_ingest' retrieved from /opt/airflow/dags/misp_ingest.py
[2025-11-03T23:10:15.807+0000] {logging_mixin.py:188} INFO - [2025-11-03T23:10:15.806+0000] {dag.py:3089} INFO - Sync 1 DAGs
[2025-11-03T23:10:15.813+0000] {logging_mixin.py:188} INFO - [2025-11-03T23:10:15.813+0000] {dag.py:3947} INFO - Setting next_dagrun for misp_ingest to 2025-11-03 00:00:00+00:00, run_after=2025-11-04 00:00:00+00:00
[2025-11-03T23:10:15.822+0000] {processor.py:183} INFO - Processing /opt/airflow/dags/misp_ingest.py took 0.290 seconds
[2025-11-03T23:10:46.291+0000] {processor.py:161} INFO - Started process (PID=823) to work on /opt/airflow/dags/misp_ingest.py
[2025-11-03T23:10:46.292+0000] {processor.py:830} INFO - Processing file /opt/airflow/dags/misp_ingest.py for tasks to queue
[2025-11-03T23:10:46.293+0000] {logging_mixin.py:188} INFO - [2025-11-03T23:10:46.292+0000] {dagbag.py:545} INFO - Filling up the DagBag from /opt/airflow/dags/misp_ingest.py
[2025-11-03T23:10:46.493+0000] {processor.py:840} INFO - DAG(s) 'misp_ingest' retrieved from /opt/airflow/dags/misp_ingest.py
[2025-11-03T23:10:46.499+0000] {logging_mixin.py:188} INFO - [2025-11-03T23:10:46.499+0000] {dag.py:3089} INFO - Sync 1 DAGs
[2025-11-03T23:10:46.505+0000] {logging_mixin.py:188} INFO - [2025-11-03T23:10:46.505+0000] {dag.py:3947} INFO - Setting next_dagrun for misp_ingest to 2025-11-03 00:00:00+00:00, run_after=2025-11-04 00:00:00+00:00
[2025-11-03T23:10:46.514+0000] {processor.py:183} INFO - Processing /opt/airflow/dags/misp_ingest.py took 0.228 seconds
[2025-11-03T23:11:16.656+0000] {processor.py:161} INFO - Started process (PID=856) to work on /opt/airflow/dags/misp_ingest.py
[2025-11-03T23:11:16.657+0000] {processor.py:830} INFO - Processing file /opt/airflow/dags/misp_ingest.py for tasks to queue
[2025-11-03T23:11:16.658+0000] {logging_mixin.py:188} INFO - [2025-11-03T23:11:16.658+0000] {dagbag.py:545} INFO - Filling up the DagBag from /opt/airflow/dags/misp_ingest.py
[2025-11-03T23:11:16.837+0000] {processor.py:840} INFO - DAG(s) 'misp_ingest' retrieved from /opt/airflow/dags/misp_ingest.py
[2025-11-03T23:11:16.843+0000] {logging_mixin.py:188} INFO - [2025-11-03T23:11:16.843+0000] {dag.py:3089} INFO - Sync 1 DAGs
[2025-11-03T23:11:16.848+0000] {logging_mixin.py:188} INFO - [2025-11-03T23:11:16.848+0000] {dag.py:3947} INFO - Setting next_dagrun for misp_ingest to 2025-11-03 00:00:00+00:00, run_after=2025-11-04 00:00:00+00:00
[2025-11-03T23:11:16.856+0000] {processor.py:183} INFO - Processing /opt/airflow/dags/misp_ingest.py took 0.203 seconds
[2025-11-03T23:11:47.008+0000] {processor.py:161} INFO - Started process (PID=889) to work on /opt/airflow/dags/misp_ingest.py
[2025-11-03T23:11:47.012+0000] {processor.py:830} INFO - Processing file /opt/airflow/dags/misp_ingest.py for tasks to queue
[2025-11-03T23:11:47.014+0000] {logging_mixin.py:188} INFO - [2025-11-03T23:11:47.013+0000] {dagbag.py:545} INFO - Filling up the DagBag from /opt/airflow/dags/misp_ingest.py
[2025-11-03T23:11:47.235+0000] {processor.py:840} INFO - DAG(s) 'misp_ingest' retrieved from /opt/airflow/dags/misp_ingest.py
[2025-11-03T23:11:47.242+0000] {logging_mixin.py:188} INFO - [2025-11-03T23:11:47.242+0000] {dag.py:3089} INFO - Sync 1 DAGs
[2025-11-03T23:11:47.249+0000] {logging_mixin.py:188} INFO - [2025-11-03T23:11:47.249+0000] {dag.py:3947} INFO - Setting next_dagrun for misp_ingest to 2025-11-03 00:00:00+00:00, run_after=2025-11-04 00:00:00+00:00
[2025-11-03T23:11:47.258+0000] {processor.py:183} INFO - Processing /opt/airflow/dags/misp_ingest.py took 0.253 seconds
[2025-11-03T23:12:17.594+0000] {processor.py:161} INFO - Started process (PID=922) to work on /opt/airflow/dags/misp_ingest.py
[2025-11-03T23:12:17.595+0000] {processor.py:830} INFO - Processing file /opt/airflow/dags/misp_ingest.py for tasks to queue
[2025-11-03T23:12:17.596+0000] {logging_mixin.py:188} INFO - [2025-11-03T23:12:17.596+0000] {dagbag.py:545} INFO - Filling up the DagBag from /opt/airflow/dags/misp_ingest.py
[2025-11-03T23:12:17.756+0000] {processor.py:840} INFO - DAG(s) 'misp_ingest' retrieved from /opt/airflow/dags/misp_ingest.py
[2025-11-03T23:12:17.762+0000] {logging_mixin.py:188} INFO - [2025-11-03T23:12:17.762+0000] {dag.py:3089} INFO - Sync 1 DAGs
[2025-11-03T23:12:17.768+0000] {logging_mixin.py:188} INFO - [2025-11-03T23:12:17.768+0000] {dag.py:3947} INFO - Setting next_dagrun for misp_ingest to 2025-11-03 00:00:00+00:00, run_after=2025-11-04 00:00:00+00:00
[2025-11-03T23:12:17.774+0000] {processor.py:183} INFO - Processing /opt/airflow/dags/misp_ingest.py took 0.184 seconds
[2025-11-03T23:12:48.908+0000] {processor.py:161} INFO - Started process (PID=955) to work on /opt/airflow/dags/misp_ingest.py
[2025-11-03T23:12:48.909+0000] {processor.py:830} INFO - Processing file /opt/airflow/dags/misp_ingest.py for tasks to queue
[2025-11-03T23:12:48.910+0000] {logging_mixin.py:188} INFO - [2025-11-03T23:12:48.910+0000] {dagbag.py:545} INFO - Filling up the DagBag from /opt/airflow/dags/misp_ingest.py
[2025-11-03T23:12:49.077+0000] {processor.py:840} INFO - DAG(s) 'misp_ingest' retrieved from /opt/airflow/dags/misp_ingest.py
[2025-11-03T23:12:49.083+0000] {logging_mixin.py:188} INFO - [2025-11-03T23:12:49.083+0000] {dag.py:3089} INFO - Sync 1 DAGs
[2025-11-03T23:12:49.088+0000] {logging_mixin.py:188} INFO - [2025-11-03T23:12:49.088+0000] {dag.py:3947} INFO - Setting next_dagrun for misp_ingest to 2025-11-03 00:00:00+00:00, run_after=2025-11-04 00:00:00+00:00
[2025-11-03T23:12:49.094+0000] {processor.py:183} INFO - Processing /opt/airflow/dags/misp_ingest.py took 0.190 seconds
[2025-11-03T23:13:19.276+0000] {processor.py:161} INFO - Started process (PID=987) to work on /opt/airflow/dags/misp_ingest.py
[2025-11-03T23:13:19.276+0000] {processor.py:830} INFO - Processing file /opt/airflow/dags/misp_ingest.py for tasks to queue
[2025-11-03T23:13:19.277+0000] {logging_mixin.py:188} INFO - [2025-11-03T23:13:19.277+0000] {dagbag.py:545} INFO - Filling up the DagBag from /opt/airflow/dags/misp_ingest.py
[2025-11-03T23:13:19.447+0000] {processor.py:840} INFO - DAG(s) 'misp_ingest' retrieved from /opt/airflow/dags/misp_ingest.py
[2025-11-03T23:13:19.453+0000] {logging_mixin.py:188} INFO - [2025-11-03T23:13:19.453+0000] {dag.py:3089} INFO - Sync 1 DAGs
[2025-11-03T23:13:19.460+0000] {logging_mixin.py:188} INFO - [2025-11-03T23:13:19.460+0000] {dag.py:3947} INFO - Setting next_dagrun for misp_ingest to 2025-11-03 00:00:00+00:00, run_after=2025-11-04 00:00:00+00:00
[2025-11-03T23:13:19.467+0000] {processor.py:183} INFO - Processing /opt/airflow/dags/misp_ingest.py took 0.195 seconds
[2025-11-03T23:13:50.699+0000] {processor.py:161} INFO - Started process (PID=1020) to work on /opt/airflow/dags/misp_ingest.py
[2025-11-03T23:13:50.699+0000] {processor.py:830} INFO - Processing file /opt/airflow/dags/misp_ingest.py for tasks to queue
[2025-11-03T23:13:50.700+0000] {logging_mixin.py:188} INFO - [2025-11-03T23:13:50.700+0000] {dagbag.py:545} INFO - Filling up the DagBag from /opt/airflow/dags/misp_ingest.py
[2025-11-03T23:13:50.866+0000] {processor.py:840} INFO - DAG(s) 'misp_ingest' retrieved from /opt/airflow/dags/misp_ingest.py
[2025-11-03T23:13:50.872+0000] {logging_mixin.py:188} INFO - [2025-11-03T23:13:50.872+0000] {dag.py:3089} INFO - Sync 1 DAGs
[2025-11-03T23:13:50.877+0000] {logging_mixin.py:188} INFO - [2025-11-03T23:13:50.877+0000] {dag.py:3947} INFO - Setting next_dagrun for misp_ingest to 2025-11-03 00:00:00+00:00, run_after=2025-11-04 00:00:00+00:00
[2025-11-03T23:13:50.883+0000] {processor.py:183} INFO - Processing /opt/airflow/dags/misp_ingest.py took 0.188 seconds
[2025-11-03T23:14:21.098+0000] {processor.py:161} INFO - Started process (PID=1041) to work on /opt/airflow/dags/misp_ingest.py
[2025-11-03T23:14:21.099+0000] {processor.py:830} INFO - Processing file /opt/airflow/dags/misp_ingest.py for tasks to queue
[2025-11-03T23:14:21.099+0000] {logging_mixin.py:188} INFO - [2025-11-03T23:14:21.099+0000] {dagbag.py:545} INFO - Filling up the DagBag from /opt/airflow/dags/misp_ingest.py
[2025-11-03T23:14:21.287+0000] {processor.py:840} INFO - DAG(s) 'misp_ingest' retrieved from /opt/airflow/dags/misp_ingest.py
[2025-11-03T23:14:21.293+0000] {logging_mixin.py:188} INFO - [2025-11-03T23:14:21.293+0000] {dag.py:3089} INFO - Sync 1 DAGs
[2025-11-03T23:14:21.298+0000] {logging_mixin.py:188} INFO - [2025-11-03T23:14:21.298+0000] {dag.py:3947} INFO - Setting next_dagrun for misp_ingest to 2025-11-03 00:00:00+00:00, run_after=2025-11-04 00:00:00+00:00
[2025-11-03T23:14:21.306+0000] {processor.py:183} INFO - Processing /opt/airflow/dags/misp_ingest.py took 0.212 seconds
[2025-11-03T23:14:51.708+0000] {processor.py:161} INFO - Started process (PID=1074) to work on /opt/airflow/dags/misp_ingest.py
[2025-11-03T23:14:51.709+0000] {processor.py:830} INFO - Processing file /opt/airflow/dags/misp_ingest.py for tasks to queue
[2025-11-03T23:14:51.714+0000] {logging_mixin.py:188} INFO - [2025-11-03T23:14:51.714+0000] {dagbag.py:545} INFO - Filling up the DagBag from /opt/airflow/dags/misp_ingest.py
[2025-11-03T23:14:52.022+0000] {processor.py:840} INFO - DAG(s) 'misp_ingest' retrieved from /opt/airflow/dags/misp_ingest.py
[2025-11-03T23:14:52.029+0000] {logging_mixin.py:188} INFO - [2025-11-03T23:14:52.028+0000] {dag.py:3089} INFO - Sync 1 DAGs
[2025-11-03T23:14:52.035+0000] {logging_mixin.py:188} INFO - [2025-11-03T23:14:52.035+0000] {dag.py:3947} INFO - Setting next_dagrun for misp_ingest to 2025-11-03 00:00:00+00:00, run_after=2025-11-04 00:00:00+00:00
[2025-11-03T23:14:52.042+0000] {processor.py:183} INFO - Processing /opt/airflow/dags/misp_ingest.py took 0.339 seconds
[2025-11-03T23:15:22.528+0000] {processor.py:161} INFO - Started process (PID=1107) to work on /opt/airflow/dags/misp_ingest.py
[2025-11-03T23:15:22.529+0000] {processor.py:830} INFO - Processing file /opt/airflow/dags/misp_ingest.py for tasks to queue
[2025-11-03T23:15:22.530+0000] {logging_mixin.py:188} INFO - [2025-11-03T23:15:22.530+0000] {dagbag.py:545} INFO - Filling up the DagBag from /opt/airflow/dags/misp_ingest.py
[2025-11-03T23:15:22.710+0000] {processor.py:840} INFO - DAG(s) 'misp_ingest' retrieved from /opt/airflow/dags/misp_ingest.py
[2025-11-03T23:15:22.717+0000] {logging_mixin.py:188} INFO - [2025-11-03T23:15:22.716+0000] {dag.py:3089} INFO - Sync 1 DAGs
[2025-11-03T23:15:22.722+0000] {logging_mixin.py:188} INFO - [2025-11-03T23:15:22.722+0000] {dag.py:3947} INFO - Setting next_dagrun for misp_ingest to 2025-11-03 00:00:00+00:00, run_after=2025-11-04 00:00:00+00:00
[2025-11-03T23:15:22.729+0000] {processor.py:183} INFO - Processing /opt/airflow/dags/misp_ingest.py took 0.205 seconds
[2025-11-03T23:15:53.244+0000] {processor.py:161} INFO - Started process (PID=1140) to work on /opt/airflow/dags/misp_ingest.py
[2025-11-03T23:15:53.245+0000] {processor.py:830} INFO - Processing file /opt/airflow/dags/misp_ingest.py for tasks to queue
[2025-11-03T23:15:53.246+0000] {logging_mixin.py:188} INFO - [2025-11-03T23:15:53.246+0000] {dagbag.py:545} INFO - Filling up the DagBag from /opt/airflow/dags/misp_ingest.py
[2025-11-03T23:15:53.442+0000] {processor.py:840} INFO - DAG(s) 'misp_ingest' retrieved from /opt/airflow/dags/misp_ingest.py
[2025-11-03T23:15:53.450+0000] {logging_mixin.py:188} INFO - [2025-11-03T23:15:53.449+0000] {dag.py:3089} INFO - Sync 1 DAGs
[2025-11-03T23:15:53.455+0000] {logging_mixin.py:188} INFO - [2025-11-03T23:15:53.455+0000] {dag.py:3947} INFO - Setting next_dagrun for misp_ingest to 2025-11-03 00:00:00+00:00, run_after=2025-11-04 00:00:00+00:00
[2025-11-03T23:15:53.463+0000] {processor.py:183} INFO - Processing /opt/airflow/dags/misp_ingest.py took 0.222 seconds
[2025-11-03T23:16:24.009+0000] {processor.py:161} INFO - Started process (PID=1173) to work on /opt/airflow/dags/misp_ingest.py
[2025-11-03T23:16:24.010+0000] {processor.py:830} INFO - Processing file /opt/airflow/dags/misp_ingest.py for tasks to queue
[2025-11-03T23:16:24.011+0000] {logging_mixin.py:188} INFO - [2025-11-03T23:16:24.011+0000] {dagbag.py:545} INFO - Filling up the DagBag from /opt/airflow/dags/misp_ingest.py
[2025-11-03T23:16:24.194+0000] {processor.py:840} INFO - DAG(s) 'misp_ingest' retrieved from /opt/airflow/dags/misp_ingest.py
[2025-11-03T23:16:24.200+0000] {logging_mixin.py:188} INFO - [2025-11-03T23:16:24.200+0000] {dag.py:3089} INFO - Sync 1 DAGs
[2025-11-03T23:16:24.206+0000] {logging_mixin.py:188} INFO - [2025-11-03T23:16:24.206+0000] {dag.py:3947} INFO - Setting next_dagrun for misp_ingest to 2025-11-03 00:00:00+00:00, run_after=2025-11-04 00:00:00+00:00
[2025-11-03T23:16:24.212+0000] {processor.py:183} INFO - Processing /opt/airflow/dags/misp_ingest.py took 0.205 seconds
[2025-11-03T23:16:55.777+0000] {processor.py:161} INFO - Started process (PID=1206) to work on /opt/airflow/dags/misp_ingest.py
[2025-11-03T23:16:55.778+0000] {processor.py:830} INFO - Processing file /opt/airflow/dags/misp_ingest.py for tasks to queue
[2025-11-03T23:16:55.779+0000] {logging_mixin.py:188} INFO - [2025-11-03T23:16:55.779+0000] {dagbag.py:545} INFO - Filling up the DagBag from /opt/airflow/dags/misp_ingest.py
[2025-11-03T23:16:55.945+0000] {processor.py:840} INFO - DAG(s) 'misp_ingest' retrieved from /opt/airflow/dags/misp_ingest.py
[2025-11-03T23:16:55.951+0000] {logging_mixin.py:188} INFO - [2025-11-03T23:16:55.951+0000] {dag.py:3089} INFO - Sync 1 DAGs
[2025-11-03T23:16:55.957+0000] {logging_mixin.py:188} INFO - [2025-11-03T23:16:55.957+0000] {dag.py:3947} INFO - Setting next_dagrun for misp_ingest to 2025-11-03 00:00:00+00:00, run_after=2025-11-04 00:00:00+00:00
[2025-11-03T23:16:55.963+0000] {processor.py:183} INFO - Processing /opt/airflow/dags/misp_ingest.py took 0.190 seconds
[2025-11-03T23:17:27.463+0000] {processor.py:161} INFO - Started process (PID=1239) to work on /opt/airflow/dags/misp_ingest.py
[2025-11-03T23:17:27.465+0000] {processor.py:830} INFO - Processing file /opt/airflow/dags/misp_ingest.py for tasks to queue
[2025-11-03T23:17:27.466+0000] {logging_mixin.py:188} INFO - [2025-11-03T23:17:27.466+0000] {dagbag.py:545} INFO - Filling up the DagBag from /opt/airflow/dags/misp_ingest.py
[2025-11-03T23:17:27.645+0000] {processor.py:840} INFO - DAG(s) 'misp_ingest' retrieved from /opt/airflow/dags/misp_ingest.py
[2025-11-03T23:17:27.651+0000] {logging_mixin.py:188} INFO - [2025-11-03T23:17:27.651+0000] {dag.py:3089} INFO - Sync 1 DAGs
[2025-11-03T23:17:27.656+0000] {logging_mixin.py:188} INFO - [2025-11-03T23:17:27.656+0000] {dag.py:3947} INFO - Setting next_dagrun for misp_ingest to 2025-11-03 00:00:00+00:00, run_after=2025-11-04 00:00:00+00:00
[2025-11-03T23:17:27.663+0000] {processor.py:183} INFO - Processing /opt/airflow/dags/misp_ingest.py took 0.203 seconds
[2025-11-03T23:17:58.739+0000] {processor.py:161} INFO - Started process (PID=1272) to work on /opt/airflow/dags/misp_ingest.py
[2025-11-03T23:17:58.740+0000] {processor.py:830} INFO - Processing file /opt/airflow/dags/misp_ingest.py for tasks to queue
[2025-11-03T23:17:58.743+0000] {logging_mixin.py:188} INFO - [2025-11-03T23:17:58.743+0000] {dagbag.py:545} INFO - Filling up the DagBag from /opt/airflow/dags/misp_ingest.py
[2025-11-03T23:17:58.915+0000] {processor.py:840} INFO - DAG(s) 'misp_ingest' retrieved from /opt/airflow/dags/misp_ingest.py
[2025-11-03T23:17:58.921+0000] {logging_mixin.py:188} INFO - [2025-11-03T23:17:58.920+0000] {dag.py:3089} INFO - Sync 1 DAGs
[2025-11-03T23:17:58.926+0000] {logging_mixin.py:188} INFO - [2025-11-03T23:17:58.926+0000] {dag.py:3947} INFO - Setting next_dagrun for misp_ingest to 2025-11-03 00:00:00+00:00, run_after=2025-11-04 00:00:00+00:00
[2025-11-03T23:17:58.932+0000] {processor.py:183} INFO - Processing /opt/airflow/dags/misp_ingest.py took 0.198 seconds
[2025-11-03T23:18:30.629+0000] {processor.py:161} INFO - Started process (PID=1305) to work on /opt/airflow/dags/misp_ingest.py
[2025-11-03T23:18:30.630+0000] {processor.py:830} INFO - Processing file /opt/airflow/dags/misp_ingest.py for tasks to queue
[2025-11-03T23:18:30.631+0000] {logging_mixin.py:188} INFO - [2025-11-03T23:18:30.631+0000] {dagbag.py:545} INFO - Filling up the DagBag from /opt/airflow/dags/misp_ingest.py
[2025-11-03T23:18:30.801+0000] {processor.py:840} INFO - DAG(s) 'misp_ingest' retrieved from /opt/airflow/dags/misp_ingest.py
[2025-11-03T23:18:30.806+0000] {logging_mixin.py:188} INFO - [2025-11-03T23:18:30.806+0000] {dag.py:3089} INFO - Sync 1 DAGs
[2025-11-03T23:18:30.812+0000] {logging_mixin.py:188} INFO - [2025-11-03T23:18:30.812+0000] {dag.py:3947} INFO - Setting next_dagrun for misp_ingest to 2025-11-03 00:00:00+00:00, run_after=2025-11-04 00:00:00+00:00
[2025-11-03T23:18:30.818+0000] {processor.py:183} INFO - Processing /opt/airflow/dags/misp_ingest.py took 0.194 seconds
[2025-11-03T23:19:02.175+0000] {processor.py:161} INFO - Started process (PID=1338) to work on /opt/airflow/dags/misp_ingest.py
[2025-11-03T23:19:02.176+0000] {processor.py:830} INFO - Processing file /opt/airflow/dags/misp_ingest.py for tasks to queue
[2025-11-03T23:19:02.177+0000] {logging_mixin.py:188} INFO - [2025-11-03T23:19:02.177+0000] {dagbag.py:545} INFO - Filling up the DagBag from /opt/airflow/dags/misp_ingest.py
[2025-11-03T23:19:02.352+0000] {processor.py:840} INFO - DAG(s) 'misp_ingest' retrieved from /opt/airflow/dags/misp_ingest.py
[2025-11-03T23:19:02.358+0000] {logging_mixin.py:188} INFO - [2025-11-03T23:19:02.358+0000] {dag.py:3089} INFO - Sync 1 DAGs
[2025-11-03T23:19:02.362+0000] {logging_mixin.py:188} INFO - [2025-11-03T23:19:02.362+0000] {dag.py:3947} INFO - Setting next_dagrun for misp_ingest to 2025-11-03 00:00:00+00:00, run_after=2025-11-04 00:00:00+00:00
[2025-11-03T23:19:02.368+0000] {processor.py:183} INFO - Processing /opt/airflow/dags/misp_ingest.py took 0.199 seconds
[2025-11-03T23:19:33.608+0000] {processor.py:161} INFO - Started process (PID=1371) to work on /opt/airflow/dags/misp_ingest.py
[2025-11-03T23:19:33.610+0000] {processor.py:830} INFO - Processing file /opt/airflow/dags/misp_ingest.py for tasks to queue
[2025-11-03T23:19:33.612+0000] {logging_mixin.py:188} INFO - [2025-11-03T23:19:33.611+0000] {dagbag.py:545} INFO - Filling up the DagBag from /opt/airflow/dags/misp_ingest.py
[2025-11-03T23:19:33.774+0000] {processor.py:840} INFO - DAG(s) 'misp_ingest' retrieved from /opt/airflow/dags/misp_ingest.py
[2025-11-03T23:19:33.779+0000] {logging_mixin.py:188} INFO - [2025-11-03T23:19:33.779+0000] {dag.py:3089} INFO - Sync 1 DAGs
[2025-11-03T23:19:33.784+0000] {logging_mixin.py:188} INFO - [2025-11-03T23:19:33.784+0000] {dag.py:3947} INFO - Setting next_dagrun for misp_ingest to 2025-11-03 00:00:00+00:00, run_after=2025-11-04 00:00:00+00:00
[2025-11-03T23:19:33.790+0000] {processor.py:183} INFO - Processing /opt/airflow/dags/misp_ingest.py took 0.186 seconds
[2025-11-03T23:20:04.906+0000] {processor.py:161} INFO - Started process (PID=1404) to work on /opt/airflow/dags/misp_ingest.py
[2025-11-03T23:20:04.906+0000] {processor.py:830} INFO - Processing file /opt/airflow/dags/misp_ingest.py for tasks to queue
[2025-11-03T23:20:04.908+0000] {logging_mixin.py:188} INFO - [2025-11-03T23:20:04.908+0000] {dagbag.py:545} INFO - Filling up the DagBag from /opt/airflow/dags/misp_ingest.py
[2025-11-03T23:20:05.089+0000] {processor.py:840} INFO - DAG(s) 'misp_ingest' retrieved from /opt/airflow/dags/misp_ingest.py
[2025-11-03T23:20:05.094+0000] {logging_mixin.py:188} INFO - [2025-11-03T23:20:05.094+0000] {dag.py:3089} INFO - Sync 1 DAGs
[2025-11-03T23:20:05.100+0000] {logging_mixin.py:188} INFO - [2025-11-03T23:20:05.100+0000] {dag.py:3947} INFO - Setting next_dagrun for misp_ingest to 2025-11-03 00:00:00+00:00, run_after=2025-11-04 00:00:00+00:00
[2025-11-03T23:20:05.106+0000] {processor.py:183} INFO - Processing /opt/airflow/dags/misp_ingest.py took 0.205 seconds
[2025-11-03T23:20:36.372+0000] {processor.py:161} INFO - Started process (PID=1437) to work on /opt/airflow/dags/misp_ingest.py
[2025-11-03T23:20:36.374+0000] {processor.py:830} INFO - Processing file /opt/airflow/dags/misp_ingest.py for tasks to queue
[2025-11-03T23:20:36.375+0000] {logging_mixin.py:188} INFO - [2025-11-03T23:20:36.375+0000] {dagbag.py:545} INFO - Filling up the DagBag from /opt/airflow/dags/misp_ingest.py
[2025-11-03T23:20:36.544+0000] {processor.py:840} INFO - DAG(s) 'misp_ingest' retrieved from /opt/airflow/dags/misp_ingest.py
[2025-11-03T23:20:36.550+0000] {logging_mixin.py:188} INFO - [2025-11-03T23:20:36.549+0000] {dag.py:3089} INFO - Sync 1 DAGs
[2025-11-03T23:20:36.554+0000] {logging_mixin.py:188} INFO - [2025-11-03T23:20:36.554+0000] {dag.py:3947} INFO - Setting next_dagrun for misp_ingest to 2025-11-03 00:00:00+00:00, run_after=2025-11-04 00:00:00+00:00
[2025-11-03T23:20:36.561+0000] {processor.py:183} INFO - Processing /opt/airflow/dags/misp_ingest.py took 0.194 seconds
[2025-11-03T23:21:07.506+0000] {processor.py:161} INFO - Started process (PID=1470) to work on /opt/airflow/dags/misp_ingest.py
[2025-11-03T23:21:07.507+0000] {processor.py:830} INFO - Processing file /opt/airflow/dags/misp_ingest.py for tasks to queue
[2025-11-03T23:21:07.508+0000] {logging_mixin.py:188} INFO - [2025-11-03T23:21:07.508+0000] {dagbag.py:545} INFO - Filling up the DagBag from /opt/airflow/dags/misp_ingest.py
[2025-11-03T23:21:07.680+0000] {processor.py:840} INFO - DAG(s) 'misp_ingest' retrieved from /opt/airflow/dags/misp_ingest.py
[2025-11-03T23:21:07.686+0000] {logging_mixin.py:188} INFO - [2025-11-03T23:21:07.686+0000] {dag.py:3089} INFO - Sync 1 DAGs
[2025-11-03T23:21:07.691+0000] {logging_mixin.py:188} INFO - [2025-11-03T23:21:07.691+0000] {dag.py:3947} INFO - Setting next_dagrun for misp_ingest to 2025-11-03 00:00:00+00:00, run_after=2025-11-04 00:00:00+00:00
[2025-11-03T23:21:07.697+0000] {processor.py:183} INFO - Processing /opt/airflow/dags/misp_ingest.py took 0.196 seconds
[2025-11-03T23:35:01.980+0000] {processor.py:161} INFO - Started process (PID=1488) to work on /opt/airflow/dags/misp_ingest.py
[2025-11-03T23:35:01.985+0000] {processor.py:830} INFO - Processing file /opt/airflow/dags/misp_ingest.py for tasks to queue
[2025-11-03T23:35:01.991+0000] {logging_mixin.py:188} INFO - [2025-11-03T23:35:01.990+0000] {dagbag.py:545} INFO - Filling up the DagBag from /opt/airflow/dags/misp_ingest.py
[2025-11-03T23:35:02.529+0000] {processor.py:840} INFO - DAG(s) 'misp_ingest' retrieved from /opt/airflow/dags/misp_ingest.py
[2025-11-03T23:35:02.540+0000] {logging_mixin.py:188} INFO - [2025-11-03T23:35:02.540+0000] {dag.py:3089} INFO - Sync 1 DAGs
[2025-11-03T23:35:02.546+0000] {logging_mixin.py:188} INFO - [2025-11-03T23:35:02.546+0000] {dag.py:3947} INFO - Setting next_dagrun for misp_ingest to 2025-11-03 00:00:00+00:00, run_after=2025-11-04 00:00:00+00:00
[2025-11-03T23:35:02.561+0000] {processor.py:183} INFO - Processing /opt/airflow/dags/misp_ingest.py took 0.634 seconds
[2025-11-03T23:35:32.933+0000] {processor.py:161} INFO - Started process (PID=1521) to work on /opt/airflow/dags/misp_ingest.py
[2025-11-03T23:35:32.935+0000] {processor.py:830} INFO - Processing file /opt/airflow/dags/misp_ingest.py for tasks to queue
[2025-11-03T23:35:32.937+0000] {logging_mixin.py:188} INFO - [2025-11-03T23:35:32.936+0000] {dagbag.py:545} INFO - Filling up the DagBag from /opt/airflow/dags/misp_ingest.py
[2025-11-03T23:35:33.128+0000] {processor.py:840} INFO - DAG(s) 'misp_ingest' retrieved from /opt/airflow/dags/misp_ingest.py
[2025-11-03T23:35:33.133+0000] {logging_mixin.py:188} INFO - [2025-11-03T23:35:33.133+0000] {dag.py:3089} INFO - Sync 1 DAGs
[2025-11-03T23:35:33.138+0000] {logging_mixin.py:188} INFO - [2025-11-03T23:35:33.138+0000] {dag.py:3947} INFO - Setting next_dagrun for misp_ingest to 2025-11-03 00:00:00+00:00, run_after=2025-11-04 00:00:00+00:00
[2025-11-03T23:35:33.145+0000] {processor.py:183} INFO - Processing /opt/airflow/dags/misp_ingest.py took 0.218 seconds
[2025-11-03T23:36:03.257+0000] {processor.py:161} INFO - Started process (PID=1554) to work on /opt/airflow/dags/misp_ingest.py
[2025-11-03T23:36:03.258+0000] {processor.py:830} INFO - Processing file /opt/airflow/dags/misp_ingest.py for tasks to queue
[2025-11-03T23:36:03.260+0000] {logging_mixin.py:188} INFO - [2025-11-03T23:36:03.259+0000] {dagbag.py:545} INFO - Filling up the DagBag from /opt/airflow/dags/misp_ingest.py
[2025-11-03T23:36:03.426+0000] {processor.py:840} INFO - DAG(s) 'misp_ingest' retrieved from /opt/airflow/dags/misp_ingest.py
[2025-11-03T23:36:03.432+0000] {logging_mixin.py:188} INFO - [2025-11-03T23:36:03.431+0000] {dag.py:3089} INFO - Sync 1 DAGs
[2025-11-03T23:36:03.437+0000] {logging_mixin.py:188} INFO - [2025-11-03T23:36:03.437+0000] {dag.py:3947} INFO - Setting next_dagrun for misp_ingest to 2025-11-03 00:00:00+00:00, run_after=2025-11-04 00:00:00+00:00
[2025-11-03T23:36:03.443+0000] {processor.py:183} INFO - Processing /opt/airflow/dags/misp_ingest.py took 0.191 seconds
[2025-11-03T23:36:33.479+0000] {processor.py:161} INFO - Started process (PID=1587) to work on /opt/airflow/dags/misp_ingest.py
[2025-11-03T23:36:33.480+0000] {processor.py:830} INFO - Processing file /opt/airflow/dags/misp_ingest.py for tasks to queue
[2025-11-03T23:36:33.481+0000] {logging_mixin.py:188} INFO - [2025-11-03T23:36:33.481+0000] {dagbag.py:545} INFO - Filling up the DagBag from /opt/airflow/dags/misp_ingest.py
[2025-11-03T23:36:33.646+0000] {processor.py:840} INFO - DAG(s) 'misp_ingest' retrieved from /opt/airflow/dags/misp_ingest.py
[2025-11-03T23:36:33.652+0000] {logging_mixin.py:188} INFO - [2025-11-03T23:36:33.652+0000] {dag.py:3089} INFO - Sync 1 DAGs
[2025-11-03T23:36:33.657+0000] {logging_mixin.py:188} INFO - [2025-11-03T23:36:33.657+0000] {dag.py:3947} INFO - Setting next_dagrun for misp_ingest to 2025-11-03 00:00:00+00:00, run_after=2025-11-04 00:00:00+00:00
[2025-11-03T23:36:33.663+0000] {processor.py:183} INFO - Processing /opt/airflow/dags/misp_ingest.py took 0.190 seconds
[2025-11-03T23:37:04.153+0000] {processor.py:161} INFO - Started process (PID=1620) to work on /opt/airflow/dags/misp_ingest.py
[2025-11-03T23:37:04.154+0000] {processor.py:830} INFO - Processing file /opt/airflow/dags/misp_ingest.py for tasks to queue
[2025-11-03T23:37:04.156+0000] {logging_mixin.py:188} INFO - [2025-11-03T23:37:04.155+0000] {dagbag.py:545} INFO - Filling up the DagBag from /opt/airflow/dags/misp_ingest.py
[2025-11-03T23:37:04.322+0000] {processor.py:840} INFO - DAG(s) 'misp_ingest' retrieved from /opt/airflow/dags/misp_ingest.py
[2025-11-03T23:37:04.327+0000] {logging_mixin.py:188} INFO - [2025-11-03T23:37:04.327+0000] {dag.py:3089} INFO - Sync 1 DAGs
[2025-11-03T23:37:04.332+0000] {logging_mixin.py:188} INFO - [2025-11-03T23:37:04.332+0000] {dag.py:3947} INFO - Setting next_dagrun for misp_ingest to 2025-11-03 00:00:00+00:00, run_after=2025-11-04 00:00:00+00:00
[2025-11-03T23:37:04.339+0000] {processor.py:183} INFO - Processing /opt/airflow/dags/misp_ingest.py took 0.192 seconds
[2025-11-03T23:37:34.418+0000] {processor.py:161} INFO - Started process (PID=1653) to work on /opt/airflow/dags/misp_ingest.py
[2025-11-03T23:37:34.419+0000] {processor.py:830} INFO - Processing file /opt/airflow/dags/misp_ingest.py for tasks to queue
[2025-11-03T23:37:34.420+0000] {logging_mixin.py:188} INFO - [2025-11-03T23:37:34.420+0000] {dagbag.py:545} INFO - Filling up the DagBag from /opt/airflow/dags/misp_ingest.py
[2025-11-03T23:37:34.586+0000] {processor.py:840} INFO - DAG(s) 'misp_ingest' retrieved from /opt/airflow/dags/misp_ingest.py
[2025-11-03T23:37:34.592+0000] {logging_mixin.py:188} INFO - [2025-11-03T23:37:34.592+0000] {dag.py:3089} INFO - Sync 1 DAGs
[2025-11-03T23:37:34.597+0000] {logging_mixin.py:188} INFO - [2025-11-03T23:37:34.596+0000] {dag.py:3947} INFO - Setting next_dagrun for misp_ingest to 2025-11-03 00:00:00+00:00, run_after=2025-11-04 00:00:00+00:00
[2025-11-03T23:37:34.603+0000] {processor.py:183} INFO - Processing /opt/airflow/dags/misp_ingest.py took 0.189 seconds
[2025-11-03T23:38:04.710+0000] {processor.py:161} INFO - Started process (PID=1686) to work on /opt/airflow/dags/misp_ingest.py
[2025-11-03T23:38:04.711+0000] {processor.py:830} INFO - Processing file /opt/airflow/dags/misp_ingest.py for tasks to queue
[2025-11-03T23:38:04.714+0000] {logging_mixin.py:188} INFO - [2025-11-03T23:38:04.713+0000] {dagbag.py:545} INFO - Filling up the DagBag from /opt/airflow/dags/misp_ingest.py
[2025-11-03T23:38:04.899+0000] {processor.py:840} INFO - DAG(s) 'misp_ingest' retrieved from /opt/airflow/dags/misp_ingest.py
[2025-11-03T23:38:04.904+0000] {logging_mixin.py:188} INFO - [2025-11-03T23:38:04.904+0000] {dag.py:3089} INFO - Sync 1 DAGs
[2025-11-03T23:38:04.909+0000] {logging_mixin.py:188} INFO - [2025-11-03T23:38:04.909+0000] {dag.py:3947} INFO - Setting next_dagrun for misp_ingest to 2025-11-03 00:00:00+00:00, run_after=2025-11-04 00:00:00+00:00
[2025-11-03T23:38:04.916+0000] {processor.py:183} INFO - Processing /opt/airflow/dags/misp_ingest.py took 0.212 seconds
[2025-11-03T23:38:35.087+0000] {processor.py:161} INFO - Started process (PID=1719) to work on /opt/airflow/dags/misp_ingest.py
[2025-11-03T23:38:35.088+0000] {processor.py:830} INFO - Processing file /opt/airflow/dags/misp_ingest.py for tasks to queue
[2025-11-03T23:38:35.090+0000] {logging_mixin.py:188} INFO - [2025-11-03T23:38:35.090+0000] {dagbag.py:545} INFO - Filling up the DagBag from /opt/airflow/dags/misp_ingest.py
[2025-11-03T23:38:35.262+0000] {processor.py:840} INFO - DAG(s) 'misp_ingest' retrieved from /opt/airflow/dags/misp_ingest.py
[2025-11-03T23:38:35.268+0000] {logging_mixin.py:188} INFO - [2025-11-03T23:38:35.267+0000] {dag.py:3089} INFO - Sync 1 DAGs
[2025-11-03T23:38:35.273+0000] {logging_mixin.py:188} INFO - [2025-11-03T23:38:35.273+0000] {dag.py:3947} INFO - Setting next_dagrun for misp_ingest to 2025-11-03 00:00:00+00:00, run_after=2025-11-04 00:00:00+00:00
[2025-11-03T23:38:35.279+0000] {processor.py:183} INFO - Processing /opt/airflow/dags/misp_ingest.py took 0.198 seconds
[2025-11-03T23:39:05.467+0000] {processor.py:161} INFO - Started process (PID=1752) to work on /opt/airflow/dags/misp_ingest.py
[2025-11-03T23:39:05.468+0000] {processor.py:830} INFO - Processing file /opt/airflow/dags/misp_ingest.py for tasks to queue
[2025-11-03T23:39:05.470+0000] {logging_mixin.py:188} INFO - [2025-11-03T23:39:05.469+0000] {dagbag.py:545} INFO - Filling up the DagBag from /opt/airflow/dags/misp_ingest.py
[2025-11-03T23:39:05.634+0000] {processor.py:840} INFO - DAG(s) 'misp_ingest' retrieved from /opt/airflow/dags/misp_ingest.py
[2025-11-03T23:39:05.639+0000] {logging_mixin.py:188} INFO - [2025-11-03T23:39:05.639+0000] {dag.py:3089} INFO - Sync 1 DAGs
[2025-11-03T23:39:05.645+0000] {logging_mixin.py:188} INFO - [2025-11-03T23:39:05.644+0000] {dag.py:3947} INFO - Setting next_dagrun for misp_ingest to 2025-11-03 00:00:00+00:00, run_after=2025-11-04 00:00:00+00:00
[2025-11-03T23:39:05.650+0000] {processor.py:183} INFO - Processing /opt/airflow/dags/misp_ingest.py took 0.188 seconds
[2025-11-03T23:39:36.329+0000] {processor.py:161} INFO - Started process (PID=1785) to work on /opt/airflow/dags/misp_ingest.py
[2025-11-03T23:39:36.329+0000] {processor.py:830} INFO - Processing file /opt/airflow/dags/misp_ingest.py for tasks to queue
[2025-11-03T23:39:36.331+0000] {logging_mixin.py:188} INFO - [2025-11-03T23:39:36.331+0000] {dagbag.py:545} INFO - Filling up the DagBag from /opt/airflow/dags/misp_ingest.py
[2025-11-03T23:39:36.498+0000] {processor.py:840} INFO - DAG(s) 'misp_ingest' retrieved from /opt/airflow/dags/misp_ingest.py
[2025-11-03T23:39:36.504+0000] {logging_mixin.py:188} INFO - [2025-11-03T23:39:36.504+0000] {dag.py:3089} INFO - Sync 1 DAGs
[2025-11-03T23:39:36.510+0000] {logging_mixin.py:188} INFO - [2025-11-03T23:39:36.509+0000] {dag.py:3947} INFO - Setting next_dagrun for misp_ingest to 2025-11-03 00:00:00+00:00, run_after=2025-11-04 00:00:00+00:00
[2025-11-03T23:39:36.517+0000] {processor.py:183} INFO - Processing /opt/airflow/dags/misp_ingest.py took 0.194 seconds
[2025-11-03T23:40:07.561+0000] {processor.py:161} INFO - Started process (PID=1818) to work on /opt/airflow/dags/misp_ingest.py
[2025-11-03T23:40:07.561+0000] {processor.py:830} INFO - Processing file /opt/airflow/dags/misp_ingest.py for tasks to queue
[2025-11-03T23:40:07.563+0000] {logging_mixin.py:188} INFO - [2025-11-03T23:40:07.562+0000] {dagbag.py:545} INFO - Filling up the DagBag from /opt/airflow/dags/misp_ingest.py
[2025-11-03T23:40:07.731+0000] {processor.py:840} INFO - DAG(s) 'misp_ingest' retrieved from /opt/airflow/dags/misp_ingest.py
[2025-11-03T23:40:07.736+0000] {logging_mixin.py:188} INFO - [2025-11-03T23:40:07.736+0000] {dag.py:3089} INFO - Sync 1 DAGs
[2025-11-03T23:40:07.742+0000] {logging_mixin.py:188} INFO - [2025-11-03T23:40:07.742+0000] {dag.py:3947} INFO - Setting next_dagrun for misp_ingest to 2025-11-03 00:00:00+00:00, run_after=2025-11-04 00:00:00+00:00
[2025-11-03T23:40:07.748+0000] {processor.py:183} INFO - Processing /opt/airflow/dags/misp_ingest.py took 0.191 seconds
[2025-11-03T23:40:38.769+0000] {processor.py:161} INFO - Started process (PID=1851) to work on /opt/airflow/dags/misp_ingest.py
[2025-11-03T23:40:38.770+0000] {processor.py:830} INFO - Processing file /opt/airflow/dags/misp_ingest.py for tasks to queue
[2025-11-03T23:40:38.772+0000] {logging_mixin.py:188} INFO - [2025-11-03T23:40:38.771+0000] {dagbag.py:545} INFO - Filling up the DagBag from /opt/airflow/dags/misp_ingest.py
[2025-11-03T23:40:38.937+0000] {processor.py:840} INFO - DAG(s) 'misp_ingest' retrieved from /opt/airflow/dags/misp_ingest.py
[2025-11-03T23:40:38.942+0000] {logging_mixin.py:188} INFO - [2025-11-03T23:40:38.942+0000] {dag.py:3089} INFO - Sync 1 DAGs
[2025-11-03T23:40:38.947+0000] {logging_mixin.py:188} INFO - [2025-11-03T23:40:38.946+0000] {dag.py:3947} INFO - Setting next_dagrun for misp_ingest to 2025-11-03 00:00:00+00:00, run_after=2025-11-04 00:00:00+00:00
[2025-11-03T23:40:38.953+0000] {processor.py:183} INFO - Processing /opt/airflow/dags/misp_ingest.py took 0.189 seconds
[2025-11-03T23:41:09.091+0000] {processor.py:161} INFO - Started process (PID=1884) to work on /opt/airflow/dags/misp_ingest.py
[2025-11-03T23:41:09.092+0000] {processor.py:830} INFO - Processing file /opt/airflow/dags/misp_ingest.py for tasks to queue
[2025-11-03T23:41:09.094+0000] {logging_mixin.py:188} INFO - [2025-11-03T23:41:09.093+0000] {dagbag.py:545} INFO - Filling up the DagBag from /opt/airflow/dags/misp_ingest.py
[2025-11-03T23:41:09.250+0000] {processor.py:840} INFO - DAG(s) 'misp_ingest' retrieved from /opt/airflow/dags/misp_ingest.py
[2025-11-03T23:41:09.256+0000] {logging_mixin.py:188} INFO - [2025-11-03T23:41:09.255+0000] {dag.py:3089} INFO - Sync 1 DAGs
[2025-11-03T23:41:09.261+0000] {logging_mixin.py:188} INFO - [2025-11-03T23:41:09.261+0000] {dag.py:3947} INFO - Setting next_dagrun for misp_ingest to 2025-11-03 00:00:00+00:00, run_after=2025-11-04 00:00:00+00:00
[2025-11-03T23:41:09.268+0000] {processor.py:183} INFO - Processing /opt/airflow/dags/misp_ingest.py took 0.181 seconds
[2025-11-03T23:41:39.373+0000] {processor.py:161} INFO - Started process (PID=1917) to work on /opt/airflow/dags/misp_ingest.py
[2025-11-03T23:41:39.374+0000] {processor.py:830} INFO - Processing file /opt/airflow/dags/misp_ingest.py for tasks to queue
[2025-11-03T23:41:39.374+0000] {logging_mixin.py:188} INFO - [2025-11-03T23:41:39.374+0000] {dagbag.py:545} INFO - Filling up the DagBag from /opt/airflow/dags/misp_ingest.py
[2025-11-03T23:41:39.537+0000] {processor.py:840} INFO - DAG(s) 'misp_ingest' retrieved from /opt/airflow/dags/misp_ingest.py
[2025-11-03T23:41:39.543+0000] {logging_mixin.py:188} INFO - [2025-11-03T23:41:39.542+0000] {dag.py:3089} INFO - Sync 1 DAGs
[2025-11-03T23:41:39.548+0000] {logging_mixin.py:188} INFO - [2025-11-03T23:41:39.548+0000] {dag.py:3947} INFO - Setting next_dagrun for misp_ingest to 2025-11-03 00:00:00+00:00, run_after=2025-11-04 00:00:00+00:00
[2025-11-03T23:41:39.555+0000] {processor.py:183} INFO - Processing /opt/airflow/dags/misp_ingest.py took 0.185 seconds
[2025-11-03T23:42:09.931+0000] {processor.py:161} INFO - Started process (PID=1950) to work on /opt/airflow/dags/misp_ingest.py
[2025-11-03T23:42:09.932+0000] {processor.py:830} INFO - Processing file /opt/airflow/dags/misp_ingest.py for tasks to queue
[2025-11-03T23:42:09.937+0000] {logging_mixin.py:188} INFO - [2025-11-03T23:42:09.935+0000] {dagbag.py:545} INFO - Filling up the DagBag from /opt/airflow/dags/misp_ingest.py
[2025-11-03T23:42:10.248+0000] {processor.py:840} INFO - DAG(s) 'misp_ingest' retrieved from /opt/airflow/dags/misp_ingest.py
[2025-11-03T23:42:10.256+0000] {logging_mixin.py:188} INFO - [2025-11-03T23:42:10.256+0000] {dag.py:3089} INFO - Sync 1 DAGs
[2025-11-03T23:42:10.263+0000] {logging_mixin.py:188} INFO - [2025-11-03T23:42:10.262+0000] {dag.py:3947} INFO - Setting next_dagrun for misp_ingest to 2025-11-03 00:00:00+00:00, run_after=2025-11-04 00:00:00+00:00
[2025-11-03T23:42:10.270+0000] {processor.py:183} INFO - Processing /opt/airflow/dags/misp_ingest.py took 0.348 seconds
[2025-11-03T23:42:41.972+0000] {processor.py:161} INFO - Started process (PID=84) to work on /opt/airflow/dags/misp_ingest.py
[2025-11-03T23:42:41.973+0000] {processor.py:830} INFO - Processing file /opt/airflow/dags/misp_ingest.py for tasks to queue
[2025-11-03T23:42:41.974+0000] {logging_mixin.py:188} INFO - [2025-11-03T23:42:41.974+0000] {dagbag.py:545} INFO - Filling up the DagBag from /opt/airflow/dags/misp_ingest.py
[2025-11-03T23:42:42.586+0000] {processor.py:840} INFO - DAG(s) 'misp_ingest' retrieved from /opt/airflow/dags/misp_ingest.py
[2025-11-03T23:42:42.720+0000] {logging_mixin.py:188} INFO - [2025-11-03T23:42:42.720+0000] {override.py:1858} INFO - Created Permission View: can read on DAG:misp_ingest
[2025-11-03T23:42:42.724+0000] {logging_mixin.py:188} INFO - [2025-11-03T23:42:42.724+0000] {override.py:1858} INFO - Created Permission View: can delete on DAG:misp_ingest
[2025-11-03T23:42:42.727+0000] {logging_mixin.py:188} INFO - [2025-11-03T23:42:42.727+0000] {override.py:1858} INFO - Created Permission View: can edit on DAG:misp_ingest
[2025-11-03T23:42:42.727+0000] {logging_mixin.py:188} INFO - [2025-11-03T23:42:42.727+0000] {dag.py:3089} INFO - Sync 1 DAGs
[2025-11-03T23:42:42.730+0000] {logging_mixin.py:188} INFO - [2025-11-03T23:42:42.730+0000] {dag.py:3111} INFO - Creating ORM DAG for misp_ingest
[2025-11-03T23:42:42.733+0000] {logging_mixin.py:188} INFO - [2025-11-03T23:42:42.733+0000] {dag.py:3947} INFO - Setting next_dagrun for misp_ingest to 2025-11-02 00:00:00+00:00, run_after=2025-11-03 00:00:00+00:00
[2025-11-03T23:42:42.739+0000] {processor.py:183} INFO - Processing /opt/airflow/dags/misp_ingest.py took 0.769 seconds
[2025-11-03T23:43:13.085+0000] {processor.py:161} INFO - Started process (PID=139) to work on /opt/airflow/dags/misp_ingest.py
[2025-11-03T23:43:13.087+0000] {processor.py:830} INFO - Processing file /opt/airflow/dags/misp_ingest.py for tasks to queue
[2025-11-03T23:43:13.090+0000] {logging_mixin.py:188} INFO - [2025-11-03T23:43:13.089+0000] {dagbag.py:545} INFO - Filling up the DagBag from /opt/airflow/dags/misp_ingest.py
[2025-11-03T23:43:13.251+0000] {processor.py:840} INFO - DAG(s) 'misp_ingest' retrieved from /opt/airflow/dags/misp_ingest.py
[2025-11-03T23:43:13.259+0000] {logging_mixin.py:188} INFO - [2025-11-03T23:43:13.259+0000] {dag.py:3089} INFO - Sync 1 DAGs
[2025-11-03T23:43:13.351+0000] {logging_mixin.py:188} INFO - [2025-11-03T23:43:13.351+0000] {dag.py:3947} INFO - Setting next_dagrun for misp_ingest to 2025-11-02 00:00:00+00:00, run_after=2025-11-03 00:00:00+00:00
[2025-11-03T23:43:13.357+0000] {processor.py:183} INFO - Processing /opt/airflow/dags/misp_ingest.py took 0.280 seconds
[2025-11-03T23:43:43.661+0000] {processor.py:161} INFO - Started process (PID=184) to work on /opt/airflow/dags/misp_ingest.py
[2025-11-03T23:43:43.662+0000] {processor.py:830} INFO - Processing file /opt/airflow/dags/misp_ingest.py for tasks to queue
[2025-11-03T23:43:43.664+0000] {logging_mixin.py:188} INFO - [2025-11-03T23:43:43.663+0000] {dagbag.py:545} INFO - Filling up the DagBag from /opt/airflow/dags/misp_ingest.py
[2025-11-03T23:43:43.785+0000] {processor.py:840} INFO - DAG(s) 'misp_ingest' retrieved from /opt/airflow/dags/misp_ingest.py
[2025-11-03T23:43:43.846+0000] {logging_mixin.py:188} INFO - [2025-11-03T23:43:43.845+0000] {dag.py:3089} INFO - Sync 1 DAGs
[2025-11-03T23:43:43.851+0000] {logging_mixin.py:188} INFO - [2025-11-03T23:43:43.851+0000] {dag.py:3947} INFO - Setting next_dagrun for misp_ingest to 2025-11-03 00:00:00+00:00, run_after=2025-11-04 00:00:00+00:00
[2025-11-03T23:43:43.857+0000] {processor.py:183} INFO - Processing /opt/airflow/dags/misp_ingest.py took 0.201 seconds
[2025-11-03T23:44:14.925+0000] {processor.py:161} INFO - Started process (PID=217) to work on /opt/airflow/dags/misp_ingest.py
[2025-11-03T23:44:14.926+0000] {processor.py:830} INFO - Processing file /opt/airflow/dags/misp_ingest.py for tasks to queue
[2025-11-03T23:44:14.928+0000] {logging_mixin.py:188} INFO - [2025-11-03T23:44:14.927+0000] {dagbag.py:545} INFO - Filling up the DagBag from /opt/airflow/dags/misp_ingest.py
[2025-11-03T23:44:15.077+0000] {processor.py:840} INFO - DAG(s) 'misp_ingest' retrieved from /opt/airflow/dags/misp_ingest.py
[2025-11-03T23:44:15.205+0000] {logging_mixin.py:188} INFO - [2025-11-03T23:44:15.204+0000] {dag.py:3089} INFO - Sync 1 DAGs
[2025-11-03T23:44:15.210+0000] {logging_mixin.py:188} INFO - [2025-11-03T23:44:15.210+0000] {dag.py:3947} INFO - Setting next_dagrun for misp_ingest to 2025-11-03 00:00:00+00:00, run_after=2025-11-04 00:00:00+00:00
[2025-11-03T23:44:15.217+0000] {processor.py:183} INFO - Processing /opt/airflow/dags/misp_ingest.py took 0.298 seconds
[2025-11-03T23:44:46.268+0000] {processor.py:161} INFO - Started process (PID=250) to work on /opt/airflow/dags/misp_ingest.py
[2025-11-03T23:44:46.269+0000] {processor.py:830} INFO - Processing file /opt/airflow/dags/misp_ingest.py for tasks to queue
[2025-11-03T23:44:46.272+0000] {logging_mixin.py:188} INFO - [2025-11-03T23:44:46.272+0000] {dagbag.py:545} INFO - Filling up the DagBag from /opt/airflow/dags/misp_ingest.py
[2025-11-03T23:44:46.503+0000] {processor.py:840} INFO - DAG(s) 'misp_ingest' retrieved from /opt/airflow/dags/misp_ingest.py
[2025-11-03T23:44:46.509+0000] {logging_mixin.py:188} INFO - [2025-11-03T23:44:46.509+0000] {dag.py:3089} INFO - Sync 1 DAGs
[2025-11-03T23:44:46.514+0000] {logging_mixin.py:188} INFO - [2025-11-03T23:44:46.514+0000] {dag.py:3947} INFO - Setting next_dagrun for misp_ingest to 2025-11-03 00:00:00+00:00, run_after=2025-11-04 00:00:00+00:00
[2025-11-03T23:44:46.521+0000] {processor.py:183} INFO - Processing /opt/airflow/dags/misp_ingest.py took 0.261 seconds
[2025-11-03T23:45:16.635+0000] {processor.py:161} INFO - Started process (PID=309) to work on /opt/airflow/dags/misp_ingest.py
[2025-11-03T23:45:16.637+0000] {processor.py:830} INFO - Processing file /opt/airflow/dags/misp_ingest.py for tasks to queue
[2025-11-03T23:45:16.639+0000] {logging_mixin.py:188} INFO - [2025-11-03T23:45:16.639+0000] {dagbag.py:545} INFO - Filling up the DagBag from /opt/airflow/dags/misp_ingest.py
[2025-11-03T23:45:16.823+0000] {processor.py:840} INFO - DAG(s) 'misp_ingest' retrieved from /opt/airflow/dags/misp_ingest.py
[2025-11-03T23:45:16.829+0000] {logging_mixin.py:188} INFO - [2025-11-03T23:45:16.829+0000] {dag.py:3089} INFO - Sync 1 DAGs
[2025-11-03T23:45:16.834+0000] {logging_mixin.py:188} INFO - [2025-11-03T23:45:16.834+0000] {dag.py:3947} INFO - Setting next_dagrun for misp_ingest to 2025-11-03 00:00:00+00:00, run_after=2025-11-04 00:00:00+00:00
[2025-11-03T23:45:16.841+0000] {processor.py:183} INFO - Processing /opt/airflow/dags/misp_ingest.py took 0.212 seconds
[2025-11-03T23:45:47.911+0000] {processor.py:161} INFO - Started process (PID=342) to work on /opt/airflow/dags/misp_ingest.py
[2025-11-03T23:45:47.913+0000] {processor.py:830} INFO - Processing file /opt/airflow/dags/misp_ingest.py for tasks to queue
[2025-11-03T23:45:47.915+0000] {logging_mixin.py:188} INFO - [2025-11-03T23:45:47.915+0000] {dagbag.py:545} INFO - Filling up the DagBag from /opt/airflow/dags/misp_ingest.py
[2025-11-03T23:45:48.123+0000] {processor.py:840} INFO - DAG(s) 'misp_ingest' retrieved from /opt/airflow/dags/misp_ingest.py
[2025-11-03T23:45:48.129+0000] {logging_mixin.py:188} INFO - [2025-11-03T23:45:48.128+0000] {dag.py:3089} INFO - Sync 1 DAGs
[2025-11-03T23:45:48.134+0000] {logging_mixin.py:188} INFO - [2025-11-03T23:45:48.134+0000] {dag.py:3947} INFO - Setting next_dagrun for misp_ingest to 2025-11-03 00:00:00+00:00, run_after=2025-11-04 00:00:00+00:00
[2025-11-03T23:45:48.141+0000] {processor.py:183} INFO - Processing /opt/airflow/dags/misp_ingest.py took 0.238 seconds
[2025-11-03T23:46:26.579+0000] {processor.py:161} INFO - Started process (PID=84) to work on /opt/airflow/dags/misp_ingest.py
[2025-11-03T23:46:26.580+0000] {processor.py:830} INFO - Processing file /opt/airflow/dags/misp_ingest.py for tasks to queue
[2025-11-03T23:46:26.581+0000] {logging_mixin.py:188} INFO - [2025-11-03T23:46:26.580+0000] {dagbag.py:545} INFO - Filling up the DagBag from /opt/airflow/dags/misp_ingest.py
[2025-11-03T23:46:27.302+0000] {processor.py:840} INFO - DAG(s) 'misp_ingest' retrieved from /opt/airflow/dags/misp_ingest.py
[2025-11-03T23:46:27.440+0000] {logging_mixin.py:188} INFO - [2025-11-03T23:46:27.439+0000] {override.py:1858} INFO - Created Permission View: can delete on DAG:misp_ingest
[2025-11-03T23:46:27.445+0000] {logging_mixin.py:188} INFO - [2025-11-03T23:46:27.445+0000] {override.py:1858} INFO - Created Permission View: can edit on DAG:misp_ingest
[2025-11-03T23:46:27.448+0000] {logging_mixin.py:188} INFO - [2025-11-03T23:46:27.448+0000] {override.py:1858} INFO - Created Permission View: can read on DAG:misp_ingest
[2025-11-03T23:46:27.448+0000] {logging_mixin.py:188} INFO - [2025-11-03T23:46:27.448+0000] {dag.py:3089} INFO - Sync 1 DAGs
[2025-11-03T23:46:27.453+0000] {logging_mixin.py:188} INFO - [2025-11-03T23:46:27.453+0000] {dag.py:3111} INFO - Creating ORM DAG for misp_ingest
[2025-11-03T23:46:27.456+0000] {logging_mixin.py:188} INFO - [2025-11-03T23:46:27.456+0000] {dag.py:3947} INFO - Setting next_dagrun for misp_ingest to 2025-11-02 00:00:00+00:00, run_after=2025-11-03 00:00:00+00:00
[2025-11-03T23:46:27.464+0000] {processor.py:183} INFO - Processing /opt/airflow/dags/misp_ingest.py took 0.888 seconds
[2025-11-03T23:46:57.758+0000] {processor.py:161} INFO - Started process (PID=138) to work on /opt/airflow/dags/misp_ingest.py
[2025-11-03T23:46:57.761+0000] {processor.py:830} INFO - Processing file /opt/airflow/dags/misp_ingest.py for tasks to queue
[2025-11-03T23:46:57.765+0000] {logging_mixin.py:188} INFO - [2025-11-03T23:46:57.764+0000] {dagbag.py:545} INFO - Filling up the DagBag from /opt/airflow/dags/misp_ingest.py
[2025-11-03T23:46:57.925+0000] {processor.py:840} INFO - DAG(s) 'misp_ingest' retrieved from /opt/airflow/dags/misp_ingest.py
[2025-11-03T23:46:57.934+0000] {logging_mixin.py:188} INFO - [2025-11-03T23:46:57.934+0000] {dag.py:3089} INFO - Sync 1 DAGs
[2025-11-03T23:46:58.026+0000] {logging_mixin.py:188} INFO - [2025-11-03T23:46:58.026+0000] {dag.py:3947} INFO - Setting next_dagrun for misp_ingest to 2025-11-02 00:00:00+00:00, run_after=2025-11-03 00:00:00+00:00
[2025-11-03T23:46:58.033+0000] {processor.py:183} INFO - Processing /opt/airflow/dags/misp_ingest.py took 0.287 seconds
[2025-11-03T23:47:29.050+0000] {processor.py:161} INFO - Started process (PID=172) to work on /opt/airflow/dags/misp_ingest.py
[2025-11-03T23:47:29.051+0000] {processor.py:830} INFO - Processing file /opt/airflow/dags/misp_ingest.py for tasks to queue
[2025-11-03T23:47:29.054+0000] {logging_mixin.py:188} INFO - [2025-11-03T23:47:29.054+0000] {dagbag.py:545} INFO - Filling up the DagBag from /opt/airflow/dags/misp_ingest.py
[2025-11-03T23:47:29.197+0000] {processor.py:840} INFO - DAG(s) 'misp_ingest' retrieved from /opt/airflow/dags/misp_ingest.py
[2025-11-03T23:47:29.283+0000] {logging_mixin.py:188} INFO - [2025-11-03T23:47:29.282+0000] {dag.py:3089} INFO - Sync 1 DAGs
[2025-11-03T23:47:29.288+0000] {logging_mixin.py:188} INFO - [2025-11-03T23:47:29.288+0000] {dag.py:3947} INFO - Setting next_dagrun for misp_ingest to 2025-11-02 00:00:00+00:00, run_after=2025-11-03 00:00:00+00:00
[2025-11-03T23:47:29.295+0000] {processor.py:183} INFO - Processing /opt/airflow/dags/misp_ingest.py took 0.253 seconds
[2025-11-03T23:48:00.281+0000] {processor.py:161} INFO - Started process (PID=205) to work on /opt/airflow/dags/misp_ingest.py
[2025-11-03T23:48:00.283+0000] {processor.py:830} INFO - Processing file /opt/airflow/dags/misp_ingest.py for tasks to queue
[2025-11-03T23:48:00.286+0000] {logging_mixin.py:188} INFO - [2025-11-03T23:48:00.285+0000] {dagbag.py:545} INFO - Filling up the DagBag from /opt/airflow/dags/misp_ingest.py
[2025-11-03T23:48:00.423+0000] {processor.py:840} INFO - DAG(s) 'misp_ingest' retrieved from /opt/airflow/dags/misp_ingest.py
[2025-11-03T23:48:00.500+0000] {logging_mixin.py:188} INFO - [2025-11-03T23:48:00.500+0000] {dag.py:3089} INFO - Sync 1 DAGs
[2025-11-03T23:48:00.505+0000] {logging_mixin.py:188} INFO - [2025-11-03T23:48:00.505+0000] {dag.py:3947} INFO - Setting next_dagrun for misp_ingest to 2025-11-02 00:00:00+00:00, run_after=2025-11-03 00:00:00+00:00
[2025-11-03T23:48:00.511+0000] {processor.py:183} INFO - Processing /opt/airflow/dags/misp_ingest.py took 0.237 seconds
[2025-11-03T23:48:31.594+0000] {processor.py:161} INFO - Started process (PID=238) to work on /opt/airflow/dags/misp_ingest.py
[2025-11-03T23:48:31.595+0000] {processor.py:830} INFO - Processing file /opt/airflow/dags/misp_ingest.py for tasks to queue
[2025-11-03T23:48:31.596+0000] {logging_mixin.py:188} INFO - [2025-11-03T23:48:31.596+0000] {dagbag.py:545} INFO - Filling up the DagBag from /opt/airflow/dags/misp_ingest.py
[2025-11-03T23:48:31.820+0000] {processor.py:840} INFO - DAG(s) 'misp_ingest' retrieved from /opt/airflow/dags/misp_ingest.py
[2025-11-03T23:48:31.828+0000] {logging_mixin.py:188} INFO - [2025-11-03T23:48:31.828+0000] {dag.py:3089} INFO - Sync 1 DAGs
[2025-11-03T23:48:31.834+0000] {logging_mixin.py:188} INFO - [2025-11-03T23:48:31.834+0000] {dag.py:3947} INFO - Setting next_dagrun for misp_ingest to 2025-11-02 00:00:00+00:00, run_after=2025-11-03 00:00:00+00:00
[2025-11-03T23:48:31.841+0000] {processor.py:183} INFO - Processing /opt/airflow/dags/misp_ingest.py took 0.250 seconds
[2025-11-03T23:49:02.949+0000] {processor.py:161} INFO - Started process (PID=271) to work on /opt/airflow/dags/misp_ingest.py
[2025-11-03T23:49:02.950+0000] {processor.py:830} INFO - Processing file /opt/airflow/dags/misp_ingest.py for tasks to queue
[2025-11-03T23:49:02.952+0000] {logging_mixin.py:188} INFO - [2025-11-03T23:49:02.952+0000] {dagbag.py:545} INFO - Filling up the DagBag from /opt/airflow/dags/misp_ingest.py
[2025-11-03T23:49:03.148+0000] {processor.py:840} INFO - DAG(s) 'misp_ingest' retrieved from /opt/airflow/dags/misp_ingest.py
[2025-11-03T23:49:03.153+0000] {logging_mixin.py:188} INFO - [2025-11-03T23:49:03.153+0000] {dag.py:3089} INFO - Sync 1 DAGs
[2025-11-03T23:49:03.159+0000] {logging_mixin.py:188} INFO - [2025-11-03T23:49:03.159+0000] {dag.py:3947} INFO - Setting next_dagrun for misp_ingest to 2025-11-02 00:00:00+00:00, run_after=2025-11-03 00:00:00+00:00
[2025-11-03T23:49:03.165+0000] {processor.py:183} INFO - Processing /opt/airflow/dags/misp_ingest.py took 0.222 seconds
[2025-11-03T23:49:34.175+0000] {processor.py:161} INFO - Started process (PID=304) to work on /opt/airflow/dags/misp_ingest.py
[2025-11-03T23:49:34.176+0000] {processor.py:830} INFO - Processing file /opt/airflow/dags/misp_ingest.py for tasks to queue
[2025-11-03T23:49:34.180+0000] {logging_mixin.py:188} INFO - [2025-11-03T23:49:34.179+0000] {dagbag.py:545} INFO - Filling up the DagBag from /opt/airflow/dags/misp_ingest.py
[2025-11-03T23:49:34.392+0000] {processor.py:840} INFO - DAG(s) 'misp_ingest' retrieved from /opt/airflow/dags/misp_ingest.py
[2025-11-03T23:49:34.398+0000] {logging_mixin.py:188} INFO - [2025-11-03T23:49:34.398+0000] {dag.py:3089} INFO - Sync 1 DAGs
[2025-11-03T23:49:34.403+0000] {logging_mixin.py:188} INFO - [2025-11-03T23:49:34.403+0000] {dag.py:3947} INFO - Setting next_dagrun for misp_ingest to 2025-11-02 00:00:00+00:00, run_after=2025-11-03 00:00:00+00:00
[2025-11-03T23:49:34.410+0000] {processor.py:183} INFO - Processing /opt/airflow/dags/misp_ingest.py took 0.244 seconds
[2025-11-03T23:50:05.399+0000] {processor.py:161} INFO - Started process (PID=337) to work on /opt/airflow/dags/misp_ingest.py
[2025-11-03T23:50:05.401+0000] {processor.py:830} INFO - Processing file /opt/airflow/dags/misp_ingest.py for tasks to queue
[2025-11-03T23:50:05.404+0000] {logging_mixin.py:188} INFO - [2025-11-03T23:50:05.404+0000] {dagbag.py:545} INFO - Filling up the DagBag from /opt/airflow/dags/misp_ingest.py
[2025-11-03T23:50:05.556+0000] {processor.py:840} INFO - DAG(s) 'misp_ingest' retrieved from /opt/airflow/dags/misp_ingest.py
[2025-11-03T23:50:05.647+0000] {logging_mixin.py:188} INFO - [2025-11-03T23:50:05.647+0000] {dag.py:3089} INFO - Sync 1 DAGs
[2025-11-03T23:50:05.652+0000] {logging_mixin.py:188} INFO - [2025-11-03T23:50:05.652+0000] {dag.py:3947} INFO - Setting next_dagrun for misp_ingest to 2025-11-02 00:00:00+00:00, run_after=2025-11-03 00:00:00+00:00
[2025-11-03T23:50:05.659+0000] {processor.py:183} INFO - Processing /opt/airflow/dags/misp_ingest.py took 0.268 seconds
[2025-11-03T23:50:35.864+0000] {processor.py:161} INFO - Started process (PID=370) to work on /opt/airflow/dags/misp_ingest.py
[2025-11-03T23:50:35.865+0000] {processor.py:830} INFO - Processing file /opt/airflow/dags/misp_ingest.py for tasks to queue
[2025-11-03T23:50:35.867+0000] {logging_mixin.py:188} INFO - [2025-11-03T23:50:35.867+0000] {dagbag.py:545} INFO - Filling up the DagBag from /opt/airflow/dags/misp_ingest.py
[2025-11-03T23:50:36.008+0000] {processor.py:840} INFO - DAG(s) 'misp_ingest' retrieved from /opt/airflow/dags/misp_ingest.py
[2025-11-03T23:50:36.069+0000] {logging_mixin.py:188} INFO - [2025-11-03T23:50:36.069+0000] {dag.py:3089} INFO - Sync 1 DAGs
[2025-11-03T23:50:36.074+0000] {logging_mixin.py:188} INFO - [2025-11-03T23:50:36.074+0000] {dag.py:3947} INFO - Setting next_dagrun for misp_ingest to 2025-11-02 00:00:00+00:00, run_after=2025-11-03 00:00:00+00:00
[2025-11-03T23:50:36.080+0000] {processor.py:183} INFO - Processing /opt/airflow/dags/misp_ingest.py took 0.222 seconds
[2025-11-03T23:51:07.214+0000] {processor.py:161} INFO - Started process (PID=403) to work on /opt/airflow/dags/misp_ingest.py
[2025-11-03T23:51:07.216+0000] {processor.py:830} INFO - Processing file /opt/airflow/dags/misp_ingest.py for tasks to queue
[2025-11-03T23:51:07.219+0000] {logging_mixin.py:188} INFO - [2025-11-03T23:51:07.219+0000] {dagbag.py:545} INFO - Filling up the DagBag from /opt/airflow/dags/misp_ingest.py
[2025-11-03T23:51:07.505+0000] {processor.py:840} INFO - DAG(s) 'misp_ingest' retrieved from /opt/airflow/dags/misp_ingest.py
[2025-11-03T23:51:07.512+0000] {logging_mixin.py:188} INFO - [2025-11-03T23:51:07.512+0000] {dag.py:3089} INFO - Sync 1 DAGs
[2025-11-03T23:51:07.518+0000] {logging_mixin.py:188} INFO - [2025-11-03T23:51:07.518+0000] {dag.py:3947} INFO - Setting next_dagrun for misp_ingest to 2025-11-02 00:00:00+00:00, run_after=2025-11-03 00:00:00+00:00
[2025-11-03T23:51:07.525+0000] {processor.py:183} INFO - Processing /opt/airflow/dags/misp_ingest.py took 0.319 seconds
[2025-11-03T23:51:38.497+0000] {processor.py:161} INFO - Started process (PID=440) to work on /opt/airflow/dags/misp_ingest.py
[2025-11-03T23:51:38.498+0000] {processor.py:830} INFO - Processing file /opt/airflow/dags/misp_ingest.py for tasks to queue
[2025-11-03T23:51:38.502+0000] {logging_mixin.py:188} INFO - [2025-11-03T23:51:38.501+0000] {dagbag.py:545} INFO - Filling up the DagBag from /opt/airflow/dags/misp_ingest.py
[2025-11-03T23:51:38.737+0000] {processor.py:840} INFO - DAG(s) 'misp_ingest' retrieved from /opt/airflow/dags/misp_ingest.py
[2025-11-03T23:51:38.743+0000] {logging_mixin.py:188} INFO - [2025-11-03T23:51:38.743+0000] {dag.py:3089} INFO - Sync 1 DAGs
[2025-11-03T23:51:38.749+0000] {logging_mixin.py:188} INFO - [2025-11-03T23:51:38.749+0000] {dag.py:3947} INFO - Setting next_dagrun for misp_ingest to 2025-11-02 00:00:00+00:00, run_after=2025-11-03 00:00:00+00:00
[2025-11-03T23:51:38.755+0000] {processor.py:183} INFO - Processing /opt/airflow/dags/misp_ingest.py took 0.266 seconds
[2025-11-03T23:52:08.977+0000] {processor.py:161} INFO - Started process (PID=477) to work on /opt/airflow/dags/misp_ingest.py
[2025-11-03T23:52:08.978+0000] {processor.py:830} INFO - Processing file /opt/airflow/dags/misp_ingest.py for tasks to queue
[2025-11-03T23:52:08.980+0000] {logging_mixin.py:188} INFO - [2025-11-03T23:52:08.980+0000] {dagbag.py:545} INFO - Filling up the DagBag from /opt/airflow/dags/misp_ingest.py
[2025-11-03T23:52:09.201+0000] {processor.py:840} INFO - DAG(s) 'misp_ingest' retrieved from /opt/airflow/dags/misp_ingest.py
[2025-11-03T23:52:09.208+0000] {logging_mixin.py:188} INFO - [2025-11-03T23:52:09.208+0000] {dag.py:3089} INFO - Sync 1 DAGs
[2025-11-03T23:52:09.213+0000] {logging_mixin.py:188} INFO - [2025-11-03T23:52:09.213+0000] {dag.py:3947} INFO - Setting next_dagrun for misp_ingest to 2025-11-02 00:00:00+00:00, run_after=2025-11-03 00:00:00+00:00
[2025-11-03T23:52:09.219+0000] {processor.py:183} INFO - Processing /opt/airflow/dags/misp_ingest.py took 0.247 seconds
[2025-11-03T23:52:58.305+0000] {processor.py:161} INFO - Started process (PID=99) to work on /opt/airflow/dags/misp_ingest.py
[2025-11-03T23:52:58.306+0000] {processor.py:830} INFO - Processing file /opt/airflow/dags/misp_ingest.py for tasks to queue
[2025-11-03T23:52:58.306+0000] {logging_mixin.py:188} INFO - [2025-11-03T23:52:58.306+0000] {dagbag.py:545} INFO - Filling up the DagBag from /opt/airflow/dags/misp_ingest.py
[2025-11-03T23:52:58.415+0000] {processor.py:840} INFO - DAG(s) 'misp_ingest' retrieved from /opt/airflow/dags/misp_ingest.py
[2025-11-03T23:52:58.540+0000] {logging_mixin.py:188} INFO - [2025-11-03T23:52:58.540+0000] {override.py:1858} INFO - Created Permission View: can edit on DAG:misp_ingest
[2025-11-03T23:52:58.544+0000] {logging_mixin.py:188} INFO - [2025-11-03T23:52:58.544+0000] {override.py:1858} INFO - Created Permission View: can read on DAG:misp_ingest
[2025-11-03T23:52:58.547+0000] {logging_mixin.py:188} INFO - [2025-11-03T23:52:58.547+0000] {override.py:1858} INFO - Created Permission View: can delete on DAG:misp_ingest
[2025-11-03T23:52:58.547+0000] {logging_mixin.py:188} INFO - [2025-11-03T23:52:58.547+0000] {dag.py:3089} INFO - Sync 1 DAGs
[2025-11-03T23:52:58.551+0000] {logging_mixin.py:188} INFO - [2025-11-03T23:52:58.551+0000] {dag.py:3111} INFO - Creating ORM DAG for misp_ingest
[2025-11-03T23:52:58.554+0000] {logging_mixin.py:188} INFO - [2025-11-03T23:52:58.554+0000] {dag.py:3947} INFO - Setting next_dagrun for misp_ingest to 2025-11-02 00:00:00+00:00, run_after=2025-11-03 00:00:00+00:00
[2025-11-03T23:52:58.560+0000] {processor.py:183} INFO - Processing /opt/airflow/dags/misp_ingest.py took 0.257 seconds
[2025-11-03T23:53:28.949+0000] {processor.py:161} INFO - Started process (PID=147) to work on /opt/airflow/dags/misp_ingest.py
[2025-11-03T23:53:28.951+0000] {processor.py:830} INFO - Processing file /opt/airflow/dags/misp_ingest.py for tasks to queue
[2025-11-03T23:53:28.952+0000] {logging_mixin.py:188} INFO - [2025-11-03T23:53:28.952+0000] {dagbag.py:545} INFO - Filling up the DagBag from /opt/airflow/dags/misp_ingest.py
[2025-11-03T23:53:29.065+0000] {processor.py:840} INFO - DAG(s) 'misp_ingest' retrieved from /opt/airflow/dags/misp_ingest.py
[2025-11-03T23:53:29.125+0000] {logging_mixin.py:188} INFO - [2025-11-03T23:53:29.125+0000] {dag.py:3089} INFO - Sync 1 DAGs
[2025-11-03T23:53:29.130+0000] {logging_mixin.py:188} INFO - [2025-11-03T23:53:29.130+0000] {dag.py:3947} INFO - Setting next_dagrun for misp_ingest to 2025-11-02 00:00:00+00:00, run_after=2025-11-03 00:00:00+00:00
[2025-11-03T23:53:29.137+0000] {processor.py:183} INFO - Processing /opt/airflow/dags/misp_ingest.py took 0.193 seconds
[2025-11-03T23:54:00.220+0000] {processor.py:161} INFO - Started process (PID=184) to work on /opt/airflow/dags/misp_ingest.py
[2025-11-03T23:54:00.221+0000] {processor.py:830} INFO - Processing file /opt/airflow/dags/misp_ingest.py for tasks to queue
[2025-11-03T23:54:00.222+0000] {logging_mixin.py:188} INFO - [2025-11-03T23:54:00.222+0000] {dagbag.py:545} INFO - Filling up the DagBag from /opt/airflow/dags/misp_ingest.py
[2025-11-03T23:54:00.394+0000] {processor.py:840} INFO - DAG(s) 'misp_ingest' retrieved from /opt/airflow/dags/misp_ingest.py
[2025-11-03T23:54:00.400+0000] {logging_mixin.py:188} INFO - [2025-11-03T23:54:00.400+0000] {dag.py:3089} INFO - Sync 1 DAGs
[2025-11-03T23:54:00.405+0000] {logging_mixin.py:188} INFO - [2025-11-03T23:54:00.405+0000] {dag.py:3947} INFO - Setting next_dagrun for misp_ingest to 2025-11-02 00:00:00+00:00, run_after=2025-11-03 00:00:00+00:00
[2025-11-03T23:54:00.412+0000] {processor.py:183} INFO - Processing /opt/airflow/dags/misp_ingest.py took 0.197 seconds
[2025-11-03T23:54:31.451+0000] {processor.py:161} INFO - Started process (PID=221) to work on /opt/airflow/dags/misp_ingest.py
[2025-11-03T23:54:31.452+0000] {processor.py:830} INFO - Processing file /opt/airflow/dags/misp_ingest.py for tasks to queue
[2025-11-03T23:54:31.454+0000] {logging_mixin.py:188} INFO - [2025-11-03T23:54:31.454+0000] {dagbag.py:545} INFO - Filling up the DagBag from /opt/airflow/dags/misp_ingest.py
[2025-11-03T23:54:31.618+0000] {processor.py:840} INFO - DAG(s) 'misp_ingest' retrieved from /opt/airflow/dags/misp_ingest.py
[2025-11-03T23:54:31.623+0000] {logging_mixin.py:188} INFO - [2025-11-03T23:54:31.623+0000] {dag.py:3089} INFO - Sync 1 DAGs
[2025-11-03T23:54:31.629+0000] {logging_mixin.py:188} INFO - [2025-11-03T23:54:31.628+0000] {dag.py:3947} INFO - Setting next_dagrun for misp_ingest to 2025-11-02 00:00:00+00:00, run_after=2025-11-03 00:00:00+00:00
[2025-11-03T23:54:31.635+0000] {processor.py:183} INFO - Processing /opt/airflow/dags/misp_ingest.py took 0.189 seconds
[2025-11-03T23:55:02.427+0000] {processor.py:161} INFO - Started process (PID=258) to work on /opt/airflow/dags/misp_ingest.py
[2025-11-03T23:55:02.429+0000] {processor.py:830} INFO - Processing file /opt/airflow/dags/misp_ingest.py for tasks to queue
[2025-11-03T23:55:02.430+0000] {logging_mixin.py:188} INFO - [2025-11-03T23:55:02.430+0000] {dagbag.py:545} INFO - Filling up the DagBag from /opt/airflow/dags/misp_ingest.py
[2025-11-03T23:55:02.598+0000] {processor.py:840} INFO - DAG(s) 'misp_ingest' retrieved from /opt/airflow/dags/misp_ingest.py
[2025-11-03T23:55:02.604+0000] {logging_mixin.py:188} INFO - [2025-11-03T23:55:02.604+0000] {dag.py:3089} INFO - Sync 1 DAGs
[2025-11-03T23:55:02.609+0000] {logging_mixin.py:188} INFO - [2025-11-03T23:55:02.609+0000] {dag.py:3947} INFO - Setting next_dagrun for misp_ingest to 2025-11-02 00:00:00+00:00, run_after=2025-11-03 00:00:00+00:00
[2025-11-03T23:55:02.615+0000] {processor.py:183} INFO - Processing /opt/airflow/dags/misp_ingest.py took 0.194 seconds
[2025-11-03T23:55:46.922+0000] {processor.py:161} INFO - Started process (PID=99) to work on /opt/airflow/dags/misp_ingest.py
[2025-11-03T23:55:46.923+0000] {processor.py:830} INFO - Processing file /opt/airflow/dags/misp_ingest.py for tasks to queue
[2025-11-03T23:55:46.924+0000] {logging_mixin.py:188} INFO - [2025-11-03T23:55:46.923+0000] {dagbag.py:545} INFO - Filling up the DagBag from /opt/airflow/dags/misp_ingest.py
[2025-11-03T23:55:47.038+0000] {processor.py:840} INFO - DAG(s) 'misp_ingest' retrieved from /opt/airflow/dags/misp_ingest.py
[2025-11-03T23:55:47.163+0000] {logging_mixin.py:188} INFO - [2025-11-03T23:55:47.163+0000] {override.py:1858} INFO - Created Permission View: can read on DAG:misp_ingest
[2025-11-03T23:55:47.166+0000] {logging_mixin.py:188} INFO - [2025-11-03T23:55:47.166+0000] {override.py:1858} INFO - Created Permission View: can delete on DAG:misp_ingest
[2025-11-03T23:55:47.169+0000] {logging_mixin.py:188} INFO - [2025-11-03T23:55:47.168+0000] {override.py:1858} INFO - Created Permission View: can edit on DAG:misp_ingest
[2025-11-03T23:55:47.169+0000] {logging_mixin.py:188} INFO - [2025-11-03T23:55:47.169+0000] {dag.py:3089} INFO - Sync 1 DAGs
[2025-11-03T23:55:47.173+0000] {logging_mixin.py:188} INFO - [2025-11-03T23:55:47.172+0000] {dag.py:3111} INFO - Creating ORM DAG for misp_ingest
[2025-11-03T23:55:47.175+0000] {logging_mixin.py:188} INFO - [2025-11-03T23:55:47.175+0000] {dag.py:3947} INFO - Setting next_dagrun for misp_ingest to 2025-11-02 00:00:00+00:00, run_after=2025-11-03 00:00:00+00:00
[2025-11-03T23:55:47.181+0000] {processor.py:183} INFO - Processing /opt/airflow/dags/misp_ingest.py took 0.262 seconds
[2025-11-03T23:56:17.549+0000] {processor.py:161} INFO - Started process (PID=146) to work on /opt/airflow/dags/misp_ingest.py
[2025-11-03T23:56:17.550+0000] {processor.py:830} INFO - Processing file /opt/airflow/dags/misp_ingest.py for tasks to queue
[2025-11-03T23:56:17.551+0000] {logging_mixin.py:188} INFO - [2025-11-03T23:56:17.551+0000] {dagbag.py:545} INFO - Filling up the DagBag from /opt/airflow/dags/misp_ingest.py
[2025-11-03T23:56:17.660+0000] {processor.py:840} INFO - DAG(s) 'misp_ingest' retrieved from /opt/airflow/dags/misp_ingest.py
[2025-11-03T23:56:17.716+0000] {logging_mixin.py:188} INFO - [2025-11-03T23:56:17.716+0000] {dag.py:3089} INFO - Sync 1 DAGs
[2025-11-03T23:56:17.721+0000] {logging_mixin.py:188} INFO - [2025-11-03T23:56:17.721+0000] {dag.py:3947} INFO - Setting next_dagrun for misp_ingest to 2025-11-02 00:00:00+00:00, run_after=2025-11-03 00:00:00+00:00
[2025-11-03T23:56:17.728+0000] {processor.py:183} INFO - Processing /opt/airflow/dags/misp_ingest.py took 0.183 seconds
[2025-11-03T23:56:48.883+0000] {processor.py:161} INFO - Started process (PID=184) to work on /opt/airflow/dags/misp_ingest.py
[2025-11-03T23:56:48.884+0000] {processor.py:830} INFO - Processing file /opt/airflow/dags/misp_ingest.py for tasks to queue
[2025-11-03T23:56:48.886+0000] {logging_mixin.py:188} INFO - [2025-11-03T23:56:48.885+0000] {dagbag.py:545} INFO - Filling up the DagBag from /opt/airflow/dags/misp_ingest.py
[2025-11-03T23:56:49.057+0000] {processor.py:840} INFO - DAG(s) 'misp_ingest' retrieved from /opt/airflow/dags/misp_ingest.py
[2025-11-03T23:56:49.062+0000] {logging_mixin.py:188} INFO - [2025-11-03T23:56:49.062+0000] {dag.py:3089} INFO - Sync 1 DAGs
[2025-11-03T23:56:49.067+0000] {logging_mixin.py:188} INFO - [2025-11-03T23:56:49.067+0000] {dag.py:3947} INFO - Setting next_dagrun for misp_ingest to 2025-11-02 00:00:00+00:00, run_after=2025-11-03 00:00:00+00:00
[2025-11-03T23:56:49.073+0000] {processor.py:183} INFO - Processing /opt/airflow/dags/misp_ingest.py took 0.197 seconds
[2025-11-03T23:57:20.115+0000] {processor.py:161} INFO - Started process (PID=221) to work on /opt/airflow/dags/misp_ingest.py
[2025-11-03T23:57:20.116+0000] {processor.py:830} INFO - Processing file /opt/airflow/dags/misp_ingest.py for tasks to queue
[2025-11-03T23:57:20.117+0000] {logging_mixin.py:188} INFO - [2025-11-03T23:57:20.117+0000] {dagbag.py:545} INFO - Filling up the DagBag from /opt/airflow/dags/misp_ingest.py
[2025-11-03T23:57:20.288+0000] {processor.py:840} INFO - DAG(s) 'misp_ingest' retrieved from /opt/airflow/dags/misp_ingest.py
[2025-11-03T23:57:20.293+0000] {logging_mixin.py:188} INFO - [2025-11-03T23:57:20.293+0000] {dag.py:3089} INFO - Sync 1 DAGs
[2025-11-03T23:57:20.298+0000] {logging_mixin.py:188} INFO - [2025-11-03T23:57:20.298+0000] {dag.py:3947} INFO - Setting next_dagrun for misp_ingest to 2025-11-02 00:00:00+00:00, run_after=2025-11-03 00:00:00+00:00
[2025-11-03T23:57:20.304+0000] {processor.py:183} INFO - Processing /opt/airflow/dags/misp_ingest.py took 0.197 seconds
