[2025-10-29T17:17:56.703+0000] {local_task_job_runner.py:120} INFO - ::group::Pre task execution logs
[2025-10-29T17:17:56.711+0000] {taskinstance.py:2076} INFO - Dependencies all met for dep_context=non-requeueable deps ti=<TaskInstance: urlhaus_ingest.urlhaus_fetch_normalize_bronze scheduled__2025-10-15T00:00:00+00:00 [queued]>
[2025-10-29T17:17:56.712+0000] {taskinstance.py:2076} INFO - Dependencies all met for dep_context=requeueable deps ti=<TaskInstance: urlhaus_ingest.urlhaus_fetch_normalize_bronze scheduled__2025-10-15T00:00:00+00:00 [queued]>
[2025-10-29T17:17:56.712+0000] {taskinstance.py:2306} INFO - Starting attempt 1 of 2
[2025-10-29T17:17:56.716+0000] {taskinstance.py:2330} INFO - Executing <Task(PythonOperator): urlhaus_fetch_normalize_bronze> on 2025-10-15 00:00:00+00:00
[2025-10-29T17:17:56.719+0000] {warnings.py:112} WARNING - /home/airflow/.local/lib/python3.12/site-packages/airflow/task/task_runner/standard_task_runner.py:62: DeprecationWarning: This process (pid=2782) is multi-threaded, use of fork() may lead to deadlocks in the child.
  pid = os.fork()

[2025-10-29T17:17:56.719+0000] {standard_task_runner.py:64} INFO - Started process 2803 to run task
[2025-10-29T17:17:56.720+0000] {standard_task_runner.py:90} INFO - Running: ['airflow', 'tasks', 'run', 'urlhaus_ingest', 'urlhaus_fetch_normalize_bronze', 'scheduled__2025-10-15T00:00:00+00:00', '--job-id', '99', '--raw', '--subdir', 'DAGS_FOLDER/urlhaus_ingest.py', '--cfg-path', '/tmp/tmpiqxae47h']
[2025-10-29T17:17:56.720+0000] {standard_task_runner.py:91} INFO - Job 99: Subtask urlhaus_fetch_normalize_bronze
[2025-10-29T17:17:56.730+0000] {task_command.py:426} INFO - Running <TaskInstance: urlhaus_ingest.urlhaus_fetch_normalize_bronze scheduled__2025-10-15T00:00:00+00:00 [running]> on host 109bbc934e0f
[2025-10-29T17:17:56.751+0000] {taskinstance.py:2648} INFO - Exporting env vars: AIRFLOW_CTX_DAG_OWNER='you' AIRFLOW_CTX_DAG_ID='urlhaus_ingest' AIRFLOW_CTX_TASK_ID='urlhaus_fetch_normalize_bronze' AIRFLOW_CTX_EXECUTION_DATE='2025-10-15T00:00:00+00:00' AIRFLOW_CTX_TRY_NUMBER='1' AIRFLOW_CTX_DAG_RUN_ID='scheduled__2025-10-15T00:00:00+00:00'
[2025-10-29T17:17:56.751+0000] {taskinstance.py:430} INFO - ::endgroup::
[2025-10-29T17:17:56.908+0000] {logging_mixin.py:188} INFO - [urlhaus_ingest] rows after normalize: 21313
[2025-10-29T17:17:56.919+0000] {logging_mixin.py:188} INFO - [urlhaus] rows after normalize: 21313
[2025-10-29T17:17:56.940+0000] {python.py:237} INFO - Done. Returned value was: None
[2025-10-29T17:17:56.941+0000] {taskinstance.py:441} INFO - ::group::Post task execution logs
[2025-10-29T17:17:56.942+0000] {taskinstance.py:1206} INFO - Marking task as SUCCESS. dag_id=urlhaus_ingest, task_id=urlhaus_fetch_normalize_bronze, run_id=scheduled__2025-10-15T00:00:00+00:00, execution_date=20251015T000000, start_date=20251029T171756, end_date=20251029T171756
[2025-10-29T17:17:56.954+0000] {local_task_job_runner.py:243} INFO - Task exited with return code 0
[2025-10-29T17:17:56.958+0000] {taskinstance.py:3503} INFO - 0 downstream tasks scheduled from follow-on schedule check
[2025-10-29T17:17:56.958+0000] {local_task_job_runner.py:222} INFO - ::endgroup::
[2025-10-29T18:15:22.186+0000] {local_task_job_runner.py:120} INFO - ::group::Pre task execution logs
[2025-10-29T18:15:22.194+0000] {taskinstance.py:2076} INFO - Dependencies all met for dep_context=non-requeueable deps ti=<TaskInstance: urlhaus_ingest.urlhaus_fetch_normalize_bronze scheduled__2025-10-15T00:00:00+00:00 [queued]>
[2025-10-29T18:15:22.195+0000] {taskinstance.py:2076} INFO - Dependencies all met for dep_context=requeueable deps ti=<TaskInstance: urlhaus_ingest.urlhaus_fetch_normalize_bronze scheduled__2025-10-15T00:00:00+00:00 [queued]>
[2025-10-29T18:15:22.195+0000] {taskinstance.py:2306} INFO - Starting attempt 1 of 2
[2025-10-29T18:15:22.199+0000] {taskinstance.py:2330} INFO - Executing <Task(PythonOperator): urlhaus_fetch_normalize_bronze> on 2025-10-15 00:00:00+00:00
[2025-10-29T18:15:22.202+0000] {warnings.py:112} WARNING - /home/airflow/.local/lib/python3.12/site-packages/airflow/task/task_runner/standard_task_runner.py:62: DeprecationWarning: This process (pid=5631) is multi-threaded, use of fork() may lead to deadlocks in the child.
  pid = os.fork()

[2025-10-29T18:15:22.202+0000] {standard_task_runner.py:64} INFO - Started process 5652 to run task
[2025-10-29T18:15:22.203+0000] {standard_task_runner.py:90} INFO - Running: ['airflow', 'tasks', 'run', 'urlhaus_ingest', 'urlhaus_fetch_normalize_bronze', 'scheduled__2025-10-15T00:00:00+00:00', '--job-id', '221', '--raw', '--subdir', 'DAGS_FOLDER/urlhaus_ingest.py', '--cfg-path', '/tmp/tmpej5i8w8z']
[2025-10-29T18:15:22.203+0000] {standard_task_runner.py:91} INFO - Job 221: Subtask urlhaus_fetch_normalize_bronze
[2025-10-29T18:15:22.214+0000] {task_command.py:426} INFO - Running <TaskInstance: urlhaus_ingest.urlhaus_fetch_normalize_bronze scheduled__2025-10-15T00:00:00+00:00 [running]> on host 9a4b1d75930e
[2025-10-29T18:15:22.234+0000] {taskinstance.py:2648} INFO - Exporting env vars: AIRFLOW_CTX_DAG_OWNER='you' AIRFLOW_CTX_DAG_ID='urlhaus_ingest' AIRFLOW_CTX_TASK_ID='urlhaus_fetch_normalize_bronze' AIRFLOW_CTX_EXECUTION_DATE='2025-10-15T00:00:00+00:00' AIRFLOW_CTX_TRY_NUMBER='1' AIRFLOW_CTX_DAG_RUN_ID='scheduled__2025-10-15T00:00:00+00:00'
[2025-10-29T18:15:22.235+0000] {taskinstance.py:430} INFO - ::endgroup::
[2025-10-29T18:15:22.386+0000] {logging_mixin.py:188} INFO - [urlhaus_ingest] rows after normalize: 21301
[2025-10-29T18:15:22.397+0000] {logging_mixin.py:188} INFO - [urlhaus] rows after normalize: 21301
[2025-10-29T18:15:22.422+0000] {python.py:237} INFO - Done. Returned value was: None
[2025-10-29T18:15:22.422+0000] {taskinstance.py:441} INFO - ::group::Post task execution logs
[2025-10-29T18:15:22.424+0000] {taskinstance.py:1206} INFO - Marking task as SUCCESS. dag_id=urlhaus_ingest, task_id=urlhaus_fetch_normalize_bronze, run_id=scheduled__2025-10-15T00:00:00+00:00, execution_date=20251015T000000, start_date=20251029T181522, end_date=20251029T181522
[2025-10-29T18:15:22.434+0000] {local_task_job_runner.py:243} INFO - Task exited with return code 0
[2025-10-29T18:15:22.439+0000] {taskinstance.py:3503} INFO - 0 downstream tasks scheduled from follow-on schedule check
[2025-10-29T18:15:22.439+0000] {local_task_job_runner.py:222} INFO - ::endgroup::
