[2025-11-05T00:02:27.582+0000] {local_task_job_runner.py:120} INFO - ::group::Pre task execution logs
[2025-11-05T00:02:27.592+0000] {taskinstance.py:2076} INFO - Dependencies all met for dep_context=non-requeueable deps ti=<TaskInstance: openphish_ingest.openphish_fetch_normalize_bronze scheduled__2025-11-04T00:00:00+00:00 [queued]>
[2025-11-05T00:02:27.594+0000] {taskinstance.py:2076} INFO - Dependencies all met for dep_context=requeueable deps ti=<TaskInstance: openphish_ingest.openphish_fetch_normalize_bronze scheduled__2025-11-04T00:00:00+00:00 [queued]>
[2025-11-05T00:02:27.594+0000] {taskinstance.py:2306} INFO - Starting attempt 1 of 2
[2025-11-05T00:02:27.599+0000] {taskinstance.py:2330} INFO - Executing <Task(PythonOperator): openphish_fetch_normalize_bronze> on 2025-11-04 00:00:00+00:00
[2025-11-05T00:02:27.603+0000] {warnings.py:112} WARNING - /home/airflow/.local/lib/python3.12/site-packages/airflow/task/task_runner/standard_task_runner.py:62: DeprecationWarning: This process (pid=13181) is multi-threaded, use of fork() may lead to deadlocks in the child.
  pid = os.fork()

[2025-11-05T00:02:27.604+0000] {standard_task_runner.py:64} INFO - Started process 13202 to run task
[2025-11-05T00:02:27.605+0000] {standard_task_runner.py:90} INFO - Running: ['airflow', 'tasks', 'run', 'openphish_ingest', 'openphish_fetch_normalize_bronze', 'scheduled__2025-11-04T00:00:00+00:00', '--job-id', '21', '--raw', '--subdir', 'DAGS_FOLDER/openphish_ingest.py', '--cfg-path', '/tmp/tmpa0fhsg85']
[2025-11-05T00:02:27.606+0000] {standard_task_runner.py:91} INFO - Job 21: Subtask openphish_fetch_normalize_bronze
[2025-11-05T00:02:27.621+0000] {task_command.py:426} INFO - Running <TaskInstance: openphish_ingest.openphish_fetch_normalize_bronze scheduled__2025-11-04T00:00:00+00:00 [running]> on host 7e98baed574a
[2025-11-05T00:02:27.649+0000] {taskinstance.py:2648} INFO - Exporting env vars: AIRFLOW_CTX_DAG_OWNER='you' AIRFLOW_CTX_DAG_ID='openphish_ingest' AIRFLOW_CTX_TASK_ID='openphish_fetch_normalize_bronze' AIRFLOW_CTX_EXECUTION_DATE='2025-11-04T00:00:00+00:00' AIRFLOW_CTX_TRY_NUMBER='1' AIRFLOW_CTX_DAG_RUN_ID='scheduled__2025-11-04T00:00:00+00:00'
[2025-11-05T00:02:27.649+0000] {taskinstance.py:430} INFO - ::endgroup::
[2025-11-05T00:02:28.584+0000] {logging_mixin.py:188} INFO - [openphish_ingest] rows after normalize: 300
[2025-11-05T00:02:28.589+0000] {logging_mixin.py:188} INFO - [openphish] rows after normalize: 300
[2025-11-05T00:02:28.609+0000] {python.py:237} INFO - Done. Returned value was: None
[2025-11-05T00:02:28.609+0000] {taskinstance.py:441} INFO - ::group::Post task execution logs
[2025-11-05T00:02:28.612+0000] {taskinstance.py:1206} INFO - Marking task as SUCCESS. dag_id=openphish_ingest, task_id=openphish_fetch_normalize_bronze, run_id=scheduled__2025-11-04T00:00:00+00:00, execution_date=20251104T000000, start_date=20251105T000227, end_date=20251105T000228
[2025-11-05T00:02:28.663+0000] {local_task_job_runner.py:243} INFO - Task exited with return code 0
[2025-11-05T00:02:28.671+0000] {taskinstance.py:3503} INFO - 0 downstream tasks scheduled from follow-on schedule check
[2025-11-05T00:02:28.671+0000] {local_task_job_runner.py:222} INFO - ::endgroup::
