[2025-09-22T00:01:42.462+0000] {local_task_job_runner.py:120} INFO - ::group::Pre task execution logs
[2025-09-22T00:01:42.469+0000] {taskinstance.py:2076} INFO - Dependencies all met for dep_context=non-requeueable deps ti=<TaskInstance: hello.say_hello scheduled__2025-09-21T00:00:00+00:00 [queued]>
[2025-09-22T00:01:42.471+0000] {taskinstance.py:2076} INFO - Dependencies all met for dep_context=requeueable deps ti=<TaskInstance: hello.say_hello scheduled__2025-09-21T00:00:00+00:00 [queued]>
[2025-09-22T00:01:42.471+0000] {taskinstance.py:2306} INFO - Starting attempt 1 of 1
[2025-09-22T00:01:42.475+0000] {taskinstance.py:2330} INFO - Executing <Task(PythonOperator): say_hello> on 2025-09-21 00:00:00+00:00
[2025-09-22T00:01:42.477+0000] {standard_task_runner.py:64} INFO - Started process 57647 to run task
[2025-09-22T00:01:42.478+0000] {standard_task_runner.py:90} INFO - Running: ['airflow', 'tasks', 'run', 'hello', 'say_hello', 'scheduled__2025-09-21T00:00:00+00:00', '--job-id', '25', '--raw', '--subdir', 'DAGS_FOLDER/hello.py', '--cfg-path', '/tmp/tmpp5g3ig_8']
[2025-09-22T00:01:42.479+0000] {standard_task_runner.py:91} INFO - Job 25: Subtask say_hello
[2025-09-22T00:01:42.491+0000] {task_command.py:426} INFO - Running <TaskInstance: hello.say_hello scheduled__2025-09-21T00:00:00+00:00 [running]> on host 367d1d51de70
[2025-09-22T00:01:42.578+0000] {taskinstance.py:2648} INFO - Exporting env vars: AIRFLOW_CTX_DAG_OWNER='you' AIRFLOW_CTX_DAG_ID='hello' AIRFLOW_CTX_TASK_ID='say_hello' AIRFLOW_CTX_EXECUTION_DATE='2025-09-21T00:00:00+00:00' AIRFLOW_CTX_TRY_NUMBER='1' AIRFLOW_CTX_DAG_RUN_ID='scheduled__2025-09-21T00:00:00+00:00'
[2025-09-22T00:01:42.578+0000] {taskinstance.py:430} INFO - ::endgroup::
[2025-09-22T00:01:42.582+0000] {logging_mixin.py:188} INFO - Hello from Airflow! DAG is alive.
[2025-09-22T00:01:42.582+0000] {python.py:237} INFO - Done. Returned value was: None
[2025-09-22T00:01:42.583+0000] {taskinstance.py:441} INFO - ::group::Post task execution logs
[2025-09-22T00:01:42.584+0000] {taskinstance.py:1206} INFO - Marking task as SUCCESS. dag_id=hello, task_id=say_hello, run_id=scheduled__2025-09-21T00:00:00+00:00, execution_date=20250921T000000, start_date=20250922T000142, end_date=20250922T000142
[2025-09-22T00:01:42.626+0000] {local_task_job_runner.py:243} INFO - Task exited with return code 0
[2025-09-22T00:01:42.630+0000] {taskinstance.py:3503} INFO - 0 downstream tasks scheduled from follow-on schedule check
[2025-09-22T00:01:42.631+0000] {local_task_job_runner.py:222} INFO - ::endgroup::
[2025-09-22T18:30:05.302+0000] {local_task_job_runner.py:120} INFO - ::group::Pre task execution logs
[2025-09-22T18:30:05.310+0000] {taskinstance.py:2076} INFO - Dependencies all met for dep_context=non-requeueable deps ti=<TaskInstance: hello.say_hello scheduled__2025-09-21T00:00:00+00:00 [queued]>
[2025-09-22T18:30:05.312+0000] {taskinstance.py:2076} INFO - Dependencies all met for dep_context=requeueable deps ti=<TaskInstance: hello.say_hello scheduled__2025-09-21T00:00:00+00:00 [queued]>
[2025-09-22T18:30:05.312+0000] {taskinstance.py:2306} INFO - Starting attempt 1 of 1
[2025-09-22T18:30:05.317+0000] {taskinstance.py:2330} INFO - Executing <Task(PythonOperator): say_hello> on 2025-09-21 00:00:00+00:00
[2025-09-22T18:30:05.319+0000] {standard_task_runner.py:64} INFO - Started process 873 to run task
[2025-09-22T18:30:05.320+0000] {standard_task_runner.py:90} INFO - Running: ['airflow', 'tasks', 'run', 'hello', 'say_hello', 'scheduled__2025-09-21T00:00:00+00:00', '--job-id', '12', '--raw', '--subdir', 'DAGS_FOLDER/hello.py', '--cfg-path', '/tmp/tmp_ffrv9ge']
[2025-09-22T18:30:05.321+0000] {standard_task_runner.py:91} INFO - Job 12: Subtask say_hello
[2025-09-22T18:30:05.336+0000] {task_command.py:426} INFO - Running <TaskInstance: hello.say_hello scheduled__2025-09-21T00:00:00+00:00 [running]> on host 539ffd8f219e
[2025-09-22T18:30:05.419+0000] {taskinstance.py:2648} INFO - Exporting env vars: AIRFLOW_CTX_DAG_OWNER='you' AIRFLOW_CTX_DAG_ID='hello' AIRFLOW_CTX_TASK_ID='say_hello' AIRFLOW_CTX_EXECUTION_DATE='2025-09-21T00:00:00+00:00' AIRFLOW_CTX_TRY_NUMBER='1' AIRFLOW_CTX_DAG_RUN_ID='scheduled__2025-09-21T00:00:00+00:00'
[2025-09-22T18:30:05.419+0000] {taskinstance.py:430} INFO - ::endgroup::
[2025-09-22T18:30:05.423+0000] {logging_mixin.py:188} INFO - Hello from Airflow! DAG is alive.
[2025-09-22T18:30:05.423+0000] {python.py:237} INFO - Done. Returned value was: None
[2025-09-22T18:30:05.423+0000] {taskinstance.py:441} INFO - ::group::Post task execution logs
[2025-09-22T18:30:05.424+0000] {taskinstance.py:1206} INFO - Marking task as SUCCESS. dag_id=hello, task_id=say_hello, run_id=scheduled__2025-09-21T00:00:00+00:00, execution_date=20250921T000000, start_date=20250922T183005, end_date=20250922T183005
[2025-09-22T18:30:05.459+0000] {local_task_job_runner.py:243} INFO - Task exited with return code 0
[2025-09-22T18:30:05.464+0000] {taskinstance.py:3503} INFO - 0 downstream tasks scheduled from follow-on schedule check
[2025-09-22T18:30:05.464+0000] {local_task_job_runner.py:222} INFO - ::endgroup::
