[2025-11-12T16:18:39.530+0000] {local_task_job_runner.py:120} INFO - ::group::Pre task execution logs
[2025-11-12T16:18:39.539+0000] {taskinstance.py:2076} INFO - Dependencies all met for dep_context=non-requeueable deps ti=<TaskInstance: misp_osint_ingest.misp_osint_fetch manual__2025-11-12T05:59:55.282466+00:00 [queued]>
[2025-11-12T16:18:39.541+0000] {taskinstance.py:2076} INFO - Dependencies all met for dep_context=requeueable deps ti=<TaskInstance: misp_osint_ingest.misp_osint_fetch manual__2025-11-12T05:59:55.282466+00:00 [queued]>
[2025-11-12T16:18:39.541+0000] {taskinstance.py:2306} INFO - Starting attempt 1 of 1
[2025-11-12T16:18:39.545+0000] {taskinstance.py:2330} INFO - Executing <Task(PythonOperator): misp_osint_fetch> on 2025-11-12 05:59:55.282466+00:00
[2025-11-12T16:18:39.550+0000] {standard_task_runner.py:90} INFO - Running: ['airflow', 'tasks', 'run', 'misp_osint_ingest', 'misp_osint_fetch', 'manual__2025-11-12T05:59:55.282466+00:00', '--job-id', '12', '--raw', '--subdir', 'DAGS_FOLDER/misp_osint_ingest.py', '--cfg-path', '/tmp/tmp40_gc5wa']
[2025-11-12T16:18:39.552+0000] {standard_task_runner.py:91} INFO - Job 12: Subtask misp_osint_fetch
[2025-11-12T16:18:39.552+0000] {logging_mixin.py:188} WARNING - /home/airflow/.local/lib/python3.12/site-packages/airflow/task/task_runner/standard_task_runner.py:62 DeprecationWarning: This process (pid=2409) is multi-threaded, use of fork() may lead to deadlocks in the child.
[2025-11-12T16:18:39.554+0000] {standard_task_runner.py:64} INFO - Started process 2420 to run task
[2025-11-12T16:18:39.564+0000] {task_command.py:426} INFO - Running <TaskInstance: misp_osint_ingest.misp_osint_fetch manual__2025-11-12T05:59:55.282466+00:00 [running]> on host 1fd82182dcce
[2025-11-12T16:18:39.582+0000] {taskinstance.py:2648} INFO - Exporting env vars: AIRFLOW_CTX_DAG_OWNER='you' AIRFLOW_CTX_DAG_ID='misp_osint_ingest' AIRFLOW_CTX_TASK_ID='misp_osint_fetch' AIRFLOW_CTX_EXECUTION_DATE='2025-11-12T05:59:55.282466+00:00' AIRFLOW_CTX_TRY_NUMBER='1' AIRFLOW_CTX_DAG_RUN_ID='manual__2025-11-12T05:59:55.282466+00:00'
[2025-11-12T16:18:39.582+0000] {taskinstance.py:430} INFO - ::endgroup::
[2025-11-12T16:20:48.581+0000] {logging_mixin.py:188} INFO - [misp_osint] ds=2025-11-12 index_rows=1580 matched_today=100 rows_extracted=4486 file_errors=0
[2025-11-12T16:20:48.622+0000] {logging_mixin.py:188} INFO - [misp_osint] wrote 4486 rows -> /opt/airflow/silver/misp_osint/ingest_date=2025-11-12/misp_osint.parquet
[2025-11-12T16:20:48.624+0000] {python.py:237} INFO - Done. Returned value was: None
[2025-11-12T16:20:48.624+0000] {taskinstance.py:441} INFO - ::group::Post task execution logs
[2025-11-12T16:20:48.629+0000] {taskinstance.py:1206} INFO - Marking task as SUCCESS. dag_id=misp_osint_ingest, task_id=misp_osint_fetch, run_id=manual__2025-11-12T05:59:55.282466+00:00, execution_date=20251112T055955, start_date=20251112T161839, end_date=20251112T162048
[2025-11-12T16:20:48.655+0000] {local_task_job_runner.py:243} INFO - Task exited with return code 0
[2025-11-12T16:20:48.660+0000] {taskinstance.py:3503} INFO - 0 downstream tasks scheduled from follow-on schedule check
[2025-11-12T16:20:48.660+0000] {local_task_job_runner.py:222} INFO - ::endgroup::
