[2025-09-30T00:27:08.870+0000] {local_task_job_runner.py:120} INFO - ::group::Pre task execution logs
[2025-09-30T00:27:08.882+0000] {taskinstance.py:2076} INFO - Dependencies all met for dep_context=non-requeueable deps ti=<TaskInstance: urlhaus_ingest.urlhaus_fetch_normalize_bronze scheduled__2025-09-29T00:00:00+00:00 [queued]>
[2025-09-30T00:27:08.884+0000] {taskinstance.py:2076} INFO - Dependencies all met for dep_context=requeueable deps ti=<TaskInstance: urlhaus_ingest.urlhaus_fetch_normalize_bronze scheduled__2025-09-29T00:00:00+00:00 [queued]>
[2025-09-30T00:27:08.884+0000] {taskinstance.py:2306} INFO - Starting attempt 2 of 2
[2025-09-30T00:27:08.890+0000] {taskinstance.py:2330} INFO - Executing <Task(PythonOperator): urlhaus_fetch_normalize_bronze> on 2025-09-29 00:00:00+00:00
[2025-09-30T00:27:08.895+0000] {warnings.py:112} WARNING - /home/airflow/.local/lib/python3.12/site-packages/airflow/task/task_runner/standard_task_runner.py:62: DeprecationWarning: This process (pid=70480) is multi-threaded, use of fork() may lead to deadlocks in the child.
  pid = os.fork()

[2025-09-30T00:27:08.896+0000] {standard_task_runner.py:64} INFO - Started process 70501 to run task
[2025-09-30T00:27:08.897+0000] {standard_task_runner.py:90} INFO - Running: ['airflow', 'tasks', 'run', 'urlhaus_ingest', 'urlhaus_fetch_normalize_bronze', 'scheduled__2025-09-29T00:00:00+00:00', '--job-id', '65', '--raw', '--subdir', 'DAGS_FOLDER/urlhaus_ingest.py', '--cfg-path', '/tmp/tmp2kpabdy1']
[2025-09-30T00:27:08.897+0000] {standard_task_runner.py:91} INFO - Job 65: Subtask urlhaus_fetch_normalize_bronze
[2025-09-30T00:27:08.914+0000] {task_command.py:426} INFO - Running <TaskInstance: urlhaus_ingest.urlhaus_fetch_normalize_bronze scheduled__2025-09-29T00:00:00+00:00 [running]> on host 539ffd8f219e
[2025-09-30T00:27:08.945+0000] {taskinstance.py:2648} INFO - Exporting env vars: AIRFLOW_CTX_DAG_OWNER='you' AIRFLOW_CTX_DAG_ID='urlhaus_ingest' AIRFLOW_CTX_TASK_ID='urlhaus_fetch_normalize_bronze' AIRFLOW_CTX_EXECUTION_DATE='2025-09-29T00:00:00+00:00' AIRFLOW_CTX_TRY_NUMBER='2' AIRFLOW_CTX_DAG_RUN_ID='scheduled__2025-09-29T00:00:00+00:00'
[2025-09-30T00:27:08.945+0000] {taskinstance.py:430} INFO - ::endgroup::
[2025-09-30T00:27:09.359+0000] {logging_mixin.py:188} INFO - [urlhaus_ingest] rows after normalize: 10886
[2025-09-30T00:27:09.367+0000] {logging_mixin.py:188} INFO - [urlhaus] rows after normalize: 10886
[2025-09-30T00:27:09.398+0000] {python.py:237} INFO - Done. Returned value was: None
[2025-09-30T00:27:09.398+0000] {taskinstance.py:441} INFO - ::group::Post task execution logs
[2025-09-30T00:27:09.400+0000] {taskinstance.py:1206} INFO - Marking task as SUCCESS. dag_id=urlhaus_ingest, task_id=urlhaus_fetch_normalize_bronze, run_id=scheduled__2025-09-29T00:00:00+00:00, execution_date=20250929T000000, start_date=20250930T002708, end_date=20250930T002709
[2025-09-30T00:27:09.446+0000] {local_task_job_runner.py:243} INFO - Task exited with return code 0
[2025-09-30T00:27:09.452+0000] {taskinstance.py:3503} INFO - 0 downstream tasks scheduled from follow-on schedule check
[2025-09-30T00:27:09.452+0000] {local_task_job_runner.py:222} INFO - ::endgroup::
