[2025-10-29T18:07:53.970+0000] {local_task_job_runner.py:120} INFO - ::group::Pre task execution logs
[2025-10-29T18:07:53.978+0000] {taskinstance.py:2076} INFO - Dependencies all met for dep_context=non-requeueable deps ti=<TaskInstance: labels_union.build_union scheduled__2025-09-05T00:00:00+00:00 [queued]>
[2025-10-29T18:07:53.980+0000] {taskinstance.py:2076} INFO - Dependencies all met for dep_context=requeueable deps ti=<TaskInstance: labels_union.build_union scheduled__2025-09-05T00:00:00+00:00 [queued]>
[2025-10-29T18:07:53.980+0000] {taskinstance.py:2306} INFO - Starting attempt 1 of 1
[2025-10-29T18:07:53.984+0000] {taskinstance.py:2330} INFO - Executing <Task(PythonOperator): build_union> on 2025-09-05 00:00:00+00:00
[2025-10-29T18:07:53.987+0000] {standard_task_runner.py:90} INFO - Running: ['airflow', 'tasks', 'run', 'labels_union', 'build_union', 'scheduled__2025-09-05T00:00:00+00:00', '--job-id', '32', '--raw', '--subdir', 'DAGS_FOLDER/labels_union.py', '--cfg-path', '/tmp/tmpu_01yh19']
[2025-10-29T18:07:53.988+0000] {standard_task_runner.py:91} INFO - Job 32: Subtask build_union
[2025-10-29T18:07:53.988+0000] {logging_mixin.py:188} WARNING - /home/airflow/.local/lib/python3.12/site-packages/airflow/task/task_runner/standard_task_runner.py:62 DeprecationWarning: This process (pid=974) is multi-threaded, use of fork() may lead to deadlocks in the child.
[2025-10-29T18:07:53.991+0000] {standard_task_runner.py:64} INFO - Started process 985 to run task
[2025-10-29T18:07:54.000+0000] {task_command.py:426} INFO - Running <TaskInstance: labels_union.build_union scheduled__2025-09-05T00:00:00+00:00 [running]> on host 9a4b1d75930e
[2025-10-29T18:07:54.017+0000] {taskinstance.py:2648} INFO - Exporting env vars: AIRFLOW_CTX_DAG_OWNER='you' AIRFLOW_CTX_DAG_ID='labels_union' AIRFLOW_CTX_TASK_ID='build_union' AIRFLOW_CTX_EXECUTION_DATE='2025-09-05T00:00:00+00:00' AIRFLOW_CTX_TRY_NUMBER='1' AIRFLOW_CTX_DAG_RUN_ID='scheduled__2025-09-05T00:00:00+00:00'
[2025-10-29T18:07:54.018+0000] {taskinstance.py:430} INFO - ::endgroup::
[2025-10-29T18:07:54.041+0000] {logging_mixin.py:188} INFO - [labels_union] 2025-09-05: wrote 3114 rows -> /opt/airflow/silver/labels_union/ingest_date=2025-09-05
[2025-10-29T18:07:54.041+0000] {python.py:237} INFO - Done. Returned value was: None
[2025-10-29T18:07:54.042+0000] {taskinstance.py:441} INFO - ::group::Post task execution logs
[2025-10-29T18:07:54.043+0000] {taskinstance.py:1206} INFO - Marking task as SUCCESS. dag_id=labels_union, task_id=build_union, run_id=scheduled__2025-09-05T00:00:00+00:00, execution_date=20250905T000000, start_date=20251029T180753, end_date=20251029T180754
[2025-10-29T18:07:54.057+0000] {local_task_job_runner.py:243} INFO - Task exited with return code 0
[2025-10-29T18:07:54.061+0000] {taskinstance.py:3503} INFO - 0 downstream tasks scheduled from follow-on schedule check
[2025-10-29T18:07:54.061+0000] {local_task_job_runner.py:222} INFO - ::endgroup::
[2025-11-03T21:32:31.724+0000] {local_task_job_runner.py:120} INFO - ::group::Pre task execution logs
[2025-11-03T21:32:31.733+0000] {taskinstance.py:2076} INFO - Dependencies all met for dep_context=non-requeueable deps ti=<TaskInstance: labels_union.build_union scheduled__2025-09-05T00:00:00+00:00 [queued]>
[2025-11-03T21:32:31.734+0000] {taskinstance.py:2076} INFO - Dependencies all met for dep_context=requeueable deps ti=<TaskInstance: labels_union.build_union scheduled__2025-09-05T00:00:00+00:00 [queued]>
[2025-11-03T21:32:31.734+0000] {taskinstance.py:2306} INFO - Starting attempt 1 of 1
[2025-11-03T21:32:31.738+0000] {taskinstance.py:2330} INFO - Executing <Task(PythonOperator): build_union> on 2025-09-05 00:00:00+00:00
[2025-11-03T21:32:31.741+0000] {standard_task_runner.py:90} INFO - Running: ['airflow', 'tasks', 'run', 'labels_union', 'build_union', 'scheduled__2025-09-05T00:00:00+00:00', '--job-id', '11', '--raw', '--subdir', 'DAGS_FOLDER/labels_union.py', '--cfg-path', '/tmp/tmplle_73wa']
[2025-11-03T21:32:31.744+0000] {standard_task_runner.py:91} INFO - Job 11: Subtask build_union
[2025-11-03T21:32:31.744+0000] {logging_mixin.py:188} WARNING - /home/airflow/.local/lib/python3.12/site-packages/airflow/task/task_runner/standard_task_runner.py:62 DeprecationWarning: This process (pid=517) is multi-threaded, use of fork() may lead to deadlocks in the child.
[2025-11-03T21:32:31.747+0000] {standard_task_runner.py:64} INFO - Started process 528 to run task
[2025-11-03T21:32:31.759+0000] {task_command.py:426} INFO - Running <TaskInstance: labels_union.build_union scheduled__2025-09-05T00:00:00+00:00 [running]> on host 8e26f6dc1ac9
[2025-11-03T21:32:31.781+0000] {taskinstance.py:2648} INFO - Exporting env vars: AIRFLOW_CTX_DAG_OWNER='you' AIRFLOW_CTX_DAG_ID='labels_union' AIRFLOW_CTX_TASK_ID='build_union' AIRFLOW_CTX_EXECUTION_DATE='2025-09-05T00:00:00+00:00' AIRFLOW_CTX_TRY_NUMBER='1' AIRFLOW_CTX_DAG_RUN_ID='scheduled__2025-09-05T00:00:00+00:00'
[2025-11-03T21:32:31.781+0000] {taskinstance.py:430} INFO - ::endgroup::
[2025-11-03T21:32:31.785+0000] {taskinstance.py:441} INFO - ::group::Post task execution logs
[2025-11-03T21:32:31.785+0000] {taskinstance.py:2905} ERROR - Task failed with exception
Traceback (most recent call last):
  File "/home/airflow/.local/lib/python3.12/site-packages/airflow/models/taskinstance.py", line 465, in _execute_task
    result = _execute_callable(context=context, **execute_callable_kwargs)
             ^^^^^^^^^^^^^^^^^^^^^^^^^^^^^^^^^^^^^^^^^^^^^^^^^^^^^^^^^^^^^
  File "/home/airflow/.local/lib/python3.12/site-packages/airflow/models/taskinstance.py", line 432, in _execute_callable
    return execute_callable(context=context, **execute_callable_kwargs)
           ^^^^^^^^^^^^^^^^^^^^^^^^^^^^^^^^^^^^^^^^^^^^^^^^^^^^^^^^^^^^
  File "/home/airflow/.local/lib/python3.12/site-packages/airflow/models/baseoperator.py", line 401, in wrapper
    return func(self, *args, **kwargs)
           ^^^^^^^^^^^^^^^^^^^^^^^^^^^
  File "/home/airflow/.local/lib/python3.12/site-packages/airflow/operators/python.py", line 235, in execute
    return_value = self.execute_callable()
                   ^^^^^^^^^^^^^^^^^^^^^^^
  File "/home/airflow/.local/lib/python3.12/site-packages/airflow/operators/python.py", line 252, in execute_callable
    return self.python_callable(*self.op_args, **self.op_kwargs)
           ^^^^^^^^^^^^^^^^^^^^^^^^^^^^^^^^^^^^^^^^^^^^^^^^^^^^^
  File "/opt/airflow/dags/labels_union.py", line 22, in build_union
    raise FileNotFoundError(f"No silver inputs for {ds}")
FileNotFoundError: No silver inputs for 2025-09-05
[2025-11-03T21:32:31.787+0000] {taskinstance.py:1206} INFO - Marking task as FAILED. dag_id=labels_union, task_id=build_union, run_id=scheduled__2025-09-05T00:00:00+00:00, execution_date=20250905T000000, start_date=20251103T213231, end_date=20251103T213231
[2025-11-03T21:32:31.791+0000] {standard_task_runner.py:110} ERROR - Failed to execute job 11 for task build_union (No silver inputs for 2025-09-05; 528)
[2025-11-03T21:32:31.812+0000] {local_task_job_runner.py:243} INFO - Task exited with return code 1
[2025-11-03T21:32:31.816+0000] {taskinstance.py:3503} INFO - 0 downstream tasks scheduled from follow-on schedule check
[2025-11-03T21:32:31.816+0000] {local_task_job_runner.py:222} INFO - ::endgroup::
