[2025-09-27T00:40:05.644+0000] {local_task_job_runner.py:120} INFO - ::group::Pre task execution logs
[2025-09-27T00:40:05.663+0000] {taskinstance.py:2076} INFO - Dependencies all met for dep_context=non-requeueable deps ti=<TaskInstance: labels_union.build_union scheduled__2025-09-26T00:00:00+00:00 [queued]>
[2025-09-27T00:40:05.665+0000] {taskinstance.py:2076} INFO - Dependencies all met for dep_context=requeueable deps ti=<TaskInstance: labels_union.build_union scheduled__2025-09-26T00:00:00+00:00 [queued]>
[2025-09-27T00:40:05.665+0000] {taskinstance.py:2306} INFO - Starting attempt 1 of 1
[2025-09-27T00:40:05.672+0000] {taskinstance.py:2330} INFO - Executing <Task(PythonOperator): build_union> on 2025-09-26 00:00:00+00:00
[2025-09-27T00:40:05.680+0000] {logging_mixin.py:188} WARNING - /home/airflow/.local/lib/python3.12/site-packages/airflow/task/task_runner/standard_task_runner.py:62 DeprecationWarning: This process (pid=92410) is multi-threaded, use of fork() may lead to deadlocks in the child.
[2025-09-27T00:40:05.679+0000] {standard_task_runner.py:90} INFO - Running: ['airflow', 'tasks', 'run', 'labels_union', 'build_union', 'scheduled__2025-09-26T00:00:00+00:00', '--job-id', '42', '--raw', '--subdir', 'DAGS_FOLDER/labels_union.py', '--cfg-path', '/tmp/tmpgvyfhp03']
[2025-09-27T00:40:05.680+0000] {standard_task_runner.py:91} INFO - Job 42: Subtask build_union
[2025-09-27T00:40:05.680+0000] {standard_task_runner.py:64} INFO - Started process 92421 to run task
[2025-09-27T00:40:05.700+0000] {task_command.py:426} INFO - Running <TaskInstance: labels_union.build_union scheduled__2025-09-26T00:00:00+00:00 [running]> on host 539ffd8f219e
[2025-09-27T00:40:05.732+0000] {taskinstance.py:2648} INFO - Exporting env vars: AIRFLOW_CTX_DAG_OWNER='you' AIRFLOW_CTX_DAG_ID='labels_union' AIRFLOW_CTX_TASK_ID='build_union' AIRFLOW_CTX_EXECUTION_DATE='2025-09-26T00:00:00+00:00' AIRFLOW_CTX_TRY_NUMBER='1' AIRFLOW_CTX_DAG_RUN_ID='scheduled__2025-09-26T00:00:00+00:00'
[2025-09-27T00:40:05.733+0000] {taskinstance.py:430} INFO - ::endgroup::
[2025-09-27T00:40:05.791+0000] {logging_mixin.py:188} INFO - [labels_union] wrote 4566 rows -> /opt/airflow/silver/labels_union/ingest_date=2025-09-26
[2025-09-27T00:40:05.791+0000] {python.py:237} INFO - Done. Returned value was: None
[2025-09-27T00:40:05.791+0000] {taskinstance.py:441} INFO - ::group::Post task execution logs
[2025-09-27T00:40:05.793+0000] {taskinstance.py:1206} INFO - Marking task as SUCCESS. dag_id=labels_union, task_id=build_union, run_id=scheduled__2025-09-26T00:00:00+00:00, execution_date=20250926T000000, start_date=20250927T004005, end_date=20250927T004005
[2025-09-27T00:40:05.825+0000] {local_task_job_runner.py:243} INFO - Task exited with return code 0
[2025-09-27T00:40:05.830+0000] {taskinstance.py:3503} INFO - 0 downstream tasks scheduled from follow-on schedule check
[2025-09-27T00:40:05.830+0000] {local_task_job_runner.py:222} INFO - ::endgroup::
[2025-10-29T18:12:04.587+0000] {local_task_job_runner.py:120} INFO - ::group::Pre task execution logs
[2025-10-29T18:12:04.597+0000] {taskinstance.py:2076} INFO - Dependencies all met for dep_context=non-requeueable deps ti=<TaskInstance: labels_union.build_union scheduled__2025-09-26T00:00:00+00:00 [queued]>
[2025-10-29T18:12:04.598+0000] {taskinstance.py:2076} INFO - Dependencies all met for dep_context=requeueable deps ti=<TaskInstance: labels_union.build_union scheduled__2025-09-26T00:00:00+00:00 [queued]>
[2025-10-29T18:12:04.599+0000] {taskinstance.py:2306} INFO - Starting attempt 1 of 1
[2025-10-29T18:12:04.603+0000] {taskinstance.py:2330} INFO - Executing <Task(PythonOperator): build_union> on 2025-09-26 00:00:00+00:00
[2025-10-29T18:12:04.607+0000] {standard_task_runner.py:90} INFO - Running: ['airflow', 'tasks', 'run', 'labels_union', 'build_union', 'scheduled__2025-09-26T00:00:00+00:00', '--job-id', '137', '--raw', '--subdir', 'DAGS_FOLDER/labels_union.py', '--cfg-path', '/tmp/tmpdozz7vr_']
[2025-10-29T18:12:04.608+0000] {standard_task_runner.py:91} INFO - Job 137: Subtask build_union
[2025-10-29T18:12:04.608+0000] {logging_mixin.py:188} WARNING - /home/airflow/.local/lib/python3.12/site-packages/airflow/task/task_runner/standard_task_runner.py:62 DeprecationWarning: This process (pid=3572) is multi-threaded, use of fork() may lead to deadlocks in the child.
[2025-10-29T18:12:04.610+0000] {standard_task_runner.py:64} INFO - Started process 3583 to run task
[2025-10-29T18:12:04.620+0000] {task_command.py:426} INFO - Running <TaskInstance: labels_union.build_union scheduled__2025-09-26T00:00:00+00:00 [running]> on host 9a4b1d75930e
[2025-10-29T18:12:04.641+0000] {taskinstance.py:2648} INFO - Exporting env vars: AIRFLOW_CTX_DAG_OWNER='you' AIRFLOW_CTX_DAG_ID='labels_union' AIRFLOW_CTX_TASK_ID='build_union' AIRFLOW_CTX_EXECUTION_DATE='2025-09-26T00:00:00+00:00' AIRFLOW_CTX_TRY_NUMBER='1' AIRFLOW_CTX_DAG_RUN_ID='scheduled__2025-09-26T00:00:00+00:00'
[2025-10-29T18:12:04.641+0000] {taskinstance.py:430} INFO - ::endgroup::
[2025-10-29T18:12:04.669+0000] {logging_mixin.py:188} INFO - [labels_union] 2025-09-26: wrote 3114 rows -> /opt/airflow/silver/labels_union/ingest_date=2025-09-26
[2025-10-29T18:12:04.670+0000] {python.py:237} INFO - Done. Returned value was: None
[2025-10-29T18:12:04.670+0000] {taskinstance.py:441} INFO - ::group::Post task execution logs
[2025-10-29T18:12:04.671+0000] {taskinstance.py:1206} INFO - Marking task as SUCCESS. dag_id=labels_union, task_id=build_union, run_id=scheduled__2025-09-26T00:00:00+00:00, execution_date=20250926T000000, start_date=20251029T181204, end_date=20251029T181204
[2025-10-29T18:12:04.715+0000] {local_task_job_runner.py:243} INFO - Task exited with return code 0
[2025-10-29T18:12:04.719+0000] {taskinstance.py:3503} INFO - 0 downstream tasks scheduled from follow-on schedule check
[2025-10-29T18:12:04.719+0000] {local_task_job_runner.py:222} INFO - ::endgroup::
