[2025-10-07T00:13:54.652+0000] {local_task_job_runner.py:120} INFO - ::group::Pre task execution logs
[2025-10-07T00:13:54.677+0000] {taskinstance.py:2076} INFO - Dependencies all met for dep_context=non-requeueable deps ti=<TaskInstance: openphish_silver.openphish_bronze_to_silver scheduled__2025-10-06T00:00:00+00:00 [queued]>
[2025-10-07T00:13:54.679+0000] {taskinstance.py:2076} INFO - Dependencies all met for dep_context=requeueable deps ti=<TaskInstance: openphish_silver.openphish_bronze_to_silver scheduled__2025-10-06T00:00:00+00:00 [queued]>
[2025-10-07T00:13:54.680+0000] {taskinstance.py:2306} INFO - Starting attempt 1 of 1
[2025-10-07T00:13:54.685+0000] {taskinstance.py:2330} INFO - Executing <Task(PythonOperator): openphish_bronze_to_silver> on 2025-10-06 00:00:00+00:00
[2025-10-07T00:13:54.695+0000] {standard_task_runner.py:90} INFO - Running: ['airflow', 'tasks', 'run', 'openphish_silver', 'openphish_bronze_to_silver', 'scheduled__2025-10-06T00:00:00+00:00', '--job-id', '106', '--raw', '--subdir', 'DAGS_FOLDER/openphish_silver.py', '--cfg-path', '/tmp/tmpz_nrpogp']
[2025-10-07T00:13:54.696+0000] {standard_task_runner.py:91} INFO - Job 106: Subtask openphish_bronze_to_silver
[2025-10-07T00:13:54.696+0000] {logging_mixin.py:188} WARNING - /home/airflow/.local/lib/python3.12/site-packages/airflow/task/task_runner/standard_task_runner.py:62 DeprecationWarning: This process (pid=18077) is multi-threaded, use of fork() may lead to deadlocks in the child.
[2025-10-07T00:13:54.698+0000] {standard_task_runner.py:64} INFO - Started process 18088 to run task
[2025-10-07T00:13:54.713+0000] {task_command.py:426} INFO - Running <TaskInstance: openphish_silver.openphish_bronze_to_silver scheduled__2025-10-06T00:00:00+00:00 [running]> on host 539ffd8f219e
[2025-10-07T00:13:54.744+0000] {taskinstance.py:2648} INFO - Exporting env vars: AIRFLOW_CTX_DAG_OWNER='you' AIRFLOW_CTX_DAG_ID='openphish_silver' AIRFLOW_CTX_TASK_ID='openphish_bronze_to_silver' AIRFLOW_CTX_EXECUTION_DATE='2025-10-06T00:00:00+00:00' AIRFLOW_CTX_TRY_NUMBER='1' AIRFLOW_CTX_DAG_RUN_ID='scheduled__2025-10-06T00:00:00+00:00'
[2025-10-07T00:13:54.744+0000] {taskinstance.py:430} INFO - ::endgroup::
[2025-10-07T00:13:54.873+0000] {logging_mixin.py:188} INFO - [openphish_silver] wrote 545 rows -> /opt/airflow/silver/openphish/ingest_date=2025-10-06
[2025-10-07T00:13:54.873+0000] {python.py:237} INFO - Done. Returned value was: None
[2025-10-07T00:13:54.873+0000] {taskinstance.py:441} INFO - ::group::Post task execution logs
[2025-10-07T00:13:54.875+0000] {taskinstance.py:1206} INFO - Marking task as SUCCESS. dag_id=openphish_silver, task_id=openphish_bronze_to_silver, run_id=scheduled__2025-10-06T00:00:00+00:00, execution_date=20251006T000000, start_date=20251007T001354, end_date=20251007T001354
[2025-10-07T00:13:54.921+0000] {local_task_job_runner.py:243} INFO - Task exited with return code 0
[2025-10-07T00:13:54.927+0000] {taskinstance.py:3503} INFO - 0 downstream tasks scheduled from follow-on schedule check
[2025-10-07T00:13:54.927+0000] {local_task_job_runner.py:222} INFO - ::endgroup::
[2025-10-29T18:13:40.890+0000] {local_task_job_runner.py:120} INFO - ::group::Pre task execution logs
[2025-10-29T18:13:40.898+0000] {taskinstance.py:2076} INFO - Dependencies all met for dep_context=non-requeueable deps ti=<TaskInstance: openphish_silver.openphish_bronze_to_silver scheduled__2025-10-06T00:00:00+00:00 [queued]>
[2025-10-29T18:13:40.900+0000] {taskinstance.py:2076} INFO - Dependencies all met for dep_context=requeueable deps ti=<TaskInstance: openphish_silver.openphish_bronze_to_silver scheduled__2025-10-06T00:00:00+00:00 [queued]>
[2025-10-29T18:13:40.900+0000] {taskinstance.py:2306} INFO - Starting attempt 1 of 1
[2025-10-29T18:13:40.904+0000] {taskinstance.py:2330} INFO - Executing <Task(PythonOperator): openphish_bronze_to_silver> on 2025-10-06 00:00:00+00:00
[2025-10-29T18:13:40.907+0000] {standard_task_runner.py:90} INFO - Running: ['airflow', 'tasks', 'run', 'openphish_silver', 'openphish_bronze_to_silver', 'scheduled__2025-10-06T00:00:00+00:00', '--job-id', '178', '--raw', '--subdir', 'DAGS_FOLDER/openphish_silver.py', '--cfg-path', '/tmp/tmp339yyzmk']
[2025-10-29T18:13:40.908+0000] {standard_task_runner.py:91} INFO - Job 178: Subtask openphish_bronze_to_silver
[2025-10-29T18:13:40.908+0000] {logging_mixin.py:188} WARNING - /home/airflow/.local/lib/python3.12/site-packages/airflow/task/task_runner/standard_task_runner.py:62 DeprecationWarning: This process (pid=4570) is multi-threaded, use of fork() may lead to deadlocks in the child.
[2025-10-29T18:13:40.910+0000] {standard_task_runner.py:64} INFO - Started process 4581 to run task
[2025-10-29T18:13:40.918+0000] {task_command.py:426} INFO - Running <TaskInstance: openphish_silver.openphish_bronze_to_silver scheduled__2025-10-06T00:00:00+00:00 [running]> on host 9a4b1d75930e
[2025-10-29T18:13:40.937+0000] {taskinstance.py:2648} INFO - Exporting env vars: AIRFLOW_CTX_DAG_OWNER='you' AIRFLOW_CTX_DAG_ID='openphish_silver' AIRFLOW_CTX_TASK_ID='openphish_bronze_to_silver' AIRFLOW_CTX_EXECUTION_DATE='2025-10-06T00:00:00+00:00' AIRFLOW_CTX_TRY_NUMBER='1' AIRFLOW_CTX_DAG_RUN_ID='scheduled__2025-10-06T00:00:00+00:00'
[2025-10-29T18:13:40.937+0000] {taskinstance.py:430} INFO - ::endgroup::
[2025-10-29T18:13:40.957+0000] {logging_mixin.py:188} INFO - [openphish_silver] 2025-10-06: wrote 206 rows -> /opt/airflow/silver/openphish/ingest_date=2025-10-06
[2025-10-29T18:13:40.957+0000] {python.py:237} INFO - Done. Returned value was: None
[2025-10-29T18:13:40.957+0000] {taskinstance.py:441} INFO - ::group::Post task execution logs
[2025-10-29T18:13:40.958+0000] {taskinstance.py:1206} INFO - Marking task as SUCCESS. dag_id=openphish_silver, task_id=openphish_bronze_to_silver, run_id=scheduled__2025-10-06T00:00:00+00:00, execution_date=20251006T000000, start_date=20251029T181340, end_date=20251029T181340
[2025-10-29T18:13:40.968+0000] {local_task_job_runner.py:243} INFO - Task exited with return code 0
[2025-10-29T18:13:40.972+0000] {taskinstance.py:3503} INFO - 0 downstream tasks scheduled from follow-on schedule check
[2025-10-29T18:13:40.972+0000] {local_task_job_runner.py:222} INFO - ::endgroup::
