[2025-11-12T16:18:34.788+0000] {local_task_job_runner.py:120} INFO - ::group::Pre task execution logs
[2025-11-12T16:18:34.796+0000] {taskinstance.py:2076} INFO - Dependencies all met for dep_context=non-requeueable deps ti=<TaskInstance: labels_union.build_union scheduled__2025-11-11T00:00:00+00:00 [queued]>
[2025-11-12T16:18:34.798+0000] {taskinstance.py:2076} INFO - Dependencies all met for dep_context=requeueable deps ti=<TaskInstance: labels_union.build_union scheduled__2025-11-11T00:00:00+00:00 [queued]>
[2025-11-12T16:18:34.798+0000] {taskinstance.py:2306} INFO - Starting attempt 1 of 1
[2025-11-12T16:18:34.802+0000] {taskinstance.py:2330} INFO - Executing <Task(PythonOperator): build_union> on 2025-11-11 00:00:00+00:00
[2025-11-12T16:18:34.804+0000] {standard_task_runner.py:90} INFO - Running: ['airflow', 'tasks', 'run', 'labels_union', 'build_union', 'scheduled__2025-11-11T00:00:00+00:00', '--job-id', '9', '--raw', '--subdir', 'DAGS_FOLDER/labels_union.py', '--cfg-path', '/tmp/tmpieiyb5il']
[2025-11-12T16:18:34.806+0000] {standard_task_runner.py:91} INFO - Job 9: Subtask build_union
[2025-11-12T16:18:34.806+0000] {logging_mixin.py:188} WARNING - /home/airflow/.local/lib/python3.12/site-packages/airflow/task/task_runner/standard_task_runner.py:62 DeprecationWarning: This process (pid=2364) is multi-threaded, use of fork() may lead to deadlocks in the child.
[2025-11-12T16:18:34.809+0000] {standard_task_runner.py:64} INFO - Started process 2375 to run task
[2025-11-12T16:18:34.818+0000] {task_command.py:426} INFO - Running <TaskInstance: labels_union.build_union scheduled__2025-11-11T00:00:00+00:00 [running]> on host 1fd82182dcce
[2025-11-12T16:18:34.834+0000] {taskinstance.py:2648} INFO - Exporting env vars: AIRFLOW_CTX_DAG_OWNER='you' AIRFLOW_CTX_DAG_ID='labels_union' AIRFLOW_CTX_TASK_ID='build_union' AIRFLOW_CTX_EXECUTION_DATE='2025-11-11T00:00:00+00:00' AIRFLOW_CTX_TRY_NUMBER='1' AIRFLOW_CTX_DAG_RUN_ID='scheduled__2025-11-11T00:00:00+00:00'
[2025-11-12T16:18:34.835+0000] {taskinstance.py:430} INFO - ::endgroup::
[2025-11-12T16:18:34.843+0000] {labels_union.py:83} WARNING - [labels_union] 2025-11-11: no silver inputs found; writing empty union.
[2025-11-12T16:18:34.881+0000] {labels_union.py:107} INFO - [labels_union] 2025-11-11: wrote 0 rows -> /opt/airflow/silver/labels_union/ingest_date=2025-11-11/labels_union.parquet
[2025-11-12T16:18:34.881+0000] {python.py:237} INFO - Done. Returned value was: None
[2025-11-12T16:18:34.881+0000] {taskinstance.py:441} INFO - ::group::Post task execution logs
[2025-11-12T16:18:34.883+0000] {taskinstance.py:1206} INFO - Marking task as SUCCESS. dag_id=labels_union, task_id=build_union, run_id=scheduled__2025-11-11T00:00:00+00:00, execution_date=20251111T000000, start_date=20251112T161834, end_date=20251112T161834
[2025-11-12T16:18:34.908+0000] {local_task_job_runner.py:243} INFO - Task exited with return code 0
[2025-11-12T16:18:34.911+0000] {taskinstance.py:3503} INFO - 0 downstream tasks scheduled from follow-on schedule check
[2025-11-12T16:18:34.912+0000] {local_task_job_runner.py:222} INFO - ::endgroup::
