[2025-10-02T00:00:10.762+0000] {local_task_job_runner.py:120} INFO - ::group::Pre task execution logs
[2025-10-02T00:00:10.775+0000] {taskinstance.py:2076} INFO - Dependencies all met for dep_context=non-requeueable deps ti=<TaskInstance: openphish_silver.openphish_bronze_to_silver scheduled__2025-10-01T00:00:00+00:00 [queued]>
[2025-10-02T00:00:10.777+0000] {taskinstance.py:2076} INFO - Dependencies all met for dep_context=requeueable deps ti=<TaskInstance: openphish_silver.openphish_bronze_to_silver scheduled__2025-10-01T00:00:00+00:00 [queued]>
[2025-10-02T00:00:10.778+0000] {taskinstance.py:2306} INFO - Starting attempt 1 of 1
[2025-10-02T00:00:10.787+0000] {taskinstance.py:2330} INFO - Executing <Task(PythonOperator): openphish_bronze_to_silver> on 2025-10-01 00:00:00+00:00
[2025-10-02T00:00:10.791+0000] {standard_task_runner.py:90} INFO - Running: ['airflow', 'tasks', 'run', 'openphish_silver', 'openphish_bronze_to_silver', 'scheduled__2025-10-01T00:00:00+00:00', '--job-id', '74', '--raw', '--subdir', 'DAGS_FOLDER/openphish_silver.py', '--cfg-path', '/tmp/tmpt5gyw7m7']
[2025-10-02T00:00:10.792+0000] {standard_task_runner.py:91} INFO - Job 74: Subtask openphish_bronze_to_silver
[2025-10-02T00:00:10.793+0000] {logging_mixin.py:188} WARNING - /home/airflow/.local/lib/python3.12/site-packages/airflow/task/task_runner/standard_task_runner.py:62 DeprecationWarning: This process (pid=13638) is multi-threaded, use of fork() may lead to deadlocks in the child.
[2025-10-02T00:00:10.793+0000] {standard_task_runner.py:64} INFO - Started process 13649 to run task
[2025-10-02T00:00:10.815+0000] {task_command.py:426} INFO - Running <TaskInstance: openphish_silver.openphish_bronze_to_silver scheduled__2025-10-01T00:00:00+00:00 [running]> on host 539ffd8f219e
[2025-10-02T00:00:10.840+0000] {taskinstance.py:2648} INFO - Exporting env vars: AIRFLOW_CTX_DAG_OWNER='you' AIRFLOW_CTX_DAG_ID='openphish_silver' AIRFLOW_CTX_TASK_ID='openphish_bronze_to_silver' AIRFLOW_CTX_EXECUTION_DATE='2025-10-01T00:00:00+00:00' AIRFLOW_CTX_TRY_NUMBER='1' AIRFLOW_CTX_DAG_RUN_ID='scheduled__2025-10-01T00:00:00+00:00'
[2025-10-02T00:00:10.841+0000] {taskinstance.py:430} INFO - ::endgroup::
[2025-10-02T00:00:10.887+0000] {logging_mixin.py:188} INFO - [openphish_silver] wrote 559 rows -> /opt/airflow/silver/openphish/ingest_date=2025-10-01
[2025-10-02T00:00:10.887+0000] {python.py:237} INFO - Done. Returned value was: None
[2025-10-02T00:00:10.887+0000] {taskinstance.py:441} INFO - ::group::Post task execution logs
[2025-10-02T00:00:10.889+0000] {taskinstance.py:1206} INFO - Marking task as SUCCESS. dag_id=openphish_silver, task_id=openphish_bronze_to_silver, run_id=scheduled__2025-10-01T00:00:00+00:00, execution_date=20251001T000000, start_date=20251002T000010, end_date=20251002T000010
[2025-10-02T00:00:10.933+0000] {local_task_job_runner.py:243} INFO - Task exited with return code 0
[2025-10-02T00:00:10.937+0000] {taskinstance.py:3503} INFO - 0 downstream tasks scheduled from follow-on schedule check
[2025-10-02T00:00:10.938+0000] {local_task_job_runner.py:222} INFO - ::endgroup::
[2025-10-29T18:12:44.783+0000] {local_task_job_runner.py:120} INFO - ::group::Pre task execution logs
[2025-10-29T18:12:44.792+0000] {taskinstance.py:2076} INFO - Dependencies all met for dep_context=non-requeueable deps ti=<TaskInstance: openphish_silver.openphish_bronze_to_silver scheduled__2025-10-01T00:00:00+00:00 [queued]>
[2025-10-29T18:12:44.793+0000] {taskinstance.py:2076} INFO - Dependencies all met for dep_context=requeueable deps ti=<TaskInstance: openphish_silver.openphish_bronze_to_silver scheduled__2025-10-01T00:00:00+00:00 [queued]>
[2025-10-29T18:12:44.793+0000] {taskinstance.py:2306} INFO - Starting attempt 1 of 1
[2025-10-29T18:12:44.798+0000] {taskinstance.py:2330} INFO - Executing <Task(PythonOperator): openphish_bronze_to_silver> on 2025-10-01 00:00:00+00:00
[2025-10-29T18:12:44.800+0000] {standard_task_runner.py:90} INFO - Running: ['airflow', 'tasks', 'run', 'openphish_silver', 'openphish_bronze_to_silver', 'scheduled__2025-10-01T00:00:00+00:00', '--job-id', '153', '--raw', '--subdir', 'DAGS_FOLDER/openphish_silver.py', '--cfg-path', '/tmp/tmpw0xiranr']
[2025-10-29T18:12:44.801+0000] {standard_task_runner.py:91} INFO - Job 153: Subtask openphish_bronze_to_silver
[2025-10-29T18:12:44.801+0000] {logging_mixin.py:188} WARNING - /home/airflow/.local/lib/python3.12/site-packages/airflow/task/task_runner/standard_task_runner.py:62 DeprecationWarning: This process (pid=3966) is multi-threaded, use of fork() may lead to deadlocks in the child.
[2025-10-29T18:12:44.804+0000] {standard_task_runner.py:64} INFO - Started process 3977 to run task
[2025-10-29T18:12:44.812+0000] {task_command.py:426} INFO - Running <TaskInstance: openphish_silver.openphish_bronze_to_silver scheduled__2025-10-01T00:00:00+00:00 [running]> on host 9a4b1d75930e
[2025-10-29T18:12:44.831+0000] {taskinstance.py:2648} INFO - Exporting env vars: AIRFLOW_CTX_DAG_OWNER='you' AIRFLOW_CTX_DAG_ID='openphish_silver' AIRFLOW_CTX_TASK_ID='openphish_bronze_to_silver' AIRFLOW_CTX_EXECUTION_DATE='2025-10-01T00:00:00+00:00' AIRFLOW_CTX_TRY_NUMBER='1' AIRFLOW_CTX_DAG_RUN_ID='scheduled__2025-10-01T00:00:00+00:00'
[2025-10-29T18:12:44.832+0000] {taskinstance.py:430} INFO - ::endgroup::
[2025-10-29T18:12:44.851+0000] {logging_mixin.py:188} INFO - [openphish_silver] 2025-10-01: wrote 206 rows -> /opt/airflow/silver/openphish/ingest_date=2025-10-01
[2025-10-29T18:12:44.851+0000] {python.py:237} INFO - Done. Returned value was: None
[2025-10-29T18:12:44.851+0000] {taskinstance.py:441} INFO - ::group::Post task execution logs
[2025-10-29T18:12:44.853+0000] {taskinstance.py:1206} INFO - Marking task as SUCCESS. dag_id=openphish_silver, task_id=openphish_bronze_to_silver, run_id=scheduled__2025-10-01T00:00:00+00:00, execution_date=20251001T000000, start_date=20251029T181244, end_date=20251029T181244
[2025-10-29T18:12:44.862+0000] {local_task_job_runner.py:243} INFO - Task exited with return code 0
[2025-10-29T18:12:44.866+0000] {taskinstance.py:3503} INFO - 0 downstream tasks scheduled from follow-on schedule check
[2025-10-29T18:12:44.867+0000] {local_task_job_runner.py:222} INFO - ::endgroup::
