[2025-10-01T00:04:21.238+0000] {local_task_job_runner.py:120} INFO - ::group::Pre task execution logs
[2025-10-01T00:04:21.245+0000] {taskinstance.py:2076} INFO - Dependencies all met for dep_context=non-requeueable deps ti=<TaskInstance: urlhaus_ingest.urlhaus_fetch_normalize_bronze scheduled__2025-09-30T00:00:00+00:00 [queued]>
[2025-10-01T00:04:21.247+0000] {taskinstance.py:2076} INFO - Dependencies all met for dep_context=requeueable deps ti=<TaskInstance: urlhaus_ingest.urlhaus_fetch_normalize_bronze scheduled__2025-09-30T00:00:00+00:00 [queued]>
[2025-10-01T00:04:21.247+0000] {taskinstance.py:2306} INFO - Starting attempt 1 of 2
[2025-10-01T00:04:21.251+0000] {taskinstance.py:2330} INFO - Executing <Task(PythonOperator): urlhaus_fetch_normalize_bronze> on 2025-09-30 00:00:00+00:00
[2025-10-01T00:04:21.255+0000] {warnings.py:112} WARNING - /home/airflow/.local/lib/python3.12/site-packages/airflow/task/task_runner/standard_task_runner.py:62: DeprecationWarning: This process (pid=92316) is multi-threaded, use of fork() may lead to deadlocks in the child.
  pid = os.fork()

[2025-10-01T00:04:21.256+0000] {standard_task_runner.py:64} INFO - Started process 92337 to run task
[2025-10-01T00:04:21.256+0000] {standard_task_runner.py:90} INFO - Running: ['airflow', 'tasks', 'run', 'urlhaus_ingest', 'urlhaus_fetch_normalize_bronze', 'scheduled__2025-09-30T00:00:00+00:00', '--job-id', '71', '--raw', '--subdir', 'DAGS_FOLDER/urlhaus_ingest.py', '--cfg-path', '/tmp/tmptusk_omq']
[2025-10-01T00:04:21.257+0000] {standard_task_runner.py:91} INFO - Job 71: Subtask urlhaus_fetch_normalize_bronze
[2025-10-01T00:04:21.273+0000] {task_command.py:426} INFO - Running <TaskInstance: urlhaus_ingest.urlhaus_fetch_normalize_bronze scheduled__2025-09-30T00:00:00+00:00 [running]> on host 539ffd8f219e
[2025-10-01T00:04:21.297+0000] {taskinstance.py:2648} INFO - Exporting env vars: AIRFLOW_CTX_DAG_OWNER='you' AIRFLOW_CTX_DAG_ID='urlhaus_ingest' AIRFLOW_CTX_TASK_ID='urlhaus_fetch_normalize_bronze' AIRFLOW_CTX_EXECUTION_DATE='2025-09-30T00:00:00+00:00' AIRFLOW_CTX_TRY_NUMBER='1' AIRFLOW_CTX_DAG_RUN_ID='scheduled__2025-09-30T00:00:00+00:00'
[2025-10-01T00:04:21.297+0000] {taskinstance.py:430} INFO - ::endgroup::
[2025-10-01T00:04:22.561+0000] {logging_mixin.py:188} INFO - [urlhaus_ingest] rows after normalize: 10978
[2025-10-01T00:04:22.567+0000] {logging_mixin.py:188} INFO - [urlhaus] rows after normalize: 10978
[2025-10-01T00:04:22.609+0000] {python.py:237} INFO - Done. Returned value was: None
[2025-10-01T00:04:22.609+0000] {taskinstance.py:441} INFO - ::group::Post task execution logs
[2025-10-01T00:04:22.612+0000] {taskinstance.py:1206} INFO - Marking task as SUCCESS. dag_id=urlhaus_ingest, task_id=urlhaus_fetch_normalize_bronze, run_id=scheduled__2025-09-30T00:00:00+00:00, execution_date=20250930T000000, start_date=20251001T000421, end_date=20251001T000422
[2025-10-01T00:04:22.633+0000] {local_task_job_runner.py:243} INFO - Task exited with return code 0
[2025-10-01T00:04:22.640+0000] {taskinstance.py:3503} INFO - 0 downstream tasks scheduled from follow-on schedule check
[2025-10-01T00:04:22.640+0000] {local_task_job_runner.py:222} INFO - ::endgroup::
[2025-10-29T17:16:07.718+0000] {local_task_job_runner.py:120} INFO - ::group::Pre task execution logs
[2025-10-29T17:16:07.728+0000] {taskinstance.py:2076} INFO - Dependencies all met for dep_context=non-requeueable deps ti=<TaskInstance: urlhaus_ingest.urlhaus_fetch_normalize_bronze scheduled__2025-09-30T00:00:00+00:00 [queued]>
[2025-10-29T17:16:07.730+0000] {taskinstance.py:2076} INFO - Dependencies all met for dep_context=requeueable deps ti=<TaskInstance: urlhaus_ingest.urlhaus_fetch_normalize_bronze scheduled__2025-09-30T00:00:00+00:00 [queued]>
[2025-10-29T17:16:07.730+0000] {taskinstance.py:2306} INFO - Starting attempt 1 of 2
[2025-10-29T17:16:07.735+0000] {taskinstance.py:2330} INFO - Executing <Task(PythonOperator): urlhaus_fetch_normalize_bronze> on 2025-09-30 00:00:00+00:00
[2025-10-29T17:16:07.739+0000] {warnings.py:112} WARNING - /home/airflow/.local/lib/python3.12/site-packages/airflow/task/task_runner/standard_task_runner.py:62: DeprecationWarning: This process (pid=1955) is multi-threaded, use of fork() may lead to deadlocks in the child.
  pid = os.fork()

[2025-10-29T17:16:07.739+0000] {standard_task_runner.py:64} INFO - Started process 1976 to run task
[2025-10-29T17:16:07.740+0000] {standard_task_runner.py:90} INFO - Running: ['airflow', 'tasks', 'run', 'urlhaus_ingest', 'urlhaus_fetch_normalize_bronze', 'scheduled__2025-09-30T00:00:00+00:00', '--job-id', '69', '--raw', '--subdir', 'DAGS_FOLDER/urlhaus_ingest.py', '--cfg-path', '/tmp/tmpgr7fy1h8']
[2025-10-29T17:16:07.740+0000] {standard_task_runner.py:91} INFO - Job 69: Subtask urlhaus_fetch_normalize_bronze
[2025-10-29T17:16:07.758+0000] {task_command.py:426} INFO - Running <TaskInstance: urlhaus_ingest.urlhaus_fetch_normalize_bronze scheduled__2025-09-30T00:00:00+00:00 [running]> on host 109bbc934e0f
[2025-10-29T17:16:07.788+0000] {taskinstance.py:2648} INFO - Exporting env vars: AIRFLOW_CTX_DAG_OWNER='you' AIRFLOW_CTX_DAG_ID='urlhaus_ingest' AIRFLOW_CTX_TASK_ID='urlhaus_fetch_normalize_bronze' AIRFLOW_CTX_EXECUTION_DATE='2025-09-30T00:00:00+00:00' AIRFLOW_CTX_TRY_NUMBER='1' AIRFLOW_CTX_DAG_RUN_ID='scheduled__2025-09-30T00:00:00+00:00'
[2025-10-29T17:16:07.789+0000] {taskinstance.py:430} INFO - ::endgroup::
[2025-10-29T17:16:07.964+0000] {logging_mixin.py:188} INFO - [urlhaus_ingest] rows after normalize: 21313
[2025-10-29T17:16:07.978+0000] {logging_mixin.py:188} INFO - [urlhaus] rows after normalize: 21313
[2025-10-29T17:16:08.009+0000] {python.py:237} INFO - Done. Returned value was: None
[2025-10-29T17:16:08.010+0000] {taskinstance.py:441} INFO - ::group::Post task execution logs
[2025-10-29T17:16:08.012+0000] {taskinstance.py:1206} INFO - Marking task as SUCCESS. dag_id=urlhaus_ingest, task_id=urlhaus_fetch_normalize_bronze, run_id=scheduled__2025-09-30T00:00:00+00:00, execution_date=20250930T000000, start_date=20251029T171607, end_date=20251029T171608
[2025-10-29T17:16:08.048+0000] {local_task_job_runner.py:243} INFO - Task exited with return code 0
[2025-10-29T17:16:08.054+0000] {taskinstance.py:3503} INFO - 0 downstream tasks scheduled from follow-on schedule check
[2025-10-29T17:16:08.055+0000] {local_task_job_runner.py:222} INFO - ::endgroup::
[2025-10-29T18:12:27.230+0000] {local_task_job_runner.py:120} INFO - ::group::Pre task execution logs
[2025-10-29T18:12:27.238+0000] {taskinstance.py:2076} INFO - Dependencies all met for dep_context=non-requeueable deps ti=<TaskInstance: urlhaus_ingest.urlhaus_fetch_normalize_bronze scheduled__2025-09-30T00:00:00+00:00 [queued]>
[2025-10-29T18:12:27.239+0000] {taskinstance.py:2076} INFO - Dependencies all met for dep_context=requeueable deps ti=<TaskInstance: urlhaus_ingest.urlhaus_fetch_normalize_bronze scheduled__2025-09-30T00:00:00+00:00 [queued]>
[2025-10-29T18:12:27.239+0000] {taskinstance.py:2306} INFO - Starting attempt 1 of 2
[2025-10-29T18:12:27.243+0000] {taskinstance.py:2330} INFO - Executing <Task(PythonOperator): urlhaus_fetch_normalize_bronze> on 2025-09-30 00:00:00+00:00
[2025-10-29T18:12:27.246+0000] {warnings.py:112} WARNING - /home/airflow/.local/lib/python3.12/site-packages/airflow/task/task_runner/standard_task_runner.py:62: DeprecationWarning: This process (pid=3778) is multi-threaded, use of fork() may lead to deadlocks in the child.
  pid = os.fork()

[2025-10-29T18:12:27.246+0000] {standard_task_runner.py:64} INFO - Started process 3799 to run task
[2025-10-29T18:12:27.247+0000] {standard_task_runner.py:90} INFO - Running: ['airflow', 'tasks', 'run', 'urlhaus_ingest', 'urlhaus_fetch_normalize_bronze', 'scheduled__2025-09-30T00:00:00+00:00', '--job-id', '146', '--raw', '--subdir', 'DAGS_FOLDER/urlhaus_ingest.py', '--cfg-path', '/tmp/tmpsxwxd251']
[2025-10-29T18:12:27.247+0000] {standard_task_runner.py:91} INFO - Job 146: Subtask urlhaus_fetch_normalize_bronze
[2025-10-29T18:12:27.259+0000] {task_command.py:426} INFO - Running <TaskInstance: urlhaus_ingest.urlhaus_fetch_normalize_bronze scheduled__2025-09-30T00:00:00+00:00 [running]> on host 9a4b1d75930e
[2025-10-29T18:12:27.281+0000] {taskinstance.py:2648} INFO - Exporting env vars: AIRFLOW_CTX_DAG_OWNER='you' AIRFLOW_CTX_DAG_ID='urlhaus_ingest' AIRFLOW_CTX_TASK_ID='urlhaus_fetch_normalize_bronze' AIRFLOW_CTX_EXECUTION_DATE='2025-09-30T00:00:00+00:00' AIRFLOW_CTX_TRY_NUMBER='1' AIRFLOW_CTX_DAG_RUN_ID='scheduled__2025-09-30T00:00:00+00:00'
[2025-10-29T18:12:27.282+0000] {taskinstance.py:430} INFO - ::endgroup::
[2025-10-29T18:12:27.435+0000] {logging_mixin.py:188} INFO - [urlhaus_ingest] rows after normalize: 21301
[2025-10-29T18:12:27.445+0000] {logging_mixin.py:188} INFO - [urlhaus] rows after normalize: 21301
[2025-10-29T18:12:27.469+0000] {python.py:237} INFO - Done. Returned value was: None
[2025-10-29T18:12:27.469+0000] {taskinstance.py:441} INFO - ::group::Post task execution logs
[2025-10-29T18:12:27.471+0000] {taskinstance.py:1206} INFO - Marking task as SUCCESS. dag_id=urlhaus_ingest, task_id=urlhaus_fetch_normalize_bronze, run_id=scheduled__2025-09-30T00:00:00+00:00, execution_date=20250930T000000, start_date=20251029T181227, end_date=20251029T181227
[2025-10-29T18:12:27.517+0000] {local_task_job_runner.py:243} INFO - Task exited with return code 0
[2025-10-29T18:12:27.521+0000] {taskinstance.py:3503} INFO - 0 downstream tasks scheduled from follow-on schedule check
[2025-10-29T18:12:27.521+0000] {local_task_job_runner.py:222} INFO - ::endgroup::
