[2025-11-13T01:38:37.259+0000] {local_task_job_runner.py:120} INFO - ::group::Pre task execution logs
[2025-11-13T01:38:37.269+0000] {taskinstance.py:2076} INFO - Dependencies all met for dep_context=non-requeueable deps ti=<TaskInstance: openphish_ingest.openphish_fetch_normalize_bronze manual__2025-11-13T01:38:33.615352+00:00 [queued]>
[2025-11-13T01:38:37.271+0000] {taskinstance.py:2076} INFO - Dependencies all met for dep_context=requeueable deps ti=<TaskInstance: openphish_ingest.openphish_fetch_normalize_bronze manual__2025-11-13T01:38:33.615352+00:00 [queued]>
[2025-11-13T01:38:37.272+0000] {taskinstance.py:2306} INFO - Starting attempt 1 of 2
[2025-11-13T01:38:37.278+0000] {taskinstance.py:2330} INFO - Executing <Task(PythonOperator): openphish_fetch_normalize_bronze> on 2025-11-13 01:38:33.615352+00:00
[2025-11-13T01:38:37.282+0000] {warnings.py:112} WARNING - /home/airflow/.local/lib/python3.12/site-packages/airflow/task/task_runner/standard_task_runner.py:62: DeprecationWarning: This process (pid=12280) is multi-threaded, use of fork() may lead to deadlocks in the child.
  pid = os.fork()

[2025-11-13T01:38:37.283+0000] {standard_task_runner.py:64} INFO - Started process 12322 to run task
[2025-11-13T01:38:37.284+0000] {standard_task_runner.py:90} INFO - Running: ['airflow', 'tasks', 'run', 'openphish_ingest', 'openphish_fetch_normalize_bronze', 'manual__2025-11-13T01:38:33.615352+00:00', '--job-id', '56', '--raw', '--subdir', 'DAGS_FOLDER/openphish_ingest.py', '--cfg-path', '/tmp/tmp3f2wejad']
[2025-11-13T01:38:37.284+0000] {standard_task_runner.py:91} INFO - Job 56: Subtask openphish_fetch_normalize_bronze
[2025-11-13T01:38:37.300+0000] {task_command.py:426} INFO - Running <TaskInstance: openphish_ingest.openphish_fetch_normalize_bronze manual__2025-11-13T01:38:33.615352+00:00 [running]> on host 1fd82182dcce
[2025-11-13T01:38:37.327+0000] {taskinstance.py:2648} INFO - Exporting env vars: AIRFLOW_CTX_DAG_OWNER='you' AIRFLOW_CTX_DAG_ID='openphish_ingest' AIRFLOW_CTX_TASK_ID='openphish_fetch_normalize_bronze' AIRFLOW_CTX_EXECUTION_DATE='2025-11-13T01:38:33.615352+00:00' AIRFLOW_CTX_TRY_NUMBER='1' AIRFLOW_CTX_DAG_RUN_ID='manual__2025-11-13T01:38:33.615352+00:00'
[2025-11-13T01:38:37.327+0000] {taskinstance.py:430} INFO - ::endgroup::
[2025-11-13T01:38:37.332+0000] {openphish_ingest.py:27} INFO - Overriding ds/ts from dag_run.conf: 2025-11-13,2025-11-13T01:38:33.615352+00:00 -> 2025-11-13,2025-11-13T00:00:00+00:00
[2025-11-13T01:38:38.035+0000] {openphish_ingest.py:101} INFO - [openphish_ingest] 2025-11-13: wrote 300 rows -> /opt/airflow/bronze/openphish/ingest_date=2025-11-13/openphish.parquet
[2025-11-13T01:38:38.036+0000] {python.py:237} INFO - Done. Returned value was: None
[2025-11-13T01:38:38.036+0000] {taskinstance.py:441} INFO - ::group::Post task execution logs
[2025-11-13T01:38:38.039+0000] {taskinstance.py:1206} INFO - Marking task as SUCCESS. dag_id=openphish_ingest, task_id=openphish_fetch_normalize_bronze, run_id=manual__2025-11-13T01:38:33.615352+00:00, execution_date=20251113T013833, start_date=20251113T013837, end_date=20251113T013838
[2025-11-13T01:38:38.085+0000] {local_task_job_runner.py:243} INFO - Task exited with return code 0
[2025-11-13T01:38:38.090+0000] {taskinstance.py:3503} INFO - 0 downstream tasks scheduled from follow-on schedule check
[2025-11-13T01:38:38.091+0000] {local_task_job_runner.py:222} INFO - ::endgroup::
