[2025-09-25T00:04:30.316+0000] {local_task_job_runner.py:120} INFO - ::group::Pre task execution logs
[2025-09-25T00:04:30.331+0000] {taskinstance.py:2076} INFO - Dependencies all met for dep_context=non-requeueable deps ti=<TaskInstance: openphish_ingest.openphish_fetch_normalize_bronze scheduled__2025-09-24T00:00:00+00:00 [queued]>
[2025-09-25T00:04:30.341+0000] {taskinstance.py:2076} INFO - Dependencies all met for dep_context=requeueable deps ti=<TaskInstance: openphish_ingest.openphish_fetch_normalize_bronze scheduled__2025-09-24T00:00:00+00:00 [queued]>
[2025-09-25T00:04:30.341+0000] {taskinstance.py:2306} INFO - Starting attempt 1 of 2
[2025-09-25T00:04:30.355+0000] {taskinstance.py:2330} INFO - Executing <Task(PythonOperator): openphish_fetch_normalize_bronze> on 2025-09-24 00:00:00+00:00
[2025-09-25T00:04:30.366+0000] {standard_task_runner.py:90} INFO - Running: ['airflow', 'tasks', 'run', 'openphish_ingest', 'openphish_fetch_normalize_bronze', 'scheduled__2025-09-24T00:00:00+00:00', '--job-id', '30', '--raw', '--subdir', 'DAGS_FOLDER/openphish_ingest.py', '--cfg-path', '/tmp/tmpqu3_foyi']
[2025-09-25T00:04:30.368+0000] {standard_task_runner.py:91} INFO - Job 30: Subtask openphish_fetch_normalize_bronze
[2025-09-25T00:04:30.367+0000] {warnings.py:112} WARNING - /home/airflow/.local/lib/python3.12/site-packages/airflow/task/task_runner/standard_task_runner.py:62: DeprecationWarning: This process (pid=43972) is multi-threaded, use of fork() may lead to deadlocks in the child.
  pid = os.fork()

[2025-09-25T00:04:30.376+0000] {standard_task_runner.py:64} INFO - Started process 43993 to run task
[2025-09-25T00:04:30.393+0000] {task_command.py:426} INFO - Running <TaskInstance: openphish_ingest.openphish_fetch_normalize_bronze scheduled__2025-09-24T00:00:00+00:00 [running]> on host 539ffd8f219e
[2025-09-25T00:04:30.416+0000] {taskinstance.py:2648} INFO - Exporting env vars: AIRFLOW_CTX_DAG_OWNER='you' AIRFLOW_CTX_DAG_ID='openphish_ingest' AIRFLOW_CTX_TASK_ID='openphish_fetch_normalize_bronze' AIRFLOW_CTX_EXECUTION_DATE='2025-09-24T00:00:00+00:00' AIRFLOW_CTX_TRY_NUMBER='1' AIRFLOW_CTX_DAG_RUN_ID='scheduled__2025-09-24T00:00:00+00:00'
[2025-09-25T00:04:30.416+0000] {taskinstance.py:430} INFO - ::endgroup::
[2025-09-25T00:04:31.738+0000] {logging_mixin.py:188} INFO - [openphish_ingest] rows after normalize: 300
[2025-09-25T00:04:31.742+0000] {logging_mixin.py:188} INFO - [openphish] rows after normalize: 300
[2025-09-25T00:04:31.773+0000] {python.py:237} INFO - Done. Returned value was: None
[2025-09-25T00:04:31.773+0000] {taskinstance.py:441} INFO - ::group::Post task execution logs
[2025-09-25T00:04:31.775+0000] {taskinstance.py:1206} INFO - Marking task as SUCCESS. dag_id=openphish_ingest, task_id=openphish_fetch_normalize_bronze, run_id=scheduled__2025-09-24T00:00:00+00:00, execution_date=20250924T000000, start_date=20250925T000430, end_date=20250925T000431
[2025-09-25T00:04:31.800+0000] {local_task_job_runner.py:243} INFO - Task exited with return code 0
[2025-09-25T00:04:31.806+0000] {taskinstance.py:3503} INFO - 0 downstream tasks scheduled from follow-on schedule check
[2025-09-25T00:04:31.806+0000] {local_task_job_runner.py:222} INFO - ::endgroup::
[2025-10-29T17:14:36.941+0000] {local_task_job_runner.py:120} INFO - ::group::Pre task execution logs
[2025-10-29T17:14:36.948+0000] {taskinstance.py:2076} INFO - Dependencies all met for dep_context=non-requeueable deps ti=<TaskInstance: openphish_ingest.openphish_fetch_normalize_bronze scheduled__2025-09-24T00:00:00+00:00 [queued]>
[2025-10-29T17:14:36.950+0000] {taskinstance.py:2076} INFO - Dependencies all met for dep_context=requeueable deps ti=<TaskInstance: openphish_ingest.openphish_fetch_normalize_bronze scheduled__2025-09-24T00:00:00+00:00 [queued]>
[2025-10-29T17:14:36.950+0000] {taskinstance.py:2306} INFO - Starting attempt 1 of 2
[2025-10-29T17:14:36.953+0000] {taskinstance.py:2330} INFO - Executing <Task(PythonOperator): openphish_fetch_normalize_bronze> on 2025-09-24 00:00:00+00:00
[2025-10-29T17:14:36.956+0000] {warnings.py:112} WARNING - /home/airflow/.local/lib/python3.12/site-packages/airflow/task/task_runner/standard_task_runner.py:62: DeprecationWarning: This process (pid=1325) is multi-threaded, use of fork() may lead to deadlocks in the child.
  pid = os.fork()

[2025-10-29T17:14:36.956+0000] {standard_task_runner.py:64} INFO - Started process 1346 to run task
[2025-10-29T17:14:36.957+0000] {standard_task_runner.py:90} INFO - Running: ['airflow', 'tasks', 'run', 'openphish_ingest', 'openphish_fetch_normalize_bronze', 'scheduled__2025-09-24T00:00:00+00:00', '--job-id', '46', '--raw', '--subdir', 'DAGS_FOLDER/openphish_ingest.py', '--cfg-path', '/tmp/tmpvdrt052z']
[2025-10-29T17:14:36.957+0000] {standard_task_runner.py:91} INFO - Job 46: Subtask openphish_fetch_normalize_bronze
[2025-10-29T17:14:36.969+0000] {task_command.py:426} INFO - Running <TaskInstance: openphish_ingest.openphish_fetch_normalize_bronze scheduled__2025-09-24T00:00:00+00:00 [running]> on host 109bbc934e0f
[2025-10-29T17:14:36.989+0000] {taskinstance.py:2648} INFO - Exporting env vars: AIRFLOW_CTX_DAG_OWNER='you' AIRFLOW_CTX_DAG_ID='openphish_ingest' AIRFLOW_CTX_TASK_ID='openphish_fetch_normalize_bronze' AIRFLOW_CTX_EXECUTION_DATE='2025-09-24T00:00:00+00:00' AIRFLOW_CTX_TRY_NUMBER='1' AIRFLOW_CTX_DAG_RUN_ID='scheduled__2025-09-24T00:00:00+00:00'
[2025-10-29T17:14:36.989+0000] {taskinstance.py:430} INFO - ::endgroup::
[2025-10-29T17:14:37.649+0000] {logging_mixin.py:188} INFO - [openphish_ingest] rows after normalize: 300
[2025-10-29T17:14:37.653+0000] {logging_mixin.py:188} INFO - [openphish] rows after normalize: 300
[2025-10-29T17:14:37.663+0000] {python.py:237} INFO - Done. Returned value was: None
[2025-10-29T17:14:37.663+0000] {taskinstance.py:441} INFO - ::group::Post task execution logs
[2025-10-29T17:14:37.665+0000] {taskinstance.py:1206} INFO - Marking task as SUCCESS. dag_id=openphish_ingest, task_id=openphish_fetch_normalize_bronze, run_id=scheduled__2025-09-24T00:00:00+00:00, execution_date=20250924T000000, start_date=20251029T171436, end_date=20251029T171437
[2025-10-29T17:14:37.711+0000] {local_task_job_runner.py:243} INFO - Task exited with return code 0
[2025-10-29T17:14:37.716+0000] {taskinstance.py:3503} INFO - 0 downstream tasks scheduled from follow-on schedule check
[2025-10-29T17:14:37.716+0000] {local_task_job_runner.py:222} INFO - ::endgroup::
[2025-10-29T18:11:07.368+0000] {local_task_job_runner.py:120} INFO - ::group::Pre task execution logs
[2025-10-29T18:11:07.376+0000] {taskinstance.py:2076} INFO - Dependencies all met for dep_context=non-requeueable deps ti=<TaskInstance: openphish_ingest.openphish_fetch_normalize_bronze scheduled__2025-09-24T00:00:00+00:00 [queued]>
[2025-10-29T18:11:07.378+0000] {taskinstance.py:2076} INFO - Dependencies all met for dep_context=requeueable deps ti=<TaskInstance: openphish_ingest.openphish_fetch_normalize_bronze scheduled__2025-09-24T00:00:00+00:00 [queued]>
[2025-10-29T18:11:07.378+0000] {taskinstance.py:2306} INFO - Starting attempt 1 of 2
[2025-10-29T18:11:07.382+0000] {taskinstance.py:2330} INFO - Executing <Task(PythonOperator): openphish_fetch_normalize_bronze> on 2025-09-24 00:00:00+00:00
[2025-10-29T18:11:07.385+0000] {warnings.py:112} WARNING - /home/airflow/.local/lib/python3.12/site-packages/airflow/task/task_runner/standard_task_runner.py:62: DeprecationWarning: This process (pid=2986) is multi-threaded, use of fork() may lead to deadlocks in the child.
  pid = os.fork()

[2025-10-29T18:11:07.386+0000] {standard_task_runner.py:64} INFO - Started process 3007 to run task
[2025-10-29T18:11:07.386+0000] {standard_task_runner.py:90} INFO - Running: ['airflow', 'tasks', 'run', 'openphish_ingest', 'openphish_fetch_normalize_bronze', 'scheduled__2025-09-24T00:00:00+00:00', '--job-id', '114', '--raw', '--subdir', 'DAGS_FOLDER/openphish_ingest.py', '--cfg-path', '/tmp/tmpcazggvk7']
[2025-10-29T18:11:07.387+0000] {standard_task_runner.py:91} INFO - Job 114: Subtask openphish_fetch_normalize_bronze
[2025-10-29T18:11:07.404+0000] {task_command.py:426} INFO - Running <TaskInstance: openphish_ingest.openphish_fetch_normalize_bronze scheduled__2025-09-24T00:00:00+00:00 [running]> on host 9a4b1d75930e
[2025-10-29T18:11:07.429+0000] {taskinstance.py:2648} INFO - Exporting env vars: AIRFLOW_CTX_DAG_OWNER='you' AIRFLOW_CTX_DAG_ID='openphish_ingest' AIRFLOW_CTX_TASK_ID='openphish_fetch_normalize_bronze' AIRFLOW_CTX_EXECUTION_DATE='2025-09-24T00:00:00+00:00' AIRFLOW_CTX_TRY_NUMBER='1' AIRFLOW_CTX_DAG_RUN_ID='scheduled__2025-09-24T00:00:00+00:00'
[2025-10-29T18:11:07.429+0000] {taskinstance.py:430} INFO - ::endgroup::
[2025-10-29T18:11:08.080+0000] {logging_mixin.py:188} INFO - [openphish_ingest] rows after normalize: 300
[2025-10-29T18:11:08.083+0000] {logging_mixin.py:188} INFO - [openphish] rows after normalize: 300
[2025-10-29T18:11:08.094+0000] {python.py:237} INFO - Done. Returned value was: None
[2025-10-29T18:11:08.094+0000] {taskinstance.py:441} INFO - ::group::Post task execution logs
[2025-10-29T18:11:08.096+0000] {taskinstance.py:1206} INFO - Marking task as SUCCESS. dag_id=openphish_ingest, task_id=openphish_fetch_normalize_bronze, run_id=scheduled__2025-09-24T00:00:00+00:00, execution_date=20250924T000000, start_date=20251029T181107, end_date=20251029T181108
[2025-10-29T18:11:08.140+0000] {local_task_job_runner.py:243} INFO - Task exited with return code 0
[2025-10-29T18:11:08.147+0000] {taskinstance.py:3503} INFO - 0 downstream tasks scheduled from follow-on schedule check
[2025-10-29T18:11:08.147+0000] {local_task_job_runner.py:222} INFO - ::endgroup::
