[2025-11-08T00:01:26.193+0000] {local_task_job_runner.py:120} INFO - ::group::Pre task execution logs
[2025-11-08T00:01:26.208+0000] {taskinstance.py:2076} INFO - Dependencies all met for dep_context=non-requeueable deps ti=<TaskInstance: misp_osint_ingest.misp_osint_fetch scheduled__2025-11-07T00:00:00+00:00 [queued]>
[2025-11-08T00:01:26.211+0000] {taskinstance.py:2076} INFO - Dependencies all met for dep_context=requeueable deps ti=<TaskInstance: misp_osint_ingest.misp_osint_fetch scheduled__2025-11-07T00:00:00+00:00 [queued]>
[2025-11-08T00:01:26.211+0000] {taskinstance.py:2306} INFO - Starting attempt 1 of 1
[2025-11-08T00:01:26.220+0000] {taskinstance.py:2330} INFO - Executing <Task(PythonOperator): misp_osint_fetch> on 2025-11-07 00:00:00+00:00
[2025-11-08T00:01:26.224+0000] {standard_task_runner.py:90} INFO - Running: ['airflow', 'tasks', 'run', 'misp_osint_ingest', 'misp_osint_fetch', 'scheduled__2025-11-07T00:00:00+00:00', '--job-id', '51', '--raw', '--subdir', 'DAGS_FOLDER/misp_osint_ingest.py', '--cfg-path', '/tmp/tmpfyt3jx5f']
[2025-11-08T00:01:26.226+0000] {standard_task_runner.py:91} INFO - Job 51: Subtask misp_osint_fetch
[2025-11-08T00:01:26.226+0000] {logging_mixin.py:188} WARNING - /home/airflow/.local/lib/python3.12/site-packages/airflow/task/task_runner/standard_task_runner.py:62 DeprecationWarning: This process (pid=51128) is multi-threaded, use of fork() may lead to deadlocks in the child.
[2025-11-08T00:01:26.230+0000] {standard_task_runner.py:64} INFO - Started process 51139 to run task
[2025-11-08T00:01:26.244+0000] {task_command.py:426} INFO - Running <TaskInstance: misp_osint_ingest.misp_osint_fetch scheduled__2025-11-07T00:00:00+00:00 [running]> on host 7e98baed574a
[2025-11-08T00:01:26.279+0000] {taskinstance.py:2648} INFO - Exporting env vars: AIRFLOW_CTX_DAG_OWNER='you' AIRFLOW_CTX_DAG_ID='misp_osint_ingest' AIRFLOW_CTX_TASK_ID='misp_osint_fetch' AIRFLOW_CTX_EXECUTION_DATE='2025-11-07T00:00:00+00:00' AIRFLOW_CTX_TRY_NUMBER='1' AIRFLOW_CTX_DAG_RUN_ID='scheduled__2025-11-07T00:00:00+00:00'
[2025-11-08T00:01:26.279+0000] {taskinstance.py:430} INFO - ::endgroup::
[2025-11-08T01:09:49.635+0000] {logging_mixin.py:188} INFO - [misp_osint] error on https://www.circl.lu/doc/misp/feed-osint/e9bf73b9-f82c-4203-ba04-deacf8d9fbd6.json: HTTPSConnectionPool(host='www.circl.lu', port=443): Read timed out.
[2025-11-08T01:10:04.749+0000] {logging_mixin.py:188} INFO - [misp_osint] error on https://www.circl.lu/doc/misp/feed-osint/f8912a82-2870-4de2-9663-5fdbee0ed401.json: ('Connection aborted.', RemoteDisconnected('Remote end closed connection without response'))
[2025-11-08T02:11:05.654+0000] {logging_mixin.py:188} INFO - [misp_osint] error on https://www.circl.lu/doc/misp/feed-osint/f3290493-8f74-4220-aa04-b83408e37a0c.json: HTTPSConnectionPool(host='www.circl.lu', port=443): Read timed out.
[2025-11-08T03:12:04.152+0000] {logging_mixin.py:188} INFO - [misp_osint] error on https://www.circl.lu/doc/misp/feed-osint/ff6b1c02-8c44-4646-9d3f-9a831b5ba006.json: HTTPSConnectionPool(host='www.circl.lu', port=443): Read timed out.
[2025-11-08T04:13:05.666+0000] {logging_mixin.py:188} INFO - [misp_osint] error on https://www.circl.lu/doc/misp/feed-osint/ffb85ca7-6a43-4b9f-a759-b6a7ea2235f9.json: HTTPSConnectionPool(host='www.circl.lu', port=443): Read timed out. (read timeout=60)
[2025-11-08T05:14:05.649+0000] {logging_mixin.py:188} INFO - [misp_osint] error on https://www.circl.lu/doc/misp/feed-osint/ffea72a3-7935-4078-b769-b872475c5eae.json: HTTPSConnectionPool(host='www.circl.lu', port=443): Read timed out.
[2025-11-08T05:14:08.666+0000] {logging_mixin.py:188} INFO - [misp_osint] fetched files: 40, rows extracted: 2771, file errors: 6
[2025-11-08T05:14:08.703+0000] {logging_mixin.py:188} INFO - [misp_osint] wrote 2771 rows -> /opt/airflow/silver/misp_osint/ingest_date=2025-11-07/misp_osint.parquet
[2025-11-08T05:14:08.705+0000] {python.py:237} INFO - Done. Returned value was: None
[2025-11-08T05:14:08.705+0000] {taskinstance.py:441} INFO - ::group::Post task execution logs
[2025-11-08T05:14:08.710+0000] {taskinstance.py:1206} INFO - Marking task as SUCCESS. dag_id=misp_osint_ingest, task_id=misp_osint_fetch, run_id=scheduled__2025-11-07T00:00:00+00:00, execution_date=20251107T000000, start_date=20251108T000126, end_date=20251108T051408
[2025-11-08T05:14:08.769+0000] {local_task_job_runner.py:243} INFO - Task exited with return code 0
[2025-11-08T05:14:08.777+0000] {taskinstance.py:3503} INFO - 0 downstream tasks scheduled from follow-on schedule check
[2025-11-08T05:14:08.778+0000] {local_task_job_runner.py:222} INFO - ::endgroup::
