[2025-09-28T00:01:43.639+0000] {local_task_job_runner.py:120} INFO - ::group::Pre task execution logs
[2025-09-28T00:01:43.685+0000] {taskinstance.py:2076} INFO - Dependencies all met for dep_context=non-requeueable deps ti=<TaskInstance: openphish_silver.openphish_bronze_to_silver scheduled__2025-09-27T00:00:00+00:00 [queued]>
[2025-09-28T00:01:43.691+0000] {taskinstance.py:2076} INFO - Dependencies all met for dep_context=requeueable deps ti=<TaskInstance: openphish_silver.openphish_bronze_to_silver scheduled__2025-09-27T00:00:00+00:00 [queued]>
[2025-09-28T00:01:43.692+0000] {taskinstance.py:2306} INFO - Starting attempt 1 of 1
[2025-09-28T00:01:43.712+0000] {taskinstance.py:2330} INFO - Executing <Task(PythonOperator): openphish_bronze_to_silver> on 2025-09-27 00:00:00+00:00
[2025-09-28T00:01:43.736+0000] {standard_task_runner.py:90} INFO - Running: ['airflow', 'tasks', 'run', 'openphish_silver', 'openphish_bronze_to_silver', 'scheduled__2025-09-27T00:00:00+00:00', '--job-id', '45', '--raw', '--subdir', 'DAGS_FOLDER/openphish_silver.py', '--cfg-path', '/tmp/tmpv6ljilw7']
[2025-09-28T00:01:43.740+0000] {standard_task_runner.py:91} INFO - Job 45: Subtask openphish_bronze_to_silver
[2025-09-28T00:01:43.744+0000] {logging_mixin.py:188} WARNING - /home/airflow/.local/lib/python3.12/site-packages/airflow/task/task_runner/standard_task_runner.py:62 DeprecationWarning: This process (pid=12590) is multi-threaded, use of fork() may lead to deadlocks in the child.
[2025-09-28T00:01:43.744+0000] {standard_task_runner.py:64} INFO - Started process 12601 to run task
[2025-09-28T00:01:43.797+0000] {task_command.py:426} INFO - Running <TaskInstance: openphish_silver.openphish_bronze_to_silver scheduled__2025-09-27T00:00:00+00:00 [running]> on host 539ffd8f219e
[2025-09-28T00:01:43.887+0000] {taskinstance.py:2648} INFO - Exporting env vars: AIRFLOW_CTX_DAG_OWNER='you' AIRFLOW_CTX_DAG_ID='openphish_silver' AIRFLOW_CTX_TASK_ID='openphish_bronze_to_silver' AIRFLOW_CTX_EXECUTION_DATE='2025-09-27T00:00:00+00:00' AIRFLOW_CTX_TRY_NUMBER='1' AIRFLOW_CTX_DAG_RUN_ID='scheduled__2025-09-27T00:00:00+00:00'
[2025-09-28T00:01:43.889+0000] {taskinstance.py:430} INFO - ::endgroup::
[2025-09-28T00:01:44.033+0000] {logging_mixin.py:188} INFO - [openphish_silver] wrote 564 rows -> /opt/airflow/silver/openphish/ingest_date=2025-09-27
[2025-09-28T00:01:44.034+0000] {python.py:237} INFO - Done. Returned value was: None
[2025-09-28T00:01:44.034+0000] {taskinstance.py:441} INFO - ::group::Post task execution logs
[2025-09-28T00:01:44.041+0000] {taskinstance.py:1206} INFO - Marking task as SUCCESS. dag_id=openphish_silver, task_id=openphish_bronze_to_silver, run_id=scheduled__2025-09-27T00:00:00+00:00, execution_date=20250927T000000, start_date=20250928T000143, end_date=20250928T000144
[2025-09-28T00:01:44.092+0000] {local_task_job_runner.py:243} INFO - Task exited with return code 0
[2025-09-28T00:01:44.109+0000] {taskinstance.py:3503} INFO - 0 downstream tasks scheduled from follow-on schedule check
[2025-09-28T00:01:44.110+0000] {local_task_job_runner.py:222} INFO - ::endgroup::
[2025-10-29T18:11:52.471+0000] {local_task_job_runner.py:120} INFO - ::group::Pre task execution logs
[2025-10-29T18:11:52.479+0000] {taskinstance.py:2076} INFO - Dependencies all met for dep_context=non-requeueable deps ti=<TaskInstance: openphish_silver.openphish_bronze_to_silver scheduled__2025-09-27T00:00:00+00:00 [queued]>
[2025-10-29T18:11:52.481+0000] {taskinstance.py:2076} INFO - Dependencies all met for dep_context=requeueable deps ti=<TaskInstance: openphish_silver.openphish_bronze_to_silver scheduled__2025-09-27T00:00:00+00:00 [queued]>
[2025-10-29T18:11:52.481+0000] {taskinstance.py:2306} INFO - Starting attempt 1 of 1
[2025-10-29T18:11:52.485+0000] {taskinstance.py:2330} INFO - Executing <Task(PythonOperator): openphish_bronze_to_silver> on 2025-09-27 00:00:00+00:00
[2025-10-29T18:11:52.488+0000] {standard_task_runner.py:90} INFO - Running: ['airflow', 'tasks', 'run', 'openphish_silver', 'openphish_bronze_to_silver', 'scheduled__2025-09-27T00:00:00+00:00', '--job-id', '133', '--raw', '--subdir', 'DAGS_FOLDER/openphish_silver.py', '--cfg-path', '/tmp/tmpz013ewul']
[2025-10-29T18:11:52.489+0000] {standard_task_runner.py:91} INFO - Job 133: Subtask openphish_bronze_to_silver
[2025-10-29T18:11:52.489+0000] {logging_mixin.py:188} WARNING - /home/airflow/.local/lib/python3.12/site-packages/airflow/task/task_runner/standard_task_runner.py:62 DeprecationWarning: This process (pid=3457) is multi-threaded, use of fork() may lead to deadlocks in the child.
[2025-10-29T18:11:52.492+0000] {standard_task_runner.py:64} INFO - Started process 3468 to run task
[2025-10-29T18:11:52.501+0000] {task_command.py:426} INFO - Running <TaskInstance: openphish_silver.openphish_bronze_to_silver scheduled__2025-09-27T00:00:00+00:00 [running]> on host 9a4b1d75930e
[2025-10-29T18:11:52.519+0000] {taskinstance.py:2648} INFO - Exporting env vars: AIRFLOW_CTX_DAG_OWNER='you' AIRFLOW_CTX_DAG_ID='openphish_silver' AIRFLOW_CTX_TASK_ID='openphish_bronze_to_silver' AIRFLOW_CTX_EXECUTION_DATE='2025-09-27T00:00:00+00:00' AIRFLOW_CTX_TRY_NUMBER='1' AIRFLOW_CTX_DAG_RUN_ID='scheduled__2025-09-27T00:00:00+00:00'
[2025-10-29T18:11:52.519+0000] {taskinstance.py:430} INFO - ::endgroup::
[2025-10-29T18:11:52.538+0000] {logging_mixin.py:188} INFO - [openphish_silver] 2025-09-27: wrote 206 rows -> /opt/airflow/silver/openphish/ingest_date=2025-09-27
[2025-10-29T18:11:52.538+0000] {python.py:237} INFO - Done. Returned value was: None
[2025-10-29T18:11:52.538+0000] {taskinstance.py:441} INFO - ::group::Post task execution logs
[2025-10-29T18:11:52.540+0000] {taskinstance.py:1206} INFO - Marking task as SUCCESS. dag_id=openphish_silver, task_id=openphish_bronze_to_silver, run_id=scheduled__2025-09-27T00:00:00+00:00, execution_date=20250927T000000, start_date=20251029T181152, end_date=20251029T181152
[2025-10-29T18:11:52.552+0000] {local_task_job_runner.py:243} INFO - Task exited with return code 0
[2025-10-29T18:11:52.556+0000] {taskinstance.py:3503} INFO - 0 downstream tasks scheduled from follow-on schedule check
[2025-10-29T18:11:52.556+0000] {local_task_job_runner.py:222} INFO - ::endgroup::
