[2025-10-29T16:27:10.961+0000] {local_task_job_runner.py:120} INFO - ::group::Pre task execution logs
[2025-10-29T16:27:10.969+0000] {taskinstance.py:2076} INFO - Dependencies all met for dep_context=non-requeueable deps ti=<TaskInstance: urlhaus_ingest.urlhaus_fetch_normalize_bronze manual__2025-10-29T16:27:07.043743+00:00 [queued]>
[2025-10-29T16:27:10.970+0000] {taskinstance.py:2076} INFO - Dependencies all met for dep_context=requeueable deps ti=<TaskInstance: urlhaus_ingest.urlhaus_fetch_normalize_bronze manual__2025-10-29T16:27:07.043743+00:00 [queued]>
[2025-10-29T16:27:10.970+0000] {taskinstance.py:2306} INFO - Starting attempt 1 of 2
[2025-10-29T16:27:10.974+0000] {taskinstance.py:2330} INFO - Executing <Task(PythonOperator): urlhaus_fetch_normalize_bronze> on 2025-10-29 16:27:07.043743+00:00
[2025-10-29T16:27:10.976+0000] {warnings.py:112} WARNING - /home/airflow/.local/lib/python3.12/site-packages/airflow/task/task_runner/standard_task_runner.py:62: DeprecationWarning: This process (pid=377) is multi-threaded, use of fork() may lead to deadlocks in the child.
  pid = os.fork()

[2025-10-29T16:27:10.976+0000] {standard_task_runner.py:64} INFO - Started process 398 to run task
[2025-10-29T16:27:10.977+0000] {standard_task_runner.py:90} INFO - Running: ['airflow', 'tasks', 'run', 'urlhaus_ingest', 'urlhaus_fetch_normalize_bronze', 'manual__2025-10-29T16:27:07.043743+00:00', '--job-id', '7', '--raw', '--subdir', 'DAGS_FOLDER/urlhaus_ingest.py', '--cfg-path', '/tmp/tmpah30ez3u']
[2025-10-29T16:27:10.977+0000] {standard_task_runner.py:91} INFO - Job 7: Subtask urlhaus_fetch_normalize_bronze
[2025-10-29T16:27:10.987+0000] {task_command.py:426} INFO - Running <TaskInstance: urlhaus_ingest.urlhaus_fetch_normalize_bronze manual__2025-10-29T16:27:07.043743+00:00 [running]> on host 71216881f673
[2025-10-29T16:27:11.005+0000] {taskinstance.py:2648} INFO - Exporting env vars: AIRFLOW_CTX_DAG_OWNER='you' AIRFLOW_CTX_DAG_ID='urlhaus_ingest' AIRFLOW_CTX_TASK_ID='urlhaus_fetch_normalize_bronze' AIRFLOW_CTX_EXECUTION_DATE='2025-10-29T16:27:07.043743+00:00' AIRFLOW_CTX_TRY_NUMBER='1' AIRFLOW_CTX_DAG_RUN_ID='manual__2025-10-29T16:27:07.043743+00:00'
[2025-10-29T16:27:11.006+0000] {taskinstance.py:430} INFO - ::endgroup::
[2025-10-29T16:27:11.163+0000] {logging_mixin.py:188} INFO - [urlhaus_ingest] rows after normalize: 21269
[2025-10-29T16:27:11.175+0000] {logging_mixin.py:188} INFO - [urlhaus] rows after normalize: 21269
[2025-10-29T16:27:11.203+0000] {python.py:237} INFO - Done. Returned value was: None
[2025-10-29T16:27:11.203+0000] {taskinstance.py:441} INFO - ::group::Post task execution logs
[2025-10-29T16:27:11.205+0000] {taskinstance.py:1206} INFO - Marking task as SUCCESS. dag_id=urlhaus_ingest, task_id=urlhaus_fetch_normalize_bronze, run_id=manual__2025-10-29T16:27:07.043743+00:00, execution_date=20251029T162707, start_date=20251029T162710, end_date=20251029T162711
[2025-10-29T16:27:11.254+0000] {local_task_job_runner.py:243} INFO - Task exited with return code 0
[2025-10-29T16:27:11.258+0000] {taskinstance.py:3503} INFO - 0 downstream tasks scheduled from follow-on schedule check
[2025-10-29T16:27:11.258+0000] {local_task_job_runner.py:222} INFO - ::endgroup::
