[2025-10-29T16:26:54.067+0000] {local_task_job_runner.py:120} INFO - ::group::Pre task execution logs
[2025-10-29T16:26:54.075+0000] {taskinstance.py:2076} INFO - Dependencies all met for dep_context=non-requeueable deps ti=<TaskInstance: labels_union.build_union scheduled__2025-10-28T00:00:00+00:00 [queued]>
[2025-10-29T16:26:54.077+0000] {taskinstance.py:2076} INFO - Dependencies all met for dep_context=requeueable deps ti=<TaskInstance: labels_union.build_union scheduled__2025-10-28T00:00:00+00:00 [queued]>
[2025-10-29T16:26:54.077+0000] {taskinstance.py:2306} INFO - Starting attempt 1 of 1
[2025-10-29T16:26:54.080+0000] {taskinstance.py:2330} INFO - Executing <Task(PythonOperator): build_union> on 2025-10-28 00:00:00+00:00
[2025-10-29T16:26:54.083+0000] {standard_task_runner.py:90} INFO - Running: ['airflow', 'tasks', 'run', 'labels_union', 'build_union', 'scheduled__2025-10-28T00:00:00+00:00', '--job-id', '6', '--raw', '--subdir', 'DAGS_FOLDER/labels_union.py', '--cfg-path', '/tmp/tmp6gp3x8_8']
[2025-10-29T16:26:54.085+0000] {standard_task_runner.py:91} INFO - Job 6: Subtask build_union
[2025-10-29T16:26:54.085+0000] {logging_mixin.py:188} WARNING - /home/airflow/.local/lib/python3.12/site-packages/airflow/task/task_runner/standard_task_runner.py:62 DeprecationWarning: This process (pid=352) is multi-threaded, use of fork() may lead to deadlocks in the child.
[2025-10-29T16:26:54.087+0000] {standard_task_runner.py:64} INFO - Started process 363 to run task
[2025-10-29T16:26:54.097+0000] {task_command.py:426} INFO - Running <TaskInstance: labels_union.build_union scheduled__2025-10-28T00:00:00+00:00 [running]> on host 71216881f673
[2025-10-29T16:26:54.117+0000] {taskinstance.py:2648} INFO - Exporting env vars: AIRFLOW_CTX_DAG_OWNER='you' AIRFLOW_CTX_DAG_ID='labels_union' AIRFLOW_CTX_TASK_ID='build_union' AIRFLOW_CTX_EXECUTION_DATE='2025-10-28T00:00:00+00:00' AIRFLOW_CTX_TRY_NUMBER='1' AIRFLOW_CTX_DAG_RUN_ID='scheduled__2025-10-28T00:00:00+00:00'
[2025-10-29T16:26:54.117+0000] {taskinstance.py:430} INFO - ::endgroup::
[2025-10-29T16:26:54.153+0000] {logging_mixin.py:188} INFO - [labels_union] wrote 6411 rows -> /opt/airflow/silver/labels_union/ingest_date=2025-10-28
[2025-10-29T16:26:54.153+0000] {python.py:237} INFO - Done. Returned value was: None
[2025-10-29T16:26:54.153+0000] {taskinstance.py:441} INFO - ::group::Post task execution logs
[2025-10-29T16:26:54.155+0000] {taskinstance.py:1206} INFO - Marking task as SUCCESS. dag_id=labels_union, task_id=build_union, run_id=scheduled__2025-10-28T00:00:00+00:00, execution_date=20251028T000000, start_date=20251029T162654, end_date=20251029T162654
[2025-10-29T16:26:54.190+0000] {local_task_job_runner.py:243} INFO - Task exited with return code 0
[2025-10-29T16:26:54.197+0000] {taskinstance.py:3503} INFO - 0 downstream tasks scheduled from follow-on schedule check
[2025-10-29T16:26:54.197+0000] {local_task_job_runner.py:222} INFO - ::endgroup::
[2025-10-29T18:18:13.355+0000] {local_task_job_runner.py:120} INFO - ::group::Pre task execution logs
[2025-10-29T18:18:13.364+0000] {taskinstance.py:2076} INFO - Dependencies all met for dep_context=non-requeueable deps ti=<TaskInstance: labels_union.build_union scheduled__2025-10-28T00:00:00+00:00 [queued]>
[2025-10-29T18:18:13.366+0000] {taskinstance.py:2076} INFO - Dependencies all met for dep_context=requeueable deps ti=<TaskInstance: labels_union.build_union scheduled__2025-10-28T00:00:00+00:00 [queued]>
[2025-10-29T18:18:13.366+0000] {taskinstance.py:2306} INFO - Starting attempt 1 of 1
[2025-10-29T18:18:13.371+0000] {taskinstance.py:2330} INFO - Executing <Task(PythonOperator): build_union> on 2025-10-28 00:00:00+00:00
[2025-10-29T18:18:13.374+0000] {standard_task_runner.py:90} INFO - Running: ['airflow', 'tasks', 'run', 'labels_union', 'build_union', 'scheduled__2025-10-28T00:00:00+00:00', '--job-id', '291', '--raw', '--subdir', 'DAGS_FOLDER/labels_union.py', '--cfg-path', '/tmp/tmpv4cu3f5o']
[2025-10-29T18:18:13.375+0000] {standard_task_runner.py:91} INFO - Job 291: Subtask build_union
[2025-10-29T18:18:13.375+0000] {logging_mixin.py:188} WARNING - /home/airflow/.local/lib/python3.12/site-packages/airflow/task/task_runner/standard_task_runner.py:62 DeprecationWarning: This process (pid=7375) is multi-threaded, use of fork() may lead to deadlocks in the child.
[2025-10-29T18:18:13.377+0000] {standard_task_runner.py:64} INFO - Started process 7386 to run task
[2025-10-29T18:18:13.386+0000] {task_command.py:426} INFO - Running <TaskInstance: labels_union.build_union scheduled__2025-10-28T00:00:00+00:00 [running]> on host 9a4b1d75930e
[2025-10-29T18:18:13.406+0000] {taskinstance.py:2648} INFO - Exporting env vars: AIRFLOW_CTX_DAG_OWNER='you' AIRFLOW_CTX_DAG_ID='labels_union' AIRFLOW_CTX_TASK_ID='build_union' AIRFLOW_CTX_EXECUTION_DATE='2025-10-28T00:00:00+00:00' AIRFLOW_CTX_TRY_NUMBER='1' AIRFLOW_CTX_DAG_RUN_ID='scheduled__2025-10-28T00:00:00+00:00'
[2025-10-29T18:18:13.407+0000] {taskinstance.py:430} INFO - ::endgroup::
[2025-10-29T18:18:13.433+0000] {logging_mixin.py:188} INFO - [labels_union] 2025-10-28: wrote 3113 rows -> /opt/airflow/silver/labels_union/ingest_date=2025-10-28
[2025-10-29T18:18:13.434+0000] {python.py:237} INFO - Done. Returned value was: None
[2025-10-29T18:18:13.434+0000] {taskinstance.py:441} INFO - ::group::Post task execution logs
[2025-10-29T18:18:13.435+0000] {taskinstance.py:1206} INFO - Marking task as SUCCESS. dag_id=labels_union, task_id=build_union, run_id=scheduled__2025-10-28T00:00:00+00:00, execution_date=20251028T000000, start_date=20251029T181813, end_date=20251029T181813
[2025-10-29T18:18:13.484+0000] {local_task_job_runner.py:243} INFO - Task exited with return code 0
[2025-10-29T18:18:13.488+0000] {taskinstance.py:3503} INFO - 0 downstream tasks scheduled from follow-on schedule check
[2025-10-29T18:18:13.489+0000] {local_task_job_runner.py:222} INFO - ::endgroup::
