[2025-10-29T17:18:43.828+0000] {local_task_job_runner.py:120} INFO - ::group::Pre task execution logs
[2025-10-29T17:18:43.835+0000] {taskinstance.py:2076} INFO - Dependencies all met for dep_context=non-requeueable deps ti=<TaskInstance: urlhaus_ingest.urlhaus_fetch_normalize_bronze scheduled__2025-10-22T00:00:00+00:00 [queued]>
[2025-10-29T17:18:43.837+0000] {taskinstance.py:2076} INFO - Dependencies all met for dep_context=requeueable deps ti=<TaskInstance: urlhaus_ingest.urlhaus_fetch_normalize_bronze scheduled__2025-10-22T00:00:00+00:00 [queued]>
[2025-10-29T17:18:43.837+0000] {taskinstance.py:2306} INFO - Starting attempt 1 of 2
[2025-10-29T17:18:43.842+0000] {taskinstance.py:2330} INFO - Executing <Task(PythonOperator): urlhaus_fetch_normalize_bronze> on 2025-10-22 00:00:00+00:00
[2025-10-29T17:18:43.845+0000] {warnings.py:112} WARNING - /home/airflow/.local/lib/python3.12/site-packages/airflow/task/task_runner/standard_task_runner.py:62: DeprecationWarning: This process (pid=3154) is multi-threaded, use of fork() may lead to deadlocks in the child.
  pid = os.fork()

[2025-10-29T17:18:43.845+0000] {standard_task_runner.py:64} INFO - Started process 3175 to run task
[2025-10-29T17:18:43.845+0000] {standard_task_runner.py:90} INFO - Running: ['airflow', 'tasks', 'run', 'urlhaus_ingest', 'urlhaus_fetch_normalize_bronze', 'scheduled__2025-10-22T00:00:00+00:00', '--job-id', '113', '--raw', '--subdir', 'DAGS_FOLDER/urlhaus_ingest.py', '--cfg-path', '/tmp/tmpjz9br1ik']
[2025-10-29T17:18:43.846+0000] {standard_task_runner.py:91} INFO - Job 113: Subtask urlhaus_fetch_normalize_bronze
[2025-10-29T17:18:43.858+0000] {task_command.py:426} INFO - Running <TaskInstance: urlhaus_ingest.urlhaus_fetch_normalize_bronze scheduled__2025-10-22T00:00:00+00:00 [running]> on host 109bbc934e0f
[2025-10-29T17:18:43.880+0000] {taskinstance.py:2648} INFO - Exporting env vars: AIRFLOW_CTX_DAG_OWNER='you' AIRFLOW_CTX_DAG_ID='urlhaus_ingest' AIRFLOW_CTX_TASK_ID='urlhaus_fetch_normalize_bronze' AIRFLOW_CTX_EXECUTION_DATE='2025-10-22T00:00:00+00:00' AIRFLOW_CTX_TRY_NUMBER='1' AIRFLOW_CTX_DAG_RUN_ID='scheduled__2025-10-22T00:00:00+00:00'
[2025-10-29T17:18:43.880+0000] {taskinstance.py:430} INFO - ::endgroup::
[2025-10-29T17:18:44.041+0000] {logging_mixin.py:188} INFO - [urlhaus_ingest] rows after normalize: 21313
[2025-10-29T17:18:44.052+0000] {logging_mixin.py:188} INFO - [urlhaus] rows after normalize: 21313
[2025-10-29T17:18:44.075+0000] {python.py:237} INFO - Done. Returned value was: None
[2025-10-29T17:18:44.075+0000] {taskinstance.py:441} INFO - ::group::Post task execution logs
[2025-10-29T17:18:44.077+0000] {taskinstance.py:1206} INFO - Marking task as SUCCESS. dag_id=urlhaus_ingest, task_id=urlhaus_fetch_normalize_bronze, run_id=scheduled__2025-10-22T00:00:00+00:00, execution_date=20251022T000000, start_date=20251029T171843, end_date=20251029T171844
[2025-10-29T17:18:44.112+0000] {local_task_job_runner.py:243} INFO - Task exited with return code 0
[2025-10-29T17:18:44.116+0000] {taskinstance.py:3503} INFO - 0 downstream tasks scheduled from follow-on schedule check
[2025-10-29T17:18:44.117+0000] {local_task_job_runner.py:222} INFO - ::endgroup::
[2025-10-29T18:16:49.292+0000] {local_task_job_runner.py:120} INFO - ::group::Pre task execution logs
[2025-10-29T18:16:49.302+0000] {taskinstance.py:2076} INFO - Dependencies all met for dep_context=non-requeueable deps ti=<TaskInstance: urlhaus_ingest.urlhaus_fetch_normalize_bronze scheduled__2025-10-22T00:00:00+00:00 [queued]>
[2025-10-29T18:16:49.304+0000] {taskinstance.py:2076} INFO - Dependencies all met for dep_context=requeueable deps ti=<TaskInstance: urlhaus_ingest.urlhaus_fetch_normalize_bronze scheduled__2025-10-22T00:00:00+00:00 [queued]>
[2025-10-29T18:16:49.304+0000] {taskinstance.py:2306} INFO - Starting attempt 1 of 2
[2025-10-29T18:16:49.309+0000] {taskinstance.py:2330} INFO - Executing <Task(PythonOperator): urlhaus_fetch_normalize_bronze> on 2025-10-22 00:00:00+00:00
[2025-10-29T18:16:49.313+0000] {warnings.py:112} WARNING - /home/airflow/.local/lib/python3.12/site-packages/airflow/task/task_runner/standard_task_runner.py:62: DeprecationWarning: This process (pid=6501) is multi-threaded, use of fork() may lead to deadlocks in the child.
  pid = os.fork()

[2025-10-29T18:16:49.314+0000] {standard_task_runner.py:64} INFO - Started process 6522 to run task
[2025-10-29T18:16:49.314+0000] {standard_task_runner.py:90} INFO - Running: ['airflow', 'tasks', 'run', 'urlhaus_ingest', 'urlhaus_fetch_normalize_bronze', 'scheduled__2025-10-22T00:00:00+00:00', '--job-id', '256', '--raw', '--subdir', 'DAGS_FOLDER/urlhaus_ingest.py', '--cfg-path', '/tmp/tmpzrox5bci']
[2025-10-29T18:16:49.315+0000] {standard_task_runner.py:91} INFO - Job 256: Subtask urlhaus_fetch_normalize_bronze
[2025-10-29T18:16:49.329+0000] {task_command.py:426} INFO - Running <TaskInstance: urlhaus_ingest.urlhaus_fetch_normalize_bronze scheduled__2025-10-22T00:00:00+00:00 [running]> on host 9a4b1d75930e
[2025-10-29T18:16:49.353+0000] {taskinstance.py:2648} INFO - Exporting env vars: AIRFLOW_CTX_DAG_OWNER='you' AIRFLOW_CTX_DAG_ID='urlhaus_ingest' AIRFLOW_CTX_TASK_ID='urlhaus_fetch_normalize_bronze' AIRFLOW_CTX_EXECUTION_DATE='2025-10-22T00:00:00+00:00' AIRFLOW_CTX_TRY_NUMBER='1' AIRFLOW_CTX_DAG_RUN_ID='scheduled__2025-10-22T00:00:00+00:00'
[2025-10-29T18:16:49.353+0000] {taskinstance.py:430} INFO - ::endgroup::
[2025-10-29T18:16:49.512+0000] {logging_mixin.py:188} INFO - [urlhaus_ingest] rows after normalize: 21293
[2025-10-29T18:16:49.523+0000] {logging_mixin.py:188} INFO - [urlhaus] rows after normalize: 21293
[2025-10-29T18:16:49.547+0000] {python.py:237} INFO - Done. Returned value was: None
[2025-10-29T18:16:49.548+0000] {taskinstance.py:441} INFO - ::group::Post task execution logs
[2025-10-29T18:16:49.550+0000] {taskinstance.py:1206} INFO - Marking task as SUCCESS. dag_id=urlhaus_ingest, task_id=urlhaus_fetch_normalize_bronze, run_id=scheduled__2025-10-22T00:00:00+00:00, execution_date=20251022T000000, start_date=20251029T181649, end_date=20251029T181649
[2025-10-29T18:16:49.591+0000] {local_task_job_runner.py:243} INFO - Task exited with return code 0
[2025-10-29T18:16:49.596+0000] {taskinstance.py:3503} INFO - 0 downstream tasks scheduled from follow-on schedule check
[2025-10-29T18:16:49.596+0000] {local_task_job_runner.py:222} INFO - ::endgroup::
