[2025-10-29T17:16:34.278+0000] {local_task_job_runner.py:120} INFO - ::group::Pre task execution logs
[2025-10-29T17:16:34.286+0000] {taskinstance.py:2076} INFO - Dependencies all met for dep_context=non-requeueable deps ti=<TaskInstance: openphish_ingest.openphish_fetch_normalize_bronze scheduled__2025-10-09T00:00:00+00:00 [queued]>
[2025-10-29T17:16:34.287+0000] {taskinstance.py:2076} INFO - Dependencies all met for dep_context=requeueable deps ti=<TaskInstance: openphish_ingest.openphish_fetch_normalize_bronze scheduled__2025-10-09T00:00:00+00:00 [queued]>
[2025-10-29T17:16:34.287+0000] {taskinstance.py:2306} INFO - Starting attempt 1 of 2
[2025-10-29T17:16:34.292+0000] {taskinstance.py:2330} INFO - Executing <Task(PythonOperator): openphish_fetch_normalize_bronze> on 2025-10-09 00:00:00+00:00
[2025-10-29T17:16:34.294+0000] {warnings.py:112} WARNING - /home/airflow/.local/lib/python3.12/site-packages/airflow/task/task_runner/standard_task_runner.py:62: DeprecationWarning: This process (pid=2144) is multi-threaded, use of fork() may lead to deadlocks in the child.
  pid = os.fork()

[2025-10-29T17:16:34.295+0000] {standard_task_runner.py:64} INFO - Started process 2165 to run task
[2025-10-29T17:16:34.295+0000] {standard_task_runner.py:90} INFO - Running: ['airflow', 'tasks', 'run', 'openphish_ingest', 'openphish_fetch_normalize_bronze', 'scheduled__2025-10-09T00:00:00+00:00', '--job-id', '76', '--raw', '--subdir', 'DAGS_FOLDER/openphish_ingest.py', '--cfg-path', '/tmp/tmpij_7bi1d']
[2025-10-29T17:16:34.295+0000] {standard_task_runner.py:91} INFO - Job 76: Subtask openphish_fetch_normalize_bronze
[2025-10-29T17:16:34.308+0000] {task_command.py:426} INFO - Running <TaskInstance: openphish_ingest.openphish_fetch_normalize_bronze scheduled__2025-10-09T00:00:00+00:00 [running]> on host 109bbc934e0f
[2025-10-29T17:16:34.329+0000] {taskinstance.py:2648} INFO - Exporting env vars: AIRFLOW_CTX_DAG_OWNER='you' AIRFLOW_CTX_DAG_ID='openphish_ingest' AIRFLOW_CTX_TASK_ID='openphish_fetch_normalize_bronze' AIRFLOW_CTX_EXECUTION_DATE='2025-10-09T00:00:00+00:00' AIRFLOW_CTX_TRY_NUMBER='1' AIRFLOW_CTX_DAG_RUN_ID='scheduled__2025-10-09T00:00:00+00:00'
[2025-10-29T17:16:34.329+0000] {taskinstance.py:430} INFO - ::endgroup::
[2025-10-29T17:16:34.982+0000] {logging_mixin.py:188} INFO - [openphish_ingest] rows after normalize: 300
[2025-10-29T17:16:34.986+0000] {logging_mixin.py:188} INFO - [openphish] rows after normalize: 300
[2025-10-29T17:16:34.996+0000] {python.py:237} INFO - Done. Returned value was: None
[2025-10-29T17:16:34.996+0000] {taskinstance.py:441} INFO - ::group::Post task execution logs
[2025-10-29T17:16:34.998+0000] {taskinstance.py:1206} INFO - Marking task as SUCCESS. dag_id=openphish_ingest, task_id=openphish_fetch_normalize_bronze, run_id=scheduled__2025-10-09T00:00:00+00:00, execution_date=20251009T000000, start_date=20251029T171634, end_date=20251029T171634
[2025-10-29T17:16:35.044+0000] {local_task_job_runner.py:243} INFO - Task exited with return code 0
[2025-10-29T17:16:35.049+0000] {taskinstance.py:3503} INFO - 0 downstream tasks scheduled from follow-on schedule check
[2025-10-29T17:16:35.049+0000] {local_task_job_runner.py:222} INFO - ::endgroup::
[2025-10-29T18:14:06.428+0000] {local_task_job_runner.py:120} INFO - ::group::Pre task execution logs
[2025-10-29T18:14:06.436+0000] {taskinstance.py:2076} INFO - Dependencies all met for dep_context=non-requeueable deps ti=<TaskInstance: openphish_ingest.openphish_fetch_normalize_bronze scheduled__2025-10-09T00:00:00+00:00 [queued]>
[2025-10-29T18:14:06.438+0000] {taskinstance.py:2076} INFO - Dependencies all met for dep_context=requeueable deps ti=<TaskInstance: openphish_ingest.openphish_fetch_normalize_bronze scheduled__2025-10-09T00:00:00+00:00 [queued]>
[2025-10-29T18:14:06.438+0000] {taskinstance.py:2306} INFO - Starting attempt 1 of 2
[2025-10-29T18:14:06.444+0000] {taskinstance.py:2330} INFO - Executing <Task(PythonOperator): openphish_fetch_normalize_bronze> on 2025-10-09 00:00:00+00:00
[2025-10-29T18:14:06.447+0000] {warnings.py:112} WARNING - /home/airflow/.local/lib/python3.12/site-packages/airflow/task/task_runner/standard_task_runner.py:62: DeprecationWarning: This process (pid=4841) is multi-threaded, use of fork() may lead to deadlocks in the child.
  pid = os.fork()

[2025-10-29T18:14:06.447+0000] {standard_task_runner.py:64} INFO - Started process 4862 to run task
[2025-10-29T18:14:06.448+0000] {standard_task_runner.py:90} INFO - Running: ['airflow', 'tasks', 'run', 'openphish_ingest', 'openphish_fetch_normalize_bronze', 'scheduled__2025-10-09T00:00:00+00:00', '--job-id', '189', '--raw', '--subdir', 'DAGS_FOLDER/openphish_ingest.py', '--cfg-path', '/tmp/tmpr_ifw1y4']
[2025-10-29T18:14:06.448+0000] {standard_task_runner.py:91} INFO - Job 189: Subtask openphish_fetch_normalize_bronze
[2025-10-29T18:14:06.462+0000] {task_command.py:426} INFO - Running <TaskInstance: openphish_ingest.openphish_fetch_normalize_bronze scheduled__2025-10-09T00:00:00+00:00 [running]> on host 9a4b1d75930e
[2025-10-29T18:14:06.485+0000] {taskinstance.py:2648} INFO - Exporting env vars: AIRFLOW_CTX_DAG_OWNER='you' AIRFLOW_CTX_DAG_ID='openphish_ingest' AIRFLOW_CTX_TASK_ID='openphish_fetch_normalize_bronze' AIRFLOW_CTX_EXECUTION_DATE='2025-10-09T00:00:00+00:00' AIRFLOW_CTX_TRY_NUMBER='1' AIRFLOW_CTX_DAG_RUN_ID='scheduled__2025-10-09T00:00:00+00:00'
[2025-10-29T18:14:06.486+0000] {taskinstance.py:430} INFO - ::endgroup::
[2025-10-29T18:14:07.157+0000] {logging_mixin.py:188} INFO - [openphish_ingest] rows after normalize: 300
[2025-10-29T18:14:07.161+0000] {logging_mixin.py:188} INFO - [openphish] rows after normalize: 300
[2025-10-29T18:14:07.179+0000] {python.py:237} INFO - Done. Returned value was: None
[2025-10-29T18:14:07.179+0000] {taskinstance.py:441} INFO - ::group::Post task execution logs
[2025-10-29T18:14:07.182+0000] {taskinstance.py:1206} INFO - Marking task as SUCCESS. dag_id=openphish_ingest, task_id=openphish_fetch_normalize_bronze, run_id=scheduled__2025-10-09T00:00:00+00:00, execution_date=20251009T000000, start_date=20251029T181406, end_date=20251029T181407
[2025-10-29T18:14:07.198+0000] {local_task_job_runner.py:243} INFO - Task exited with return code 0
[2025-10-29T18:14:07.205+0000] {taskinstance.py:3503} INFO - 0 downstream tasks scheduled from follow-on schedule check
[2025-10-29T18:14:07.205+0000] {local_task_job_runner.py:222} INFO - ::endgroup::
