[2025-10-29T17:18:34.170+0000] {local_task_job_runner.py:120} INFO - ::group::Pre task execution logs
[2025-10-29T17:18:34.177+0000] {taskinstance.py:2076} INFO - Dependencies all met for dep_context=non-requeueable deps ti=<TaskInstance: openphish_ingest.openphish_fetch_normalize_bronze scheduled__2025-10-26T00:00:00+00:00 [queued]>
[2025-10-29T17:18:34.179+0000] {taskinstance.py:2076} INFO - Dependencies all met for dep_context=requeueable deps ti=<TaskInstance: openphish_ingest.openphish_fetch_normalize_bronze scheduled__2025-10-26T00:00:00+00:00 [queued]>
[2025-10-29T17:18:34.179+0000] {taskinstance.py:2306} INFO - Starting attempt 1 of 2
[2025-10-29T17:18:34.183+0000] {taskinstance.py:2330} INFO - Executing <Task(PythonOperator): openphish_fetch_normalize_bronze> on 2025-10-26 00:00:00+00:00
[2025-10-29T17:18:34.186+0000] {warnings.py:112} WARNING - /home/airflow/.local/lib/python3.12/site-packages/airflow/task/task_runner/standard_task_runner.py:62: DeprecationWarning: This process (pid=3083) is multi-threaded, use of fork() may lead to deadlocks in the child.
  pid = os.fork()

[2025-10-29T17:18:34.186+0000] {standard_task_runner.py:64} INFO - Started process 3104 to run task
[2025-10-29T17:18:34.187+0000] {standard_task_runner.py:90} INFO - Running: ['airflow', 'tasks', 'run', 'openphish_ingest', 'openphish_fetch_normalize_bronze', 'scheduled__2025-10-26T00:00:00+00:00', '--job-id', '110', '--raw', '--subdir', 'DAGS_FOLDER/openphish_ingest.py', '--cfg-path', '/tmp/tmprnr8ot_s']
[2025-10-29T17:18:34.187+0000] {standard_task_runner.py:91} INFO - Job 110: Subtask openphish_fetch_normalize_bronze
[2025-10-29T17:18:34.198+0000] {task_command.py:426} INFO - Running <TaskInstance: openphish_ingest.openphish_fetch_normalize_bronze scheduled__2025-10-26T00:00:00+00:00 [running]> on host 109bbc934e0f
[2025-10-29T17:18:34.218+0000] {taskinstance.py:2648} INFO - Exporting env vars: AIRFLOW_CTX_DAG_OWNER='you' AIRFLOW_CTX_DAG_ID='openphish_ingest' AIRFLOW_CTX_TASK_ID='openphish_fetch_normalize_bronze' AIRFLOW_CTX_EXECUTION_DATE='2025-10-26T00:00:00+00:00' AIRFLOW_CTX_TRY_NUMBER='1' AIRFLOW_CTX_DAG_RUN_ID='scheduled__2025-10-26T00:00:00+00:00'
[2025-10-29T17:18:34.218+0000] {taskinstance.py:430} INFO - ::endgroup::
[2025-10-29T17:18:34.882+0000] {logging_mixin.py:188} INFO - [openphish_ingest] rows after normalize: 300
[2025-10-29T17:18:34.887+0000] {logging_mixin.py:188} INFO - [openphish] rows after normalize: 300
[2025-10-29T17:18:34.904+0000] {python.py:237} INFO - Done. Returned value was: None
[2025-10-29T17:18:34.905+0000] {taskinstance.py:441} INFO - ::group::Post task execution logs
[2025-10-29T17:18:34.908+0000] {taskinstance.py:1206} INFO - Marking task as SUCCESS. dag_id=openphish_ingest, task_id=openphish_fetch_normalize_bronze, run_id=scheduled__2025-10-26T00:00:00+00:00, execution_date=20251026T000000, start_date=20251029T171834, end_date=20251029T171834
[2025-10-29T17:18:34.940+0000] {local_task_job_runner.py:243} INFO - Task exited with return code 0
[2025-10-29T17:18:34.947+0000] {taskinstance.py:3503} INFO - 0 downstream tasks scheduled from follow-on schedule check
[2025-10-29T17:18:34.947+0000] {local_task_job_runner.py:222} INFO - ::endgroup::
[2025-10-29T18:17:33.433+0000] {local_task_job_runner.py:120} INFO - ::group::Pre task execution logs
[2025-10-29T18:17:33.441+0000] {taskinstance.py:2076} INFO - Dependencies all met for dep_context=non-requeueable deps ti=<TaskInstance: openphish_ingest.openphish_fetch_normalize_bronze scheduled__2025-10-26T00:00:00+00:00 [queued]>
[2025-10-29T18:17:33.443+0000] {taskinstance.py:2076} INFO - Dependencies all met for dep_context=requeueable deps ti=<TaskInstance: openphish_ingest.openphish_fetch_normalize_bronze scheduled__2025-10-26T00:00:00+00:00 [queued]>
[2025-10-29T18:17:33.443+0000] {taskinstance.py:2306} INFO - Starting attempt 1 of 2
[2025-10-29T18:17:33.447+0000] {taskinstance.py:2330} INFO - Executing <Task(PythonOperator): openphish_fetch_normalize_bronze> on 2025-10-26 00:00:00+00:00
[2025-10-29T18:17:33.450+0000] {warnings.py:112} WARNING - /home/airflow/.local/lib/python3.12/site-packages/airflow/task/task_runner/standard_task_runner.py:62: DeprecationWarning: This process (pid=6953) is multi-threaded, use of fork() may lead to deadlocks in the child.
  pid = os.fork()

[2025-10-29T18:17:33.450+0000] {standard_task_runner.py:64} INFO - Started process 6974 to run task
[2025-10-29T18:17:33.451+0000] {standard_task_runner.py:90} INFO - Running: ['airflow', 'tasks', 'run', 'openphish_ingest', 'openphish_fetch_normalize_bronze', 'scheduled__2025-10-26T00:00:00+00:00', '--job-id', '274', '--raw', '--subdir', 'DAGS_FOLDER/openphish_ingest.py', '--cfg-path', '/tmp/tmp9lomiohr']
[2025-10-29T18:17:33.451+0000] {standard_task_runner.py:91} INFO - Job 274: Subtask openphish_fetch_normalize_bronze
[2025-10-29T18:17:33.463+0000] {task_command.py:426} INFO - Running <TaskInstance: openphish_ingest.openphish_fetch_normalize_bronze scheduled__2025-10-26T00:00:00+00:00 [running]> on host 9a4b1d75930e
[2025-10-29T18:17:33.484+0000] {taskinstance.py:2648} INFO - Exporting env vars: AIRFLOW_CTX_DAG_OWNER='you' AIRFLOW_CTX_DAG_ID='openphish_ingest' AIRFLOW_CTX_TASK_ID='openphish_fetch_normalize_bronze' AIRFLOW_CTX_EXECUTION_DATE='2025-10-26T00:00:00+00:00' AIRFLOW_CTX_TRY_NUMBER='1' AIRFLOW_CTX_DAG_RUN_ID='scheduled__2025-10-26T00:00:00+00:00'
[2025-10-29T18:17:33.484+0000] {taskinstance.py:430} INFO - ::endgroup::
[2025-10-29T18:17:34.146+0000] {logging_mixin.py:188} INFO - [openphish_ingest] rows after normalize: 300
[2025-10-29T18:17:34.150+0000] {logging_mixin.py:188} INFO - [openphish] rows after normalize: 300
[2025-10-29T18:17:34.159+0000] {python.py:237} INFO - Done. Returned value was: None
[2025-10-29T18:17:34.160+0000] {taskinstance.py:441} INFO - ::group::Post task execution logs
[2025-10-29T18:17:34.161+0000] {taskinstance.py:1206} INFO - Marking task as SUCCESS. dag_id=openphish_ingest, task_id=openphish_fetch_normalize_bronze, run_id=scheduled__2025-10-26T00:00:00+00:00, execution_date=20251026T000000, start_date=20251029T181733, end_date=20251029T181734
[2025-10-29T18:17:34.194+0000] {local_task_job_runner.py:243} INFO - Task exited with return code 0
[2025-10-29T18:17:34.199+0000] {taskinstance.py:3503} INFO - 0 downstream tasks scheduled from follow-on schedule check
[2025-10-29T18:17:34.199+0000] {local_task_job_runner.py:222} INFO - ::endgroup::
