[2025-10-29T16:26:52.749+0000] {local_task_job_runner.py:120} INFO - ::group::Pre task execution logs
[2025-10-29T16:26:52.757+0000] {taskinstance.py:2076} INFO - Dependencies all met for dep_context=non-requeueable deps ti=<TaskInstance: openphish_silver.openphish_bronze_to_silver scheduled__2025-10-28T00:00:00+00:00 [queued]>
[2025-10-29T16:26:52.758+0000] {taskinstance.py:2076} INFO - Dependencies all met for dep_context=requeueable deps ti=<TaskInstance: openphish_silver.openphish_bronze_to_silver scheduled__2025-10-28T00:00:00+00:00 [queued]>
[2025-10-29T16:26:52.758+0000] {taskinstance.py:2306} INFO - Starting attempt 1 of 1
[2025-10-29T16:26:52.762+0000] {taskinstance.py:2330} INFO - Executing <Task(PythonOperator): openphish_bronze_to_silver> on 2025-10-28 00:00:00+00:00
[2025-10-29T16:26:52.764+0000] {standard_task_runner.py:90} INFO - Running: ['airflow', 'tasks', 'run', 'openphish_silver', 'openphish_bronze_to_silver', 'scheduled__2025-10-28T00:00:00+00:00', '--job-id', '5', '--raw', '--subdir', 'DAGS_FOLDER/openphish_silver.py', '--cfg-path', '/tmp/tmpqayk8278']
[2025-10-29T16:26:52.766+0000] {standard_task_runner.py:91} INFO - Job 5: Subtask openphish_bronze_to_silver
[2025-10-29T16:26:52.766+0000] {logging_mixin.py:188} WARNING - /home/airflow/.local/lib/python3.12/site-packages/airflow/task/task_runner/standard_task_runner.py:62 DeprecationWarning: This process (pid=335) is multi-threaded, use of fork() may lead to deadlocks in the child.
[2025-10-29T16:26:52.768+0000] {standard_task_runner.py:64} INFO - Started process 346 to run task
[2025-10-29T16:26:52.778+0000] {task_command.py:426} INFO - Running <TaskInstance: openphish_silver.openphish_bronze_to_silver scheduled__2025-10-28T00:00:00+00:00 [running]> on host 71216881f673
[2025-10-29T16:26:52.793+0000] {taskinstance.py:2648} INFO - Exporting env vars: AIRFLOW_CTX_DAG_OWNER='you' AIRFLOW_CTX_DAG_ID='openphish_silver' AIRFLOW_CTX_TASK_ID='openphish_bronze_to_silver' AIRFLOW_CTX_EXECUTION_DATE='2025-10-28T00:00:00+00:00' AIRFLOW_CTX_TRY_NUMBER='1' AIRFLOW_CTX_DAG_RUN_ID='scheduled__2025-10-28T00:00:00+00:00'
[2025-10-29T16:26:52.794+0000] {taskinstance.py:430} INFO - ::endgroup::
[2025-10-29T16:26:52.814+0000] {logging_mixin.py:188} INFO - [openphish_silver] wrote 471 rows -> /opt/airflow/silver/openphish/ingest_date=2025-10-28
[2025-10-29T16:26:52.814+0000] {python.py:237} INFO - Done. Returned value was: None
[2025-10-29T16:26:52.814+0000] {taskinstance.py:441} INFO - ::group::Post task execution logs
[2025-10-29T16:26:52.815+0000] {taskinstance.py:1206} INFO - Marking task as SUCCESS. dag_id=openphish_silver, task_id=openphish_bronze_to_silver, run_id=scheduled__2025-10-28T00:00:00+00:00, execution_date=20251028T000000, start_date=20251029T162652, end_date=20251029T162652
[2025-10-29T16:26:52.826+0000] {local_task_job_runner.py:243} INFO - Task exited with return code 0
[2025-10-29T16:26:52.829+0000] {taskinstance.py:3503} INFO - 0 downstream tasks scheduled from follow-on schedule check
[2025-10-29T16:26:52.830+0000] {local_task_job_runner.py:222} INFO - ::endgroup::
[2025-10-29T17:12:11.478+0000] {local_task_job_runner.py:120} INFO - ::group::Pre task execution logs
[2025-10-29T17:12:11.486+0000] {taskinstance.py:2076} INFO - Dependencies all met for dep_context=non-requeueable deps ti=<TaskInstance: openphish_silver.openphish_bronze_to_silver scheduled__2025-10-28T00:00:00+00:00 [queued]>
[2025-10-29T17:12:11.488+0000] {taskinstance.py:2076} INFO - Dependencies all met for dep_context=requeueable deps ti=<TaskInstance: openphish_silver.openphish_bronze_to_silver scheduled__2025-10-28T00:00:00+00:00 [queued]>
[2025-10-29T17:12:11.488+0000] {taskinstance.py:2306} INFO - Starting attempt 1 of 1
[2025-10-29T17:12:11.492+0000] {taskinstance.py:2330} INFO - Executing <Task(PythonOperator): openphish_bronze_to_silver> on 2025-10-28 00:00:00+00:00
[2025-10-29T17:12:11.494+0000] {standard_task_runner.py:90} INFO - Running: ['airflow', 'tasks', 'run', 'openphish_silver', 'openphish_bronze_to_silver', 'scheduled__2025-10-28T00:00:00+00:00', '--job-id', '7', '--raw', '--subdir', 'DAGS_FOLDER/openphish_silver.py', '--cfg-path', '/tmp/tmp1l4kdsy3']
[2025-10-29T17:12:11.496+0000] {logging_mixin.py:188} WARNING - /home/airflow/.local/lib/python3.12/site-packages/airflow/task/task_runner/standard_task_runner.py:62 DeprecationWarning: This process (pid=266) is multi-threaded, use of fork() may lead to deadlocks in the child.
[2025-10-29T17:12:11.496+0000] {standard_task_runner.py:91} INFO - Job 7: Subtask openphish_bronze_to_silver
[2025-10-29T17:12:11.496+0000] {standard_task_runner.py:64} INFO - Started process 277 to run task
[2025-10-29T17:12:11.508+0000] {task_command.py:426} INFO - Running <TaskInstance: openphish_silver.openphish_bronze_to_silver scheduled__2025-10-28T00:00:00+00:00 [running]> on host 109bbc934e0f
[2025-10-29T17:12:11.523+0000] {taskinstance.py:2648} INFO - Exporting env vars: AIRFLOW_CTX_DAG_OWNER='you' AIRFLOW_CTX_DAG_ID='openphish_silver' AIRFLOW_CTX_TASK_ID='openphish_bronze_to_silver' AIRFLOW_CTX_EXECUTION_DATE='2025-10-28T00:00:00+00:00' AIRFLOW_CTX_TRY_NUMBER='1' AIRFLOW_CTX_DAG_RUN_ID='scheduled__2025-10-28T00:00:00+00:00'
[2025-10-29T17:12:11.524+0000] {taskinstance.py:430} INFO - ::endgroup::
[2025-10-29T17:12:11.546+0000] {logging_mixin.py:188} INFO - [openphish_silver] wrote 412 rows -> /opt/airflow/silver/openphish/ingest_date=2025-10-28
[2025-10-29T17:12:11.546+0000] {python.py:237} INFO - Done. Returned value was: None
[2025-10-29T17:12:11.546+0000] {taskinstance.py:441} INFO - ::group::Post task execution logs
[2025-10-29T17:12:11.548+0000] {taskinstance.py:1206} INFO - Marking task as SUCCESS. dag_id=openphish_silver, task_id=openphish_bronze_to_silver, run_id=scheduled__2025-10-28T00:00:00+00:00, execution_date=20251028T000000, start_date=20251029T171211, end_date=20251029T171211
[2025-10-29T17:12:11.554+0000] {local_task_job_runner.py:243} INFO - Task exited with return code 0
[2025-10-29T17:12:11.557+0000] {taskinstance.py:3503} INFO - 0 downstream tasks scheduled from follow-on schedule check
[2025-10-29T17:12:11.557+0000] {local_task_job_runner.py:222} INFO - ::endgroup::
[2025-10-29T18:18:07.426+0000] {local_task_job_runner.py:120} INFO - ::group::Pre task execution logs
[2025-10-29T18:18:07.436+0000] {taskinstance.py:2076} INFO - Dependencies all met for dep_context=non-requeueable deps ti=<TaskInstance: openphish_silver.openphish_bronze_to_silver scheduled__2025-10-28T00:00:00+00:00 [queued]>
[2025-10-29T18:18:07.438+0000] {taskinstance.py:2076} INFO - Dependencies all met for dep_context=requeueable deps ti=<TaskInstance: openphish_silver.openphish_bronze_to_silver scheduled__2025-10-28T00:00:00+00:00 [queued]>
[2025-10-29T18:18:07.438+0000] {taskinstance.py:2306} INFO - Starting attempt 1 of 1
[2025-10-29T18:18:07.443+0000] {taskinstance.py:2330} INFO - Executing <Task(PythonOperator): openphish_bronze_to_silver> on 2025-10-28 00:00:00+00:00
[2025-10-29T18:18:07.446+0000] {standard_task_runner.py:90} INFO - Running: ['airflow', 'tasks', 'run', 'openphish_silver', 'openphish_bronze_to_silver', 'scheduled__2025-10-28T00:00:00+00:00', '--job-id', '288', '--raw', '--subdir', 'DAGS_FOLDER/openphish_silver.py', '--cfg-path', '/tmp/tmpzif90zty']
[2025-10-29T18:18:07.447+0000] {standard_task_runner.py:91} INFO - Job 288: Subtask openphish_bronze_to_silver
[2025-10-29T18:18:07.447+0000] {logging_mixin.py:188} WARNING - /home/airflow/.local/lib/python3.12/site-packages/airflow/task/task_runner/standard_task_runner.py:62 DeprecationWarning: This process (pid=7307) is multi-threaded, use of fork() may lead to deadlocks in the child.
[2025-10-29T18:18:07.450+0000] {standard_task_runner.py:64} INFO - Started process 7318 to run task
[2025-10-29T18:18:07.460+0000] {task_command.py:426} INFO - Running <TaskInstance: openphish_silver.openphish_bronze_to_silver scheduled__2025-10-28T00:00:00+00:00 [running]> on host 9a4b1d75930e
[2025-10-29T18:18:07.482+0000] {taskinstance.py:2648} INFO - Exporting env vars: AIRFLOW_CTX_DAG_OWNER='you' AIRFLOW_CTX_DAG_ID='openphish_silver' AIRFLOW_CTX_TASK_ID='openphish_bronze_to_silver' AIRFLOW_CTX_EXECUTION_DATE='2025-10-28T00:00:00+00:00' AIRFLOW_CTX_TRY_NUMBER='1' AIRFLOW_CTX_DAG_RUN_ID='scheduled__2025-10-28T00:00:00+00:00'
[2025-10-29T18:18:07.483+0000] {taskinstance.py:430} INFO - ::endgroup::
[2025-10-29T18:18:07.505+0000] {logging_mixin.py:188} INFO - [openphish_silver] 2025-10-28: wrote 206 rows -> /opt/airflow/silver/openphish/ingest_date=2025-10-28
[2025-10-29T18:18:07.505+0000] {python.py:237} INFO - Done. Returned value was: None
[2025-10-29T18:18:07.505+0000] {taskinstance.py:441} INFO - ::group::Post task execution logs
[2025-10-29T18:18:07.507+0000] {taskinstance.py:1206} INFO - Marking task as SUCCESS. dag_id=openphish_silver, task_id=openphish_bronze_to_silver, run_id=scheduled__2025-10-28T00:00:00+00:00, execution_date=20251028T000000, start_date=20251029T181807, end_date=20251029T181807
[2025-10-29T18:18:07.549+0000] {local_task_job_runner.py:243} INFO - Task exited with return code 0
[2025-10-29T18:18:07.553+0000] {taskinstance.py:3503} INFO - 0 downstream tasks scheduled from follow-on schedule check
[2025-10-29T18:18:07.554+0000] {local_task_job_runner.py:222} INFO - ::endgroup::
