[2025-11-13T01:38:35.090+0000] {local_task_job_runner.py:120} INFO - ::group::Pre task execution logs
[2025-11-13T01:38:35.101+0000] {taskinstance.py:2076} INFO - Dependencies all met for dep_context=non-requeueable deps ti=<TaskInstance: pipeline_orchestrator.bronze.urlhaus_bronze manual__2025-11-13T00:00:00+00:00 [queued]>
[2025-11-13T01:38:35.103+0000] {taskinstance.py:2076} INFO - Dependencies all met for dep_context=requeueable deps ti=<TaskInstance: pipeline_orchestrator.bronze.urlhaus_bronze manual__2025-11-13T00:00:00+00:00 [queued]>
[2025-11-13T01:38:35.103+0000] {taskinstance.py:2306} INFO - Starting attempt 1 of 1
[2025-11-13T01:38:35.109+0000] {taskinstance.py:2330} INFO - Executing <Task(TriggerDagRunOperator): bronze.urlhaus_bronze> on 2025-11-13 00:00:00+00:00
[2025-11-13T01:38:35.111+0000] {standard_task_runner.py:64} INFO - Started process 12290 to run task
[2025-11-13T01:38:35.113+0000] {standard_task_runner.py:90} INFO - Running: ['airflow', 'tasks', 'run', 'pipeline_orchestrator', 'bronze.urlhaus_bronze', 'manual__2025-11-13T00:00:00+00:00', '--job-id', '54', '--raw', '--subdir', 'DAGS_FOLDER/pipeline_orchestrator.py', '--cfg-path', '/tmp/tmpccoqt4i4']
[2025-11-13T01:38:35.113+0000] {standard_task_runner.py:91} INFO - Job 54: Subtask bronze.urlhaus_bronze
[2025-11-13T01:38:35.127+0000] {task_command.py:426} INFO - Running <TaskInstance: pipeline_orchestrator.bronze.urlhaus_bronze manual__2025-11-13T00:00:00+00:00 [running]> on host 1fd82182dcce
[2025-11-13T01:38:35.215+0000] {taskinstance.py:2648} INFO - Exporting env vars: AIRFLOW_CTX_DAG_OWNER='airflow' AIRFLOW_CTX_DAG_ID='pipeline_orchestrator' AIRFLOW_CTX_TASK_ID='bronze.urlhaus_bronze' AIRFLOW_CTX_EXECUTION_DATE='2025-11-13T00:00:00+00:00' AIRFLOW_CTX_TRY_NUMBER='1' AIRFLOW_CTX_DAG_RUN_ID='manual__2025-11-13T00:00:00+00:00'
[2025-11-13T01:38:35.216+0000] {taskinstance.py:430} INFO - ::endgroup::
[2025-11-13T01:38:35.240+0000] {taskinstance.py:441} INFO - ::group::Post task execution logs
[2025-11-13T01:38:35.240+0000] {crypto.py:82} WARNING - empty cryptography key - values will not be stored encrypted.
[2025-11-13T01:38:35.241+0000] {taskinstance.py:2489} INFO - Pausing task as DEFERRED. dag_id=pipeline_orchestrator, task_id=bronze.urlhaus_bronze, run_id=manual__2025-11-13T00:00:00+00:00, execution_date=20251113T000000, start_date=20251113T013835
[2025-11-13T01:38:35.254+0000] {local_task_job_runner.py:237} INFO - Task exited with return code 100 (task deferral)
[2025-11-13T01:38:35.254+0000] {local_task_job_runner.py:222} INFO - ::endgroup::
[2025-11-13T01:39:37.909+0000] {local_task_job_runner.py:120} INFO - ::group::Pre task execution logs
[2025-11-13T01:39:37.917+0000] {taskinstance.py:2076} INFO - Dependencies all met for dep_context=non-requeueable deps ti=<TaskInstance: pipeline_orchestrator.bronze.urlhaus_bronze manual__2025-11-13T00:00:00+00:00 [queued]>
[2025-11-13T01:39:37.918+0000] {taskinstance.py:2076} INFO - Dependencies all met for dep_context=requeueable deps ti=<TaskInstance: pipeline_orchestrator.bronze.urlhaus_bronze manual__2025-11-13T00:00:00+00:00 [queued]>
[2025-11-13T01:39:37.919+0000] {taskinstance.py:2304} INFO - Resuming after deferral
[2025-11-13T01:39:37.922+0000] {taskinstance.py:2330} INFO - Executing <Task(TriggerDagRunOperator): bronze.urlhaus_bronze> on 2025-11-13 00:00:00+00:00
[2025-11-13T01:39:37.924+0000] {standard_task_runner.py:64} INFO - Started process 12540 to run task
[2025-11-13T01:39:37.925+0000] {standard_task_runner.py:90} INFO - Running: ['airflow', 'tasks', 'run', 'pipeline_orchestrator', 'bronze.urlhaus_bronze', 'manual__2025-11-13T00:00:00+00:00', '--job-id', '60', '--raw', '--subdir', 'DAGS_FOLDER/pipeline_orchestrator.py', '--cfg-path', '/tmp/tmpl2h_72ry']
[2025-11-13T01:39:37.926+0000] {standard_task_runner.py:91} INFO - Job 60: Subtask bronze.urlhaus_bronze
[2025-11-13T01:39:37.938+0000] {task_command.py:426} INFO - Running <TaskInstance: pipeline_orchestrator.bronze.urlhaus_bronze manual__2025-11-13T00:00:00+00:00 [running]> on host 1fd82182dcce
[2025-11-13T01:39:38.009+0000] {taskinstance.py:430} INFO - ::endgroup::
[2025-11-13T01:39:38.010+0000] {trigger_dagrun.py:262} INFO - urlhaus_ingest finished with allowed state success
[2025-11-13T01:39:38.010+0000] {taskinstance.py:441} INFO - ::group::Post task execution logs
[2025-11-13T01:39:38.011+0000] {taskinstance.py:1206} INFO - Marking task as SUCCESS. dag_id=pipeline_orchestrator, task_id=bronze.urlhaus_bronze, run_id=manual__2025-11-13T00:00:00+00:00, execution_date=20251113T000000, start_date=20251113T013835, end_date=20251113T013938
[2025-11-13T01:39:38.023+0000] {local_task_job_runner.py:243} INFO - Task exited with return code 0
[2025-11-13T01:39:38.032+0000] {taskinstance.py:3503} INFO - 2 downstream tasks scheduled from follow-on schedule check
[2025-11-13T01:39:38.033+0000] {local_task_job_runner.py:222} INFO - ::endgroup::
