[2025-10-29T17:13:18.454+0000] {local_task_job_runner.py:120} INFO - ::group::Pre task execution logs
[2025-10-29T17:13:18.462+0000] {taskinstance.py:2076} INFO - Dependencies all met for dep_context=non-requeueable deps ti=<TaskInstance: urlhaus_ingest.urlhaus_fetch_normalize_bronze scheduled__2025-09-08T00:00:00+00:00 [queued]>
[2025-10-29T17:13:18.464+0000] {taskinstance.py:2076} INFO - Dependencies all met for dep_context=requeueable deps ti=<TaskInstance: urlhaus_ingest.urlhaus_fetch_normalize_bronze scheduled__2025-09-08T00:00:00+00:00 [queued]>
[2025-10-29T17:13:18.464+0000] {taskinstance.py:2306} INFO - Starting attempt 1 of 2
[2025-10-29T17:13:18.468+0000] {taskinstance.py:2330} INFO - Executing <Task(PythonOperator): urlhaus_fetch_normalize_bronze> on 2025-09-08 00:00:00+00:00
[2025-10-29T17:13:18.470+0000] {warnings.py:112} WARNING - /home/airflow/.local/lib/python3.12/site-packages/airflow/task/task_runner/standard_task_runner.py:62: DeprecationWarning: This process (pid=743) is multi-threaded, use of fork() may lead to deadlocks in the child.
  pid = os.fork()

[2025-10-29T17:13:18.470+0000] {standard_task_runner.py:64} INFO - Started process 764 to run task
[2025-10-29T17:13:18.471+0000] {standard_task_runner.py:90} INFO - Running: ['airflow', 'tasks', 'run', 'urlhaus_ingest', 'urlhaus_fetch_normalize_bronze', 'scheduled__2025-09-08T00:00:00+00:00', '--job-id', '25', '--raw', '--subdir', 'DAGS_FOLDER/urlhaus_ingest.py', '--cfg-path', '/tmp/tmpqb3hyb3p']
[2025-10-29T17:13:18.471+0000] {standard_task_runner.py:91} INFO - Job 25: Subtask urlhaus_fetch_normalize_bronze
[2025-10-29T17:13:18.483+0000] {task_command.py:426} INFO - Running <TaskInstance: urlhaus_ingest.urlhaus_fetch_normalize_bronze scheduled__2025-09-08T00:00:00+00:00 [running]> on host 109bbc934e0f
[2025-10-29T17:13:18.504+0000] {taskinstance.py:2648} INFO - Exporting env vars: AIRFLOW_CTX_DAG_OWNER='you' AIRFLOW_CTX_DAG_ID='urlhaus_ingest' AIRFLOW_CTX_TASK_ID='urlhaus_fetch_normalize_bronze' AIRFLOW_CTX_EXECUTION_DATE='2025-09-08T00:00:00+00:00' AIRFLOW_CTX_TRY_NUMBER='1' AIRFLOW_CTX_DAG_RUN_ID='scheduled__2025-09-08T00:00:00+00:00'
[2025-10-29T17:13:18.504+0000] {taskinstance.py:430} INFO - ::endgroup::
[2025-10-29T17:13:18.658+0000] {logging_mixin.py:188} INFO - [urlhaus_ingest] rows after normalize: 21315
[2025-10-29T17:13:18.669+0000] {logging_mixin.py:188} INFO - [urlhaus] rows after normalize: 21315
[2025-10-29T17:13:18.691+0000] {python.py:237} INFO - Done. Returned value was: None
[2025-10-29T17:13:18.691+0000] {taskinstance.py:441} INFO - ::group::Post task execution logs
[2025-10-29T17:13:18.693+0000] {taskinstance.py:1206} INFO - Marking task as SUCCESS. dag_id=urlhaus_ingest, task_id=urlhaus_fetch_normalize_bronze, run_id=scheduled__2025-09-08T00:00:00+00:00, execution_date=20250908T000000, start_date=20251029T171318, end_date=20251029T171318
[2025-10-29T17:13:18.709+0000] {local_task_job_runner.py:243} INFO - Task exited with return code 0
[2025-10-29T17:13:18.712+0000] {taskinstance.py:3503} INFO - 0 downstream tasks scheduled from follow-on schedule check
[2025-10-29T17:13:18.713+0000] {local_task_job_runner.py:222} INFO - ::endgroup::
[2025-10-29T18:08:02.717+0000] {local_task_job_runner.py:120} INFO - ::group::Pre task execution logs
[2025-10-29T18:08:02.724+0000] {taskinstance.py:2076} INFO - Dependencies all met for dep_context=non-requeueable deps ti=<TaskInstance: urlhaus_ingest.urlhaus_fetch_normalize_bronze scheduled__2025-09-08T00:00:00+00:00 [queued]>
[2025-10-29T18:08:02.726+0000] {taskinstance.py:2076} INFO - Dependencies all met for dep_context=requeueable deps ti=<TaskInstance: urlhaus_ingest.urlhaus_fetch_normalize_bronze scheduled__2025-09-08T00:00:00+00:00 [queued]>
[2025-10-29T18:08:02.726+0000] {taskinstance.py:2306} INFO - Starting attempt 1 of 2
[2025-10-29T18:08:02.730+0000] {taskinstance.py:2330} INFO - Executing <Task(PythonOperator): urlhaus_fetch_normalize_bronze> on 2025-09-08 00:00:00+00:00
[2025-10-29T18:08:02.733+0000] {warnings.py:112} WARNING - /home/airflow/.local/lib/python3.12/site-packages/airflow/task/task_runner/standard_task_runner.py:62: DeprecationWarning: This process (pid=1062) is multi-threaded, use of fork() may lead to deadlocks in the child.
  pid = os.fork()

[2025-10-29T18:08:02.733+0000] {standard_task_runner.py:64} INFO - Started process 1083 to run task
[2025-10-29T18:08:02.734+0000] {standard_task_runner.py:90} INFO - Running: ['airflow', 'tasks', 'run', 'urlhaus_ingest', 'urlhaus_fetch_normalize_bronze', 'scheduled__2025-09-08T00:00:00+00:00', '--job-id', '36', '--raw', '--subdir', 'DAGS_FOLDER/urlhaus_ingest.py', '--cfg-path', '/tmp/tmptp55t0yo']
[2025-10-29T18:08:02.734+0000] {standard_task_runner.py:91} INFO - Job 36: Subtask urlhaus_fetch_normalize_bronze
[2025-10-29T18:08:02.747+0000] {task_command.py:426} INFO - Running <TaskInstance: urlhaus_ingest.urlhaus_fetch_normalize_bronze scheduled__2025-09-08T00:00:00+00:00 [running]> on host 9a4b1d75930e
[2025-10-29T18:08:02.769+0000] {taskinstance.py:2648} INFO - Exporting env vars: AIRFLOW_CTX_DAG_OWNER='you' AIRFLOW_CTX_DAG_ID='urlhaus_ingest' AIRFLOW_CTX_TASK_ID='urlhaus_fetch_normalize_bronze' AIRFLOW_CTX_EXECUTION_DATE='2025-09-08T00:00:00+00:00' AIRFLOW_CTX_TRY_NUMBER='1' AIRFLOW_CTX_DAG_RUN_ID='scheduled__2025-09-08T00:00:00+00:00'
[2025-10-29T18:08:02.769+0000] {taskinstance.py:430} INFO - ::endgroup::
[2025-10-29T18:08:02.923+0000] {logging_mixin.py:188} INFO - [urlhaus_ingest] rows after normalize: 21302
[2025-10-29T18:08:02.934+0000] {logging_mixin.py:188} INFO - [urlhaus] rows after normalize: 21302
[2025-10-29T18:08:02.957+0000] {python.py:237} INFO - Done. Returned value was: None
[2025-10-29T18:08:02.957+0000] {taskinstance.py:441} INFO - ::group::Post task execution logs
[2025-10-29T18:08:02.959+0000] {taskinstance.py:1206} INFO - Marking task as SUCCESS. dag_id=urlhaus_ingest, task_id=urlhaus_fetch_normalize_bronze, run_id=scheduled__2025-09-08T00:00:00+00:00, execution_date=20250908T000000, start_date=20251029T180802, end_date=20251029T180802
[2025-10-29T18:08:02.999+0000] {local_task_job_runner.py:243} INFO - Task exited with return code 0
[2025-10-29T18:08:03.004+0000] {taskinstance.py:3503} INFO - 0 downstream tasks scheduled from follow-on schedule check
[2025-10-29T18:08:03.004+0000] {local_task_job_runner.py:222} INFO - ::endgroup::
