[2025-10-01T00:04:14.292+0000] {local_task_job_runner.py:120} INFO - ::group::Pre task execution logs
[2025-10-01T00:04:14.301+0000] {taskinstance.py:2076} INFO - Dependencies all met for dep_context=non-requeueable deps ti=<TaskInstance: openphish_ingest.openphish_fetch_normalize_bronze scheduled__2025-09-30T00:00:00+00:00 [queued]>
[2025-10-01T00:04:14.303+0000] {taskinstance.py:2076} INFO - Dependencies all met for dep_context=requeueable deps ti=<TaskInstance: openphish_ingest.openphish_fetch_normalize_bronze scheduled__2025-09-30T00:00:00+00:00 [queued]>
[2025-10-01T00:04:14.303+0000] {taskinstance.py:2306} INFO - Starting attempt 1 of 2
[2025-10-01T00:04:14.308+0000] {taskinstance.py:2330} INFO - Executing <Task(PythonOperator): openphish_fetch_normalize_bronze> on 2025-09-30 00:00:00+00:00
[2025-10-01T00:04:14.313+0000] {warnings.py:112} WARNING - /home/airflow/.local/lib/python3.12/site-packages/airflow/task/task_runner/standard_task_runner.py:62: DeprecationWarning: This process (pid=92257) is multi-threaded, use of fork() may lead to deadlocks in the child.
  pid = os.fork()

[2025-10-01T00:04:14.313+0000] {standard_task_runner.py:64} INFO - Started process 92278 to run task
[2025-10-01T00:04:14.314+0000] {standard_task_runner.py:90} INFO - Running: ['airflow', 'tasks', 'run', 'openphish_ingest', 'openphish_fetch_normalize_bronze', 'scheduled__2025-09-30T00:00:00+00:00', '--job-id', '68', '--raw', '--subdir', 'DAGS_FOLDER/openphish_ingest.py', '--cfg-path', '/tmp/tmpupv388bb']
[2025-10-01T00:04:14.314+0000] {standard_task_runner.py:91} INFO - Job 68: Subtask openphish_fetch_normalize_bronze
[2025-10-01T00:04:14.331+0000] {task_command.py:426} INFO - Running <TaskInstance: openphish_ingest.openphish_fetch_normalize_bronze scheduled__2025-09-30T00:00:00+00:00 [running]> on host 539ffd8f219e
[2025-10-01T00:04:14.357+0000] {taskinstance.py:2648} INFO - Exporting env vars: AIRFLOW_CTX_DAG_OWNER='you' AIRFLOW_CTX_DAG_ID='openphish_ingest' AIRFLOW_CTX_TASK_ID='openphish_fetch_normalize_bronze' AIRFLOW_CTX_EXECUTION_DATE='2025-09-30T00:00:00+00:00' AIRFLOW_CTX_TRY_NUMBER='1' AIRFLOW_CTX_DAG_RUN_ID='scheduled__2025-09-30T00:00:00+00:00'
[2025-10-01T00:04:14.357+0000] {taskinstance.py:430} INFO - ::endgroup::
[2025-10-01T00:04:15.352+0000] {logging_mixin.py:188} INFO - [openphish_ingest] rows after normalize: 300
[2025-10-01T00:04:15.355+0000] {logging_mixin.py:188} INFO - [openphish] rows after normalize: 300
[2025-10-01T00:04:15.367+0000] {python.py:237} INFO - Done. Returned value was: None
[2025-10-01T00:04:15.368+0000] {taskinstance.py:441} INFO - ::group::Post task execution logs
[2025-10-01T00:04:15.369+0000] {taskinstance.py:1206} INFO - Marking task as SUCCESS. dag_id=openphish_ingest, task_id=openphish_fetch_normalize_bronze, run_id=scheduled__2025-09-30T00:00:00+00:00, execution_date=20250930T000000, start_date=20251001T000414, end_date=20251001T000415
[2025-10-01T00:04:15.406+0000] {local_task_job_runner.py:243} INFO - Task exited with return code 0
[2025-10-01T00:04:15.411+0000] {taskinstance.py:3503} INFO - 0 downstream tasks scheduled from follow-on schedule check
[2025-10-01T00:04:15.412+0000] {local_task_job_runner.py:222} INFO - ::endgroup::
[2025-10-29T17:15:20.763+0000] {local_task_job_runner.py:120} INFO - ::group::Pre task execution logs
[2025-10-29T17:15:20.771+0000] {taskinstance.py:2076} INFO - Dependencies all met for dep_context=non-requeueable deps ti=<TaskInstance: openphish_ingest.openphish_fetch_normalize_bronze scheduled__2025-09-30T00:00:00+00:00 [queued]>
[2025-10-29T17:15:20.773+0000] {taskinstance.py:2076} INFO - Dependencies all met for dep_context=requeueable deps ti=<TaskInstance: openphish_ingest.openphish_fetch_normalize_bronze scheduled__2025-09-30T00:00:00+00:00 [queued]>
[2025-10-29T17:15:20.773+0000] {taskinstance.py:2306} INFO - Starting attempt 1 of 2
[2025-10-29T17:15:20.777+0000] {taskinstance.py:2330} INFO - Executing <Task(PythonOperator): openphish_fetch_normalize_bronze> on 2025-09-30 00:00:00+00:00
[2025-10-29T17:15:20.780+0000] {warnings.py:112} WARNING - /home/airflow/.local/lib/python3.12/site-packages/airflow/task/task_runner/standard_task_runner.py:62: DeprecationWarning: This process (pid=1650) is multi-threaded, use of fork() may lead to deadlocks in the child.
  pid = os.fork()

[2025-10-29T17:15:20.780+0000] {standard_task_runner.py:64} INFO - Started process 1671 to run task
[2025-10-29T17:15:20.781+0000] {standard_task_runner.py:90} INFO - Running: ['airflow', 'tasks', 'run', 'openphish_ingest', 'openphish_fetch_normalize_bronze', 'scheduled__2025-09-30T00:00:00+00:00', '--job-id', '58', '--raw', '--subdir', 'DAGS_FOLDER/openphish_ingest.py', '--cfg-path', '/tmp/tmpb00hu73m']
[2025-10-29T17:15:20.781+0000] {standard_task_runner.py:91} INFO - Job 58: Subtask openphish_fetch_normalize_bronze
[2025-10-29T17:15:20.792+0000] {task_command.py:426} INFO - Running <TaskInstance: openphish_ingest.openphish_fetch_normalize_bronze scheduled__2025-09-30T00:00:00+00:00 [running]> on host 109bbc934e0f
[2025-10-29T17:15:20.814+0000] {taskinstance.py:2648} INFO - Exporting env vars: AIRFLOW_CTX_DAG_OWNER='you' AIRFLOW_CTX_DAG_ID='openphish_ingest' AIRFLOW_CTX_TASK_ID='openphish_fetch_normalize_bronze' AIRFLOW_CTX_EXECUTION_DATE='2025-09-30T00:00:00+00:00' AIRFLOW_CTX_TRY_NUMBER='1' AIRFLOW_CTX_DAG_RUN_ID='scheduled__2025-09-30T00:00:00+00:00'
[2025-10-29T17:15:20.814+0000] {taskinstance.py:430} INFO - ::endgroup::
[2025-10-29T17:15:21.481+0000] {logging_mixin.py:188} INFO - [openphish_ingest] rows after normalize: 300
[2025-10-29T17:15:21.485+0000] {logging_mixin.py:188} INFO - [openphish] rows after normalize: 300
[2025-10-29T17:15:21.495+0000] {python.py:237} INFO - Done. Returned value was: None
[2025-10-29T17:15:21.495+0000] {taskinstance.py:441} INFO - ::group::Post task execution logs
[2025-10-29T17:15:21.497+0000] {taskinstance.py:1206} INFO - Marking task as SUCCESS. dag_id=openphish_ingest, task_id=openphish_fetch_normalize_bronze, run_id=scheduled__2025-09-30T00:00:00+00:00, execution_date=20250930T000000, start_date=20251029T171520, end_date=20251029T171521
[2025-10-29T17:15:21.528+0000] {local_task_job_runner.py:243} INFO - Task exited with return code 0
[2025-10-29T17:15:21.533+0000] {taskinstance.py:3503} INFO - 0 downstream tasks scheduled from follow-on schedule check
[2025-10-29T17:15:21.533+0000] {local_task_job_runner.py:222} INFO - ::endgroup::
[2025-10-29T18:12:21.709+0000] {local_task_job_runner.py:120} INFO - ::group::Pre task execution logs
[2025-10-29T18:12:21.718+0000] {taskinstance.py:2076} INFO - Dependencies all met for dep_context=non-requeueable deps ti=<TaskInstance: openphish_ingest.openphish_fetch_normalize_bronze scheduled__2025-09-30T00:00:00+00:00 [queued]>
[2025-10-29T18:12:21.720+0000] {taskinstance.py:2076} INFO - Dependencies all met for dep_context=requeueable deps ti=<TaskInstance: openphish_ingest.openphish_fetch_normalize_bronze scheduled__2025-09-30T00:00:00+00:00 [queued]>
[2025-10-29T18:12:21.720+0000] {taskinstance.py:2306} INFO - Starting attempt 1 of 2
[2025-10-29T18:12:21.724+0000] {taskinstance.py:2330} INFO - Executing <Task(PythonOperator): openphish_fetch_normalize_bronze> on 2025-09-30 00:00:00+00:00
[2025-10-29T18:12:21.727+0000] {warnings.py:112} WARNING - /home/airflow/.local/lib/python3.12/site-packages/airflow/task/task_runner/standard_task_runner.py:62: DeprecationWarning: This process (pid=3728) is multi-threaded, use of fork() may lead to deadlocks in the child.
  pid = os.fork()

[2025-10-29T18:12:21.728+0000] {standard_task_runner.py:64} INFO - Started process 3749 to run task
[2025-10-29T18:12:21.728+0000] {standard_task_runner.py:90} INFO - Running: ['airflow', 'tasks', 'run', 'openphish_ingest', 'openphish_fetch_normalize_bronze', 'scheduled__2025-09-30T00:00:00+00:00', '--job-id', '144', '--raw', '--subdir', 'DAGS_FOLDER/openphish_ingest.py', '--cfg-path', '/tmp/tmpyqcvjwre']
[2025-10-29T18:12:21.728+0000] {standard_task_runner.py:91} INFO - Job 144: Subtask openphish_fetch_normalize_bronze
[2025-10-29T18:12:21.743+0000] {task_command.py:426} INFO - Running <TaskInstance: openphish_ingest.openphish_fetch_normalize_bronze scheduled__2025-09-30T00:00:00+00:00 [running]> on host 9a4b1d75930e
[2025-10-29T18:12:21.767+0000] {taskinstance.py:2648} INFO - Exporting env vars: AIRFLOW_CTX_DAG_OWNER='you' AIRFLOW_CTX_DAG_ID='openphish_ingest' AIRFLOW_CTX_TASK_ID='openphish_fetch_normalize_bronze' AIRFLOW_CTX_EXECUTION_DATE='2025-09-30T00:00:00+00:00' AIRFLOW_CTX_TRY_NUMBER='1' AIRFLOW_CTX_DAG_RUN_ID='scheduled__2025-09-30T00:00:00+00:00'
[2025-10-29T18:12:21.767+0000] {taskinstance.py:430} INFO - ::endgroup::
[2025-10-29T18:12:22.427+0000] {logging_mixin.py:188} INFO - [openphish_ingest] rows after normalize: 300
[2025-10-29T18:12:22.431+0000] {logging_mixin.py:188} INFO - [openphish] rows after normalize: 300
[2025-10-29T18:12:22.442+0000] {python.py:237} INFO - Done. Returned value was: None
[2025-10-29T18:12:22.442+0000] {taskinstance.py:441} INFO - ::group::Post task execution logs
[2025-10-29T18:12:22.444+0000] {taskinstance.py:1206} INFO - Marking task as SUCCESS. dag_id=openphish_ingest, task_id=openphish_fetch_normalize_bronze, run_id=scheduled__2025-09-30T00:00:00+00:00, execution_date=20250930T000000, start_date=20251029T181221, end_date=20251029T181222
[2025-10-29T18:12:22.484+0000] {local_task_job_runner.py:243} INFO - Task exited with return code 0
[2025-10-29T18:12:22.488+0000] {taskinstance.py:3503} INFO - 0 downstream tasks scheduled from follow-on schedule check
[2025-10-29T18:12:22.488+0000] {local_task_job_runner.py:222} INFO - ::endgroup::
